 << U.S. Geological Survey Borehole Temperature Log - Alaska >>
  
 Site:             ATI 
 Log Date:         84AUG08a
 Type of Log:      continuous  
 Type of Sensor:   thermistor network (custom)
 Measuring Device: digital multimeter
 Deconvolved:      no 
  
  Z   = measured depth (m)
  TVD = true vertical depth (m)
  T   = temperature (C)
  
        Z      TVD       T
      4.88   999.99   -1.746
      5.18   999.99   -1.835
      5.49   999.99   -1.952
      5.79   999.99   -2.212
      6.10   999.99   -2.478
      6.40   999.99   -2.597
      6.71   999.99   -2.772
      7.01   999.99   -2.953
      7.32   999.99   -3.064
      7.62   999.99   -3.194
      7.92   999.99   -3.309
      8.23   999.99   -3.452
      8.53   999.99   -3.585
      8.84   999.99   -3.728
      9.14   999.99   -3.909
      9.45   999.99   -4.070
      9.75   999.99   -4.199
     10.06   999.99   -4.348
     10.36   999.99   -5.434
     10.67   999.99   -6.290
     10.97   999.99   -7.311
     11.28   999.99   -8.161
     11.58   999.99   -8.628
     11.89   999.99   -9.191
     12.19   999.99   -9.599
     12.50   999.99   -9.747
     12.80   999.99   -9.897
     13.11   999.99  -10.007
     13.41   999.99  -10.049
     13.72   999.99  -10.078
     14.02   999.99  -10.093
     14.33   999.99  -10.098
     14.63   999.99  -10.095
     14.94   999.99  -10.085
     15.24   999.99  -10.075
     15.54   999.99  -10.063
     15.85   999.99  -10.052
     16.15   999.99  -10.042
     16.46   999.99  -10.022
     16.76   999.99  -10.004
     17.07   999.99   -9.986
     17.37   999.99   -9.976
     17.68   999.99   -9.964
     17.98   999.99   -9.953
     18.29   999.99   -9.944
     18.59   999.99   -9.933
     18.90   999.99   -9.922
     19.20   999.99   -9.909
     19.51   999.99   -9.901
     19.81   999.99   -9.888
     20.12   999.99   -9.868
     20.42   999.99   -9.857
     20.73   999.99   -9.847
     21.03   999.99   -9.834
     21.34   999.99   -9.828
     21.64   999.99   -9.818
     21.95   999.99   -9.804
     22.25   999.99   -9.797
     22.56   999.99   -9.784
     22.86   999.99   -9.772
     23.16   999.99   -9.766
     23.47   999.99   -9.753
     23.77   999.99   -9.745
     24.08   999.99   -9.738
     24.38   999.99   -9.726
     24.69   999.99   -9.719
     24.99   999.99   -9.714
     25.30   999.99   -9.702
     25.60   999.99   -9.693
     25.91   999.99   -9.688
     26.21   999.99   -9.682
     26.52   999.99   -9.678
     26.82   999.99   -9.673
     27.13   999.99   -9.667
     27.43   999.99   -9.664
     27.74   999.99   -9.657
     28.04   999.99   -9.650
     28.35   999.99   -9.646
     28.65   999.99   -9.640
     28.96   999.99   -9.633
     29.26   999.99   -9.631
     29.57   999.99   -9.625
     29.87   999.99   -9.621
     30.18   999.99   -9.616
     30.48   999.99   -9.610
     30.78   999.99   -9.587
     31.09   999.99   -9.587
     31.39   999.99   -9.586
     31.70   999.99   -9.585
     32.00   999.99   -9.582
     32.31   999.99   -9.579
     32.61   999.99   -9.578
     32.92   999.99   -9.575
     33.22   999.99   -9.573
     33.53   999.99   -9.570
     33.83   999.99   -9.567
     34.14   999.99   -9.565
     34.44   999.99   -9.562
     34.75   999.99   -9.556
     35.05   999.99   -9.553
     35.36   999.99   -9.550
     35.66   999.99   -9.548
     35.97   999.99   -9.547
     36.27   999.99   -9.544
     36.58   999.99   -9.540
     36.88   999.99   -9.538
     37.19   999.99   -9.535
     37.49   999.99   -9.530
     37.80   999.99   -9.529
     38.10   999.99   -9.525
     38.40   999.99   -9.521
     38.71   999.99   -9.520
     39.01   999.99   -9.518
     39.32   999.99   -9.517
     39.62   999.99   -9.515
     39.93   999.99   -9.512
     40.23   999.99   -9.509
     40.54   999.99   -9.506
     40.84   999.99   -9.504
     41.15   999.99   -9.501
     41.45   999.99   -9.497
     41.76   999.99   -9.494
     42.06   999.99   -9.492
     42.37   999.99   -9.489
     42.67   999.99   -9.488
     42.98   999.99   -9.486
     43.28   999.99   -9.482
     43.59   999.99   -9.479
     43.89   999.99   -9.476
     44.20   999.99   -9.472
     44.50   999.99   -9.470
     44.81   999.99   -9.468
     45.11   999.99   -9.466
     45.42   999.99   -9.464
     45.72   999.99   -9.462
     46.02   999.99   -9.460
     46.33   999.99   -9.457
     46.63   999.99   -9.452
     46.94   999.99   -9.451
     47.24   999.99   -9.447
     47.55   999.99   -9.444
     47.85   999.99   -9.442
     48.16   999.99   -9.439
     48.46   999.99   -9.435
     48.77   999.99   -9.432
     49.07   999.99   -9.428
     49.38   999.99   -9.424
     49.68   999.99   -9.421
     49.99   999.99   -9.418
     50.29   999.99   -9.415
     50.60   999.99   -9.412
     50.90   999.99   -9.408
     51.21   999.99   -9.402
     51.51   999.99   -9.399
     51.82   999.99   -9.394
     52.12   999.99   -9.392
     52.43   999.99   -9.390
     52.73   999.99   -9.386
     53.04   999.99   -9.383
     53.34   999.99   -9.379
     53.64   999.99   -9.374
     53.95   999.99   -9.371
     54.25   999.99   -9.365
     54.56   999.99   -9.360
     54.86   999.99   -9.358
     55.17   999.99   -9.354
     55.47   999.99   -9.351
     55.78   999.99   -9.347
     56.08   999.99   -9.341
     56.39   999.99   -9.334
     56.69   999.99   -9.331
     57.00   999.99   -9.324
     57.30   999.99   -9.320
     57.61   999.99   -9.316
     57.91   999.99   -9.311
     58.22   999.99   -9.308
     58.52   999.99   -9.304
     58.83   999.99   -9.297
     59.13   999.99   -9.294
     59.44   999.99   -9.290
     59.74   999.99   -9.286
     60.05   999.99   -9.284
     60.35   999.99   -9.279
     60.66   999.99   -9.273
     60.96   999.99   -9.270
     61.26   999.99   -9.265
     61.57   999.99   -9.259
     61.87   999.99   -9.256
     62.18   999.99   -9.250
     62.48   999.99   -9.244
     62.79   999.99   -9.239
     63.09   999.99   -9.232
     63.40   999.99   -9.226
     63.70   999.99   -9.221
     64.01   999.99   -9.215
     64.31   999.99   -9.211
     64.62   999.99   -9.207
     64.92   999.99   -9.201
     65.23   999.99   -9.197
     65.53   999.99   -9.193
     65.84   999.99   -9.186
     66.14   999.99   -9.183
     66.45   999.99   -9.177
     66.75   999.99   -9.173
     67.06   999.99   -9.169
     67.36   999.99   -9.160
     67.67   999.99   -9.155
     67.97   999.99   -9.150
     68.28   999.99   -9.142
     68.58   999.99   -9.136
     68.88   999.99   -9.128
     69.19   999.99   -9.118
     69.49   999.99   -9.113
     69.80   999.99   -9.106
     70.10   999.99   -9.100
     70.41   999.99   -9.097
     70.71   999.99   -9.090
     71.02   999.99   -9.078
     71.32   999.99   -9.071
     71.63   999.99   -9.064
     71.93   999.99   -9.056
     72.24   999.99   -9.049
     72.54   999.99   -9.041
     72.85   999.99   -9.037
     73.15   999.99   -9.031
     73.46   999.99   -9.019
     73.76   999.99   -9.014
     74.07   999.99   -9.007
     74.37   999.99   -9.001
     74.68   999.99   -8.997
     74.98   999.99   -8.991
     75.29   999.99   -8.988
     75.59   999.99   -8.984
     75.90   999.99   -8.977
     76.20   999.99   -8.973
     76.50   999.99   -8.968
     76.81   999.99   -8.960
     77.11   999.99   -8.957
     77.42   999.99   -8.951
     77.72   999.99   -8.945
     78.03   999.99   -8.942
     78.33   999.99   -8.935
     78.64   999.99   -8.932
     78.94   999.99   -8.927
     79.25   999.99   -8.915
     79.55   999.99   -8.910
     79.86   999.99   -8.902
     80.16   999.99   -8.897
     80.47   999.99   -8.891
     80.77   999.99   -8.884
     81.08   999.99   -8.879
     81.38   999.99   -8.873
     81.69   999.99   -8.862
     81.99   999.99   -8.858
     82.30   999.99   -8.852
     82.60   999.99   -8.843
     82.91   999.99   -8.837
     83.21   999.99   -8.833
     83.52   999.99   -8.827
     83.82   999.99   -8.819
     84.12   999.99   -8.812
     84.43   999.99   -8.807
     84.73   999.99   -8.801
     85.04   999.99   -8.793
     85.34   999.99   -8.790
     85.65   999.99   -8.785
     85.95   999.99   -8.779
     86.26   999.99   -8.774
     86.56   999.99   -8.767
     86.87   999.99   -8.760
     87.17   999.99   -8.753
     87.48   999.99   -8.745
     87.78   999.99   -8.740
     88.09   999.99   -8.737
     88.39   999.99   -8.730
     88.70   999.99   -8.727
     89.00   999.99   -8.722
     89.31   999.99   -8.718
     89.61   999.99   -8.713
     89.92   999.99   -8.704
     90.22   999.99   -8.699
     90.53   999.99   -8.694
     90.83   999.99   -8.688
     91.14   999.99   -8.681
     91.44   999.99   -8.674
     91.74   999.99   -8.643
     92.05   999.99   -8.641
     92.35   999.99   -8.638
     92.66   999.99   -8.633
     92.96   999.99   -8.630
     93.27   999.99   -8.626
     93.57   999.99   -8.623
     93.88   999.99   -8.618
     94.18   999.99   -8.611
     94.49   999.99   -8.605
     94.79   999.99   -8.601
     95.10   999.99   -8.590
     95.40   999.99   -8.585
     95.71   999.99   -8.579
     96.01   999.99   -8.569
     96.32   999.99   -8.565
     96.62   999.99   -8.560
     96.93   999.99   -8.553
     97.23   999.99   -8.550
     97.54   999.99   -8.545
     97.84   999.99   -8.539
     98.15   999.99   -8.535
     98.45   999.99   -8.530
     98.76   999.99   -8.525
     99.06   999.99   -8.521
     99.36   999.99   -8.516
     99.67   999.99   -8.510
     99.97   999.99   -8.503
    100.28   999.99   -8.496
    100.58   999.99   -8.490
    100.89   999.99   -8.482
    101.19   999.99   -8.474
    101.50   999.99   -8.470
    101.80   999.99   -8.463
    102.11   999.99   -8.454
    102.41   999.99   -8.448
    102.72   999.99   -8.441
    103.02   999.99   -8.438
    103.33   999.99   -8.434
    103.63   999.99   -8.428
    103.94   999.99   -8.424
    104.24   999.99   -8.418
    104.55   999.99   -8.412
    104.85   999.99   -8.405
    105.16   999.99   -8.394
    105.46   999.99   -8.388
    105.77   999.99   -8.381
    106.07   999.99   -8.372
    106.38   999.99   -8.367
    106.68   999.99   -8.361
    106.99   999.99   -8.355
    107.29   999.99   -8.352
    107.59   999.99   -8.348
    107.90   999.99   -8.340
    108.20   999.99   -8.335
    108.51   999.99   -8.325
    108.81   999.99   -8.318
    109.12   999.99   -8.313
    109.42   999.99   -8.306
    109.73   999.99   -8.301
    110.03   999.99   -8.298
    110.34   999.99   -8.287
    110.64   999.99   -8.282
    110.95   999.99   -8.276
    111.25   999.99   -8.270
    111.56   999.99   -8.266
    111.86   999.99   -8.261
    112.17   999.99   -8.255
    112.47   999.99   -8.249
    112.78   999.99   -8.242
    113.08   999.99   -8.238
    113.39   999.99   -8.233
    113.69   999.99   -8.223
    114.00   999.99   -8.216
    114.30   999.99   -8.206
    114.61   999.99   -8.200
    114.91   999.99   -8.194
    115.21   999.99   -8.184
    115.52   999.99   -8.179
    115.82   999.99   -8.172
    116.13   999.99   -8.166
    116.43   999.99   -8.164
    116.74   999.99   -8.156
    117.04   999.99   -8.149
    117.35   999.99   -8.145
    117.65   999.99   -8.140
    117.96   999.99   -8.136
    118.26   999.99   -8.132
    118.57   999.99   -8.124
    118.87   999.99   -8.119
    119.18   999.99   -8.110
    119.48   999.99   -8.104
    119.79   999.99   -8.098
    120.09   999.99   -8.089
    120.40   999.99   -8.083
    120.70   999.99   -8.079
    121.01   999.99   -8.073
    121.31   999.99   -8.069
    121.62   999.99   -8.061
    121.92   999.99   -8.055
    122.22   999.99   -8.050
    122.53   999.99   -8.041
    122.83   999.99   -8.038
    123.14   999.99   -8.033
    123.44   999.99   -8.029
    123.75   999.99   -8.022
    124.05   999.99   -8.013
    124.36   999.99   -8.007
    124.66   999.99   -8.000
    124.97   999.99   -7.986
    125.27   999.99   -7.980
    125.58   999.99   -7.973
    125.88   999.99   -7.964
    126.19   999.99   -7.958
    126.49   999.99   -7.951
    126.80   999.99   -7.947
    127.10   999.99   -7.942
    127.41   999.99   -7.935
    127.71   999.99   -7.930
    128.02   999.99   -7.923
    128.32   999.99   -7.914
    128.63   999.99   -7.908
    128.93   999.99   -7.900
    129.24   999.99   -7.893
    129.54   999.99   -7.888
    129.85   999.99   -7.881
    130.15   999.99   -7.875
    130.45   999.99   -7.868
    130.76   999.99   -7.861
    131.06   999.99   -7.857
    131.37   999.99   -7.851
    131.67   999.99   -7.846
    131.98   999.99   -7.841
    132.28   999.99   -7.834
    132.59   999.99   -7.828
    132.89   999.99   -7.825
    133.20   999.99   -7.815
    133.50   999.99   -7.808
    133.81   999.99   -7.802
    134.11   999.99   -7.795
    134.42   999.99   -7.788
    134.72   999.99   -7.781
    135.03   999.99   -7.774
    135.33   999.99   -7.769
    135.64   999.99   -7.765
    135.94   999.99   -7.760
    136.25   999.99   -7.753
    136.55   999.99   -7.742
    136.86   999.99   -7.736
    137.16   999.99   -7.729
    137.47   999.99   -7.720
    137.77   999.99   -7.714
    138.07   999.99   -7.707
    138.38   999.99   -7.700
    138.68   999.99   -7.693
    138.99   999.99   -7.687
    139.29   999.99   -7.684
    139.60   999.99   -7.678
    139.90   999.99   -7.670
    140.21   999.99   -7.664
    140.51   999.99   -7.658
    140.82   999.99   -7.654
    141.12   999.99   -7.649
    141.43   999.99   -7.644
    141.73   999.99   -7.640
    142.04   999.99   -7.636
    142.34   999.99   -7.625
    142.65   999.99   -7.618
    142.95   999.99   -7.610
    143.26   999.99   -7.602
    143.56   999.99   -7.597
    143.87   999.99   -7.591
    144.17   999.99   -7.588
    144.48   999.99   -7.583
    144.78   999.99   -7.578
    145.09   999.99   -7.573
    145.39   999.99   -7.567
    145.69   999.99   -7.560
    146.00   999.99   -7.554
    146.30   999.99   -7.548
    146.61   999.99   -7.542
    146.91   999.99   -7.537
    147.22   999.99   -7.528
    147.52   999.99   -7.522
    147.83   999.99   -7.516
    148.13   999.99   -7.511
    148.44   999.99   -7.508
    148.74   999.99   -7.501
    149.05   999.99   -7.495
    149.35   999.99   -7.488
    149.66   999.99   -7.480
    149.96   999.99   -7.474
    150.27   999.99   -7.467
    150.57   999.99   -7.461
    150.88   999.99   -7.455
    151.18   999.99   -7.450
    151.49   999.99   -7.445
    151.79   999.99   -7.439
    152.10   999.99   -7.432
    152.40   999.99   -7.425
    152.71   999.99   -7.397
    153.01   999.99   -7.396
    153.31   999.99   -7.395
    153.62   999.99   -7.389
    153.92   999.99   -7.385
    154.23   999.99   -7.384
    154.53   999.99   -7.381
    154.84   999.99   -7.379
    155.14   999.99   -7.374
    155.45   999.99   -7.366
    155.75   999.99   -7.359
    156.06   999.99   -7.352
    156.36   999.99   -7.347
    156.67   999.99   -7.342
    156.97   999.99   -7.334
    157.28   999.99   -7.328
    157.58   999.99   -7.322
    157.89   999.99   -7.316
    158.19   999.99   -7.310
    158.50   999.99   -7.303
    158.80   999.99   -7.298
    159.11   999.99   -7.291
    159.41   999.99   -7.286
    159.72   999.99   -7.280
    160.02   999.99   -7.276
    160.33   999.99   -7.272
    160.63   999.99   -7.264
    160.93   999.99   -7.257
    161.24   999.99   -7.251
    161.54   999.99   -7.243
    161.85   999.99   -7.237
    162.15   999.99   -7.232
    162.46   999.99   -7.228
    162.76   999.99   -7.223
    163.07   999.99   -7.218
    163.37   999.99   -7.212
    163.68   999.99   -7.206
    163.98   999.99   -7.198
    164.29   999.99   -7.192
    164.59   999.99   -7.186
    164.90   999.99   -7.178
    165.20   999.99   -7.173
    165.51   999.99   -7.166
    165.81   999.99   -7.159
    166.12   999.99   -7.154
    166.42   999.99   -7.145
    166.73   999.99   -7.140
    167.03   999.99   -7.135
    167.34   999.99   -7.127
    167.64   999.99   -7.122
    167.95   999.99   -7.115
    168.25   999.99   -7.109
    168.55   999.99   -7.104
    168.86   999.99   -7.094
    169.16   999.99   -7.088
    169.47   999.99   -7.082
    169.77   999.99   -7.075
    170.08   999.99   -7.067
    170.38   999.99   -7.062
    170.69   999.99   -7.057
    170.99   999.99   -7.052
    171.30   999.99   -7.043
    171.60   999.99   -7.037
    171.91   999.99   -7.030
    172.21   999.99   -7.022
    172.52   999.99   -7.015
    172.82   999.99   -7.008
    173.13   999.99   -7.001
    173.43   999.99   -6.997
    173.74   999.99   -6.991
    174.04   999.99   -6.986
    174.35   999.99   -6.980
    174.65   999.99   -6.974
    174.96   999.99   -6.968
    175.26   999.99   -6.962
    175.57   999.99   -6.956
    175.87   999.99   -6.950
    176.17   999.99   -6.942
    176.48   999.99   -6.935
    176.78   999.99   -6.930
    177.09   999.99   -6.924
    177.39   999.99   -6.918
    177.70   999.99   -6.910
    178.00   999.99   -6.904
    178.31   999.99   -6.897
    178.61   999.99   -6.891
    178.92   999.99   -6.886
    179.22   999.99   -6.880
    179.53   999.99   -6.874
    179.83   999.99   -6.868
    180.14   999.99   -6.861
    180.44   999.99   -6.856
    180.75   999.99   -6.850
    181.05   999.99   -6.843
    181.36   999.99   -6.838
    181.66   999.99   -6.830
    181.97   999.99   -6.824
    182.27   999.99   -6.818
    182.58   999.99   -6.811
    182.88   999.99   -6.804
    183.19   999.99   -6.796
    183.49   999.99   -6.791
    183.79   999.99   -6.785
    184.10   999.99   -6.777
    184.40   999.99   -6.770
    184.71   999.99   -6.763
    185.01   999.99   -6.753
    185.32   999.99   -6.748
    185.62   999.99   -6.738
    185.93   999.99   -6.732
    186.23   999.99   -6.727
    186.54   999.99   -6.719
    186.84   999.99   -6.714
    187.15   999.99   -6.706
    187.45   999.99   -6.700
    187.76   999.99   -6.696
    188.06   999.99   -6.690
    188.37   999.99   -6.686
    188.67   999.99   -6.680
    188.98   999.99   -6.676
    189.28   999.99   -6.669
    189.59   999.99   -6.662
    189.89   999.99   -6.655
    190.20   999.99   -6.647
    190.50   999.99   -6.639
    190.81   999.99   -6.631
    191.11   999.99   -6.622
    191.41   999.99   -6.617
    191.72   999.99   -6.612
    192.02   999.99   -6.605
    192.33   999.99   -6.598
    192.63   999.99   -6.592
    192.94   999.99   -6.586
    193.24   999.99   -6.581
    193.55   999.99   -6.572
    193.85   999.99   -6.564
    194.16   999.99   -6.559
    194.46   999.99   -6.550
    194.77   999.99   -6.542
    195.07   999.99   -6.533
    195.38   999.99   -6.526
    195.68   999.99   -6.519
    195.99   999.99   -6.511
    196.29   999.99   -6.504
    196.60   999.99   -6.498
    196.90   999.99   -6.492
    197.21   999.99   -6.486
    197.51   999.99   -6.477
    197.82   999.99   -6.469
    198.12   999.99   -6.460
    198.43   999.99   -6.451
    198.73   999.99   -6.444
    199.03   999.99   -6.435
    199.34   999.99   -6.427
    199.64   999.99   -6.422
    199.95   999.99   -6.415
    200.25   999.99   -6.409
    200.56   999.99   -6.403
    200.86   999.99   -6.395
    201.17   999.99   -6.388
    201.47   999.99   -6.380
    201.78   999.99   -6.373
    202.08   999.99   -6.366
    202.39   999.99   -6.359
    202.69   999.99   -6.350
    203.00   999.99   -6.341
    203.30   999.99   -6.336
    203.61   999.99   -6.331
    203.91   999.99   -6.324
    204.22   999.99   -6.320
    204.52   999.99   -6.311
    204.83   999.99   -6.303
    205.13   999.99   -6.298
    205.44   999.99   -6.290
    205.74   999.99   -6.283
    206.05   999.99   -6.275
    206.35   999.99   -6.265
    206.65   999.99   -6.257
    206.96   999.99   -6.251
    207.26   999.99   -6.247
    207.57   999.99   -6.243
    207.87   999.99   -6.238
    208.18   999.99   -6.232
    208.48   999.99   -6.226
    208.79   999.99   -6.221
    209.09   999.99   -6.218
    209.40   999.99   -6.217
    209.70   999.99   -6.204
    210.01   999.99   -6.199
    210.31   999.99   -6.195
    210.62   999.99   -6.188
    210.92   999.99   -6.178
    211.23   999.99   -6.172
    211.53   999.99   -6.161
    211.84   999.99   -6.156
    212.14   999.99   -6.150
    212.45   999.99   -6.140
    212.75   999.99   -6.136
    213.06   999.99   -6.127
    213.36   999.99   -6.121
    213.67   999.99   -6.101
    213.97   999.99   -6.097
    214.27   999.99   -6.092
    214.58   999.99   -6.085
    214.88   999.99   -6.079
    215.19   999.99   -6.074
    215.49   999.99   -6.068
    215.80   999.99   -6.062
    216.10   999.99   -6.056
    216.41   999.99   -6.048
    216.71   999.99   -6.041
    217.02   999.99   -6.033
    217.32   999.99   -6.025
    217.63   999.99   -6.018
    217.93   999.99   -6.011
    218.24   999.99   -6.005
    218.54   999.99   -5.997
    218.85   999.99   -5.991
    219.15   999.99   -5.986
    219.46   999.99   -5.982
    219.76   999.99   -5.978
    220.07   999.99   -5.970
    220.37   999.99   -5.960
    220.68   999.99   -5.954
    220.98   999.99   -5.944
    221.29   999.99   -5.961
    221.59   999.99   -5.927
    221.89   999.99   -5.918
    222.20   999.99   -5.909
    222.50   999.99   -5.902
    222.81   999.99   -5.896
    223.11   999.99   -5.889
    223.42   999.99   -5.883
    223.72   999.99   -5.875
    224.03   999.99   -5.867
    224.33   999.99   -5.859
    224.64   999.99   -5.854
    224.94   999.99   -5.844
    225.25   999.99   -5.833
    225.55   999.99   -5.825
    225.86   999.99   -5.819
    226.16   999.99   -5.813
    226.47   999.99   -5.806
    226.77   999.99   -5.797
    227.08   999.99   -5.784
    227.38   999.99   -5.772
    227.69   999.99   -5.764
    227.99   999.99   -5.758
    228.30   999.99   -5.756
    228.60   999.99   -5.748
    228.91   999.99   -5.742
    229.21   999.99   -5.738
    229.51   999.99   -5.727
    229.82   999.99   -5.715
    230.12   999.99   -5.704
    230.43   999.99   -5.692
    230.73   999.99   -5.681
    231.04   999.99   -5.675
    231.34   999.99   -5.669
    231.65   999.99   -5.660
    231.95   999.99   -5.651
    232.26   999.99   -5.642
    232.56   999.99   -5.629
    232.87   999.99   -5.619
    233.17   999.99   -5.611
    233.48   999.99   -5.597
    233.78   999.99   -5.609
    234.09   999.99   -5.579
    234.39   999.99   -5.572
    234.70   999.99   -5.562
    235.00   999.99   -5.553
    235.31   999.99   -5.543
    235.61   999.99   -5.536
    235.92   999.99   -5.529
    236.22   999.99   -5.520
    236.53   999.99   -5.515
    236.83   999.99   -5.508
    237.13   999.99   -5.499
    237.44   999.99   -5.488
    237.74   999.99   -5.474
    238.05   999.99   -5.465
    238.35   999.99   -5.454
    238.66   999.99   -5.443
    238.96   999.99   -5.437
    239.27   999.99   -5.426
    239.57   999.99   -5.412
    239.88   999.99   -5.399
    240.18   999.99   -5.388
    240.49   999.99   -5.380
    240.79   999.99   -5.369
    241.10   999.99   -5.357
    241.40   999.99   -5.346
    241.71   999.99   -5.337
    242.01   999.99   -5.328
    242.32   999.99   -5.313
    242.62   999.99   -5.302
    242.93   999.99   -5.289
    243.23   999.99   -5.272
    243.54   999.99   -5.261
    243.84   999.99   -5.247
    244.15   999.99   -5.234
    244.45   999.99   -5.216
    244.75   999.99   -5.202
    245.06   999.99   -5.196
    245.36   999.99   -5.184
    245.67   999.99   -5.172
    245.97   999.99   -5.162
    246.28   999.99   -5.151
    246.58   999.99   -5.140
    246.89   999.99   -5.129
    247.19   999.99   -5.121
    247.50   999.99   -5.107
    247.80   999.99   -5.093
    248.11   999.99   -5.086
    248.41   999.99   -5.075
    248.72   999.99   -5.066
    249.02   999.99   -5.055
    249.33   999.99   -5.035
    249.63   999.99   -5.020
    249.94   999.99   -5.010
    250.24   999.99   -4.998
    250.55   999.99   -4.988
    250.85   999.99   -4.976
    251.16   999.99   -4.966
    251.46   999.99   -4.953
    251.77   999.99   -4.940
    252.07   999.99   -4.928
    252.37   999.99   -4.921
    252.68   999.99   -4.911
    252.98   999.99   -4.902
    253.29   999.99   -4.893
    253.59   999.99   -4.885
    253.90   999.99   -4.875
    254.20   999.99   -4.867
    254.51   999.99   -4.858
    254.81   999.99   -4.850
    255.12   999.99   -4.842
    255.42   999.99   -4.830
    255.73   999.99   -4.821
    256.03   999.99   -4.814
    256.34   999.99   -4.807
    256.64   999.99   -4.800
    256.95   999.99   -4.791
    257.25   999.99   -4.783
    257.56   999.99   -4.770
    257.86   999.99   -4.763
    258.17   999.99   -4.754
    258.47   999.99   -4.739
    258.78   999.99   -4.731
    259.08   999.99   -4.722
    259.39   999.99   -4.713
    259.69   999.99   -4.708
    259.99   999.99   -4.699
    260.30   999.99   -4.693
    260.60   999.99   -4.687
    260.91   999.99   -4.680
    261.21   999.99   -4.671
    261.52   999.99   -4.661
    261.82   999.99   -4.653
    262.13   999.99   -4.647
    262.43   999.99   -4.642
    262.74   999.99   -4.634
    263.04   999.99   -4.627
    263.35   999.99   -4.617
    263.65   999.99   -4.610
    263.96   999.99   -4.606
    264.26   999.99   -4.601
    264.57   999.99   -4.591
    264.87   999.99   -4.583
    265.18   999.99   -4.577
    265.48   999.99   -4.573
    265.79   999.99   -4.565
    266.09   999.99   -4.558
    266.40   999.99   -4.550
    266.70   999.99   -4.544
    267.01   999.99   -4.540
    267.31   999.99   -4.535
    267.61   999.99   -4.528
    267.92   999.99   -4.524
    268.22   999.99   -4.511
    268.53   999.99   -4.503
    268.83   999.99   -4.498
    269.14   999.99   -4.492
    269.44   999.99   -4.488
    269.75   999.99   -4.480
    270.05   999.99   -4.475
    270.36   999.99   -4.467
    270.66   999.99   -4.462
    270.97   999.99   -4.457
    271.27   999.99   -4.450
    271.58   999.99   -4.443
    271.88   999.99   -4.436
    272.19   999.99   -4.427
    272.49   999.99   -4.420
    272.80   999.99   -4.414
    273.10   999.99   -4.409
    273.41   999.99   -4.405
    273.71   999.99   -4.400
    274.02   999.99   -4.395
    274.32   999.99   -4.390
    274.63   999.99   -4.380
    274.93   999.99   -4.377
    275.23   999.99   -4.368
    275.54   999.99   -4.361
    275.84   999.99   -4.351
    276.15   999.99   -4.345
    276.45   999.99   -4.339
    276.76   999.99   -4.334
    277.06   999.99   -4.330
    277.37   999.99   -4.324
    277.67   999.99   -4.318
    277.98   999.99   -4.312
    278.28   999.99   -4.307
    278.59   999.99   -4.299
    278.89   999.99   -4.291
    279.20   999.99   -4.284
    279.50   999.99   -4.276
    279.81   999.99   -4.271
    280.11   999.99   -4.266
    280.42   999.99   -4.261
    280.72   999.99   -4.256
    281.03   999.99   -4.249
    281.33   999.99   -4.241
    281.64   999.99   -4.232
    281.94   999.99   -4.226
    282.25   999.99   -4.221
    282.55   999.99   -4.216
    282.86   999.99   -4.211
    283.16   999.99   -4.203
    283.46   999.99   -4.197
    283.77   999.99   -4.192
    284.07   999.99   -4.185
    284.38   999.99   -4.180
    284.68   999.99   -4.171
    284.99   999.99   -4.162
    285.29   999.99   -4.154
    285.60   999.99   -4.147
    285.90   999.99   -4.140
    286.21   999.99   -4.134
    286.51   999.99   -4.128
    286.82   999.99   -4.122
    287.12   999.99   -4.114
    287.43   999.99   -4.107
    287.73   999.99   -4.097
    288.04   999.99   -4.090
    288.34   999.99   -4.085
    288.65   999.99   -4.076
    288.95   999.99   -4.070
    289.26   999.99   -4.061
    289.56   999.99   -4.055
    289.87   999.99   -4.047
    290.17   999.99   -4.041
    290.48   999.99   -4.036
    290.78   999.99   -4.027
    291.08   999.99   -4.019
    291.39   999.99   -4.010
    291.69   999.99   -4.002
    292.00   999.99   -3.997
    292.30   999.99   -3.990
    292.61   999.99   -3.981
    292.91   999.99   -3.973
    293.22   999.99   -3.966
    293.52   999.99   -3.960
    293.83   999.99   -3.950
    294.13   999.99   -3.937
    294.44   999.99   -3.927
    294.74   999.99   -3.921
    295.05   999.99   -3.912
    295.35   999.99   -3.902
    295.66   999.99   -3.894
    295.96   999.99   -3.885
    296.27   999.99   -3.878
    296.57   999.99   -3.870
    296.88   999.99   -3.864
    297.18   999.99   -3.857
    297.49   999.99   -3.850
    297.79   999.99   -3.842
    298.10   999.99   -3.830
    298.40   999.99   -3.820
    298.70   999.99   -3.808
    299.01   999.99   -3.800
    299.31   999.99   -3.792
    299.62   999.99   -3.784
    299.92   999.99   -3.778
    300.23   999.99   -3.770
    300.53   999.99   -3.762
    300.84   999.99   -3.752
    301.14   999.99   -3.743
    301.45   999.99   -3.733
    301.75   999.99   -3.724
    302.06   999.99   -3.714
    302.36   999.99   -3.701
    302.67   999.99   -3.693
    302.97   999.99   -3.687
    303.28   999.99   -3.673
    303.58   999.99   -3.665
    303.89   999.99   -3.652
    304.19   999.99   -3.643
    304.50   999.99   -3.635
    304.80   999.99   -3.626
    305.11   999.99   -3.620
    305.41   999.99   -3.613
    305.71   999.99   -3.607
    306.02   999.99   -3.598
    306.32   999.99   -3.586
    306.63   999.99   -3.577
    306.93   999.99   -3.568
    307.24   999.99   -3.558
    307.54   999.99   -3.546
    307.85   999.99   -3.537
    308.15   999.99   -3.530
    308.46   999.99   -3.523
    308.76   999.99   -3.514
    309.07   999.99   -3.503
    309.37   999.99   -3.491
    309.68   999.99   -3.477
    309.98   999.99   -3.467
    310.29   999.99   -3.459
    310.59   999.99   -3.450
    310.90   999.99   -3.440
    311.20   999.99   -3.428
    311.51   999.99   -3.419
    311.81   999.99   -3.413
    312.12   999.99   -3.405
    312.42   999.99   -3.395
    312.73   999.99   -3.388
    313.03   999.99   -3.379
    313.33   999.99   -3.371
    313.64   999.99   -3.360
    313.94   999.99   -3.350
    314.25   999.99   -3.339
    314.55   999.99   -3.327
    314.86   999.99   -3.315
    315.16   999.99   -3.307
    315.47   999.99   -3.299
    315.77   999.99   -3.289
    316.08   999.99   -3.281
    316.38   999.99   -3.273
    316.69   999.99   -3.264
    316.99   999.99   -3.249
    317.30   999.99   -3.237
    317.60   999.99   -3.225
    317.91   999.99   -3.216
    318.21   999.99   -3.207
    318.52   999.99   -3.200
    318.82   999.99   -3.193
    319.13   999.99   -3.187
    319.43   999.99   -3.181
    319.74   999.99   -3.176
    320.04   999.99   -3.167
    320.35   999.99   -3.157
    320.65   999.99   -3.146
    320.95   999.99   -3.138
    321.26   999.99   -3.127
    321.56   999.99   -3.118
    321.87   999.99   -3.108
    322.17   999.99   -3.098
    322.48   999.99   -3.086
    322.78   999.99   -3.078
    323.09   999.99   -3.067
    323.39   999.99   -3.053
    323.70   999.99   -3.040
    324.00   999.99   -3.028
    324.31   999.99   -3.014
    324.61   999.99   -3.004
    324.92   999.99   -2.997
    325.22   999.99   -2.991
    325.53   999.99   -2.981
    325.83   999.99   -2.971
    326.14   999.99   -2.962
    326.44   999.99   -2.949
    326.75   999.99   -2.939
    327.05   999.99   -2.930
    327.36   999.99   -2.919
    327.66   999.99   -2.909
    327.97   999.99   -2.899
    328.27   999.99   -2.889
    328.58   999.99   -2.877
    328.88   999.99   -2.863
    329.18   999.99   -2.853
    329.49   999.99   -2.842
    329.79   999.99   -2.835
    330.10   999.99   -2.826
    330.40   999.99   -2.815
    330.71   999.99   -2.808
    331.01   999.99   -2.799
    331.32   999.99   -2.788
    331.62   999.99   -2.778
    331.93   999.99   -2.769
    332.23   999.99   -2.761
    332.54   999.99   -2.754
    332.84   999.99   -2.748
    333.15   999.99   -2.741
    333.45   999.99   -2.734
    333.76   999.99   -2.720
    334.06   999.99   -2.706
    334.37   999.99   -2.690
    334.67   999.99   -2.680
    334.98   999.99   -2.666
    335.28   999.99   -2.653
    335.59   999.99   -2.615
    335.89   999.99   -2.607
    336.20   999.99   -2.602
    336.50   999.99   -2.598
    336.80   999.99   -2.594
    337.11   999.99   -2.586
    337.41   999.99   -2.579
    337.72   999.99   -2.570
    338.02   999.99   -2.559
    338.33   999.99   -2.550
    338.63   999.99   -2.541
    338.94   999.99   -2.536
    339.24   999.99   -2.526
    339.55   999.99   -2.512
    339.85   999.99   -2.501
    340.16   999.99   -2.487
    340.46   999.99   -2.470
    340.77   999.99   -2.455
    341.07   999.99   -2.443
    341.38   999.99   -2.428
    341.68   999.99   -2.418
    341.99   999.99   -2.408
    342.29   999.99   -2.396
    342.60   999.99   -2.389
    342.90   999.99   -2.381
    343.21   999.99   -2.376
    343.51   999.99   -2.368
    343.82   999.99   -2.362
    344.12   999.99   -2.353
    344.42   999.99   -2.344
    344.73   999.99   -2.332
    345.03   999.99   -2.319
    345.34   999.99   -2.302
    345.64   999.99   -2.288
    345.95   999.99   -2.276
    346.25   999.99   -2.264
    346.56   999.99   -2.253
    346.86   999.99   -2.241
    347.17   999.99   -2.226
    347.47   999.99   -2.212
    347.78   999.99   -2.203
    348.08   999.99   -2.191
    348.39   999.99   -2.179
    348.69   999.99   -2.167
    349.00   999.99   -2.155
    349.30   999.99   -2.146
    349.61   999.99   -2.136
    349.91   999.99   -2.125
    350.22   999.99   -2.113
    350.52   999.99   -2.104
    350.83   999.99   -2.095
    351.13   999.99   -2.083
    351.44   999.99   -2.067
    351.74   999.99   -2.056
    352.04   999.99   -2.045
    352.35   999.99   -2.038
    352.65   999.99   -2.027
    352.96   999.99   -2.015
    353.26   999.99   -2.007
    353.57   999.99   -1.997
    353.87   999.99   -1.988
    354.18   999.99   -1.975
    354.48   999.99   -1.957
    354.79   999.99   -1.943
    355.09   999.99   -1.926
    355.40   999.99   -1.915
    355.70   999.99   -1.902
    356.01   999.99   -1.892
    356.31   999.99   -1.887
    356.62   999.99   -1.878
    356.92   999.99   -1.872
    357.23   999.99   -1.861
    357.53   999.99   -1.845
    357.84   999.99   -1.834
    358.14   999.99   -1.823
    358.45   999.99   -1.814
    358.75   999.99   -1.806
    359.06   999.99   -1.794
    359.36   999.99   -1.783
    359.66   999.99   -1.757
    359.97   999.99   -1.746
    360.27   999.99   -1.738
    360.58   999.99   -1.726
    360.88   999.99   -1.717
    361.19   999.99   -1.707
    361.49   999.99   -1.695
    361.80   999.99   -1.683
    362.10   999.99   -1.671
    362.41   999.99   -1.663
    362.71   999.99   -1.651
    363.02   999.99   -1.642
    363.32   999.99   -1.632
    363.63   999.99   -1.620
    363.93   999.99   -1.604
    364.24   999.99   -1.592
    364.54   999.99   -1.582
    364.85   999.99   -1.562
    365.15   999.99   -1.547
    365.46   999.99   -1.535
    365.76   999.99   -1.518
    366.07   999.99   -1.502
    366.37   999.99   -1.490
    366.68   999.99   -1.479
    366.98   999.99   -1.472
    367.28   999.99   -1.464
    367.59   999.99   -1.445
    367.89   999.99   -1.426
    368.20   999.99   -1.410
    368.50   999.99   -1.391
    368.81   999.99   -1.377
    369.11   999.99   -1.369
    369.42   999.99   -1.358
    369.72   999.99   -1.345
    370.03   999.99   -1.336
    370.33   999.99   -1.321
    370.64   999.99   -1.311
    370.94   999.99   -1.299
    371.25   999.99   -1.289
    371.55   999.99   -1.277
    371.86   999.99   -1.267
    372.16   999.99   -1.254
    372.47   999.99   -1.238
    372.77   999.99   -1.226
    373.08   999.99   -1.211
    373.38   999.99   -1.197
    373.69   999.99   -1.181
    373.99   999.99   -1.169
    374.30   999.99   -1.156
    374.60   999.99   -1.148
    374.90   999.99   -1.134
    375.21   999.99   -1.119
    375.51   999.99   -1.106
    375.82   999.99   -1.094
    376.12   999.99   -1.083
    376.43   999.99   -1.063
    376.73   999.99   -1.050
    377.04   999.99   -1.040
    377.34   999.99   -1.030
    377.65   999.99   -1.016
    377.95   999.99   -1.000
    378.26   999.99    -.986
    378.56   999.99    -.972
    378.87   999.99    -.955
    379.17   999.99    -.940
    379.48   999.99    -.924
    379.78   999.99    -.912
    380.09   999.99    -.899
    380.39   999.99    -.887
    380.70   999.99    -.875
    381.00   999.99    -.862
    381.31   999.99    -.848
    381.61   999.99    -.835
    381.92   999.99    -.821
    382.22   999.99    -.800
    382.52   999.99    -.787
    382.83   999.99    -.769
    383.13   999.99    -.757
    383.44   999.99    -.743
    383.74   999.99    -.729
    384.05   999.99    -.715
    384.35   999.99    -.705
    384.66   999.99    -.695
    384.96   999.99    -.681
    385.27   999.99    -.669
    385.57   999.99    -.657
    385.88   999.99    -.635
    386.18   999.99    -.616
    386.49   999.99    -.601
    386.79   999.99    -.586
    387.10   999.99    -.571
    387.40   999.99    -.557
    387.71   999.99    -.541
    388.01   999.99    -.527
    388.32   999.99    -.508
    388.62   999.99    -.496
    388.93   999.99    -.482
    389.23   999.99    -.467
    389.54   999.99    -.455
    389.84   999.99    -.443
    390.14   999.99    -.429
    390.45   999.99    -.414
    390.75   999.99    -.409
    391.06   999.99    -.399
    391.36   999.99    -.387
    391.67   999.99    -.376
    391.97   999.99    -.359
    392.28   999.99    -.348
    392.58   999.99    -.331
    392.89   999.99    -.315
    393.19   999.99    -.291
    393.50   999.99    -.278
    393.80   999.99    -.261
    394.11   999.99    -.245
    394.41   999.99    -.230
    394.72   999.99    -.223
    395.02   999.99    -.212
    395.33   999.99    -.195
    395.63   999.99    -.180
    395.94   999.99    -.168
    396.24   999.99    -.156
    396.55   999.99    -.093
    396.85   999.99    -.091
    397.16   999.99    -.086
    397.46   999.99    -.077
    397.76   999.99    -.066
    398.07   999.99    -.060
    398.37   999.99    -.050
    398.68   999.99    -.040
    398.98   999.99    -.023
    399.29   999.99    -.009
    399.59   999.99     .003
    399.90   999.99     .020
    400.20   999.99     .034
