 << U.S. Geological Survey Borehole Temperature Log - Alaska >>
  
 Site:             ATI 
 Log Date:         80SEP11 
 Type of Log:      incremental 
 Type of Sensor:   thermistor network (custom)
 Measuring Device: digital multimeter
 Deconvolved:      N/A
  
  Z   = measured depth (m)
  TVD = true vertical depth (m)
  T   = temperature (C)
  
        Z      TVD       T
     12.19   999.99   -9.466
     15.24   999.99   -9.457
     18.29   999.99   -9.445
     21.34   999.99   -9.446
     24.38   999.99   -9.442
     27.43   999.99   -9.433
     30.48   999.99   -9.415
     33.53   999.99   -9.401
     36.58   999.99   -9.388
     39.62   999.99   -9.378
     42.67   999.99   -9.362
     45.72   999.99   -9.344
     48.77   999.99   -9.306
     51.82   999.99   -9.268
     54.86   999.99   -9.216
     57.91   999.99   -9.171
     60.96   999.99   -9.125
     64.01   999.99   -9.061
     67.06   999.99   -9.005
     70.10   999.99   -8.946
     73.15   999.99   -8.880
     76.20   999.99   -8.809
     79.25   999.99   -8.753
     82.30   999.99   -8.694
     85.34   999.99   -8.634
     88.39   999.99   -8.576
     91.44   999.99   -8.517
     94.49   999.99   -8.460
     97.54   999.99   -8.409
    100.58   999.99   -8.347
    103.63   999.99   -8.267
    106.68   999.99   -8.213
    109.73   999.99   -8.154
    112.78   999.99   -8.089
    115.82   999.99   -8.024
    118.87   999.99   -7.965
    121.92   999.99   -7.884
    124.97   999.99   -7.804
    128.02   999.99   -7.754
    131.06   999.99   -7.687
    134.11   999.99   -7.621
    137.16   999.99   -7.563
    140.21   999.99   -7.490
    143.26   999.99   -7.429
    146.30   999.99   -7.364
    149.35   999.99   -7.307
    152.40   999.99   -7.250
    155.45   999.99   -7.196
    158.50   999.99   -7.134
    161.54   999.99   -7.068
    164.59   999.99   -7.007
    167.64   999.99   -6.941
    170.69   999.99   -6.858
    173.74   999.99   -6.803
    176.78   999.99   -6.736
    179.83   999.99   -6.668
    182.88   999.99   -6.617
    185.93   999.99   -6.539
    188.98   999.99   -6.462
    192.02   999.99   -6.398
    195.07   999.99   -6.308
    198.12   999.99   -6.240
    201.17   999.99   -6.184
    204.22   999.99   -6.111
    207.26   999.99   -6.051
    210.31   999.99   -5.973
    213.36   999.99   -5.903
    216.41   999.99   -5.822
    219.46   999.99   -5.748
    222.50   999.99   -5.674
    225.55   999.99   -5.583
    228.60   999.99   -5.500
    231.65   999.99   -5.401
    234.70   999.99   -5.299
    237.74   999.99   -5.157
    240.79   999.99   -5.052
    243.84   999.99   -4.920
    246.89   999.99   -4.814
    249.94   999.99   -4.705
    252.98   999.99   -4.630
    256.03   999.99   -4.549
    259.08   999.99   -4.489
    262.13   999.99   -4.423
    265.18   999.99   -4.356
    268.22   999.99   -4.302
    271.27   999.99   -4.235
    274.32   999.99   -4.181
    277.37   999.99   -4.110
    280.42   999.99   -4.030
    283.46   999.99   -3.978
    286.51   999.99   -3.885
    289.56   999.99   -3.816
    292.61   999.99   -3.712
    295.66   999.99   -3.616
    298.70   999.99   -3.526
    301.75   999.99   -3.426
    304.80   999.99   -3.330
    307.85   999.99   -3.247
    310.90   999.99   -3.153
    313.94   999.99   -3.063
    316.99   999.99   -2.974
    320.04   999.99   -2.867
    323.09   999.99   -2.778
    326.14   999.99   -2.663
    329.18   999.99   -2.574
    332.23   999.99   -2.461
    335.28   999.99   -2.363
    338.33   999.99   -2.249
    341.38   999.99   -2.139
    344.42   999.99   -1.988
    347.47   999.99   -1.887
    350.52   999.99   -1.778
    353.57   999.99   -1.647
    356.62   999.99   -1.530
    359.66   999.99   -1.391
    362.71   999.99   -1.242
    365.76   999.99   -1.115
    368.81   999.99    -.997
    371.86   999.99    -.835
    374.90   999.99    -.699
    377.95   999.99    -.529
    381.00   999.99    -.403
    384.05   999.99    -.258
    387.10   999.99    -.125
    390.14   999.99     .039
    393.19   999.99     .193
    396.24   999.99     .317
    399.29   999.99     .425
    402.34   999.99     .565
    405.38   999.99     .707
    408.43   999.99     .863
    411.48   999.99    1.001
    414.53   999.99    1.147
    417.58   999.99    1.272
    420.62   999.99    1.435
    423.67   999.99    1.578
    426.72   999.99    1.746
    429.77   999.99    1.902
    432.82   999.99    2.056
    435.86   999.99    2.218
    438.91   999.99    2.396
    441.96   999.99    2.519
    445.01   999.99    2.687
    448.06   999.99    2.829
    451.10   999.99    3.000
    454.15   999.99    3.122
    457.20   999.99    3.292
    460.25   999.99    3.496
    463.30   999.99    3.655
    466.34   999.99    3.774
    469.39   999.99    3.966
    472.44   999.99    4.136
    475.49   999.99    4.325
    478.54   999.99    4.460
    481.58   999.99    4.627
    484.63   999.99    4.805
    487.68   999.99    4.993
    490.73   999.99    5.164
    493.78   999.99    5.360
    496.83   999.99    5.535
    499.87   999.99    5.697
    502.92   999.99    5.877
    505.97   999.99    6.072
    509.02   999.99    6.253
    512.07   999.99    6.389
    515.11   999.99    6.560
    518.16   999.99    6.743
    521.21   999.99    6.892
    524.26   999.99    7.091
    527.31   999.99    7.236
    530.35   999.99    7.404
    533.40   999.99    7.562
    536.45   999.99    7.725
    539.50   999.99    7.901
    542.55   999.99    8.028
    545.59   999.99    8.164
    548.64   999.99    8.326
    551.69   999.99    8.473
    554.74   999.99    8.650
    557.79   999.99    8.797
    560.83   999.99    8.958
    563.88   999.99    9.114
    566.93   999.99    9.266
    569.98   999.99    9.385
    573.03   999.99    9.564
    576.07   999.99    9.669
    579.12   999.99    9.829
    582.17   999.99    9.969
    585.22   999.99   10.124
    588.27   999.99   10.255
    591.31   999.99   10.405
    594.36   999.99   10.516
    597.41   999.99   10.650
    600.46   999.99   10.764
    603.51   999.99   10.900
    606.55   999.99   11.010
    609.60   999.99   11.089
    612.65   999.99   11.526
    615.70   999.99   11.564
    618.75   999.99   11.616
    621.79   999.99   11.911
    624.84   999.99   11.964
    627.89   999.99   12.029
    630.94   999.99   12.088
    633.99   999.99   12.181
    637.03   999.99   12.490
    640.08   999.99   12.659
    643.13   999.99   12.805
    646.18   999.99   12.827
