 << U.S. Geological Survey Borehole Temperature Log - Alaska >>
  
 Site:             AWUN
 Log Date:         84JUL29 
 Type of Log:      continuous  
 Type of Sensor:   thermistor network (custom)
 Measuring Device: digital multimeter
 Deconvolved:      no 
  
  Z   = measured depth (m)
  TVD = true vertical depth (m)
  T   = temperature (C)
  
        Z      TVD       T
      3.35   999.99   -3.256
      3.66   999.99   -3.314
      3.96   999.99   -3.378
      4.27   999.99   -3.569
      4.57   999.99   -3.714
      4.88   999.99   -3.786
      5.18   999.99   -3.919
      5.49   999.99   -3.994
      5.79   999.99   -4.070
      6.10   999.99   -4.179
      6.40   999.99   -4.233
      6.71   999.99   -4.306
      7.01   999.99   -4.986
      7.32   999.99   -5.270
      7.62   999.99   -4.472
      7.92   999.99   -4.380
      8.23   999.99   -4.742
      8.53   999.99   -5.224
      8.84   999.99   -5.504
      9.14   999.99   -5.718
      9.45   999.99   -5.902
      9.75   999.99   -5.996
     10.06   999.99   -6.068
     10.36   999.99   -6.134
     10.67   999.99   -6.159
     10.97   999.99   -6.182
     11.28   999.99   -6.190
     11.58   999.99   -6.190
     11.89   999.99   -6.184
     12.19   999.99   -6.171
     12.50   999.99   -6.156
     12.80   999.99   -6.143
     13.11   999.99   -6.134
     13.41   999.99   -6.117
     13.72   999.99   -6.101
     14.02   999.99   -6.093
     14.33   999.99   -6.076
     14.63   999.99   -6.059
     14.94   999.99   -6.046
     15.24   999.99   -6.027
     15.54   999.99   -6.011
     15.85   999.99   -5.996
     16.15   999.99   -5.981
     16.46   999.99   -5.974
     16.76   999.99   -5.962
     17.07   999.99   -5.949
     17.37   999.99   -5.942
     17.68   999.99   -5.931
     17.98   999.99   -5.921
     18.29   999.99   -5.910
     18.59   999.99   -5.905
     18.90   999.99   -5.902
     19.20   999.99   -5.898
     19.51   999.99   -5.894
     19.81   999.99   -5.892
     20.12   999.99   -5.890
     20.42   999.99   -5.889
     20.73   999.99   -5.888
     21.03   999.99   -5.887
     21.34   999.99   -5.888
     21.64   999.99   -5.887
     21.95   999.99   -5.887
     22.25   999.99   -5.888
     22.56   999.99   -5.889
     22.86   999.99   -5.889
     23.16   999.99   -5.889
     23.47   999.99   -5.889
     23.77   999.99   -5.889
     24.08   999.99   -5.889
     24.38   999.99   -5.890
     24.69   999.99   -5.892
     24.99   999.99   -5.896
     25.30   999.99   -5.898
     25.60   999.99   -5.901
     25.91   999.99   -5.907
     26.21   999.99   -5.911
     26.52   999.99   -5.917
     26.82   999.99   -5.922
     27.13   999.99   -5.927
     27.43   999.99   -5.934
     27.74   999.99   -5.940
     28.04   999.99   -5.947
     28.35   999.99   -5.955
     28.65   999.99   -5.960
     28.96   999.99   -5.966
     29.26   999.99   -5.975
     29.57   999.99   -5.981
     29.87   999.99   -5.989
     30.18   999.99   -5.996
     30.48   999.99   -6.003
     30.78   999.99   -6.047
     31.09   999.99   -6.048
     31.39   999.99   -6.049
     31.70   999.99   -6.052
     32.00   999.99   -6.054
     32.31   999.99   -6.058
     32.61   999.99   -6.061
     32.92   999.99   -6.064
     33.22   999.99   -6.067
     33.53   999.99   -6.069
     33.83   999.99   -6.072
     34.14   999.99   -6.074
     34.44   999.99   -6.075
     34.75   999.99   -6.076
     35.05   999.99   -6.078
     35.36   999.99   -6.079
     35.66   999.99   -6.080
     35.97   999.99   -6.081
     36.27   999.99   -6.081
     36.58   999.99   -6.081
     36.88   999.99   -6.082
     37.19   999.99   -6.082
     37.49   999.99   -6.082
     37.80   999.99   -6.083
     38.10   999.99   -6.082
     38.40   999.99   -6.082
     38.71   999.99   -6.083
     39.01   999.99   -6.083
     39.32   999.99   -6.082
     39.62   999.99   -6.082
     39.93   999.99   -6.081
     40.23   999.99   -6.080
     40.54   999.99   -6.079
     40.84   999.99   -6.079
     41.15   999.99   -6.078
     41.45   999.99   -6.076
     41.76   999.99   -6.075
     42.06   999.99   -6.074
     42.37   999.99   -6.072
     42.67   999.99   -6.071
     42.98   999.99   -6.069
     43.28   999.99   -6.067
     43.59   999.99   -6.065
     43.89   999.99   -6.063
     44.20   999.99   -6.062
     44.50   999.99   -6.059
     44.81   999.99   -6.055
     45.11   999.99   -6.052
     45.42   999.99   -6.050
     45.72   999.99   -6.046
     46.02   999.99   -6.044
     46.33   999.99   -6.042
     46.63   999.99   -6.040
     46.94   999.99   -6.037
     47.24   999.99   -6.031
     47.55   999.99   -6.028
     47.85   999.99   -6.026
     48.16   999.99   -6.022
     48.46   999.99   -6.019
     48.77   999.99   -6.017
     49.07   999.99   -6.015
     49.38   999.99   -6.010
     49.68   999.99   -6.005
     49.99   999.99   -6.002
     50.29   999.99   -6.000
     50.60   999.99   -5.997
     50.90   999.99   -5.993
     51.21   999.99   -5.988
     51.51   999.99   -5.985
     51.82   999.99   -5.980
     52.12   999.99   -5.977
     52.43   999.99   -5.973
     52.73   999.99   -5.969
     53.04   999.99   -5.965
     53.34   999.99   -5.961
     53.64   999.99   -5.957
     53.95   999.99   -5.954
     54.25   999.99   -5.950
     54.56   999.99   -5.947
     54.86   999.99   -5.944
     55.17   999.99   -5.940
     55.47   999.99   -5.935
     55.78   999.99   -5.930
     56.08   999.99   -5.926
     56.39   999.99   -5.922
     56.69   999.99   -5.916
     57.00   999.99   -5.912
     57.30   999.99   -5.907
     57.61   999.99   -5.904
     57.91   999.99   -5.900
     58.22   999.99   -5.896
     58.52   999.99   -5.892
     58.83   999.99   -5.889
     59.13   999.99   -5.884
     59.44   999.99   -5.880
     59.74   999.99   -5.876
     60.05   999.99   -5.871
     60.35   999.99   -5.867
     60.66   999.99   -5.862
     60.96   999.99   -5.857
     61.26   999.99   -5.828
     61.57   999.99   -5.827
     61.87   999.99   -5.825
     62.18   999.99   -5.823
     62.48   999.99   -5.821
     62.79   999.99   -5.818
     63.09   999.99   -5.815
     63.40   999.99   -5.811
     63.70   999.99   -5.808
     64.01   999.99   -5.804
     64.31   999.99   -5.799
     64.62   999.99   -5.793
     64.92   999.99   -5.785
     65.23   999.99   -5.782
     65.53   999.99   -5.777
     65.84   999.99   -5.771
     66.14   999.99   -5.768
     66.45   999.99   -5.762
     66.75   999.99   -5.756
     67.06   999.99   -5.752
     67.36   999.99   -5.746
     67.67   999.99   -5.742
     67.97   999.99   -5.737
     68.28   999.99   -5.733
     68.58   999.99   -5.727
     68.88   999.99   -5.722
     69.19   999.99   -5.717
     69.49   999.99   -5.711
     69.80   999.99   -5.704
     70.10   999.99   -5.700
     70.41   999.99   -5.695
     70.71   999.99   -5.689
     71.02   999.99   -5.681
     71.32   999.99   -5.672
     71.63   999.99   -5.667
     71.93   999.99   -5.663
     72.24   999.99   -5.659
     72.54   999.99   -5.655
     72.85   999.99   -5.648
     73.15   999.99   -5.643
     73.46   999.99   -5.638
     73.76   999.99   -5.631
     74.07   999.99   -5.626
     74.37   999.99   -5.619
     74.68   999.99   -5.613
     74.98   999.99   -5.608
     75.29   999.99   -5.604
     75.59   999.99   -5.600
     75.90   999.99   -5.593
     76.20   999.99   -5.585
     76.50   999.99   -5.582
     76.81   999.99   -5.574
     77.11   999.99   -5.569
     77.42   999.99   -5.561
     77.72   999.99   -5.552
     78.03   999.99   -5.547
     78.33   999.99   -5.541
     78.64   999.99   -5.534
     78.94   999.99   -5.530
     79.25   999.99   -5.526
     79.55   999.99   -5.522
     79.86   999.99   -5.517
     80.16   999.99   -5.510
     80.47   999.99   -5.505
     80.77   999.99   -5.499
     81.08   999.99   -5.492
     81.38   999.99   -5.486
     81.69   999.99   -5.478
     81.99   999.99   -5.472
     82.30   999.99   -5.465
     82.60   999.99   -5.460
     82.91   999.99   -5.453
     83.21   999.99   -5.445
     83.52   999.99   -5.439
     83.82   999.99   -5.432
     84.12   999.99   -5.427
     84.43   999.99   -5.421
     84.73   999.99   -5.412
     85.04   999.99   -5.406
     85.34   999.99   -5.400
     85.65   999.99   -5.394
     85.95   999.99   -5.389
     86.26   999.99   -5.381
     86.56   999.99   -5.374
     86.87   999.99   -5.368
     87.17   999.99   -5.360
     87.48   999.99   -5.355
     87.78   999.99   -5.346
     88.09   999.99   -5.341
     88.39   999.99   -5.335
     88.70   999.99   -5.330
     89.00   999.99   -5.325
     89.31   999.99   -5.319
     89.61   999.99   -5.314
     89.92   999.99   -5.308
     90.22   999.99   -5.301
     90.53   999.99   -5.293
     90.83   999.99   -5.287
     91.14   999.99   -5.280
     91.44   999.99   -5.276
     91.74   999.99   -5.249
     92.05   999.99   -5.247
     92.35   999.99   -5.243
     92.66   999.99   -5.237
     92.96   999.99   -5.232
     93.27   999.99   -5.224
     93.57   999.99   -5.219
     93.88   999.99   -5.211
     94.18   999.99   -5.203
     94.49   999.99   -5.199
     94.79   999.99   -5.193
     95.10   999.99   -5.186
     95.40   999.99   -5.179
     95.71   999.99   -5.171
     96.01   999.99   -5.165
     96.32   999.99   -5.159
     96.62   999.99   -5.152
     96.93   999.99   -5.147
     97.23   999.99   -5.139
     97.54   999.99   -5.131
     97.84   999.99   -5.123
     98.15   999.99   -5.111
     98.45   999.99   -5.102
     98.76   999.99   -5.096
     99.06   999.99   -5.088
     99.36   999.99   -5.083
     99.67   999.99   -5.076
     99.97   999.99   -5.070
    100.28   999.99   -5.067
    100.58   999.99   -5.061
    100.89   999.99   -5.052
    101.19   999.99   -5.045
    101.50   999.99   -5.037
    101.80   999.99   -5.031
    102.11   999.99   -5.020
    102.41   999.99   -5.010
    102.72   999.99   -5.001
    103.02   999.99   -4.996
    103.33   999.99   -4.990
    103.63   999.99   -4.983
    103.94   999.99   -4.976
    104.24   999.99   -4.969
    104.55   999.99   -4.958
    104.85   999.99   -4.950
    105.16   999.99   -4.943
    105.46   999.99   -4.937
    105.77   999.99   -4.931
    106.07   999.99   -4.918
    106.38   999.99   -4.911
    106.68   999.99   -4.903
    106.99   999.99   -4.898
    107.29   999.99   -4.891
    107.59   999.99   -4.883
    107.90   999.99   -4.875
    108.20   999.99   -4.868
    108.51   999.99   -4.859
    108.81   999.99   -4.850
    109.12   999.99   -4.840
    109.42   999.99   -4.834
    109.73   999.99   -4.826
    110.03   999.99   -4.817
    110.34   999.99   -4.810
    110.64   999.99   -4.801
    110.95   999.99   -4.794
    111.25   999.99   -4.786
    111.56   999.99   -4.777
    111.86   999.99   -4.772
    112.17   999.99   -4.765
    112.47   999.99   -4.757
    112.78   999.99   -4.751
    113.08   999.99   -4.742
    113.39   999.99   -4.733
    113.69   999.99   -4.724
    114.00   999.99   -4.715
    114.30   999.99   -4.709
    114.61   999.99   -4.699
    114.91   999.99   -4.692
    115.21   999.99   -4.682
    115.52   999.99   -4.671
    115.82   999.99   -4.666
    116.13   999.99   -4.656
    116.43   999.99   -4.647
    116.74   999.99   -4.637
    117.04   999.99   -4.629
    117.35   999.99   -4.625
    117.65   999.99   -4.615
    117.96   999.99   -4.607
    118.26   999.99   -4.600
    118.57   999.99   -4.589
    118.87   999.99   -4.583
    119.18   999.99   -4.575
    119.48   999.99   -4.568
    119.79   999.99   -4.559
    120.09   999.99   -4.551
    120.40   999.99   -4.543
    120.70   999.99   -4.533
    121.01   999.99   -4.525
    121.31   999.99   -4.516
    121.62   999.99   -4.506
    121.92   999.99   -4.499
    122.22   999.99   -4.492
    122.53   999.99   -4.485
    122.83   999.99   -4.477
    123.14   999.99   -4.468
    123.44   999.99   -4.459
    123.75   999.99   -4.449
    124.05   999.99   -4.442
    124.36   999.99   -4.431
    124.66   999.99   -4.414
    124.97   999.99   -4.406
    125.27   999.99   -4.400
    125.58   999.99   -4.396
    125.88   999.99   -4.391
    126.19   999.99   -4.385
    126.49   999.99   -4.380
    126.80   999.99   -4.373
    127.10   999.99   -4.366
    127.41   999.99   -4.357
    127.71   999.99   -4.347
    128.02   999.99   -4.339
    128.32   999.99   -4.329
    128.63   999.99   -4.323
    128.93   999.99   -4.316
    129.24   999.99   -4.308
    129.54   999.99   -4.301
    129.85   999.99   -4.290
    130.15   999.99   -4.281
    130.45   999.99   -4.273
    130.76   999.99   -4.263
    131.06   999.99   -4.254
    131.37   999.99   -4.243
    131.67   999.99   -4.233
    131.98   999.99   -4.225
    132.28   999.99   -4.212
    132.59   999.99   -4.202
    132.89   999.99   -4.193
    133.20   999.99   -4.183
    133.50   999.99   -4.175
    133.81   999.99   -4.167
    134.11   999.99   -4.159
    134.42   999.99   -4.152
    134.72   999.99   -4.142
    135.03   999.99   -4.137
    135.33   999.99   -4.127
    135.64   999.99   -4.117
    135.94   999.99   -4.107
    136.25   999.99   -4.100
    136.55   999.99   -4.093
    136.86   999.99   -4.084
    137.16   999.99   -4.074
    137.47   999.99   -4.061
    137.77   999.99   -4.049
    138.07   999.99   -4.041
    138.38   999.99   -4.032
    138.68   999.99   -4.024
    138.99   999.99   -4.017
    139.29   999.99   -4.008
    139.60   999.99   -3.999
    139.90   999.99   -3.986
    140.21   999.99   -3.979
    140.51   999.99   -3.974
    140.82   999.99   -3.965
    141.12   999.99   -3.955
    141.43   999.99   -3.947
    141.73   999.99   -3.941
    142.04   999.99   -3.932
    142.34   999.99   -3.923
    142.65   999.99   -3.914
    142.95   999.99   -3.902
    143.26   999.99   -3.892
    143.56   999.99   -3.883
    143.87   999.99   -3.875
    144.17   999.99   -3.866
    144.48   999.99   -3.856
    144.78   999.99   -3.847
    145.09   999.99   -3.840
    145.39   999.99   -3.829
    145.69   999.99   -3.822
    146.00   999.99   -3.816
    146.30   999.99   -3.802
    146.61   999.99   -3.792
    146.91   999.99   -3.781
    147.22   999.99   -3.773
    147.52   999.99   -3.763
    147.83   999.99   -3.754
    148.13   999.99   -3.748
    148.44   999.99   -3.740
    148.74   999.99   -3.733
    149.05   999.99   -3.725
    149.35   999.99   -3.718
    149.66   999.99   -3.707
    149.96   999.99   -3.689
    150.27   999.99   -3.681
    150.57   999.99   -3.674
    150.88   999.99   -3.663
    151.18   999.99   -3.654
    151.49   999.99   -3.645
    151.79   999.99   -3.635
    152.10   999.99   -3.624
    152.40   999.99   -3.615
    152.71   999.99   -3.591
    153.01   999.99   -3.587
    153.31   999.99   -3.583
    153.62   999.99   -3.578
    153.92   999.99   -3.568
    154.23   999.99   -3.561
    154.53   999.99   -3.555
    154.84   999.99   -3.549
    155.14   999.99   -3.543
    155.45   999.99   -3.535
    155.75   999.99   -3.524
    156.06   999.99   -3.512
    156.36   999.99   -3.504
    156.67   999.99   -3.494
    156.97   999.99   -3.487
    157.28   999.99   -3.479
    157.58   999.99   -3.469
    157.89   999.99   -3.461
    158.19   999.99   -3.452
    158.50   999.99   -3.444
    158.80   999.99   -3.430
    159.11   999.99   -3.419
    159.41   999.99   -3.409
    159.72   999.99   -3.402
    160.02   999.99   -3.393
    160.33   999.99   -3.384
    160.63   999.99   -3.376
    160.93   999.99   -3.367
    161.24   999.99   -3.357
    161.54   999.99   -3.346
    161.85   999.99   -3.336
    162.15   999.99   -3.327
    162.46   999.99   -3.317
    162.76   999.99   -3.309
    163.07   999.99   -3.300
    163.37   999.99   -3.285
    163.68   999.99   -3.274
    163.98   999.99   -3.261
    164.29   999.99   -3.251
    164.59   999.99   -3.243
    164.90   999.99   -3.235
    165.20   999.99   -3.228
    165.51   999.99   -3.219
    165.81   999.99   -3.212
    166.12   999.99   -3.205
    166.42   999.99   -3.198
    166.73   999.99   -3.193
    167.03   999.99   -3.185
    167.34   999.99   -3.175
    167.64   999.99   -3.166
    167.95   999.99   -3.152
    168.25   999.99   -3.145
    168.55   999.99   -3.137
    168.86   999.99   -3.130
    169.16   999.99   -3.123
    169.47   999.99   -3.115
    169.77   999.99   -3.105
    170.08   999.99   -3.097
    170.38   999.99   -3.093
    170.69   999.99   -3.080
    170.99   999.99   -3.068
    171.30   999.99   -3.059
    171.60   999.99   -3.048
    171.91   999.99   -3.038
    172.21   999.99   -3.028
    172.52   999.99   -3.018
    172.82   999.99   -3.010
    173.13   999.99   -3.002
    173.43   999.99   -2.993
    173.74   999.99   -2.985
    174.04   999.99   -2.974
    174.35   999.99   -2.965
    174.65   999.99   -2.953
    174.96   999.99   -2.943
    175.26   999.99   -2.937
    175.57   999.99   -2.929
    175.87   999.99   -2.918
    176.17   999.99   -2.904
    176.48   999.99   -2.892
    176.78   999.99   -2.882
    177.09   999.99   -2.871
    177.39   999.99   -2.864
    177.70   999.99   -2.852
    178.00   999.99   -2.841
    178.31   999.99   -2.829
    178.61   999.99   -2.821
    178.92   999.99   -2.813
    179.22   999.99   -2.805
    179.53   999.99   -2.797
    179.83   999.99   -2.788
    180.14   999.99   -2.781
    180.44   999.99   -2.773
    180.75   999.99   -2.762
    181.05   999.99   -2.754
    181.36   999.99   -2.742
    181.66   999.99   -2.730
    181.97   999.99   -2.720
    182.27   999.99   -2.710
    182.58   999.99   -2.702
    182.88   999.99   -2.690
    183.19   999.99   -2.680
    183.49   999.99   -2.669
    183.79   999.99   -2.655
    184.10   999.99   -2.645
    184.40   999.99   -2.633
    184.71   999.99   -2.622
    185.01   999.99   -2.612
    185.32   999.99   -2.601
    185.62   999.99   -2.592
    185.93   999.99   -2.585
    186.23   999.99   -2.578
    186.54   999.99   -2.572
    186.84   999.99   -2.566
    187.15   999.99   -2.558
    187.45   999.99   -2.547
    187.76   999.99   -2.538
    188.06   999.99   -2.527
    188.37   999.99   -2.515
    188.67   999.99   -2.505
    188.98   999.99   -2.495
    189.28   999.99   -2.487
    189.59   999.99   -2.475
    189.89   999.99   -2.462
    190.20   999.99   -2.454
    190.50   999.99   -2.446
    190.81   999.99   -2.438
    191.11   999.99   -2.427
    191.41   999.99   -2.416
    191.72   999.99   -2.405
    192.02   999.99   -2.391
    192.33   999.99   -2.382
    192.63   999.99   -2.371
    192.94   999.99   -2.361
    193.24   999.99   -2.352
    193.55   999.99   -2.342
    193.85   999.99   -2.334
    194.16   999.99   -2.325
    194.46   999.99   -2.317
    194.77   999.99   -2.310
    195.07   999.99   -2.301
    195.38   999.99   -2.291
    195.68   999.99   -2.280
    195.99   999.99   -2.272
    196.29   999.99   -2.264
    196.60   999.99   -2.257
    196.90   999.99   -2.250
    197.21   999.99   -2.242
    197.51   999.99   -2.233
    197.82   999.99   -2.224
    198.12   999.99   -2.213
    198.43   999.99   -2.204
    198.73   999.99   -2.194
    199.03   999.99   -2.187
    199.34   999.99   -2.180
    199.64   999.99   -2.174
    199.95   999.99   -2.166
    200.25   999.99   -2.159
    200.56   999.99   -2.151
    200.86   999.99   -2.142
    201.17   999.99   -2.136
    201.47   999.99   -2.128
    201.78   999.99   -2.123
    202.08   999.99   -2.119
    202.39   999.99   -2.117
    202.69   999.99   -2.098
    203.00   999.99   -2.074
    203.30   999.99   -2.040
    203.61   999.99   -2.000
    203.91   999.99   -1.980
    204.22   999.99   -1.962
    204.52   999.99   -1.948
    204.83   999.99   -1.934
    205.13   999.99   -1.924
    205.44   999.99   -1.914
    205.74   999.99   -1.905
    206.05   999.99   -1.895
    206.35   999.99   -1.885
    206.65   999.99   -1.875
    206.96   999.99   -1.866
    207.26   999.99   -1.858
    207.57   999.99   -1.850
    207.87   999.99   -1.842
    208.18   999.99   -1.834
    208.48   999.99   -1.826
    208.79   999.99   -1.818
    209.09   999.99   -1.810
    209.40   999.99   -1.800
    209.70   999.99   -1.790
    210.01   999.99   -1.783
    210.31   999.99   -1.775
    210.62   999.99   -1.766
    210.92   999.99   -1.758
    211.23   999.99   -1.750
    211.53   999.99   -1.740
    211.84   999.99   -1.730
    212.14   999.99   -1.720
    212.45   999.99   -1.712
    212.75   999.99   -1.702
    213.06   999.99   -1.693
    213.36   999.99   -1.682
    213.67   999.99   -1.673
    213.97   999.99   -1.664
    214.27   999.99   -1.655
    214.58   999.99   -1.647
    214.88   999.99   -1.639
    215.19   999.99   -1.630
    215.49   999.99   -1.622
    215.80   999.99   -1.613
    216.10   999.99   -1.604
    216.41   999.99   -1.590
    216.71   999.99   -1.579
    217.02   999.99   -1.569
    217.32   999.99   -1.560
    217.63   999.99   -1.550
    217.93   999.99   -1.538
    218.24   999.99   -1.526
    218.54   999.99   -1.519
    218.85   999.99   -1.512
    219.15   999.99   -1.502
    219.46   999.99   -1.495
    219.76   999.99   -1.487
    220.07   999.99   -1.479
    220.37   999.99   -1.471
    220.68   999.99   -1.463
    220.98   999.99   -1.454
    221.29   999.99   -1.443
    221.59   999.99   -1.434
    221.89   999.99   -1.426
    222.20   999.99   -1.416
    222.50   999.99   -1.408
    222.81   999.99   -1.399
    223.11   999.99   -1.390
    223.42   999.99   -1.380
    223.72   999.99   -1.370
    224.03   999.99   -1.361
    224.33   999.99   -1.352
    224.64   999.99   -1.344
    224.94   999.99   -1.335
    225.25   999.99   -1.328
    225.55   999.99   -1.319
    225.86   999.99   -1.309
    226.16   999.99   -1.300
    226.47   999.99   -1.289
    226.77   999.99   -1.281
    227.08   999.99   -1.271
    227.38   999.99   -1.264
    227.69   999.99   -1.255
    227.99   999.99   -1.247
    228.30   999.99   -1.240
    228.60   999.99   -1.234
    228.91   999.99   -1.228
    229.21   999.99   -1.222
    229.51   999.99   -1.212
    229.82   999.99   -1.201
    230.12   999.99   -1.191
    230.43   999.99   -1.183
    230.73   999.99   -1.173
    231.04   999.99   -1.163
    231.34   999.99   -1.157
    231.65   999.99   -1.147
    231.95   999.99   -1.139
    232.26   999.99   -1.130
    232.56   999.99   -1.124
    232.87   999.99   -1.115
    233.17   999.99   -1.105
    233.48   999.99   -1.098
    233.78   999.99   -1.090
    234.09   999.99   -1.083
    234.39   999.99   -1.074
    234.70   999.99   -1.066
    235.00   999.99   -1.057
    235.31   999.99   -1.049
    235.61   999.99   -1.043
    235.92   999.99   -1.034
    236.22   999.99   -1.025
    236.53   999.99   -1.016
    236.83   999.99   -1.009
    237.13   999.99   -1.002
    237.44   999.99    -.994
    237.74   999.99    -.987
    238.05   999.99    -.980
    238.35   999.99    -.971
    238.66   999.99    -.962
    238.96   999.99    -.955
    239.27   999.99    -.946
    239.57   999.99    -.938
    239.88   999.99    -.927
    240.18   999.99    -.917
    240.49   999.99    -.909
    240.79   999.99    -.897
    241.10   999.99    -.889
    241.40   999.99    -.879
    241.71   999.99    -.872
    242.01   999.99    -.863
    242.32   999.99    -.855
    242.62   999.99    -.846
    242.93   999.99    -.836
    243.23   999.99    -.829
    243.54   999.99    -.822
    243.84   999.99    -.815
    244.15   999.99    -.807
    244.45   999.99    -.799
    244.75   999.99    -.790
    245.06   999.99    -.782
    245.36   999.99    -.772
    245.67   999.99    -.762
    245.97   999.99    -.754
    246.28   999.99    -.743
    246.58   999.99    -.735
    246.89   999.99    -.726
    247.19   999.99    -.716
    247.50   999.99    -.707
    247.80   999.99    -.700
    248.11   999.99    -.690
    248.41   999.99    -.684
    248.72   999.99    -.673
    249.02   999.99    -.665
    249.33   999.99    -.657
    249.63   999.99    -.650
    249.94   999.99    -.638
    250.24   999.99    -.629
    250.55   999.99    -.619
    250.85   999.99    -.609
    251.16   999.99    -.601
    251.46   999.99    -.592
    251.77   999.99    -.585
    252.07   999.99    -.574
    252.37   999.99    -.565
    252.68   999.99    -.556
    252.98   999.99    -.544
    253.29   999.99    -.536
    253.59   999.99    -.524
    253.90   999.99    -.514
    254.20   999.99    -.504
    254.51   999.99    -.492
    254.81   999.99    -.482
    255.12   999.99    -.472
    255.42   999.99    -.462
    255.73   999.99    -.447
    256.03   999.99    -.434
    256.34   999.99    -.420
    256.64   999.99    -.407
    256.95   999.99    -.394
    257.25   999.99    -.379
    257.56   999.99    -.368
    257.86   999.99    -.356
    258.17   999.99    -.344
    258.47   999.99    -.334
    258.78   999.99    -.314
    259.08   999.99    -.303
    259.39   999.99    -.291
    259.69   999.99    -.282
    259.99   999.99    -.269
    260.30   999.99    -.258
    260.60   999.99    -.248
    260.91   999.99    -.235
    261.21   999.99    -.223
    261.52   999.99    -.210
    261.82   999.99    -.199
    262.13   999.99    -.184
    262.43   999.99    -.171
    262.74   999.99    -.159
    263.04   999.99    -.146
    263.35   999.99    -.137
    263.65   999.99    -.125
    263.96   999.99    -.115
    264.26   999.99    -.107
    264.57   999.99    -.098
    264.87   999.99    -.089
    265.18   999.99    -.080
    265.48   999.99    -.071
    265.79   999.99    -.060
    266.09   999.99    -.051
    266.40   999.99    -.038
    266.70   999.99    -.028
    267.01   999.99    -.018
    267.31   999.99    -.010
    267.61   999.99    -.001
    267.92   999.99     .011
    268.22   999.99     .021
    268.53   999.99     .029
    268.83   999.99     .040
    269.14   999.99     .049
    269.44   999.99     .059
    269.75   999.99     .068
    270.05   999.99     .079
    270.36   999.99     .088
    270.66   999.99     .098
    270.97   999.99     .109
    271.27   999.99     .118
    271.58   999.99     .128
    271.88   999.99     .139
    272.19   999.99     .149
    272.49   999.99     .157
    272.80   999.99     .164
    273.10   999.99     .175
    273.41   999.99     .187
    273.71   999.99     .196
    274.02   999.99     .203
    274.32   999.99     .212
    274.63   999.99     .203
    274.93   999.99     .216
    275.23   999.99     .226
    275.54   999.99     .236
    275.84   999.99     .246
    276.15   999.99     .256
    276.45   999.99     .263
    276.76   999.99     .273
    277.06   999.99     .282
    277.37   999.99     .291
    277.67   999.99     .302
    277.98   999.99     .312
    278.28   999.99     .320
    278.59   999.99     .327
    278.89   999.99     .337
    279.20   999.99     .347
    279.50   999.99     .358
    279.81   999.99     .363
    280.11   999.99     .376
    280.42   999.99     .389
    280.72   999.99     .398
    281.03   999.99     .406
    281.33   999.99     .413
    281.64   999.99     .419
    281.94   999.99     .426
    282.25   999.99     .432
    282.55   999.99     .439
    282.86   999.99     .446
    283.16   999.99     .457
    283.46   999.99     .465
    283.77   999.99     .473
    284.07   999.99     .480
    284.38   999.99     .487
    284.68   999.99     .493
    284.99   999.99     .502
    285.29   999.99     .512
    285.60   999.99     .521
    285.90   999.99     .531
    286.21   999.99     .538
    286.51   999.99     .547
    286.82   999.99     .553
    287.12   999.99     .562
    287.43   999.99     .569
    287.73   999.99     .577
    288.04   999.99     .583
    288.34   999.99     .591
    288.65   999.99     .600
    288.95   999.99     .610
    289.26   999.99     .619
    289.56   999.99     .631
    289.87   999.99     .643
    290.17   999.99     .653
    290.48   999.99     .665
    290.78   999.99     .678
    291.08   999.99     .690
    291.39   999.99     .699
    291.69   999.99     .708
    292.00   999.99     .718
    292.30   999.99     .726
    292.61   999.99     .732
    292.91   999.99     .740
    293.22   999.99     .749
    293.52   999.99     .761
    293.83   999.99     .770
    294.13   999.99     .778
    294.44   999.99     .788
    294.74   999.99     .798
    295.05   999.99     .808
    295.35   999.99     .817
    295.66   999.99     .825
    295.96   999.99     .835
    296.27   999.99     .845
    296.57   999.99     .855
    296.88   999.99     .863
    297.18   999.99     .872
    297.49   999.99     .880
    297.79   999.99     .889
    298.10   999.99     .900
    298.40   999.99     .909
    298.70   999.99     .918
    299.01   999.99     .925
    299.31   999.99     .935
    299.62   999.99     .948
    299.92   999.99     .959
    300.23   999.99     .969
    300.53   999.99     .981
    300.84   999.99     .990
    301.14   999.99     .998
    301.45   999.99    1.006
    301.75   999.99    1.016
    302.06   999.99    1.023
    302.36   999.99    1.030
    302.67   999.99    1.040
    302.97   999.99    1.047
    303.28   999.99    1.056
    303.58   999.99    1.065
    303.89   999.99    1.076
    304.19   999.99    1.084
    304.50   999.99    1.094
    304.80   999.99    1.105
    305.11   999.99    1.114
    305.41   999.99    1.122
    305.71   999.99    1.130
    306.02   999.99    1.138
    306.32   999.99    1.147
    306.63   999.99    1.156
    306.93   999.99    1.166
    307.24   999.99    1.177
    307.54   999.99    1.188
    307.85   999.99    1.199
    308.15   999.99    1.208
    308.46   999.99    1.216
    308.76   999.99    1.228
    309.07   999.99    1.237
    309.37   999.99    1.246
    309.68   999.99    1.252
    309.98   999.99    1.264
    310.29   999.99    1.273
    310.59   999.99    1.280
    310.90   999.99    1.288
    311.20   999.99    1.296
    311.51   999.99    1.306
    311.81   999.99    1.316
    312.12   999.99    1.324
    312.42   999.99    1.331
    312.73   999.99    1.338
    313.03   999.99    1.349
    313.33   999.99    1.358
    313.64   999.99    1.369
    313.94   999.99    1.378
    314.25   999.99    1.387
    314.55   999.99    1.394
    314.86   999.99    1.403
    315.16   999.99    1.414
    315.47   999.99    1.421
    315.77   999.99    1.430
    316.08   999.99    1.439
    316.38   999.99    1.447
    316.69   999.99    1.454
    316.99   999.99    1.465
    317.30   999.99    1.476
    317.60   999.99    1.488
    317.91   999.99    1.496
    318.21   999.99    1.503
    318.52   999.99    1.510
    318.82   999.99    1.517
    319.13   999.99    1.524
    319.43   999.99    1.535
    319.74   999.99    1.545
    320.04   999.99    1.553
    320.35   999.99    1.562
    320.65   999.99    1.572
    320.95   999.99    1.583
    321.26   999.99    1.592
    321.56   999.99    1.599
    321.87   999.99    1.608
    322.17   999.99    1.617
    322.48   999.99    1.627
    322.78   999.99    1.640
    323.09   999.99    1.650
    323.39   999.99    1.662
    323.70   999.99    1.671
    324.00   999.99    1.677
    324.31   999.99    1.683
    324.61   999.99    1.689
    324.92   999.99    1.698
    325.22   999.99    1.704
    325.53   999.99    1.711
    325.83   999.99    1.719
    326.14   999.99    1.728
    326.44   999.99    1.736
    326.75   999.99    1.746
    327.05   999.99    1.756
    327.36   999.99    1.767
    327.66   999.99    1.776
    327.97   999.99    1.787
    328.27   999.99    1.798
    328.58   999.99    1.807
    328.88   999.99    1.815
    329.18   999.99    1.823
    329.49   999.99    1.831
    329.79   999.99    1.839
    330.10   999.99    1.847
    330.40   999.99    1.856
    330.71   999.99    1.865
    331.01   999.99    1.874
    331.32   999.99    1.884
    331.62   999.99    1.892
    331.93   999.99    1.899
    332.23   999.99    1.907
    332.54   999.99    1.917
    332.84   999.99    1.926
    333.15   999.99    1.934
    333.45   999.99    1.941
    333.76   999.99    1.947
    334.06   999.99    1.953
    334.37   999.99    1.962
    334.67   999.99    1.969
    334.98   999.99    1.975
    335.28   999.99    1.987
    335.59   999.99    2.028
    335.89   999.99    2.029
    336.20   999.99    2.034
    336.50   999.99    2.041
    336.80   999.99    2.049
    337.11   999.99    2.057
    337.41   999.99    2.064
    337.72   999.99    2.071
    338.02   999.99    2.080
    338.33   999.99    2.088
    338.63   999.99    2.097
    338.94   999.99    2.104
    339.24   999.99    2.112
    339.55   999.99    2.118
    339.85   999.99    2.125
    340.16   999.99    2.133
    340.46   999.99    2.144
    340.77   999.99    2.154
    341.07   999.99    2.164
    341.38   999.99    2.173
    341.68   999.99    2.181
    341.99   999.99    2.187
    342.29   999.99    2.196
    342.60   999.99    2.202
    342.90   999.99    2.210
    343.21   999.99    2.220
    343.51   999.99    2.229
    343.82   999.99    2.237
    344.12   999.99    2.245
    344.42   999.99    2.255
    344.73   999.99    2.264
    345.03   999.99    2.270
    345.34   999.99    2.278
    345.64   999.99    2.288
    345.95   999.99    2.298
    346.25   999.99    2.309
    346.56   999.99    2.318
    346.86   999.99    2.326
    347.17   999.99    2.334
    347.47   999.99    2.344
    347.78   999.99    2.356
    348.08   999.99    2.366
    348.39   999.99    2.374
    348.69   999.99    2.384
    349.00   999.99    2.391
    349.30   999.99    2.399
    349.61   999.99    2.408
    349.91   999.99    2.417
    350.22   999.99    2.427
    350.52   999.99    2.435
    350.83   999.99    2.445
    351.13   999.99    2.455
    351.44   999.99    2.464
    351.74   999.99    2.475
    352.04   999.99    2.484
    352.35   999.99    2.494
    352.65   999.99    2.502
    352.96   999.99    2.512
    353.26   999.99    2.523
    353.57   999.99    2.533
    353.87   999.99    2.542
    354.18   999.99    2.549
    354.48   999.99    2.558
    354.79   999.99    2.565
    355.09   999.99    2.573
    355.40   999.99    2.580
    355.70   999.99    2.589
    356.01   999.99    2.599
    356.31   999.99    2.609
    356.62   999.99    2.618
    356.92   999.99    2.630
    357.23   999.99    2.641
    357.53   999.99    2.649
    357.84   999.99    2.656
    358.14   999.99    2.664
    358.45   999.99    2.672
    358.75   999.99    2.681
    359.06   999.99    2.693
    359.36   999.99    2.703
    359.66   999.99    2.714
    359.97   999.99    2.724
    360.27   999.99    2.733
    360.58   999.99    2.742
    360.88   999.99    2.750
    361.19   999.99    2.758
    361.49   999.99    2.768
    361.80   999.99    2.778
    362.10   999.99    2.786
    362.41   999.99    2.794
    362.71   999.99    2.803
    363.02   999.99    2.812
    363.32   999.99    2.820
    363.63   999.99    2.829
    363.93   999.99    2.837
    364.24   999.99    2.847
    364.54   999.99    2.855
    364.85   999.99    2.861
    365.15   999.99    2.872
    365.46   999.99    2.883
    365.76   999.99    2.890
    366.07   999.99    2.899
    366.37   999.99    2.907
    366.68   999.99    2.919
    366.98   999.99    2.930
    367.28   999.99    2.937
    367.59   999.99    2.945
    367.89   999.99    2.953
    368.20   999.99    2.962
    368.50   999.99    2.972
    368.81   999.99    2.978
    369.11   999.99    2.986
    369.42   999.99    2.994
    369.72   999.99    3.003
    370.03   999.99    3.011
    370.33   999.99    3.019
    370.64   999.99    3.023
    370.94   999.99    3.031
    371.25   999.99    3.037
    371.55   999.99    3.043
    371.86   999.99    3.052
    372.16   999.99    3.062
    372.47   999.99    3.073
    372.77   999.99    3.083
    373.08   999.99    3.093
    373.38   999.99    3.102
    373.69   999.99    3.109
    373.99   999.99    3.120
    374.30   999.99    3.132
    374.60   999.99    3.141
    374.90   999.99    3.150
    375.21   999.99    3.157
    375.51   999.99    3.166
    375.82   999.99    3.174
    376.12   999.99    3.182
    376.43   999.99    3.191
    376.73   999.99    3.200
    377.04   999.99    3.210
    377.34   999.99    3.219
    377.65   999.99    3.228
    377.95   999.99    3.235
    378.26   999.99    3.245
    378.56   999.99    3.254
    378.87   999.99    3.264
    379.17   999.99    3.273
    379.48   999.99    3.280
    379.78   999.99    3.286
    380.09   999.99    3.296
    380.39   999.99    3.306
    380.70   999.99    3.315
    381.00   999.99    3.322
    381.31   999.99    3.332
    381.61   999.99    3.339
    381.92   999.99    3.345
    382.22   999.99    3.355
    382.52   999.99    3.364
    382.83   999.99    3.373
    383.13   999.99    3.382
    383.44   999.99    3.391
    383.74   999.99    3.398
    384.05   999.99    3.407
    384.35   999.99    3.415
    384.66   999.99    3.425
    384.96   999.99    3.436
    385.27   999.99    3.444
    385.57   999.99    3.453
    385.88   999.99    3.461
    386.18   999.99    3.469
    386.49   999.99    3.478
    386.79   999.99    3.485
    387.10   999.99    3.495
    387.40   999.99    3.505
    387.71   999.99    3.517
    388.01   999.99    3.526
    388.32   999.99    3.534
    388.62   999.99    3.541
    388.93   999.99    3.548
    389.23   999.99    3.557
    389.54   999.99    3.564
    389.84   999.99    3.573
    390.14   999.99    3.580
    390.45   999.99    3.587
    390.75   999.99    3.597
    391.06   999.99    3.609
    391.36   999.99    3.619
    391.67   999.99    3.630
    391.97   999.99    3.638
    392.28   999.99    3.648
    392.58   999.99    3.655
    392.89   999.99    3.664
    393.19   999.99    3.674
    393.50   999.99    3.682
    393.80   999.99    3.694
    394.11   999.99    3.702
    394.41   999.99    3.711
    394.72   999.99    3.720
    395.02   999.99    3.727
    395.33   999.99    3.735
    395.63   999.99    3.746
    395.94   999.99    3.756
    396.24   999.99    3.767
    396.55   999.99    3.774
    396.85   999.99    3.783
    397.16   999.99    3.791
    397.46   999.99    3.801
    397.76   999.99    3.810
    398.07   999.99    3.819
    398.37   999.99    3.827
    398.68   999.99    3.835
    398.98   999.99    3.842
    399.29   999.99    3.847
    399.59   999.99    3.855
    399.90   999.99    3.861
    400.20   999.99    3.869
    400.51   999.99    3.878
    400.81   999.99    3.887
    401.12   999.99    3.895
    401.42   999.99    3.902
    401.73   999.99    3.912
    402.03   999.99    3.919
    402.34   999.99    3.929
    402.64   999.99    3.936
    402.95   999.99    3.945
    403.25   999.99    3.957
    403.56   999.99    3.968
    403.86   999.99    3.975
    404.17   999.99    3.982
    404.47   999.99    3.990
    404.78   999.99    4.000
    405.08   999.99    4.008
    405.38   999.99    4.015
    405.69   999.99    4.024
    405.99   999.99    4.035
    406.30   999.99    4.050
    406.60   999.99    4.058
    406.91   999.99    4.065
    407.21   999.99    4.073
    407.52   999.99    4.079
    407.82   999.99    4.085
    408.13   999.99    4.094
    408.43   999.99    4.101
    408.74   999.99    4.112
    409.04   999.99    4.123
    409.35   999.99    4.127
    409.65   999.99    4.135
    409.96   999.99    4.143
    410.26   999.99    4.151
    410.57   999.99    4.156
    410.87   999.99    4.164
    411.18   999.99    4.173
    411.48   999.99    4.183
    411.79   999.99    4.191
    412.09   999.99    4.200
    412.40   999.99    4.207
    412.70   999.99    4.215
    413.00   999.99    4.224
    413.31   999.99    4.231
    413.61   999.99    4.242
    413.92   999.99    4.254
    414.22   999.99    4.264
    414.53   999.99    4.272
    414.83   999.99    4.280
    415.14   999.99    4.289
    415.44   999.99    4.296
    415.75   999.99    4.304
    416.05   999.99    4.313
    416.36   999.99    4.322
    416.66   999.99    4.332
    416.97   999.99    4.342
    417.27   999.99    4.350
    417.58   999.99    4.359
    417.88   999.99    4.368
    418.19   999.99    4.376
    418.49   999.99    4.385
    418.80   999.99    4.393
    419.10   999.99    4.402
    419.41   999.99    4.411
    419.71   999.99    4.420
    420.02   999.99    4.429
    420.32   999.99    4.438
    420.62   999.99    4.447
    420.93   999.99    4.456
    421.23   999.99    4.466
    421.54   999.99    4.475
    421.84   999.99    4.483
    422.15   999.99    4.491
    422.45   999.99    4.500
    422.76   999.99    4.510
    423.06   999.99    4.520
    423.37   999.99    4.529
    423.67   999.99    4.540
    423.98   999.99    4.548
    424.28   999.99    4.558
    424.59   999.99    4.567
    424.89   999.99    4.578
    425.20   999.99    4.590
    425.50   999.99    4.600
    425.81   999.99    4.608
    426.11   999.99    4.615
    426.42   999.99    4.622
    426.72   999.99    4.631
    427.03   999.99    4.695
    427.33   999.99    4.695
    427.64   999.99    4.694
    427.94   999.99    4.697
    428.24   999.99    4.700
    428.55   999.99    4.706
    428.85   999.99    4.712
    429.16   999.99    4.719
    429.46   999.99    4.725
    429.77   999.99    4.734
    430.07   999.99    4.745
    430.38   999.99    4.755
    430.68   999.99    4.764
    430.99   999.99    4.772
    431.29   999.99    4.782
    431.60   999.99    4.790
    431.90   999.99    4.800
    432.21   999.99    4.808
    432.51   999.99    4.816
    432.82   999.99    4.825
    433.12   999.99    4.837
    433.43   999.99    4.847
    433.73   999.99    4.858
    434.04   999.99    4.867
    434.34   999.99    4.877
    434.65   999.99    4.890
    434.95   999.99    4.901
    435.26   999.99    4.909
    435.56   999.99    4.918
    435.86   999.99    4.925
    436.17   999.99    4.933
    436.47   999.99    4.942
    436.78   999.99    4.950
    437.08   999.99    4.960
    437.39   999.99    4.970
    437.69   999.99    4.980
    438.00   999.99    4.991
    438.30   999.99    4.998
    438.61   999.99    5.007
    438.91   999.99    5.015
    439.22   999.99    5.026
    439.52   999.99    5.037
    439.83   999.99    5.046
    440.13   999.99    5.054
    440.44   999.99    5.063
    440.74   999.99    5.073
    441.05   999.99    5.083
    441.35   999.99    5.092
    441.66   999.99    5.103
    441.96   999.99    5.114
    442.27   999.99    5.123
    442.57   999.99    5.133
    442.88   999.99    5.141
    443.18   999.99    5.152
    443.48   999.99    5.160
    443.79   999.99    5.168
    444.09   999.99    5.176
    444.40   999.99    5.185
    444.70   999.99    5.196
    445.01   999.99    5.207
    445.31   999.99    5.216
    445.62   999.99    5.225
    445.92   999.99    5.235
    446.23   999.99    5.246
    446.53   999.99    5.257
    446.84   999.99    5.265
    447.14   999.99    5.273
    447.45   999.99    5.280
    447.75   999.99    5.289
    448.06   999.99    5.299
    448.36   999.99    5.307
    448.67   999.99    5.319
    448.97   999.99    5.330
    449.28   999.99    5.342
    449.58   999.99    5.351
    449.89   999.99    5.363
    450.19   999.99    5.374
    450.50   999.99    5.383
    450.80   999.99    5.391
    451.10   999.99    5.402
    451.41   999.99    5.411
    451.71   999.99    5.423
    452.02   999.99    5.434
    452.32   999.99    5.446
    452.63   999.99    5.456
    452.93   999.99    5.466
    453.24   999.99    5.474
    453.54   999.99    5.481
    453.85   999.99    5.493
    454.15   999.99    5.503
    454.46   999.99    5.512
    454.76   999.99    5.523
    455.07   999.99    5.532
    455.37   999.99    5.543
    455.68   999.99    5.553
    455.98   999.99    5.563
    456.29   999.99    5.572
    456.59   999.99    5.581
    456.90   999.99    5.590
    457.20   999.99    5.599
    457.51   999.99    5.611
    457.81   999.99    5.621
    458.12   999.99    5.629
    458.42   999.99    5.641
    458.72   999.99    5.651
    459.03   999.99    5.663
    459.33   999.99    5.673
    459.64   999.99    5.685
    459.94   999.99    5.699
    460.25   999.99    5.709
    460.55   999.99    5.719
    460.86   999.99    5.730
    461.16   999.99    5.739
    461.47   999.99    5.749
    461.77   999.99    5.760
    462.08   999.99    5.770
    462.38   999.99    5.779
    462.69   999.99    5.787
    462.99   999.99    5.796
    463.30   999.99    5.802
    463.60   999.99    5.813
    463.91   999.99    5.820
    464.21   999.99    5.829
    464.52   999.99    5.837
    464.82   999.99    5.851
    465.13   999.99    5.863
    465.43   999.99    5.874
    465.74   999.99    5.881
    466.04   999.99    5.893
    466.34   999.99    5.903
    466.65   999.99    5.917
    466.95   999.99    5.930
    467.26   999.99    5.940
    467.56   999.99    5.949
    467.87   999.99    5.960
    468.17   999.99    5.973
    468.48   999.99    5.982
    468.78   999.99    5.991
    469.09   999.99    5.999
    469.39   999.99    6.007
    469.70   999.99    6.017
    470.00   999.99    6.029
    470.31   999.99    6.039
    470.61   999.99    6.050
    470.92   999.99    6.058
    471.22   999.99    6.064
    471.53   999.99    6.070
    471.83   999.99    6.078
    472.14   999.99    6.089
    472.44   999.99    6.101
    472.75   999.99    6.112
    473.05   999.99    6.122
    473.36   999.99    6.131
    473.66   999.99    6.139
    473.96   999.99    6.150
    474.27   999.99    6.159
    474.57   999.99    6.170
    474.88   999.99    6.183
    475.18   999.99    6.193
    475.49   999.99    6.202
    475.79   999.99    6.211
    476.10   999.99    6.222
    476.40   999.99    6.232
    476.71   999.99    6.244
    477.01   999.99    6.255
    477.32   999.99    6.265
    477.62   999.99    6.274
    477.93   999.99    6.285
    478.23   999.99    6.293
    478.54   999.99    6.302
    478.84   999.99    6.316
    479.15   999.99    6.326
    479.45   999.99    6.337
    479.76   999.99    6.348
    480.06   999.99    6.357
    480.37   999.99    6.367
    480.67   999.99    6.377
    480.98   999.99    6.386
    481.28   999.99    6.394
    481.58   999.99    6.403
    481.89   999.99    6.416
    482.19   999.99    6.426
    482.50   999.99    6.436
    482.80   999.99    6.444
    483.11   999.99    6.451
    483.41   999.99    6.460
    483.72   999.99    6.469
    484.02   999.99    6.478
    484.33   999.99    6.489
    484.63   999.99    6.500
    484.94   999.99    6.511
    485.24   999.99    6.521
    485.55   999.99    6.530
    485.85   999.99    6.540
    486.16   999.99    6.548
    486.46   999.99    6.556
    486.77   999.99    6.566
    487.07   999.99    6.578
    487.38   999.99    6.589
    487.68   999.99    6.599
    487.99   999.99    6.607
    488.29   999.99    6.614
    488.60   999.99    6.623
    488.90   999.99    6.634
    489.20   999.99    6.646
    489.51   999.99    6.657
    489.81   999.99    6.664
    490.12   999.99    6.672
    490.42   999.99    6.681
    490.73   999.99    6.691
    491.03   999.99    6.701
    491.34   999.99    6.713
    491.64   999.99    6.722
    491.95   999.99    6.732
    492.25   999.99    6.743
    492.56   999.99    6.753
    492.86   999.99    6.764
    493.17   999.99    6.773
    493.47   999.99    6.781
    493.78   999.99    6.789
    494.08   999.99    6.798
    494.39   999.99    6.806
    494.69   999.99    6.812
    495.00   999.99    6.820
    495.30   999.99    6.829
    495.61   999.99    6.837
    495.91   999.99    6.844
    496.22   999.99    6.852
    496.52   999.99    6.859
    496.83   999.99    6.869
    497.13   999.99    6.879
    497.43   999.99    6.888
    497.74   999.99    6.897
    498.04   999.99    6.907
    498.35   999.99    6.916
    498.65   999.99    6.925
    498.96   999.99    6.935
    499.26   999.99    6.942
    499.57   999.99    6.953
    499.87   999.99    6.962
    500.18   999.99    6.973
    500.48   999.99    6.984
    500.79   999.99    6.994
    501.09   999.99    7.005
    501.40   999.99    7.016
    501.70   999.99    7.027
    502.01   999.99    7.037
    502.31   999.99    7.046
    502.62   999.99    7.056
    502.92   999.99    7.062
    503.23   999.99    7.070
    503.53   999.99    7.081
    503.84   999.99    7.092
    504.14   999.99    7.101
    504.45   999.99    7.113
    504.75   999.99    7.123
    505.05   999.99    7.132
    505.36   999.99    7.143
    505.66   999.99    7.155
    505.97   999.99    7.164
    506.27   999.99    7.172
    506.58   999.99    7.181
    506.88   999.99    7.189
    507.19   999.99    7.201
    507.49   999.99    7.211
    507.80   999.99    7.219
    508.10   999.99    7.228
    508.41   999.99    7.237
    508.71   999.99    7.248
    509.02   999.99    7.258
    509.32   999.99    7.269
    509.63   999.99    7.277
    509.93   999.99    7.287
    510.24   999.99    7.297
    510.54   999.99    7.308
    510.85   999.99    7.318
    511.15   999.99    7.328
    511.46   999.99    7.337
    511.76   999.99    7.345
    512.07   999.99    7.354
    512.37   999.99    7.363
    512.67   999.99    7.374
    512.98   999.99    7.382
    513.28   999.99    7.391
    513.59   999.99    7.402
    513.89   999.99    7.412
    514.20   999.99    7.422
    514.50   999.99    7.431
    514.81   999.99    7.440
    515.11   999.99    7.450
    515.42   999.99    7.461
    515.72   999.99    7.470
    516.03   999.99    7.479
    516.33   999.99    7.487
    516.64   999.99    7.498
    516.94   999.99    7.507
    517.25   999.99    7.516
    517.55   999.99    7.525
    517.86   999.99    7.534
    518.16   999.99    7.544
    518.47   999.99    7.591
    518.77   999.99    7.594
    519.08   999.99    7.598
    519.38   999.99    7.603
    519.69   999.99    7.608
    519.99   999.99    7.616
    520.29   999.99    7.621
    520.60   999.99    7.630
    520.90   999.99    7.638
    521.21   999.99    7.647
    521.51   999.99    7.653
    521.82   999.99    7.660
    522.12   999.99    7.667
    522.43   999.99    7.677
    522.73   999.99    7.684
    523.04   999.99    7.691
    523.34   999.99    7.700
    523.65   999.99    7.708
    523.95   999.99    7.716
    524.26   999.99    7.728
    524.56   999.99    7.739
    524.87   999.99    7.747
    525.17   999.99    7.756
    525.48   999.99    7.768
    525.78   999.99    7.778
    526.09   999.99    7.786
    526.39   999.99    7.798
    526.70   999.99    7.807
    527.00   999.99    7.814
    527.31   999.99    7.823
    527.61   999.99    7.829
    527.91   999.99    7.837
    528.22   999.99    7.847
    528.52   999.99    7.857
    528.83   999.99    7.867
    529.13   999.99    7.876
    529.44   999.99    7.884
    529.74   999.99    7.892
    530.05   999.99    7.902
    530.35   999.99    7.911
    530.66   999.99    7.921
    530.96   999.99    7.929
    531.27   999.99    7.939
    531.57   999.99    7.948
    531.88   999.99    7.956
    532.18   999.99    7.961
    532.49   999.99    7.970
    532.79   999.99    7.979
    533.10   999.99    7.985
    533.40   999.99    7.994
    533.71   999.99    8.004
    534.01   999.99    8.013
    534.32   999.99    8.024
    534.62   999.99    8.034
    534.92   999.99    8.047
    535.23   999.99    8.055
    535.53   999.99    8.062
    535.84   999.99    8.069
    536.14   999.99    8.081
    536.45   999.99    8.088
    536.75   999.99    8.095
    537.06   999.99    8.105
    537.36   999.99    8.114
    537.67   999.99    8.125
    537.97   999.99    8.133
    538.28   999.99    8.141
    538.58   999.99    8.149
    538.89   999.99    8.155
    539.19   999.99    8.162
    539.50   999.99    8.172
    539.80   999.99    8.180
    540.11   999.99    8.186
    540.41   999.99    8.193
    540.72   999.99    8.199
    541.02   999.99    8.209
    541.33   999.99    8.218
    541.63   999.99    8.227
    541.94   999.99    8.236
    542.24   999.99    8.245
    542.55   999.99    8.254
    542.85   999.99    8.263
    543.15   999.99    8.271
    543.46   999.99    8.282
    543.76   999.99    8.293
    544.07   999.99    8.301
    544.37   999.99    8.308
    544.68   999.99    8.315
    544.98   999.99    8.323
    545.29   999.99    8.333
    545.59   999.99    8.341
    545.90   999.99    8.348
    546.20   999.99    8.357
    546.51   999.99    8.365
    546.81   999.99    8.372
    547.12   999.99    8.379
    547.42   999.99    8.388
    547.73   999.99    8.393
    548.03   999.99    8.401
    548.34   999.99    8.409
    548.64   999.99    8.416
    548.95   999.99    8.423
    549.25   999.99    8.430
    549.56   999.99    8.437
    549.86   999.99    8.442
    550.17   999.99    8.451
    550.47   999.99    8.456
    550.77   999.99    8.462
    551.08   999.99    8.469
    551.38   999.99    8.478
    551.69   999.99    8.485
    551.99   999.99    8.490
    552.30   999.99    8.498
    552.60   999.99    8.505
    552.91   999.99    8.511
    553.21   999.99    8.518
    553.52   999.99    8.526
    553.82   999.99    8.531
    554.13   999.99    8.539
    554.43   999.99    8.548
    554.74   999.99    8.555
    555.04   999.99    8.563
    555.35   999.99    8.569
    555.65   999.99    8.575
    555.96   999.99    8.581
    556.26   999.99    8.588
    556.57   999.99    8.595
    556.87   999.99    8.602
    557.18   999.99    8.608
    557.48   999.99    8.615
    557.79   999.99    8.623
    558.09   999.99    8.629
    558.39   999.99    8.638
    558.70   999.99    8.644
    559.00   999.99    8.651
    559.31   999.99    8.659
    559.61   999.99    8.665
    559.92   999.99    8.670
    560.22   999.99    8.679
    560.53   999.99    8.686
    560.83   999.99    8.695
    561.14   999.99    8.704
    561.44   999.99    8.708
    561.75   999.99    8.713
    562.05   999.99    8.717
    562.36   999.99    8.724
    562.66   999.99    8.733
    562.97   999.99    8.739
    563.27   999.99    8.747
    563.58   999.99    8.752
    563.88   999.99    8.759
    564.19   999.99    8.768
    564.49   999.99    8.775
    564.80   999.99    8.782
    565.10   999.99    8.788
    565.41   999.99    8.795
    565.71   999.99    8.802
    566.01   999.99    8.809
    566.32   999.99    8.816
    566.62   999.99    8.822
    566.93   999.99    8.829
    567.23   999.99    8.838
    567.54   999.99    8.845
    567.84   999.99    8.852
    568.15   999.99    8.859
    568.45   999.99    8.865
    568.76   999.99    8.871
    569.06   999.99    8.879
    569.37   999.99    8.886
    569.67   999.99    8.893
    569.98   999.99    8.898
    570.28   999.99    8.906
    570.59   999.99    8.914
    570.89   999.99    8.921
    571.20   999.99    8.927
    571.50   999.99    8.934
    571.81   999.99    8.939
    572.11   999.99    8.948
    572.42   999.99    8.955
    572.72   999.99    8.962
    573.03   999.99    8.970
    573.33   999.99    8.977
    573.63   999.99    8.984
    573.94   999.99    8.991
    574.24   999.99    9.000
    574.55   999.99    9.008
    574.85   999.99    9.013
    575.16   999.99    9.020
    575.46   999.99    9.027
    575.77   999.99    9.033
    576.07   999.99    9.039
    576.38   999.99    9.047
    576.68   999.99    9.055
    576.99   999.99    9.061
    577.29   999.99    9.069
    577.60   999.99    9.078
    577.90   999.99    9.084
    578.21   999.99    9.091
    578.51   999.99    9.098
    578.82   999.99    9.105
    579.12   999.99    9.113
    579.43   999.99    9.119
    579.73   999.99    9.127
    580.04   999.99    9.134
    580.34   999.99    9.141
    580.65   999.99    9.146
    580.95   999.99    9.154
    581.25   999.99    9.161
    581.56   999.99    9.169
    581.86   999.99    9.177
    582.17   999.99    9.184
    582.47   999.99    9.190
    582.78   999.99    9.197
    583.08   999.99    9.204
    583.39   999.99    9.211
    583.69   999.99    9.218
    584.00   999.99    9.225
    584.30   999.99    9.232
    584.61   999.99    9.239
    584.91   999.99    9.245
    585.22   999.99    9.250
    585.52   999.99    9.258
    585.83   999.99    9.265
    586.13   999.99    9.274
    586.44   999.99    9.281
    586.74   999.99    9.289
    587.05   999.99    9.298
    587.35   999.99    9.304
    587.66   999.99    9.311
    587.96   999.99    9.318
    588.27   999.99    9.326
    588.57   999.99    9.332
    588.87   999.99    9.340
    589.18   999.99    9.349
    589.48   999.99    9.356
    589.79   999.99    9.365
    590.09   999.99    9.371
    590.40   999.99    9.378
    590.70   999.99    9.387
    591.01   999.99    9.393
    591.31   999.99    9.401
    591.62   999.99    9.409
    591.92   999.99    9.416
    592.23   999.99    9.426
    592.53   999.99    9.435
    592.84   999.99    9.442
    593.14   999.99    9.449
    593.45   999.99    9.456
    593.75   999.99    9.463
    594.06   999.99    9.471
    594.36   999.99    9.479
    594.67   999.99    9.487
    594.97   999.99    9.494
    595.28   999.99    9.502
    595.58   999.99    9.511
    595.89   999.99    9.519
    596.19   999.99    9.527
    596.49   999.99    9.533
    596.80   999.99    9.540
    597.10   999.99    9.548
    597.41   999.99    9.555
    597.71   999.99    9.563
    598.02   999.99    9.571
    598.32   999.99    9.580
    598.63   999.99    9.588
    598.93   999.99    9.595
    599.24   999.99    9.602
    599.54   999.99    9.611
    599.85   999.99    9.621
    600.15   999.99    9.628
    600.46   999.99    9.636
    600.76   999.99    9.644
    601.07   999.99    9.651
    601.37   999.99    9.657
    601.68   999.99    9.664
    601.98   999.99    9.674
    602.29   999.99    9.682
    602.59   999.99    9.688
    602.90   999.99    9.696
    603.20   999.99    9.705
    603.51   999.99    9.716
    603.81   999.99    9.725
    604.11   999.99    9.735
    604.42   999.99    9.744
    604.72   999.99    9.751
    605.03   999.99    9.759
    605.33   999.99    9.767
    605.64   999.99    9.775
    605.94   999.99    9.783
    606.25   999.99    9.791
    606.55   999.99    9.798
    606.86   999.99    9.808
    607.16   999.99    9.816
    607.47   999.99    9.825
    607.77   999.99    9.832
    608.08   999.99    9.841
    608.38   999.99    9.850
    608.69   999.99    9.860
    608.99   999.99    9.869
    609.30   999.99    9.878
    609.60   999.99    9.886
    609.91   999.99    9.927
    610.21   999.99    9.927
    610.52   999.99    9.930
    610.82   999.99    9.936
    611.13   999.99    9.946
    611.43   999.99    9.954
    611.73   999.99    9.965
    612.04   999.99    9.976
    612.34   999.99    9.984
    612.65   999.99    9.991
    612.95   999.99   10.000
    613.26   999.99   10.005
    613.56   999.99   10.013
    613.87   999.99   10.021
    614.17   999.99   10.029
    614.48   999.99   10.038
    614.78   999.99   10.047
    615.09   999.99   10.056
    615.39   999.99   10.067
    615.70   999.99   10.076
    616.00   999.99   10.085
    616.31   999.99   10.092
    616.61   999.99   10.100
    616.92   999.99   10.111
    617.22   999.99   10.120
    617.53   999.99   10.131
    617.83   999.99   10.141
    618.14   999.99   10.150
    618.44   999.99   10.159
    618.75   999.99   10.172
    619.05   999.99   10.184
    619.35   999.99   10.192
    619.66   999.99   10.203
    619.96   999.99   10.210
    620.27   999.99   10.218
    620.57   999.99   10.228
    620.88   999.99   10.238
    621.18   999.99   10.247
    621.49   999.99   10.256
    621.79   999.99   10.267
    622.10   999.99   10.277
    622.40   999.99   10.287
    622.71   999.99   10.294
    623.01   999.99   10.300
    623.32   999.99   10.307
    623.62   999.99   10.316
    623.93   999.99   10.324
    624.23   999.99   10.332
    624.54   999.99   10.343
    624.84   999.99   10.354
    625.15   999.99   10.362
    625.45   999.99   10.369
    625.76   999.99   10.378
    626.06   999.99   10.388
    626.37   999.99   10.398
    626.67   999.99   10.407
    626.97   999.99   10.415
    627.28   999.99   10.424
    627.58   999.99   10.433
    627.89   999.99   10.442
    628.19   999.99   10.449
    628.50   999.99   10.457
    628.80   999.99   10.466
    629.11   999.99   10.475
    629.41   999.99   10.484
    629.72   999.99   10.492
    630.02   999.99   10.497
    630.33   999.99   10.504
    630.63   999.99   10.513
    630.94   999.99   10.520
    631.24   999.99   10.529
    631.55   999.99   10.536
    631.85   999.99   10.543
    632.16   999.99   10.550
    632.46   999.99   10.558
    632.77   999.99   10.566
    633.07   999.99   10.573
    633.38   999.99   10.580
    633.68   999.99   10.589
    633.99   999.99   10.596
    634.29   999.99   10.602
    634.59   999.99   10.609
    634.90   999.99   10.616
    635.20   999.99   10.625
    635.51   999.99   10.632
    635.81   999.99   10.640
    636.12   999.99   10.648
    636.42   999.99   10.657
    636.73   999.99   10.665
    637.03   999.99   10.674
    637.34   999.99   10.682
    637.64   999.99   10.691
    637.95   999.99   10.700
    638.25   999.99   10.708
    638.56   999.99   10.714
    638.86   999.99   10.722
    639.17   999.99   10.739
    639.47   999.99   10.746
    639.78   999.99   10.754
    640.08   999.99   10.761
    640.39   999.99   10.770
    640.69   999.99   10.778
    641.00   999.99   10.787
    641.30   999.99   10.796
    641.61   999.99   10.803
    641.91   999.99   10.810
    642.21   999.99   10.817
    642.52   999.99   10.824
    642.82   999.99   10.834
    643.13   999.99   10.841
    643.43   999.99   10.848
    643.74   999.99   10.858
    644.04   999.99   10.864
    644.35   999.99   10.873
    644.65   999.99   10.882
    644.96   999.99   10.889
    645.26   999.99   10.896
    645.57   999.99   10.902
    645.87   999.99   10.908
    646.18   999.99   10.914
    646.48   999.99   10.924
    646.79   999.99   10.934
    647.09   999.99   10.942
    647.40   999.99   10.950
    647.70   999.99   10.956
    648.01   999.99   10.963
    648.31   999.99   10.973
    648.62   999.99   10.983
    648.92   999.99   10.993
    649.23   999.99   11.007
    649.53   999.99   11.017
    649.83   999.99   11.027
    650.14   999.99   11.037
    650.44   999.99   11.044
    650.75   999.99   11.051
    651.05   999.99   11.060
    651.36   999.99   11.070
    651.66   999.99   11.078
    651.97   999.99   11.089
    652.27   999.99   11.098
    652.58   999.99   11.109
    652.88   999.99   11.118
    653.19   999.99   11.130
    653.49   999.99   11.138
    653.80   999.99   11.147
    654.10   999.99   11.155
    654.41   999.99   11.165
    654.71   999.99   11.175
    655.02   999.99   11.187
    655.32   999.99   11.194
    655.63   999.99   11.204
    655.93   999.99   11.212
    656.24   999.99   11.220
    656.54   999.99   11.229
    656.85   999.99   11.236
    657.15   999.99   11.244
    657.45   999.99   11.253
    657.76   999.99   11.260
    658.06   999.99   11.268
    658.37   999.99   11.276
    658.67   999.99   11.283
    658.98   999.99   11.291
    659.28   999.99   11.297
    659.59   999.99   11.304
    659.89   999.99   11.309
    660.20   999.99   11.313
    660.50   999.99   11.316
    660.81   999.99   11.320
    661.11   999.99   11.327
    661.42   999.99   11.332
    661.72   999.99   11.336
    662.03   999.99   11.341
    662.33   999.99   11.345
    662.64   999.99   11.348
    662.94   999.99   11.351
    663.25   999.99   11.362
    663.55   999.99   11.387
    663.86   999.99   11.403
    664.16   999.99   11.420
    664.47   999.99   11.430
    664.77   999.99   11.441
    665.08   999.99   11.451
    665.38   999.99   11.457
    665.68   999.99   11.464
    665.99   999.99   11.470
    666.29   999.99   11.477
    666.60   999.99   11.482
    666.90   999.99   11.489
    667.21   999.99   11.496
    667.51   999.99   11.504
    667.82   999.99   11.513
    668.12   999.99   11.520
    668.43   999.99   11.526
    668.73   999.99   11.538
    669.04   999.99   11.550
    669.34   999.99   11.560
    669.65   999.99   11.571
    669.95   999.99   11.584
    670.26   999.99   11.594
    670.56   999.99   11.602
    670.87   999.99   11.613
    671.17   999.99   11.625
    671.48   999.99   11.637
    671.78   999.99   11.647
    672.09   999.99   11.659
    672.39   999.99   11.669
    672.69   999.99   11.681
    673.00   999.99   11.690
    673.30   999.99   11.700
    673.61   999.99   11.708
    673.91   999.99   11.715
    674.22   999.99   11.721
    674.52   999.99   11.728
    674.83   999.99   11.735
    675.13   999.99   11.743
    675.44   999.99   11.751
    675.74   999.99   11.759
    676.05   999.99   11.767
    676.35   999.99   11.772
    676.66   999.99   11.776
    676.96   999.99   11.781
    677.27   999.99   11.786
    677.57   999.99   11.791
    677.88   999.99   11.797
    678.18   999.99   11.799
    678.49   999.99   11.805
    678.79   999.99   11.808
    679.10   999.99   11.812
    679.40   999.99   11.816
    679.71   999.99   11.822
    680.01   999.99   11.825
    680.31   999.99   11.829
    680.62   999.99   11.836
    680.92   999.99   11.840
    681.23   999.99   11.844
    681.53   999.99   11.846
    681.84   999.99   11.849
    682.14   999.99   11.853
    682.45   999.99   11.856
    682.75   999.99   11.858
    683.06   999.99   11.861
    683.36   999.99   11.865
    683.67   999.99   11.867
    683.97   999.99   11.870
    684.28   999.99   11.873
    684.58   999.99   11.875
    684.89   999.99   11.878
    685.19   999.99   11.882
    685.50   999.99   11.886
    685.80   999.99   11.890
    686.11   999.99   11.895
    686.41   999.99   11.898
    686.72   999.99   11.903
    687.02   999.99   11.908
    687.33   999.99   11.912
    687.63   999.99   11.917
    687.93   999.99   11.922
    688.24   999.99   11.928
    688.54   999.99   11.936
    688.85   999.99   11.941
    689.15   999.99   11.947
    689.46   999.99   11.953
    689.76   999.99   11.957
    690.07   999.99   11.962
    690.37   999.99   11.965
    690.68   999.99   11.967
    690.98   999.99   11.971
    691.29   999.99   11.980
    691.59   999.99   11.988
    691.90   999.99   11.996
    692.20   999.99   12.004
    692.51   999.99   12.011
    692.81   999.99   12.017
    693.12   999.99   12.024
    693.42   999.99   12.036
    693.73   999.99   12.046
    694.03   999.99   12.057
    694.34   999.99   12.067
    694.64   999.99   12.077
    694.95   999.99   12.085
    695.25   999.99   12.093
    695.55   999.99   12.103
    695.86   999.99   12.115
    696.16   999.99   12.127
    696.47   999.99   12.139
    696.77   999.99   12.148
    697.08   999.99   12.159
    697.38   999.99   12.171
    697.69   999.99   12.182
    697.99   999.99   12.194
    698.30   999.99   12.202
    698.60   999.99   12.212
    698.91   999.99   12.220
    699.21   999.99   12.228
    699.52   999.99   12.233
    699.82   999.99   12.244
    700.13   999.99   12.256
    700.43   999.99   12.266
    700.74   999.99   12.275
    701.04   999.99   12.284
    701.35   999.99   12.350
    701.65   999.99   12.351
    701.96   999.99   12.351
    702.26   999.99   12.355
    702.57   999.99   12.359
    702.87   999.99   12.363
    703.17   999.99   12.367
    703.48   999.99   12.371
    703.78   999.99   12.378
    704.09   999.99   12.385
    704.39   999.99   12.391
    704.70   999.99   12.399
    705.00   999.99   12.408
    705.31   999.99   12.414
    705.61   999.99   12.421
    705.92   999.99   12.429
    706.22   999.99   12.437
    706.53   999.99   12.444
    706.83   999.99   12.453
    707.14   999.99   12.461
    707.44   999.99   12.468
    707.75   999.99   12.475
    708.05   999.99   12.480
    708.36   999.99   12.488
    708.66   999.99   12.496
    708.97   999.99   12.502
    709.27   999.99   12.510
    709.58   999.99   12.517
    709.88   999.99   12.525
    710.19   999.99   12.534
    710.49   999.99   12.542
    710.79   999.99   12.552
    711.10   999.99   12.563
    711.40   999.99   12.570
    711.71   999.99   12.578
    712.01   999.99   12.586
    712.32   999.99   12.594
    712.62   999.99   12.603
    712.93   999.99   12.613
    713.23   999.99   12.620
    713.54   999.99   12.627
    713.84   999.99   12.631
    714.15   999.99   12.636
    714.45   999.99   12.643
    714.76   999.99   12.651
    715.06   999.99   12.659
    715.37   999.99   12.667
    715.67   999.99   12.674
    715.98   999.99   12.681
    716.28   999.99   12.689
    716.59   999.99   12.695
    716.89   999.99   12.701
    717.20   999.99   12.710
    717.50   999.99   12.718
    717.81   999.99   12.727
    718.11   999.99   12.737
    718.41   999.99   12.745
    718.72   999.99   12.752
    719.02   999.99   12.760
    719.33   999.99   12.767
    719.63   999.99   12.775
    719.94   999.99   12.783
    720.24   999.99   12.793
    720.55   999.99   12.798
    720.85   999.99   12.802
    721.16   999.99   12.809
    721.46   999.99   12.816
    721.77   999.99   12.823
    722.07   999.99   12.830
    722.38   999.99   12.837
    722.68   999.99   12.845
    722.99   999.99   12.852
    723.29   999.99   12.859
    723.60   999.99   12.868
    723.90   999.99   12.877
    724.21   999.99   12.883
    724.51   999.99   12.889
    724.82   999.99   12.900
    725.12   999.99   12.905
    725.43   999.99   12.912
    725.73   999.99   12.919
    726.03   999.99   12.923
    726.34   999.99   12.930
    726.64   999.99   12.937
    726.95   999.99   12.945
    727.25   999.99   12.954
    727.56   999.99   12.959
    727.86   999.99   12.966
    728.17   999.99   12.974
    728.47   999.99   12.984
    728.78   999.99   12.988
    729.08   999.99   12.994
    729.39   999.99   12.999
    729.69   999.99   13.009
    730.00   999.99   13.015
    730.30   999.99   13.023
    730.61   999.99   13.031
    730.91   999.99   13.038
    731.22   999.99   13.045
    731.52   999.99   13.052
    731.83   999.99   13.059
    732.13   999.99   13.064
    732.44   999.99   13.071
    732.74   999.99   13.078
    733.05   999.99   13.087
    733.35   999.99   13.094
    733.66   999.99   13.099
    733.96   999.99   13.106
    734.26   999.99   13.113
    734.57   999.99   13.120
    734.87   999.99   13.128
    735.18   999.99   13.135
    735.48   999.99   13.144
    735.79   999.99   13.151
    736.09   999.99   13.156
    736.40   999.99   13.165
    736.70   999.99   13.173
    737.01   999.99   13.180
    737.31   999.99   13.187
    737.62   999.99   13.194
    737.92   999.99   13.202
    738.23   999.99   13.211
    738.53   999.99   13.219
    738.84   999.99   13.226
    739.14   999.99   13.232
    739.45   999.99   13.241
    739.75   999.99   13.248
    740.06   999.99   13.255
    740.36   999.99   13.264
    740.67   999.99   13.269
    740.97   999.99   13.275
    741.28   999.99   13.282
    741.58   999.99   13.289
    741.88   999.99   13.296
    742.19   999.99   13.303
    742.49   999.99   13.309
    742.80   999.99   13.314
    743.10   999.99   13.321
    743.41   999.99   13.328
    743.71   999.99   13.337
    744.02   999.99   13.344
    744.32   999.99   13.349
    744.63   999.99   13.356
    744.93   999.99   13.365
    745.24   999.99   13.373
    745.54   999.99   13.382
    745.85   999.99   13.387
    746.15   999.99   13.393
    746.46   999.99   13.399
    746.76   999.99   13.404
    747.07   999.99   13.410
    747.37   999.99   13.418
    747.68   999.99   13.427
    747.98   999.99   13.434
    748.29   999.99   13.442
    748.59   999.99   13.449
    748.90   999.99   13.458
    749.20   999.99   13.465
    749.50   999.99   13.473
    749.81   999.99   13.482
    750.11   999.99   13.490
    750.42   999.99   13.496
    750.72   999.99   13.503
    751.03   999.99   13.509
    751.33   999.99   13.514
    751.64   999.99   13.521
    751.94   999.99   13.529
    752.25   999.99   13.536
    752.55   999.99   13.541
    752.86   999.99   13.548
    753.16   999.99   13.554
    753.47   999.99   13.561
    753.77   999.99   13.568
    754.08   999.99   13.578
    754.38   999.99   13.587
    754.69   999.99   13.594
    754.99   999.99   13.601
    755.30   999.99   13.607
    755.60   999.99   13.615
    755.91   999.99   13.624
    756.21   999.99   13.631
    756.52   999.99   13.639
    756.82   999.99   13.647
    757.12   999.99   13.655
    757.43   999.99   13.661
    757.73   999.99   13.668
    758.04   999.99   13.677
    758.34   999.99   13.682
    758.65   999.99   13.691
    758.95   999.99   13.698
    759.26   999.99   13.707
    759.56   999.99   13.714
    759.87   999.99   13.719
    760.17   999.99   13.725
    760.48   999.99   13.734
    760.78   999.99   13.741
    761.09   999.99   13.748
    761.39   999.99   13.757
    761.70   999.99   13.764
    762.00   999.99   13.771
    762.31   999.99   13.777
    762.61   999.99   13.784
    762.92   999.99   13.793
    763.22   999.99   13.801
    763.53   999.99   13.810
    763.83   999.99   13.817
    764.14   999.99   13.823
    764.44   999.99   13.830
    764.74   999.99   13.839
    765.05   999.99   13.846
    765.35   999.99   13.854
    765.66   999.99   13.862
    765.96   999.99   13.869
    766.27   999.99   13.876
    766.57   999.99   13.883
    766.88   999.99   13.889
    767.18   999.99   13.896
    767.49   999.99   13.905
    767.79   999.99   13.913
    768.10   999.99   13.921
    768.40   999.99   13.929
    768.71   999.99   13.935
    769.01   999.99   13.941
    769.32   999.99   13.950
    769.62   999.99   13.957
    769.93   999.99   13.965
    770.23   999.99   13.971
    770.54   999.99   13.979
    770.84   999.99   13.987
    771.15   999.99   13.993
    771.45   999.99   14.002
    771.76   999.99   14.009
    772.06   999.99   14.018
    772.36   999.99   14.023
    772.67   999.99   14.031
    772.97   999.99   14.037
    773.28   999.99   14.045
    773.58   999.99   14.051
    773.89   999.99   14.058
    774.19   999.99   14.066
    774.50   999.99   14.071
    774.80   999.99   14.077
    775.11   999.99   14.087
    775.41   999.99   14.093
    775.72   999.99   14.102
    776.02   999.99   14.111
    776.33   999.99   14.119
    776.63   999.99   14.127
    776.94   999.99   14.133
    777.24   999.99   14.141
    777.55   999.99   14.152
    777.85   999.99   14.160
    778.16   999.99   14.168
    778.46   999.99   14.176
    778.77   999.99   14.184
    779.07   999.99   14.192
    779.38   999.99   14.198
    779.68   999.99   14.206
    779.98   999.99   14.214
    780.29   999.99   14.225
    780.59   999.99   14.232
    780.90   999.99   14.241
    781.20   999.99   14.250
    781.51   999.99   14.255
    781.81   999.99   14.264
    782.12   999.99   14.273
    782.42   999.99   14.280
    782.73   999.99   14.289
    783.03   999.99   14.301
    783.34   999.99   14.308
    783.64   999.99   14.320
    783.95   999.99   14.328
    784.25   999.99   14.335
    784.56   999.99   14.341
    784.86   999.99   14.347
    785.17   999.99   14.356
    785.47   999.99   14.366
    785.78   999.99   14.372
    786.08   999.99   14.382
    786.39   999.99   14.391
    786.69   999.99   14.398
    787.00   999.99   14.409
    787.30   999.99   14.418
    787.60   999.99   14.426
    787.91   999.99   14.437
    788.21   999.99   14.443
    788.52   999.99   14.450
    788.82   999.99   14.460
    789.13   999.99   14.471
    789.43   999.99   14.478
    789.74   999.99   14.489
    790.04   999.99   14.496
    790.35   999.99   14.506
    790.65   999.99   14.515
    790.96   999.99   14.524
    791.26   999.99   14.536
    791.57   999.99   14.544
    791.87   999.99   14.552
    792.18   999.99   14.561
    792.48   999.99   14.569
    792.79   999.99   14.606
    793.09   999.99   14.608
    793.40   999.99   14.609
    793.70   999.99   14.614
    794.01   999.99   14.618
    794.31   999.99   14.624
    794.62   999.99   14.628
    794.92   999.99   14.634
    795.22   999.99   14.642
    795.53   999.99   14.649
    795.83   999.99   14.657
    796.14   999.99   14.664
    796.44   999.99   14.672
    796.75   999.99   14.681
    797.05   999.99   14.690
    797.36   999.99   14.699
    797.66   999.99   14.706
    797.97   999.99   14.717
    798.27   999.99   14.724
    798.58   999.99   14.736
    798.88   999.99   14.745
    799.19   999.99   14.754
    799.49   999.99   14.760
    799.80   999.99   14.769
    800.10   999.99   14.778
    800.41   999.99   14.787
    800.71   999.99   14.793
    801.02   999.99   14.801
    801.32   999.99   14.808
    801.63   999.99   14.817
    801.93   999.99   14.827
    802.24   999.99   14.833
    802.54   999.99   14.839
    802.84   999.99   14.848
    803.15   999.99   14.854
    803.45   999.99   14.863
    803.76   999.99   14.873
    804.06   999.99   14.882
    804.37   999.99   14.891
    804.67   999.99   14.897
    804.98   999.99   14.907
    805.28   999.99   14.916
    805.59   999.99   14.928
    805.89   999.99   14.934
    806.20   999.99   14.943
    806.50   999.99   14.952
    806.81   999.99   14.961
    807.11   999.99   14.969
    807.42   999.99   14.976
    807.72   999.99   14.985
    808.03   999.99   14.993
    808.33   999.99   15.001
    808.64   999.99   15.011
    808.94   999.99   15.019
    809.25   999.99   15.029
    809.55   999.99   15.037
    809.86   999.99   15.045
    810.16   999.99   15.052
    810.46   999.99   15.061
    810.77   999.99   15.071
    811.07   999.99   15.077
    811.38   999.99   15.087
    811.68   999.99   15.095
    811.99   999.99   15.104
    812.29   999.99   15.112
    812.60   999.99   15.119
    812.90   999.99   15.127
    813.21   999.99   15.136
    813.51   999.99   15.145
    813.82   999.99   15.153
    814.12   999.99   15.159
    814.43   999.99   15.167
    814.73   999.99   15.176
    815.04   999.99   15.185
    815.34   999.99   15.193
    815.65   999.99   15.201
    815.95   999.99   15.207
    816.26   999.99   15.217
    816.56   999.99   15.225
    816.87   999.99   15.234
    817.17   999.99   15.242
    817.48   999.99   15.250
    817.78   999.99   15.259
    818.08   999.99   15.267
    818.39   999.99   15.274
    818.69   999.99   15.282
    819.00   999.99   15.290
    819.30   999.99   15.296
    819.61   999.99   15.305
    819.91   999.99   15.314
    820.22   999.99   15.324
    820.52   999.99   15.330
    820.83   999.99   15.339
    821.13   999.99   15.348
    821.44   999.99   15.356
    821.74   999.99   15.364
    822.05   999.99   15.373
    822.35   999.99   15.381
    822.66   999.99   15.388
    822.96   999.99   15.396
    823.27   999.99   15.401
    823.57   999.99   15.407
    823.88   999.99   15.415
    824.18   999.99   15.423
    824.49   999.99   15.432
    824.79   999.99   15.438
    825.10   999.99   15.447
    825.40   999.99   15.455
    825.70   999.99   15.464
    826.01   999.99   15.472
    826.31   999.99   15.483
    826.62   999.99   15.492
    826.92   999.99   15.505
    827.23   999.99   15.516
    827.53   999.99   15.523
    827.84   999.99   15.531
    828.14   999.99   15.541
    828.45   999.99   15.550
    828.75   999.99   15.558
    829.06   999.99   15.567
    829.36   999.99   15.575
    829.67   999.99   15.581
    829.97   999.99   15.589
    830.28   999.99   15.597
    830.58   999.99   15.603
    830.89   999.99   15.611
    831.19   999.99   15.620
    831.50   999.99   15.628
    831.80   999.99   15.637
    832.11   999.99   15.648
    832.41   999.99   15.656
    832.72   999.99   15.666
    833.02   999.99   15.677
    833.32   999.99   15.686
    833.63   999.99   15.692
    833.93   999.99   15.702
    834.24   999.99   15.710
    834.54   999.99   15.716
    834.85   999.99   15.724
    835.15   999.99   15.732
    835.46   999.99   15.738
    835.76   999.99   15.744
    836.07   999.99   15.752
    836.37   999.99   15.761
    836.68   999.99   15.769
    836.98   999.99   15.777
    837.29   999.99   15.785
    837.59   999.99   15.796
    837.90   999.99   15.804
    838.20   999.99   15.812
    838.51   999.99   15.821
    838.81   999.99   15.828
    839.12   999.99   15.836
    839.42   999.99   15.844
    839.73   999.99   15.851
    840.03   999.99   15.859
    840.34   999.99   15.869
    840.64   999.99   15.875
    840.94   999.99   15.883
    841.25   999.99   15.893
    841.55   999.99   15.900
    841.86   999.99   15.910
    842.16   999.99   15.918
    842.47   999.99   15.927
    842.77   999.99   15.934
    843.08   999.99   15.942
    843.38   999.99   15.950
    843.69   999.99   15.961
    843.99   999.99   15.969
    844.30   999.99   15.977
    844.60   999.99   15.985
    844.91   999.99   15.989
    845.21   999.99   15.997
    845.52   999.99   16.004
    845.82   999.99   16.010
    846.13   999.99   16.018
    846.43   999.99   16.026
    846.74   999.99   16.036
    847.04   999.99   16.042
    847.35   999.99   16.050
    847.65   999.99   16.058
    847.96   999.99   16.068
    848.26   999.99   16.077
    848.56   999.99   16.085
    848.87   999.99   16.092
    849.17   999.99   16.101
    849.48   999.99   16.112
    849.78   999.99   16.125
    850.09   999.99   16.133
    850.39   999.99   16.143
    850.70   999.99   16.151
    851.00   999.99   16.160
    851.31   999.99   16.170
    851.61   999.99   16.178
    851.92   999.99   16.186
    852.22   999.99   16.194
    852.53   999.99   16.201
    852.83   999.99   16.207
    853.14   999.99   16.217
    853.44   999.99   16.225
    853.75   999.99   16.233
    854.05   999.99   16.242
    854.36   999.99   16.250
    854.66   999.99   16.260
    854.97   999.99   16.268
    855.27   999.99   16.276
    855.58   999.99   16.283
    855.88   999.99   16.292
    856.18   999.99   16.300
    856.49   999.99   16.310
    856.79   999.99   16.320
    857.10   999.99   16.326
    857.40   999.99   16.333
    857.71   999.99   16.341
    858.01   999.99   16.350
    858.32   999.99   16.359
    858.62   999.99   16.368
    858.93   999.99   16.375
    859.23   999.99   16.381
    859.54   999.99   16.393
    859.84   999.99   16.401
    860.15   999.99   16.407
    860.45   999.99   16.415
    860.76   999.99   16.425
    861.06   999.99   16.435
    861.37   999.99   16.443
    861.67   999.99   16.453
    861.98   999.99   16.461
    862.28   999.99   16.467
    862.59   999.99   16.475
    862.89   999.99   16.485
    863.20   999.99   16.495
    863.50   999.99   16.505
    863.80   999.99   16.515
    864.11   999.99   16.526
    864.41   999.99   16.536
    864.72   999.99   16.547
    865.02   999.99   16.555
    865.33   999.99   16.565
    865.63   999.99   16.575
    865.94   999.99   16.582
    866.24   999.99   16.588
    866.55   999.99   16.595
    866.85   999.99   16.601
    867.16   999.99   16.613
    867.46   999.99   16.621
    867.77   999.99   16.631
    868.07   999.99   16.639
    868.38   999.99   16.647
    868.68   999.99   16.655
    868.99   999.99   16.665
    869.29   999.99   16.672
    869.60   999.99   16.680
    869.90   999.99   16.688
    870.21   999.99   16.698
    870.51   999.99   16.709
    870.82   999.99   16.718
    871.12   999.99   16.728
    871.42   999.99   16.734
    871.73   999.99   16.742
    872.03   999.99   16.751
    872.34   999.99   16.759
    872.64   999.99   16.765
    872.95   999.99   16.774
    873.25   999.99   16.782
    873.56   999.99   16.790
    873.86   999.99   16.797
    874.17   999.99   16.807
    874.47   999.99   16.812
    874.78   999.99   16.822
    875.08   999.99   16.830
    875.39   999.99   16.840
    875.69   999.99   16.850
    876.00   999.99   16.858
    876.30   999.99   16.865
    876.61   999.99   16.873
    876.91   999.99   16.881
    877.22   999.99   16.890
    877.52   999.99   16.898
    877.83   999.99   16.908
    878.13   999.99   16.919
    878.44   999.99   16.928
    878.74   999.99   16.936
    879.04   999.99   16.944
    879.35   999.99   16.953
    879.65   999.99   16.958
    879.96   999.99   16.966
    880.26   999.99   16.974
    880.57   999.99   16.983
    880.87   999.99   16.993
    881.18   999.99   17.001
    881.48   999.99   17.008
    881.79   999.99   17.014
    882.09   999.99   17.021
    882.40   999.99   17.029
    882.70   999.99   17.041
    883.01   999.99   17.053
    883.31   999.99   17.063
    883.62   999.99   17.071
