 << U.S. Geological Survey Borehole Temperature Log - Alaska >>
  
 Site:             CPH 
 Log Date:         75MAY06 
 Type of Log:      incremental 
 Type of Sensor:   thermistor network (custom)
 Measuring Device: digital multimeter
 Deconvolved:      N/A
  
  Z   = measured depth (m)
  TVD = true vertical depth (m)
  T   = temperature (C)
  
        Z      TVD       T
     27.43   999.99   -1.358
     28.96   999.99   -1.355
     30.48   999.99   -1.342
     32.00   999.99   -1.328
     33.53   999.99   -1.301
     35.05   999.99   -1.290
     36.58   999.99   -1.286
     38.10   999.99   -1.283
     39.62   999.99   -1.261
     41.15   999.99   -1.256
     42.67   999.99   -1.240
     44.20   999.99   -1.217
     45.72   999.99   -1.204
     47.24   999.99   -1.179
     48.77   999.99   -1.162
     50.29   999.99   -1.183
     51.82   999.99   -1.173
     53.34   999.99   -1.119
     54.86   999.99   -1.070
     56.39   999.99   -1.033
     57.91   999.99   -1.023
     59.44   999.99   -1.003
     60.96   999.99    -.976
     62.48   999.99    -.953
     64.01   999.99    -.941
     65.53   999.99    -.946
     67.06   999.99    -.922
     68.58   999.99    -.892
     70.10   999.99    -.868
     71.63   999.99    -.887
     73.15   999.99    -.893
     74.68   999.99    -.926
     76.20   999.99    -.919
     77.72   999.99   -1.004
     79.25   999.99   -1.016
     80.77   999.99   -1.204
     82.30   999.99   -1.374
     83.82   999.99   -1.333
     85.34   999.99   -1.392
     86.87   999.99   -1.276
     88.39   999.99   -1.438
     89.92   999.99   -1.411
     91.44   999.99   -1.335
     92.96   999.99   -1.399
     94.49   999.99   -1.172
     96.01   999.99   -1.208
     97.54   999.99   -1.302
     99.06   999.99   -1.285
    100.58   999.99   -1.382
    102.11   999.99   -1.502
    103.63   999.99   -1.482
    105.16   999.99   -1.557
    106.68   999.99   -1.567
    108.20   999.99   -1.745
    109.73   999.99   -1.969
    111.25   999.99   -1.930
    112.78   999.99   -1.941
    114.30   999.99   -1.964
    115.82   999.99   -2.049
    117.35   999.99   -2.052
    118.87   999.99   -2.091
    120.40   999.99   -2.179
    121.92   999.99   -2.256
    123.44   999.99   -2.219
    124.97   999.99   -2.206
    126.49   999.99   -2.231
    128.02   999.99   -2.187
    129.54   999.99   -2.193
    131.06   999.99   -1.948
    132.59   999.99   -1.713
    134.11   999.99   -1.743
    135.64   999.99   -1.669
    137.16   999.99   -1.649
    138.68   999.99   -1.688
    140.21   999.99   -1.701
    141.73   999.99   -1.731
    143.26   999.99   -1.798
    144.78   999.99   -2.136
    146.30   999.99   -2.252
    147.83   999.99   -2.198
    149.35   999.99   -2.153
    150.88   999.99   -2.146
    152.40   999.99   -2.142
    153.92   999.99   -2.103
    155.45   999.99   -1.286
    156.97   999.99    -.642
    158.50   999.99    -.688
    160.02   999.99    -.689
    161.54   999.99    -.686
    163.07   999.99    -.616
    164.59   999.99    -.514
    166.12   999.99    -.394
    167.64   999.99    -.303
    169.16   999.99    -.273
    170.69   999.99    -.457
    172.21   999.99    -.660
    173.74   999.99    -.767
    175.26   999.99    -.649
    176.78   999.99    -.524
    178.31   999.99    -.571
    179.83   999.99    -.624
    181.36   999.99    -.643
    182.88   999.99    -.706
    184.40   999.99    -.741
    185.93   999.99    -.754
    187.45   999.99    -.719
    188.98   999.99    -.679
    190.50   999.99    -.658
    192.02   999.99    -.628
    193.55   999.99    -.671
    195.07   999.99    -.636
    196.60   999.99    -.642
    198.12   999.99    -.639
    199.64   999.99    -.642
    201.17   999.99    -.610
    202.69   999.99    -.669
    204.22   999.99    -.634
    205.74   999.99    -.570
    207.26   999.99    -.559
    208.79   999.99    -.578
    210.31   999.99    -.639
    211.84   999.99    -.746
    213.36   999.99    -.828
    214.88   999.99    -.831
    216.41   999.99    -.791
    217.93   999.99    -.743
    219.46   999.99    -.761
    220.98   999.99    -.747
    222.50   999.99    -.737
    224.03   999.99    -.673
    225.55   999.99    -.656
    227.08   999.99    -.627
    228.60   999.99    -.579
    230.12   999.99    -.457
    231.65   999.99    -.334
    233.17   999.99    -.286
    234.70   999.99    -.275
    236.22   999.99    -.211
    237.74   999.99    -.172
    239.27   999.99    -.120
    240.79   999.99    -.068
    242.32   999.99    -.027
    243.84   999.99     .006
    245.36   999.99     .046
    246.89   999.99     .166
    248.41   999.99     .272
    249.94   999.99     .385
    251.46   999.99     .350
    252.98   999.99     .159
    254.51   999.99     .123
    256.03   999.99     .056
    257.56   999.99     .008
    259.08   999.99     .016
    260.60   999.99     .124
    262.13   999.99     .147
    263.65   999.99     .112
    265.18   999.99     .053
    266.70   999.99     .079
    268.22   999.99     .096
    269.75   999.99     .132
    271.27   999.99     .153
    272.80   999.99     .202
    274.32   999.99     .263
    275.84   999.99     .339
    277.37   999.99     .388
    278.89   999.99     .369
    280.42   999.99     .348
    281.94   999.99     .334
    283.46   999.99     .322
    284.99   999.99     .339
    286.51   999.99     .412
    288.04   999.99     .455
    289.56   999.99     .499
    291.08   999.99     .468
    292.61   999.99     .431
    294.13   999.99     .394
    295.66   999.99     .333
    297.18   999.99     .276
    298.70   999.99     .213
    300.23   999.99     .175
    301.75   999.99     .177
    303.28   999.99     .233
    304.80   999.99     .349
    306.32   999.99     .442
    307.85   999.99     .463
    309.37   999.99     .461
    310.90   999.99     .463
    312.42   999.99     .469
    313.94   999.99     .477
    315.47   999.99     .474
    316.99   999.99     .483
    318.52   999.99     .522
    320.04   999.99     .527
    321.56   999.99     .462
    323.09   999.99     .430
    324.61   999.99     .416
    326.14   999.99     .408
    327.66   999.99     .409
    329.18   999.99     .427
    330.71   999.99     .434
    332.23   999.99     .407
    333.76   999.99     .392
    335.28   999.99     .386
    336.80   999.99     .357
    338.33   999.99     .341
    339.85   999.99     .308
    341.38   999.99     .338
    342.90   999.99     .368
    344.42   999.99     .384
    345.95   999.99     .411
    347.47   999.99     .449
    349.00   999.99     .494
    350.52   999.99     .540
    352.04   999.99     .584
    353.57   999.99     .631
    355.09   999.99     .668
    356.62   999.99     .706
    358.14   999.99     .748
    359.66   999.99     .790
    361.19   999.99     .796
    362.71   999.99     .814
    364.24   999.99     .823
    365.76   999.99     .836
    367.28   999.99     .881
    368.81   999.99    1.019
    370.33   999.99    1.239
    371.86   999.99    1.478
    373.38   999.99    1.584
    374.90   999.99    1.677
    376.43   999.99    1.678
    377.95   999.99    1.711
    379.48   999.99    1.743
    381.00   999.99    1.767
    382.52   999.99    1.776
    384.05   999.99    1.775
    385.57   999.99    1.774
    387.10   999.99    1.776
    388.62   999.99    1.776
    390.14   999.99    1.777
    391.67   999.99    1.776
    393.19   999.99    1.784
    394.72   999.99    1.782
    396.24   999.99    1.791
    397.76   999.99    1.786
    399.29   999.99    1.790
    400.81   999.99    1.789
    402.34   999.99    1.791
    403.86   999.99    1.784
    405.38   999.99    1.792
    406.91   999.99    1.801
    408.43   999.99    1.813
    409.96   999.99    1.818
    411.48   999.99    1.838
    413.00   999.99    1.846
    414.53   999.99    1.846
    416.05   999.99    1.861
    417.58   999.99    1.858
    419.10   999.99    1.860
    420.62   999.99    1.871
    422.15   999.99    1.884
    423.67   999.99    1.894
    425.20   999.99    1.894
    426.72   999.99    1.899
    428.24   999.99    1.910
    429.77   999.99    1.911
    431.29   999.99    1.912
    432.82   999.99    1.914
    434.34   999.99    1.919
    435.86   999.99    1.930
    437.39   999.99    1.942
    438.91   999.99    1.947
    440.44   999.99    1.949
    441.96   999.99    1.952
    443.48   999.99    1.954
    445.01   999.99    1.962
    446.53   999.99    1.976
    448.06   999.99    1.987
    449.58   999.99    1.990
    451.10   999.99    1.991
    452.63   999.99    2.010
    454.15   999.99    2.012
    455.68   999.99    2.012
    457.20   999.99    2.015
    458.72   999.99    2.017
    460.25   999.99    2.023
    461.77   999.99    2.039
    463.30   999.99    2.051
    464.82   999.99    2.052
    466.34   999.99    2.054
    467.87   999.99    2.057
    469.39   999.99    2.067
    470.92   999.99    2.076
    472.44   999.99    2.079
    473.96   999.99    2.087
    475.49   999.99    2.107
    477.01   999.99    2.116
    478.54   999.99    2.119
    480.06   999.99    2.131
    481.58   999.99    2.132
    483.11   999.99    2.145
    484.63   999.99    2.147
    486.16   999.99    2.155
    487.68   999.99    2.176
    489.20   999.99    2.184
    490.73   999.99    2.189
    492.25   999.99    2.202
    493.78   999.99    2.208
    495.30   999.99    2.210
    496.83   999.99    2.216
    498.35   999.99    2.232
    499.87   999.99    2.234
    501.40   999.99    2.239
    502.92   999.99    2.254
    504.45   999.99    2.268
    505.97   999.99    2.274
    507.49   999.99    2.296
    509.02   999.99    2.309
    510.54   999.99    2.313
    512.07   999.99    2.327
    513.59   999.99    2.335
    515.11   999.99    2.352
    516.64   999.99    2.356
    518.16   999.99    2.361
    519.69   999.99    2.388
    521.21   999.99    2.396
    522.73   999.99    2.410
    524.26   999.99    2.423
    525.78   999.99    2.427
    527.31   999.99    2.442
    528.83   999.99    2.451
    530.35   999.99    2.462
    531.88   999.99    2.487
    533.40   999.99    2.479
    534.92   999.99    2.486
    536.45   999.99    2.493
    537.97   999.99    2.513
    539.50   999.99    2.536
    541.02   999.99    2.543
    542.55   999.99    2.546
    544.07   999.99    2.561
    545.59   999.99    2.566
    547.12   999.99    2.572
    548.64   999.99    2.588
    550.17   999.99    2.601
    551.69   999.99    2.607
    553.21   999.99    2.615
    554.74   999.99    2.610
    556.26   999.99    2.647
    557.79   999.99    2.647
    559.31   999.99    2.657
    560.83   999.99    2.666
    562.36   999.99    2.682
    563.88   999.99    2.687
    565.41   999.99    2.685
    566.93   999.99    2.702
    568.45   999.99    2.717
    569.98   999.99    2.723
    571.50   999.99    2.734
    573.03   999.99    2.740
    574.55   999.99    2.753
    576.07   999.99    2.759
    577.60   999.99    2.762
    579.12   999.99    2.787
    580.65   999.99    2.788
    582.17   999.99    2.792
    583.69   999.99    2.803
    585.22   999.99    2.825
    586.74   999.99    2.828
    588.27   999.99    2.836
    589.79   999.99    2.857
    591.31   999.99    2.872
    592.84   999.99    2.869
    594.36   999.99    2.880
    595.89   999.99    2.893
    597.41   999.99    2.915
    598.93   999.99    2.923
    600.46   999.99    2.931
    601.98   999.99    2.941
    603.51   999.99    2.947
    605.03   999.99    2.952
    606.55   999.99    2.970
    608.08   999.99    2.973
    609.60   999.99    2.979
    611.13   999.99    3.010
    612.65   999.99    3.014
    614.17   999.99    3.033
    615.70   999.99    3.038
    617.22   999.99    3.051
    618.75   999.99    3.055
    620.27   999.99    3.073
    621.79   999.99    3.076
    623.32   999.99    3.109
    624.84   999.99    3.111
    626.37   999.99    3.120
    627.89   999.99    3.139
    629.41   999.99    3.139
    630.94   999.99    3.151
    632.46   999.99    3.180
    633.99   999.99    3.193
    635.51   999.99    3.195
    637.03   999.99    3.199
    638.56   999.99    3.188
    640.08   999.99    3.203
    641.61   999.99    3.206
    643.13   999.99    3.243
    644.65   999.99    3.247
    646.18   999.99    3.264
    647.70   999.99    3.273
    649.23   999.99    3.294
    650.75   999.99    3.297
    652.27   999.99    3.307
    653.80   999.99    3.308
    655.32   999.99    3.316
    656.85   999.99    3.366
    658.37   999.99    3.377
    659.89   999.99    3.398
    661.42   999.99    3.394
    662.94   999.99    3.417
    664.47   999.99    3.431
    665.99   999.99    3.455
    667.51   999.99    3.457
    669.04   999.99    3.466
    670.56   999.99    3.486
    672.09   999.99    3.508
    673.61   999.99    3.522
    675.13   999.99    3.539
    676.66   999.99    3.558
    678.18   999.99    3.562
    679.71   999.99    3.578
    681.23   999.99    3.588
    682.75   999.99    3.614
    684.28   999.99    3.612
    685.80   999.99    3.630
    687.33   999.99    3.637
    688.85   999.99    3.652
    690.37   999.99    3.659
    691.90   999.99    3.679
    693.42   999.99    3.691
    694.95   999.99    3.695
    696.47   999.99    3.716
    697.99   999.99    3.729
    699.52   999.99    3.734
    701.04   999.99    3.756
    702.57   999.99    3.774
    704.09   999.99    3.781
    705.61   999.99    3.796
    707.14   999.99    3.811
    708.66   999.99    3.828
    710.19   999.99    3.842
    711.71   999.99    3.861
    713.23   999.99    3.864
    714.76   999.99    3.872
    716.28   999.99    3.887
    717.81   999.99    3.901
    719.33   999.99    3.916
    720.85   999.99    3.934
    722.38   999.99    3.949
    723.90   999.99    3.956
    725.43   999.99    3.963
    726.95   999.99    3.970
    728.47   999.99    3.988
    730.00   999.99    3.997
    731.52   999.99    4.011
    733.05   999.99    4.036
    734.57   999.99    4.044
    736.09   999.99    4.056
    737.62   999.99    4.068
    739.14   999.99    4.073
    740.67   999.99    4.097
    742.19   999.99    4.098
    743.71   999.99    4.104
    745.24   999.99    4.118
    746.76   999.99    4.125
    748.29   999.99    4.142
    749.81   999.99    4.171
    751.33   999.99    4.169
    752.86   999.99    4.172
    754.38   999.99    4.175
    755.91   999.99    4.188
    757.43   999.99    4.202
    758.95   999.99    4.233
    760.48   999.99    4.247
    762.00   999.99    4.247
    763.53   999.99    4.269
    765.05   999.99    4.277
    766.57   999.99    4.279
    768.10   999.99    4.289
    769.62   999.99    4.297
    771.15   999.99    4.296
    772.67   999.99    4.305
    774.19   999.99    4.318
    775.72   999.99    4.351
    777.24   999.99    4.352
    778.77   999.99    4.366
    780.29   999.99    4.383
    781.81   999.99    4.392
    783.34   999.99    4.397
    784.86   999.99    4.404
    786.39   999.99    4.411
    787.91   999.99    4.419
    789.43   999.99    4.452
    790.96   999.99    4.453
    792.48   999.99    4.478
    794.01   999.99    4.479
    795.53   999.99    4.485
    797.05   999.99    4.502
    798.58   999.99    4.507
    800.10   999.99    4.507
    801.63   999.99    4.525
    803.15   999.99    4.522
    804.67   999.99    4.538
    806.20   999.99    4.549
    807.72   999.99    4.547
    809.25   999.99    4.565
    810.77   999.99    4.593
    812.29   999.99    4.594
    813.82   999.99    4.597
    815.34   999.99    4.608
    816.87   999.99    4.617
    818.39   999.99    4.616
    819.91   999.99    4.631
    821.44   999.99    4.649
    822.96   999.99    4.659
    824.49   999.99    4.666
    826.01   999.99    4.679
    827.53   999.99    4.684
    829.06   999.99    4.692
    830.58   999.99    4.711
    832.11   999.99    4.724
    833.63   999.99    4.736
    835.15   999.99    4.739
    836.68   999.99    4.786
    838.20   999.99    4.764
    839.73   999.99    4.773
    841.25   999.99    4.779
    842.77   999.99    4.798
    844.30   999.99    4.807
    845.82   999.99    4.836
    847.35   999.99    4.839
    848.87   999.99    4.846
    850.39   999.99    4.864
    851.92   999.99    4.869
    853.44   999.99    4.873
    854.97   999.99    4.881
    856.49   999.99    4.902
    858.01   999.99    4.913
    859.54   999.99    4.934
    861.06   999.99    4.943
    862.59   999.99    4.951
    864.11   999.99    4.977
    865.63   999.99    4.981
    867.16   999.99    4.983
    868.68   999.99    4.988
    870.21   999.99    5.003
    871.73   999.99    5.017
    873.25   999.99    5.021
    874.78   999.99    5.031
    876.30   999.99    5.036
    877.83   999.99    5.038
    879.35   999.99    5.067
    880.87   999.99    5.073
    882.40   999.99    5.078
    883.92   999.99    5.099
    885.45   999.99    5.103
    886.97   999.99    5.104
    888.49   999.99    5.109
    890.02   999.99    5.117
    891.54   999.99    5.136
    893.07   999.99    5.143
    894.59   999.99    5.153
    896.11   999.99    5.167
    897.64   999.99    5.183
    899.16   999.99    5.199
    900.69   999.99    5.216
    902.21   999.99    5.229
    903.73   999.99    5.250
    905.26   999.99    5.260
    906.78   999.99    5.283
    908.31   999.99    5.297
    909.83   999.99    5.312
    911.35   999.99    5.321
    912.88   999.99    5.348
    914.40   999.99    5.366
    915.93   999.99    5.383
    917.45   999.99    5.409
    918.97   999.99    5.421
    920.50   999.99    5.443
    922.02   999.99    5.457
    923.55   999.99    5.503
    925.07   999.99    5.504
    926.59   999.99    5.508
    928.12   999.99    5.527
    929.64   999.99    5.546
    931.17   999.99    5.553
    932.69   999.99    5.571
    934.21   999.99    5.604
    935.74   999.99    5.616
    937.26   999.99    5.640
    938.79   999.99    5.668
    940.31   999.99    5.671
    941.83   999.99    5.692
    943.36   999.99    5.718
    944.88   999.99    5.737
    946.41   999.99    5.753
    947.93   999.99    5.762
    949.45   999.99    5.776
    950.98   999.99    5.794
    952.50   999.99    5.813
    954.03   999.99    5.816
    955.55   999.99    5.836
    957.07   999.99    5.845
    958.60   999.99    5.869
    960.12   999.99    5.884
    961.65   999.99    5.907
    963.17   999.99    5.914
    964.69   999.99    5.928
    966.22   999.99    5.932
    967.74   999.99    5.954
    969.27   999.99    5.964
    970.79   999.99    5.983
    972.31   999.99    6.002
    973.84   999.99    6.017
    975.36   999.99    6.024
    976.89   999.99    6.044
    978.41   999.99    6.059
    979.93   999.99    6.062
    981.46   999.99    6.090
    982.98   999.99    6.104
    984.51   999.99    6.115
    986.03   999.99    6.128
    987.55   999.99    6.143
    989.08   999.99    6.157
    990.60   999.99    6.171
    992.13   999.99    6.177
    993.65   999.99    6.215
    995.17   999.99    6.212
    996.70   999.99    6.227
    998.22   999.99    6.232
    999.75   999.99    6.253
   1001.27   999.99    6.261
   1002.79   999.99    6.274
   1004.32   999.99    6.303
   1005.84   999.99    6.339
   1007.37   999.99    6.356
   1008.89   999.99    6.359
   1010.41   999.99    6.376
   1011.94   999.99    6.391
   1013.46   999.99    6.411
   1014.99   999.99    6.433
   1016.51   999.99    6.466
   1018.03   999.99    6.486
   1019.56   999.99    6.496
   1021.08   999.99    6.494
   1022.61   999.99    6.503
   1024.13   999.99    6.522
   1025.65   999.99    6.541
   1027.18   999.99    6.555
   1028.70   999.99    6.573
   1030.23   999.99    6.585
   1031.75   999.99    6.613
   1033.27   999.99    6.606
   1034.80   999.99    6.638
   1036.32   999.99    6.644
   1037.85   999.99    6.654
   1039.37   999.99    6.662
   1040.89   999.99    6.686
   1042.42   999.99    6.693
   1043.94   999.99    6.711
   1045.47   999.99    6.714
   1046.99   999.99    6.728
   1048.51   999.99    6.751
   1050.04   999.99    6.774
   1051.56   999.99    6.791
   1053.09   999.99    6.797
   1054.61   999.99    6.816
   1056.13   999.99    6.840
   1057.66   999.99    6.850
   1059.18   999.99    6.868
   1060.71   999.99    6.875
   1062.23   999.99    6.898
   1063.75   999.99    6.907
   1065.28   999.99    6.924
   1066.80   999.99    6.962
   1068.33   999.99    6.978
   1069.85   999.99    6.994
   1071.37   999.99    7.010
   1072.90   999.99    7.041
   1074.42   999.99    7.057
   1075.95   999.99    7.074
   1077.47   999.99    7.093
   1078.99   999.99    7.125
   1080.52   999.99    7.145
   1082.04   999.99    7.169
   1083.57   999.99    7.191
   1085.09   999.99    7.198
   1086.61   999.99    7.213
   1088.14   999.99    7.239
   1089.66   999.99    7.265
   1091.19   999.99    7.289
   1092.71   999.99    7.314
   1094.23   999.99    7.332
   1095.76   999.99    7.354
   1097.28   999.99    7.379
   1098.81   999.99    7.394
   1100.33   999.99    7.429
   1101.85   999.99    7.434
   1103.38   999.99    7.447
   1104.90   999.99    7.463
   1106.43   999.99    7.484
   1107.95   999.99    7.508
   1109.47   999.99    7.519
   1111.00   999.99    7.532
   1112.52   999.99    7.549
   1114.05   999.99    7.572
   1115.57   999.99    7.613
   1117.09   999.99    7.639
   1118.62   999.99    7.658
   1120.14   999.99    7.678
   1121.67   999.99    7.692
   1123.19   999.99    7.707
   1124.71   999.99    7.727
   1126.24   999.99    7.737
   1127.76   999.99    7.759
   1129.29   999.99    7.774
   1130.81   999.99    7.795
   1132.33   999.99    7.818
   1133.86   999.99    7.836
   1135.38   999.99    7.850
   1136.91   999.99    7.877
   1138.43   999.99    7.889
   1139.95   999.99    7.897
   1141.48   999.99    7.919
   1143.00   999.99    7.931
   1144.53   999.99    7.945
   1146.05   999.99    7.976
   1147.57   999.99    7.987
   1149.10   999.99    8.003
   1150.62   999.99    8.026
   1152.15   999.99    8.036
   1153.67   999.99    8.057
   1155.19   999.99    8.074
   1156.72   999.99    8.089
   1158.24   999.99    8.103
   1159.77   999.99    8.127
   1161.29   999.99    8.140
   1162.81   999.99    8.148
   1164.34   999.99    8.169
   1165.86   999.99    8.184
   1167.39   999.99    8.204
   1168.91   999.99    8.223
   1170.43   999.99    8.242
   1171.96   999.99    8.261
   1173.48   999.99    8.281
   1175.01   999.99    8.295
   1176.53   999.99    8.322
   1178.05   999.99    8.334
   1179.58   999.99    8.344
   1181.10   999.99    8.357
   1182.63   999.99    8.379
   1184.15   999.99    8.401
   1185.67   999.99    8.414
   1187.20   999.99    8.429
   1188.72   999.99    8.450
   1190.25   999.99    8.465
   1191.77   999.99    8.478
   1193.29   999.99    8.486
   1194.82   999.99    8.501
   1196.34   999.99    8.527
   1197.87   999.99    8.557
   1199.39   999.99    8.573
   1200.91   999.99    8.579
   1202.44   999.99    8.592
   1203.96   999.99    8.607
   1205.49   999.99    8.622
   1207.01   999.99    8.642
   1208.53   999.99    8.672
   1210.06   999.99    8.695
   1211.58   999.99    8.708
   1213.11   999.99    8.741
   1214.63   999.99    8.747
   1216.15   999.99    8.769
   1217.68   999.99    8.785
   1219.20   999.99    8.808
   1220.73   999.99    8.821
   1222.25   999.99    8.843
   1223.77   999.99    8.868
   1225.30   999.99    8.892
   1226.82   999.99    8.910
   1228.35   999.99    8.927
   1229.87   999.99    8.947
   1231.39   999.99    8.958
   1232.92   999.99    8.982
   1234.44   999.99    9.001
   1235.97   999.99    9.028
   1237.49   999.99    9.049
   1239.02   999.99    9.067
   1240.54   999.99    9.089
   1242.06   999.99    9.113
   1243.59   999.99    9.129
   1245.11   999.99    9.147
   1246.64   999.99    9.168
   1248.16   999.99    9.172
   1249.68   999.99    9.182
   1251.21   999.99    9.228
   1252.73   999.99    9.256
   1254.26   999.99    9.262
   1255.78   999.99    9.288
   1257.30   999.99    9.296
   1258.83   999.99    9.319
   1260.35   999.99    9.333
   1261.88   999.99    9.358
   1263.40   999.99    9.379
   1264.92   999.99    9.394
   1266.45   999.99    9.347
   1267.97   999.99    9.369
   1269.49   999.99    9.389
   1271.02   999.99    9.419
   1272.54   999.99    9.438
   1274.07   999.99    9.464
   1275.59   999.99    9.472
   1277.11   999.99    9.493
   1278.64   999.99    9.516
   1280.16   999.99    9.536
   1281.69   999.99    9.539
   1283.21   999.99    9.566
   1284.73   999.99    9.591
   1286.26   999.99    9.606
   1287.78   999.99    9.626
   1289.31   999.99    9.661
   1290.83   999.99    9.683
   1292.35   999.99    9.698
   1293.88   999.99    9.712
   1295.40   999.99    9.747
   1296.93   999.99    9.758
   1298.45   999.99    9.773
   1299.97   999.99    9.822
   1301.50   999.99    9.824
   1303.02   999.99    9.842
   1304.55   999.99    9.861
   1306.07   999.99    9.887
   1307.59   999.99    9.884
   1309.12   999.99    9.893
   1310.64   999.99    9.919
   1312.17   999.99    9.938
   1313.69   999.99    9.955
   1315.21   999.99    9.987
   1316.74   999.99   10.004
   1318.26   999.99   10.024
   1319.79   999.99   10.057
   1321.31   999.99   10.070
   1322.83   999.99   10.113
   1324.36   999.99   10.128
   1325.88   999.99   10.154
   1327.41   999.99   10.190
   1328.93   999.99   10.217
   1330.45   999.99   10.239
   1331.98   999.99   10.242
   1333.50   999.99   10.262
   1335.03   999.99   10.263
   1336.55   999.99   10.282
   1338.07   999.99   10.335
   1339.60   999.99   10.346
   1341.12   999.99   10.381
   1342.65   999.99   10.406
   1344.17   999.99   10.426
   1345.69   999.99   10.436
   1347.22   999.99   10.459
   1348.74   999.99   10.496
   1350.27   999.99   10.513
   1351.79   999.99   10.537
   1353.31   999.99   10.564
   1354.84   999.99   10.576
   1356.36   999.99   10.607
   1357.89   999.99   10.636
   1359.41   999.99   10.636
   1360.94   999.99   10.666
   1362.46   999.99   10.667
   1363.98   999.99   10.694
   1365.51   999.99   10.715
   1367.03   999.99   10.761
   1368.56   999.99   10.766
   1370.08   999.99   10.777
   1371.60   999.99   10.815
   1373.13   999.99   10.838
   1374.65   999.99   10.854
   1376.18   999.99   10.881
   1377.70   999.99   10.907
   1379.22   999.99   10.927
   1380.75   999.99   10.945
   1382.27   999.99   10.973
   1383.80   999.99   10.996
   1385.32   999.99   11.023
   1386.84   999.99   11.052
   1388.37   999.99   11.062
   1389.89   999.99   11.091
   1391.42   999.99   11.108
   1392.94   999.99   11.134
   1394.46   999.99   11.157
   1395.99   999.99   11.191
   1397.51   999.99   11.199
   1399.04   999.99   11.211
   1400.56   999.99   11.256
   1402.08   999.99   11.265
   1403.61   999.99   11.291
   1405.13   999.99   11.306
   1406.66   999.99   11.330
   1408.18   999.99   11.367
   1409.70   999.99   11.387
   1411.23   999.99   11.392
   1412.75   999.99   11.406
   1414.28   999.99   11.440
   1415.80   999.99   11.457
   1417.32   999.99   11.472
   1418.85   999.99   11.494
   1420.37   999.99   11.519
   1421.90   999.99   11.538
   1423.42   999.99   11.568
   1424.94   999.99   11.612
   1426.47   999.99   11.615
   1427.99   999.99   11.638
   1429.52   999.99   11.655
   1431.04   999.99   11.681
   1432.56   999.99   11.708
   1434.09   999.99   11.712
   1435.61   999.99   11.731
   1437.14   999.99   11.763
   1438.66   999.99   11.777
   1440.18   999.99   11.805
   1441.71   999.99   11.833
   1443.23   999.99   11.846
   1444.76   999.99   11.861
   1446.28   999.99   11.887
   1447.80   999.99   11.916
   1449.33   999.99   11.933
   1450.85   999.99   11.954
   1452.37   999.99   11.973
   1453.90   999.99   11.996
   1455.42   999.99   12.019
   1456.95   999.99   12.043
   1458.47   999.99   12.066
   1459.99   999.99   12.111
   1461.52   999.99   12.114
   1463.04   999.99   12.140
   1464.57   999.99   12.167
   1466.09   999.99   12.179
   1467.61   999.99   12.206
   1469.14   999.99   12.227
   1470.66   999.99   12.235
   1472.19   999.99   12.258
   1473.71   999.99   12.290
   1475.23   999.99   12.307
   1476.76   999.99   12.322
   1478.28   999.99   12.359
   1479.81   999.99   12.372
   1481.33   999.99   12.402
   1482.85   999.99   12.426
   1484.38   999.99   12.445
   1485.90   999.99   12.471
   1487.43   999.99   12.426
   1488.95   999.99   12.449
   1490.47   999.99   12.472
   1492.00   999.99   12.486
   1493.52   999.99   12.521
   1495.05   999.99   12.529
   1496.57   999.99   12.561
   1498.09   999.99   12.576
   1499.62   999.99   12.606
   1501.14   999.99   12.638
   1502.67   999.99   12.653
   1504.19   999.99   12.663
   1505.71   999.99   12.689
   1507.24   999.99   12.721
   1508.76   999.99   12.732
   1510.29   999.99   12.742
   1511.81   999.99   12.764
   1513.33   999.99   12.790
   1514.86   999.99   12.814
   1516.38   999.99   12.823
   1517.91   999.99   12.872
   1519.43   999.99   12.898
   1520.95   999.99   12.923
   1522.48   999.99   12.942
   1524.00   999.99   12.973
   1525.53   999.99   12.989
   1527.05   999.99   13.004
   1528.57   999.99   13.022
   1530.10   999.99   13.061
   1531.62   999.99   13.065
   1533.15   999.99   13.086
   1534.67   999.99   13.119
   1536.19   999.99   13.125
   1537.72   999.99   13.156
   1539.24   999.99   13.171
   1540.77   999.99   13.191
   1542.29   999.99   13.216
   1543.81   999.99   13.221
   1545.34   999.99   13.247
   1546.86   999.99   13.289
   1548.39   999.99   13.304
   1549.91   999.99   13.324
   1551.44   999.99   13.349
   1552.96   999.99   13.377
   1554.48   999.99   13.405
   1556.01   999.99   13.421
   1557.53   999.99   13.455
   1559.06   999.99   13.478
   1560.58   999.99   13.509
   1562.10   999.99   13.527
   1563.63   999.99   13.555
   1565.15   999.99   13.570
   1566.68   999.99   13.603
   1568.20   999.99   13.632
   1569.72   999.99   13.641
   1571.25   999.99   13.664
   1572.77   999.99   13.684
   1574.30   999.99   13.703
   1575.82   999.99   13.736
   1577.34   999.99   13.766
   1578.87   999.99   13.786
   1580.39   999.99   13.804
   1581.92   999.99   13.826
   1583.44   999.99   13.854
   1584.96   999.99   13.873
   1586.49   999.99   13.899
   1588.01   999.99   13.929
   1589.54   999.99   13.952
   1591.06   999.99   13.954
   1592.58   999.99   14.000
   1594.11   999.99   14.024
   1595.63   999.99   14.044
   1597.16   999.99   14.073
   1598.68   999.99   14.088
   1600.20   999.99   14.104
   1601.73   999.99   14.136
   1603.25   999.99   14.171
   1604.78   999.99   14.198
   1606.30   999.99   14.219
   1607.82   999.99   14.244
   1609.35   999.99   14.268
   1610.87   999.99   14.279
   1612.40   999.99   14.297
   1613.92   999.99   14.323
   1615.44   999.99   14.349
   1616.97   999.99   14.367
   1618.49   999.99   14.386
   1620.02   999.99   14.410
   1621.54   999.99   14.432
   1623.06   999.99   14.450
   1624.59   999.99   14.474
   1626.11   999.99   14.518
   1627.64   999.99   14.532
   1629.16   999.99   14.562
   1630.68   999.99   14.599
   1632.21   999.99   14.611
   1633.73   999.99   14.620
   1635.26   999.99   14.638
   1636.78   999.99   14.657
   1638.30   999.99   14.680
   1639.83   999.99   14.694
   1641.35   999.99   14.739
   1642.88   999.99   14.759
   1644.40   999.99   14.787
   1645.92   999.99   14.809
   1647.45   999.99   14.827
   1648.97   999.99   14.851
   1650.49   999.99   14.879
   1652.02   999.99   14.900
   1653.54   999.99   14.916
   1655.07   999.99   14.945
   1656.59   999.99   14.962
   1658.11   999.99   14.983
   1659.64   999.99   15.014
   1661.16   999.99   15.033
   1662.69   999.99   15.034
   1664.21   999.99   15.049
   1665.73   999.99   15.078
   1667.26   999.99   15.097
   1668.78   999.99   15.123
   1670.31   999.99   15.149
   1671.83   999.99   15.166
   1673.35   999.99   15.178
   1674.88   999.99   15.208
   1676.40   999.99   15.233
   1677.93   999.99   15.238
   1679.45   999.99   15.256
   1680.97   999.99   15.287
   1682.50   999.99   15.309
   1684.02   999.99   15.330
   1685.55   999.99   15.344
   1687.07   999.99   15.366
   1688.59   999.99   15.389
   1690.12   999.99   15.404
   1691.64   999.99   15.445
   1693.17   999.99   15.459
   1694.69   999.99   15.489
   1696.21   999.99   15.502
   1697.74   999.99   15.514
   1699.26   999.99   15.542
   1700.79   999.99   15.557
   1702.31   999.99   15.596
   1703.83   999.99   15.569
   1705.36   999.99   15.586
   1706.88   999.99   15.626
   1708.41   999.99   15.647
   1709.93   999.99   15.666
   1711.45   999.99   15.689
   1712.98   999.99   15.722
   1714.50   999.99   15.749
   1716.03   999.99   15.767
   1717.55   999.99   15.772
   1719.07   999.99   15.827
   1720.60   999.99   15.847
   1722.12   999.99   15.863
   1723.65   999.99   15.886
   1725.17   999.99   15.926
   1726.69   999.99   15.941
   1728.22   999.99   15.961
   1729.74   999.99   16.002
   1731.27   999.99   16.008
   1732.79   999.99   16.036
   1734.31   999.99   16.063
   1735.84   999.99   16.091
   1737.36   999.99   16.103
   1738.89   999.99   16.124
   1740.41   999.99   16.150
   1741.94   999.99   16.188
   1743.46   999.99   16.207
   1744.98   999.99   16.243
   1746.51   999.99   16.270
   1748.03   999.99   16.300
   1749.56   999.99   16.320
   1751.08   999.99   16.343
   1752.60   999.99   16.375
   1754.13   999.99   16.395
   1755.65   999.99   16.431
   1757.18   999.99   16.471
   1758.70   999.99   16.483
   1760.22   999.99   16.514
   1761.75   999.99   16.552
   1763.27   999.99   16.566
   1764.80   999.99   16.589
   1766.32   999.99   16.613
   1767.84   999.99   16.641
   1769.37   999.99   16.657
   1770.89   999.99   16.669
   1772.42   999.99   16.701
   1773.94   999.99   16.727
   1775.46   999.99   16.742
   1776.99   999.99   16.768
   1778.51   999.99   16.792
   1780.04   999.99   16.809
   1781.56   999.99   16.827
   1783.08   999.99   16.853
   1784.61   999.99   16.883
   1786.13   999.99   16.907
   1787.66   999.99   16.939
   1789.18   999.99   16.953
   1790.70   999.99   16.977
   1792.23   999.99   16.992
   1793.75   999.99   17.013
   1795.28   999.99   17.032
   1796.80   999.99   17.069
   1798.32   999.99   17.096
   1799.85   999.99   17.111
   1801.37   999.99   17.127
   1802.90   999.99   17.152
   1804.42   999.99   17.181
   1805.94   999.99   17.223
   1807.47   999.99   17.240
   1808.99   999.99   17.257
   1810.52   999.99   17.278
   1812.04   999.99   17.287
   1813.56   999.99   17.304
   1815.09   999.99   17.327
   1816.61   999.99   17.373
   1818.14   999.99   17.397
   1819.66   999.99   17.411
   1821.18   999.99   17.435
   1822.71   999.99   17.460
   1824.23   999.99   17.473
   1825.76   999.99   17.498
   1827.28   999.99   17.522
   1828.80   999.99   17.553
   1830.33   999.99   17.575
   1831.85   999.99   17.596
   1833.38   999.99   17.616
   1834.90   999.99   17.628
   1836.42   999.99   17.650
   1837.95   999.99   17.666
   1839.47   999.99   17.690
   1841.00   999.99   17.699
   1842.52   999.99   17.718
   1844.04   999.99   17.737
   1845.57   999.99   17.772
   1847.09   999.99   17.786
   1848.62   999.99   17.798
   1850.14   999.99   17.817
   1851.66   999.99   17.841
   1853.19   999.99   17.859
   1854.71   999.99   17.879
   1856.24   999.99   17.899
   1857.76   999.99   17.923
   1859.28   999.99   17.947
   1860.81   999.99   17.972
   1862.33   999.99   17.978
   1863.86   999.99   17.992
   1865.38   999.99   18.014
   1866.90   999.99   18.026
   1868.43   999.99   18.045
   1869.95   999.99   18.063
   1871.48   999.99   18.084
   1873.00   999.99   18.096
   1874.52   999.99   18.117
   1876.05   999.99   18.115
   1877.57   999.99   18.133
   1879.10   999.99   18.154
   1880.62   999.99   18.164
   1882.14   999.99   18.175
   1883.67   999.99   18.192
   1885.19   999.99   18.214
   1886.72   999.99   18.231
   1888.24   999.99   18.253
   1889.76   999.99   18.271
   1891.29   999.99   18.298
   1892.81   999.99   18.309
   1894.34   999.99   18.346
   1895.86   999.99   18.369
   1897.38   999.99   18.379
   1898.91   999.99   18.387
   1900.43   999.99   18.413
   1901.96   999.99   18.453
   1903.48   999.99   18.491
   1905.00   999.99   18.497
   1906.53   999.99   18.519
   1908.05   999.99   18.548
   1909.58   999.99   18.568
   1911.10   999.99   18.594
   1912.62   999.99   18.622
   1914.15   999.99   18.655
   1915.67   999.99   18.685
   1917.20   999.99   18.687
   1918.72   999.99   18.707
   1920.24   999.99   18.721
   1921.77   999.99   18.753
   1923.29   999.99   18.789
   1924.82   999.99   18.820
   1926.34   999.99   18.852
   1927.86   999.99   18.877
   1929.39   999.99   18.913
   1930.91   999.99   18.944
   1932.44   999.99   18.972
   1933.96   999.99   19.018
   1935.48   999.99   19.070
   1937.01   999.99   19.099
   1938.53   999.99   19.128
   1940.06   999.99   19.156
   1941.58   999.99   19.201
   1943.10   999.99   19.242
   1944.63   999.99   19.274
   1946.15   999.99   19.299
   1947.68   999.99   19.330
   1949.20   999.99   19.363
   1950.72   999.99   19.391
   1952.25   999.99   19.414
   1953.77   999.99   19.448
   1955.30   999.99   19.494
   1956.82   999.99   19.541
   1958.34   999.99   19.583
   1959.87   999.99   19.622
   1961.39   999.99   19.659
   1962.92   999.99   19.702
   1964.44   999.99   19.731
   1965.96   999.99   19.767
   1967.49   999.99   19.805
   1969.01   999.99   19.826
   1970.54   999.99   19.849
   1972.06   999.99   19.891
   1973.58   999.99   19.924
   1975.11   999.99   19.968
   1976.63   999.99   20.003
   1978.16   999.99   20.031
   1979.68   999.99   20.056
   1981.20   999.99   20.084
   1982.73   999.99   20.124
   1984.25   999.99   20.166
   1985.78   999.99   20.188
   1987.30   999.99   20.223
   1988.82   999.99   20.258
   1990.35   999.99   20.306
   1991.87   999.99   20.336
   1993.40   999.99   20.368
   1994.92   999.99   20.405
   1996.44   999.99   20.432
   1997.97   999.99   20.458
   1999.49   999.99   20.509
   2001.02   999.99   20.526
   2002.54   999.99   20.546
   2004.06   999.99   20.575
   2005.59   999.99   20.611
   2007.11   999.99   20.645
   2008.64   999.99   20.661
   2010.16   999.99   20.691
   2011.68   999.99   20.709
   2013.21   999.99   20.754
   2014.73   999.99   20.779
   2016.26   999.99   20.797
   2017.78   999.99   20.811
   2019.30   999.99   20.842
   2020.83   999.99   20.889
   2022.35   999.99   20.873
   2023.88   999.99   20.895
   2025.40   999.99   20.904
   2026.92   999.99   20.937
   2028.45   999.99   20.958
   2029.97   999.99   20.979
   2031.50   999.99   21.002
   2033.02   999.99   21.021
   2034.54   999.99   21.048
   2036.07   999.99   21.070
   2037.59   999.99   21.082
   2039.12   999.99   21.106
   2040.64   999.99   21.132
   2042.16   999.99   21.159
   2043.69   999.99   21.197
   2045.21   999.99   21.216
   2046.74   999.99   21.238
   2048.26   999.99   21.258
   2049.78   999.99   21.297
   2051.31   999.99   21.324
   2052.83   999.99   21.347
   2054.36   999.99   21.371
   2055.88   999.99   21.391
   2057.40   999.99   21.420
   2058.93   999.99   21.452
   2060.45   999.99   21.462
   2061.98   999.99   21.483
   2063.50   999.99   21.499
   2065.02   999.99   21.517
   2066.55   999.99   21.536
   2068.07   999.99   21.565
   2069.60   999.99   21.606
   2071.12   999.99   21.627
   2072.64   999.99   21.634
   2074.17   999.99   21.665
   2075.69   999.99   21.669
   2077.22   999.99   21.702
   2078.74   999.99   21.730
   2080.26   999.99   21.751
   2081.79   999.99   21.772
   2083.31   999.99   21.750
   2084.84   999.99   21.761
   2086.36   999.99   21.779
   2087.88   999.99   21.789
   2089.41   999.99   21.811
   2090.93   999.99   21.834
   2092.46   999.99   21.841
   2093.98   999.99   21.851
   2095.50   999.99   21.876
   2097.03   999.99   21.916
   2098.55   999.99   21.930
   2100.08   999.99   21.955
   2101.60   999.99   21.974
   2103.12   999.99   22.001
   2104.65   999.99   22.023
   2106.17   999.99   22.063
   2107.70   999.99   22.067
   2109.22   999.99   22.104
   2110.74   999.99   22.134
   2112.27   999.99   22.171
   2113.79   999.99   22.209
   2115.32   999.99   22.225
   2116.84   999.99   22.266
   2118.36   999.99   22.297
   2119.89   999.99   22.339
   2121.41   999.99   22.373
   2122.94   999.99   22.404
   2124.46   999.99   22.432
   2125.98   999.99   22.458
   2127.51   999.99   22.489
   2129.03   999.99   22.516
   2130.56   999.99   22.553
   2132.08   999.99   22.582
   2133.60   999.99   22.614
   2135.13   999.99   22.647
   2136.65   999.99   22.673
   2138.18   999.99   22.701
   2139.70   999.99   22.726
   2141.22   999.99   22.751
   2142.75   999.99   22.792
   2144.27   999.99   22.822
   2145.80   999.99   22.854
   2147.32   999.99   22.886
   2148.84   999.99   22.920
   2150.37   999.99   22.951
   2151.89   999.99   22.985
   2153.42   999.99   23.009
   2154.94   999.99   23.056
   2156.46   999.99   23.087
   2157.99   999.99   23.125
   2159.51   999.99   23.158
   2161.04   999.99   23.171
   2162.56   999.99   23.196
   2164.08   999.99   23.230
   2165.61   999.99   23.262
   2167.13   999.99   23.285
   2168.66   999.99   23.317
   2170.18   999.99   23.341
   2171.70   999.99   23.373
   2173.23   999.99   23.435
   2174.75   999.99   23.418
   2176.28   999.99   23.447
   2177.80   999.99   23.470
   2179.32   999.99   23.503
   2180.85   999.99   23.522
   2182.37   999.99   23.511
   2183.90   999.99   23.556
   2185.42   999.99   23.567
   2186.94   999.99   23.593
   2188.47   999.99   23.613
   2189.99   999.99   23.641
   2191.52   999.99   23.666
   2193.04   999.99   23.676
   2194.56   999.99   23.698
   2196.09   999.99   23.719
   2197.61   999.99   23.739
   2199.14   999.99   23.769
   2200.66   999.99   23.792
   2202.18   999.99   23.817
   2203.71   999.99   23.840
   2205.23   999.99   23.858
   2206.76   999.99   23.896
   2208.28   999.99   23.905
   2209.80   999.99   23.946
   2211.33   999.99   23.947
   2212.85   999.99   23.967
   2214.38   999.99   23.985
   2215.90   999.99   24.014
   2217.42   999.99   24.049
   2218.95   999.99   24.062
   2220.47   999.99   24.071
   2222.00   999.99   24.084
   2223.52   999.99   24.110
   2225.04   999.99   24.131
   2226.57   999.99   24.162
   2228.09   999.99   24.192
   2229.62   999.99   24.207
   2231.14   999.99   24.227
   2232.67   999.99   24.268
   2234.19   999.99   24.286
   2235.71   999.99   24.312
   2237.24   999.99   24.322
   2238.76   999.99   24.322
   2240.28   999.99   24.336
   2241.81   999.99   24.347
   2243.33   999.99   24.371
   2244.86   999.99   24.378
   2246.38   999.99   24.400
   2247.91   999.99   24.413
   2249.43   999.99   24.418
   2250.95   999.99   24.430
   2252.48   999.99   24.436
   2254.00   999.99   24.446
   2255.52   999.99   24.487
   2257.05   999.99   24.478
   2258.57   999.99   24.503
   2260.10   999.99   24.517
   2261.62   999.99   24.527
   2263.15   999.99   24.533
   2264.67   999.99   24.561
   2266.19   999.99   24.588
   2267.72   999.99   24.594
   2269.24   999.99   24.608
   2270.76   999.99   24.622
   2272.29   999.99   24.627
   2273.81   999.99   24.641
   2275.34   999.99   24.646
   2276.86   999.99   24.652
   2278.39   999.99   24.678
   2279.91   999.99   24.702
   2281.43   999.99   24.724
   2282.96   999.99   24.743
   2284.48   999.99   24.755
   2286.00   999.99   24.777
   2287.53   999.99   24.809
   2289.05   999.99   24.831
   2290.58   999.99   24.781
   2292.10   999.99   24.806
   2293.63   999.99   24.865
   2295.15   999.99   24.893
   2296.67   999.99   24.921
   2298.20   999.99   24.953
   2299.72   999.99   24.996
   2301.25   999.99   25.014
   2302.77   999.99   25.061
   2304.29   999.99   25.095
   2305.82   999.99   25.127
   2307.34   999.99   25.174
   2308.86   999.99   25.217
   2310.39   999.99   25.249
   2311.91   999.99   25.289
   2313.44   999.99   25.318
   2314.96   999.99   25.367
   2316.49   999.99   25.396
   2318.01   999.99   25.427
   2319.53   999.99   25.470
   2321.06   999.99   25.508
   2322.58   999.99   25.543
   2324.10   999.99   25.585
   2325.63   999.99   25.634
   2327.15   999.99   25.677
   2328.68   999.99   25.702
   2330.20   999.99   25.740
   2331.73   999.99   25.784
   2333.25   999.99   25.808
   2334.77   999.99   25.851
   2336.30   999.99   25.897
   2337.82   999.99   25.932
   2339.34   999.99   25.967
   2340.87   999.99   26.005
   2342.39   999.99   26.029
   2343.92   999.99   26.052
   2345.44   999.99   26.090
   2346.97   999.99   26.132
   2348.49   999.99   26.175
   2350.01   999.99   26.206
   2351.54   999.99   26.231
   2353.06   999.99   26.264
   2354.58   999.99   26.301
   2356.11   999.99   26.346
   2357.63   999.99   26.378
   2359.16   999.99   26.422
   2360.68   999.99   26.463
   2362.21   999.99   26.479
   2363.73   999.99   26.516
   2365.25   999.99   26.556
   2366.78   999.99   26.588
   2368.30   999.99   26.620
   2369.82   999.99   26.653
   2371.35   999.99   26.697
   2372.87   999.99   26.752
   2374.40   999.99   26.801
   2375.92   999.99   26.835
   2377.45   999.99   26.873
   2378.97   999.99   26.902
   2380.49   999.99   26.938
   2382.02   999.99   26.991
   2383.54   999.99   27.037
   2385.06   999.99   27.106
   2386.59   999.99   27.188
   2388.11   999.99   27.340
   2389.64   999.99   27.407
   2391.16   999.99   27.448
   2392.69   999.99   27.477
