 << U.S. Geological Survey Borehole Temperature Log - Alaska >>
  
 Site:             DRP 
 Log Date:         84AUG10a
 Type of Log:      continuous  
 Type of Sensor:   thermistor network (custom)
 Measuring Device: digital multimeter
 Deconvolved:      no 
  
  Z   = measured depth (m)
  TVD = true vertical depth (m)
  T   = temperature (C)
  
        Z      TVD       T
      6.40   999.99  -10.296
      6.71   999.99  -10.314
      7.01   999.99  -10.331
      7.32   999.99  -10.351
      7.62   999.99  -10.365
      7.92   999.99  -10.377
      8.23   999.99  -10.385
      8.53   999.99  -10.389
      8.84   999.99  -10.393
      9.14   999.99  -10.399
      9.45   999.99  -10.402
      9.75   999.99  -10.406
     10.06   999.99  -10.406
     10.36   999.99  -10.408
     10.67   999.99  -10.408
     10.97   999.99  -10.406
     11.28   999.99  -10.404
     11.58   999.99  -10.401
     11.89   999.99  -10.397
     12.19   999.99  -10.393
     12.50   999.99  -10.387
     12.80   999.99  -10.382
     13.11   999.99  -10.377
     13.41   999.99  -10.370
     13.72   999.99  -10.345
     14.02   999.99  -10.338
     14.33   999.99  -10.325
     14.63   999.99  -10.317
     14.94   999.99  -10.310
     15.24   999.99  -10.301
     15.54   999.99  -10.293
     15.85   999.99  -10.285
     16.15   999.99  -10.276
     16.46   999.99  -10.266
     16.76   999.99  -10.258
     17.07   999.99  -10.249
     17.37   999.99  -10.239
     17.68   999.99  -10.232
     17.98   999.99  -10.220
     18.29   999.99  -10.211
     18.59   999.99  -10.203
     18.90   999.99  -10.191
     19.20   999.99  -10.183
     19.51   999.99  -10.136
     19.81   999.99  -10.117
     20.12   999.99  -10.108
     20.42   999.99  -10.097
     20.73   999.99  -10.085
     21.03   999.99  -10.078
     21.34   999.99  -10.067
     21.64   999.99  -10.057
     21.95   999.99  -10.049
     22.25   999.99  -10.038
     22.56   999.99  -10.028
     22.86   999.99  -10.021
     23.16   999.99  -10.013
     23.47   999.99  -10.005
     23.77   999.99   -9.998
     24.08   999.99   -9.989
     24.38   999.99   -9.982
     24.69   999.99   -9.974
     24.99   999.99   -9.965
     25.30   999.99   -9.960
     25.60   999.99   -9.950
     25.91   999.99   -9.941
     26.21   999.99   -9.934
     26.52   999.99   -9.925
     26.82   999.99   -9.916
     27.13   999.99   -9.908
     27.43   999.99   -9.899
     27.74   999.99   -9.891
     28.04   999.99   -9.883
     28.35   999.99   -9.875
     28.65   999.99   -9.867
     28.96   999.99   -9.859
     29.26   999.99   -9.850
     29.57   999.99   -9.844
     29.87   999.99   -9.835
     30.18   999.99   -9.827
     30.48   999.99   -9.820
     30.78   999.99   -9.814
     31.09   999.99   -9.805
     31.39   999.99   -9.798
     31.70   999.99   -9.789
     32.00   999.99   -9.781
     32.31   999.99   -9.775
     32.61   999.99   -9.755
     32.92   999.99   -9.739
     33.22   999.99   -9.720
     33.53   999.99   -9.695
     33.83   999.99   -9.674
     34.14   999.99   -9.653
     34.44   999.99   -9.497
     34.75   999.99   -9.397
     35.05   999.99   -9.314
     35.36   999.99   -9.254
     35.66   999.99   -9.218
     35.97   999.99   -9.194
     36.27   999.99   -9.175
     36.58   999.99   -9.163
     36.88   999.99   -9.153
     37.19   999.99   -9.145
     37.49   999.99   -9.139
     37.80   999.99   -9.135
     38.10   999.99   -9.131
     38.40   999.99   -9.128
     38.71   999.99   -9.125
     39.01   999.99   -9.122
     39.32   999.99   -9.118
     39.62   999.99   -9.114
     39.93   999.99   -9.113
     40.23   999.99   -9.113
     40.54   999.99   -9.109
     40.84   999.99   -9.106
     41.15   999.99   -9.102
     41.45   999.99   -9.097
     41.76   999.99   -9.095
     42.06   999.99   -9.092
     42.37   999.99   -9.088
     42.67   999.99   -9.081
     42.98   999.99   -9.073
     43.28   999.99   -9.066
     43.59   999.99   -9.062
     43.89   999.99   -9.056
     44.20   999.99   -9.050
     44.50   999.99   -9.043
     44.81   999.99   -9.037
     45.11   999.99   -9.033
     45.42   999.99   -9.028
     45.72   999.99   -9.025
     46.02   999.99   -9.021
     46.33   999.99   -9.017
     46.63   999.99   -9.010
     46.94   999.99   -9.005
     47.24   999.99   -8.997
     47.55   999.99   -8.993
     47.85   999.99   -8.989
     48.16   999.99   -8.985
     48.46   999.99   -8.980
     48.77   999.99   -8.977
     49.07   999.99   -8.974
     49.38   999.99   -8.970
     49.68   999.99   -8.965
     49.99   999.99   -8.959
     50.29   999.99   -8.953
     50.60   999.99   -8.949
     50.90   999.99   -8.943
     51.21   999.99   -8.937
     51.51   999.99   -8.932
     51.82   999.99   -8.928
     52.12   999.99   -8.926
     52.43   999.99   -8.920
     52.73   999.99   -8.915
     53.04   999.99   -8.910
     53.34   999.99   -8.906
     53.64   999.99   -8.899
     53.95   999.99   -8.891
     54.25   999.99   -8.882
     54.56   999.99   -8.874
     54.86   999.99   -8.869
     55.17   999.99   -8.863
     55.47   999.99   -8.857
     55.78   999.99   -8.851
     56.08   999.99   -8.845
     56.39   999.99   -8.839
     56.69   999.99   -8.834
     57.00   999.99   -8.830
     57.30   999.99   -8.825
     57.61   999.99   -8.820
     57.91   999.99   -8.815
     58.22   999.99   -8.808
     58.52   999.99   -8.802
     58.83   999.99   -8.796
     59.13   999.99   -8.791
     59.44   999.99   -8.784
     59.74   999.99   -8.779
     60.05   999.99   -8.775
     60.35   999.99   -8.770
     60.66   999.99   -8.762
     60.96   999.99   -8.755
     61.26   999.99   -8.749
     61.57   999.99   -8.742
     61.87   999.99   -8.735
     62.18   999.99   -8.730
     62.48   999.99   -8.723
     62.79   999.99   -8.718
     63.09   999.99   -8.711
     63.40   999.99   -8.704
     63.70   999.99   -8.697
     64.01   999.99   -8.692
     64.31   999.99   -8.688
     64.62   999.99   -8.684
     64.92   999.99   -8.678
     65.23   999.99   -8.674
     65.53   999.99   -8.670
     65.84   999.99   -8.665
     66.14   999.99   -8.659
     66.45   999.99   -8.654
     66.75   999.99   -8.649
     67.06   999.99   -8.645
     67.36   999.99   -8.639
     67.67   999.99   -8.632
     67.97   999.99   -8.626
     68.28   999.99   -8.619
     68.58   999.99   -8.613
     68.88   999.99   -8.607
     69.19   999.99   -8.599
     69.49   999.99   -8.591
     69.80   999.99   -8.583
     70.10   999.99   -8.574
     70.41   999.99   -8.566
     70.71   999.99   -8.562
     71.02   999.99   -8.555
     71.32   999.99   -8.550
     71.63   999.99   -8.546
     71.93   999.99   -8.542
     72.24   999.99   -8.536
     72.54   999.99   -8.532
     72.85   999.99   -8.525
     73.15   999.99   -8.518
     73.46   999.99   -8.512
     73.76   999.99   -8.507
     74.07   999.99   -8.502
     74.37   999.99   -8.493
     74.68   999.99   -8.485
     74.98   999.99   -8.479
     75.29   999.99   -8.473
     75.59   999.99   -8.465
     75.90   999.99   -8.457
     76.20   999.99   -8.450
     76.50   999.99   -8.443
     76.81   999.99   -8.436
     77.11   999.99   -8.429
     77.42   999.99   -8.425
     77.72   999.99   -8.416
     78.03   999.99   -8.409
     78.33   999.99   -8.403
     78.64   999.99   -8.398
     78.94   999.99   -8.392
     79.25   999.99   -8.385
     79.55   999.99   -8.375
     79.86   999.99   -8.367
     80.16   999.99   -8.358
     80.47   999.99   -8.352
     80.77   999.99   -8.347
     81.08   999.99   -8.337
     81.38   999.99   -8.328
     81.69   999.99   -8.322
     81.99   999.99   -8.313
     82.30   999.99   -8.307
     82.60   999.99   -8.302
     82.91   999.99   -8.295
     83.21   999.99   -8.287
     83.52   999.99   -8.277
     83.82   999.99   -8.270
     84.12   999.99   -8.262
     84.43   999.99   -8.250
     84.73   999.99   -8.237
     85.04   999.99   -8.226
     85.34   999.99   -8.217
     85.65   999.99   -8.208
     85.95   999.99   -8.200
     86.26   999.99   -8.196
     86.56   999.99   -8.193
     86.87   999.99   -8.184
     87.17   999.99   -8.172
     87.48   999.99   -8.164
     87.78   999.99   -8.156
     88.09   999.99   -8.147
     88.39   999.99   -8.138
     88.70   999.99   -8.130
     89.00   999.99   -8.124
     89.31   999.99   -8.116
     89.61   999.99   -8.108
     89.92   999.99   -8.100
     90.22   999.99   -8.092
     90.53   999.99   -8.084
     90.83   999.99   -8.075
     91.14   999.99   -8.069
     91.44   999.99   -8.062
     91.74   999.99   -8.013
     92.05   999.99   -8.010
     92.35   999.99   -8.007
     92.66   999.99   -8.004
     92.96   999.99   -7.999
     93.27   999.99   -7.992
     93.57   999.99   -7.981
     93.88   999.99   -7.975
     94.18   999.99   -7.969
     94.49   999.99   -7.958
     94.79   999.99   -7.949
     95.10   999.99   -7.940
     95.40   999.99   -7.930
     95.71   999.99   -7.917
     96.01   999.99   -7.907
     96.32   999.99   -7.897
     96.62   999.99   -7.887
     96.93   999.99   -7.878
     97.23   999.99   -7.871
     97.54   999.99   -7.860
     97.84   999.99   -7.849
     98.15   999.99   -7.842
     98.45   999.99   -7.835
     98.76   999.99   -7.827
     99.06   999.99   -7.816
     99.36   999.99   -7.806
     99.67   999.99   -7.799
     99.97   999.99   -7.789
    100.28   999.99   -7.780
    100.58   999.99   -7.774
    100.89   999.99   -7.764
    101.19   999.99   -7.754
    101.50   999.99   -7.744
    101.80   999.99   -7.736
    102.11   999.99   -7.727
    102.41   999.99   -7.719
    102.72   999.99   -7.712
    103.02   999.99   -7.700
    103.33   999.99   -7.689
    103.63   999.99   -7.679
    103.94   999.99   -7.674
    104.24   999.99   -7.668
    104.55   999.99   -7.659
    104.85   999.99   -7.646
    105.16   999.99   -7.635
    105.46   999.99   -7.625
    105.77   999.99   -7.616
    106.07   999.99   -7.605
    106.38   999.99   -7.596
    106.68   999.99   -7.586
    106.99   999.99   -7.577
    107.29   999.99   -7.567
    107.59   999.99   -7.554
    107.90   999.99   -7.542
    108.20   999.99   -7.531
    108.51   999.99   -7.518
    108.81   999.99   -7.503
    109.12   999.99   -7.494
    109.42   999.99   -7.486
    109.73   999.99   -7.478
    110.03   999.99   -7.467
    110.34   999.99   -7.459
    110.64   999.99   -7.456
    110.95   999.99   -7.450
    111.25   999.99   -7.444
    111.56   999.99   -7.439
    111.86   999.99   -7.425
    112.17   999.99   -7.414
    112.47   999.99   -7.403
    112.78   999.99   -7.387
    113.08   999.99   -7.374
    113.39   999.99   -7.363
    113.69   999.99   -7.352
    114.00   999.99   -7.342
    114.30   999.99   -7.331
    114.61   999.99   -7.322
    114.91   999.99   -7.313
    115.21   999.99   -7.307
    115.52   999.99   -7.299
    115.82   999.99   -7.290
    116.13   999.99   -7.280
    116.43   999.99   -7.271
    116.74   999.99   -7.260
    117.04   999.99   -7.250
    117.35   999.99   -7.242
    117.65   999.99   -7.228
    117.96   999.99   -7.214
    118.26   999.99   -7.201
    118.57   999.99   -7.193
    118.87   999.99   -7.188
    119.18   999.99   -7.176
    119.48   999.99   -7.162
    119.79   999.99   -7.153
    120.09   999.99   -7.147
    120.40   999.99   -7.140
    120.70   999.99   -7.126
    121.01   999.99   -7.116
    121.31   999.99   -7.105
    121.62   999.99   -7.093
    121.92   999.99   -7.084
    122.22   999.99   -7.079
    122.53   999.99   -7.069
    122.83   999.99   -7.057
    123.14   999.99   -7.046
    123.44   999.99   -7.036
    123.75   999.99   -7.026
    124.05   999.99   -7.018
    124.36   999.99   -7.007
    124.66   999.99   -6.996
    124.97   999.99   -6.983
    125.27   999.99   -6.972
    125.58   999.99   -6.963
    125.88   999.99   -6.958
    126.19   999.99   -6.952
    126.49   999.99   -6.927
    126.80   999.99   -6.924
    127.10   999.99   -6.917
    127.41   999.99   -6.908
    127.71   999.99   -6.897
    128.02   999.99   -6.888
    128.32   999.99   -6.878
    128.63   999.99   -6.867
    128.93   999.99   -6.856
    129.24   999.99   -6.847
    129.54   999.99   -6.842
    129.85   999.99   -6.834
    130.15   999.99   -6.824
    130.45   999.99   -6.815
    130.76   999.99   -6.805
    131.06   999.99   -6.800
    131.37   999.99   -6.792
    131.67   999.99   -6.782
    131.98   999.99   -6.773
    132.28   999.99   -6.756
    132.59   999.99   -6.745
    132.89   999.99   -6.736
    133.20   999.99   -6.725
    133.50   999.99   -6.716
    133.81   999.99   -6.707
    134.11   999.99   -6.696
    134.42   999.99   -6.687
    134.72   999.99   -6.675
    135.03   999.99   -6.657
    135.33   999.99   -6.644
    135.64   999.99   -6.632
    135.94   999.99   -6.621
    136.25   999.99   -6.614
    136.55   999.99   -6.606
    136.86   999.99   -6.595
    137.16   999.99   -6.582
    137.47   999.99   -6.572
    137.77   999.99   -6.566
    138.07   999.99   -6.552
    138.38   999.99   -6.542
    138.68   999.99   -6.531
    138.99   999.99   -6.521
    139.29   999.99   -6.511
    139.60   999.99   -6.502
    139.90   999.99   -6.494
    140.21   999.99   -6.488
    140.51   999.99   -6.480
    140.82   999.99   -6.468
    141.12   999.99   -6.452
    141.43   999.99   -6.440
    141.73   999.99   -6.430
    142.04   999.99   -6.420
    142.34   999.99   -6.410
    142.65   999.99   -6.402
    142.95   999.99   -6.399
    143.26   999.99   -6.390
    143.56   999.99   -6.380
    143.87   999.99   -6.370
    144.17   999.99   -6.352
    144.48   999.99   -6.340
    144.78   999.99   -6.332
    145.09   999.99   -6.326
    145.39   999.99   -6.316
    145.69   999.99   -6.303
    146.00   999.99   -6.293
    146.30   999.99   -6.281
    146.61   999.99   -6.272
    146.91   999.99   -6.265
    147.22   999.99   -6.256
    147.52   999.99   -6.245
    147.83   999.99   -6.234
    148.13   999.99   -6.226
    148.44   999.99   -6.219
    148.74   999.99   -6.213
    149.05   999.99   -6.203
    149.35   999.99   -6.191
    149.66   999.99   -6.181
    149.96   999.99   -6.173
    150.27   999.99   -6.111
    150.57   999.99   -6.162
    150.88   999.99   -6.148
    151.18   999.99   -6.138
    151.49   999.99   -6.129
    151.79   999.99   -6.122
    152.10   999.99   -6.118
    152.40   999.99   -6.107
    152.71   999.99   -6.052
    153.01   999.99   -6.043
    153.31   999.99   -6.034
    153.62   999.99   -6.028
    153.92   999.99   -6.028
    154.23   999.99   -6.026
    154.53   999.99   -6.022
    154.84   999.99   -6.014
    155.14   999.99   -6.000
    155.45   999.99   -5.990
    155.75   999.99   -5.985
    156.06   999.99   -5.977
    156.36   999.99   -5.967
    156.67   999.99   -5.958
    156.97   999.99   -5.952
    157.28   999.99   -5.940
    157.58   999.99   -5.929
    157.89   999.99   -5.921
    158.19   999.99   -5.914
    158.50   999.99   -5.902
    158.80   999.99   -5.889
    159.11   999.99   -5.880
    159.41   999.99   -5.873
    159.72   999.99   -5.865
    160.02   999.99   -5.856
    160.33   999.99   -5.841
    160.63   999.99   -5.829
    160.93   999.99   -5.822
    161.24   999.99   -5.816
    161.54   999.99   -5.810
    161.85   999.99   -5.802
    162.15   999.99   -5.793
    162.46   999.99   -5.778
    162.76   999.99   -5.768
    163.07   999.99   -5.757
    163.37   999.99   -5.744
    163.68   999.99   -5.731
    163.98   999.99   -5.721
    164.29   999.99   -5.713
    164.59   999.99   -5.707
    164.90   999.99   -5.701
    165.20   999.99   -5.692
    165.51   999.99   -5.683
    165.81   999.99   -5.674
    166.12   999.99   -5.666
    166.42   999.99   -5.660
    166.73   999.99   -5.651
    167.03   999.99   -5.639
    167.34   999.99   -5.627
    167.64   999.99   -5.617
    167.95   999.99   -5.607
    168.25   999.99   -5.601
    168.55   999.99   -5.592
    168.86   999.99   -5.577
    169.16   999.99   -5.564
    169.47   999.99   -5.555
    169.77   999.99   -5.546
    170.08   999.99   -5.536
    170.38   999.99   -5.526
    170.69   999.99   -5.518
    170.99   999.99   -5.512
    171.30   999.99   -5.504
    171.60   999.99   -5.497
    171.91   999.99   -5.489
    172.21   999.99   -5.482
    172.52   999.99   -5.476
    172.82   999.99   -5.468
    173.13   999.99   -5.460
    173.43   999.99   -5.450
    173.74   999.99   -5.440
    174.04   999.99   -5.427
    174.35   999.99   -5.411
    174.65   999.99   -5.403
    174.96   999.99   -5.394
    175.26   999.99   -5.384
    175.57   999.99   -5.372
    175.87   999.99   -5.358
    176.17   999.99   -5.351
    176.48   999.99   -5.343
    176.78   999.99   -5.334
    177.09   999.99   -5.327
    177.39   999.99   -5.319
    177.70   999.99   -5.310
    178.00   999.99   -5.303
    178.31   999.99   -5.295
    178.61   999.99   -5.287
    178.92   999.99   -5.279
    179.22   999.99   -5.267
    179.53   999.99   -5.258
    179.83   999.99   -5.252
    180.14   999.99   -5.245
    180.44   999.99   -5.235
    180.75   999.99   -5.224
    181.05   999.99   -5.209
    181.36   999.99   -5.199
    181.66   999.99   -5.189
    181.97   999.99   -5.181
    182.27   999.99   -5.171
    182.58   999.99   -5.164
    182.88   999.99   -5.157
    183.19   999.99   -5.146
    183.49   999.99   -5.134
    183.79   999.99   -5.126
    184.10   999.99   -5.115
    184.40   999.99   -5.103
    184.71   999.99   -5.093
    185.01   999.99   -5.085
    185.32   999.99   -5.073
    185.62   999.99   -5.066
    185.93   999.99   -5.057
    186.23   999.99   -5.050
    186.54   999.99   -5.043
    186.84   999.99   -5.036
    187.15   999.99   -5.027
    187.45   999.99   -5.016
    187.76   999.99   -5.007
    188.06   999.99   -4.998
    188.37   999.99   -4.991
    188.67   999.99   -4.984
    188.98   999.99   -4.973
    189.28   999.99   -4.959
    189.59   999.99   -4.949
    189.89   999.99   -4.940
    190.20   999.99   -4.929
    190.50   999.99   -4.919
    190.81   999.99   -4.909
    191.11   999.99   -4.899
    191.41   999.99   -4.890
    191.72   999.99   -4.880
    192.02   999.99   -4.867
    192.33   999.99   -4.853
    192.63   999.99   -4.843
    192.94   999.99   -4.833
    193.24   999.99   -4.824
    193.55   999.99   -4.815
    193.85   999.99   -4.806
    194.16   999.99   -4.795
    194.46   999.99   -4.784
    194.77   999.99   -4.775
    195.07   999.99   -4.765
    195.38   999.99   -4.750
    195.68   999.99   -4.744
    195.99   999.99   -4.739
    196.29   999.99   -4.733
    196.60   999.99   -4.722
    196.90   999.99   -4.713
    197.21   999.99   -4.705
    197.51   999.99   -4.694
    197.82   999.99   -4.682
    198.12   999.99   -4.673
    198.43   999.99   -4.662
    198.73   999.99   -4.652
    199.03   999.99   -4.641
    199.34   999.99   -4.631
    199.64   999.99   -4.619
    199.95   999.99   -4.608
    200.25   999.99   -4.599
    200.56   999.99   -4.592
    200.86   999.99   -4.585
    201.17   999.99   -4.576
    201.47   999.99   -4.569
    201.78   999.99   -4.560
    202.08   999.99   -4.556
    202.39   999.99   -4.546
    202.69   999.99   -4.533
    203.00   999.99   -4.524
    203.30   999.99   -4.515
    203.61   999.99   -4.502
    203.91   999.99   -4.492
    204.22   999.99   -4.480
    204.52   999.99   -4.468
    204.83   999.99   -4.458
    205.13   999.99   -4.447
    205.44   999.99   -4.439
    205.74   999.99   -4.429
    206.05   999.99   -4.419
    206.35   999.99   -4.409
    206.65   999.99   -4.401
    206.96   999.99   -4.392
    207.26   999.99   -4.385
    207.57   999.99   -4.376
    207.87   999.99   -4.368
    208.18   999.99   -4.359
    208.48   999.99   -4.349
    208.79   999.99   -4.343
    209.09   999.99   -4.332
    209.40   999.99   -4.322
    209.70   999.99   -4.309
    210.01   999.99   -4.296
    210.31   999.99   -4.286
    210.62   999.99   -4.278
    210.92   999.99   -4.267
    211.23   999.99   -4.259
    211.53   999.99   -4.253
    211.84   999.99   -4.246
    212.14   999.99   -4.237
    212.45   999.99   -4.227
    212.75   999.99   -4.219
    213.06   999.99   -4.209
    213.36   999.99   -4.201
    213.67   999.99   -4.166
    213.97   999.99   -4.163
    214.27   999.99   -4.163
    214.58   999.99   -4.162
    214.88   999.99   -4.156
    215.19   999.99   -4.146
    215.49   999.99   -4.133
    215.80   999.99   -4.126
    216.10   999.99   -4.120
    216.41   999.99   -4.112
    216.71   999.99   -4.101
    217.02   999.99   -4.090
    217.32   999.99   -4.084
    217.63   999.99   -4.076
    217.93   999.99   -4.066
    218.24   999.99   -4.060
    218.54   999.99   -4.051
    218.85   999.99   -4.045
    219.15   999.99   -4.038
    219.46   999.99   -4.032
    219.76   999.99   -4.022
    220.07   999.99   -4.013
    220.37   999.99   -4.001
    220.68   999.99   -3.993
    220.98   999.99   -3.987
    221.29   999.99   -3.979
    221.59   999.99   -3.970
    221.89   999.99   -3.960
    222.20   999.99   -3.953
    222.50   999.99   -3.944
    222.81   999.99   -3.936
    223.11   999.99   -3.929
    223.42   999.99   -3.925
    223.72   999.99   -3.920
    224.03   999.99   -3.911
    224.33   999.99   -3.903
    224.64   999.99   -3.891
    224.94   999.99   -3.879
    225.25   999.99   -3.868
    225.55   999.99   -3.858
    225.86   999.99   -3.852
    226.16   999.99   -3.842
    226.47   999.99   -3.831
    226.77   999.99   -3.823
    227.08   999.99   -3.817
    227.38   999.99   -3.810
    227.69   999.99   -3.804
    227.99   999.99   -3.793
    228.30   999.99   -3.784
    228.60   999.99   -3.772
    228.91   999.99   -3.763
    229.21   999.99   -3.753
    229.51   999.99   -3.742
    229.82   999.99   -3.733
    230.12   999.99   -3.722
    230.43   999.99   -3.713
    230.73   999.99   -3.705
    231.04   999.99   -3.695
    231.34   999.99   -3.684
    231.65   999.99   -3.672
    231.95   999.99   -3.663
    232.26   999.99   -3.657
    232.56   999.99   -3.648
    232.87   999.99   -3.638
    233.17   999.99   -3.627
    233.48   999.99   -3.618
    233.78   999.99   -3.607
    234.09   999.99   -3.597
    234.39   999.99   -3.590
    234.70   999.99   -3.584
    235.00   999.99   -3.577
    235.31   999.99   -3.571
    235.61   999.99   -3.565
    235.92   999.99   -3.551
    236.22   999.99   -3.540
    236.53   999.99   -3.528
    236.83   999.99   -3.515
    237.13   999.99   -3.503
    237.44   999.99   -3.494
    237.74   999.99   -3.486
    238.05   999.99   -3.479
    238.35   999.99   -3.469
    238.66   999.99   -3.455
    238.96   999.99   -3.444
    239.27   999.99   -3.438
    239.57   999.99   -3.431
    239.88   999.99   -3.420
    240.18   999.99   -3.406
    240.49   999.99   -3.397
    240.79   999.99   -3.388
    241.10   999.99   -3.379
    241.40   999.99   -3.366
    241.71   999.99   -3.359
    242.01   999.99   -3.354
    242.32   999.99   -3.344
    242.62   999.99   -3.334
    242.93   999.99   -3.327
    243.23   999.99   -3.321
    243.54   999.99   -3.314
    243.84   999.99   -3.304
    244.15   999.99   -3.294
    244.45   999.99   -3.286
    244.75   999.99   -3.277
    245.06   999.99   -3.263
    245.36   999.99   -3.250
    245.67   999.99   -3.233
    245.97   999.99   -3.222
    246.28   999.99   -3.214
    246.58   999.99   -3.202
    246.89   999.99   -3.190
    247.19   999.99   -3.174
    247.50   999.99   -3.161
    247.80   999.99   -3.150
    248.11   999.99   -3.141
    248.41   999.99   -3.133
    248.72   999.99   -3.123
    249.02   999.99   -3.114
    249.33   999.99   -3.105
    249.63   999.99   -3.091
    249.94   999.99   -3.080
    250.24   999.99   -3.071
    250.55   999.99   -3.062
    250.85   999.99   -3.049
    251.16   999.99   -3.037
    251.46   999.99   -3.027
    251.77   999.99   -3.015
    252.07   999.99   -3.003
    252.37   999.99   -2.995
    252.68   999.99   -2.980
    252.98   999.99   -2.970
    253.29   999.99   -2.959
    253.59   999.99   -2.942
    253.90   999.99   -2.927
    254.20   999.99   -2.916
    254.51   999.99   -2.900
    254.81   999.99   -2.885
    255.12   999.99   -2.879
    255.42   999.99   -2.867
    255.73   999.99   -2.855
    256.03   999.99   -2.843
    256.34   999.99   -2.832
    256.64   999.99   -2.820
    256.95   999.99   -2.810
    257.25   999.99   -2.800
    257.56   999.99   -2.784
    257.86   999.99   -2.772
    258.17   999.99   -2.763
    258.47   999.99   -2.749
    258.78   999.99   -2.736
    259.08   999.99   -2.724
    259.39   999.99   -2.714
    259.69   999.99   -2.703
    259.99   999.99   -2.692
    260.30   999.99   -2.680
    260.60   999.99   -2.666
    260.91   999.99   -2.656
    261.21   999.99   -2.644
    261.52   999.99   -2.633
    261.82   999.99   -2.626
    262.13   999.99   -2.619
    262.43   999.99   -2.607
    262.74   999.99   -2.591
    263.04   999.99   -2.578
    263.35   999.99   -2.563
    263.65   999.99   -2.551
    263.96   999.99   -2.539
    264.26   999.99   -2.529
    264.57   999.99   -2.520
    264.87   999.99   -2.514
    265.18   999.99   -2.505
    265.48   999.99   -2.490
    265.79   999.99   -2.476
    266.09   999.99   -2.457
    266.40   999.99   -2.445
    266.70   999.99   -2.430
    267.01   999.99   -2.417
    267.31   999.99   -2.406
    267.61   999.99   -2.396
    267.92   999.99   -2.377
    268.22   999.99   -2.360
    268.53   999.99   -2.349
    268.83   999.99   -2.335
    269.14   999.99   -2.321
    269.44   999.99   -2.308
    269.75   999.99   -2.296
    270.05   999.99   -2.281
    270.36   999.99   -2.273
    270.66   999.99   -2.265
    270.97   999.99   -2.249
    271.27   999.99   -2.230
    271.58   999.99   -2.211
    271.88   999.99   -2.198
    272.19   999.99   -2.190
    272.49   999.99   -2.184
    272.80   999.99   -2.174
    273.10   999.99   -2.165
    273.41   999.99   -2.155
    273.71   999.99   -2.141
    274.02   999.99   -2.130
    274.32   999.99   -2.114
    274.63   999.99   -2.057
    274.93   999.99   -2.048
    275.23   999.99   -2.042
    275.54   999.99   -2.032
    275.84   999.99   -2.026
    276.15   999.99   -2.021
    276.45   999.99   -2.018
    276.76   999.99   -2.009
    277.06   999.99   -1.998
    277.37   999.99   -1.987
    277.67   999.99   -1.977
    277.98   999.99   -1.964
    278.28   999.99   -1.952
    278.59   999.99   -1.935
    278.89   999.99   -1.921
    279.20   999.99   -1.906
    279.50   999.99   -1.891
    279.81   999.99   -1.874
    280.11   999.99   -1.861
    280.42   999.99   -1.852
    280.72   999.99   -1.840
    281.03   999.99   -1.829
    281.33   999.99   -1.814
    281.64   999.99   -1.799
    281.94   999.99   -1.786
    282.25   999.99   -1.775
    282.55   999.99   -1.765
    282.86   999.99   -1.754
    283.16   999.99   -1.744
    283.46   999.99   -1.730
    283.77   999.99   -1.714
    284.07   999.99   -1.695
    284.38   999.99   -1.675
    284.68   999.99   -1.662
    284.99   999.99   -1.648
    285.29   999.99   -1.634
    285.60   999.99   -1.622
    285.90   999.99   -1.607
    286.21   999.99   -1.594
    286.51   999.99   -1.578
    286.82   999.99   -1.565
    287.12   999.99   -1.553
    287.43   999.99   -1.538
    287.73   999.99   -1.527
    288.04   999.99   -1.520
    288.34   999.99   -1.511
    288.65   999.99   -1.497
    288.95   999.99   -1.484
    289.26   999.99   -1.468
    289.56   999.99   -1.455
    289.87   999.99   -1.436
    290.17   999.99   -1.414
    290.48   999.99   -1.393
    290.78   999.99   -1.382
    291.08   999.99   -1.371
    291.39   999.99   -1.359
    291.69   999.99   -1.345
    292.00   999.99   -1.330
    292.30   999.99   -1.314
    292.61   999.99   -1.302
    292.91   999.99   -1.289
    293.22   999.99   -1.276
    293.52   999.99   -1.267
    293.83   999.99   -1.259
    294.13   999.99   -1.251
    294.44   999.99   -1.235
    294.74   999.99   -1.221
    295.05   999.99   -1.203
    295.35   999.99   -1.191
    295.66   999.99   -1.181
    295.96   999.99   -1.171
    296.27   999.99   -1.157
    296.57   999.99   -1.147
    296.88   999.99   -1.136
    297.18   999.99   -1.127
    297.49   999.99   -1.112
    297.79   999.99   -1.101
    298.10   999.99   -1.079
    298.40   999.99   -1.061
    298.70   999.99   -1.044
    299.01   999.99   -1.032
    299.31   999.99   -1.017
    299.62   999.99   -1.003
    299.92   999.99    -.987
    300.23   999.99    -.977
    300.53   999.99    -.963
    300.84   999.99    -.950
    301.14   999.99    -.937
    301.45   999.99    -.919
    301.75   999.99    -.902
    302.06   999.99    -.889
    302.36   999.99    -.876
    302.67   999.99    -.866
    302.97   999.99    -.848
    303.28   999.99    -.834
    303.58   999.99    -.816
    303.89   999.99    -.805
    304.19   999.99    -.788
    304.50   999.99    -.772
    304.80   999.99    -.759
    305.11   999.99    -.747
    305.41   999.99    -.734
    305.71   999.99    -.718
    306.02   999.99    -.707
    306.32   999.99    -.693
    306.63   999.99    -.678
    306.93   999.99    -.671
    307.24   999.99    -.647
    307.54   999.99    -.635
    307.85   999.99    -.628
    308.15   999.99    -.615
    308.46   999.99    -.602
    308.76   999.99    -.591
    309.07   999.99    -.571
    309.37   999.99    -.553
    309.68   999.99    -.540
    309.98   999.99    -.527
    310.29   999.99    -.511
    310.59   999.99    -.497
    310.90   999.99    -.491
    311.20   999.99    -.467
    311.51   999.99    -.453
    311.81   999.99    -.462
    312.12   999.99    -.425
    312.42   999.99    -.414
    312.73   999.99    -.397
    313.03   999.99    -.387
    313.33   999.99    -.374
    313.64   999.99    -.355
    313.94   999.99    -.336
    314.25   999.99    -.319
    314.55   999.99    -.308
    314.86   999.99    -.299
    315.16   999.99    -.289
    315.47   999.99    -.275
    315.77   999.99    -.262
    316.08   999.99    -.251
    316.38   999.99    -.241
    316.69   999.99    -.229
    316.99   999.99    -.215
    317.30   999.99    -.203
    317.60   999.99    -.185
    317.91   999.99    -.175
    318.21   999.99    -.166
    318.52   999.99    -.151
    318.82   999.99    -.139
    319.13   999.99    -.129
    319.43   999.99    -.118
    319.74   999.99    -.099
    320.04   999.99    -.084
    320.35   999.99    -.067
    320.65   999.99    -.051
    320.95   999.99    -.039
    321.26   999.99    -.024
    321.56   999.99    -.008
    321.87   999.99     .004
    322.17   999.99     .020
    322.48   999.99     .032
    322.78   999.99     .046
    323.09   999.99     .066
    323.39   999.99     .085
    323.70   999.99     .099
    324.00   999.99     .112
    324.31   999.99     .126
    324.61   999.99     .141
    324.92   999.99     .155
    325.22   999.99     .175
    325.53   999.99     .194
    325.83   999.99     .212
    326.14   999.99     .229
    326.44   999.99     .247
    326.75   999.99     .271
    327.05   999.99     .289
    327.36   999.99     .308
    327.66   999.99     .322
    327.97   999.99     .341
    328.27   999.99     .356
    328.58   999.99     .376
    328.88   999.99     .393
    329.18   999.99     .413
    329.49   999.99     .428
    329.79   999.99     .440
    330.10   999.99     .451
    330.40   999.99     .461
    330.71   999.99     .475
    331.01   999.99     .498
    331.32   999.99     .517
    331.62   999.99     .535
    331.93   999.99     .553
    332.23   999.99     .571
    332.54   999.99     .589
    332.84   999.99     .603
    333.15   999.99     .617
    333.45   999.99     .628
    333.76   999.99     .638
    334.06   999.99     .655
    334.37   999.99     .667
    334.67   999.99     .684
    334.98   999.99     .695
    335.28   999.99     .711
    335.59   999.99     .769
    335.89   999.99     .772
    336.20   999.99     .781
    336.50   999.99     .783
    336.80   999.99     .800
    337.11   999.99     .809
    337.41   999.99     .820
    337.72   999.99     .835
    338.02   999.99     .853
    338.33   999.99     .873
    338.63   999.99     .891
    338.94   999.99     .909
    339.24   999.99     .926
    339.55   999.99     .943
    339.85   999.99     .945
    340.16   999.99     .968
    340.46   999.99     .984
    340.77   999.99    1.000
    341.07   999.99    1.013
    341.38   999.99    1.029
    341.68   999.99    1.043
    341.99   999.99    1.058
    342.29   999.99    1.075
    342.60   999.99    1.090
    342.90   999.99    1.103
    343.21   999.99    1.114
    343.51   999.99    1.131
    343.82   999.99    1.144
    344.12   999.99    1.163
    344.42   999.99    1.182
    344.73   999.99    1.200
    345.03   999.99    1.219
    345.34   999.99    1.238
    345.64   999.99    1.254
    345.95   999.99    1.270
    346.25   999.99    1.290
    346.56   999.99    1.310
    346.86   999.99    1.324
    347.17   999.99    1.342
    347.47   999.99    1.355
    347.78   999.99    1.371
    348.08   999.99    1.384
    348.39   999.99    1.396
    348.69   999.99    1.408
    349.00   999.99    1.422
    349.30   999.99    1.444
    349.61   999.99    1.462
    349.91   999.99    1.475
    350.22   999.99    1.485
    350.52   999.99    1.501
    350.83   999.99    1.517
    351.13   999.99    1.533
    351.44   999.99    1.542
    351.74   999.99    1.558
    352.04   999.99    1.576
    352.35   999.99    1.592
    352.65   999.99    1.607
    352.96   999.99    1.622
    353.26   999.99    1.637
    353.57   999.99    1.652
    353.87   999.99    1.670
    354.18   999.99    1.685
    354.48   999.99    1.702
    354.79   999.99    1.713
    355.09   999.99    1.730
    355.40   999.99    1.744
    355.70   999.99    1.755
    356.01   999.99    1.768
    356.31   999.99    1.783
    356.62   999.99    1.796
    356.92   999.99    1.809
    357.23   999.99    1.832
    357.53   999.99    1.848
    357.84   999.99    1.863
    358.14   999.99    1.876
    358.45   999.99    1.890
    358.75   999.99    1.900
    359.06   999.99    1.913
    359.36   999.99    1.923
    359.66   999.99    1.933
    359.97   999.99    1.949
    360.27   999.99    1.966
    360.58   999.99    1.984
    360.88   999.99    1.999
    361.19   999.99    2.013
    361.49   999.99    2.026
    361.80   999.99    2.045
    362.10   999.99    2.055
    362.41   999.99    2.078
    362.71   999.99    2.090
    363.02   999.99    2.105
    363.32   999.99    2.122
    363.63   999.99    2.138
    363.93   999.99    2.150
    364.24   999.99    2.168
    364.54   999.99    2.181
    364.85   999.99    2.193
    365.15   999.99    2.204
    365.46   999.99    2.223
    365.76   999.99    2.236
    366.07   999.99    2.249
    366.37   999.99    2.270
    366.68   999.99    2.281
    366.98   999.99    2.295
    367.28   999.99    2.308
    367.59   999.99    2.322
    367.89   999.99    2.340
    368.20   999.99    2.357
    368.50   999.99    2.372
    368.81   999.99    2.387
    369.11   999.99    2.398
    369.42   999.99    2.411
    369.72   999.99    2.423
    370.03   999.99    2.436
    370.33   999.99    2.448
    370.64   999.99    2.459
    370.94   999.99    2.473
    371.25   999.99    2.486
    371.55   999.99    2.498
    371.86   999.99    2.509
    372.16   999.99    2.525
    372.47   999.99    2.539
    372.77   999.99    2.551
    373.08   999.99    2.562
    373.38   999.99    2.578
    373.69   999.99    2.590
    373.99   999.99    2.610
    374.30   999.99    2.624
    374.60   999.99    2.633
    374.90   999.99    2.642
    375.21   999.99    2.649
    375.51   999.99    2.658
    375.82   999.99    2.673
    376.12   999.99    2.684
    376.43   999.99    2.698
    376.73   999.99    2.713
    377.04   999.99    2.726
    377.34   999.99    2.742
    377.65   999.99    2.754
    377.95   999.99    2.766
    378.26   999.99    2.774
    378.56   999.99    2.788
    378.87   999.99    2.799
    379.17   999.99    2.808
    379.48   999.99    2.822
    379.78   999.99    2.835
    380.09   999.99    2.844
    380.39   999.99    2.855
    380.70   999.99    2.865
    381.00   999.99    2.876
    381.31   999.99    2.890
    381.61   999.99    2.899
    381.92   999.99    2.911
    382.22   999.99    2.922
    382.52   999.99    2.938
    382.83   999.99    2.952
    383.13   999.99    2.966
    383.44   999.99    2.977
    383.74   999.99    2.989
    384.05   999.99    2.997
    384.35   999.99    3.008
    384.66   999.99    3.017
    384.96   999.99    3.029
    385.27   999.99    3.045
    385.57   999.99    3.059
    385.88   999.99    3.072
    386.18   999.99    3.083
    386.49   999.99    3.092
    386.79   999.99    3.101
    387.10   999.99    3.118
    387.40   999.99    3.133
    387.71   999.99    3.145
    388.01   999.99    3.158
    388.32   999.99    3.166
    388.62   999.99    3.179
    388.93   999.99    3.190
    389.23   999.99    3.202
    389.54   999.99    3.215
    389.84   999.99    3.221
    390.14   999.99    3.234
    390.45   999.99    3.244
    390.75   999.99    3.257
    391.06   999.99    3.265
    391.36   999.99    3.282
    391.67   999.99    3.296
    391.97   999.99    3.310
    392.28   999.99    3.318
    392.58   999.99    3.329
    392.89   999.99    3.338
    393.19   999.99    3.347
    393.50   999.99    3.363
    393.80   999.99    3.378
    394.11   999.99    3.393
    394.41   999.99    3.403
    394.72   999.99    3.412
    395.02   999.99    3.420
    395.33   999.99    3.428
    395.63   999.99    3.432
    395.94   999.99    3.442
    396.24   999.99    3.453
    396.55   999.99    3.466
    396.85   999.99    3.486
    397.16   999.99    3.495
    397.46   999.99    3.507
    397.76   999.99    3.518
    398.07   999.99    3.529
    398.37   999.99    3.540
    398.68   999.99    3.550
    398.98   999.99    3.562
    399.29   999.99    3.570
    399.59   999.99    3.581
    399.90   999.99    3.593
    400.20   999.99    3.602
    400.51   999.99    3.615
    400.81   999.99    3.631
    401.12   999.99    3.639
    401.42   999.99    3.656
    401.73   999.99    3.664
    402.03   999.99    3.676
    402.34   999.99    3.690
    402.64   999.99    3.701
    402.95   999.99    3.713
    403.25   999.99    3.723
    403.56   999.99    3.731
    403.86   999.99    3.742
    404.17   999.99    3.756
    404.47   999.99    3.767
    404.78   999.99    3.781
    405.08   999.99    3.794
    405.38   999.99    3.812
    405.69   999.99    3.825
    405.99   999.99    3.836
    406.30   999.99    3.845
    406.60   999.99    3.857
    406.91   999.99    3.864
    407.21   999.99    3.876
    407.52   999.99    3.893
    407.82   999.99    3.900
    408.13   999.99    3.914
    408.43   999.99    3.933
    408.74   999.99    3.942
    409.04   999.99    3.952
    409.35   999.99    3.964
    409.65   999.99    3.975
    409.96   999.99    3.987
    410.26   999.99    4.001
    410.57   999.99    4.011
    410.87   999.99    4.023
    411.18   999.99    4.031
    411.48   999.99    4.037
    411.79   999.99    4.052
    412.09   999.99    4.070
    412.40   999.99    4.086
    412.70   999.99    4.100
    413.00   999.99    4.113
    413.31   999.99    4.130
    413.61   999.99    4.144
    413.92   999.99    4.154
    414.22   999.99    4.167
    414.53   999.99    4.182
    414.83   999.99    4.193
    415.14   999.99    4.209
    415.44   999.99    4.217
    415.75   999.99    4.226
    416.05   999.99    4.234
    416.36   999.99    4.248
    416.66   999.99    4.255
    416.97   999.99    4.267
    417.27   999.99    4.283
    417.58   999.99    4.296
    417.88   999.99    4.311
    418.19   999.99    4.324
    418.49   999.99    4.338
    418.80   999.99    4.356
    419.10   999.99    4.367
    419.41   999.99    4.378
    419.71   999.99    4.386
    420.02   999.99    4.395
    420.32   999.99    4.409
    420.62   999.99    4.421
    420.93   999.99    4.431
    421.23   999.99    4.445
    421.54   999.99    4.461
    421.84   999.99    4.468
    422.15   999.99    4.478
    422.45   999.99    4.492
    422.76   999.99    4.508
    423.06   999.99    4.519
    423.37   999.99    4.531
    423.67   999.99    4.542
    423.98   999.99    4.553
    424.28   999.99    4.564
    424.59   999.99    4.573
    424.89   999.99    4.586
    425.20   999.99    4.598
    425.50   999.99    4.608
    425.81   999.99    4.620
    426.11   999.99    4.634
    426.42   999.99    4.646
    426.72   999.99    4.657
    427.03   999.99    4.671
    427.33   999.99    4.681
    427.64   999.99    4.694
    427.94   999.99    4.704
    428.24   999.99    4.718
    428.55   999.99    4.728
    428.85   999.99    4.737
    429.16   999.99    4.751
    429.46   999.99    4.763
    429.77   999.99    4.775
    430.07   999.99    4.788
    430.38   999.99    4.795
    430.68   999.99    4.806
    430.99   999.99    4.813
    431.29   999.99    4.824
    431.60   999.99    4.833
    431.90   999.99    4.848
    432.21   999.99    4.860
    432.51   999.99    4.875
    432.82   999.99    4.886
    433.12   999.99    4.898
    433.43   999.99    4.912
    433.73   999.99    4.925
    434.04   999.99    4.932
    434.34   999.99    4.948
    434.65   999.99    4.957
    434.95   999.99    4.968
    435.26   999.99    4.978
    435.56   999.99    4.987
    435.86   999.99    5.002
    436.17   999.99    5.011
    436.47   999.99    5.019
    436.78   999.99    5.027
    437.08   999.99    5.034
    437.39   999.99    5.045
    437.69   999.99    5.056
    438.00   999.99    5.067
    438.30   999.99    5.075
    438.61   999.99    5.084
    438.91   999.99    5.092
    439.22   999.99    5.106
    439.52   999.99    5.119
    439.83   999.99    5.123
    440.13   999.99    5.132
    440.44   999.99    5.142
    440.74   999.99    5.152
    441.05   999.99    5.164
    441.35   999.99    5.166
    441.66   999.99    5.186
    441.96   999.99    5.197
    442.27   999.99    5.205
    442.57   999.99    5.213
    442.88   999.99    5.223
    443.18   999.99    5.236
    443.48   999.99    5.247
    443.79   999.99    5.257
    444.09   999.99    5.261
    444.40   999.99    5.268
    444.70   999.99    5.281
    445.01   999.99    5.291
    445.31   999.99    5.299
    445.62   999.99    5.307
    445.92   999.99    5.317
    446.23   999.99    5.326
    446.53   999.99    5.333
    446.84   999.99    5.346
    447.14   999.99    5.357
    447.45   999.99    5.362
    447.75   999.99    5.369
    448.06   999.99    5.377
    448.36   999.99    5.389
    448.67   999.99    5.396
    448.97   999.99    5.406
    449.28   999.99    5.417
    449.58   999.99    5.426
    449.89   999.99    5.438
    450.19   999.99    5.444
    450.50   999.99    5.455
    450.80   999.99    5.459
    451.10   999.99    5.471
    451.41   999.99    5.477
    451.71   999.99    5.489
    452.02   999.99    5.503
    452.32   999.99    5.519
    452.63   999.99    5.532
    452.93   999.99    5.540
    453.24   999.99    5.551
    453.54   999.99    5.562
    453.85   999.99    5.567
    454.15   999.99    5.577
    454.46   999.99    5.587
    454.76   999.99    5.594
    455.07   999.99    5.601
    455.37   999.99    5.612
    455.68   999.99    5.623
    455.98   999.99    5.635
    456.29   999.99    5.643
    456.59   999.99    5.652
    456.90   999.99    5.662
    457.20   999.99    5.673
    457.51   999.99    5.729
    457.81   999.99    5.728
    458.12   999.99    5.733
    458.42   999.99    5.739
    458.72   999.99    5.744
    459.03   999.99    5.747
    459.33   999.99    5.760
    459.64   999.99    5.772
    459.94   999.99    5.782
    460.25   999.99    5.791
    460.55   999.99    5.799
    460.86   999.99    5.804
    461.16   999.99    5.808
    461.47   999.99    5.834
    461.77   999.99    5.842
    462.08   999.99    5.845
    462.38   999.99    5.857
    462.69   999.99    5.867
    462.99   999.99    5.871
    463.30   999.99    5.884
    463.60   999.99    5.897
    463.91   999.99    5.911
    464.21   999.99    5.919
    464.52   999.99    5.928
    464.82   999.99    5.935
    465.13   999.99    5.941
    465.43   999.99    5.960
    465.74   999.99    5.963
    466.04   999.99    5.976
    466.34   999.99    5.987
    466.65   999.99    5.996
    466.95   999.99    6.006
    467.26   999.99    6.021
    467.56   999.99    6.031
    467.87   999.99    6.039
    468.17   999.99    6.048
    468.48   999.99    6.055
    468.78   999.99    6.068
    469.09   999.99    6.081
    469.39   999.99    6.095
    469.70   999.99    6.101
    470.00   999.99    6.111
    470.31   999.99    6.120
    470.61   999.99    6.128
    470.92   999.99    6.138
    471.22   999.99    6.146
    471.53   999.99    6.158
    471.83   999.99    6.166
    472.14   999.99    6.173
    472.44   999.99    6.187
    472.75   999.99    6.195
    473.05   999.99    6.205
    473.36   999.99    6.209
    473.66   999.99    6.218
    473.96   999.99    6.229
    474.27   999.99    6.238
    474.57   999.99    6.245
    474.88   999.99    6.258
    475.18   999.99    6.265
    475.49   999.99    6.276
    475.79   999.99    6.284
    476.10   999.99    6.291
    476.40   999.99    6.299
    476.71   999.99    6.313
    477.01   999.99    6.325
    477.32   999.99    6.334
    477.62   999.99    6.346
    477.93   999.99    6.352
    478.23   999.99    6.363
    478.54   999.99    6.371
    478.84   999.99    6.385
    479.15   999.99    6.394
    479.45   999.99    6.401
    479.76   999.99    6.411
    480.06   999.99    6.419
    480.37   999.99    6.428
    480.67   999.99    6.438
    480.98   999.99    6.448
    481.28   999.99    6.456
    481.58   999.99    6.464
    481.89   999.99    6.470
    482.19   999.99    6.477
    482.50   999.99    6.486
    482.80   999.99    6.493
    483.11   999.99    6.508
    483.41   999.99    6.520
    483.72   999.99    6.533
    484.02   999.99    6.536
    484.33   999.99    6.550
    484.63   999.99    6.561
    484.94   999.99    6.572
    485.24   999.99    6.580
    485.55   999.99    6.589
    485.85   999.99    6.602
    486.16   999.99    6.611
    486.46   999.99    6.619
    486.77   999.99    6.631
    487.07   999.99    6.639
    487.38   999.99    6.648
    487.68   999.99    6.662
    487.99   999.99    6.679
    488.29   999.99    6.691
    488.60   999.99    6.702
    488.90   999.99    6.709
    489.20   999.99    6.710
    489.51   999.99    6.723
    489.81   999.99    6.731
    490.12   999.99    6.740
    490.42   999.99    6.752
    490.73   999.99    6.765
    491.03   999.99    6.774
    491.34   999.99    6.779
    491.64   999.99    6.788
    491.95   999.99    6.794
    492.25   999.99    6.807
    492.56   999.99    6.820
    492.86   999.99    6.832
    493.17   999.99    6.845
    493.47   999.99    6.854
    493.78   999.99    6.864
    494.08   999.99    6.879
    494.39   999.99    6.891
    494.69   999.99    6.910
    495.00   999.99    6.914
    495.30   999.99    6.921
    495.61   999.99    6.934
    495.91   999.99    6.946
    496.22   999.99    6.956
    496.52   999.99    6.967
    496.83   999.99    6.978
    497.13   999.99    6.982
    497.43   999.99    6.995
    497.74   999.99    7.007
    498.04   999.99    7.013
    498.35   999.99    7.030
    498.65   999.99    7.044
    498.96   999.99    7.051
    499.26   999.99    7.062
    499.57   999.99    7.074
    499.87   999.99    7.081
    500.18   999.99    7.094
    500.48   999.99    7.104
    500.79   999.99    7.116
    501.09   999.99    7.140
    501.40   999.99    7.160
    501.70   999.99    7.175
    502.01   999.99    7.184
    502.31   999.99    7.193
    502.62   999.99    7.207
    502.92   999.99    7.219
    503.23   999.99    7.225
    503.53   999.99    7.233
    503.84   999.99    7.242
    504.14   999.99    7.250
    504.45   999.99    7.260
    504.75   999.99    7.273
    505.05   999.99    7.284
    505.36   999.99    7.294
    505.66   999.99    7.302
    505.97   999.99    7.314
    506.27   999.99    7.324
    506.58   999.99    7.335
    506.88   999.99    7.345
    507.19   999.99    7.355
    507.49   999.99    7.363
    507.80   999.99    7.372
    508.10   999.99    7.384
    508.41   999.99    7.397
    508.71   999.99    7.407
    509.02   999.99    7.420
    509.32   999.99    7.436
    509.63   999.99    7.445
    509.93   999.99    7.454
    510.24   999.99    7.463
    510.54   999.99    7.473
    510.85   999.99    7.486
    511.15   999.99    7.497
    511.46   999.99    7.505
    511.76   999.99    7.519
    512.07   999.99    7.528
    512.37   999.99    7.536
    512.67   999.99    7.551
    512.98   999.99    7.567
    513.28   999.99    7.590
    513.59   999.99    7.608
    513.89   999.99    7.623
    514.20   999.99    7.632
    514.50   999.99    7.644
    514.81   999.99    7.652
    515.11   999.99    7.664
    515.42   999.99    7.675
    515.72   999.99    7.686
    516.03   999.99    7.699
    516.33   999.99    7.706
    516.64   999.99    7.715
    516.94   999.99    7.725
    517.25   999.99    7.736
    517.55   999.99    7.749
    517.86   999.99    7.763
    518.16   999.99    7.776
    518.47   999.99    7.785
    518.77   999.99    7.794
    519.08   999.99    7.798
    519.38   999.99    7.808
    519.69   999.99    7.822
    519.99   999.99    7.835
    520.29   999.99    7.841
    520.60   999.99    7.857
    520.90   999.99    7.869
    521.21   999.99    7.882
    521.51   999.99    7.894
    521.82   999.99    7.906
    522.12   999.99    7.917
    522.43   999.99    7.925
    522.73   999.99    7.934
    523.04   999.99    7.944
    523.34   999.99    7.957
    523.65   999.99    7.971
    523.95   999.99    7.983
    524.26   999.99    7.992
    524.56   999.99    8.004
    524.87   999.99    8.017
    525.17   999.99    8.028
    525.48   999.99    8.037
    525.78   999.99    8.050
    526.09   999.99    8.063
    526.39   999.99    8.068
    526.70   999.99    8.082
    527.00   999.99    8.096
    527.31   999.99    8.111
    527.61   999.99    8.121
    527.91   999.99    8.130
    528.22   999.99    8.134
    528.52   999.99    8.140
    528.83   999.99    8.153
    529.13   999.99    8.171
    529.44   999.99    8.185
    529.74   999.99    8.195
    530.05   999.99    8.210
    530.35   999.99    8.222
    530.66   999.99    8.229
    530.96   999.99    8.243
    531.27   999.99    8.252
    531.57   999.99    8.264
    531.88   999.99    8.276
    532.18   999.99    8.284
    532.49   999.99    8.293
    532.79   999.99    8.303
    533.10   999.99    8.308
    533.40   999.99    8.316
    533.71   999.99    8.322
    534.01   999.99    8.336
    534.32   999.99    8.352
    534.62   999.99    8.362
    534.92   999.99    8.370
    535.23   999.99    8.379
    535.53   999.99    8.391
    535.84   999.99    8.404
    536.14   999.99    8.411
    536.45   999.99    8.427
    536.75   999.99    8.438
    537.06   999.99    8.452
    537.36   999.99    8.459
    537.67   999.99    8.466
    537.97   999.99    8.477
    538.28   999.99    8.483
    538.58   999.99    8.499
    538.89   999.99    8.515
    539.19   999.99    8.525
    539.50   999.99    8.535
    539.80   999.99    8.544
    540.11   999.99    8.546
    540.41   999.99    8.557
    540.72   999.99    8.569
    541.02   999.99    8.577
    541.33   999.99    8.592
    541.63   999.99    8.596
    541.94   999.99    8.608
    542.24   999.99    8.618
    542.55   999.99    8.630
    542.85   999.99    8.637
    543.15   999.99    8.647
    543.46   999.99    8.660
    543.76   999.99    8.666
    544.07   999.99    8.677
    544.37   999.99    8.687
    544.68   999.99    8.700
    544.98   999.99    8.717
    545.29   999.99    8.725
    545.59   999.99    8.739
    545.90   999.99    8.746
    546.20   999.99    8.765
    546.51   999.99    8.769
    546.81   999.99    8.779
    547.12   999.99    8.789
    547.42   999.99    8.799
    547.73   999.99    8.808
    548.03   999.99    8.823
    548.34   999.99    8.833
    548.64   999.99    8.847
    548.95   999.99    8.859
    549.25   999.99    8.868
    549.56   999.99    8.887
    549.86   999.99    8.901
    550.17   999.99    8.913
    550.47   999.99    8.924
    550.77   999.99    8.938
    551.08   999.99    8.951
    551.38   999.99    8.957
    551.69   999.99    8.968
    551.99   999.99    8.978
    552.30   999.99    8.990
    552.60   999.99    8.997
    552.91   999.99    9.009
    553.21   999.99    9.023
    553.52   999.99    9.034
    553.82   999.99    9.048
    554.13   999.99    9.059
    554.43   999.99    9.074
    554.74   999.99    9.082
    555.04   999.99    9.096
    555.35   999.99    9.104
    555.65   999.99    9.117
    555.96   999.99    9.129
    556.26   999.99    9.138
    556.57   999.99    9.148
    556.87   999.99    9.161
    557.18   999.99    9.174
    557.48   999.99    9.192
    557.79   999.99    9.206
    558.09   999.99    9.211
    558.39   999.99    9.227
    558.70   999.99    9.236
    559.00   999.99    9.247
    559.31   999.99    9.257
    559.61   999.99    9.264
    559.92   999.99    9.276
    560.22   999.99    9.285
    560.53   999.99    9.297
    560.83   999.99    9.311
    561.14   999.99    9.322
    561.44   999.99    9.334
    561.75   999.99    9.345
    562.05   999.99    9.355
    562.36   999.99    9.367
    562.66   999.99    9.382
    562.97   999.99    9.393
    563.27   999.99    9.400
    563.58   999.99    9.406
    563.88   999.99    9.421
    564.19   999.99    9.435
    564.49   999.99    9.450
    564.80   999.99    9.465
    565.10   999.99    9.473
    565.41   999.99    9.481
    565.71   999.99    9.491
    566.01   999.99    9.504
    566.32   999.99    9.516
    566.62   999.99    9.527
    566.93   999.99    9.538
    567.23   999.99    9.549
    567.54   999.99    9.558
    567.84   999.99    9.568
    568.15   999.99    9.581
    568.45   999.99    9.593
    568.76   999.99    9.606
    569.06   999.99    9.610
    569.37   999.99    9.626
    569.67   999.99    9.636
    569.98   999.99    9.655
    570.28   999.99    9.665
    570.59   999.99    9.669
    570.89   999.99    9.682
    571.20   999.99    9.698
    571.50   999.99    9.714
    571.81   999.99    9.724
    572.11   999.99    9.738
    572.42   999.99    9.745
    572.72   999.99    9.753
    573.03   999.99    9.769
    573.33   999.99    9.780
    573.63   999.99    9.789
    573.94   999.99    9.801
    574.24   999.99    9.815
    574.55   999.99    9.826
    574.85   999.99    9.839
    575.16   999.99    9.852
    575.46   999.99    9.864
    575.77   999.99    9.875
    576.07   999.99    9.888
    576.38   999.99    9.900
    576.68   999.99    9.909
    576.99   999.99    9.928
    577.29   999.99    9.931
    577.60   999.99    9.941
    577.90   999.99    9.956
    578.21   999.99    9.965
    578.51   999.99    9.973
    578.82   999.99    9.984
    579.12   999.99    9.993
    579.43   999.99   10.003
    579.73   999.99   10.015
    580.04   999.99   10.021
    580.34   999.99   10.035
    580.65   999.99   10.040
    580.95   999.99   10.055
    581.25   999.99   10.072
    581.56   999.99   10.084
    581.86   999.99   10.094
    582.17   999.99   10.102
    582.47   999.99   10.112
    582.78   999.99   10.127
    583.08   999.99   10.134
    583.39   999.99   10.150
    583.69   999.99   10.158
    584.00   999.99   10.165
    584.30   999.99   10.173
    584.61   999.99   10.184
    584.91   999.99   10.190
    585.22   999.99   10.204
    585.52   999.99   10.215
    585.83   999.99   10.224
    586.13   999.99   10.240
    586.44   999.99   10.248
    586.74   999.99   10.262
    587.05   999.99   10.274
    587.35   999.99   10.286
    587.66   999.99   10.298
    587.96   999.99   10.315
    588.27   999.99   10.315
    588.57   999.99   10.327
    588.87   999.99   10.340
    589.18   999.99   10.355
    589.48   999.99   10.368
    589.79   999.99   10.380
    590.09   999.99   10.391
    590.40   999.99   10.402
    590.70   999.99   10.415
    591.01   999.99   10.429
    591.31   999.99   10.442
    591.62   999.99   10.455
    591.92   999.99   10.471
    592.23   999.99   10.485
    592.53   999.99   10.500
    592.84   999.99   10.509
    593.14   999.99   10.516
    593.45   999.99   10.529
    593.75   999.99   10.538
    594.06   999.99   10.549
    594.36   999.99   10.566
    594.67   999.99   10.575
    594.97   999.99   10.587
    595.28   999.99   10.596
    595.58   999.99   10.609
    595.89   999.99   10.622
    596.19   999.99   10.637
    596.49   999.99   10.648
    596.80   999.99   10.663
    597.10   999.99   10.678
    597.41   999.99   10.691
    597.71   999.99   10.699
    598.02   999.99   10.709
    598.32   999.99   10.720
    598.63   999.99   10.734
    598.93   999.99   10.740
    599.24   999.99   10.749
    599.54   999.99   10.768
    599.85   999.99   10.781
    600.15   999.99   10.796
    600.46   999.99   10.808
    600.76   999.99   10.821
    601.07   999.99   10.835
    601.37   999.99   10.846
    601.68   999.99   10.868
    601.98   999.99   10.878
    602.29   999.99   10.890
    602.59   999.99   10.897
    602.90   999.99   10.904
    603.20   999.99   10.914
    603.51   999.99   10.927
    603.81   999.99   10.941
    604.11   999.99   10.953
    604.42   999.99   10.969
    604.72   999.99   10.976
    605.03   999.99   10.990
    605.33   999.99   11.001
    605.64   999.99   11.009
    605.94   999.99   11.032
    606.25   999.99   11.040
    606.55   999.99   11.054
    606.86   999.99   11.071
    607.16   999.99   11.075
    607.47   999.99   11.091
    607.77   999.99   11.105
    608.08   999.99   11.127
    608.38   999.99   11.137
    608.69   999.99   11.148
    608.99   999.99   11.160
    609.30   999.99   11.172
    609.60   999.99   11.185
    609.91   999.99   11.198
    610.21   999.99   11.211
    610.52   999.99   11.218
    610.82   999.99   11.226
    611.13   999.99   11.243
    611.43   999.99   11.253
    611.73   999.99   11.263
    612.04   999.99   11.271
    612.34   999.99   11.281
    612.65   999.99   11.291
    612.95   999.99   11.303
    613.26   999.99   11.314
    613.56   999.99   11.333
    613.87   999.99   11.345
    614.17   999.99   11.355
    614.48   999.99   11.372
    614.78   999.99   11.387
    615.09   999.99   11.405
    615.39   999.99   11.417
    615.70   999.99   11.428
    616.00   999.99   11.435
    616.31   999.99   11.445
    616.61   999.99   11.454
    616.92   999.99   11.465
    617.22   999.99   11.474
    617.53   999.99   11.484
    617.83   999.99   11.494
    618.14   999.99   11.505
    618.44   999.99   11.521
    618.75   999.99   11.534
    619.05   999.99   11.543
    619.35   999.99   11.553
    619.66   999.99   11.563
    619.96   999.99   11.567
    620.27   999.99   11.583
    620.57   999.99   11.593
    620.88   999.99   11.603
    621.18   999.99   11.612
    621.49   999.99   11.619
    621.79   999.99   11.625
    622.10   999.99   11.638
    622.40   999.99   11.647
    622.71   999.99   11.654
    623.01   999.99   11.662
    623.32   999.99   11.673
    623.62   999.99   11.690
    623.93   999.99   11.696
    624.23   999.99   11.707
    624.54   999.99   11.717
    624.84   999.99   11.723
    625.15   999.99   11.733
    625.45   999.99   11.739
    625.76   999.99   11.744
    626.06   999.99   11.754
    626.37   999.99   11.762
    626.67   999.99   11.771
    626.97   999.99   11.780
    627.28   999.99   11.790
    627.58   999.99   11.799
    627.89   999.99   11.808
    628.19   999.99   11.815
    628.50   999.99   11.824
    628.80   999.99   11.832
    629.11   999.99   11.840
    629.41   999.99   11.848
    629.72   999.99   11.857
    630.02   999.99   11.864
    630.33   999.99   11.872
    630.63   999.99   11.881
    630.94   999.99   11.889
    631.24   999.99   11.898
    631.55   999.99   11.905
    631.85   999.99   11.911
    632.16   999.99   11.917
    632.46   999.99   11.924
    632.77   999.99   11.927
    633.07   999.99   11.930
    633.38   999.99   11.935
    633.68   999.99   11.936
    633.99   999.99   11.938
    634.29   999.99   11.870
    634.59   999.99   12.043
    634.90   999.99   12.136
    635.20   999.99   12.158
    635.51   999.99   12.167
    635.81   999.99   12.173
    636.12   999.99   12.178
    636.42   999.99   12.181
    636.73   999.99   12.182
    637.03   999.99   12.184
    637.34   999.99   12.190
    637.64   999.99   12.194
    637.95   999.99   12.196
    638.25   999.99   12.197
    638.56   999.99   12.201
    638.86   999.99   12.227
