 << U.S. Geological Survey Borehole Temperature Log - Alaska >>
  
 Site:             ESN2
 Log Date:         80MAR10 
 Type of Log:      incremental 
 Type of Sensor:   thermistor network (custom)
 Measuring Device: digital multimeter
 Deconvolved:      N/A
  
  Z   = measured depth (m)
  TVD = true vertical depth (m)
  T   = temperature (C)
  
        Z      TVD       T
     30.48   999.99    1.824
     32.00   999.99    1.826
     33.53   999.99    1.801
     35.05   999.99    1.834
     36.58   999.99    1.811
     38.10   999.99    1.776
     39.62   999.99    1.797
     41.15   999.99    1.771
     42.67   999.99    1.684
     44.20   999.99    1.569
     45.72   999.99    1.405
     47.24   999.99    1.182
     48.77   999.99     .948
     50.29   999.99    1.004
     51.82   999.99     .961
     53.34   999.99     .976
     54.86   999.99     .912
     56.39   999.99     .926
     57.91   999.99     .848
     59.44   999.99     .947
     60.96   999.99     .905
     62.48   999.99     .967
     64.01   999.99     .907
     65.53   999.99     .854
     67.06   999.99     .859
     68.58   999.99     .818
     70.10   999.99     .948
     71.63   999.99     .882
     73.15   999.99     .804
     74.68   999.99     .857
     76.20   999.99     .879
     77.72   999.99     .812
     79.25   999.99     .961
     80.77   999.99     .986
     82.30   999.99     .807
     83.82   999.99     .758
     85.34   999.99     .742
     86.87   999.99     .808
     88.39   999.99     .719
     89.92   999.99     .770
     91.44   999.99     .820
     92.96   999.99     .832
     94.49   999.99     .688
     96.01   999.99     .662
     97.54   999.99     .721
     99.06   999.99     .762
    100.58   999.99     .818
    102.11   999.99     .764
    103.63   999.99     .812
    105.16   999.99     .827
    106.68   999.99     .766
    108.20   999.99     .708
    109.73   999.99     .772
    111.25   999.99     .861
    112.78   999.99     .803
    114.30   999.99     .819
    115.82   999.99     .803
    117.35   999.99     .696
    118.87   999.99     .664
    120.40   999.99     .576
    121.92   999.99     .679
    123.44   999.99     .718
    124.97   999.99     .712
    126.49   999.99     .598
    128.02   999.99     .558
    129.54   999.99     .568
    131.06   999.99     .604
    132.59   999.99     .672
    134.11   999.99     .666
    135.64   999.99     .601
    137.16   999.99     .563
    138.68   999.99     .636
    140.21   999.99     .565
    141.73   999.99     .702
    143.26   999.99     .640
    144.78   999.99     .466
    146.30   999.99     .577
    147.83   999.99     .548
    149.35   999.99     .574
    150.88   999.99     .580
    152.40   999.99     .702
    153.92   999.99     .651
    155.45   999.99     .660
    156.97   999.99     .712
    158.50   999.99     .673
    160.02   999.99     .677
    161.54   999.99     .672
    163.07   999.99     .672
    164.59   999.99     .707
    166.12   999.99     .705
    167.64   999.99     .647
    169.16   999.99     .761
    170.69   999.99     .788
    172.21   999.99     .737
    173.74   999.99     .793
    175.26   999.99     .836
    176.78   999.99     .803
    178.31   999.99     .773
    179.83   999.99     .843
    181.36   999.99     .873
    182.88   999.99     .907
    184.40   999.99     .858
    185.93   999.99     .810
    187.45   999.99     .888
    188.98   999.99     .885
    190.50   999.99     .895
    192.02   999.99     .936
    193.55   999.99    1.016
    195.07   999.99    1.028
    196.60   999.99    1.029
    198.12   999.99     .842
    199.64   999.99     .965
    201.17   999.99     .963
    202.69   999.99     .996
    204.22   999.99    1.062
    205.74   999.99     .977
    207.26   999.99    1.052
    208.79   999.99    1.012
    210.31   999.99     .956
    211.84   999.99    1.005
    213.36   999.99     .908
    214.88   999.99    1.109
    216.41   999.99    1.069
    217.93   999.99     .976
    219.46   999.99     .928
    220.98   999.99     .933
    222.50   999.99    1.028
    224.03   999.99    1.034
    225.55   999.99    1.013
    227.08   999.99    1.119
    228.60   999.99    1.044
    230.12   999.99    1.151
    231.65   999.99     .979
    233.17   999.99     .998
    234.70   999.99    1.042
    236.22   999.99     .928
    237.74   999.99     .949
    239.27   999.99     .996
    240.79   999.99    1.034
    242.32   999.99    1.137
    243.84   999.99    1.106
    245.36   999.99    1.064
    246.89   999.99    1.013
    248.41   999.99    1.069
    249.94   999.99    1.117
    251.46   999.99    1.179
    252.98   999.99    1.185
    254.51   999.99    1.193
    256.03   999.99    1.174
    257.56   999.99    1.170
    259.08   999.99    1.222
    260.60   999.99    1.040
    262.13   999.99    1.092
    263.65   999.99    1.203
    265.18   999.99    1.184
    266.70   999.99    1.218
    268.22   999.99    1.143
    269.75   999.99    1.179
    271.27   999.99    1.246
    272.80   999.99    1.306
    274.32   999.99    1.410
    275.84   999.99    1.492
    277.37   999.99    1.442
    278.89   999.99    1.382
    280.42   999.99    1.419
    281.94   999.99    1.406
    283.46   999.99    1.512
    284.99   999.99    1.491
    286.51   999.99    1.459
    288.04   999.99    1.549
    289.56   999.99    1.533
    291.08   999.99    1.498
    292.61   999.99    1.774
    294.13   999.99    1.682
    295.66   999.99    1.640
    297.18   999.99    1.683
    298.70   999.99    1.655
    300.23   999.99    1.704
    301.75   999.99    1.742
    303.28   999.99    1.686
    304.80   999.99    1.583
    306.32   999.99    1.601
    307.85   999.99    1.685
    309.37   999.99    1.754
    310.90   999.99    1.740
    312.42   999.99    1.803
    313.94   999.99    1.818
    315.47   999.99    1.916
    316.99   999.99    1.944
    318.52   999.99    1.705
    320.04   999.99    1.827
    321.56   999.99    1.852
    323.09   999.99    1.911
    324.61   999.99    1.881
    326.14   999.99    1.933
    327.66   999.99    1.967
    329.18   999.99    1.817
    330.71   999.99    1.759
    332.23   999.99    1.823
    333.76   999.99    1.740
    335.28   999.99    1.753
    336.80   999.99    1.904
    338.33   999.99    1.964
    339.85   999.99    1.847
    341.38   999.99    2.097
    342.90   999.99    2.131
    344.42   999.99    1.854
    345.95   999.99    1.770
    347.47   999.99    1.734
    349.00   999.99    1.732
    350.52   999.99    1.733
    352.04   999.99    1.846
    353.57   999.99    1.887
    355.09   999.99    1.976
    356.62   999.99    2.006
    358.14   999.99    1.908
    359.66   999.99    1.846
    361.19   999.99    1.928
    362.71   999.99    1.973
    364.24   999.99    1.935
    365.76   999.99    1.938
    367.28   999.99    2.133
    368.81   999.99    2.182
    370.33   999.99    2.211
    371.86   999.99    2.337
    373.38   999.99    2.337
    374.90   999.99    2.321
    376.43   999.99    2.309
    377.95   999.99    2.314
    379.48   999.99    2.371
    381.00   999.99    2.452
    382.52   999.99    2.438
    384.05   999.99    2.437
    385.57   999.99    2.478
    387.10   999.99    2.492
    388.62   999.99    2.542
    390.14   999.99    2.604
    391.67   999.99    2.701
    393.19   999.99    2.791
    394.72   999.99    2.701
    396.24   999.99    2.586
    397.76   999.99    2.603
    399.29   999.99    2.492
    400.81   999.99    2.518
    402.34   999.99    2.563
    403.86   999.99    2.614
    405.38   999.99    2.705
    406.91   999.99    2.642
    408.43   999.99    2.732
    409.96   999.99    2.765
    411.48   999.99    2.771
    413.00   999.99    2.681
    414.53   999.99    2.661
    416.05   999.99    2.478
    417.58   999.99    2.464
    419.10   999.99    2.506
    420.62   999.99    2.535
    422.15   999.99    2.545
    423.67   999.99    2.557
    425.20   999.99    2.586
    426.72   999.99    2.612
    428.24   999.99    2.736
    429.77   999.99    2.975
    431.29   999.99    3.007
    432.82   999.99    2.896
    434.34   999.99    2.875
    435.86   999.99    2.839
    437.39   999.99    2.712
    438.91   999.99    2.661
    440.44   999.99    2.669
    441.96   999.99    2.702
    443.48   999.99    2.717
    445.01   999.99    2.719
    446.53   999.99    2.699
    448.06   999.99    2.663
    449.58   999.99    2.654
    451.10   999.99    2.658
    452.63   999.99    2.661
    454.15   999.99    2.704
    455.68   999.99    2.786
    457.20   999.99    2.891
    458.72   999.99    2.893
    460.25   999.99    2.944
    461.77   999.99    2.922
    463.30   999.99    2.871
    464.82   999.99    2.856
    466.34   999.99    2.849
    467.87   999.99    2.913
    469.39   999.99    2.911
    470.92   999.99    2.908
    472.44   999.99    2.887
    473.96   999.99    2.956
    475.49   999.99    3.022
    477.01   999.99    3.073
    478.54   999.99    3.005
    480.06   999.99    2.961
    481.58   999.99    2.961
    483.11   999.99    3.162
    484.63   999.99    3.257
    486.16   999.99    3.389
    487.68   999.99    3.457
    489.20   999.99    3.409
    490.73   999.99    3.397
    492.25   999.99    3.439
    493.78   999.99    3.544
    495.30   999.99    3.486
    496.83   999.99    3.404
    498.35   999.99    3.403
    499.87   999.99    3.454
    501.40   999.99    3.434
    502.92   999.99    3.463
    504.45   999.99    3.439
    505.97   999.99    3.503
    507.49   999.99    3.559
    509.02   999.99    3.608
    510.54   999.99    3.607
    512.07   999.99    3.623
    513.59   999.99    3.680
    515.11   999.99    3.763
    516.64   999.99    3.784
    518.16   999.99    3.686
    519.69   999.99    3.622
    521.21   999.99    3.667
    522.73   999.99    3.737
    524.26   999.99    3.786
    525.78   999.99    3.721
    527.31   999.99    3.788
    528.83   999.99    3.829
    530.35   999.99    3.848
    531.88   999.99    3.851
    533.40   999.99    3.837
    534.92   999.99    3.771
    536.45   999.99    3.804
    537.97   999.99    3.885
    539.50   999.99    3.884
    541.02   999.99    3.854
    542.55   999.99    3.803
    544.07   999.99    3.863
    545.59   999.99    3.908
    547.12   999.99    3.890
    548.64   999.99    3.958
    550.17   999.99    3.864
    551.69   999.99    3.858
    553.21   999.99    3.942
    554.74   999.99    3.958
    556.26   999.99    3.930
    557.79   999.99    3.876
    559.31   999.99    3.931
    560.83   999.99    4.004
    562.36   999.99    4.033
    563.88   999.99    3.978
    565.41   999.99    4.037
    566.93   999.99    4.034
    568.45   999.99    4.044
    569.98   999.99    4.095
    571.50   999.99    4.148
    573.03   999.99    4.131
    574.55   999.99    4.148
    576.07   999.99    4.178
    577.60   999.99    4.172
    579.12   999.99    4.129
    580.65   999.99    4.064
    582.17   999.99    3.971
    583.69   999.99    4.036
    585.22   999.99    4.117
    586.74   999.99    4.104
    588.27   999.99    3.959
    589.79   999.99    3.934
    591.31   999.99    3.953
    592.84   999.99    4.021
    594.36   999.99    4.073
    595.89   999.99    4.137
    597.41   999.99    4.171
    598.93   999.99    4.155
    600.46   999.99    4.169
    601.98   999.99    4.201
    603.51   999.99    4.201
    605.03   999.99    4.198
    606.55   999.99    4.097
    608.08   999.99    4.167
    609.60   999.99    4.149
    611.13   999.99    4.043
    612.65   999.99    4.066
    614.17   999.99    4.153
    615.70   999.99    4.152
    617.22   999.99    4.244
    618.75   999.99    4.281
    620.27   999.99    4.262
    621.79   999.99    4.278
    623.32   999.99    4.314
    624.84   999.99    4.371
    626.37   999.99    4.423
    627.89   999.99    4.462
    629.41   999.99    4.483
    630.94   999.99    4.478
    632.46   999.99    4.524
    633.99   999.99    4.568
    635.51   999.99    4.579
    637.03   999.99    4.576
    638.56   999.99    4.599
    640.08   999.99    4.599
    641.61   999.99    4.539
    643.13   999.99    4.521
    644.65   999.99    4.512
    646.18   999.99    4.559
    647.70   999.99    4.672
    649.23   999.99    4.728
    650.75   999.99    4.674
    652.27   999.99    4.527
    653.80   999.99    4.533
    655.32   999.99    4.721
    656.85   999.99    4.763
    658.37   999.99    4.804
    659.89   999.99    4.778
    661.42   999.99    4.786
    662.94   999.99    4.727
    664.47   999.99    4.754
    665.99   999.99    4.721
    667.51   999.99    4.571
    669.04   999.99    4.607
    670.56   999.99    4.583
    672.09   999.99    4.613
    673.61   999.99    4.575
    675.13   999.99    4.660
    676.66   999.99    4.748
    678.18   999.99    4.781
    679.71   999.99    4.767
    681.23   999.99    4.754
    682.75   999.99    4.767
    684.28   999.99    4.834
    685.80   999.99    4.794
    687.33   999.99    4.871
    688.85   999.99    4.923
    690.37   999.99    4.863
    691.90   999.99    4.846
    693.42   999.99    4.807
    694.95   999.99    4.746
    696.47   999.99    4.694
    697.99   999.99    4.687
    699.52   999.99    4.721
    701.04   999.99    4.854
    702.57   999.99    4.852
    704.09   999.99    4.927
    705.61   999.99    4.968
    707.14   999.99    4.989
    708.66   999.99    4.963
    710.19   999.99    4.902
    711.71   999.99    4.882
    713.23   999.99    4.940
    714.76   999.99    4.986
    716.28   999.99    4.963
    717.81   999.99    4.974
    719.33   999.99    4.962
    720.85   999.99    4.976
    722.38   999.99    5.014
    723.90   999.99    5.046
    725.43   999.99    5.076
    726.95   999.99    4.991
    728.47   999.99    4.932
    730.00   999.99    4.986
    731.52   999.99    5.012
    733.05   999.99    5.041
    734.57   999.99    5.099
    736.09   999.99    5.031
    737.62   999.99    4.966
    739.14   999.99    5.033
    740.67   999.99    5.129
    742.19   999.99    5.183
    743.71   999.99    5.113
    745.24   999.99    5.098
    746.76   999.99    5.110
    748.29   999.99    5.143
    749.81   999.99    5.198
    751.33   999.99    5.229
    752.86   999.99    5.271
    754.38   999.99    5.332
    755.91   999.99    5.400
    757.43   999.99    5.464
    758.95   999.99    5.512
    760.48   999.99    5.532
    762.00   999.99    5.532
    763.53   999.99    5.516
    765.05   999.99    5.444
    766.57   999.99    5.373
    768.10   999.99    5.441
    769.62   999.99    5.416
    771.15   999.99    5.456
    772.67   999.99    5.461
    774.19   999.99    5.476
    775.72   999.99    5.462
    777.24   999.99    5.437
    778.77   999.99    5.464
    780.29   999.99    5.502
    781.81   999.99    5.536
    783.34   999.99    5.534
    784.86   999.99    5.549
    786.39   999.99    5.583
    787.91   999.99    5.639
    789.43   999.99    5.660
    790.96   999.99    5.662
    792.48   999.99    5.660
    794.01   999.99    5.666
    795.53   999.99    5.685
    797.05   999.99    5.718
    798.58   999.99    5.757
    800.10   999.99    5.752
    801.63   999.99    5.811
    803.15   999.99    5.896
    804.67   999.99    5.903
    806.20   999.99    5.883
    807.72   999.99    5.809
    809.25   999.99    5.853
    810.77   999.99    5.799
    812.29   999.99    5.777
    813.82   999.99    5.673
    815.34   999.99    5.576
    816.87   999.99    5.598
    818.39   999.99    5.683
    819.91   999.99    5.674
    821.44   999.99    5.725
    822.96   999.99    5.713
    824.49   999.99    5.711
    826.01   999.99    5.679
    827.53   999.99    5.681
    829.06   999.99    5.727
    830.58   999.99    5.729
    832.11   999.99    5.752
    833.63   999.99    5.842
    835.15   999.99    5.903
    836.68   999.99    5.867
    838.20   999.99    5.814
    839.73   999.99    5.837
    841.25   999.99    5.893
    842.77   999.99    5.938
    844.30   999.99    5.978
    845.82   999.99    6.022
    847.35   999.99    6.023
    848.87   999.99    5.983
    850.39   999.99    6.003
    851.92   999.99    6.027
    853.44   999.99    6.036
    854.97   999.99    6.070
    856.49   999.99    6.089
    858.01   999.99    6.124
    859.54   999.99    6.115
    861.06   999.99    6.149
    862.59   999.99    6.163
    864.11   999.99    6.112
    865.63   999.99    6.096
    867.16   999.99    6.103
    868.68   999.99    6.112
    870.21   999.99    6.113
    871.73   999.99    6.120
    873.25   999.99    6.119
    874.78   999.99    6.110
    876.30   999.99    6.142
    877.83   999.99    6.188
    879.35   999.99    6.209
    880.87   999.99    6.232
    882.40   999.99    6.243
    883.92   999.99    6.253
    885.45   999.99    6.307
    886.97   999.99    6.318
    888.49   999.99    6.262
    890.02   999.99    6.186
    891.54   999.99    6.219
    893.07   999.99    6.224
    894.59   999.99    6.253
    896.11   999.99    6.283
    897.64   999.99    6.335
    899.16   999.99    6.380
    900.69   999.99    6.354
    902.21   999.99    6.351
    903.73   999.99    6.389
    905.26   999.99    6.343
    906.78   999.99    6.368
    908.31   999.99    6.351
    909.83   999.99    6.391
    911.35   999.99    6.419
    912.88   999.99    6.419
    914.40   999.99    6.421
    915.93   999.99    6.486
    917.45   999.99    6.493
    918.97   999.99    6.486
    920.50   999.99    6.493
    922.02   999.99    6.508
    923.55   999.99    6.536
    925.07   999.99    6.550
    926.59   999.99    6.584
    928.12   999.99    6.593
    929.64   999.99    6.593
    931.17   999.99    6.615
    932.69   999.99    6.662
    934.21   999.99    6.684
    935.74   999.99    6.706
    937.26   999.99    6.735
    938.79   999.99    6.762
    940.31   999.99    6.769
    941.83   999.99    6.779
    943.36   999.99    6.806
    944.88   999.99    6.804
    946.41   999.99    6.794
    947.93   999.99    6.789
    949.45   999.99    6.828
    950.98   999.99    6.858
    952.50   999.99    6.914
    954.03   999.99    6.888
    955.55   999.99    6.905
    957.07   999.99    6.936
    958.60   999.99    6.940
    960.12   999.99    6.926
    961.65   999.99    6.963
    963.17   999.99    6.967
    964.69   999.99    7.053
    966.22   999.99    7.055
    967.74   999.99    7.055
    969.27   999.99    7.061
    970.79   999.99    7.072
    972.31   999.99    7.094
    973.84   999.99    7.114
    975.36   999.99    7.124
    976.89   999.99    7.141
    978.41   999.99    7.149
    979.93   999.99    7.162
    981.46   999.99    7.201
    982.98   999.99    7.237
    984.51   999.99    7.261
    986.03   999.99    7.278
    987.55   999.99    7.273
    989.08   999.99    7.247
    990.60   999.99    7.258
    992.13   999.99    7.256
    993.65   999.99    7.232
    995.17   999.99    7.236
    996.70   999.99    7.239
    998.22   999.99    7.245
    999.75   999.99    7.270
   1001.27   999.99    7.281
   1002.79   999.99    7.320
   1004.32   999.99    7.356
   1005.84   999.99    7.386
   1007.37   999.99    7.423
   1008.89   999.99    7.454
   1010.41   999.99    7.477
   1011.94   999.99    7.498
   1013.46   999.99    7.524
   1014.99   999.99    7.548
   1016.51   999.99    7.564
   1018.03   999.99    7.565
   1019.56   999.99    7.596
   1021.08   999.99    7.624
   1022.61   999.99    7.628
   1024.13   999.99    7.615
   1025.65   999.99    7.624
   1027.18   999.99    7.683
   1028.70   999.99    7.709
   1030.23   999.99    7.737
   1031.75   999.99    7.743
   1033.27   999.99    7.736
   1034.80   999.99    7.724
   1036.32   999.99    7.711
   1037.85   999.99    7.771
   1039.37   999.99    7.793
   1040.89   999.99    7.818
   1042.42   999.99    7.845
   1043.94   999.99    7.843
   1045.47   999.99    7.842
   1046.99   999.99    7.849
   1048.51   999.99    7.867
   1050.04   999.99    7.894
   1051.56   999.99    7.915
   1053.09   999.99    7.923
   1054.61   999.99    7.952
   1056.13   999.99    7.975
   1057.66   999.99    7.985
   1059.18   999.99    8.001
   1060.71   999.99    8.017
   1062.23   999.99    8.016
   1063.75   999.99    7.974
   1065.28   999.99    7.971
   1066.80   999.99    8.014
   1068.33   999.99    8.063
   1069.85   999.99    8.094
   1071.37   999.99    8.098
   1072.90   999.99    8.091
   1074.42   999.99    8.093
   1075.95   999.99    8.114
   1077.47   999.99    8.136
   1078.99   999.99    8.147
   1080.52   999.99    8.161
   1082.04   999.99    8.192
   1083.57   999.99    8.217
   1085.09   999.99    8.235
   1086.61   999.99    8.256
   1088.14   999.99    8.249
   1089.66   999.99    8.250
   1091.19   999.99    8.247
   1092.71   999.99    8.254
   1094.23   999.99    8.320
   1095.76   999.99    8.344
   1097.28   999.99    8.351
   1098.81   999.99    8.361
   1100.33   999.99    8.384
   1101.85   999.99    8.394
   1103.38   999.99    8.397
   1104.90   999.99    8.398
   1106.43   999.99    8.408
   1107.95   999.99    8.418
   1109.47   999.99    8.423
   1111.00   999.99    8.426
   1112.52   999.99    8.439
   1114.05   999.99    8.453
   1115.57   999.99    8.456
   1117.09   999.99    8.462
   1118.62   999.99    8.484
   1120.14   999.99    8.503
   1121.67   999.99    8.516
   1123.19   999.99    8.549
   1124.71   999.99    8.567
   1126.24   999.99    8.576
   1127.76   999.99    8.598
   1129.29   999.99    8.631
   1130.81   999.99    8.648
   1132.33   999.99    8.643
   1133.86   999.99    8.662
   1135.38   999.99    8.695
   1136.91   999.99    8.710
   1138.43   999.99    8.709
   1139.95   999.99    8.707
   1141.48   999.99    8.721
   1143.00   999.99    8.759
   1144.53   999.99    8.853
   1146.05   999.99    8.869
   1147.57   999.99    8.843
   1149.10   999.99    8.838
   1150.62   999.99    8.862
   1152.15   999.99    8.832
   1153.67   999.99    8.891
   1155.19   999.99    8.924
   1156.72   999.99    9.353
   1158.24   999.99    9.525
   1159.77   999.99    9.658
   1161.29   999.99    9.738
   1162.81   999.99    9.777
   1164.34   999.99    9.807
   1165.86   999.99    9.831
   1167.39   999.99    9.832
   1168.91   999.99    9.843
   1170.43   999.99    9.892
   1171.96   999.99    9.916
   1173.48   999.99    9.934
   1175.01   999.99    9.957
   1176.53   999.99    9.981
   1178.05   999.99    9.987
   1179.58   999.99   10.002
   1181.10   999.99   10.020
   1182.63   999.99   10.038
   1184.15   999.99   10.062
   1185.67   999.99   10.089
   1187.20   999.99   10.118
   1188.72   999.99   10.158
   1190.25   999.99   10.127
   1191.77   999.99   10.101
   1193.29   999.99   10.125
   1194.82   999.99   10.150
   1196.34   999.99   10.169
   1197.87   999.99   10.170
   1199.39   999.99   10.173
   1200.91   999.99   10.200
   1202.44   999.99   10.286
   1203.96   999.99   10.346
   1205.49   999.99   10.384
   1207.01   999.99   10.411
   1208.53   999.99   10.427
   1210.06   999.99   10.456
   1211.58   999.99   10.487
   1213.11   999.99   10.510
   1214.63   999.99   10.525
   1216.15   999.99   10.536
   1217.68   999.99   10.554
   1219.20   999.99   10.572
   1220.73   999.99   10.576
   1222.25   999.99   10.576
   1223.77   999.99   10.583
   1225.30   999.99   10.604
   1226.82   999.99   10.641
   1228.35   999.99   10.672
   1229.87   999.99   10.697
   1231.39   999.99   10.714
   1232.92   999.99   10.719
   1234.44   999.99   10.720
   1235.97   999.99   10.726
   1237.49   999.99   10.752
   1239.02   999.99   10.778
   1240.54   999.99   10.793
   1242.06   999.99   10.805
   1243.59   999.99   10.819
   1245.11   999.99   10.837
   1246.64   999.99   10.859
   1248.16   999.99   10.876
   1249.68   999.99   10.886
   1251.21   999.99   10.907
   1252.73   999.99   10.941
   1254.26   999.99   10.971
   1255.78   999.99   10.999
   1257.30   999.99   11.010
   1258.83   999.99   10.994
   1260.35   999.99   10.996
   1261.88   999.99   11.009
   1263.40   999.99   11.030
   1264.92   999.99   11.047
   1266.45   999.99   11.060
   1267.97   999.99   11.081
   1269.49   999.99   11.106
   1271.02   999.99   11.133
   1272.54   999.99   11.159
   1274.07   999.99   11.179
   1275.59   999.99   11.198
   1277.11   999.99   11.220
   1278.64   999.99   11.243
   1280.16   999.99   11.256
   1281.69   999.99   11.259
   1283.21   999.99   11.261
   1284.73   999.99   11.274
   1286.26   999.99   11.303
   1287.78   999.99   11.332
   1289.31   999.99   11.351
   1290.83   999.99   11.364
   1292.35   999.99   11.384
   1293.88   999.99   11.402
   1295.40   999.99   11.418
   1296.93   999.99   11.441
   1298.45   999.99   11.469
   1299.97   999.99   11.488
   1301.50   999.99   11.500
   1303.02   999.99   11.505
   1304.55   999.99   11.512
   1306.07   999.99   11.515
   1307.59   999.99   11.530
   1309.12   999.99   11.559
   1310.64   999.99   11.577
   1312.17   999.99   11.584
   1313.69   999.99   11.593
   1315.21   999.99   11.601
   1316.74   999.99   11.621
   1318.26   999.99   11.641
   1319.79   999.99   11.657
   1321.31   999.99   11.674
   1322.83   999.99   11.697
   1324.36   999.99   11.711
   1325.88   999.99   11.733
   1327.41   999.99   11.759
   1328.93   999.99   11.777
   1330.45   999.99   11.798
   1331.98   999.99   11.812
   1333.50   999.99   11.826
   1335.03   999.99   11.846
   1336.55   999.99   11.866
   1338.07   999.99   11.881
   1339.60   999.99   11.890
   1341.12   999.99   11.897
   1342.65   999.99   11.911
   1344.17   999.99   11.926
   1345.69   999.99   11.944
   1347.22   999.99   11.964
   1348.74   999.99   11.989
   1350.27   999.99   12.013
   1351.79   999.99   12.031
   1353.31   999.99   12.048
   1354.84   999.99   12.069
   1356.36   999.99   12.092
   1357.89   999.99   12.113
   1359.41   999.99   12.129
   1360.94   999.99   12.148
   1362.46   999.99   12.163
   1363.98   999.99   12.168
   1365.51   999.99   12.179
   1367.03   999.99   12.203
   1368.56   999.99   12.223
   1370.08   999.99   12.241
   1371.60   999.99   12.262
   1373.13   999.99   12.289
   1374.65   999.99   12.295
   1376.18   999.99   12.303
   1377.70   999.99   12.329
   1379.22   999.99   12.360
   1380.75   999.99   12.385
   1382.27   999.99   12.394
   1383.80   999.99   12.400
   1385.32   999.99   12.424
   1386.84   999.99   12.451
   1388.37   999.99   12.423
   1389.89   999.99   12.461
   1391.42   999.99   12.484
   1392.94   999.99   12.519
   1394.46   999.99   12.539
   1395.99   999.99   12.544
   1397.51   999.99   12.566
   1399.04   999.99   12.594
   1400.56   999.99   12.631
   1402.08   999.99   12.652
   1403.61   999.99   12.666
   1405.13   999.99   12.683
   1406.66   999.99   12.696
   1408.18   999.99   12.710
   1409.70   999.99   12.723
   1411.23   999.99   12.754
   1412.75   999.99   12.788
   1414.28   999.99   12.814
   1415.80   999.99   12.832
   1417.32   999.99   12.849
   1418.85   999.99   12.863
   1420.37   999.99   12.886
   1421.90   999.99   12.909
   1423.42   999.99   12.934
   1424.94   999.99   12.955
   1426.47   999.99   12.974
   1427.99   999.99   12.991
   1429.52   999.99   13.006
   1431.04   999.99   13.019
   1432.56   999.99   13.032
   1434.09   999.99   13.048
   1435.61   999.99   13.067
   1437.14   999.99   13.084
   1438.66   999.99   13.098
   1440.18   999.99   13.109
   1441.71   999.99   13.126
   1443.23   999.99   13.137
   1444.76   999.99   13.148
   1446.28   999.99   13.162
   1447.80   999.99   13.177
   1449.33   999.99   13.194
   1450.85   999.99   13.215
   1452.37   999.99   13.238
   1453.90   999.99   13.268
   1455.42   999.99   13.293
   1456.95   999.99   13.300
   1458.47   999.99   13.291
   1459.99   999.99   13.305
   1461.52   999.99   13.356
   1463.04   999.99   13.391
   1464.57   999.99   13.406
   1466.09   999.99   13.418
   1467.61   999.99   13.427
   1469.14   999.99   13.437
   1470.66   999.99   13.456
   1472.19   999.99   13.479
   1473.71   999.99   13.503
   1475.23   999.99   13.524
   1476.76   999.99   13.536
   1478.28   999.99   13.539
   1479.81   999.99   13.551
   1481.33   999.99   13.576
   1482.85   999.99   13.601
   1484.38   999.99   13.628
   1485.90   999.99   13.662
   1487.43   999.99   13.706
   1488.95   999.99   13.748
   1490.47   999.99   13.780
   1492.00   999.99   13.811
   1493.52   999.99   13.832
   1495.05   999.99   13.851
   1496.57   999.99   13.868
   1498.09   999.99   13.888
   1499.62   999.99   13.916
   1501.14   999.99   13.942
   1502.67   999.99   13.948
   1504.19   999.99   13.948
   1505.71   999.99   13.972
   1507.24   999.99   13.999
   1508.76   999.99   14.044
   1510.29   999.99   14.062
   1511.81   999.99   14.067
   1513.33   999.99   14.074
   1514.86   999.99   14.097
   1516.38   999.99   14.126
   1517.91   999.99   14.138
   1519.43   999.99   14.146
   1520.95   999.99   14.158
   1522.48   999.99   14.204
   1524.00   999.99   14.205
   1525.53   999.99   14.208
   1527.05   999.99   14.221
   1528.57   999.99   14.246
   1530.10   999.99   14.272
   1531.62   999.99   14.296
   1533.15   999.99   14.319
   1534.67   999.99   14.344
   1536.19   999.99   14.368
   1537.72   999.99   14.393
   1539.24   999.99   14.419
   1540.77   999.99   14.446
   1542.29   999.99   14.453
   1543.81   999.99   14.465
   1545.34   999.99   14.501
   1546.86   999.99   14.536
   1548.39   999.99   14.566
   1549.91   999.99   14.596
   1551.44   999.99   14.632
   1552.96   999.99   14.658
   1554.48   999.99   14.668
   1556.01   999.99   14.665
   1557.53   999.99   14.669
   1559.06   999.99   14.674
   1560.58   999.99   14.687
   1562.10   999.99   14.727
   1563.63   999.99   14.723
   1565.15   999.99   14.717
   1566.68   999.99   14.754
   1568.20   999.99   14.793
   1569.72   999.99   14.828
   1571.25   999.99   14.861
   1572.77   999.99   14.848
   1574.30   999.99   14.876
   1575.82   999.99   14.907
   1577.34   999.99   14.943
   1578.87   999.99   15.001
   1580.39   999.99   15.003
   1581.92   999.99   15.003
   1583.44   999.99   15.013
   1584.96   999.99   15.019
   1586.49   999.99   15.057
   1588.01   999.99   15.086
   1589.54   999.99   15.072
   1591.06   999.99   15.047
   1592.58   999.99   15.048
   1594.11   999.99   15.069
   1595.63   999.99   15.091
   1597.16   999.99   15.081
   1598.68   999.99   15.110
   1600.20   999.99   15.166
   1601.73   999.99   15.219
   1603.25   999.99   15.241
   1604.78   999.99   15.296
   1606.30   999.99   15.319
   1607.82   999.99   15.293
   1609.35   999.99   15.284
   1610.87   999.99   15.303
   1612.40   999.99   15.310
   1613.92   999.99   15.311
   1615.44   999.99   15.338
   1616.97   999.99   15.327
   1618.49   999.99   15.336
   1620.02   999.99   15.365
   1621.54   999.99   15.378
   1623.06   999.99   15.361
   1624.59   999.99   15.402
   1626.11   999.99   15.408
   1627.64   999.99   15.462
   1629.16   999.99   15.509
   1630.68   999.99   15.549
   1632.21   999.99   15.575
   1633.73   999.99   15.573
   1635.26   999.99   15.566
   1636.78   999.99   15.522
   1638.30   999.99   15.554
   1639.83   999.99   15.626
   1641.35   999.99   15.657
   1642.88   999.99   15.660
   1644.40   999.99   15.720
   1645.92   999.99   15.695
   1647.45   999.99   15.689
   1648.97   999.99   15.693
   1650.49   999.99   15.726
   1652.02   999.99   15.754
   1653.54   999.99   15.689
   1655.07   999.99   15.689
   1656.59   999.99   15.726
   1658.11   999.99   15.729
   1659.64   999.99   15.718
   1661.16   999.99   15.737
   1662.69   999.99   15.763
   1664.21   999.99   15.799
   1665.73   999.99   15.860
   1667.26   999.99   15.848
   1668.78   999.99   15.878
   1670.31   999.99   15.939
   1671.83   999.99   15.998
   1673.35   999.99   16.017
   1674.88   999.99   16.006
   1676.40   999.99   16.041
   1677.93   999.99   16.085
   1679.45   999.99   16.123
   1680.97   999.99   16.147
   1682.50   999.99   16.149
   1684.02   999.99   16.142
   1685.55   999.99   16.128
   1687.07   999.99   16.121
   1688.59   999.99   16.115
   1690.12   999.99   16.120
   1691.64   999.99   16.195
   1693.17   999.99   16.242
   1694.69   999.99   16.308
   1696.21   999.99   16.267
   1697.74   999.99   16.232
   1699.26   999.99   16.241
   1700.79   999.99   16.306
   1702.31   999.99   16.309
   1703.83   999.99   16.313
   1705.36   999.99   16.337
   1706.88   999.99   16.355
   1708.41   999.99   16.364
   1709.93   999.99   16.406
   1711.45   999.99   16.437
   1712.98   999.99   16.432
   1714.50   999.99   16.456
   1716.03   999.99   16.514
   1717.55   999.99   16.520
   1719.07   999.99   16.502
   1720.60   999.99   16.528
   1722.12   999.99   16.529
   1723.65   999.99   16.521
   1725.17   999.99   16.498
   1726.69   999.99   16.537
   1728.22   999.99   16.558
   1729.74   999.99   16.547
   1731.27   999.99   16.562
   1732.79   999.99   16.644
   1734.31   999.99   16.738
   1735.84   999.99   16.796
   1737.36   999.99   16.883
   1738.89   999.99   16.874
   1740.41   999.99   16.901
   1741.94   999.99   16.949
   1743.46   999.99   16.986
   1744.98   999.99   16.996
   1746.51   999.99   16.952
   1748.03   999.99   16.948
   1749.56   999.99   16.980
   1751.08   999.99   16.954
   1752.60   999.99   16.965
   1754.13   999.99   16.994
   1755.65   999.99   17.026
   1757.18   999.99   17.004
   1758.70   999.99   17.074
   1760.22   999.99   17.019
   1761.75   999.99   17.019
   1763.27   999.99   17.026
   1764.80   999.99   17.061
   1766.32   999.99   17.119
   1767.84   999.99   17.159
   1769.37   999.99   17.162
   1770.89   999.99   17.201
   1772.42   999.99   17.204
   1773.94   999.99   17.131
   1775.46   999.99   17.181
   1776.99   999.99   17.295
   1778.51   999.99   17.333
   1780.04   999.99   17.306
   1781.56   999.99   17.264
   1783.08   999.99   17.220
   1784.61   999.99   17.211
   1786.13   999.99   17.198
   1787.66   999.99   17.201
   1789.18   999.99   17.216
   1790.70   999.99   17.246
   1792.23   999.99   17.278
   1793.75   999.99   17.313
   1795.28   999.99   17.360
   1796.80   999.99   17.414
   1798.32   999.99   17.532
   1799.85   999.99   17.601
   1801.37   999.99   17.783
   1802.90   999.99   17.605
   1804.42   999.99   17.517
   1805.94   999.99   17.486
   1807.47   999.99   17.603
   1808.99   999.99   17.669
   1810.52   999.99   17.680
   1812.04   999.99   17.724
   1813.56   999.99   17.781
   1815.09   999.99   17.861
   1816.61   999.99   17.870
   1818.14   999.99   17.889
   1819.66   999.99   17.823
   1821.18   999.99   17.716
   1822.71   999.99   17.740
   1824.23   999.99   17.722
   1825.76   999.99   17.654
   1827.28   999.99   17.696
   1828.80   999.99   17.739
   1830.33   999.99   17.752
   1831.85   999.99   17.793
   1833.38   999.99   17.807
   1834.90   999.99   17.852
   1836.42   999.99   17.936
   1837.95   999.99   17.967
   1839.47   999.99   18.043
   1841.00   999.99   18.126
   1842.52   999.99   18.123
   1844.04   999.99   18.111
   1845.57   999.99   18.128
   1847.09   999.99   18.147
   1848.62   999.99   18.215
   1850.14   999.99   18.192
   1851.66   999.99   18.149
   1853.19   999.99   18.043
   1854.71   999.99   17.948
   1856.24   999.99   17.916
   1857.76   999.99   17.999
   1859.28   999.99   18.165
   1860.81   999.99   18.313
   1862.33   999.99   18.294
   1863.86   999.99   18.309
   1865.38   999.99   18.269
   1866.90   999.99   18.262
   1868.43   999.99   18.271
   1869.95   999.99   18.302
   1871.48   999.99   18.312
   1873.00   999.99   18.266
   1874.52   999.99   18.259
   1876.05   999.99   18.224
   1877.57   999.99   18.176
   1879.10   999.99   18.174
   1880.62   999.99   18.207
   1882.14   999.99   18.221
   1883.67   999.99   18.231
   1885.19   999.99   18.277
   1886.72   999.99   18.314
   1888.24   999.99   18.326
   1889.76   999.99   18.351
   1891.29   999.99   18.611
   1892.81   999.99   18.661
   1894.34   999.99   18.558
   1895.86   999.99   18.453
   1897.38   999.99   18.384
   1898.91   999.99   18.408
   1900.43   999.99   18.453
   1901.96   999.99   18.493
   1903.48   999.99   18.562
   1905.00   999.99   18.624
   1906.53   999.99   18.659
   1908.05   999.99   18.666
   1909.58   999.99   18.554
   1911.10   999.99   18.581
   1912.62   999.99   18.588
   1914.15   999.99   18.603
   1915.67   999.99   18.597
   1917.20   999.99   18.609
   1918.72   999.99   18.652
   1920.24   999.99   18.581
   1921.77   999.99   18.594
   1923.29   999.99   18.702
   1924.82   999.99   18.672
   1926.34   999.99   18.637
   1927.86   999.99   18.695
   1929.39   999.99   18.782
   1930.91   999.99   18.784
   1932.44   999.99   18.628
   1933.96   999.99   18.716
   1935.48   999.99   18.803
   1937.01   999.99   18.869
   1938.53   999.99   18.839
   1940.06   999.99   18.842
   1941.58   999.99   18.893
   1943.10   999.99   18.864
   1944.63   999.99   18.871
   1946.15   999.99   18.878
   1947.68   999.99   18.804
   1949.20   999.99   18.892
   1950.72   999.99   18.923
   1952.25   999.99   18.971
   1953.77   999.99   18.960
   1955.30   999.99   18.978
   1956.82   999.99   18.876
   1958.34   999.99   18.554
   1959.87   999.99   17.519
   1961.39   999.99   17.409
   1962.92   999.99   17.428
   1964.44   999.99   17.782
   1965.96   999.99   18.012
   1967.49   999.99   17.527
   1969.01   999.99   17.684
   1970.54   999.99   17.718
   1972.06   999.99   17.568
   1973.58   999.99   17.607
   1975.11   999.99   17.634
   1976.63   999.99   17.607
   1978.16   999.99   17.519
   1979.68   999.99   17.659
   1981.20   999.99   17.865
   1982.73   999.99   18.096
   1984.25   999.99   17.863
   1985.78   999.99   18.173
   1987.30   999.99   18.321
   1988.82   999.99   18.578
   1990.35   999.99   18.568
   1991.87   999.99   19.086
   1993.40   999.99   19.375
   1994.92   999.99   19.454
   1996.44   999.99   19.387
   1997.97   999.99   19.482
   1999.49   999.99   19.599
   2001.02   999.99   19.854
   2002.54   999.99   19.870
   2004.06   999.99   19.923
   2005.59   999.99   19.807
   2007.11   999.99   19.806
   2008.64   999.99   19.997
   2010.16   999.99   20.052
   2011.68   999.99   19.927
   2013.21   999.99   19.972
   2014.73   999.99   19.612
   2016.26   999.99   19.546
   2017.78   999.99   19.602
   2019.30   999.99   19.817
   2020.83   999.99   20.281
   2022.35   999.99   20.355
   2023.88   999.99   20.348
   2025.40   999.99   20.334
   2026.92   999.99   20.274
   2028.45   999.99   20.352
   2029.97   999.99   20.396
   2031.50   999.99   20.412
   2033.02   999.99   20.504
   2034.54   999.99   20.570
   2036.07   999.99   20.709
   2037.59   999.99   20.831
   2039.12   999.99   20.429
   2040.64   999.99   20.195
   2042.16   999.99   19.972
   2043.69   999.99   20.002
   2045.21   999.99   20.051
   2046.74   999.99   20.309
   2048.26   999.99   20.457
   2049.78   999.99   20.783
   2051.31   999.99   20.737
   2052.83   999.99   20.599
   2054.36   999.99   20.522
   2055.88   999.99   20.586
   2057.40   999.99   20.542
   2058.93   999.99   20.528
   2060.45   999.99   20.411
   2061.98   999.99   20.361
   2063.50   999.99   20.382
   2065.02   999.99   20.449
   2066.55   999.99   20.740
   2068.07   999.99   20.747
   2069.60   999.99   20.771
   2071.12   999.99   20.741
   2072.64   999.99   20.360
   2074.17   999.99   20.426
   2075.69   999.99   20.884
   2077.22   999.99   20.814
   2078.74   999.99   21.156
   2080.26   999.99   21.276
   2081.79   999.99   21.323
   2083.31   999.99   21.402
   2084.84   999.99   21.333
   2086.36   999.99   21.481
   2087.88   999.99   21.374
   2089.41   999.99   21.363
   2090.93   999.99   21.310
   2092.46   999.99   20.912
   2093.98   999.99   20.942
   2095.50   999.99   20.980
   2097.03   999.99   21.015
   2098.55   999.99   21.030
   2100.08   999.99   21.089
   2101.60   999.99   20.933
   2103.12   999.99   20.917
   2104.65   999.99   20.909
   2106.17   999.99   20.854
   2107.70   999.99   20.846
   2109.22   999.99   20.454
   2110.74   999.99   20.786
   2112.27   999.99   20.913
   2113.79   999.99   20.989
   2115.32   999.99   20.982
   2116.84   999.99   21.025
   2118.36   999.99   21.059
   2119.89   999.99   21.004
   2121.41   999.99   21.328
   2122.94   999.99   21.510
   2124.46   999.99   21.549
   2125.98   999.99   21.632
   2127.51   999.99   21.779
   2129.03   999.99   21.651
   2130.56   999.99   21.844
   2132.08   999.99   21.895
   2133.60   999.99   21.876
   2135.13   999.99   21.918
   2136.65   999.99   21.791
   2138.18   999.99   21.947
   2139.70   999.99   21.885
   2141.22   999.99   21.921
   2142.75   999.99   21.913
   2144.27   999.99   21.776
   2145.80   999.99   21.808
   2147.32   999.99   21.767
   2148.84   999.99   21.985
   2150.37   999.99   22.036
   2151.89   999.99   22.102
   2153.42   999.99   22.134
   2154.94   999.99   22.184
   2156.46   999.99   22.234
   2157.99   999.99   22.238
   2159.51   999.99   22.263
   2161.04   999.99   22.297
   2162.56   999.99   22.341
   2164.08   999.99   22.365
   2165.61   999.99   22.389
   2167.13   999.99   22.433
   2168.66   999.99   22.474
   2170.18   999.99   22.493
   2171.70   999.99   22.497
   2173.23   999.99   22.497
   2174.75   999.99   22.516
   2176.28   999.99   22.528
   2177.80   999.99   22.489
   2179.32   999.99   22.691
   2180.85   999.99   22.666
   2182.37   999.99   22.577
   2183.90   999.99   22.538
   2185.42   999.99   22.443
   2186.94   999.99   22.678
   2188.47   999.99   22.863
   2189.99   999.99   22.835
   2191.52   999.99   22.930
   2193.04   999.99   21.743
   2194.56   999.99   21.694
   2196.09   999.99   21.646
   2197.61   999.99   21.593
   2199.14   999.99   21.586
   2200.66   999.99   21.643
   2202.18   999.99   21.699
   2203.71   999.99   21.914
   2205.23   999.99   23.014
   2206.76   999.99   23.666
   2208.28   999.99   24.016
   2209.80   999.99   26.049
   2211.33   999.99   25.761
   2212.85   999.99   26.262
   2214.38   999.99   26.118
   2215.90   999.99   26.094
   2217.42   999.99   26.101
   2218.95   999.99   26.127
   2220.47   999.99   26.141
   2222.00   999.99   26.151
