 << U.S. Geological Survey Borehole Temperature Log - Alaska >>
  
 Site:             FCK 
 Log Date:         78SEP16 
 Type of Log:      incremental 
 Type of Sensor:   thermistor network (custom)
 Measuring Device: digital multimeter
 Deconvolved:      N/A
  
  Z   = measured depth (m)
  TVD = true vertical depth (m)
  T   = temperature (C)
  
        Z      TVD       T
      6.10   999.99   -8.095
      9.14   999.99   -8.117
     12.19   999.99   -8.079
     15.24   999.99   -8.043
     18.29   999.99   -8.016
     21.34   999.99   -7.978
     24.38   999.99   -7.927
     27.43   999.99   -7.875
     30.48   999.99   -7.815
     33.53   999.99   -7.756
     36.58   999.99   -7.679
     39.62   999.99   -7.602
     42.67   999.99   -7.534
     45.72   999.99   -7.453
     48.77   999.99   -7.388
     51.82   999.99   -7.316
     54.86   999.99   -7.258
     57.91   999.99   -7.195
     60.96   999.99   -7.134
     64.01   999.99   -7.080
     67.06   999.99   -7.007
     70.10   999.99   -6.914
     73.15   999.99   -6.804
     76.20   999.99   -6.703
     79.25   999.99   -6.603
     82.30   999.99   -6.507
     85.34   999.99   -6.433
     88.39   999.99   -6.358
     91.44   999.99   -6.285
     94.49   999.99   -6.203
     97.54   999.99   -6.123
    100.58   999.99   -6.030
    103.63   999.99   -5.946
    106.68   999.99   -5.831
    109.73   999.99   -5.711
    112.78   999.99   -5.584
    115.82   999.99   -5.467
    118.87   999.99   -5.376
    121.92   999.99   -5.250
    124.97   999.99   -5.138
    128.02   999.99   -5.013
    131.06   999.99   -4.911
    134.11   999.99   -4.790
    137.16   999.99   -4.663
    140.21   999.99   -4.498
    143.26   999.99   -4.347
    146.30   999.99   -4.196
    149.35   999.99   -4.009
    152.40   999.99   -3.853
    155.45   999.99   -3.691
    158.50   999.99   -3.506
    161.54   999.99   -3.335
    164.59   999.99   -3.145
    167.64   999.99   -2.972
    170.69   999.99   -2.841
    173.74   999.99   -2.684
    176.78   999.99   -2.518
    179.83   999.99   -2.391
    182.88   999.99   -2.208
    185.93   999.99   -2.047
    188.98   999.99   -1.906
    192.02   999.99   -1.758
    195.07   999.99   -1.645
    198.12   999.99   -1.413
    201.17   999.99   -1.308
    204.22   999.99   -1.174
    207.26   999.99   -1.061
    210.31   999.99    -.924
    213.36   999.99    -.744
    219.46   999.99    -.594
    222.50   999.99    -.490
    225.55   999.99    -.346
    228.60   999.99    -.229
    231.65   999.99    -.109
    234.70   999.99     .005
    237.74   999.99     .129
    240.79   999.99     .248
    243.84   999.99     .377
    246.89   999.99     .474
    249.94   999.99     .620
    252.98   999.99     .733
    256.03   999.99     .858
    259.08   999.99     .991
    262.13   999.99    1.088
    265.18   999.99    1.200
    268.22   999.99    1.308
    271.27   999.99    1.437
    274.32   999.99    1.552
    277.37   999.99    1.664
    280.42   999.99    1.773
    283.46   999.99    1.885
    286.51   999.99    2.008
    289.56   999.99    2.104
    292.61   999.99    2.199
    295.66   999.99    2.295
    298.70   999.99    2.415
    301.75   999.99    2.523
    304.80   999.99    2.639
    307.85   999.99    2.756
    310.90   999.99    2.866
    313.94   999.99    2.956
    316.99   999.99    3.088
    320.04   999.99    3.218
    323.09   999.99    3.307
    326.14   999.99    3.427
    329.18   999.99    3.543
    332.23   999.99    3.643
    335.28   999.99    3.760
    338.33   999.99    3.875
    341.38   999.99    4.005
    344.42   999.99    4.121
    347.47   999.99    4.247
    350.52   999.99    4.326
    353.57   999.99    4.454
    356.62   999.99    4.584
    359.66   999.99    4.684
    362.71   999.99    4.781
    365.76   999.99    4.880
    368.81   999.99    4.972
    371.86   999.99    5.082
    374.90   999.99    5.188
    377.95   999.99    5.330
    381.00   999.99    5.471
    384.05   999.99    5.577
    387.10   999.99    5.714
    390.14   999.99    5.822
    393.19   999.99    5.925
    396.24   999.99    6.058
    399.29   999.99    6.165
    402.34   999.99    6.274
    405.38   999.99    6.397
    408.43   999.99    6.528
    411.48   999.99    6.631
    414.53   999.99    6.742
    417.58   999.99    6.858
    420.62   999.99    6.954
    423.67   999.99    7.062
    426.72   999.99    7.157
    429.77   999.99    7.257
    432.82   999.99    7.346
    435.86   999.99    7.451
    438.91   999.99    7.557
    441.96   999.99    7.659
    445.01   999.99    7.773
    448.06   999.99    7.898
    451.10   999.99    8.006
    454.15   999.99    8.096
    457.20   999.99    8.230
    460.25   999.99    8.332
    463.30   999.99    8.455
    466.34   999.99    8.559
    469.39   999.99    8.682
    472.44   999.99    8.798
    475.49   999.99    8.886
    478.54   999.99    9.020
    481.58   999.99    9.129
    484.63   999.99    9.219
    487.68   999.99    9.315
    490.73   999.99    9.423
    493.78   999.99    9.527
    496.83   999.99    9.627
    499.87   999.99    9.722
    502.92   999.99    9.802
    505.97   999.99    9.878
    509.02   999.99    9.930
    512.07   999.99   10.033
    515.11   999.99   10.457
    518.16   999.99   10.516
    521.21   999.99   10.610
    524.26   999.99   10.716
    527.31   999.99   10.835
    530.35   999.99   10.957
    533.40   999.99   11.068
    536.45   999.99   11.188
    539.50   999.99   11.309
    542.55   999.99   11.439
    545.59   999.99   11.536
    548.64   999.99   11.637
    551.69   999.99   11.740
    554.74   999.99   11.853
    557.79   999.99   11.933
    560.83   999.99   12.029
    563.88   999.99   12.126
    566.93   999.99   12.225
    569.98   999.99   12.338
    573.03   999.99   12.433
    576.07   999.99   12.547
    579.12   999.99   12.642
    582.17   999.99   12.743
    585.22   999.99   12.850
    588.27   999.99   12.964
    591.31   999.99   13.066
    594.36   999.99   13.176
    597.41   999.99   13.277
    600.46   999.99   13.378
    603.51   999.99   13.502
    606.55   999.99   13.618
    609.60   999.99   13.735
    612.65   999.99   13.843
    615.70   999.99   13.962
    618.75   999.99   14.059
    621.79   999.99   14.188
    624.84   999.99   14.288
    627.89   999.99   14.418
    630.94   999.99   14.530
    633.99   999.99   14.629
    637.03   999.99   14.737
    640.08   999.99   14.838
    643.13   999.99   14.941
    646.18   999.99   15.052
    649.23   999.99   15.168
    652.27   999.99   15.265
    655.32   999.99   15.382
    658.37   999.99   15.473
    661.42   999.99   15.587
    664.47   999.99   15.672
    667.51   999.99   15.773
    670.56   999.99   15.843
    673.61   999.99   15.904
    676.66   999.99   16.086
    679.71   999.99   16.301
    682.75   999.99   16.411
    685.80   999.99   16.542
    688.85   999.99   16.663
    691.90   999.99   16.806
    694.95   999.99   17.114
    697.99   999.99   17.190
    701.04   999.99   17.265
    704.09   999.99   17.431
    707.14   999.99   17.520
    710.19   999.99   17.621
    713.23   999.99   17.679
    716.28   999.99   17.759
    719.33   999.99   17.857
