 << U.S. Geological Survey Borehole Temperature Log - Alaska >>
  
 Site:             KAG 
 Log Date:         84AUG06 
 Type of Log:      continuous  
 Type of Sensor:   thermistor network (custom)
 Measuring Device: digital multimeter
 Deconvolved:      no 
  
  Z   = measured depth (m)
  TVD = true vertical depth (m)
  T   = temperature (C)
  
        Z      TVD       T
      6.40   999.99   -6.668
      6.71   999.99   -6.796
      7.01   999.99   -6.853
      7.32   999.99   -6.926
      7.62   999.99   -7.007
      7.92   999.99   -7.051
      8.23   999.99   -7.564
      8.53   999.99   -8.107
      8.84   999.99   -8.399
      9.14   999.99   -8.744
      9.45   999.99   -8.939
      9.75   999.99   -9.144
     10.06   999.99   -9.248
     10.36   999.99   -9.299
     10.67   999.99   -9.333
     10.97   999.99   -9.374
     11.28   999.99   -9.376
     11.58   999.99   -9.374
     11.89   999.99   -9.355
     12.19   999.99   -9.344
     12.50   999.99   -9.330
     12.80   999.99   -9.308
     13.11   999.99   -9.291
     13.41   999.99   -9.263
     13.72   999.99   -9.226
     14.02   999.99   -9.205
     14.33   999.99   -9.172
     14.63   999.99   -9.142
     14.94   999.99   -9.115
     15.24   999.99   -9.071
     15.54   999.99   -9.043
     15.85   999.99   -9.029
     16.15   999.99   -9.011
     16.46   999.99   -8.992
     16.76   999.99   -8.966
     17.07   999.99   -8.939
     17.37   999.99   -8.915
     17.68   999.99   -8.889
     17.98   999.99   -8.867
     18.29   999.99   -8.844
     18.59   999.99   -8.818
     18.90   999.99   -8.765
     19.20   999.99   -8.744
     19.51   999.99   -8.721
     19.81   999.99   -8.693
     20.12   999.99   -8.677
     20.42   999.99   -8.653
     20.73   999.99   -8.615
     21.03   999.99   -8.596
     21.34   999.99   -8.576
     21.64   999.99   -8.551
     21.95   999.99   -8.529
     22.25   999.99   -8.507
     22.56   999.99   -8.490
     22.86   999.99   -8.468
     23.16   999.99   -8.445
     23.47   999.99   -8.428
     23.77   999.99   -8.412
     24.08   999.99   -8.387
     24.38   999.99   -8.370
     24.69   999.99   -8.357
     24.99   999.99   -8.334
     25.30   999.99   -8.323
     25.60   999.99   -8.304
     25.91   999.99   -8.275
     26.21   999.99   -8.260
     26.52   999.99   -8.242
     26.82   999.99   -8.229
     27.13   999.99   -8.217
     27.43   999.99   -8.198
     27.74   999.99   -8.184
     28.04   999.99   -8.170
     28.35   999.99   -8.154
     28.65   999.99   -8.144
     28.96   999.99   -8.131
     29.26   999.99   -8.114
     29.57   999.99   -8.105
     29.87   999.99   -8.092
     30.18   999.99   -8.066
     30.48   999.99   -8.055
     30.78   999.99   -7.994
     31.09   999.99   -7.997
     31.39   999.99   -7.996
     31.70   999.99   -7.984
     32.00   999.99   -7.975
     32.31   999.99   -7.968
     32.61   999.99   -7.951
     32.92   999.99   -7.945
     33.22   999.99   -7.943
     33.53   999.99   -7.928
     33.83   999.99   -7.924
     34.14   999.99   -7.918
     34.44   999.99   -7.906
     34.75   999.99   -7.902
     35.05   999.99   -7.895
     35.36   999.99   -7.881
     35.66   999.99   -7.878
     35.97   999.99   -7.868
     36.27   999.99   -7.858
     36.58   999.99   -7.855
     36.88   999.99   -7.848
     37.19   999.99   -7.844
     37.49   999.99   -7.840
     37.80   999.99   -7.830
     38.10   999.99   -7.824
     38.40   999.99   -7.817
     38.71   999.99   -7.807
     39.01   999.99   -7.804
     39.32   999.99   -7.798
     39.62   999.99   -7.791
     39.93   999.99   -7.788
     40.23   999.99   -7.782
     40.54   999.99   -7.774
     40.84   999.99   -7.771
     41.15   999.99   -7.765
     41.45   999.99   -7.763
     41.76   999.99   -7.759
     42.06   999.99   -7.753
     42.37   999.99   -7.748
     42.67   999.99   -7.744
     42.98   999.99   -7.739
     43.28   999.99   -7.734
     43.59   999.99   -7.728
     43.89   999.99   -7.720
     44.20   999.99   -7.715
     44.50   999.99   -7.710
     44.81   999.99   -7.706
     45.11   999.99   -7.702
     45.42   999.99   -7.696
     45.72   999.99   -7.691
     46.02   999.99   -7.688
     46.33   999.99   -7.682
     46.63   999.99   -7.677
     46.94   999.99   -7.672
     47.24   999.99   -7.664
     47.55   999.99   -7.661
     47.85   999.99   -7.656
     48.16   999.99   -7.651
     48.46   999.99   -7.649
     48.77   999.99   -7.643
     49.07   999.99   -7.636
     49.38   999.99   -7.633
     49.68   999.99   -7.627
     49.99   999.99   -7.620
     50.29   999.99   -7.613
     50.60   999.99   -7.608
     50.90   999.99   -7.601
     51.21   999.99   -7.598
     51.51   999.99   -7.590
     51.82   999.99   -7.585
     52.12   999.99   -7.579
     52.43   999.99   -7.573
     52.73   999.99   -7.568
     53.04   999.99   -7.561
     53.34   999.99   -7.553
     53.64   999.99   -7.548
     53.95   999.99   -7.542
     54.25   999.99   -7.536
     54.56   999.99   -7.531
     54.86   999.99   -7.522
     55.17   999.99   -7.517
     55.47   999.99   -7.511
     55.78   999.99   -7.501
     56.08   999.99   -7.496
     56.39   999.99   -7.490
     56.69   999.99   -7.485
     57.00   999.99   -7.481
     57.30   999.99   -7.473
     57.61   999.99   -7.468
     57.91   999.99   -7.464
     58.22   999.99   -7.459
     58.52   999.99   -7.454
     58.83   999.99   -7.447
     59.13   999.99   -7.434
     59.44   999.99   -7.429
     59.74   999.99   -7.421
     60.05   999.99   -7.416
     60.35   999.99   -7.410
     60.66   999.99   -7.403
     60.96   999.99   -7.398
     61.26   999.99   -7.392
     61.57   999.99   -7.379
     61.87   999.99   -7.376
     62.18   999.99   -7.367
     62.48   999.99   -7.356
     62.79   999.99   -7.353
     63.09   999.99   -7.342
     63.40   999.99   -7.337
     63.70   999.99   -7.323
     64.01   999.99   -7.320
     64.31   999.99   -7.309
     64.62   999.99   -7.299
     64.92   999.99   -7.292
     65.23   999.99   -7.286
     65.53   999.99   -7.282
     65.84   999.99   -7.271
     66.14   999.99   -7.267
     66.45   999.99   -7.261
     66.75   999.99   -7.256
     67.06   999.99   -7.254
     67.36   999.99   -7.244
     67.67   999.99   -7.238
     67.97   999.99   -7.236
     68.28   999.99   -7.221
     68.58   999.99   -7.214
     68.88   999.99   -7.208
     69.19   999.99   -7.198
     69.49   999.99   -7.183
     69.80   999.99   -7.172
     70.10   999.99   -7.170
     70.41   999.99   -7.162
     70.71   999.99   -7.151
     71.02   999.99   -7.145
     71.32   999.99   -7.145
     71.63   999.99   -7.134
     71.93   999.99   -7.112
     72.24   999.99   -7.105
     72.54   999.99   -7.096
     72.85   999.99   -7.084
     73.15   999.99   -7.077
     73.46   999.99   -7.072
     73.76   999.99   -7.064
     74.07   999.99   -7.056
     74.37   999.99   -7.045
     74.68   999.99   -7.036
     74.98   999.99   -7.030
     75.29   999.99   -7.010
     75.59   999.99   -7.005
     75.90   999.99   -6.992
     76.20   999.99   -6.982
     76.50   999.99   -6.976
     76.81   999.99   -6.969
     77.11   999.99   -6.962
     77.42   999.99   -6.954
     77.72   999.99   -6.941
     78.03   999.99   -6.940
     78.33   999.99   -6.928
     78.64   999.99   -6.911
     78.94   999.99   -6.905
     79.25   999.99   -6.901
     79.55   999.99   -6.883
     79.86   999.99   -6.874
     80.16   999.99   -6.863
     80.47   999.99   -6.857
     80.77   999.99   -6.852
     81.08   999.99   -6.842
     81.38   999.99   -6.833
     81.69   999.99   -6.821
     81.99   999.99   -6.801
     82.30   999.99   -6.795
     82.60   999.99   -6.783
     82.91   999.99   -6.768
     83.21   999.99   -6.759
     83.52   999.99   -6.744
     83.82   999.99   -6.735
     84.12   999.99   -6.726
     84.43   999.99   -6.714
     84.73   999.99   -6.709
     85.04   999.99   -6.700
     85.34   999.99   -6.691
     85.65   999.99   -6.684
     85.95   999.99   -6.674
     86.26   999.99   -6.667
     86.56   999.99   -6.659
     86.87   999.99   -6.645
     87.17   999.99   -6.635
     87.48   999.99   -6.624
     87.78   999.99   -6.612
     88.09   999.99   -6.606
     88.39   999.99   -6.594
     88.70   999.99   -6.581
     89.00   999.99   -6.572
     89.31   999.99   -6.560
     89.61   999.99   -6.549
     89.92   999.99   -6.541
     90.22   999.99   -6.527
     90.53   999.99   -6.520
     90.83   999.99   -6.508
     91.14   999.99   -6.500
     91.44   999.99   -6.495
     91.74   999.99   -6.434
     92.05   999.99   -6.435
     92.35   999.99   -6.432
     92.66   999.99   -6.426
     92.96   999.99   -6.424
     93.27   999.99   -6.420
     93.57   999.99   -6.409
     93.88   999.99   -6.404
     94.18   999.99   -6.395
     94.49   999.99   -6.385
     94.79   999.99   -6.379
     95.10   999.99   -6.365
     95.40   999.99   -6.355
     95.71   999.99   -6.347
     96.01   999.99   -6.335
     96.32   999.99   -6.329
     96.62   999.99   -6.320
     96.93   999.99   -6.310
     97.23   999.99   -6.300
     97.54   999.99   -6.287
     97.84   999.99   -6.273
     98.15   999.99   -6.264
     98.45   999.99   -6.251
     98.76   999.99   -6.240
     99.06   999.99   -6.229
     99.36   999.99   -6.210
     99.67   999.99   -6.200
     99.97   999.99   -6.188
    100.28   999.99   -6.173
    100.58   999.99   -6.168
    100.89   999.99   -6.157
    101.19   999.99   -6.146
    101.50   999.99   -6.138
    101.80   999.99   -6.125
    102.11   999.99   -6.117
    102.41   999.99   -6.104
    102.72   999.99   -6.088
    103.02   999.99   -6.081
    103.33   999.99   -6.069
    103.63   999.99   -6.057
    103.94   999.99   -6.047
    104.24   999.99   -6.034
    104.55   999.99   -6.026
    104.85   999.99   -6.020
    105.16   999.99   -6.005
    105.46   999.99   -5.996
    105.77   999.99   -5.985
    106.07   999.99   -5.966
    106.38   999.99   -5.960
    106.68   999.99   -5.948
    106.99   999.99   -5.933
    107.29   999.99   -5.924
    107.59   999.99   -5.910
    107.90   999.99   -5.898
    108.20   999.99   -5.889
    108.51   999.99   -5.870
    108.81   999.99   -5.861
    109.12   999.99   -5.852
    109.42   999.99   -5.835
    109.73   999.99   -5.826
    110.03   999.99   -5.815
    110.34   999.99   -5.805
    110.64   999.99   -5.796
    110.95   999.99   -5.781
    111.25   999.99   -5.769
    111.56   999.99   -5.755
    111.86   999.99   -5.731
    112.17   999.99   -5.718
    112.47   999.99   -5.703
    112.78   999.99   -5.690
    113.08   999.99   -5.681
    113.39   999.99   -5.668
    113.69   999.99   -5.657
    114.00   999.99   -5.648
    114.30   999.99   -5.634
    114.61   999.99   -5.623
    114.91   999.99   -5.609
    115.21   999.99   -5.597
    115.52   999.99   -5.579
    115.82   999.99   -5.562
    116.13   999.99   -5.552
    116.43   999.99   -5.543
    116.74   999.99   -5.523
    117.04   999.99   -5.515
    117.35   999.99   -5.501
    117.65   999.99   -5.486
    117.96   999.99   -5.474
    118.26   999.99   -5.459
    118.57   999.99   -5.457
    118.87   999.99   -5.443
    119.18   999.99   -5.430
    119.48   999.99   -5.420
    119.79   999.99   -5.415
    120.09   999.99   -5.399
    120.40   999.99   -5.384
    120.70   999.99   -5.372
    121.01   999.99   -5.356
    121.31   999.99   -5.341
    121.62   999.99   -5.329
    121.92   999.99   -5.317
    122.22   999.99   -5.232
    122.53   999.99   -5.230
    122.83   999.99   -5.229
    123.14   999.99   -5.228
    123.44   999.99   -5.226
    123.75   999.99   -5.222
    124.05   999.99   -5.211
    124.36   999.99   -5.204
    124.66   999.99   -5.193
    124.97   999.99   -5.186
    125.27   999.99   -5.175
    125.58   999.99   -5.157
    125.88   999.99   -5.149
    126.19   999.99   -5.137
    126.49   999.99   -5.130
    126.80   999.99   -5.121
    127.10   999.99   -5.109
    127.41   999.99   -5.093
    127.71   999.99   -5.083
    128.02   999.99   -5.071
    128.32   999.99   -5.061
    128.63   999.99   -5.050
    128.93   999.99   -5.030
    129.24   999.99   -5.020
    129.54   999.99   -5.002
    129.85   999.99   -4.993
    130.15   999.99   -4.982
    130.45   999.99   -4.961
    130.76   999.99   -4.945
    131.06   999.99   -4.931
    131.37   999.99   -4.914
    131.67   999.99   -4.903
    131.98   999.99   -4.889
    132.28   999.99   -4.870
    132.59   999.99   -4.860
    132.89   999.99   -4.843
    133.20   999.99   -4.831
    133.50   999.99   -4.820
    133.81   999.99   -4.805
    134.11   999.99   -4.803
    134.42   999.99   -4.787
    134.72   999.99   -4.774
    135.03   999.99   -4.767
    135.33   999.99   -4.754
    135.64   999.99   -4.746
    135.94   999.99   -4.736
    136.25   999.99   -4.717
    136.55   999.99   -4.711
    136.86   999.99   -4.699
    137.16   999.99   -4.685
    137.47   999.99   -4.670
    137.77   999.99   -4.659
    138.07   999.99   -4.645
    138.38   999.99   -4.634
    138.68   999.99   -4.615
    138.99   999.99   -4.600
    139.29   999.99   -4.588
    139.60   999.99   -4.575
    139.90   999.99   -4.562
    140.21   999.99   -4.546
    140.51   999.99   -4.533
    140.82   999.99   -4.524
    141.12   999.99   -4.506
    141.43   999.99   -4.501
    141.73   999.99   -4.488
    142.04   999.99   -4.477
    142.34   999.99   -4.468
    142.65   999.99   -4.446
    142.95   999.99   -4.429
    143.26   999.99   -4.419
    143.56   999.99   -4.396
    143.87   999.99   -4.383
    144.17   999.99   -4.372
    144.48   999.99   -4.357
    144.78   999.99   -4.341
    145.09   999.99   -4.330
    145.39   999.99   -4.305
    145.69   999.99   -4.290
    146.00   999.99   -4.276
    146.30   999.99   -4.269
    146.61   999.99   -4.254
    146.91   999.99   -4.246
    147.22   999.99   -4.235
    147.52   999.99   -4.218
    147.83   999.99   -4.206
    148.13   999.99   -4.194
    148.44   999.99   -4.178
    148.74   999.99   -4.168
    149.05   999.99   -4.154
    149.35   999.99   -4.139
    149.66   999.99   -4.126
    149.96   999.99   -4.112
    150.27   999.99   -4.103
    150.57   999.99   -4.092
    150.88   999.99   -4.080
    151.18   999.99   -4.070
    151.49   999.99   -4.057
    151.79   999.99   -4.045
    152.10   999.99   -4.035
    152.40   999.99   -4.024
    152.71   999.99   -3.955
    153.01   999.99   -3.954
    153.31   999.99   -3.954
    153.62   999.99   -3.954
    153.92   999.99   -3.950
    154.23   999.99   -3.937
    154.53   999.99   -3.927
    154.84   999.99   -3.916
    155.14   999.99   -3.909
    155.45   999.99   -3.901
    155.75   999.99   -3.890
    156.06   999.99   -3.882
    156.36   999.99   -3.870
    156.67   999.99   -3.862
    156.97   999.99   -3.848
    157.28   999.99   -3.831
    157.58   999.99   -3.824
    157.89   999.99   -3.810
    158.19   999.99   -3.797
    158.50   999.99   -3.786
    158.80   999.99   -3.778
    159.11   999.99   -3.774
    159.41   999.99   -3.760
    159.72   999.99   -3.744
    160.02   999.99   -3.730
    160.33   999.99   -3.715
    160.63   999.99   -3.708
    160.93   999.99   -3.695
    161.24   999.99   -3.682
    161.54   999.99   -3.673
    161.85   999.99   -3.659
    162.15   999.99   -3.646
    162.46   999.99   -3.633
    162.76   999.99   -3.615
    163.07   999.99   -3.601
    163.37   999.99   -3.587
    163.68   999.99   -3.574
    163.98   999.99   -3.565
    164.29   999.99   -3.552
    164.59   999.99   -3.539
    164.90   999.99   -3.526
    165.20   999.99   -3.510
    165.51   999.99   -3.496
    165.81   999.99   -3.482
    166.12   999.99   -3.469
    166.42   999.99   -3.459
    166.73   999.99   -3.442
    167.03   999.99   -3.430
    167.34   999.99   -3.421
    167.64   999.99   -3.411
    167.95   999.99   -3.400
    168.25   999.99   -3.388
    168.55   999.99   -3.377
    168.86   999.99   -3.368
    169.16   999.99   -3.353
    169.47   999.99   -3.343
    169.77   999.99   -3.329
    170.08   999.99   -3.316
    170.38   999.99   -3.300
    170.69   999.99   -3.286
    170.99   999.99   -3.277
    171.30   999.99   -3.268
    171.60   999.99   -3.254
    171.91   999.99   -3.241
    172.21   999.99   -3.226
    172.52   999.99   -3.213
    172.82   999.99   -3.202
    173.13   999.99   -3.190
    173.43   999.99   -3.178
    173.74   999.99   -3.167
    174.04   999.99   -3.154
    174.35   999.99   -3.147
    174.65   999.99   -3.138
    174.96   999.99   -3.130
    175.26   999.99   -3.120
    175.57   999.99   -3.110
    175.87   999.99   -3.103
    176.17   999.99   -3.091
    176.48   999.99   -3.076
    176.78   999.99   -3.063
    177.09   999.99   -3.050
    177.39   999.99   -3.041
    177.70   999.99   -3.030
    178.00   999.99   -3.017
    178.31   999.99   -3.008
    178.61   999.99   -2.994
    178.92   999.99   -2.981
    179.22   999.99   -2.969
    179.53   999.99   -2.956
    179.83   999.99   -2.947
    180.14   999.99   -2.937
    180.44   999.99   -2.925
    180.75   999.99   -2.913
    181.05   999.99   -2.899
    181.36   999.99   -2.890
    181.66   999.99   -2.880
    181.97   999.99   -2.866
    182.27   999.99   -2.854
    182.58   999.99   -2.843
    182.88   999.99   -2.827
    183.19   999.99   -2.777
    183.49   999.99   -2.771
    183.79   999.99   -2.766
    184.10   999.99   -2.761
    184.40   999.99   -2.755
    184.71   999.99   -2.748
    185.01   999.99   -2.738
    185.32   999.99   -2.729
    185.62   999.99   -2.723
    185.93   999.99   -2.719
    186.23   999.99   -2.708
    186.54   999.99   -2.697
    186.84   999.99   -2.690
    187.15   999.99   -2.674
    187.45   999.99   -2.663
    187.76   999.99   -2.652
    188.06   999.99   -2.644
    188.37   999.99   -2.635
    188.67   999.99   -2.628
    188.98   999.99   -2.622
    189.28   999.99   -2.615
    189.59   999.99   -2.602
    189.89   999.99   -2.595
    190.20   999.99   -2.587
    190.50   999.99   -2.580
    190.81   999.99   -2.571
    191.11   999.99   -2.561
    191.41   999.99   -2.551
    191.72   999.99   -2.542
    192.02   999.99   -2.532
    192.33   999.99   -2.521
    192.63   999.99   -2.511
    192.94   999.99   -2.502
    193.24   999.99   -2.494
    193.55   999.99   -2.485
    193.85   999.99   -2.471
    194.16   999.99   -2.459
    194.46   999.99   -2.449
    194.77   999.99   -2.439
    195.07   999.99   -2.429
    195.38   999.99   -2.417
    195.68   999.99   -2.406
    195.99   999.99   -2.397
    196.29   999.99   -2.388
    196.60   999.99   -2.378
    196.90   999.99   -2.369
    197.21   999.99   -2.361
    197.51   999.99   -2.349
    197.82   999.99   -2.343
    198.12   999.99   -2.333
    198.43   999.99   -2.320
    198.73   999.99   -2.310
    199.03   999.99   -2.302
    199.34   999.99   -2.293
    199.64   999.99   -2.283
    199.95   999.99   -2.270
    200.25   999.99   -2.260
    200.56   999.99   -2.249
    200.86   999.99   -2.241
    201.17   999.99   -2.233
    201.47   999.99   -2.221
    201.78   999.99   -2.212
    202.08   999.99   -2.201
    202.39   999.99   -2.190
    202.69   999.99   -2.178
    203.00   999.99   -2.167
    203.30   999.99   -2.156
    203.61   999.99   -2.147
    203.91   999.99   -2.136
    204.22   999.99   -2.126
    204.52   999.99   -2.115
    204.83   999.99   -2.106
    205.13   999.99   -2.098
    205.44   999.99   -2.085
    205.74   999.99   -2.076
    206.05   999.99   -2.065
    206.35   999.99   -2.052
    206.65   999.99   -2.041
    206.96   999.99   -2.029
    207.26   999.99   -2.021
    207.57   999.99   -2.012
    207.87   999.99   -2.008
    208.18   999.99   -1.993
    208.48   999.99   -1.982
    208.79   999.99   -1.976
    209.09   999.99   -1.965
    209.40   999.99   -1.953
    209.70   999.99   -1.944
    210.01   999.99   -1.929
    210.31   999.99   -1.918
    210.62   999.99   -1.910
    210.92   999.99   -1.898
    211.23   999.99   -1.888
    211.53   999.99   -1.875
    211.84   999.99   -1.866
    212.14   999.99   -1.853
    212.45   999.99   -1.844
    212.75   999.99   -1.838
    213.06   999.99   -1.827
    213.36   999.99   -1.818
    213.67   999.99   -1.741
    213.97   999.99   -1.738
    214.27   999.99   -1.735
    214.58   999.99   -1.731
    214.88   999.99   -1.725
    215.19   999.99   -1.719
    215.49   999.99   -1.714
    215.80   999.99   -1.707
    216.10   999.99   -1.698
    216.41   999.99   -1.689
    216.71   999.99   -1.682
    217.02   999.99   -1.676
    217.32   999.99   -1.672
    217.63   999.99   -1.665
    217.93   999.99   -1.658
    218.24   999.99   -1.653
    218.54   999.99   -1.647
    218.85   999.99   -1.642
    219.15   999.99   -1.631
    219.46   999.99   -1.624
    219.76   999.99   -1.615
    220.07   999.99   -1.607
    220.37   999.99   -1.598
    220.68   999.99   -1.590
    220.98   999.99   -1.583
    221.29   999.99   -1.577
    221.59   999.99   -1.571
    221.89   999.99   -1.563
    222.20   999.99   -1.556
    222.50   999.99   -1.549
    222.81   999.99   -1.541
    223.11   999.99   -1.535
    223.42   999.99   -1.529
    223.72   999.99   -1.520
    224.03   999.99   -1.515
    224.33   999.99   -1.509
    224.64   999.99   -1.503
    224.94   999.99   -1.497
    225.25   999.99   -1.492
    225.55   999.99   -1.486
    225.86   999.99   -1.478
    226.16   999.99   -1.471
    226.47   999.99   -1.464
    226.77   999.99   -1.457
    227.08   999.99   -1.449
    227.38   999.99   -1.444
    227.69   999.99   -1.436
    227.99   999.99   -1.432
    228.30   999.99   -1.423
    228.60   999.99   -1.415
    228.91   999.99   -1.408
    229.21   999.99   -1.400
    229.51   999.99   -1.394
    229.82   999.99   -1.388
    230.12   999.99   -1.380
    230.43   999.99   -1.374
    230.73   999.99   -1.367
    231.04   999.99   -1.359
    231.34   999.99   -1.354
    231.65   999.99   -1.345
    231.95   999.99   -1.337
    232.26   999.99   -1.330
    232.56   999.99   -1.322
    232.87   999.99   -1.314
    233.17   999.99   -1.305
    233.48   999.99   -1.295
    233.78   999.99   -1.285
    234.09   999.99   -1.280
    234.39   999.99   -1.272
    234.70   999.99   -1.261
    235.00   999.99   -1.252
    235.31   999.99   -1.244
    235.61   999.99   -1.237
    235.92   999.99   -1.229
    236.22   999.99   -1.220
    236.53   999.99   -1.210
    236.83   999.99   -1.204
    237.13   999.99   -1.198
    237.44   999.99   -1.189
    237.74   999.99   -1.181
    238.05   999.99   -1.171
    238.35   999.99   -1.162
    238.66   999.99   -1.154
    238.96   999.99   -1.144
    239.27   999.99   -1.135
    239.57   999.99   -1.127
    239.88   999.99   -1.117
    240.18   999.99   -1.109
    240.49   999.99   -1.098
    240.79   999.99   -1.088
    241.10   999.99   -1.079
    241.40   999.99   -1.071
    241.71   999.99   -1.063
    242.01   999.99   -1.056
    242.32   999.99   -1.048
    242.62   999.99   -1.040
    242.93   999.99   -1.031
    243.23   999.99   -1.025
    243.54   999.99   -1.016
    243.84   999.99   -1.010
    244.15   999.99    -.889
    244.45   999.99    -.887
    244.75   999.99    -.886
    245.06   999.99    -.884
    245.36   999.99    -.880
    245.67   999.99    -.877
    245.97   999.99    -.875
    246.28   999.99    -.873
    246.58   999.99    -.868
    246.89   999.99    -.863
    247.19   999.99    -.857
    247.50   999.99    -.851
    247.80   999.99    -.845
    248.11   999.99    -.842
    248.41   999.99    -.836
    248.72   999.99    -.831
    249.02   999.99    -.826
    249.33   999.99    -.821
    249.63   999.99    -.815
    249.94   999.99    -.811
    250.24   999.99    -.807
    250.55   999.99    -.802
    250.85   999.99    -.797
    251.16   999.99    -.791
    251.46   999.99    -.785
    251.77   999.99    -.779
    252.07   999.99    -.772
    252.37   999.99    -.767
    252.68   999.99    -.761
    252.98   999.99    -.757
    253.29   999.99    -.750
    253.59   999.99    -.745
    253.90   999.99    -.740
    254.20   999.99    -.735
    254.51   999.99    -.729
    254.81   999.99    -.726
    255.12   999.99    -.718
    255.42   999.99    -.712
    255.73   999.99    -.706
    256.03   999.99    -.701
    256.34   999.99    -.694
    256.64   999.99    -.690
    256.95   999.99    -.685
    257.25   999.99    -.678
    257.56   999.99    -.670
    257.86   999.99    -.664
    258.17   999.99    -.657
    258.47   999.99    -.652
    258.78   999.99    -.646
    259.08   999.99    -.641
    259.39   999.99    -.635
    259.69   999.99    -.629
    259.99   999.99    -.623
    260.30   999.99    -.616
    260.60   999.99    -.609
    260.91   999.99    -.605
    261.21   999.99    -.600
    261.52   999.99    -.592
    261.82   999.99    -.585
    262.13   999.99    -.577
    262.43   999.99    -.571
    262.74   999.99    -.567
    263.04   999.99    -.560
    263.35   999.99    -.552
    263.65   999.99    -.544
    263.96   999.99    -.540
    264.26   999.99    -.534
    264.57   999.99    -.526
    264.87   999.99    -.518
    265.18   999.99    -.510
    265.48   999.99    -.503
    265.79   999.99    -.493
    266.09   999.99    -.487
    266.40   999.99    -.478
    266.70   999.99    -.470
    267.01   999.99    -.460
    267.31   999.99    -.449
    267.61   999.99    -.435
    267.92   999.99    -.423
    268.22   999.99    -.406
    268.53   999.99    -.390
    268.83   999.99    -.375
    269.14   999.99    -.353
    269.44   999.99    -.331
    269.75   999.99    -.313
    270.05   999.99    -.293
    270.36   999.99    -.272
    270.66   999.99    -.247
    270.97   999.99    -.230
    271.27   999.99    -.210
    271.58   999.99    -.194
    271.88   999.99    -.178
    272.19   999.99    -.166
    272.49   999.99    -.148
    272.80   999.99    -.137
    273.10   999.99    -.120
    273.41   999.99    -.112
    273.71   999.99    -.098
    274.02   999.99    -.090
    274.32   999.99    -.076
    274.63   999.99    -.060
    274.93   999.99    -.052
    275.23   999.99    -.046
    275.54   999.99    -.034
    275.84   999.99    -.025
    276.15   999.99    -.015
    276.45   999.99    -.010
    276.76   999.99    -.002
    277.06   999.99     .007
    277.37   999.99     .015
    277.67   999.99     .021
    277.98   999.99     .030
    278.28   999.99     .039
    278.59   999.99     .046
    278.89   999.99     .056
    279.20   999.99     .063
    279.50   999.99     .070
    279.81   999.99     .081
    280.11   999.99     .087
    280.42   999.99     .096
    280.72   999.99     .105
    281.03   999.99     .108
    281.33   999.99     .115
    281.64   999.99     .124
    281.94   999.99     .135
    282.25   999.99     .143
    282.55   999.99     .152
    282.86   999.99     .159
    283.16   999.99     .167
    283.46   999.99     .180
    283.77   999.99     .189
    284.07   999.99     .199
    284.38   999.99     .204
    284.68   999.99     .215
    284.99   999.99     .223
    285.29   999.99     .231
    285.60   999.99     .245
    285.90   999.99     .253
    286.21   999.99     .265
    286.51   999.99     .273
    286.82   999.99     .281
    287.12   999.99     .289
    287.43   999.99     .297
    287.73   999.99     .308
    288.04   999.99     .315
    288.34   999.99     .325
    288.65   999.99     .333
    288.95   999.99     .344
    289.26   999.99     .352
    289.56   999.99     .360
    289.87   999.99     .369
    290.17   999.99     .379
    290.48   999.99     .385
    290.78   999.99     .397
    291.08   999.99     .405
    291.39   999.99     .417
    291.69   999.99     .427
    292.00   999.99     .437
    292.30   999.99     .447
    292.61   999.99     .457
    292.91   999.99     .466
    293.22   999.99     .474
    293.52   999.99     .479
    293.83   999.99     .487
    294.13   999.99     .492
    294.44   999.99     .504
    294.74   999.99     .517
    295.05   999.99     .531
    295.35   999.99     .541
    295.66   999.99     .555
    295.96   999.99     .564
    296.27   999.99     .573
    296.57   999.99     .583
    296.88   999.99     .594
    297.18   999.99     .607
    297.49   999.99     .617
    297.79   999.99     .628
    298.10   999.99     .637
    298.40   999.99     .644
    298.70   999.99     .653
    299.01   999.99     .659
    299.31   999.99     .665
    299.62   999.99     .670
    299.92   999.99     .680
    300.23   999.99     .689
    300.53   999.99     .698
    300.84   999.99     .706
    301.14   999.99     .715
    301.45   999.99     .723
    301.75   999.99     .734
    302.06   999.99     .744
    302.36   999.99     .755
    302.67   999.99     .764
    302.97   999.99     .774
    303.28   999.99     .784
    303.58   999.99     .793
    303.89   999.99     .802
    304.19   999.99     .808
    304.50   999.99     .820
    304.80   999.99     .830
    305.11   999.99     .838
    305.41   999.99     .845
    305.71   999.99     .853
    306.02   999.99     .863
    306.32   999.99     .874
    306.63   999.99     .885
    306.93   999.99     .892
    307.24   999.99     .900
    307.54   999.99     .909
    307.85   999.99     .916
    308.15   999.99     .925
    308.46   999.99     .933
    308.76   999.99     .942
    309.07   999.99     .949
    309.37   999.99     .957
    309.68   999.99     .967
    309.98   999.99     .979
    310.29   999.99     .989
    310.59   999.99     .997
    310.90   999.99    1.006
    311.20   999.99    1.014
    311.51   999.99    1.020
    311.81   999.99    1.030
    312.12   999.99    1.041
    312.42   999.99    1.050
    312.73   999.99    1.060
    313.03   999.99    1.071
    313.33   999.99    1.080
    313.64   999.99    1.090
    313.94   999.99    1.099
    314.25   999.99    1.112
    314.55   999.99    1.120
    314.86   999.99    1.130
    315.16   999.99    1.139
    315.47   999.99    1.150
    315.77   999.99    1.158
    316.08   999.99    1.169
    316.38   999.99    1.182
    316.69   999.99    1.192
    316.99   999.99    1.200
    317.30   999.99    1.212
    317.60   999.99    1.225
    317.91   999.99    1.230
    318.21   999.99    1.238
    318.52   999.99    1.245
    318.82   999.99    1.260
    319.13   999.99    1.273
    319.43   999.99    1.287
    319.74   999.99    1.297
    320.04   999.99    1.306
    320.35   999.99    1.316
    320.65   999.99    1.327
    320.95   999.99    1.342
    321.26   999.99    1.354
    321.56   999.99    1.364
    321.87   999.99    1.376
    322.17   999.99    1.389
    322.48   999.99    1.403
    322.78   999.99    1.411
    323.09   999.99    1.422
    323.39   999.99    1.436
    323.70   999.99    1.450
    324.00   999.99    1.464
    324.31   999.99    1.479
    324.61   999.99    1.497
    324.92   999.99    1.511
    325.22   999.99    1.523
    325.53   999.99    1.535
    325.83   999.99    1.548
    326.14   999.99    1.562
    326.44   999.99    1.578
    326.75   999.99    1.594
    327.05   999.99    1.607
    327.36   999.99    1.619
    327.66   999.99    1.635
    327.97   999.99    1.645
    328.27   999.99    1.656
    328.58   999.99    1.669
    328.88   999.99    1.682
    329.18   999.99    1.696
    329.49   999.99    1.705
    329.79   999.99    1.716
    330.10   999.99    1.725
    330.40   999.99    1.738
    330.71   999.99    1.751
    331.01   999.99    1.765
    331.32   999.99    1.776
    331.62   999.99    1.789
    331.93   999.99    1.801
    332.23   999.99    1.813
    332.54   999.99    1.824
    332.84   999.99    1.835
    333.15   999.99    1.849
    333.45   999.99    1.864
    333.76   999.99    1.874
    334.06   999.99    1.887
    334.37   999.99    1.898
    334.67   999.99    1.909
    334.98   999.99    1.918
    335.28   999.99    1.930
    335.59   999.99    1.939
    335.89   999.99    1.952
    336.20   999.99    1.961
    336.50   999.99    1.975
    336.80   999.99    1.984
    337.11   999.99    1.998
    337.41   999.99    2.010
    337.72   999.99    2.022
    338.02   999.99    2.034
    338.33   999.99    2.046
    338.63   999.99    2.055
    338.94   999.99    2.063
    339.24   999.99    2.073
    339.55   999.99    2.083
    339.85   999.99    2.099
    340.16   999.99    2.114
    340.46   999.99    2.127
    340.77   999.99    2.134
    341.07   999.99    2.146
    341.38   999.99    2.167
    341.68   999.99    2.177
    341.99   999.99    2.187
    342.29   999.99    2.196
    342.60   999.99    2.213
    342.90   999.99    2.223
    343.21   999.99    2.233
    343.51   999.99    2.246
    343.82   999.99    2.255
    344.12   999.99    2.271
    344.42   999.99    2.277
    344.73   999.99    2.287
    345.03   999.99    2.303
    345.34   999.99    2.317
    345.64   999.99    2.328
    345.95   999.99    2.341
    346.25   999.99    2.346
    346.56   999.99    2.363
    346.86   999.99    2.371
    347.17   999.99    2.387
    347.47   999.99    2.396
    347.78   999.99    2.406
    348.08   999.99    2.417
    348.39   999.99    2.424
    348.69   999.99    2.435
    349.00   999.99    2.448
    349.30   999.99    2.461
    349.61   999.99    2.475
    349.91   999.99    2.486
    350.22   999.99    2.494
    350.52   999.99    2.499
    350.83   999.99    2.514
    351.13   999.99    2.522
    351.44   999.99    2.531
    351.74   999.99    2.541
    352.04   999.99    2.553
    352.35   999.99    2.565
    352.65   999.99    2.574
    352.96   999.99    2.588
    353.26   999.99    2.604
    353.57   999.99    2.616
    353.87   999.99    2.630
    354.18   999.99    2.641
    354.48   999.99    2.649
    354.79   999.99    2.660
    355.09   999.99    2.674
    355.40   999.99    2.682
    355.70   999.99    2.693
    356.01   999.99    2.704
    356.31   999.99    2.715
    356.62   999.99    2.726
    356.92   999.99    2.734
    357.23   999.99    2.746
    357.53   999.99    2.756
    357.84   999.99    2.767
    358.14   999.99    2.780
    358.45   999.99    2.794
    358.75   999.99    2.805
    359.06   999.99    2.815
    359.36   999.99    2.826
    359.66   999.99    2.835
    359.97   999.99    2.850
    360.27   999.99    2.861
    360.58   999.99    2.871
    360.88   999.99    2.880
    361.19   999.99    2.891
    361.49   999.99    2.901
    361.80   999.99    2.911
    362.10   999.99    2.920
    362.41   999.99    2.931
    362.71   999.99    2.943
    363.02   999.99    2.951
    363.32   999.99    2.957
    363.63   999.99    2.966
    363.93   999.99    2.980
    364.24   999.99    2.996
    364.54   999.99    3.012
    364.85   999.99    3.028
    365.15   999.99    3.041
    365.46   999.99    3.055
    365.76   999.99    3.066
    366.07   999.99    3.078
    366.37   999.99    3.087
    366.68   999.99    3.100
    366.98   999.99    3.120
    367.28   999.99    3.142
    367.59   999.99    3.160
    367.89   999.99    3.178
    368.20   999.99    3.191
    368.50   999.99    3.204
    368.81   999.99    3.219
    369.11   999.99    3.229
    369.42   999.99    3.241
    369.72   999.99    3.251
    370.03   999.99    3.264
    370.33   999.99    3.272
    370.64   999.99    3.292
    370.94   999.99    3.305
    371.25   999.99    3.317
    371.55   999.99    3.325
    371.86   999.99    3.339
    372.16   999.99    3.351
    372.47   999.99    3.365
    372.77   999.99    3.377
    373.08   999.99    3.390
    373.38   999.99    3.400
    373.69   999.99    3.411
    373.99   999.99    3.425
    374.30   999.99    3.438
    374.60   999.99    3.450
    374.90   999.99    3.462
    375.21   999.99    3.475
    375.51   999.99    3.491
    375.82   999.99    3.505
    376.12   999.99    3.519
    376.43   999.99    3.531
    376.73   999.99    3.543
    377.04   999.99    3.551
    377.34   999.99    3.566
    377.65   999.99    3.578
    377.95   999.99    3.589
    378.26   999.99    3.599
    378.56   999.99    3.612
    378.87   999.99    3.619
    379.17   999.99    3.630
    379.48   999.99    3.636
    379.78   999.99    3.641
    380.09   999.99    3.653
    380.39   999.99    3.664
    380.70   999.99    3.677
    381.00   999.99    3.688
    381.31   999.99    3.695
    381.61   999.99    3.705
    381.92   999.99    3.715
    382.22   999.99    3.719
    382.52   999.99    3.728
    382.83   999.99    3.736
    383.13   999.99    3.750
    383.44   999.99    3.750
    383.74   999.99    3.764
    384.05   999.99    3.773
    384.35   999.99    3.777
    384.66   999.99    3.789
    384.96   999.99    3.798
    385.27   999.99    3.809
    385.57   999.99    3.816
    385.88   999.99    3.820
    386.18   999.99    3.827
    386.49   999.99    3.837
    386.79   999.99    3.841
    387.10   999.99    3.851
    387.40   999.99    3.857
    387.71   999.99    3.858
    388.01   999.99    3.869
    388.32   999.99    3.873
    388.62   999.99    3.871
    388.93   999.99    3.879
    389.23   999.99    3.860
    389.54   999.99    4.068
    389.84   999.99    4.165
    390.14   999.99    4.217
    390.45   999.99    4.238
    390.75   999.99    4.247
    391.06   999.99    4.254
    391.36   999.99    4.262
    391.67   999.99    4.261
    391.97   999.99    4.268
    392.28   999.99    4.276
    392.58   999.99    4.284
    392.89   999.99    4.291
    393.19   999.99    4.300
    393.50   999.99    4.324
    393.80   999.99    4.305
    394.11   999.99    4.317
    394.41   999.99    4.336
    394.72   999.99    4.336
    395.02   999.99    4.351
    395.33   999.99    4.391
    395.63   999.99    4.372
    395.94   999.99    4.384
    396.24   999.99    4.383
    396.55   999.99    4.401
    396.85   999.99    4.402
    397.16   999.99    4.416
    397.46   999.99    4.432
    397.76   999.99    4.425
    398.07   999.99    4.427
    398.37   999.99    4.434
    398.68   999.99    4.450
    398.98   999.99    4.461
    399.29   999.99    4.471
    399.59   999.99    4.480
    399.90   999.99    4.498
    400.20   999.99    4.503
    400.51   999.99    4.521
    400.81   999.99    4.517
    401.12   999.99    4.534
    401.42   999.99    4.544
    401.73   999.99    4.540
    402.03   999.99    4.553
    402.34   999.99    4.565
    402.64   999.99    4.567
    402.95   999.99    4.579
    403.25   999.99    4.583
    403.56   999.99    4.598
    403.86   999.99    4.587
    404.17   999.99    4.596
    404.47   999.99    4.604
    404.78   999.99    4.625
    405.08   999.99    4.623
    405.38   999.99    4.641
    405.69   999.99    4.655
    405.99   999.99    4.665
    406.30   999.99    4.673
    406.60   999.99    4.674
    406.91   999.99    4.680
    407.21   999.99    4.682
    407.52   999.99    4.689
    407.82   999.99    4.698
    408.13   999.99    4.707
    408.43   999.99    4.707
    408.74   999.99    4.719
    409.04   999.99    4.731
    409.35   999.99    4.750
    409.65   999.99    4.761
    409.96   999.99    4.767
    410.26   999.99    4.765
    410.57   999.99    4.797
    410.87   999.99    4.774
    411.18   999.99    4.774
    411.48   999.99    4.793
    411.79   999.99    4.799
    412.09   999.99    4.815
    412.40   999.99    4.817
    412.70   999.99    4.831
    413.00   999.99    4.845
    413.31   999.99    4.853
    413.61   999.99    4.866
    413.92   999.99    4.872
    414.22   999.99    4.887
    414.53   999.99    4.891
    414.83   999.99    4.908
    415.14   999.99    4.913
    415.44   999.99    4.930
    415.75   999.99    4.944
    416.05   999.99    4.939
    416.36   999.99    4.939
    416.66   999.99    4.955
    416.97   999.99    4.953
    417.27   999.99    4.958
    417.58   999.99    4.967
    417.88   999.99    4.981
    418.19   999.99    4.983
    418.49   999.99    5.007
    418.80   999.99    5.015
    419.10   999.99    5.017
    419.41   999.99    5.024
    419.71   999.99    5.031
    420.02   999.99    5.045
    420.32   999.99    5.044
    420.62   999.99    5.053
    420.93   999.99    5.069
    421.23   999.99    5.074
    421.54   999.99    5.093
    421.84   999.99    5.099
    422.15   999.99    5.105
    422.45   999.99    5.115
    422.76   999.99    5.139
    423.06   999.99    5.143
    423.37   999.99    5.152
    423.67   999.99    5.154
    423.98   999.99    5.173
    424.28   999.99    5.172
    424.59   999.99    5.172
    424.89   999.99    5.181
    425.20   999.99    5.187
    425.50   999.99    5.198
    425.81   999.99    5.210
    426.11   999.99    5.218
    426.42   999.99    5.233
    426.72   999.99    5.242
    427.03   999.99    5.255
    427.33   999.99    5.266
    427.64   999.99    5.280
    427.94   999.99    5.311
    428.24   999.99    5.310
    428.55   999.99    5.321
    428.85   999.99    5.323
    429.16   999.99    5.326
    429.46   999.99    5.348
    429.77   999.99    5.354
    430.07   999.99    5.361
    430.38   999.99    5.366
    430.68   999.99    5.368
    430.99   999.99    5.379
    431.29   999.99    5.399
    431.60   999.99    5.411
    431.90   999.99    5.420
    432.21   999.99    5.427
    432.51   999.99    5.440
    432.82   999.99    5.459
    433.12   999.99    5.469
    433.43   999.99    5.470
    433.73   999.99    5.468
    434.04   999.99    5.464
    434.34   999.99    5.476
    434.65   999.99    5.490
    434.95   999.99    5.498
    435.26   999.99    5.499
    435.56   999.99    5.521
    435.86   999.99    5.534
    436.17   999.99    5.549
    436.47   999.99    5.573
    436.78   999.99    5.568
    437.08   999.99    5.574
    437.39   999.99    5.589
    437.69   999.99    5.595
    438.00   999.99    5.603
    438.30   999.99    5.615
    438.61   999.99    5.626
    438.91   999.99    5.640
    439.22   999.99    5.648
    439.52   999.99    5.647
    439.83   999.99    5.653
    440.13   999.99    5.660
    440.44   999.99    5.662
    440.74   999.99    5.673
    441.05   999.99    5.688
    441.35   999.99    5.694
    441.66   999.99    5.701
    441.96   999.99    5.709
    442.27   999.99    5.722
    442.57   999.99    5.729
    442.88   999.99    5.747
    443.18   999.99    5.751
    443.48   999.99    5.765
    443.79   999.99    5.777
    444.09   999.99    5.790
    444.40   999.99    5.795
    444.70   999.99    5.810
    445.01   999.99    5.821
    445.31   999.99    5.833
    445.62   999.99    5.845
    445.92   999.99    5.866
    446.23   999.99    5.858
    446.53   999.99    5.879
    446.84   999.99    5.883
    447.14   999.99    5.888
    447.45   999.99    5.907
    447.75   999.99    5.917
    448.06   999.99    5.917
    448.36   999.99    5.921
    448.67   999.99    5.928
    448.97   999.99    5.930
    449.28   999.99    5.935
    449.58   999.99    5.946
    449.89   999.99    5.951
    450.19   999.99    5.969
    450.50   999.99    5.984
    450.80   999.99    5.984
    451.10   999.99    5.986
    451.41   999.99    5.996
    451.71   999.99    6.000
    452.02   999.99    6.008
    452.32   999.99    6.021
    452.63   999.99    6.030
    452.93   999.99    6.040
    453.24   999.99    6.046
    453.54   999.99    6.053
    453.85   999.99    6.052
    454.15   999.99    6.081
    454.46   999.99    6.088
    454.76   999.99    6.087
    455.07   999.99    6.092
    455.37   999.99    6.093
    455.68   999.99    6.099
    455.98   999.99    6.095
    456.29   999.99    6.106
    456.59   999.99    6.111
    456.90   999.99    6.114
    457.20   999.99    6.128
    457.51   999.99    6.133
    457.81   999.99    6.147
    458.12   999.99    6.156
    458.42   999.99    6.160
    458.72   999.99    6.181
    459.03   999.99    6.185
    459.33   999.99    6.184
    459.64   999.99    6.210
    459.94   999.99    6.210
    460.25   999.99    6.211
    460.55   999.99    6.214
    460.86   999.99    6.225
    461.16   999.99    6.233
    461.47   999.99    6.235
    461.77   999.99    6.239
    462.08   999.99    6.241
    462.38   999.99    6.255
    462.69   999.99    6.268
    462.99   999.99    6.269
    463.30   999.99    6.269
    463.60   999.99    6.274
    463.91   999.99    6.275
    464.21   999.99    6.290
    464.52   999.99    6.291
    464.82   999.99    6.304
    465.13   999.99    6.307
    465.43   999.99    6.328
    465.74   999.99    6.338
    466.04   999.99    6.349
    466.34   999.99    6.352
    466.65   999.99    6.351
    466.95   999.99    6.385
    467.26   999.99    6.385
    467.56   999.99    6.390
    467.87   999.99    6.407
    468.17   999.99    6.408
    468.48   999.99    6.425
    468.78   999.99    6.432
    469.09   999.99    6.432
    469.39   999.99    6.441
    469.70   999.99    6.452
    470.00   999.99    6.448
    470.31   999.99    6.456
    470.61   999.99    6.463
    470.92   999.99    6.471
    471.22   999.99    6.487
    471.53   999.99    6.498
    471.83   999.99    6.509
    472.14   999.99    6.516
    472.44   999.99    6.519
    472.75   999.99    6.534
    473.05   999.99    6.545
    473.36   999.99    6.555
    473.66   999.99    6.562
    473.96   999.99    6.575
    474.27   999.99    6.590
    474.57   999.99    6.605
    474.88   999.99    6.616
    475.18   999.99    6.646
    475.49   999.99    6.662
    475.79   999.99    6.671
    476.10   999.99    6.670
    476.40   999.99    6.685
    476.71   999.99    6.693
    477.01   999.99    6.704
    477.32   999.99    6.722
    477.62   999.99    6.733
    477.93   999.99    6.741
    478.23   999.99    6.752
    478.54   999.99    6.764
    478.84   999.99    6.778
    479.15   999.99    6.799
    479.45   999.99    6.808
    479.76   999.99    6.821
    480.06   999.99    6.824
    480.37   999.99    6.838
    480.67   999.99    6.839
    480.98   999.99    6.850
    481.28   999.99    6.864
    481.58   999.99    6.887
    481.89   999.99    6.899
    482.19   999.99    6.906
    482.50   999.99    6.918
    482.80   999.99    6.929
    483.11   999.99    6.929
    483.41   999.99    6.934
    483.72   999.99    6.935
    484.02   999.99    6.952
    484.33   999.99    6.973
    484.63   999.99    6.999
    484.94   999.99    7.005
    485.24   999.99    7.009
    485.55   999.99    7.011
    485.85   999.99    7.022
    486.16   999.99    7.031
    486.46   999.99    7.046
    486.77   999.99    7.052
    487.07   999.99    7.073
    487.38   999.99    7.082
    487.68   999.99    7.090
    487.99   999.99    7.097
    488.29   999.99    7.112
    488.60   999.99    7.118
    488.90   999.99    7.135
    489.20   999.99    7.142
    489.51   999.99    7.149
    489.81   999.99    7.160
    490.12   999.99    7.165
    490.42   999.99    7.185
    490.73   999.99    7.186
    491.03   999.99    7.190
    491.34   999.99    7.196
    491.64   999.99    7.211
    491.95   999.99    7.226
    492.25   999.99    7.234
    492.56   999.99    7.243
    492.86   999.99    7.245
    493.17   999.99    7.263
    493.47   999.99    7.283
    493.78   999.99    7.285
    494.08   999.99    7.300
    494.39   999.99    7.317
    494.69   999.99    7.330
    495.00   999.99    7.337
    495.30   999.99    7.342
    495.61   999.99    7.345
    495.91   999.99    7.355
    496.22   999.99    7.366
    496.52   999.99    7.375
    496.83   999.99    7.392
    497.13   999.99    7.406
    497.43   999.99    7.426
    497.74   999.99    7.444
    498.04   999.99    7.451
    498.35   999.99    7.463
    498.65   999.99    7.469
    498.96   999.99    7.478
    499.26   999.99    7.488
    499.57   999.99    7.502
    499.87   999.99    7.518
    500.18   999.99    7.516
    500.48   999.99    7.522
    500.79   999.99    7.531
    501.09   999.99    7.544
    501.40   999.99    7.572
    501.70   999.99    7.574
    502.01   999.99    7.583
    502.31   999.99    7.602
    502.62   999.99    7.609
    502.92   999.99    7.624
    503.23   999.99    7.630
    503.53   999.99    7.636
    503.84   999.99    7.639
    504.14   999.99    7.655
    504.45   999.99    7.668
    504.75   999.99    7.683
    505.05   999.99    7.696
    505.36   999.99    7.706
    505.66   999.99    7.712
    505.97   999.99    7.717
    506.27   999.99    7.725
    506.58   999.99    7.726
    506.88   999.99    7.754
    507.19   999.99    7.769
    507.49   999.99    7.770
    507.80   999.99    7.781
    508.10   999.99    7.796
    508.41   999.99    7.806
    508.71   999.99    7.821
    509.02   999.99    7.827
    509.32   999.99    7.829
    509.63   999.99    7.845
    509.93   999.99    7.845
    510.24   999.99    7.847
    510.54   999.99    7.862
    510.85   999.99    7.874
    511.15   999.99    7.881
    511.46   999.99    7.893
    511.76   999.99    7.909
    512.07   999.99    7.922
    512.37   999.99    7.924
    512.67   999.99    7.937
    512.98   999.99    7.950
    513.28   999.99    7.948
    513.59   999.99    7.960
    513.89   999.99    7.975
    514.20   999.99    7.986
    514.50   999.99    7.998
    514.81   999.99    8.003
    515.11   999.99    8.025
    515.42   999.99    8.026
    515.72   999.99    8.043
    516.03   999.99    8.045
    516.33   999.99    8.050
    516.64   999.99    8.068
    516.94   999.99    8.071
    517.25   999.99    8.074
    517.55   999.99    8.084
    517.86   999.99    8.088
    518.16   999.99    8.091
    518.47   999.99    8.099
    518.77   999.99    8.110
    519.08   999.99    8.113
    519.38   999.99    8.123
    519.69   999.99    8.134
    519.99   999.99    8.145
    520.29   999.99    8.155
    520.60   999.99    8.155
    520.90   999.99    8.167
    521.21   999.99    8.172
    521.51   999.99    8.184
    521.82   999.99    8.197
    522.12   999.99    8.211
    522.43   999.99    8.215
    522.73   999.99    8.228
    523.04   999.99    8.240
    523.34   999.99    8.251
    523.65   999.99    8.252
    523.95   999.99    8.261
    524.26   999.99    8.268
    524.56   999.99    8.278
    524.87   999.99    8.288
    525.17   999.99    8.298
    525.48   999.99    8.311
    525.78   999.99    8.321
    526.09   999.99    8.321
    526.39   999.99    8.332
    526.70   999.99    8.338
    527.00   999.99    8.341
    527.31   999.99    8.350
    527.61   999.99    8.357
    527.91   999.99    8.364
    528.22   999.99    8.367
    528.52   999.99    8.372
    528.83   999.99    8.388
    529.13   999.99    8.396
    529.44   999.99    8.409
    529.74   999.99    8.407
    530.05   999.99    8.420
    530.35   999.99    8.422
    530.66   999.99    8.424
    530.96   999.99    8.443
    531.27   999.99    8.453
    531.57   999.99    8.456
    531.88   999.99    8.458
    532.18   999.99    8.464
    532.49   999.99    8.469
    532.79   999.99    8.474
    533.10   999.99    8.498
    533.40   999.99    8.480
    533.71   999.99    8.490
    534.01   999.99    8.495
    534.32   999.99    8.492
    534.62   999.99    8.503
    534.92   999.99    8.503
    535.23   999.99    8.515
    535.53   999.99    8.504
    535.84   999.99    8.503
    536.14   999.99    8.504
    536.45   999.99    8.546
    536.75   999.99    8.580
    537.06   999.99    8.606
    537.36   999.99    8.627
    537.67   999.99    8.640
    537.97   999.99    8.643
    538.28   999.99    8.650
    538.58   999.99    8.656
    538.89   999.99    8.668
    539.19   999.99    8.680
    539.50   999.99    8.685
    539.80   999.99    8.686
    540.11   999.99    8.677
    540.41   999.99    8.681
    540.72   999.99    8.691
