 << U.S. Geological Survey Borehole Temperature Log - Alaska >>
  
 Site:             KUY 
 Log Date:         84AUG02 
 Type of Log:      continuous  
 Type of Sensor:   thermistor network (custom)
 Measuring Device: digital multimeter
 Deconvolved:      no 
  
  Z   = measured depth (m)
  TVD = true vertical depth (m)
  T   = temperature (C)
  
        Z      TVD       T
      6.40   999.99  -10.828
      6.71   999.99  -10.832
      7.01   999.99  -10.839
      7.32   999.99  -10.838
      7.62   999.99  -10.833
      7.92   999.99  -10.820
      8.23   999.99  -10.813
      8.53   999.99  -10.800
      8.84   999.99  -10.790
      9.14   999.99  -10.776
      9.45   999.99  -10.761
      9.75   999.99  -10.660
     10.06   999.99  -10.297
     10.36   999.99   -9.733
     10.67   999.99   -9.547
     10.97   999.99   -9.421
     11.28   999.99   -9.332
     11.58   999.99   -9.256
     11.89   999.99   -9.209
     12.19   999.99   -9.163
     12.50   999.99   -9.122
     12.80   999.99   -9.086
     13.11   999.99   -9.057
     13.41   999.99   -9.035
     13.72   999.99   -9.016
     14.02   999.99   -9.005
     14.33   999.99   -8.987
     14.63   999.99   -8.969
     14.94   999.99   -8.952
     15.24   999.99   -8.939
     15.54   999.99   -8.923
     15.85   999.99   -8.908
     16.15   999.99   -8.896
     16.46   999.99   -8.884
     16.76   999.99   -8.876
     17.07   999.99   -8.866
     17.37   999.99   -8.855
     17.68   999.99   -8.841
     17.98   999.99   -8.831
     18.29   999.99   -8.822
     18.59   999.99   -8.813
     18.90   999.99   -8.803
     19.20   999.99   -8.794
     19.51   999.99   -8.787
     19.81   999.99   -8.780
     20.12   999.99   -8.775
     20.42   999.99   -8.769
     20.73   999.99   -8.760
     21.03   999.99   -8.754
     21.34   999.99   -8.749
     21.64   999.99   -8.741
     21.95   999.99   -8.735
     22.25   999.99   -8.729
     22.56   999.99   -8.725
     22.86   999.99   -8.721
     23.16   999.99   -8.715
     23.47   999.99   -8.711
     23.77   999.99   -8.706
     24.08   999.99   -8.702
     24.38   999.99   -8.699
     24.69   999.99   -8.696
     24.99   999.99   -8.692
     25.30   999.99   -8.689
     25.60   999.99   -8.685
     25.91   999.99   -8.681
     26.21   999.99   -8.677
     26.52   999.99   -8.673
     26.82   999.99   -8.669
     27.13   999.99   -8.665
     27.43   999.99   -8.659
     27.74   999.99   -8.655
     28.04   999.99   -8.652
     28.35   999.99   -8.648
     28.65   999.99   -8.648
     28.96   999.99   -8.645
     29.26   999.99   -8.640
     29.57   999.99   -8.637
     29.87   999.99   -8.634
     30.18   999.99   -8.629
     30.48   999.99   -8.624
     30.78   999.99   -8.605
     31.09   999.99   -8.604
     31.39   999.99   -8.604
     31.70   999.99   -8.603
     32.00   999.99   -8.603
     32.31   999.99   -8.602
     32.61   999.99   -8.600
     32.92   999.99   -8.597
     33.22   999.99   -8.594
     33.53   999.99   -8.591
     33.83   999.99   -8.589
     34.14   999.99   -8.585
     34.44   999.99   -8.584
     34.75   999.99   -8.580
     35.05   999.99   -8.576
     35.36   999.99   -8.573
     35.66   999.99   -8.572
     35.97   999.99   -8.569
     36.27   999.99   -8.565
     36.58   999.99   -8.561
     36.88   999.99   -8.555
     37.19   999.99   -8.551
     37.49   999.99   -8.548
     37.80   999.99   -8.545
     38.10   999.99   -8.542
     38.40   999.99   -8.538
     38.71   999.99   -8.534
     39.01   999.99   -8.531
     39.32   999.99   -8.528
     39.62   999.99   -8.524
     39.93   999.99   -8.521
     40.23   999.99   -8.517
     40.54   999.99   -8.515
     40.84   999.99   -8.511
     41.15   999.99   -8.507
     41.45   999.99   -8.502
     41.76   999.99   -8.498
     42.06   999.99   -8.495
     42.37   999.99   -8.493
     42.67   999.99   -8.488
     42.98   999.99   -8.485
     43.28   999.99   -8.480
     43.59   999.99   -8.477
     43.89   999.99   -8.475
     44.20   999.99   -8.471
     44.50   999.99   -8.466
     44.81   999.99   -8.462
     45.11   999.99   -8.457
     45.42   999.99   -8.452
     45.72   999.99   -8.449
     46.02   999.99   -8.445
     46.33   999.99   -8.442
     46.63   999.99   -8.439
     46.94   999.99   -8.437
     47.24   999.99   -8.432
     47.55   999.99   -8.427
     47.85   999.99   -8.420
     48.16   999.99   -8.417
     48.46   999.99   -8.415
     48.77   999.99   -8.409
     49.07   999.99   -8.408
     49.38   999.99   -8.404
     49.68   999.99   -8.400
     49.99   999.99   -8.398
     50.29   999.99   -8.396
     50.60   999.99   -8.392
     50.90   999.99   -8.390
     51.21   999.99   -8.385
     51.51   999.99   -8.381
     51.82   999.99   -8.378
     52.12   999.99   -8.372
     52.43   999.99   -8.369
     52.73   999.99   -8.366
     53.04   999.99   -8.363
     53.34   999.99   -8.361
     53.64   999.99   -8.356
     53.95   999.99   -8.352
     54.25   999.99   -8.349
     54.56   999.99   -8.346
     54.86   999.99   -8.343
     55.17   999.99   -8.339
     55.47   999.99   -8.335
     55.78   999.99   -8.333
     56.08   999.99   -8.330
     56.39   999.99   -8.326
     56.69   999.99   -8.322
     57.00   999.99   -8.317
     57.30   999.99   -8.313
     57.61   999.99   -8.310
     57.91   999.99   -8.303
     58.22   999.99   -8.299
     58.52   999.99   -8.295
     58.83   999.99   -8.289
     59.13   999.99   -8.287
     59.44   999.99   -8.283
     59.74   999.99   -8.279
     60.05   999.99   -8.274
     60.35   999.99   -8.268
     60.66   999.99   -8.266
     60.96   999.99   -8.263
     61.26   999.99   -8.256
     61.57   999.99   -8.255
     61.87   999.99   -8.251
     62.18   999.99   -8.246
     62.48   999.99   -8.242
     62.79   999.99   -8.238
     63.09   999.99   -8.237
     63.40   999.99   -8.233
     63.70   999.99   -8.225
     64.01   999.99   -8.221
     64.31   999.99   -8.218
     64.62   999.99   -8.214
     64.92   999.99   -8.209
     65.23   999.99   -8.206
     65.53   999.99   -8.202
     65.84   999.99   -8.198
     66.14   999.99   -8.192
     66.45   999.99   -8.186
     66.75   999.99   -8.183
     67.06   999.99   -8.178
     67.36   999.99   -8.173
     67.67   999.99   -8.170
     67.97   999.99   -8.165
     68.28   999.99   -8.161
     68.58   999.99   -8.157
     68.88   999.99   -8.151
     69.19   999.99   -8.148
     69.49   999.99   -8.146
     69.80   999.99   -8.142
     70.10   999.99   -8.134
     70.41   999.99   -8.129
     70.71   999.99   -8.124
     71.02   999.99   -8.120
     71.32   999.99   -8.114
     71.63   999.99   -8.109
     71.93   999.99   -8.105
     72.24   999.99   -8.099
     72.54   999.99   -8.094
     72.85   999.99   -8.088
     73.15   999.99   -8.083
     73.46   999.99   -8.080
     73.76   999.99   -8.076
     74.07   999.99   -8.073
     74.37   999.99   -8.070
     74.68   999.99   -8.065
     74.98   999.99   -8.062
     75.29   999.99   -8.057
     75.59   999.99   -8.052
     75.90   999.99   -8.046
     76.20   999.99   -8.041
     76.50   999.99   -8.036
     76.81   999.99   -8.033
     77.11   999.99   -8.028
     77.42   999.99   -8.023
     77.72   999.99   -8.017
     78.03   999.99   -8.010
     78.33   999.99   -8.006
     78.64   999.99   -8.002
     78.94   999.99   -7.994
     79.25   999.99   -7.987
     79.55   999.99   -7.980
     79.86   999.99   -7.975
     80.16   999.99   -7.971
     80.47   999.99   -7.965
     80.77   999.99   -7.960
     81.08   999.99   -7.954
     81.38   999.99   -7.950
     81.69   999.99   -7.937
     81.99   999.99   -7.928
     82.30   999.99   -7.923
     82.60   999.99   -7.920
     82.91   999.99   -7.917
     83.21   999.99   -7.914
     83.52   999.99   -7.907
     83.82   999.99   -7.898
     84.12   999.99   -7.890
     84.43   999.99   -7.886
     84.73   999.99   -7.883
     85.04   999.99   -7.880
     85.34   999.99   -7.876
     85.65   999.99   -7.873
     85.95   999.99   -7.865
     86.26   999.99   -7.852
     86.56   999.99   -7.845
     86.87   999.99   -7.841
     87.17   999.99   -7.834
     87.48   999.99   -7.823
     87.78   999.99   -7.813
     88.09   999.99   -7.806
     88.39   999.99   -7.799
     88.70   999.99   -7.783
     89.00   999.99   -7.774
     89.31   999.99   -7.762
     89.61   999.99   -7.753
     89.92   999.99   -7.747
     90.22   999.99   -7.738
     90.53   999.99   -7.726
     90.83   999.99   -7.707
     91.14   999.99   -7.689
     91.44   999.99   -7.683
     91.74   999.99   -7.640
     92.05   999.99   -7.636
     92.35   999.99   -7.630
     92.66   999.99   -7.619
     92.96   999.99   -7.610
     93.27   999.99   -7.601
     93.57   999.99   -7.595
     93.88   999.99   -7.587
     94.18   999.99   -7.575
     94.49   999.99   -7.564
     94.79   999.99   -7.557
     95.10   999.99   -7.548
     95.40   999.99   -7.537
     95.71   999.99   -7.524
     96.01   999.99   -7.513
     96.32   999.99   -7.504
     96.62   999.99   -7.497
     96.93   999.99   -7.488
     97.23   999.99   -7.481
     97.54   999.99   -7.475
     97.84   999.99   -7.468
     98.15   999.99   -7.461
     98.45   999.99   -7.451
     98.76   999.99   -7.443
     99.06   999.99   -7.438
     99.36   999.99   -7.432
     99.67   999.99   -7.425
     99.97   999.99   -7.418
    100.28   999.99   -7.405
    100.58   999.99   -7.399
    100.89   999.99   -7.391
    101.19   999.99   -7.385
    101.50   999.99   -7.378
    101.80   999.99   -7.371
    102.11   999.99   -7.366
    102.41   999.99   -7.359
    102.72   999.99   -7.350
    103.02   999.99   -7.343
    103.33   999.99   -7.336
    103.63   999.99   -7.329
    103.94   999.99   -7.323
    104.24   999.99   -7.315
    104.55   999.99   -7.311
    104.85   999.99   -7.303
    105.16   999.99   -7.294
    105.46   999.99   -7.289
    105.77   999.99   -7.281
    106.07   999.99   -7.273
    106.38   999.99   -7.266
    106.68   999.99   -7.260
    106.99   999.99   -7.256
    107.29   999.99   -7.250
    107.59   999.99   -7.242
    107.90   999.99   -7.238
    108.20   999.99   -7.233
    108.51   999.99   -7.228
    108.81   999.99   -7.222
    109.12   999.99   -7.216
    109.42   999.99   -7.209
    109.73   999.99   -7.202
    110.03   999.99   -7.194
    110.34   999.99   -7.187
    110.64   999.99   -7.179
    110.95   999.99   -7.173
    111.25   999.99   -7.165
    111.56   999.99   -7.158
    111.86   999.99   -7.153
    112.17   999.99   -7.143
    112.47   999.99   -7.135
    112.78   999.99   -7.129
    113.08   999.99   -7.124
    113.39   999.99   -7.118
    113.69   999.99   -7.113
    114.00   999.99   -7.107
    114.30   999.99   -7.102
    114.61   999.99   -7.096
    114.91   999.99   -7.087
    115.21   999.99   -7.078
    115.52   999.99   -7.068
    115.82   999.99   -7.060
    116.13   999.99   -7.055
    116.43   999.99   -7.046
    116.74   999.99   -7.041
    117.04   999.99   -7.035
    117.35   999.99   -7.027
    117.65   999.99   -7.018
    117.96   999.99   -7.006
    118.26   999.99   -6.999
    118.57   999.99   -6.993
    118.87   999.99   -6.986
    119.18   999.99   -6.980
    119.48   999.99   -6.975
    119.79   999.99   -6.969
    120.09   999.99   -6.963
    120.40   999.99   -6.957
    120.70   999.99   -6.948
    121.01   999.99   -6.942
    121.31   999.99   -6.935
    121.62   999.99   -6.930
    121.92   999.99   -6.922
    122.22   999.99   -6.913
    122.53   999.99   -6.902
    122.83   999.99   -6.896
    123.14   999.99   -6.884
    123.44   999.99   -6.871
    123.75   999.99   -6.864
    124.05   999.99   -6.859
    124.36   999.99   -6.853
    124.66   999.99   -6.846
    124.97   999.99   -6.840
    125.27   999.99   -6.836
    125.58   999.99   -6.828
    125.88   999.99   -6.821
    126.19   999.99   -6.812
    126.49   999.99   -6.804
    126.80   999.99   -6.799
    127.10   999.99   -6.786
    127.41   999.99   -6.778
    127.71   999.99   -6.770
    128.02   999.99   -6.763
    128.32   999.99   -6.758
    128.63   999.99   -6.748
    128.93   999.99   -6.741
    129.24   999.99   -6.731
    129.54   999.99   -6.714
    129.85   999.99   -6.708
    130.15   999.99   -6.703
    130.45   999.99   -6.696
    130.76   999.99   -6.688
    131.06   999.99   -6.679
    131.37   999.99   -6.672
    131.67   999.99   -6.666
    131.98   999.99   -6.656
    132.28   999.99   -6.647
    132.59   999.99   -6.635
    132.89   999.99   -6.624
    133.20   999.99   -6.616
    133.50   999.99   -6.605
    133.81   999.99   -6.594
    134.11   999.99   -6.582
    134.42   999.99   -6.572
    134.72   999.99   -6.564
    135.03   999.99   -6.556
    135.33   999.99   -6.544
    135.64   999.99   -6.532
    135.94   999.99   -6.522
    136.25   999.99   -6.513
    136.55   999.99   -6.501
    136.86   999.99   -6.491
    137.16   999.99   -6.479
    137.47   999.99   -6.466
    137.77   999.99   -6.457
    138.07   999.99   -6.446
    138.38   999.99   -6.439
    138.68   999.99   -6.432
    138.99   999.99   -6.422
    139.29   999.99   -6.411
    139.60   999.99   -6.401
    139.90   999.99   -6.387
    140.21   999.99   -6.374
    140.51   999.99   -6.366
    140.82   999.99   -6.358
    141.12   999.99   -6.349
    141.43   999.99   -6.335
    141.73   999.99   -6.327
    142.04   999.99   -6.316
    142.34   999.99   -6.305
    142.65   999.99   -6.294
    142.95   999.99   -6.283
    143.26   999.99   -6.271
    143.56   999.99   -6.262
    143.87   999.99   -6.249
    144.17   999.99   -6.241
    144.48   999.99   -6.233
    144.78   999.99   -6.224
    145.09   999.99   -6.214
    145.39   999.99   -6.204
    145.69   999.99   -6.192
    146.00   999.99   -6.183
    146.30   999.99   -6.171
    146.61   999.99   -6.164
    146.91   999.99   -6.155
    147.22   999.99   -6.145
    147.52   999.99   -6.135
    147.83   999.99   -6.125
    148.13   999.99   -6.116
    148.44   999.99   -6.108
    148.74   999.99   -6.101
    149.05   999.99   -6.093
    149.35   999.99   -6.085
    149.66   999.99   -6.078
    149.96   999.99   -6.070
    150.27   999.99   -6.060
    150.57   999.99   -6.048
    150.88   999.99   -6.038
    151.18   999.99   -6.031
    151.49   999.99   -6.026
    151.79   999.99   -6.018
    152.10   999.99   -6.012
    152.40   999.99   -6.004
    152.71   999.99   -5.974
    153.01   999.99   -5.974
    153.31   999.99   -5.973
    153.62   999.99   -5.969
    153.92   999.99   -5.964
    154.23   999.99   -5.957
    154.53   999.99   -5.952
    154.84   999.99   -5.947
    155.14   999.99   -5.940
    155.45   999.99   -5.933
    155.75   999.99   -5.926
    156.06   999.99   -5.920
    156.36   999.99   -5.915
    156.67   999.99   -5.908
    156.97   999.99   -5.899
    157.28   999.99   -5.891
    157.58   999.99   -5.884
    157.89   999.99   -5.877
    158.19   999.99   -5.870
    158.50   999.99   -5.863
    158.80   999.99   -5.856
    159.11   999.99   -5.849
    159.41   999.99   -5.843
    159.72   999.99   -5.829
    160.02   999.99   -5.819
    160.33   999.99   -5.807
    160.63   999.99   -5.796
    160.93   999.99   -5.789
    161.24   999.99   -5.781
    161.54   999.99   -5.774
    161.85   999.99   -5.763
    162.15   999.99   -5.753
    162.46   999.99   -5.742
    162.76   999.99   -5.731
    163.07   999.99   -5.721
    163.37   999.99   -5.706
    163.68   999.99   -5.694
    163.98   999.99   -5.684
    164.29   999.99   -5.675
    164.59   999.99   -5.668
    164.90   999.99   -5.658
    165.20   999.99   -5.649
    165.51   999.99   -5.639
    165.81   999.99   -5.630
    166.12   999.99   -5.621
    166.42   999.99   -5.610
    166.73   999.99   -5.599
    167.03   999.99   -5.587
    167.34   999.99   -5.577
    167.64   999.99   -5.566
    167.95   999.99   -5.554
    168.25   999.99   -5.542
    168.55   999.99   -5.531
    168.86   999.99   -5.518
    169.16   999.99   -5.504
    169.47   999.99   -5.495
    169.77   999.99   -5.482
    170.08   999.99   -5.471
    170.38   999.99   -5.460
    170.69   999.99   -5.445
    170.99   999.99   -5.433
    171.30   999.99   -5.422
    171.60   999.99   -5.411
    171.91   999.99   -5.400
    172.21   999.99   -5.389
    172.52   999.99   -5.380
    172.82   999.99   -5.372
    173.13   999.99   -5.364
    173.43   999.99   -5.351
    173.74   999.99   -5.335
    174.04   999.99   -5.325
    174.35   999.99   -5.316
    174.65   999.99   -5.307
    174.96   999.99   -5.300
    175.26   999.99   -5.290
    175.57   999.99   -5.281
    175.87   999.99   -5.271
    176.17   999.99   -5.260
    176.48   999.99   -5.250
    176.78   999.99   -5.238
    177.09   999.99   -5.229
    177.39   999.99   -5.220
    177.70   999.99   -5.209
    178.00   999.99   -5.200
    178.31   999.99   -5.190
    178.61   999.99   -5.180
    178.92   999.99   -5.172
    179.22   999.99   -5.163
    179.53   999.99   -5.154
    179.83   999.99   -5.148
    180.14   999.99   -5.141
    180.44   999.99   -5.129
    180.75   999.99   -5.118
    181.05   999.99   -5.113
    181.36   999.99   -5.106
    181.66   999.99   -5.097
    181.97   999.99   -5.090
    182.27   999.99   -5.084
    182.58   999.99   -5.079
    182.88   999.99   -5.073
    183.19   999.99   -5.040
    183.49   999.99   -5.038
    183.79   999.99   -5.036
    184.10   999.99   -5.033
    184.40   999.99   -5.029
    184.71   999.99   -5.023
    185.01   999.99   -5.019
    185.32   999.99   -5.008
    185.62   999.99   -4.999
    185.93   999.99   -4.993
    186.23   999.99   -4.984
    186.54   999.99   -4.980
    186.84   999.99   -4.975
    187.15   999.99   -4.971
    187.45   999.99   -4.965
    187.76   999.99   -4.955
    188.06   999.99   -4.946
    188.37   999.99   -4.941
    188.67   999.99   -4.937
    188.98   999.99   -4.934
    189.28   999.99   -4.926
    189.59   999.99   -4.920
    189.89   999.99   -4.914
    190.20   999.99   -4.908
    190.50   999.99   -4.903
    190.81   999.99   -4.896
    191.11   999.99   -4.889
    191.41   999.99   -4.881
    191.72   999.99   -4.872
    192.02   999.99   -4.865
    192.33   999.99   -4.855
    192.63   999.99   -4.846
    192.94   999.99   -4.838
    193.24   999.99   -4.829
    193.55   999.99   -4.820
    193.85   999.99   -4.812
    194.16   999.99   -4.804
    194.46   999.99   -4.796
    194.77   999.99   -4.788
    195.07   999.99   -4.778
    195.38   999.99   -4.770
    195.68   999.99   -4.760
    195.99   999.99   -4.751
    196.29   999.99   -4.741
    196.60   999.99   -4.733
    196.90   999.99   -4.724
    197.21   999.99   -4.708
    197.51   999.99   -4.700
    197.82   999.99   -4.690
    198.12   999.99   -4.682
    198.43   999.99   -4.676
    198.73   999.99   -4.664
    199.03   999.99   -4.654
    199.34   999.99   -4.646
    199.64   999.99   -4.636
    199.95   999.99   -4.627
    200.25   999.99   -4.615
    200.56   999.99   -4.599
    200.86   999.99   -4.583
    201.17   999.99   -4.574
    201.47   999.99   -4.563
    201.78   999.99   -4.556
    202.08   999.99   -4.551
    202.39   999.99   -4.538
    202.69   999.99   -4.528
    203.00   999.99   -4.521
    203.30   999.99   -4.510
    203.61   999.99   -4.499
    203.91   999.99   -4.488
    204.22   999.99   -4.481
    204.52   999.99   -4.472
    204.83   999.99   -4.464
    205.13   999.99   -4.459
    205.44   999.99   -4.450
    205.74   999.99   -4.438
    206.05   999.99   -4.423
    206.35   999.99   -4.405
    206.65   999.99   -4.394
    206.96   999.99   -4.386
    207.26   999.99   -4.374
    207.57   999.99   -4.365
    207.87   999.99   -4.357
    208.18   999.99   -4.348
    208.48   999.99   -4.341
    208.79   999.99   -4.330
    209.09   999.99   -4.320
    209.40   999.99   -4.311
    209.70   999.99   -4.303
    210.01   999.99   -4.293
    210.31   999.99   -4.285
    210.62   999.99   -4.277
    210.92   999.99   -4.269
    211.23   999.99   -4.261
    211.53   999.99   -4.252
    211.84   999.99   -4.242
    212.14   999.99   -4.233
    212.45   999.99   -4.220
    212.75   999.99   -4.209
    213.06   999.99   -4.197
    213.36   999.99   -4.188
    213.67   999.99   -4.151
    213.97   999.99   -4.150
    214.27   999.99   -4.148
    214.58   999.99   -4.141
    214.88   999.99   -4.135
    215.19   999.99   -4.127
    215.49   999.99   -4.120
    215.80   999.99   -4.112
    216.10   999.99   -4.104
    216.41   999.99   -4.098
    216.71   999.99   -4.091
    217.02   999.99   -4.082
    217.32   999.99   -4.073
    217.63   999.99   -4.063
    217.93   999.99   -4.052
    218.24   999.99   -4.036
    218.54   999.99   -4.020
    218.85   999.99   -4.009
    219.15   999.99   -3.998
    219.46   999.99   -3.991
    219.76   999.99   -3.983
    220.07   999.99   -3.972
    220.37   999.99   -3.966
    220.68   999.99   -3.958
    220.98   999.99   -3.944
    221.29   999.99   -3.938
    221.59   999.99   -3.926
    221.89   999.99   -3.911
    222.20   999.99   -3.897
    222.50   999.99   -3.887
    222.81   999.99   -3.878
    223.11   999.99   -3.869
    223.42   999.99   -3.857
    223.72   999.99   -3.844
    224.03   999.99   -3.834
    224.33   999.99   -3.826
    224.64   999.99   -3.815
    224.94   999.99   -3.802
    225.25   999.99   -3.792
    225.55   999.99   -3.784
    225.86   999.99   -3.778
    226.16   999.99   -3.768
    226.47   999.99   -3.758
    226.77   999.99   -3.745
    227.08   999.99   -3.737
    227.38   999.99   -3.729
    227.69   999.99   -3.720
    227.99   999.99   -3.710
    228.30   999.99   -3.699
    228.60   999.99   -3.688
    228.91   999.99   -3.678
    229.21   999.99   -3.667
    229.51   999.99   -3.654
    229.82   999.99   -3.640
    230.12   999.99   -3.628
    230.43   999.99   -3.612
    230.73   999.99   -3.602
    231.04   999.99   -3.589
    231.34   999.99   -3.577
    231.65   999.99   -3.568
    231.95   999.99   -3.557
    232.26   999.99   -3.545
    232.56   999.99   -3.535
    232.87   999.99   -3.524
    233.17   999.99   -3.514
    233.48   999.99   -3.506
    233.78   999.99   -3.498
    234.09   999.99   -3.490
    234.39   999.99   -3.480
    234.70   999.99   -3.470
    235.00   999.99   -3.459
    235.31   999.99   -3.448
    235.61   999.99   -3.439
    235.92   999.99   -3.431
    236.22   999.99   -3.420
    236.53   999.99   -3.411
    236.83   999.99   -3.404
    237.13   999.99   -3.396
    237.44   999.99   -3.384
    237.74   999.99   -3.372
    238.05   999.99   -3.359
    238.35   999.99   -3.350
    238.66   999.99   -3.337
    238.96   999.99   -3.322
    239.27   999.99   -3.307
    239.57   999.99   -3.294
    239.88   999.99   -3.279
    240.18   999.99   -3.265
    240.49   999.99   -3.252
    240.79   999.99   -3.240
    241.10   999.99   -3.225
    241.40   999.99   -3.213
    241.71   999.99   -3.198
    242.01   999.99   -3.184
    242.32   999.99   -3.169
    242.62   999.99   -3.151
    242.93   999.99   -3.139
    243.23   999.99   -3.126
    243.54   999.99   -3.114
    243.84   999.99   -3.100
    244.15   999.99   -3.040
    244.45   999.99   -3.036
    244.75   999.99   -3.032
    245.06   999.99   -3.028
    245.36   999.99   -3.024
    245.67   999.99   -3.019
    245.97   999.99   -3.013
    246.28   999.99   -3.008
    246.58   999.99   -3.001
    246.89   999.99   -2.996
    247.19   999.99   -2.989
    247.50   999.99   -2.985
    247.80   999.99   -2.980
    248.11   999.99   -2.973
    248.41   999.99   -2.965
    248.72   999.99   -2.960
    249.02   999.99   -2.957
    249.33   999.99   -2.950
    249.63   999.99   -2.941
    249.94   999.99   -2.932
    250.24   999.99   -2.923
    250.55   999.99   -2.915
    250.85   999.99   -2.904
    251.16   999.99   -2.896
    251.46   999.99   -2.885
    251.77   999.99   -2.876
    252.07   999.99   -2.865
    252.37   999.99   -2.854
    252.68   999.99   -2.844
    252.98   999.99   -2.833
    253.29   999.99   -2.824
    253.59   999.99   -2.812
    253.90   999.99   -2.804
    254.20   999.99   -2.796
    254.51   999.99   -2.781
    254.81   999.99   -2.768
    255.12   999.99   -2.752
    255.42   999.99   -2.740
    255.73   999.99   -2.727
    256.03   999.99   -2.713
    256.34   999.99   -2.699
    256.64   999.99   -2.682
    256.95   999.99   -2.667
    257.25   999.99   -2.653
    257.56   999.99   -2.640
    257.86   999.99   -2.627
    258.17   999.99   -2.614
    258.47   999.99   -2.601
    258.78   999.99   -2.586
    259.08   999.99   -2.575
    259.39   999.99   -2.566
    259.69   999.99   -2.560
    259.99   999.99   -2.548
    260.30   999.99   -2.532
    260.60   999.99   -2.520
    260.91   999.99   -2.506
    261.21   999.99   -2.492
    261.52   999.99   -2.478
    261.82   999.99   -2.465
    262.13   999.99   -2.454
    262.43   999.99   -2.439
    262.74   999.99   -2.427
    263.04   999.99   -2.416
    263.35   999.99   -2.401
    263.65   999.99   -2.388
    263.96   999.99   -2.375
    264.26   999.99   -2.363
    264.57   999.99   -2.347
    264.87   999.99   -2.335
    265.18   999.99   -2.326
    265.48   999.99   -2.318
    265.79   999.99   -2.309
    266.09   999.99   -2.293
    266.40   999.99   -2.280
    266.70   999.99   -2.269
    267.01   999.99   -2.256
    267.31   999.99   -2.243
    267.61   999.99   -2.228
    267.92   999.99   -2.215
    268.22   999.99   -2.200
    268.53   999.99   -2.189
    268.83   999.99   -2.179
    269.14   999.99   -2.166
    269.44   999.99   -2.155
    269.75   999.99   -2.144
    270.05   999.99   -2.133
    270.36   999.99   -2.120
    270.66   999.99   -2.108
    270.97   999.99   -2.097
    271.27   999.99   -2.085
    271.58   999.99   -2.075
    271.88   999.99   -2.063
    272.19   999.99   -2.053
    272.49   999.99   -2.043
    272.80   999.99   -2.032
    273.10   999.99   -2.023
    273.41   999.99   -2.010
    273.71   999.99   -1.999
    274.02   999.99   -1.985
    274.32   999.99   -1.974
    274.63   999.99   -1.902
    274.93   999.99   -1.899
    275.23   999.99   -1.893
    275.54   999.99   -1.883
    275.84   999.99   -1.878
    276.15   999.99   -1.870
    276.45   999.99   -1.863
    276.76   999.99   -1.859
    277.06   999.99   -1.852
    277.37   999.99   -1.843
    277.67   999.99   -1.835
    277.98   999.99   -1.828
    278.28   999.99   -1.819
    278.59   999.99   -1.808
    278.89   999.99   -1.801
    279.20   999.99   -1.789
    279.50   999.99   -1.782
    279.81   999.99   -1.773
    280.11   999.99   -1.764
    280.42   999.99   -1.752
    280.72   999.99   -1.741
    281.03   999.99   -1.729
    281.33   999.99   -1.716
    281.64   999.99   -1.702
    281.94   999.99   -1.693
    282.25   999.99   -1.680
    282.55   999.99   -1.669
    282.86   999.99   -1.659
    283.16   999.99   -1.645
    283.46   999.99   -1.634
    283.77   999.99   -1.619
    284.07   999.99   -1.607
    284.38   999.99   -1.593
    284.68   999.99   -1.581
    284.99   999.99   -1.569
    285.29   999.99   -1.553
    285.60   999.99   -1.541
    285.90   999.99   -1.529
    286.21   999.99   -1.517
    286.51   999.99   -1.507
    286.82   999.99   -1.496
    287.12   999.99   -1.486
    287.43   999.99   -1.472
    287.73   999.99   -1.460
    288.04   999.99   -1.451
    288.34   999.99   -1.436
    288.65   999.99   -1.423
    288.95   999.99   -1.410
    289.26   999.99   -1.398
    289.56   999.99   -1.386
    289.87   999.99   -1.374
    290.17   999.99   -1.361
    290.48   999.99   -1.346
    290.78   999.99   -1.332
    291.08   999.99   -1.320
    291.39   999.99   -1.308
    291.69   999.99   -1.296
    292.00   999.99   -1.286
    292.30   999.99   -1.274
    292.61   999.99   -1.263
    292.91   999.99   -1.253
    293.22   999.99   -1.241
    293.52   999.99   -1.229
    293.83   999.99   -1.214
    294.13   999.99   -1.204
    294.44   999.99   -1.190
    294.74   999.99   -1.180
    295.05   999.99   -1.168
    295.35   999.99   -1.155
    295.66   999.99   -1.142
    295.96   999.99   -1.129
    296.27   999.99   -1.116
    296.57   999.99   -1.102
    296.88   999.99   -1.093
    297.18   999.99   -1.082
    297.49   999.99   -1.068
    297.79   999.99   -1.050
    298.10   999.99   -1.038
    298.40   999.99   -1.026
    298.70   999.99   -1.012
    299.01   999.99    -.999
    299.31   999.99    -.987
    299.62   999.99    -.973
    299.92   999.99    -.959
    300.23   999.99    -.947
    300.53   999.99    -.934
    300.84   999.99    -.920
    301.14   999.99    -.905
    301.45   999.99    -.890
    301.75   999.99    -.877
    302.06   999.99    -.863
    302.36   999.99    -.849
    302.67   999.99    -.832
    302.97   999.99    -.819
    303.28   999.99    -.803
    303.58   999.99    -.786
    303.89   999.99    -.768
    304.19   999.99    -.754
    304.50   999.99    -.741
    304.80   999.99    -.727
    305.11   999.99    -.616
    305.41   999.99    -.606
    305.71   999.99    -.598
    306.02   999.99    -.587
    306.32   999.99    -.580
    306.63   999.99    -.572
    306.93   999.99    -.561
    307.24   999.99    -.548
    307.54   999.99    -.535
    307.85   999.99    -.523
    308.15   999.99    -.512
    308.46   999.99    -.501
    308.76   999.99    -.489
    309.07   999.99    -.476
    309.37   999.99    -.463
    309.68   999.99    -.451
    309.98   999.99    -.444
    310.29   999.99    -.434
    310.59   999.99    -.424
    310.90   999.99    -.417
    311.20   999.99    -.409
    311.51   999.99    -.399
    311.81   999.99    -.390
    312.12   999.99    -.378
    312.42   999.99    -.367
    312.73   999.99    -.354
    313.03   999.99    -.341
    313.33   999.99    -.332
    313.64   999.99    -.327
    313.94   999.99    -.314
    314.25   999.99    -.304
    314.55   999.99    -.296
    314.86   999.99    -.288
    315.16   999.99    -.279
    315.47   999.99    -.269
    315.77   999.99    -.259
    316.08   999.99    -.250
    316.38   999.99    -.240
    316.69   999.99    -.232
    316.99   999.99    -.223
    317.30   999.99    -.214
    317.60   999.99    -.204
    317.91   999.99    -.194
    318.21   999.99    -.185
    318.52   999.99    -.176
    318.82   999.99    -.164
    319.13   999.99    -.157
    319.43   999.99    -.146
    319.74   999.99    -.139
    320.04   999.99    -.130
    320.35   999.99    -.118
    320.65   999.99    -.105
    320.95   999.99    -.098
    321.26   999.99    -.091
    321.56   999.99    -.079
    321.87   999.99    -.074
    322.17   999.99    -.066
    322.48   999.99    -.055
    322.78   999.99    -.048
    323.09   999.99    -.036
    323.39   999.99    -.022
    323.70   999.99    -.007
    324.00   999.99     .004
    324.31   999.99     .017
    324.61   999.99     .029
    324.92   999.99     .040
    325.22   999.99     .052
    325.53   999.99     .063
    325.83   999.99     .075
    326.14   999.99     .083
    326.44   999.99     .092
    326.75   999.99     .100
    327.05   999.99     .107
    327.36   999.99     .115
    327.66   999.99     .125
    327.97   999.99     .139
    328.27   999.99     .150
    328.58   999.99     .160
    328.88   999.99     .170
    329.18   999.99     .182
    329.49   999.99     .191
    329.79   999.99     .200
    330.10   999.99     .207
    330.40   999.99     .215
    330.71   999.99     .225
    331.01   999.99     .231
    331.32   999.99     .241
    331.62   999.99     .252
    331.93   999.99     .261
    332.23   999.99     .271
    332.54   999.99     .280
    332.84   999.99     .289
    333.15   999.99     .297
    333.45   999.99     .306
    333.76   999.99     .317
    334.06   999.99     .326
    334.37   999.99     .335
    334.67   999.99     .342
    334.98   999.99     .350
    335.28   999.99     .356
    335.59   999.99     .365
    335.89   999.99     .373
    336.20   999.99     .384
    336.50   999.99     .393
    336.80   999.99     .403
    337.11   999.99     .413
    337.41   999.99     .420
    337.72   999.99     .430
    338.02   999.99     .437
    338.33   999.99     .448
    338.63   999.99     .457
    338.94   999.99     .466
    339.24   999.99     .476
    339.55   999.99     .486
    339.85   999.99     .497
    340.16   999.99     .507
    340.46   999.99     .518
    340.77   999.99     .527
    341.07   999.99     .538
    341.38   999.99     .550
    341.68   999.99     .560
    341.99   999.99     .569
    342.29   999.99     .577
    342.60   999.99     .586
    342.90   999.99     .598
    343.21   999.99     .608
    343.51   999.99     .616
    343.82   999.99     .628
    344.12   999.99     .638
    344.42   999.99     .650
    344.73   999.99     .662
    345.03   999.99     .670
    345.34   999.99     .678
    345.64   999.99     .690
    345.95   999.99     .702
    346.25   999.99     .711
    346.56   999.99     .723
    346.86   999.99     .732
    347.17   999.99     .743
    347.47   999.99     .755
    347.78   999.99     .765
    348.08   999.99     .777
    348.39   999.99     .788
    348.69   999.99     .799
    349.00   999.99     .812
    349.30   999.99     .822
    349.61   999.99     .831
    349.91   999.99     .841
    350.22   999.99     .852
    350.52   999.99     .864
    350.83   999.99     .872
    351.13   999.99     .881
    351.44   999.99     .893
    351.74   999.99     .905
    352.04   999.99     .916
    352.35   999.99     .927
    352.65   999.99     .938
    352.96   999.99     .944
    353.26   999.99     .954
    353.57   999.99     .965
    353.87   999.99     .973
    354.18   999.99     .983
    354.48   999.99     .992
    354.79   999.99    1.004
    355.09   999.99    1.015
    355.40   999.99    1.024
    355.70   999.99    1.030
    356.01   999.99    1.038
    356.31   999.99    1.047
    356.62   999.99    1.054
    356.92   999.99    1.061
    357.23   999.99    1.069
    357.53   999.99    1.077
    357.84   999.99    1.084
    358.14   999.99    1.093
    358.45   999.99    1.101
    358.75   999.99    1.110
    359.06   999.99    1.119
    359.36   999.99    1.128
    359.66   999.99    1.140
    359.97   999.99    1.148
    360.27   999.99    1.156
    360.58   999.99    1.163
    360.88   999.99    1.170
    361.19   999.99    1.175
    361.49   999.99    1.185
    361.80   999.99    1.194
    362.10   999.99    1.204
    362.41   999.99    1.214
    362.71   999.99    1.224
    363.02   999.99    1.232
    363.32   999.99    1.241
    363.63   999.99    1.250
    363.93   999.99    1.257
    364.24   999.99    1.268
    364.54   999.99    1.277
    364.85   999.99    1.283
    365.15   999.99    1.295
    365.46   999.99    1.305
    365.76   999.99    1.316
    366.07   999.99    1.345
    366.37   999.99    1.349
    366.68   999.99    1.353
    366.98   999.99    1.360
    367.28   999.99    1.367
    367.59   999.99    1.375
    367.89   999.99    1.385
    368.20   999.99    1.395
    368.50   999.99    1.402
    368.81   999.99    1.413
    369.11   999.99    1.423
    369.42   999.99    1.432
    369.72   999.99    1.440
    370.03   999.99    1.447
    370.33   999.99    1.456
    370.64   999.99    1.464
    370.94   999.99    1.474
    371.25   999.99    1.482
    371.55   999.99    1.489
    371.86   999.99    1.498
    372.16   999.99    1.508
    372.47   999.99    1.519
    372.77   999.99    1.528
    373.08   999.99    1.539
    373.38   999.99    1.549
    373.69   999.99    1.556
    373.99   999.99    1.566
    374.30   999.99    1.581
    374.60   999.99    1.591
    374.90   999.99    1.600
    375.21   999.99    1.607
    375.51   999.99    1.617
    375.82   999.99    1.629
    376.12   999.99    1.638
    376.43   999.99    1.650
    376.73   999.99    1.659
    377.04   999.99    1.669
    377.34   999.99    1.682
    377.65   999.99    1.691
    377.95   999.99    1.701
    378.26   999.99    1.708
    378.56   999.99    1.719
    378.87   999.99    1.730
    379.17   999.99    1.741
    379.48   999.99    1.752
    379.78   999.99    1.762
    380.09   999.99    1.776
    380.39   999.99    1.788
    380.70   999.99    1.800
    381.00   999.99    1.813
    381.31   999.99    1.831
    381.61   999.99    1.842
    381.92   999.99    1.852
    382.22   999.99    1.861
    382.52   999.99    1.870
    382.83   999.99    1.881
    383.13   999.99    1.891
    383.44   999.99    1.906
    383.74   999.99    1.919
    384.05   999.99    1.931
    384.35   999.99    1.943
    384.66   999.99    1.956
    384.96   999.99    1.969
    385.27   999.99    1.984
    385.57   999.99    1.994
    385.88   999.99    2.005
    386.18   999.99    2.019
    386.49   999.99    2.028
    386.79   999.99    2.042
    387.10   999.99    2.054
    387.40   999.99    2.064
    387.71   999.99    2.073
    388.01   999.99    2.083
    388.32   999.99    2.094
    388.62   999.99    2.109
    388.93   999.99    2.121
    389.23   999.99    2.136
    389.54   999.99    2.149
    389.84   999.99    2.162
    390.14   999.99    2.171
    390.45   999.99    2.184
    390.75   999.99    2.196
    391.06   999.99    2.206
    391.36   999.99    2.216
    391.67   999.99    2.227
    391.97   999.99    2.241
    392.28   999.99    2.257
    392.58   999.99    2.271
    392.89   999.99    2.282
    393.19   999.99    2.296
    393.50   999.99    2.307
    393.80   999.99    2.319
    394.11   999.99    2.328
    394.41   999.99    2.339
    394.72   999.99    2.351
    395.02   999.99    2.362
    395.33   999.99    2.376
    395.63   999.99    2.385
    395.94   999.99    2.401
    396.24   999.99    2.412
    396.55   999.99    2.425
    396.85   999.99    2.437
    397.16   999.99    2.449
    397.46   999.99    2.460
    397.76   999.99    2.471
    398.07   999.99    2.483
    398.37   999.99    2.493
    398.68   999.99    2.506
    398.98   999.99    2.517
    399.29   999.99    2.531
    399.59   999.99    2.544
    399.90   999.99    2.557
    400.20   999.99    2.570
    400.51   999.99    2.582
    400.81   999.99    2.593
    401.12   999.99    2.605
    401.42   999.99    2.616
    401.73   999.99    2.626
    402.03   999.99    2.633
    402.34   999.99    2.642
    402.64   999.99    2.653
    402.95   999.99    2.665
    403.25   999.99    2.676
    403.56   999.99    2.689
    403.86   999.99    2.700
    404.17   999.99    2.710
    404.47   999.99    2.724
    404.78   999.99    2.738
    405.08   999.99    2.749
    405.38   999.99    2.761
    405.69   999.99    2.773
    405.99   999.99    2.784
    406.30   999.99    2.793
    406.60   999.99    2.803
    406.91   999.99    2.815
    407.21   999.99    2.831
    407.52   999.99    2.844
    407.82   999.99    2.857
    408.13   999.99    2.866
    408.43   999.99    2.881
    408.74   999.99    2.891
    409.04   999.99    2.900
    409.35   999.99    2.909
    409.65   999.99    2.918
    409.96   999.99    2.929
    410.26   999.99    2.943
    410.57   999.99    2.959
    410.87   999.99    2.971
    411.18   999.99    2.981
    411.48   999.99    2.994
    411.79   999.99    3.006
    412.09   999.99    3.014
    412.40   999.99    3.024
    412.70   999.99    3.037
    413.00   999.99    3.048
    413.31   999.99    3.060
    413.61   999.99    3.074
    413.92   999.99    3.087
    414.22   999.99    3.099
    414.53   999.99    3.110
    414.83   999.99    3.120
    415.14   999.99    3.134
    415.44   999.99    3.148
    415.75   999.99    3.159
    416.05   999.99    3.173
    416.36   999.99    3.183
    416.66   999.99    3.193
    416.97   999.99    3.207
    417.27   999.99    3.217
    417.58   999.99    3.224
    417.88   999.99    3.234
    418.19   999.99    3.244
    418.49   999.99    3.255
    418.80   999.99    3.267
    419.10   999.99    3.281
    419.41   999.99    3.293
    419.71   999.99    3.304
    420.02   999.99    3.316
    420.32   999.99    3.327
    420.62   999.99    3.337
    420.93   999.99    3.349
    421.23   999.99    3.358
    421.54   999.99    3.373
    421.84   999.99    3.386
    422.15   999.99    3.398
    422.45   999.99    3.405
    422.76   999.99    3.411
    423.06   999.99    3.419
    423.37   999.99    3.429
    423.67   999.99    3.438
    423.98   999.99    3.452
    424.28   999.99    3.461
    424.59   999.99    3.471
    424.89   999.99    3.482
    425.20   999.99    3.495
    425.50   999.99    3.504
    425.81   999.99    3.514
    426.11   999.99    3.526
    426.42   999.99    3.536
    426.72   999.99    3.546
    427.03   999.99    3.560
    427.33   999.99    3.570
    427.64   999.99    3.582
    427.94   999.99    3.593
    428.24   999.99    3.602
    428.55   999.99    3.610
    428.85   999.99    3.619
    429.16   999.99    3.629
    429.46   999.99    3.638
    429.77   999.99    3.649
    430.07   999.99    3.659
    430.38   999.99    3.674
    430.68   999.99    3.686
    430.99   999.99    3.701
    431.29   999.99    3.714
    431.60   999.99    3.729
    431.90   999.99    3.741
    432.21   999.99    3.753
    432.51   999.99    3.761
    432.82   999.99    3.774
    433.12   999.99    3.786
    433.43   999.99    3.798
    433.73   999.99    3.810
    434.04   999.99    3.824
    434.34   999.99    3.833
    434.65   999.99    3.844
    434.95   999.99    3.856
    435.26   999.99    3.867
    435.56   999.99    3.880
    435.86   999.99    3.891
    436.17   999.99    3.904
    436.47   999.99    3.916
    436.78   999.99    3.927
    437.08   999.99    3.939
    437.39   999.99    3.955
    437.69   999.99    3.967
    438.00   999.99    3.983
    438.30   999.99    3.997
    438.61   999.99    4.012
    438.91   999.99    4.023
    439.22   999.99    4.031
    439.52   999.99    4.040
    439.83   999.99    4.055
    440.13   999.99    4.066
    440.44   999.99    4.079
    440.74   999.99    4.091
    441.05   999.99    4.103
    441.35   999.99    4.112
    441.66   999.99    4.124
    441.96   999.99    4.134
    442.27   999.99    4.146
    442.57   999.99    4.157
    442.88   999.99    4.168
    443.18   999.99    4.179
    443.48   999.99    4.188
    443.79   999.99    4.196
    444.09   999.99    4.207
    444.40   999.99    4.218
    444.70   999.99    4.229
    445.01   999.99    4.241
    445.31   999.99    4.250
    445.62   999.99    4.261
    445.92   999.99    4.269
    446.23   999.99    4.278
    446.53   999.99    4.286
    446.84   999.99    4.294
    447.14   999.99    4.301
    447.45   999.99    4.306
    447.75   999.99    4.411
    448.06   999.99    4.515
    448.36   999.99    4.577
    448.67   999.99    4.613
    448.97   999.99    4.626
    449.28   999.99    4.636
    449.58   999.99    4.646
    449.89   999.99    4.654
    450.19   999.99    4.655
    450.50   999.99    4.659
    450.80   999.99    4.662
    451.10   999.99    4.667
    451.41   999.99    4.673
    451.71   999.99    4.686
    452.02   999.99    4.698
    452.32   999.99    4.704
    452.63   999.99    4.709
    452.93   999.99    4.724
    453.24   999.99    4.732
    453.54   999.99    4.743
    453.85   999.99    4.753
    454.15   999.99    4.756
    454.46   999.99    4.760
    454.76   999.99    4.764
    455.07   999.99    4.770
    455.37   999.99    4.788
    455.68   999.99    4.814
    455.98   999.99    4.827
    456.29   999.99    4.841
    456.59   999.99    4.848
    456.90   999.99    4.853
    457.20   999.99    4.860
    457.51   999.99    4.871
    457.81   999.99    4.878
    458.12   999.99    4.883
    458.42   999.99    4.888
    458.72   999.99    4.901
    459.03   999.99    4.914
    459.33   999.99    4.935
    459.64   999.99    4.957
    459.94   999.99    4.967
    460.25   999.99    4.975
    460.55   999.99    4.990
    460.86   999.99    5.000
    461.16   999.99    5.013
    461.47   999.99    5.028
    461.77   999.99    5.038
    462.08   999.99    5.040
    462.38   999.99    5.041
    462.69   999.99    5.055
    462.99   999.99    5.069
    463.30   999.99    5.076
    463.60   999.99    5.089
    463.91   999.99    5.099
    464.21   999.99    5.107
    464.52   999.99    5.122
    464.82   999.99    5.128
    465.13   999.99    5.133
    465.43   999.99    5.147
    465.74   999.99    5.158
    466.04   999.99    5.170
    466.34   999.99    5.180
    466.65   999.99    5.191
    466.95   999.99    5.198
    467.26   999.99    5.211
    467.56   999.99    5.226
    467.87   999.99    5.236
    468.17   999.99    5.248
    468.48   999.99    5.259
    468.78   999.99    5.266
    469.09   999.99    5.279
    469.39   999.99    5.290
    469.70   999.99    5.302
    470.00   999.99    5.310
    470.31   999.99    5.317
    470.61   999.99    5.325
    470.92   999.99    5.333
    471.22   999.99    5.350
    471.53   999.99    5.367
    471.83   999.99    5.377
    472.14   999.99    5.384
    472.44   999.99    5.397
    472.75   999.99    5.412
    473.05   999.99    5.431
    473.36   999.99    5.450
    473.66   999.99    5.461
    473.96   999.99    5.471
    474.27   999.99    5.479
    474.57   999.99    5.486
    474.88   999.99    5.493
    475.18   999.99    5.516
    475.49   999.99    5.533
    475.79   999.99    5.543
    476.10   999.99    5.547
    476.40   999.99    5.550
    476.71   999.99    5.560
    477.01   999.99    5.583
    477.32   999.99    5.596
    477.62   999.99    5.605
    477.93   999.99    5.616
    478.23   999.99    5.639
    478.54   999.99    5.646
    478.84   999.99    5.657
    479.15   999.99    5.671
    479.45   999.99    5.681
    479.76   999.99    5.703
    480.06   999.99    5.716
    480.37   999.99    5.721
    480.67   999.99    5.724
    480.98   999.99    5.733
    481.28   999.99    5.752
    481.58   999.99    5.765
    481.89   999.99    5.780
    482.19   999.99    5.794
    482.50   999.99    5.807
    482.80   999.99    5.816
    483.11   999.99    5.823
    483.41   999.99    5.831
    483.72   999.99    5.846
    484.02   999.99    5.867
    484.33   999.99    5.881
    484.63   999.99    5.894
    484.94   999.99    5.906
    485.24   999.99    5.919
    485.55   999.99    5.931
    485.85   999.99    5.950
    486.16   999.99    5.965
    486.46   999.99    5.975
    486.77   999.99    5.979
    487.07   999.99    5.988
    487.38   999.99    5.998
    487.68   999.99    6.009
    487.99   999.99    6.043
    488.29   999.99    6.049
    488.60   999.99    6.068
    488.90   999.99    6.086
    489.20   999.99    6.096
    489.51   999.99    6.110
    489.81   999.99    6.122
    490.12   999.99    6.131
    490.42   999.99    6.149
    490.73   999.99    6.171
    491.03   999.99    6.183
    491.34   999.99    6.194
    491.64   999.99    6.209
    491.95   999.99    6.218
    492.25   999.99    6.229
    492.56   999.99    6.239
    492.86   999.99    6.252
    493.17   999.99    6.263
    493.47   999.99    6.278
    493.78   999.99    6.294
    494.08   999.99    6.311
    494.39   999.99    6.329
    494.69   999.99    6.341
    495.00   999.99    6.351
    495.30   999.99    6.367
    495.61   999.99    6.379
    495.91   999.99    6.391
    496.22   999.99    6.409
    496.52   999.99    6.429
    496.83   999.99    6.448
    497.13   999.99    6.457
    497.43   999.99    6.466
    497.74   999.99    6.497
    498.04   999.99    6.515
    498.35   999.99    6.522
    498.65   999.99    6.526
    498.96   999.99    6.549
    499.26   999.99    6.561
    499.57   999.99    6.568
    499.87   999.99    6.591
    500.18   999.99    6.603
    500.48   999.99    6.605
    500.79   999.99    6.623
    501.09   999.99    6.638
    501.40   999.99    6.648
    501.70   999.99    6.660
    502.01   999.99    6.666
    502.31   999.99    6.675
    502.62   999.99    6.689
    502.92   999.99    6.699
    503.23   999.99    6.707
    503.53   999.99    6.719
    503.84   999.99    6.730
    504.14   999.99    6.746
    504.45   999.99    6.760
    504.75   999.99    6.772
    505.05   999.99    6.782
    505.36   999.99    6.796
    505.66   999.99    6.813
    505.97   999.99    6.819
    506.27   999.99    6.827
    506.58   999.99    6.837
    506.88   999.99    6.843
    507.19   999.99    6.859
    507.49   999.99    6.872
    507.80   999.99    6.885
    508.10   999.99    6.894
    508.41   999.99    6.915
    508.71   999.99    6.980
    509.02   999.99    7.029
    509.32   999.99    7.058
    509.63   999.99    7.078
    509.93   999.99    7.095
    510.24   999.99    7.103
    510.54   999.99    7.105
    510.85   999.99    7.112
    511.15   999.99    7.121
    511.46   999.99    7.129
    511.76   999.99    7.136
    512.07   999.99    7.143
    512.37   999.99    7.149
    512.67   999.99    7.157
    512.98   999.99    7.167
    513.28   999.99    7.179
    513.59   999.99    7.189
    513.89   999.99    7.197
    514.20   999.99    7.208
    514.50   999.99    7.219
    514.81   999.99    7.227
    515.11   999.99    7.238
    515.42   999.99    7.242
    515.72   999.99    7.247
    516.03   999.99    7.255
    516.33   999.99    7.266
    516.64   999.99    7.270
    516.94   999.99    7.275
    517.25   999.99    7.287
    517.55   999.99    7.300
    517.86   999.99    7.308
    518.16   999.99    7.318
    518.47   999.99    7.324
    518.77   999.99    7.331
    519.08   999.99    7.337
    519.38   999.99    7.344
    519.69   999.99    7.353
    519.99   999.99    7.363
    520.29   999.99    7.370
    520.60   999.99    7.376
    520.90   999.99    7.379
    521.21   999.99    7.405
    521.51   999.99    7.465
    521.82   999.99    7.541
    522.12   999.99    7.621
    522.43   999.99    7.667
    522.73   999.99    7.680
    523.04   999.99    7.687
    523.34   999.99    7.690
    523.65   999.99    7.693
    523.95   999.99    7.696
    524.26   999.99    7.700
    524.56   999.99    7.705
    524.87   999.99    7.708
    525.17   999.99    7.715
    525.48   999.99    7.723
    525.78   999.99    7.727
    526.09   999.99    7.731
    526.39   999.99    7.733
    526.70   999.99    7.739
    527.00   999.99    7.744
    527.31   999.99    7.751
    527.61   999.99    7.761
    527.91   999.99    7.773
    528.22   999.99    7.779
    528.52   999.99    7.786
    528.83   999.99    7.788
    529.13   999.99    7.796
    529.44   999.99    7.805
    529.74   999.99    7.810
    530.05   999.99    7.812
    530.35   999.99    7.826
    530.66   999.99    7.834
    530.96   999.99    7.847
    531.27   999.99    7.857
    531.57   999.99    7.859
    531.88   999.99    7.874
    532.18   999.99    7.887
    532.49   999.99    7.893
    532.79   999.99    7.901
    533.10   999.99    7.906
    533.40   999.99    7.913
    533.71   999.99    7.919
    534.01   999.99    7.924
    534.32   999.99    7.934
    534.62   999.99    7.944
    534.92   999.99    7.948
    535.23   999.99    7.954
    535.53   999.99    7.966
    535.84   999.99    7.976
    536.14   999.99    7.986
    536.45   999.99    7.992
    536.75   999.99    7.997
    537.06   999.99    8.005
    537.36   999.99    8.012
    537.67   999.99    8.016
    537.97   999.99    8.020
    538.28   999.99    8.025
    538.58   999.99    8.031
    538.89   999.99    8.038
    539.19   999.99    8.048
    539.50   999.99    8.059
    539.80   999.99    8.103
    540.11   999.99    8.174
    540.41   999.99    8.211
    540.72   999.99    8.229
    541.02   999.99    8.239
    541.33   999.99    8.245
    541.63   999.99    8.249
    541.94   999.99    8.259
    542.24   999.99    8.265
    542.55   999.99    8.273
    542.85   999.99    8.283
    543.15   999.99    8.294
    543.46   999.99    8.302
    543.76   999.99    8.306
    544.07   999.99    8.319
    544.37   999.99    8.329
    544.68   999.99    8.334
    544.98   999.99    8.343
    545.29   999.99    8.352
    545.59   999.99    8.361
    545.90   999.99    8.369
    546.20   999.99    8.374
    546.51   999.99    8.382
    546.81   999.99    8.386
    547.12   999.99    8.403
    547.42   999.99    8.419
    547.73   999.99    8.425
    548.03   999.99    8.437
    548.34   999.99    8.442
    548.64   999.99    8.447
    548.95   999.99    8.459
    549.25   999.99    8.477
    549.56   999.99    8.485
    549.86   999.99    8.494
    550.17   999.99    8.506
    550.47   999.99    8.530
    550.77   999.99    8.546
    551.08   999.99    8.556
    551.38   999.99    8.565
    551.69   999.99    8.574
    551.99   999.99    8.584
    552.30   999.99    8.602
    552.60   999.99    8.617
    552.91   999.99    8.632
    553.21   999.99    8.641
    553.52   999.99    8.650
    553.82   999.99    8.663
    554.13   999.99    8.678
    554.43   999.99    8.690
    554.74   999.99    8.698
    555.04   999.99    8.707
    555.35   999.99    8.726
    555.65   999.99    8.746
    555.96   999.99    8.757
    556.26   999.99    8.762
    556.57   999.99    8.773
    556.87   999.99    8.791
    557.18   999.99    8.804
    557.48   999.99    8.823
    557.79   999.99    8.840
    558.09   999.99    8.859
    558.39   999.99    8.868
    558.70   999.99    8.886
    559.00   999.99    8.895
    559.31   999.99    8.911
    559.61   999.99    8.919
    559.92   999.99    8.926
    560.22   999.99    8.940
    560.53   999.99    8.948
    560.83   999.99    8.958
    561.14   999.99    8.980
    561.44   999.99    9.000
    561.75   999.99    9.003
    562.05   999.99    9.009
    562.36   999.99    9.024
    562.66   999.99    9.036
    562.97   999.99    9.045
    563.27   999.99    9.057
    563.58   999.99    9.071
    563.88   999.99    9.085
    564.19   999.99    9.094
    564.49   999.99    9.108
    564.80   999.99    9.122
    565.10   999.99    9.128
    565.41   999.99    9.133
    565.71   999.99    9.140
    566.01   999.99    9.149
    566.32   999.99    9.156
    566.62   999.99    9.158
    566.93   999.99    9.168
    567.23   999.99    9.176
    567.54   999.99    9.186
    567.84   999.99    9.195
    568.15   999.99    9.207
    568.45   999.99    9.300
    568.76   999.99    9.387
    569.06   999.99    9.426
    569.37   999.99    9.450
    569.67   999.99    9.472
    569.98   999.99    9.484
    570.28   999.99    9.487
    570.59   999.99    9.499
    570.89   999.99    9.508
    571.20   999.99    9.515
    571.50   999.99    9.517
    571.81   999.99    9.527
    572.11   999.99    9.533
    572.42   999.99    9.545
    572.72   999.99    9.555
    573.03   999.99    9.567
    573.33   999.99    9.572
    573.63   999.99    9.581
    573.94   999.99    9.588
    574.24   999.99    9.592
    574.55   999.99    9.602
    574.85   999.99    9.615
    575.16   999.99    9.631
    575.46   999.99    9.640
    575.77   999.99    9.648
    576.07   999.99    9.656
    576.38   999.99    9.663
    576.68   999.99    9.666
    576.99   999.99    9.680
    577.29   999.99    9.691
    577.60   999.99    9.702
    577.90   999.99    9.711
    578.21   999.99    9.720
    578.51   999.99    9.731
    578.82   999.99    9.738
    579.12   999.99    9.745
    579.43   999.99    9.752
    579.73   999.99    9.759
    580.04   999.99    9.767
    580.34   999.99    9.782
    580.65   999.99    9.798
    580.95   999.99    9.813
    581.25   999.99    9.825
    581.56   999.99    9.833
    581.86   999.99    9.841
    582.17   999.99    9.851
    582.47   999.99    9.859
    582.78   999.99    9.864
    583.08   999.99    9.868
    583.39   999.99    9.876
    583.69   999.99    9.888
    584.00   999.99    9.900
    584.30   999.99    9.909
    584.61   999.99    9.927
    584.91   999.99    9.943
    585.22   999.99    9.952
    585.52   999.99    9.959
    585.83   999.99    9.969
    586.13   999.99    9.984
    586.44   999.99    9.993
    586.74   999.99   10.001
    587.05   999.99   10.011
    587.35   999.99   10.019
    587.66   999.99   10.027
    587.96   999.99   10.036
    588.27   999.99   10.049
    588.57   999.99   10.063
    588.87   999.99   10.072
    589.18   999.99   10.079
    589.48   999.99   10.095
    589.79   999.99   10.106
    590.09   999.99   10.111
    590.40   999.99   10.116
    590.70   999.99   10.129
    591.01   999.99   10.147
    591.31   999.99   10.155
    591.62   999.99   10.170
    591.92   999.99   10.181
    592.23   999.99   10.189
    592.53   999.99   10.198
    592.84   999.99   10.208
    593.14   999.99   10.213
    593.45   999.99   10.224
    593.75   999.99   10.239
    594.06   999.99   10.246
    594.36   999.99   10.252
    594.67   999.99   10.258
    594.97   999.99   10.263
    595.28   999.99   10.273
    595.58   999.99   10.279
    595.89   999.99   10.285
    596.19   999.99   10.297
    596.49   999.99   10.305
    596.80   999.99   10.312
    597.10   999.99   10.324
    597.41   999.99   10.331
    597.71   999.99   10.338
    598.02   999.99   10.345
    598.32   999.99   10.351
    598.63   999.99   10.358
    598.93   999.99   10.362
    599.24   999.99   10.368
    599.54   999.99   10.368
    599.85   999.99   10.369
    600.15   999.99   10.392
    600.46   999.99   10.437
    600.76   999.99   10.475
    601.07   999.99   10.509
    601.37   999.99   10.537
    601.68   999.99   10.561
    601.98   999.99   10.575
    602.29   999.99   10.587
    602.59   999.99   10.603
    602.90   999.99   10.616
    603.20   999.99   10.631
    603.51   999.99   10.645
    603.81   999.99   10.660
    604.11   999.99   10.674
    604.42   999.99   10.688
    604.72   999.99   10.702
    605.03   999.99   10.716
    605.33   999.99   10.731
    605.64   999.99   10.745
    605.94   999.99   10.761
    606.25   999.99   10.775
    606.55   999.99   10.790
    606.86   999.99   10.806
    607.16   999.99   10.819
    607.47   999.99   10.835
    607.77   999.99   10.851
    608.08   999.99   10.865
    608.38   999.99   10.878
    608.69   999.99   10.892
    608.99   999.99   10.904
    609.30   999.99   10.920
    609.60   999.99   10.934
    609.91   999.99   10.962
    610.21   999.99   10.967
    610.52   999.99   10.977
    610.82   999.99   10.988
    611.13   999.99   11.001
    611.43   999.99   11.016
    611.73   999.99   11.032
    612.04   999.99   11.046
    612.34   999.99   11.058
    612.65   999.99   11.074
    612.95   999.99   11.082
    613.26   999.99   11.100
    613.56   999.99   11.115
    613.87   999.99   11.129
    614.17   999.99   11.144
    614.48   999.99   11.158
    614.78   999.99   11.172
    615.09   999.99   11.189
    615.39   999.99   11.205
    615.70   999.99   11.218
    616.00   999.99   11.300
    616.31   999.99   11.315
    616.61   999.99   11.331
    616.92   999.99   11.348
    617.22   999.99   11.364
    617.53   999.99   11.384
    617.83   999.99   11.404
    618.14   999.99   11.428
    618.44   999.99   11.468
    618.75   999.99   11.521
    619.05   999.99   11.553
    619.35   999.99   11.566
    619.66   999.99   11.572
    619.96   999.99   11.576
    620.27   999.99   11.579
    620.57   999.99   11.583
    620.88   999.99   11.585
    621.18   999.99   11.589
    621.49   999.99   11.592
    621.79   999.99   11.599
    622.10   999.99   11.605
    622.40   999.99   11.613
    622.71   999.99   11.615
    623.01   999.99   11.619
    623.32   999.99   11.626
    623.62   999.99   11.628
    623.93   999.99   11.632
    624.23   999.99   11.636
    624.54   999.99   11.641
    624.84   999.99   11.642
    625.15   999.99   11.645
    625.45   999.99   11.674
    625.76   999.99   11.712
    626.06   999.99   11.747
    626.37   999.99   11.773
    626.67   999.99   11.794
    626.97   999.99   11.815
    627.28   999.99   11.838
    627.58   999.99   11.864
    627.89   999.99   11.900
    628.19   999.99   11.929
    628.50   999.99   11.942
    628.80   999.99   11.955
    629.11   999.99   12.018
    629.41   999.99   12.057
    629.72   999.99   12.076
    630.02   999.99   12.083
    630.33   999.99   12.088
    630.63   999.99   12.092
    630.94   999.99   12.096
    631.24   999.99   12.104
    631.55   999.99   12.111
    631.85   999.99   12.123
    632.16   999.99   12.126
    632.46   999.99   12.129
    632.77   999.99   12.138
    633.07   999.99   12.148
    633.38   999.99   12.156
    633.68   999.99   12.170
    633.99   999.99   12.175
    634.29   999.99   12.179
    634.59   999.99   12.191
    634.90   999.99   12.203
    635.20   999.99   12.212
    635.51   999.99   12.222
    635.81   999.99   12.233
    636.12   999.99   12.246
    636.42   999.99   12.253
    636.73   999.99   12.262
    637.03   999.99   12.274
    637.34   999.99   12.289
    637.64   999.99   12.301
    637.95   999.99   12.312
    638.25   999.99   12.322
    638.56   999.99   12.338
    638.86   999.99   12.350
    639.17   999.99   12.359
    639.47   999.99   12.367
    639.78   999.99   12.382
    640.08   999.99   12.398
    640.39   999.99   12.409
    640.69   999.99   12.421
    641.00   999.99   12.436
    641.30   999.99   12.445
    641.61   999.99   12.464
    641.91   999.99   12.475
    642.21   999.99   12.488
    642.52   999.99   12.497
    642.82   999.99   12.514
    643.13   999.99   12.521
    643.43   999.99   12.529
    643.74   999.99   12.541
    644.04   999.99   12.556
    644.35   999.99   12.571
    644.65   999.99   12.586
    644.96   999.99   12.604
    645.26   999.99   12.620
    645.57   999.99   12.630
    645.87   999.99   12.639
    646.18   999.99   12.657
    646.48   999.99   12.673
    646.79   999.99   12.692
    647.09   999.99   12.697
    647.40   999.99   12.721
    647.70   999.99   12.729
    648.01   999.99   12.747
    648.31   999.99   12.755
    648.62   999.99   12.761
    648.92   999.99   12.788
    649.23   999.99   12.808
    649.53   999.99   12.822
    649.83   999.99   12.836
    650.14   999.99   12.857
    650.44   999.99   12.866
    650.75   999.99   12.891
    651.05   999.99   12.908
    651.36   999.99   12.917
    651.66   999.99   12.924
    651.97   999.99   12.934
    652.27   999.99   12.949
    652.58   999.99   12.972
    652.88   999.99   12.991
    653.19   999.99   13.003
    653.49   999.99   13.012
    653.80   999.99   13.018
    654.10   999.99   13.034
    654.41   999.99   13.046
    654.71   999.99   13.065
    655.02   999.99   13.076
    655.32   999.99   13.093
    655.63   999.99   13.102
    655.93   999.99   13.110
    656.24   999.99   13.125
    656.54   999.99   13.142
    656.85   999.99   13.150
    657.15   999.99   13.159
    657.45   999.99   13.176
    657.76   999.99   13.192
    658.06   999.99   13.209
    658.37   999.99   13.228
    658.67   999.99   13.242
    658.98   999.99   13.254
    659.28   999.99   13.270
    659.59   999.99   13.278
    659.89   999.99   13.282
    660.20   999.99   13.290
    660.50   999.99   13.306
    660.81   999.99   13.318
    661.11   999.99   13.325
    661.42   999.99   13.335
    661.72   999.99   13.351
    662.03   999.99   13.368
    662.33   999.99   13.379
    662.64   999.99   13.392
    662.94   999.99   13.408
    663.25   999.99   13.417
    663.55   999.99   13.431
    663.86   999.99   13.441
    664.16   999.99   13.453
    664.47   999.99   13.464
    664.77   999.99   13.483
    665.08   999.99   13.496
    665.38   999.99   13.507
    665.68   999.99   13.524
    665.99   999.99   13.538
    666.29   999.99   13.551
    666.60   999.99   13.561
    666.90   999.99   13.569
    667.21   999.99   13.576
    667.51   999.99   13.594
    667.82   999.99   13.605
    668.12   999.99   13.621
    668.43   999.99   13.634
    668.73   999.99   13.640
    669.04   999.99   13.649
    669.34   999.99   13.657
    669.65   999.99   13.669
    669.95   999.99   13.681
    670.26   999.99   13.689
    670.56   999.99   13.697
    670.87   999.99   13.716
    671.17   999.99   13.724
    671.48   999.99   13.739
    671.78   999.99   13.751
    672.09   999.99   13.761
    672.39   999.99   13.780
    672.69   999.99   13.791
    673.00   999.99   13.804
    673.30   999.99   13.811
    673.61   999.99   13.815
    673.91   999.99   13.825
    674.22   999.99   13.835
    674.52   999.99   13.852
    674.83   999.99   13.864
    675.13   999.99   13.873
    675.44   999.99   13.881
    675.74   999.99   13.891
    676.05   999.99   13.909
    676.35   999.99   13.918
    676.66   999.99   13.929
    676.96   999.99   13.939
    677.27   999.99   13.952
    677.57   999.99   13.965
    677.88   999.99   13.975
    678.18   999.99   13.984
    678.49   999.99   13.997
    678.79   999.99   14.013
    679.10   999.99   14.026
    679.40   999.99   14.031
    679.71   999.99   14.036
    680.01   999.99   14.051
    680.31   999.99   14.065
    680.62   999.99   14.078
    680.92   999.99   14.090
    681.23   999.99   14.096
    681.53   999.99   14.106
    681.84   999.99   14.116
    682.14   999.99   14.132
    682.45   999.99   14.140
    682.75   999.99   14.153
    683.06   999.99   14.163
    683.36   999.99   14.169
    683.67   999.99   14.179
    683.97   999.99   14.186
    684.28   999.99   14.197
    684.58   999.99   14.300
    684.89   999.99   14.361
    685.19   999.99   14.384
    685.50   999.99   14.397
    685.80   999.99   14.408
    686.11   999.99   14.417
    686.41   999.99   14.430
    686.72   999.99   14.441
    687.02   999.99   14.445
    687.33   999.99   14.455
    687.63   999.99   14.466
    687.93   999.99   14.483
    688.24   999.99   14.489
    688.54   999.99   14.504
    688.85   999.99   14.526
    689.15   999.99   14.539
    689.46   999.99   14.544
    689.76   999.99   14.557
    690.07   999.99   14.572
    690.37   999.99   14.579
    690.68   999.99   14.585
    690.98   999.99   14.595
    691.29   999.99   14.614
    691.59   999.99   14.630
    691.90   999.99   14.640
    692.20   999.99   14.652
    692.51   999.99   14.669
    692.81   999.99   14.682
    693.12   999.99   14.689
    693.42   999.99   14.704
    693.73   999.99   14.709
    694.03   999.99   14.722
    694.34   999.99   14.739
    694.64   999.99   14.751
    694.95   999.99   14.762
    695.25   999.99   14.774
    695.55   999.99   14.789
    695.86   999.99   14.799
    696.16   999.99   14.813
    696.47   999.99   14.828
    696.77   999.99   14.843
    697.08   999.99   14.863
    697.38   999.99   14.877
    697.69   999.99   14.892
    697.99   999.99   14.909
    698.30   999.99   14.920
    698.60   999.99   14.925
    698.91   999.99   14.929
    699.21   999.99   14.946
    699.52   999.99   14.969
    699.82   999.99   14.978
    700.13   999.99   14.990
    700.43   999.99   15.012
    700.74   999.99   15.025
    701.04   999.99   15.036
    701.35   999.99   15.046
    701.65   999.99   15.056
    701.96   999.99   15.063
    702.26   999.99   15.075
    702.57   999.99   15.085
    702.87   999.99   15.102
    703.17   999.99   15.121
    703.48   999.99   15.132
    703.78   999.99   15.146
    704.09   999.99   15.155
    704.39   999.99   15.163
    704.70   999.99   15.177
    705.00   999.99   15.194
    705.31   999.99   15.218
    705.61   999.99   15.232
    705.92   999.99   15.244
    706.22   999.99   15.256
    706.53   999.99   15.271
    706.83   999.99   15.285
    707.14   999.99   15.302
    707.44   999.99   15.309
    707.75   999.99   15.324
    708.05   999.99   15.343
    708.36   999.99   15.352
    708.66   999.99   15.367
    708.97   999.99   15.378
    709.27   999.99   15.397
    709.58   999.99   15.405
    709.88   999.99   15.419
    710.19   999.99   15.429
    710.49   999.99   15.445
    710.79   999.99   15.462
    711.10   999.99   15.473
    711.40   999.99   15.480
    711.71   999.99   15.492
    712.01   999.99   15.507
    712.32   999.99   15.530
    712.62   999.99   15.546
    712.93   999.99   15.547
    713.23   999.99   15.554
    713.54   999.99   15.577
    713.84   999.99   15.593
    714.15   999.99   15.605
    714.45   999.99   15.614
    714.76   999.99   15.631
    715.06   999.99   15.648
    715.37   999.99   15.664
    715.67   999.99   15.675
    715.98   999.99   15.687
    716.28   999.99   15.696
    716.59   999.99   15.708
    716.89   999.99   15.718
    717.20   999.99   15.732
    717.50   999.99   15.755
    717.81   999.99   15.764
    718.11   999.99   15.773
    718.41   999.99   15.782
    718.72   999.99   15.796
    719.02   999.99   15.815
    719.33   999.99   15.824
    719.63   999.99   15.841
    719.94   999.99   15.857
    720.24   999.99   15.863
    720.55   999.99   15.884
    720.85   999.99   15.900
    721.16   999.99   15.909
    721.46   999.99   15.924
    721.77   999.99   15.939
    722.07   999.99   15.955
    722.38   999.99   15.970
    722.68   999.99   15.979
    722.99   999.99   15.992
    723.29   999.99   16.006
    723.60   999.99   16.018
    723.90   999.99   16.029
    724.21   999.99   16.034
    724.51   999.99   16.058
    724.82   999.99   16.070
    725.12   999.99   16.091
    725.43   999.99   16.102
    725.73   999.99   16.115
    726.03   999.99   16.124
    726.34   999.99   16.140
    726.64   999.99   16.154
    726.95   999.99   16.161
    727.25   999.99   16.174
    727.56   999.99   16.181
    727.86   999.99   16.199
    728.17   999.99   16.224
    728.47   999.99   16.233
    728.78   999.99   16.245
    729.08   999.99   16.263
    729.39   999.99   16.279
    729.69   999.99   16.296
    730.00   999.99   16.305
    730.30   999.99   16.314
    730.61   999.99   16.323
    730.91   999.99   16.335
    731.22   999.99   16.357
    731.52   999.99   16.373
    731.83   999.99   16.391
    732.13   999.99   16.397
    732.44   999.99   16.409
    732.74   999.99   16.418
    733.05   999.99   16.426
    733.35   999.99   16.437
    733.66   999.99   16.451
    733.96   999.99   16.464
    734.26   999.99   16.482
    734.57   999.99   16.495
    734.87   999.99   16.513
    735.18   999.99   16.527
    735.48   999.99   16.540
    735.79   999.99   16.553
    736.09   999.99   16.562
    736.40   999.99   16.577
    736.70   999.99   16.588
    737.01   999.99   16.591
    737.31   999.99   16.611
    737.62   999.99   16.624
    737.92   999.99   16.633
    738.23   999.99   16.642
    738.53   999.99   16.651
    738.84   999.99   16.666
    739.14   999.99   16.683
    739.45   999.99   16.699
    739.75   999.99   16.712
    740.06   999.99   16.723
    740.36   999.99   16.738
    740.67   999.99   16.752
    740.97   999.99   16.760
    741.28   999.99   16.765
    741.58   999.99   16.774
    741.88   999.99   16.784
    742.19   999.99   16.795
    742.49   999.99   16.806
    742.80   999.99   16.811
    743.10   999.99   16.821
    743.41   999.99   16.833
    743.71   999.99   16.843
    744.02   999.99   16.896
    744.32   999.99   16.995
    744.63   999.99   17.043
    744.93   999.99   17.067
    745.24   999.99   17.082
    745.54   999.99   17.094
    745.85   999.99   17.101
    746.15   999.99   17.110
    746.46   999.99   17.118
    746.76   999.99   17.127
    747.07   999.99   17.142
    747.37   999.99   17.155
    747.68   999.99   17.165
    747.98   999.99   17.174
    748.29   999.99   17.180
    748.59   999.99   17.185
    748.90   999.99   17.193
    749.20   999.99   17.208
    749.50   999.99   17.219
    749.81   999.99   17.236
    750.11   999.99   17.245
    750.42   999.99   17.255
    750.72   999.99   17.264
    751.03   999.99   17.279
    751.33   999.99   17.294
    751.64   999.99   17.306
    751.94   999.99   17.315
    752.25   999.99   17.330
    752.55   999.99   17.340
    752.86   999.99   17.353
    753.16   999.99   17.364
    753.47   999.99   17.376
    753.77   999.99   17.389
    754.08   999.99   17.396
    754.38   999.99   17.410
    754.69   999.99   17.427
    754.99   999.99   17.436
    755.30   999.99   17.448
    755.60   999.99   17.463
    755.91   999.99   17.478
    756.21   999.99   17.493
    756.52   999.99   17.499
    756.82   999.99   17.509
    757.12   999.99   17.520
    757.43   999.99   17.531
    757.73   999.99   17.539
    758.04   999.99   17.549
    758.34   999.99   17.566
    758.65   999.99   17.573
    758.95   999.99   17.585
    759.26   999.99   17.593
    759.56   999.99   17.606
    759.87   999.99   17.614
    760.17   999.99   17.627
    760.48   999.99   17.639
    760.78   999.99   17.644
    761.09   999.99   17.654
    761.39   999.99   17.667
    761.70   999.99   17.673
    762.00   999.99   17.685
    762.31   999.99   17.690
    762.61   999.99   17.700
    762.92   999.99   17.785
    763.22   999.99   17.864
    763.53   999.99   17.905
    763.83   999.99   17.924
    764.14   999.99   17.938
    764.44   999.99   17.953
    764.74   999.99   17.963
    765.05   999.99   17.977
    765.35   999.99   17.988
    765.66   999.99   18.002
    765.96   999.99   18.014
    766.27   999.99   18.019
    766.57   999.99   18.027
    766.88   999.99   18.043
    767.18   999.99   18.047
    767.49   999.99   18.062
    767.79   999.99   18.076
    768.10   999.99   18.086
    768.40   999.99   18.098
    768.71   999.99   18.109
    769.01   999.99   18.121
    769.32   999.99   18.133
    769.62   999.99   18.145
    769.93   999.99   18.156
    770.23   999.99   18.170
    770.54   999.99   18.174
    770.84   999.99   18.184
    771.15   999.99   18.202
    771.45   999.99   18.219
    771.76   999.99   18.229
    772.06   999.99   18.241
    772.36   999.99   18.251
    772.67   999.99   18.271
    772.97   999.99   18.282
    773.28   999.99   18.288
    773.58   999.99   18.304
    773.89   999.99   18.316
    774.19   999.99   18.328
    774.50   999.99   18.346
    774.80   999.99   18.358
    775.11   999.99   18.371
    775.41   999.99   18.385
    775.72   999.99   18.401
    776.02   999.99   18.415
    776.33   999.99   18.427
    776.63   999.99   18.435
    776.94   999.99   18.451
    777.24   999.99   18.469
    777.55   999.99   18.481
    777.85   999.99   18.493
    778.16   999.99   18.507
    778.46   999.99   18.523
    778.77   999.99   18.531
    779.07   999.99   18.535
    779.38   999.99   18.547
    779.68   999.99   18.563
    779.98   999.99   18.579
    780.29   999.99   18.593
    780.59   999.99   18.609
    780.90   999.99   18.623
    781.20   999.99   18.631
    781.51   999.99   18.649
    781.81   999.99   18.661
    782.12   999.99   18.671
    782.42   999.99   18.683
    782.73   999.99   18.697
    783.03   999.99   18.711
    783.34   999.99   18.727
    783.64   999.99   18.741
    783.95   999.99   18.758
    784.25   999.99   18.780
    784.56   999.99   18.796
    784.86   999.99   18.804
    785.17   999.99   18.822
    785.47   999.99   18.836
    785.78   999.99   18.844
    786.08   999.99   18.861
    786.39   999.99   18.883
    786.69   999.99   18.895
    787.00   999.99   18.909
    787.30   999.99   18.922
    787.60   999.99   18.938
    787.91   999.99   18.948
    788.21   999.99   18.958
    788.52   999.99   18.968
    788.82   999.99   18.981
    789.13   999.99   18.991
    789.43   999.99   19.005
    789.74   999.99   19.019
    790.04   999.99   19.034
    790.35   999.99   19.042
    790.65   999.99   19.056
    790.96   999.99   19.073
    791.26   999.99   19.089
    791.57   999.99   19.099
    791.87   999.99   19.107
    792.18   999.99   19.124
    792.48   999.99   19.138
    792.79   999.99   19.151
    793.09   999.99   19.165
    793.40   999.99   19.181
    793.70   999.99   19.200
    794.01   999.99   19.210
    794.31   999.99   19.225
    794.62   999.99   19.235
    794.92   999.99   19.252
    795.22   999.99   19.268
    795.53   999.99   19.278
    795.83   999.99   19.283
    796.14   999.99   19.299
    796.44   999.99   19.318
    796.75   999.99   19.332
    797.05   999.99   19.347
    797.36   999.99   19.359
    797.66   999.99   19.374
    797.97   999.99   19.394
    798.27   999.99   19.405
    798.58   999.99   19.419
    798.88   999.99   19.430
    799.19   999.99   19.449
    799.49   999.99   19.465
    799.80   999.99   19.480
    800.10   999.99   19.490
    800.41   999.99   19.499
    800.71   999.99   19.511
    801.02   999.99   19.528
    801.32   999.99   19.545
    801.63   999.99   19.553
    801.93   999.99   19.572
    802.24   999.99   19.584
    802.54   999.99   19.593
    802.84   999.99   19.607
    803.15   999.99   19.614
    803.45   999.99   19.622
    803.76   999.99   19.645
    804.06   999.99   19.664
    804.37   999.99   19.679
    804.67   999.99   19.694
    804.98   999.99   19.711
    805.28   999.99   19.725
    805.59   999.99   19.742
    805.89   999.99   19.757
    806.20   999.99   19.765
    806.50   999.99   19.774
    806.81   999.99   19.789
    807.11   999.99   19.804
    807.42   999.99   19.820
    807.72   999.99   19.840
    808.03   999.99   19.852
    808.33   999.99   19.859
    808.64   999.99   19.869
    808.94   999.99   19.880
    809.25   999.99   19.897
    809.55   999.99   19.910
    809.86   999.99   19.931
    810.16   999.99   19.942
    810.46   999.99   19.961
    810.77   999.99   19.967
    811.07   999.99   19.976
    811.38   999.99   19.995
    811.68   999.99   20.010
    811.99   999.99   20.025
    812.29   999.99   20.044
    812.60   999.99   20.048
    812.90   999.99   20.059
    813.21   999.99   20.068
    813.51   999.99   20.085
    813.82   999.99   20.100
    814.12   999.99   20.117
    814.43   999.99   20.130
    814.73   999.99   20.145
    815.04   999.99   20.160
    815.34   999.99   20.171
    815.65   999.99   20.177
    815.95   999.99   20.190
    816.26   999.99   20.210
    816.56   999.99   20.225
    816.87   999.99   20.229
    817.17   999.99   20.248
    817.48   999.99   20.259
    817.78   999.99   20.268
    818.08   999.99   20.285
    818.39   999.99   20.294
    818.69   999.99   20.309
    819.00   999.99   20.324
    819.30   999.99   20.335
    819.61   999.99   20.348
    819.91   999.99   20.361
    820.22   999.99   20.379
    820.52   999.99   20.383
    820.83   999.99   20.389
    821.13   999.99   20.400
    821.44   999.99   20.409
    821.74   999.99   20.420
    822.05   999.99   20.431
    822.35   999.99   20.442
    822.66   999.99   20.457
    822.96   999.99   20.463
    823.27   999.99   20.470
    823.57   999.99   20.479
    823.88   999.99   20.492
    824.18   999.99   20.547
    824.49   999.99   20.652
    824.79   999.99   20.698
    825.10   999.99   20.716
    825.40   999.99   20.725
    825.70   999.99   20.736
    826.01   999.99   20.747
    826.31   999.99   20.762
    826.62   999.99   20.771
    826.92   999.99   20.780
    827.23   999.99   20.784
    827.53   999.99   20.793
    827.84   999.99   20.807
    828.14   999.99   20.820
    828.45   999.99   20.829
    828.75   999.99   20.838
    829.06   999.99   20.849
    829.36   999.99   20.858
    829.67   999.99   20.862
    829.97   999.99   20.869
    830.28   999.99   20.882
    830.58   999.99   20.891
    830.89   999.99   20.902
    831.19   999.99   20.911
    831.50   999.99   20.922
    831.80   999.99   20.931
    832.11   999.99   20.940
    832.41   999.99   20.958
    832.72   999.99   20.969
    833.02   999.99   20.978
    833.32   999.99   20.982
    833.63   999.99   20.989
    833.93   999.99   20.998
    834.24   999.99   21.007
    834.54   999.99   21.023
    834.85   999.99   21.038
    835.15   999.99   21.041
    835.46   999.99   21.047
    835.76   999.99   21.056
    836.07   999.99   21.063
    836.37   999.99   21.076
    836.68   999.99   21.083
    836.98   999.99   21.115
    837.29   999.99   21.252
    837.59   999.99   21.304
    837.90   999.99   21.322
    838.20   999.99   21.336
    838.51   999.99   21.345
    838.81   999.99   21.352
    839.12   999.99   21.363
    839.42   999.99   21.375
    839.73   999.99   21.382
    840.03   999.99   21.391
    840.34   999.99   21.400
    840.64   999.99   21.411
    840.94   999.99   21.425
    841.25   999.99   21.438
    841.55   999.99   21.448
    841.86   999.99   21.452
    842.16   999.99   21.452
    842.47   999.99   21.466
    842.77   999.99   21.475
    843.08   999.99   21.491
    843.38   999.99   21.500
    843.69   999.99   21.509
    843.99   999.99   21.516
    844.30   999.99   21.539
    844.60   999.99   21.553
    844.91   999.99   21.564
    845.21   999.99   21.587
    845.52   999.99   21.599
    845.82   999.99   21.610
    846.13   999.99   21.622
    846.43   999.99   21.631
    846.74   999.99   21.642
    847.04   999.99   21.656
    847.35   999.99   21.668
    847.65   999.99   21.677
    847.96   999.99   21.682
    848.26   999.99   21.698
    848.56   999.99   21.712
    848.87   999.99   21.730
    849.17   999.99   21.751
    849.48   999.99   21.760
    849.78   999.99   21.774
    850.09   999.99   21.783
    850.39   999.99   21.795
    850.70   999.99   21.809
    851.00   999.99   21.820
    851.31   999.99   21.832
    851.61   999.99   21.846
    851.92   999.99   21.860
    852.22   999.99   21.869
    852.53   999.99   21.881
    852.83   999.99   21.907
    853.14   999.99   21.918
    853.44   999.99   21.920
    853.75   999.99   21.932
    854.05   999.99   21.944
    854.36   999.99   21.956
    854.66   999.99   21.967
    854.97   999.99   21.977
    855.27   999.99   21.986
    855.58   999.99   22.000
    855.88   999.99   22.012
    856.18   999.99   22.021
    856.49   999.99   22.037
