 << U.S. Geological Survey Borehole Temperature Log - Alaska >>
  
 Site:             NHST
 Log Date:         87AUG28 
 Type of Log:      continuous  
 Type of Sensor:   thermistor network (custom)
 Measuring Device: digital multimeter
 Deconvolved:      no 
  
  Z   = measured depth (m)
  TVD = true vertical depth (m)
  T   = temperature (C)
  
        Z      TVD       T
       .30   999.99    6.722
       .61   999.99    6.689
       .91   999.99    6.641
      1.22   999.99    6.594
      1.52   999.99    6.543
      1.83   999.99    6.490
      2.13   999.99    6.422
      2.44   999.99    6.347
      2.74   999.99    6.270
      3.05   999.99    6.191
      3.35   999.99    6.098
      3.66   999.99    6.010
      3.96   999.99    5.910
      4.27   999.99    5.818
      4.57   999.99    5.723
      4.88   999.99    5.619
      5.18   999.99    5.523
      5.49   999.99    5.416
      5.79   999.99    5.317
      6.10   999.99    5.206
      6.40   999.99    3.887
      6.71   999.99    3.814
      7.01   999.99    3.739
      7.32   999.99    3.666
      7.62   999.99    3.583
      7.92   999.99    3.505
      8.23   999.99    3.425
      8.53   999.99    3.354
      8.84   999.99    3.276
      9.14   999.99    3.198
      9.45   999.99    3.130
      9.75   999.99     .241
     10.06   999.99   -1.906
     10.36   999.99   -3.913
     10.67   999.99   -5.132
     10.97   999.99   -6.194
     11.28   999.99   -6.974
     11.58   999.99   -7.538
     11.89   999.99   -7.980
     12.19   999.99   -8.292
     12.50   999.99   -8.501
     12.80   999.99   -8.687
     13.11   999.99   -8.847
     13.41   999.99   -8.942
     13.72   999.99   -9.045
     14.02   999.99   -9.116
     14.33   999.99   -9.153
     14.63   999.99   -9.194
     14.94   999.99   -9.225
     15.24   999.99   -9.253
     15.54   999.99   -9.270
     15.85   999.99   -9.279
     16.15   999.99   -9.286
     16.46   999.99   -9.292
     16.76   999.99   -9.294
     17.07   999.99   -9.257
     17.37   999.99   -9.284
     17.68   999.99   -9.283
     17.98   999.99   -9.275
     18.29   999.99   -9.266
     18.59   999.99   -9.260
     18.90   999.99   -9.251
     19.20   999.99   -9.242
     19.51   999.99   -9.231
     19.81   999.99   -9.221
     20.12   999.99   -9.210
     20.42   999.99   -9.198
     20.73   999.99   -9.190
     21.03   999.99   -9.180
     21.34   999.99   -9.171
     21.64   999.99   -9.161
     21.95   999.99   -9.148
     22.25   999.99   -9.139
     22.56   999.99   -9.128
     22.86   999.99   -9.123
     23.16   999.99   -9.117
     23.47   999.99   -9.108
     23.77   999.99   -9.101
     24.08   999.99   -9.094
     24.38   999.99   -9.087
     24.69   999.99   -9.075
     24.99   999.99   -9.069
     25.30   999.99   -9.062
     25.60   999.99   -9.055
     25.91   999.99   -9.047
     26.21   999.99   -9.037
     26.52   999.99   -9.031
     26.82   999.99   -9.025
     27.13   999.99   -9.018
     27.43   999.99   -9.012
     27.74   999.99   -9.007
     28.04   999.99   -9.001
     28.35   999.99   -8.997
     28.65   999.99   -8.994
     28.96   999.99   -8.987
     29.26   999.99   -8.982
     29.57   999.99   -8.976
     29.87   999.99   -8.972
     30.18   999.99   -8.968
     30.48   999.99   -8.964
     30.78   999.99   -8.959
     31.09   999.99   -8.956
     31.39   999.99   -8.952
     31.70   999.99   -8.948
     32.00   999.99   -8.945
     32.31   999.99   -8.942
     32.61   999.99   -8.938
     32.92   999.99   -8.934
     33.22   999.99   -8.930
     33.53   999.99   -8.925
     33.83   999.99   -8.922
     34.14   999.99   -8.918
     34.44   999.99   -8.914
     34.75   999.99   -8.910
     35.05   999.99   -8.906
     35.36   999.99   -8.904
     35.66   999.99   -8.898
     35.97   999.99   -8.894
     36.27   999.99   -8.892
     36.58   999.99   -8.887
     36.88   999.99   -8.882
     37.19   999.99   -8.880
     37.49   999.99   -8.877
     37.80   999.99   -8.873
     38.10   999.99   -8.868
     38.40   999.99   -8.864
     38.71   999.99   -8.862
     39.01   999.99   -8.859
     39.32   999.99   -8.856
     39.62   999.99   -8.852
     39.93   999.99   -8.848
     40.23   999.99   -8.845
     40.54   999.99   -8.842
     40.84   999.99   -8.839
     41.15   999.99   -8.837
     41.45   999.99   -8.835
     41.76   999.99   -8.831
     42.06   999.99   -8.828
     42.37   999.99   -8.825
     42.67   999.99   -8.821
     42.98   999.99   -8.817
     43.28   999.99   -8.814
     43.59   999.99   -8.812
     43.89   999.99   -8.809
     44.20   999.99   -8.804
     44.50   999.99   -8.802
     44.81   999.99   -8.801
     45.11   999.99   -8.799
     45.42   999.99   -8.796
     45.72   999.99   -8.792
     46.02   999.99   -8.789
     46.33   999.99   -8.785
     46.63   999.99   -8.782
     46.94   999.99   -8.779
     47.24   999.99   -8.776
     47.55   999.99   -8.774
     47.85   999.99   -8.772
     48.16   999.99   -8.769
     48.46   999.99   -8.767
     48.77   999.99   -8.765
     49.07   999.99   -8.762
     49.38   999.99   -8.760
     49.68   999.99   -8.757
     49.99   999.99   -8.757
     50.29   999.99   -8.753
     50.60   999.99   -8.750
     50.90   999.99   -8.748
     51.21   999.99   -8.746
     51.51   999.99   -8.741
     51.82   999.99   -8.741
     52.12   999.99   -8.741
     52.43   999.99   -8.733
     52.73   999.99   -8.729
     53.04   999.99   -8.728
     53.34   999.99   -8.726
     53.64   999.99   -8.725
     53.95   999.99   -8.723
     54.25   999.99   -8.721
     54.56   999.99   -8.719
     54.86   999.99   -8.717
     55.17   999.99   -8.715
     55.47   999.99   -8.713
     55.78   999.99   -8.711
     56.08   999.99   -8.709
     56.39   999.99   -8.708
     56.69   999.99   -8.706
     57.00   999.99   -8.702
     57.30   999.99   -8.699
     57.61   999.99   -8.698
     57.91   999.99   -8.697
     58.22   999.99   -8.695
     58.52   999.99   -8.694
     58.83   999.99   -8.692
     59.13   999.99   -8.690
     59.44   999.99   -8.689
     59.74   999.99   -8.687
     60.05   999.99   -8.686
     60.35   999.99   -8.684
     60.66   999.99   -8.682
     60.96   999.99   -8.680
     61.26   999.99   -8.678
     61.57   999.99   -8.677
     61.87   999.99   -8.675
     62.18   999.99   -8.673
     62.48   999.99   -8.672
     62.79   999.99   -8.670
     63.09   999.99   -8.669
     63.40   999.99   -8.668
     63.70   999.99   -8.667
     64.01   999.99   -8.665
     64.31   999.99   -8.663
     64.62   999.99   -8.660
     64.92   999.99   -8.659
     65.23   999.99   -8.658
     65.53   999.99   -8.655
     65.84   999.99   -8.653
     66.14   999.99   -8.652
     66.45   999.99   -8.651
     66.75   999.99   -8.649
     67.06   999.99   -8.647
     67.36   999.99   -8.645
     67.67   999.99   -8.643
     67.97   999.99   -8.643
     68.28   999.99   -8.641
     68.58   999.99   -8.640
     68.88   999.99   -8.639
     69.19   999.99   -8.637
     69.49   999.99   -8.636
     69.80   999.99   -8.635
     70.10   999.99   -8.633
     70.41   999.99   -8.632
     70.71   999.99   -8.630
     71.02   999.99   -8.628
     71.32   999.99   -8.627
     71.63   999.99   -8.625
     71.93   999.99   -8.624
     72.24   999.99   -8.622
     72.54   999.99   -8.622
     72.85   999.99   -8.620
     73.15   999.99   -8.619
     73.46   999.99   -8.618
     73.76   999.99   -8.617
     74.07   999.99   -8.615
     74.37   999.99   -8.613
     74.68   999.99   -8.613
     74.98   999.99   -8.611
     75.29   999.99   -8.610
     75.59   999.99   -8.608
     75.90   999.99   -8.607
     76.20   999.99   -8.605
     76.50   999.99   -8.604
     76.81   999.99   -8.601
     77.11   999.99   -8.598
     77.42   999.99   -8.598
     77.72   999.99   -8.597
     78.03   999.99   -8.597
     78.33   999.99   -8.596
     78.64   999.99   -8.594
     78.94   999.99   -8.592
     79.25   999.99   -8.591
     79.55   999.99   -8.590
     79.86   999.99   -8.589
     80.16   999.99   -8.586
     80.47   999.99   -8.584
     80.77   999.99   -8.583
     81.08   999.99   -8.581
     81.38   999.99   -8.578
     81.69   999.99   -8.577
     81.99   999.99   -8.575
     82.30   999.99   -8.573
     82.60   999.99   -8.571
     82.91   999.99   -8.570
     83.21   999.99   -8.568
     83.52   999.99   -8.567
     83.82   999.99   -8.566
     84.12   999.99   -8.565
     84.43   999.99   -8.564
     84.73   999.99   -8.562
     85.04   999.99   -8.559
     85.34   999.99   -8.557
     85.65   999.99   -8.557
     85.95   999.99   -8.556
     86.26   999.99   -8.554
     86.56   999.99   -8.552
     86.87   999.99   -8.550
     87.17   999.99   -8.549
     87.48   999.99   -8.546
     87.78   999.99   -8.544
     88.09   999.99   -8.543
     88.39   999.99   -8.542
     88.70   999.99   -8.540
     89.00   999.99   -8.538
     89.31   999.99   -8.536
     89.61   999.99   -8.533
     89.92   999.99   -8.530
     90.22   999.99   -8.529
     90.53   999.99   -8.526
     90.83   999.99   -8.525
     91.14   999.99   -8.523
     91.44   999.99   -8.521
     91.74   999.99   -8.518
     92.05   999.99   -8.516
     92.35   999.99   -8.514
     92.66   999.99   -8.512
     92.96   999.99   -8.511
     93.27   999.99   -8.508
     93.57   999.99   -8.505
     93.88   999.99   -8.503
     94.18   999.99   -8.500
     94.49   999.99   -8.497
     94.79   999.99   -8.494
     95.10   999.99   -8.493
     95.40   999.99   -8.492
     95.71   999.99   -8.491
     96.01   999.99   -8.489
     96.32   999.99   -8.488
     96.62   999.99   -8.486
     96.93   999.99   -8.484
     97.23   999.99   -8.482
     97.54   999.99   -8.479
     97.84   999.99   -8.478
     98.15   999.99   -8.478
     98.45   999.99   -8.475
     98.76   999.99   -8.472
     99.06   999.99   -8.470
     99.36   999.99   -8.467
     99.67   999.99   -8.464
     99.97   999.99   -8.462
    100.28   999.99   -8.458
    100.58   999.99   -8.456
    100.89   999.99   -8.453
    101.19   999.99   -8.450
    101.50   999.99   -8.447
    101.80   999.99   -8.445
    102.11   999.99   -8.445
    102.41   999.99   -8.441
    102.72   999.99   -8.438
    103.02   999.99   -8.436
    103.33   999.99   -8.433
    103.63   999.99   -8.431
    103.94   999.99   -8.427
    104.24   999.99   -8.424
    104.55   999.99   -8.420
    104.85   999.99   -8.417
    105.16   999.99   -8.415
    105.46   999.99   -8.414
    105.77   999.99   -8.413
    106.07   999.99   -8.410
    106.38   999.99   -8.407
    106.68   999.99   -8.405
    106.99   999.99   -8.402
    107.29   999.99   -8.397
    107.59   999.99   -8.395
    107.90   999.99   -8.392
    108.20   999.99   -8.390
    108.51   999.99   -8.388
    108.81   999.99   -8.385
    109.12   999.99   -8.382
    109.42   999.99   -8.382
    109.73   999.99   -8.380
    110.03   999.99   -8.376
    110.34   999.99   -8.374
    110.64   999.99   -8.371
    110.95   999.99   -8.369
    111.25   999.99   -8.366
    111.56   999.99   -8.362
    111.86   999.99   -8.360
    112.17   999.99   -8.358
    112.47   999.99   -8.357
    112.78   999.99   -8.354
    113.08   999.99   -8.351
    113.39   999.99   -8.349
    113.69   999.99   -8.347
    114.00   999.99   -8.344
    114.30   999.99   -8.341
    114.61   999.99   -8.340
    114.91   999.99   -8.338
    115.21   999.99   -8.337
    115.52   999.99   -8.335
    115.82   999.99   -8.331
    116.13   999.99   -8.328
    116.43   999.99   -8.326
    116.74   999.99   -8.324
    117.04   999.99   -8.322
    117.35   999.99   -8.320
    117.65   999.99   -8.316
    117.96   999.99   -8.313
    118.26   999.99   -8.309
    118.57   999.99   -8.308
    118.87   999.99   -8.307
    119.18   999.99   -8.305
    119.48   999.99   -8.303
    119.79   999.99   -8.302
    120.09   999.99   -8.298
    120.40   999.99   -8.295
    120.70   999.99   -8.293
    121.01   999.99   -8.289
    121.31   999.99   -8.288
    121.62   999.99   -8.288
    121.92   999.99   -8.287
    122.22   999.99   -8.283
    122.53   999.99   -8.280
    122.83   999.99   -8.277
    123.14   999.99   -8.273
    123.44   999.99   -8.272
    123.75   999.99   -8.269
    124.05   999.99   -8.266
    124.36   999.99   -8.264
    124.66   999.99   -8.260
    124.97   999.99   -8.257
    125.27   999.99   -8.253
    125.58   999.99   -8.251
    125.88   999.99   -8.250
    126.19   999.99   -8.248
    126.49   999.99   -8.246
    126.80   999.99   -8.243
    127.10   999.99   -8.238
    127.41   999.99   -8.235
    127.71   999.99   -8.232
    128.02   999.99   -8.228
    128.32   999.99   -8.226
    128.63   999.99   -8.224
    128.93   999.99   -8.220
    129.24   999.99   -8.218
    129.54   999.99   -8.215
    129.85   999.99   -8.215
    130.15   999.99   -8.212
    130.45   999.99   -8.209
    130.76   999.99   -8.204
    131.06   999.99   -8.202
    131.37   999.99   -8.200
    131.67   999.99   -8.197
    131.98   999.99   -8.196
    132.28   999.99   -8.192
    132.59   999.99   -8.190
    132.89   999.99   -8.187
    133.20   999.99   -8.186
    133.50   999.99   -8.183
    133.81   999.99   -8.180
    134.11   999.99   -8.176
    134.42   999.99   -8.172
    134.72   999.99   -8.171
    135.03   999.99   -8.166
    135.33   999.99   -8.163
    135.64   999.99   -8.159
    135.94   999.99   -8.156
    136.25   999.99   -8.153
    136.55   999.99   -8.151
    136.86   999.99   -8.148
    137.16   999.99   -8.144
    137.47   999.99   -8.142
    137.77   999.99   -8.138
    138.07   999.99   -8.136
    138.38   999.99   -8.133
    138.68   999.99   -8.130
    138.99   999.99   -8.126
    139.29   999.99   -8.123
    139.60   999.99   -8.119
    139.90   999.99   -8.116
    140.21   999.99   -8.113
    140.51   999.99   -8.109
    140.82   999.99   -8.108
    141.12   999.99   -8.105
    141.43   999.99   -8.100
    141.73   999.99   -8.098
    142.04   999.99   -8.095
    142.34   999.99   -8.092
    142.65   999.99   -8.089
    142.95   999.99   -8.086
    143.26   999.99   -8.083
    143.56   999.99   -8.081
    143.87   999.99   -8.076
    144.17   999.99   -8.072
    144.48   999.99   -8.071
    144.78   999.99   -8.067
    145.09   999.99   -8.064
    145.39   999.99   -8.061
    145.69   999.99   -8.056
    146.00   999.99   -8.053
    146.30   999.99   -8.049
    146.61   999.99   -8.048
    146.91   999.99   -8.043
    147.22   999.99   -8.038
    147.52   999.99   -8.035
    147.83   999.99   -8.032
    148.13   999.99   -8.030
    148.44   999.99   -8.025
    148.74   999.99   -8.022
    149.05   999.99   -8.018
    149.35   999.99   -8.015
    149.66   999.99   -8.011
    149.96   999.99   -8.006
    150.27   999.99   -8.000
    150.57   999.99   -7.997
    150.88   999.99   -7.994
    151.18   999.99   -7.992
    151.49   999.99   -7.987
    151.79   999.99   -7.985
    152.10   999.99   -7.982
    152.40   999.99   -7.979
    152.71   999.99   -7.974
    153.01   999.99   -7.970
    153.31   999.99   -7.966
    153.62   999.99   -7.963
    153.92   999.99   -7.961
    154.23   999.99   -7.956
    154.53   999.99   -7.950
    154.84   999.99   -7.946
    155.14   999.99   -7.941
    155.45   999.99   -7.938
    155.75   999.99   -7.933
    156.06   999.99   -7.930
    156.36   999.99   -7.927
    156.67   999.99   -7.922
    156.97   999.99   -7.918
    157.28   999.99   -7.914
    157.58   999.99   -7.911
    157.89   999.99   -7.907
    158.19   999.99   -7.905
    158.50   999.99   -7.904
    158.80   999.99   -7.898
    159.11   999.99   -7.893
    159.41   999.99   -7.885
    159.72   999.99   -7.882
    160.02   999.99   -7.878
    160.33   999.99   -7.875
    160.63   999.99   -7.870
    160.93   999.99   -7.867
    161.24   999.99   -7.861
    161.54   999.99   -7.858
    161.85   999.99   -7.854
    162.15   999.99   -7.850
    162.46   999.99   -7.845
    162.76   999.99   -7.842
    163.07   999.99   -7.839
    163.37   999.99   -7.834
    163.68   999.99   -7.830
    163.98   999.99   -7.824
    164.29   999.99   -7.820
    164.59   999.99   -7.815
    164.90   999.99   -7.812
    165.20   999.99   -7.807
    165.51   999.99   -7.805
    165.81   999.99   -7.800
    166.12   999.99   -7.796
    166.42   999.99   -7.791
    166.73   999.99   -7.786
    167.03   999.99   -7.781
    167.34   999.99   -7.777
    167.64   999.99   -7.772
    167.95   999.99   -7.768
    168.25   999.99   -7.764
    168.55   999.99   -7.762
    168.86   999.99   -7.757
    169.16   999.99   -7.753
    169.47   999.99   -7.746
    169.77   999.99   -7.741
    170.08   999.99   -7.736
    170.38   999.99   -7.731
    170.69   999.99   -7.727
    170.99   999.99   -7.721
    171.30   999.99   -7.718
    171.60   999.99   -7.714
    171.91   999.99   -7.712
    172.21   999.99   -7.707
    172.52   999.99   -7.703
    172.82   999.99   -7.698
    173.13   999.99   -7.693
    173.43   999.99   -7.689
    173.74   999.99   -7.684
    174.04   999.99   -7.678
    174.35   999.99   -7.672
    174.65   999.99   -7.670
    174.96   999.99   -7.664
    175.26   999.99   -7.659
    175.57   999.99   -7.656
    175.87   999.99   -7.651
    176.17   999.99   -7.649
    176.48   999.99   -7.645
    176.78   999.99   -7.640
    177.09   999.99   -7.636
    177.39   999.99   -7.631
    177.70   999.99   -7.625
    178.00   999.99   -7.619
    178.31   999.99   -7.616
    178.61   999.99   -7.612
    178.92   999.99   -7.605
    179.22   999.99   -7.600
    179.53   999.99   -7.596
    179.83   999.99   -7.587
    180.14   999.99   -7.581
    180.44   999.99   -7.574
    180.75   999.99   -7.569
    181.05   999.99   -7.565
    181.36   999.99   -7.562
    181.66   999.99   -7.556
    181.97   999.99   -7.552
    182.27   999.99   -7.547
    182.58   999.99   -7.543
    182.88   999.99   -7.537
    183.19   999.99   -7.535
    183.49   999.99   -7.529
    183.79   999.99   -7.525
    184.10   999.99   -7.518
    184.40   999.99   -7.515
    184.71   999.99   -7.506
    185.01   999.99   -7.502
    185.32   999.99   -7.496
    185.62   999.99   -7.492
    185.93   999.99   -7.485
    186.23   999.99   -7.480
    186.54   999.99   -7.474
    186.84   999.99   -7.469
    187.15   999.99   -7.466
    187.45   999.99   -7.460
    187.76   999.99   -7.456
    188.06   999.99   -7.451
    188.37   999.99   -7.448
    188.67   999.99   -7.443
    188.98   999.99   -7.438
    189.28   999.99   -7.432
    189.59   999.99   -7.425
    189.89   999.99   -7.421
    190.20   999.99   -7.416
    190.50   999.99   -7.410
    190.81   999.99   -7.405
    191.11   999.99   -7.400
    191.41   999.99   -7.395
    191.72   999.99   -7.389
    192.02   999.99   -7.384
    192.33   999.99   -7.378
    192.63   999.99   -7.371
    192.94   999.99   -7.365
    193.24   999.99   -7.358
    193.55   999.99   -7.354
    193.85   999.99   -7.351
    194.16   999.99   -7.345
    194.46   999.99   -7.340
    194.77   999.99   -7.335
    195.07   999.99   -7.333
    195.38   999.99   -7.328
    195.68   999.99   -7.323
    195.99   999.99   -7.317
    196.29   999.99   -7.311
    196.60   999.99   -7.304
    196.90   999.99   -7.300
    197.21   999.99   -7.295
    197.51   999.99   -7.288
    197.82   999.99   -7.282
    198.12   999.99   -7.280
    198.43   999.99   -7.274
    198.73   999.99   -7.267
    199.03   999.99   -7.261
    199.34   999.99   -7.258
    199.64   999.99   -7.253
    199.95   999.99   -7.249
    200.25   999.99   -7.244
    200.56   999.99   -7.239
    200.86   999.99   -7.232
    201.17   999.99   -7.229
    201.47   999.99   -7.223
    201.78   999.99   -7.218
    202.08   999.99   -7.212
    202.39   999.99   -7.207
    202.69   999.99   -7.201
    203.00   999.99   -7.194
    203.30   999.99   -7.190
    203.61   999.99   -7.183
    203.91   999.99   -7.179
    204.22   999.99   -7.173
    204.52   999.99   -7.169
    204.83   999.99   -7.165
    205.13   999.99   -7.160
    205.44   999.99   -7.152
    205.74   999.99   -7.144
    206.05   999.99   -7.139
    206.35   999.99   -7.133
    206.65   999.99   -7.131
    206.96   999.99   -7.127
    207.26   999.99   -7.123
    207.57   999.99   -7.120
    207.87   999.99   -7.116
    208.18   999.99   -7.108
    208.48   999.99   -7.103
    208.79   999.99   -7.101
    209.09   999.99   -7.094
    209.40   999.99   -7.089
    209.70   999.99   -7.084
    210.01   999.99   -7.082
    210.31   999.99   -7.079
    210.62   999.99   -7.076
    210.92   999.99   -7.072
    211.23   999.99   -7.068
    211.53   999.99   -7.063
    211.84   999.99   -7.057
    212.14   999.99   -7.050
    212.45   999.99   -7.044
    212.75   999.99   -7.039
    213.06   999.99   -7.034
    213.36   999.99   -7.031
    213.67   999.99   -7.027
    213.97   999.99   -7.021
    214.27   999.99   -7.015
    214.58   999.99   -7.008
    214.88   999.99   -7.004
    215.19   999.99   -6.999
    215.49   999.99   -6.997
    215.80   999.99   -6.991
    216.10   999.99   -6.988
    216.41   999.99   -6.981
    216.71   999.99   -6.976
    217.02   999.99   -6.970
    217.32   999.99   -6.966
    217.63   999.99   -6.962
    217.93   999.99   -6.957
    218.24   999.99   -6.953
    218.54   999.99   -6.948
    218.85   999.99   -6.944
    219.15   999.99   -6.940
    219.46   999.99   -6.938
    219.76   999.99   -6.933
    220.07   999.99   -6.928
    220.37   999.99   -6.922
    220.68   999.99   -6.919
    220.98   999.99   -6.917
    221.29   999.99   -6.911
    221.59   999.99   -6.905
    221.89   999.99   -6.900
    222.20   999.99   -6.897
    222.50   999.99   -6.894
    222.81   999.99   -6.891
    223.11   999.99   -6.886
    223.42   999.99   -6.881
    223.72   999.99   -6.875
    224.03   999.99   -6.870
    224.33   999.99   -6.867
    224.64   999.99   -6.862
    224.94   999.99   -6.859
    225.25   999.99   -6.855
    225.55   999.99   -6.851
    225.86   999.99   -6.846
    226.16   999.99   -6.841
    226.47   999.99   -6.837
    226.77   999.99   -6.833
    227.08   999.99   -6.830
    227.38   999.99   -6.825
    227.69   999.99   -6.821
    227.99   999.99   -6.816
    228.30   999.99   -6.812
    228.60   999.99   -6.808
    228.91   999.99   -6.805
    229.21   999.99   -6.801
    229.51   999.99   -6.796
    229.82   999.99   -6.793
    230.12   999.99   -6.788
    230.43   999.99   -6.784
    230.73   999.99   -6.778
    231.04   999.99   -6.775
    231.34   999.99   -6.771
    231.65   999.99   -6.766
    231.95   999.99   -6.761
    232.26   999.99   -6.758
    232.56   999.99   -6.754
    232.87   999.99   -6.749
    233.17   999.99   -6.746
    233.48   999.99   -6.742
    233.78   999.99   -6.739
    234.09   999.99   -6.734
    234.39   999.99   -6.729
    234.70   999.99   -6.724
    235.00   999.99   -6.719
    235.31   999.99   -6.716
    235.61   999.99   -6.712
    235.92   999.99   -6.709
    236.22   999.99   -6.704
    236.53   999.99   -6.702
    236.83   999.99   -6.698
    237.13   999.99   -6.695
    237.44   999.99   -6.691
    237.74   999.99   -6.686
    238.05   999.99   -6.683
    238.35   999.99   -6.678
    238.66   999.99   -6.676
    238.96   999.99   -6.671
    239.27   999.99   -6.668
    239.57   999.99   -6.664
    239.88   999.99   -6.659
    240.18   999.99   -6.653
    240.49   999.99   -6.649
    240.79   999.99   -6.643
    241.10   999.99   -6.638
    241.40   999.99   -6.634
    241.71   999.99   -6.630
    242.01   999.99   -6.626
    242.32   999.99   -6.618
    242.62   999.99   -6.608
    242.93   999.99   -6.599
    243.23   999.99   -6.593
    243.54   999.99   -6.588
    243.84   999.99   -6.584
    244.15   999.99   -6.580
    244.45   999.99   -6.574
    244.75   999.99   -6.569
    245.06   999.99   -6.563
    245.36   999.99   -6.558
    245.67   999.99   -6.553
    245.97   999.99   -6.550
    246.28   999.99   -6.545
    246.58   999.99   -6.538
    246.89   999.99   -6.535
    247.19   999.99   -6.531
    247.50   999.99   -6.526
    247.80   999.99   -6.522
    248.11   999.99   -6.518
    248.41   999.99   -6.510
    248.72   999.99   -6.505
    249.02   999.99   -6.497
    249.33   999.99   -6.490
    249.63   999.99   -6.485
    249.94   999.99   -6.479
    250.24   999.99   -6.471
    250.55   999.99   -6.465
    250.85   999.99   -6.460
    251.16   999.99   -6.452
    251.46   999.99   -6.447
    251.77   999.99   -6.440
    252.07   999.99   -6.433
    252.37   999.99   -6.427
    252.68   999.99   -6.422
    252.98   999.99   -6.417
    253.29   999.99   -6.410
    253.59   999.99   -6.404
    253.90   999.99   -6.398
    254.20   999.99   -6.390
    254.51   999.99   -6.383
    254.81   999.99   -6.377
    255.12   999.99   -6.372
    255.42   999.99   -6.369
    255.73   999.99   -6.365
    256.03   999.99   -6.359
    256.34   999.99   -6.352
    256.64   999.99   -6.346
    256.95   999.99   -6.340
    257.25   999.99   -6.336
    257.56   999.99   -6.331
    257.86   999.99   -6.327
    258.17   999.99   -6.322
    258.47   999.99   -6.315
    258.78   999.99   -6.310
    259.08   999.99   -6.305
    259.39   999.99   -6.300
    259.69   999.99   -6.293
    259.99   999.99   -6.288
    260.30   999.99   -6.283
    260.60   999.99   -6.277
    260.91   999.99   -6.272
    261.21   999.99   -6.267
    261.52   999.99   -6.261
    261.82   999.99   -6.256
    262.13   999.99   -6.250
    262.43   999.99   -6.247
    262.74   999.99   -6.242
    263.04   999.99   -6.239
    263.35   999.99   -6.234
    263.65   999.99   -6.228
    263.96   999.99   -6.225
    264.26   999.99   -6.221
    264.57   999.99   -6.217
    264.87   999.99   -6.212
    265.18   999.99   -6.203
    265.48   999.99   -6.193
    265.79   999.99   -6.187
    266.09   999.99   -6.181
    266.40   999.99   -6.176
    266.70   999.99   -6.172
    267.01   999.99   -6.166
    267.31   999.99   -6.160
    267.61   999.99   -6.154
    267.92   999.99   -6.150
    268.22   999.99   -6.146
    268.53   999.99   -6.141
    268.83   999.99   -6.137
    269.14   999.99   -6.133
    269.44   999.99   -6.130
    269.75   999.99   -6.125
    270.05   999.99   -6.121
    270.36   999.99   -6.116
    270.66   999.99   -6.111
    270.97   999.99   -6.107
    271.27   999.99   -6.103
    271.58   999.99   -6.099
    271.88   999.99   -6.096
    272.19   999.99   -6.093
    272.49   999.99   -6.086
    272.80   999.99   -6.081
    273.10   999.99   -6.076
    273.41   999.99   -6.070
    273.71   999.99   -6.064
    274.02   999.99   -6.059
    274.32   999.99   -6.054
    274.63   999.99   -6.050
    274.93   999.99   -6.043
    275.23   999.99   -6.037
    275.54   999.99   -6.033
    275.84   999.99   -6.030
    276.15   999.99   -6.026
    276.45   999.99   -6.020
    276.76   999.99   -6.012
    277.06   999.99   -6.006
    277.37   999.99   -5.998
    277.67   999.99   -5.989
    277.98   999.99   -5.982
    278.28   999.99   -5.978
    278.59   999.99   -5.973
    278.89   999.99   -5.967
    279.20   999.99   -5.963
    279.50   999.99   -5.957
    279.81   999.99   -5.952
    280.11   999.99   -5.945
    280.42   999.99   -5.939
    280.72   999.99   -5.934
    281.03   999.99   -5.930
    281.33   999.99   -5.927
    281.64   999.99   -5.922
    281.94   999.99   -5.916
    282.25   999.99   -5.908
    282.55   999.99   -5.903
    282.86   999.99   -5.896
    283.16   999.99   -5.890
    283.46   999.99   -5.884
    283.77   999.99   -5.878
    284.07   999.99   -5.869
    284.38   999.99   -5.863
    284.68   999.99   -5.857
    284.99   999.99   -5.851
    285.29   999.99   -5.846
    285.60   999.99   -5.840
    285.90   999.99   -5.834
    286.21   999.99   -5.831
    286.51   999.99   -5.828
    286.82   999.99   -5.817
    287.12   999.99   -5.811
    287.43   999.99   -5.806
    287.73   999.99   -5.799
    288.04   999.99   -5.794
    288.34   999.99   -5.789
    288.65   999.99   -5.783
    288.95   999.99   -5.776
    289.26   999.99   -5.773
    289.56   999.99   -5.764
    289.87   999.99   -5.757
    290.17   999.99   -5.746
    290.48   999.99   -5.738
    290.78   999.99   -5.731
    291.08   999.99   -5.723
    291.39   999.99   -5.717
    291.69   999.99   -5.710
    292.00   999.99   -5.703
    292.30   999.99   -5.696
    292.61   999.99   -5.692
    292.91   999.99   -5.687
    293.22   999.99   -5.684
    293.52   999.99   -5.677
    293.83   999.99   -5.669
    294.13   999.99   -5.663
    294.44   999.99   -5.658
    294.74   999.99   -5.653
    295.05   999.99   -5.644
    295.35   999.99   -5.635
    295.66   999.99   -5.630
    295.96   999.99   -5.625
    296.27   999.99   -5.617
    296.57   999.99   -5.613
    296.88   999.99   -5.607
    297.18   999.99   -5.602
    297.49   999.99   -5.595
    297.79   999.99   -5.589
    298.10   999.99   -5.581
    298.40   999.99   -5.575
    298.70   999.99   -5.568
    299.01   999.99   -5.564
    299.31   999.99   -5.559
    299.62   999.99   -5.551
    299.92   999.99   -5.544
    300.23   999.99   -5.537
    300.53   999.99   -5.532
    300.84   999.99   -5.526
    301.14   999.99   -5.517
    301.45   999.99   -5.513
    301.75   999.99   -5.507
    302.06   999.99   -5.505
    302.36   999.99   -5.498
    302.67   999.99   -5.487
    302.97   999.99   -5.476
    303.28   999.99   -5.468
    303.58   999.99   -5.458
    303.89   999.99   -5.452
    304.19   999.99   -5.446
    304.50   999.99   -5.442
    304.80   999.99   -5.436
    305.11   999.99   -5.430
    305.41   999.99   -5.424
    305.71   999.99   -5.416
    306.02   999.99   -5.410
    306.32   999.99   -5.403
    306.63   999.99   -5.397
    306.93   999.99   -5.389
    307.24   999.99   -5.381
    307.54   999.99   -5.374
    307.85   999.99   -5.368
    308.15   999.99   -5.361
    308.46   999.99   -5.355
    308.76   999.99   -5.350
    309.07   999.99   -5.344
    309.37   999.99   -5.337
    309.68   999.99   -5.332
    309.98   999.99   -5.322
    310.29   999.99   -5.315
    310.59   999.99   -5.310
    310.90   999.99   -5.304
    311.20   999.99   -5.295
    311.51   999.99   -5.287
    311.81   999.99   -5.280
    312.12   999.99   -5.274
    312.42   999.99   -5.268
    312.73   999.99   -5.261
    313.03   999.99   -5.254
    313.33   999.99   -5.248
    313.64   999.99   -5.240
    313.94   999.99   -5.232
    314.25   999.99   -5.225
    314.55   999.99   -5.218
    314.86   999.99   -5.212
    315.16   999.99   -5.204
    315.47   999.99   -5.195
    315.77   999.99   -5.189
    316.08   999.99   -5.183
    316.38   999.99   -5.177
    316.69   999.99   -5.172
    316.99   999.99   -5.165
    317.30   999.99   -5.162
    317.60   999.99   -5.155
    317.91   999.99   -5.150
    318.21   999.99   -5.145
    318.52   999.99   -5.139
    318.82   999.99   -5.132
    319.13   999.99   -5.125
    319.43   999.99   -5.117
    319.74   999.99   -5.111
    320.04   999.99   -5.105
    320.35   999.99   -5.098
    320.65   999.99   -5.090
    320.95   999.99   -5.084
    321.26   999.99   -5.077
    321.56   999.99   -5.072
    321.87   999.99   -5.068
    322.17   999.99   -5.063
    322.48   999.99   -5.056
    322.78   999.99   -5.047
    323.09   999.99   -5.041
    323.39   999.99   -5.037
    323.70   999.99   -5.032
    324.00   999.99   -5.025
    324.31   999.99   -5.019
    324.61   999.99   -5.011
    324.92   999.99   -5.004
    325.22   999.99   -4.996
    325.53   999.99   -4.990
    325.83   999.99   -4.985
    326.14   999.99   -4.980
    326.44   999.99   -4.973
    326.75   999.99   -4.964
    327.05   999.99   -4.955
    327.36   999.99   -4.948
    327.66   999.99   -4.941
    327.97   999.99   -4.936
    328.27   999.99   -4.930
    328.58   999.99   -4.923
    328.88   999.99   -4.915
    329.18   999.99   -4.910
    329.49   999.99   -4.903
    329.79   999.99   -4.894
    330.10   999.99   -4.886
    330.40   999.99   -4.878
    330.71   999.99   -4.873
    331.01   999.99   -4.867
    331.32   999.99   -4.858
    331.62   999.99   -4.849
    331.93   999.99   -4.843
    332.23   999.99   -4.836
    332.54   999.99   -4.831
    332.84   999.99   -4.826
    333.15   999.99   -4.817
    333.45   999.99   -4.810
    333.76   999.99   -4.802
    334.06   999.99   -4.796
    334.37   999.99   -4.789
    334.67   999.99   -4.785
    334.98   999.99   -4.779
    335.28   999.99   -4.772
    335.59   999.99   -4.765
    335.89   999.99   -4.757
    336.20   999.99   -4.755
    336.50   999.99   -4.748
    336.80   999.99   -4.744
    337.11   999.99   -4.739
    337.41   999.99   -4.732
    337.72   999.99   -4.725
    338.02   999.99   -4.719
    338.33   999.99   -4.709
    338.63   999.99   -4.700
    338.94   999.99   -4.693
    339.24   999.99   -4.687
    339.55   999.99   -4.679
    339.85   999.99   -4.673
    340.16   999.99   -4.665
    340.46   999.99   -4.660
    340.77   999.99   -4.655
    341.07   999.99   -4.648
    341.38   999.99   -4.639
    341.68   999.99   -4.634
    341.99   999.99   -4.630
    342.29   999.99   -4.623
    342.60   999.99   -4.618
    342.90   999.99   -4.612
    343.21   999.99   -4.606
    343.51   999.99   -4.600
    343.82   999.99   -4.594
    344.12   999.99   -4.588
    344.42   999.99   -4.582
    344.73   999.99   -4.577
    345.03   999.99   -4.570
    345.34   999.99   -4.563
    345.64   999.99   -4.557
    345.95   999.99   -4.550
    346.25   999.99   -4.544
    346.56   999.99   -4.538
    346.86   999.99   -4.532
    347.17   999.99   -4.527
    347.47   999.99   -4.523
    347.78   999.99   -4.518
    348.08   999.99   -4.510
    348.39   999.99   -4.504
    348.69   999.99   -4.496
    349.00   999.99   -4.487
    349.30   999.99   -4.480
    349.61   999.99   -4.473
    349.91   999.99   -4.467
    350.22   999.99   -4.461
    350.52   999.99   -4.455
    350.83   999.99   -4.448
    351.13   999.99   -4.443
    351.44   999.99   -4.438
    351.74   999.99   -4.431
    352.04   999.99   -4.424
    352.35   999.99   -4.419
    352.65   999.99   -4.412
    352.96   999.99   -4.406
    353.26   999.99   -4.400
    353.57   999.99   -4.394
    353.87   999.99   -4.387
    354.18   999.99   -4.381
    354.48   999.99   -4.376
    354.79   999.99   -4.372
    355.09   999.99   -4.367
    355.40   999.99   -4.362
    355.70   999.99   -4.356
    356.01   999.99   -4.347
    356.31   999.99   -4.337
    356.62   999.99   -4.328
    356.92   999.99   -4.319
    357.23   999.99   -4.313
    357.53   999.99   -4.308
    357.84   999.99   -4.304
    358.14   999.99   -4.301
    358.45   999.99   -4.296
    358.75   999.99   -4.291
    359.06   999.99   -4.284
    359.36   999.99   -4.280
    359.66   999.99   -4.274
    359.97   999.99   -4.267
    360.27   999.99   -4.260
    360.58   999.99   -4.255
    360.88   999.99   -4.249
    361.19   999.99   -4.245
    361.49   999.99   -4.241
    361.80   999.99   -4.237
    362.10   999.99   -4.231
    362.41   999.99   -4.226
    362.71   999.99   -4.220
    363.02   999.99   -4.213
    363.32   999.99   -4.206
    363.63   999.99   -4.198
    363.93   999.99   -4.190
    364.24   999.99   -4.177
    364.54   999.99   -4.165
    364.85   999.99   -4.155
    365.15   999.99   -4.147
    365.46   999.99   -4.141
    365.76   999.99   -4.137
    366.07   999.99   -4.134
    366.37   999.99   -4.128
    366.68   999.99   -4.123
    366.98   999.99   -4.118
    367.28   999.99   -4.111
    367.59   999.99   -4.106
    367.89   999.99   -4.100
    368.20   999.99   -4.095
    368.50   999.99   -4.092
    368.81   999.99   -4.088
    369.11   999.99   -4.082
    369.42   999.99   -4.076
    369.72   999.99   -4.069
    370.03   999.99   -4.062
    370.33   999.99   -4.055
    370.64   999.99   -4.050
    370.94   999.99   -4.045
    371.25   999.99   -4.039
    371.55   999.99   -4.033
    371.86   999.99   -4.028
    372.16   999.99   -4.023
    372.47   999.99   -4.017
    372.77   999.99   -4.010
    373.08   999.99   -4.003
    373.38   999.99   -3.998
    373.69   999.99   -3.994
    373.99   999.99   -3.989
    374.30   999.99   -3.982
    374.60   999.99   -3.978
    374.90   999.99   -3.973
    375.21   999.99   -3.968
    375.51   999.99   -3.961
    375.82   999.99   -3.953
    376.12   999.99   -3.948
    376.43   999.99   -3.943
    376.73   999.99   -3.935
    377.04   999.99   -3.928
    377.34   999.99   -3.920
    377.65   999.99   -3.913
    377.95   999.99   -3.906
    378.26   999.99   -3.900
    378.56   999.99   -3.895
    378.87   999.99   -3.891
    379.17   999.99   -3.887
    379.48   999.99   -3.882
    379.78   999.99   -3.876
    380.09   999.99   -3.871
    380.39   999.99   -3.865
    380.70   999.99   -3.859
    381.00   999.99   -3.855
    381.31   999.99   -3.849
    381.61   999.99   -3.845
    381.92   999.99   -3.839
    382.22   999.99   -3.835
    382.52   999.99   -3.830
    382.83   999.99   -3.823
    383.13   999.99   -3.818
    383.44   999.99   -3.814
    383.74   999.99   -3.809
    384.05   999.99   -3.802
    384.35   999.99   -3.795
    384.66   999.99   -3.787
    384.96   999.99   -3.780
    385.27   999.99   -3.773
    385.57   999.99   -3.766
    385.88   999.99   -3.759
    386.18   999.99   -3.754
    386.49   999.99   -3.749
    386.79   999.99   -3.744
    387.10   999.99   -3.736
    387.40   999.99   -3.729
    387.71   999.99   -3.724
    388.01   999.99   -3.716
    388.32   999.99   -3.710
    388.62   999.99   -3.705
    388.93   999.99   -3.698
    389.23   999.99   -3.692
    389.54   999.99   -3.684
    389.84   999.99   -3.677
    390.14   999.99   -3.670
    390.45   999.99   -3.665
    390.75   999.99   -3.660
    391.06   999.99   -3.653
    391.36   999.99   -3.646
    391.67   999.99   -3.641
    391.97   999.99   -3.635
    392.28   999.99   -3.629
    392.58   999.99   -3.622
    392.89   999.99   -3.618
    393.19   999.99   -3.613
    393.50   999.99   -3.606
    393.80   999.99   -3.599
    394.11   999.99   -3.593
    394.41   999.99   -3.588
    394.72   999.99   -3.583
    395.02   999.99   -3.578
    395.33   999.99   -3.571
    395.63   999.99   -3.567
    395.94   999.99   -3.561
    396.24   999.99   -3.556
    396.85   999.99   -3.546
    397.16   999.99   -3.542
    397.46   999.99   -3.536
    397.76   999.99   -3.530
    398.07   999.99   -3.525
    398.37   999.99   -3.520
    398.68   999.99   -3.515
    398.98   999.99   -3.509
    399.29   999.99   -3.502
    399.59   999.99   -3.495
    399.90   999.99   -3.488
    400.20   999.99   -3.482
    400.51   999.99   -3.479
    400.81   999.99   -3.475
    401.12   999.99   -3.470
    401.42   999.99   -3.462
    401.73   999.99   -3.453
    402.03   999.99   -3.448
    402.34   999.99   -3.442
    402.64   999.99   -3.436
    402.95   999.99   -3.432
    403.25   999.99   -3.429
    403.56   999.99   -3.423
    403.86   999.99   -3.419
    404.17   999.99   -3.413
    404.47   999.99   -3.407
    404.78   999.99   -3.402
    405.08   999.99   -3.398
    405.38   999.99   -3.393
    405.69   999.99   -3.386
    405.99   999.99   -3.378
    406.30   999.99   -3.371
    406.60   999.99   -3.367
    406.91   999.99   -3.363
    407.21   999.99   -3.358
    407.52   999.99   -3.353
    407.82   999.99   -3.348
    408.13   999.99   -3.344
    408.43   999.99   -3.340
    408.74   999.99   -3.337
    409.04   999.99   -3.329
    409.35   999.99   -3.323
    409.65   999.99   -3.318
    409.96   999.99   -3.313
    410.26   999.99   -3.307
    410.57   999.99   -3.304
    410.87   999.99   -3.299
    411.18   999.99   -3.296
    411.48   999.99   -3.291
    411.79   999.99   -3.286
    412.09   999.99   -3.280
    412.40   999.99   -3.276
    412.70   999.99   -3.271
    413.00   999.99   -3.267
    413.31   999.99   -3.262
    413.61   999.99   -3.258
    413.92   999.99   -3.251
    414.22   999.99   -3.247
    414.53   999.99   -3.243
    414.83   999.99   -3.238
    415.14   999.99   -3.233
    415.44   999.99   -3.227
    415.75   999.99   -3.221
    416.05   999.99   -3.217
    416.36   999.99   -3.214
    416.66   999.99   -3.210
    416.97   999.99   -3.205
    417.27   999.99   -3.199
    417.58   999.99   -3.194
    417.88   999.99   -3.189
    418.19   999.99   -3.184
    418.49   999.99   -3.180
    418.80   999.99   -3.178
    419.10   999.99   -3.174
    419.41   999.99   -3.171
    419.71   999.99   -3.165
    420.02   999.99   -3.159
    420.32   999.99   -3.154
    420.62   999.99   -3.150
    420.93   999.99   -3.146
    421.23   999.99   -3.143
    421.54   999.99   -3.138
    421.84   999.99   -3.134
    422.15   999.99   -3.130
    422.45   999.99   -3.125
    422.76   999.99   -3.121
    423.06   999.99   -3.116
    423.37   999.99   -3.111
    423.67   999.99   -3.108
    423.98   999.99   -3.103
    424.28   999.99   -3.098
    424.59   999.99   -3.094
    424.89   999.99   -3.090
    425.20   999.99   -3.086
    425.50   999.99   -3.082
    425.81   999.99   -3.077
    426.11   999.99   -3.073
    426.42   999.99   -3.069
    426.72   999.99   -3.063
    427.03   999.99   -3.059
    427.33   999.99   -3.055
    427.64   999.99   -3.052
    427.94   999.99   -3.046
    428.24   999.99   -3.043
    428.55   999.99   -3.039
    428.85   999.99   -3.033
    429.16   999.99   -3.029
    429.46   999.99   -3.025
    429.77   999.99   -3.021
    430.07   999.99   -3.015
    430.38   999.99   -3.009
    430.68   999.99   -3.003
    430.99   999.99   -2.999
    431.29   999.99   -2.995
    431.60   999.99   -2.991
    431.90   999.99   -2.988
    432.21   999.99   -2.983
    432.51   999.99   -2.976
    432.82   999.99   -2.972
    433.12   999.99   -2.968
    433.43   999.99   -2.962
    433.73   999.99   -2.957
    434.04   999.99   -2.953
    434.34   999.99   -2.949
    434.65   999.99   -2.945
    434.95   999.99   -2.939
    435.26   999.99   -2.935
    435.56   999.99   -2.932
    435.86   999.99   -2.927
    436.17   999.99   -2.923
    436.47   999.99   -2.918
    436.78   999.99   -2.913
    437.08   999.99   -2.907
    437.39   999.99   -2.901
    437.69   999.99   -2.896
    438.00   999.99   -2.892
    438.30   999.99   -2.889
    438.61   999.99   -2.885
    438.91   999.99   -2.880
    439.22   999.99   -2.875
    439.52   999.99   -2.871
    439.83   999.99   -2.867
    440.13   999.99   -2.861
    440.44   999.99   -2.855
    440.74   999.99   -2.850
    441.05   999.99   -2.846
    441.35   999.99   -2.842
    441.66   999.99   -2.840
    441.96   999.99   -2.836
    442.27   999.99   -2.832
    442.57   999.99   -2.829
    442.88   999.99   -2.824
    443.18   999.99   -2.818
    443.48   999.99   -2.812
    443.79   999.99   -2.808
    444.09   999.99   -2.803
    444.40   999.99   -2.798
    444.70   999.99   -2.793
    445.01   999.99   -2.788
    445.31   999.99   -2.782
    445.62   999.99   -2.778
    445.92   999.99   -2.773
    446.23   999.99   -2.769
    446.53   999.99   -2.764
    446.84   999.99   -2.760
    447.14   999.99   -2.755
    447.45   999.99   -2.749
    447.75   999.99   -2.743
    448.06   999.99   -2.738
    448.36   999.99   -2.733
    448.67   999.99   -2.729
    448.97   999.99   -2.721
    449.28   999.99   -2.713
    449.58   999.99   -2.707
    449.89   999.99   -2.703
    450.19   999.99   -2.698
    450.50   999.99   -2.692
    450.80   999.99   -2.687
    451.10   999.99   -2.683
    451.41   999.99   -2.676
    451.71   999.99   -2.671
    452.02   999.99   -2.666
    452.32   999.99   -2.662
    452.63   999.99   -2.656
    452.93   999.99   -2.650
    453.24   999.99   -2.646
    453.54   999.99   -2.641
    453.85   999.99   -2.634
    454.15   999.99   -2.630
    454.46   999.99   -2.625
    454.76   999.99   -2.620
    455.07   999.99   -2.616
    455.37   999.99   -2.610
    455.68   999.99   -2.607
    455.98   999.99   -2.602
    456.29   999.99   -2.596
    456.59   999.99   -2.590
    456.90   999.99   -2.585
    457.20   999.99   -2.581
    457.51   999.99   -2.577
    457.81   999.99   -2.569
    458.12   999.99   -2.564
    458.42   999.99   -2.559
    458.72   999.99   -2.554
    459.03   999.99   -2.549
    459.33   999.99   -2.544
    459.64   999.99   -2.538
    459.94   999.99   -2.532
    460.25   999.99   -2.524
    460.55   999.99   -2.517
    460.86   999.99   -2.509
    461.16   999.99   -2.503
    461.47   999.99   -2.499
    461.77   999.99   -2.496
    462.08   999.99   -2.491
    462.38   999.99   -2.484
    462.69   999.99   -2.478
    462.99   999.99   -2.473
    463.30   999.99   -2.467
    463.60   999.99   -2.462
    463.91   999.99   -2.457
    464.21   999.99   -2.452
    464.52   999.99   -2.444
    464.82   999.99   -2.437
    465.13   999.99   -2.431
    465.43   999.99   -2.426
    465.74   999.99   -2.421
    466.04   999.99   -2.416
    466.34   999.99   -2.410
    466.65   999.99   -2.404
    466.95   999.99   -2.401
    467.26   999.99   -2.393
    467.56   999.99   -2.386
    467.87   999.99   -2.380
    468.17   999.99   -2.373
    468.48   999.99   -2.366
    468.78   999.99   -2.359
    469.09   999.99   -2.355
    469.39   999.99   -2.351
    469.70   999.99   -2.346
    470.00   999.99   -2.341
    470.31   999.99   -2.335
    470.61   999.99   -2.329
    470.92   999.99   -2.322
    471.22   999.99   -2.317
    471.53   999.99   -2.312
    471.83   999.99   -2.304
    472.14   999.99   -2.297
    472.44   999.99   -2.290
    472.75   999.99   -2.284
    473.05   999.99   -2.278
    473.36   999.99   -2.271
    473.66   999.99   -2.264
    473.96   999.99   -2.256
    474.27   999.99   -2.252
    474.57   999.99   -2.247
    474.88   999.99   -2.242
    475.18   999.99   -2.238
    475.49   999.99   -2.234
    475.79   999.99   -2.230
    476.10   999.99   -2.228
    476.40   999.99   -2.227
    476.71   999.99   -2.226
    477.01   999.99   -2.222
    477.32   999.99   -2.202
    477.62   999.99   -2.148
    477.93   999.99   -2.088
    478.23   999.99   -2.050
    478.54   999.99   -2.019
    478.84   999.99   -2.001
    479.15   999.99   -1.982
    479.45   999.99   -1.971
    479.76   999.99   -1.964
    480.06   999.99   -1.959
    480.37   999.99   -1.954
    480.67   999.99   -1.951
    480.98   999.99   -1.947
    481.28   999.99   -1.941
    481.58   999.99   -1.935
    481.89   999.99   -1.929
    482.19   999.99   -1.924
    482.50   999.99   -1.919
    482.80   999.99   -1.910
    483.11   999.99   -1.905
    483.41   999.99   -1.900
    483.72   999.99   -1.894
    484.02   999.99   -1.888
    484.33   999.99   -1.883
    484.63   999.99   -1.877
    484.94   999.99   -1.871
    485.24   999.99   -1.864
    485.55   999.99   -1.858
    485.85   999.99   -1.853
    486.16   999.99   -1.844
    486.46   999.99   -1.837
    486.77   999.99   -1.830
    487.07   999.99   -1.823
    487.38   999.99   -1.816
    487.68   999.99   -1.809
    487.99   999.99   -1.803
    488.29   999.99   -1.795
    488.60   999.99   -1.787
    488.90   999.99   -1.780
    489.20   999.99   -1.773
    489.51   999.99   -1.767
    489.81   999.99   -1.759
    490.12   999.99   -1.753
    490.42   999.99   -1.746
    490.73   999.99   -1.741
    491.03   999.99   -1.734
    491.34   999.99   -1.728
    491.64   999.99   -1.721
    491.95   999.99   -1.714
    492.25   999.99   -1.709
    492.56   999.99   -1.703
    492.86   999.99   -1.698
    493.17   999.99   -1.692
    493.47   999.99   -1.687
    493.78   999.99   -1.682
    494.08   999.99   -1.677
    494.39   999.99   -1.670
    494.69   999.99   -1.665
    495.00   999.99   -1.659
    495.30   999.99   -1.654
    495.61   999.99   -1.650
    495.91   999.99   -1.645
    496.22   999.99   -1.639
    496.52   999.99   -1.632
    496.83   999.99   -1.627
    497.13   999.99   -1.621
    497.43   999.99   -1.616
    497.74   999.99   -1.612
    498.04   999.99   -1.608
    498.35   999.99   -1.604
    498.65   999.99   -1.600
    498.96   999.99   -1.596
    499.26   999.99   -1.589
    499.57   999.99   -1.584
    499.87   999.99   -1.578
    500.18   999.99   -1.572
    500.48   999.99   -1.566
    500.79   999.99   -1.562
    501.09   999.99   -1.557
    501.40   999.99   -1.553
    501.70   999.99   -1.548
    502.01   999.99   -1.543
    502.31   999.99   -1.538
    502.62   999.99   -1.533
    502.92   999.99   -1.528
    503.23   999.99   -1.524
    503.53   999.99   -1.519
    503.84   999.99   -1.513
    504.14   999.99   -1.506
    504.45   999.99   -1.501
    504.75   999.99   -1.496
    505.05   999.99   -1.491
    505.36   999.99   -1.486
    505.66   999.99   -1.479
    505.97   999.99   -1.474
    506.27   999.99   -1.468
    506.58   999.99   -1.462
    506.88   999.99   -1.457
    507.19   999.99   -1.452
    507.49   999.99   -1.446
    507.80   999.99   -1.440
    508.10   999.99   -1.434
    508.41   999.99   -1.428
    508.71   999.99   -1.422
    509.02   999.99   -1.417
    509.32   999.99   -1.412
    509.63   999.99   -1.407
    509.93   999.99   -1.400
    510.24   999.99   -1.394
    510.54   999.99   -1.387
    510.85   999.99   -1.381
    511.15   999.99   -1.374
    511.46   999.99   -1.368
    511.76   999.99   -1.362
    512.07   999.99   -1.357
    512.37   999.99   -1.352
    512.67   999.99   -1.346
    512.98   999.99   -1.340
    513.28   999.99   -1.334
    513.59   999.99   -1.326
    513.89   999.99   -1.320
    514.20   999.99   -1.314
    514.50   999.99   -1.309
    514.81   999.99   -1.304
    515.11   999.99   -1.297
    515.42   999.99   -1.290
    515.72   999.99   -1.282
    516.03   999.99   -1.276
    516.33   999.99   -1.270
    516.64   999.99   -1.263
    516.94   999.99   -1.257
    517.25   999.99   -1.250
    517.55   999.99   -1.243
    517.86   999.99   -1.237
    518.16   999.99   -1.233
    518.47   999.99   -1.227
    518.77   999.99   -1.222
    519.08   999.99   -1.216
    519.38   999.99   -1.209
    519.69   999.99   -1.203
    519.99   999.99   -1.196
    520.29   999.99   -1.191
    520.60   999.99   -1.184
    520.90   999.99   -1.179
    521.21   999.99   -1.173
    521.51   999.99   -1.167
    521.82   999.99   -1.161
    522.12   999.99   -1.155
    522.43   999.99   -1.149
    522.73   999.99   -1.144
    523.04   999.99   -1.139
    523.34   999.99   -1.133
    523.65   999.99   -1.125
    523.95   999.99   -1.120
    524.26   999.99   -1.115
    524.56   999.99   -1.110
    524.87   999.99   -1.105
    525.17   999.99   -1.099
    525.48   999.99   -1.094
    525.78   999.99   -1.088
    526.09   999.99   -1.083
    526.39   999.99   -1.079
    526.70   999.99   -1.074
    527.00   999.99   -1.070
    527.31   999.99   -1.066
    527.61   999.99   -1.062
    527.91   999.99   -1.057
    528.22   999.99   -1.049
    528.52   999.99   -1.045
    528.83   999.99   -1.041
    529.13   999.99   -1.038
    529.44   999.99   -1.033
    529.74   999.99   -1.028
    530.05   999.99   -1.025
    530.35   999.99   -1.020
    530.66   999.99   -1.016
    530.96   999.99   -1.013
    531.27   999.99   -1.008
    531.57   999.99   -1.003
    531.88   999.99   -1.000
    532.18   999.99    -.995
    532.49   999.99    -.991
    532.79   999.99    -.987
    533.10   999.99    -.984
    533.40   999.99    -.979
    533.71   999.99    -.974
    534.01   999.99    -.970
    534.32   999.99    -.965
    534.62   999.99    -.960
    534.92   999.99    -.955
    535.23   999.99    -.952
    535.53   999.99    -.946
    535.84   999.99    -.941
    536.14   999.99    -.936
    536.45   999.99    -.932
    536.75   999.99    -.927
    537.06   999.99    -.923
    537.36   999.99    -.918
    537.67   999.99    -.914
    537.97   999.99    -.910
    538.28   999.99    -.904
    538.58   999.99    -.900
    538.89   999.99    -.895
    539.19   999.99    -.891
    539.50   999.99    -.886
    539.80   999.99    -.881
    540.11   999.99    -.876
    540.41   999.99    -.872
    540.72   999.99    -.867
    541.02   999.99    -.863
    541.33   999.99    -.859
    541.63   999.99    -.854
    541.94   999.99    -.849
    542.24   999.99    -.845
    542.55   999.99    -.839
    542.85   999.99    -.835
    543.15   999.99    -.831
    543.46   999.99    -.825
    543.76   999.99    -.820
    544.07   999.99    -.815
    544.37   999.99    -.809
    544.68   999.99    -.805
    544.98   999.99    -.800
    545.29   999.99    -.795
    545.59   999.99    -.791
    545.90   999.99    -.786
    546.20   999.99    -.782
    546.51   999.99    -.777
    546.81   999.99    -.772
    547.12   999.99    -.767
    547.42   999.99    -.761
    547.73   999.99    -.758
    548.03   999.99    -.751
    548.34   999.99    -.747
    548.64   999.99    -.741
    548.95   999.99    -.736
    549.25   999.99    -.730
    549.56   999.99    -.724
    549.86   999.99    -.719
    550.17   999.99    -.713
    550.47   999.99    -.707
    550.77   999.99    -.702
    551.08   999.99    -.696
    551.38   999.99    -.690
    551.69   999.99    -.685
    551.99   999.99    -.681
    552.30   999.99    -.676
    552.60   999.99    -.671
    552.91   999.99    -.665
    553.21   999.99    -.658
    553.52   999.99    -.653
    553.82   999.99    -.647
    554.13   999.99    -.639
    554.43   999.99    -.632
    554.74   999.99    -.625
    555.04   999.99    -.618
    555.35   999.99    -.612
    555.65   999.99    -.606
    555.96   999.99    -.601
    556.26   999.99    -.595
    556.57   999.99    -.589
    556.87   999.99    -.578
    557.18   999.99    -.572
    557.48   999.99    -.563
    557.79   999.99    -.555
    558.09   999.99    -.548
    558.39   999.99    -.541
    558.70   999.99    -.533
    559.00   999.99    -.527
    559.31   999.99    -.520
    559.61   999.99    -.513
    559.92   999.99    -.507
    560.22   999.99    -.498
    560.53   999.99    -.490
    560.83   999.99    -.484
    561.14   999.99    -.476
    561.44   999.99    -.468
    561.75   999.99    -.460
    562.05   999.99    -.452
    562.36   999.99    -.444
    562.66   999.99    -.436
    562.97   999.99    -.426
    563.27   999.99    -.419
    563.58   999.99    -.412
    563.88   999.99    -.403
    564.19   999.99    -.398
    564.49   999.99    -.390
    564.80   999.99    -.382
    565.10   999.99    -.374
    565.41   999.99    -.365
    565.71   999.99    -.356
    566.01   999.99    -.346
    566.32   999.99    -.334
    566.62   999.99    -.326
    566.93   999.99    -.318
    567.23   999.99    -.312
    567.54   999.99    -.300
    567.84   999.99    -.291
    568.15   999.99    -.282
    568.45   999.99    -.270
    568.76   999.99    -.259
    569.06   999.99    -.249
    569.37   999.99    -.239
    569.67   999.99    -.232
    569.98   999.99    -.225
    570.28   999.99    -.216
    570.59   999.99    -.209
    570.89   999.99    -.198
    571.20   999.99    -.187
    571.50   999.99    -.176
    571.81   999.99    -.165
    572.11   999.99    -.154
    572.42   999.99    -.144
    572.72   999.99    -.135
    573.03   999.99    -.127
    573.33   999.99    -.118
    573.63   999.99    -.109
    573.94   999.99    -.100
    574.24   999.99    -.089
    574.55   999.99    -.080
    574.85   999.99    -.070
    575.16   999.99    -.060
    575.46   999.99    -.049
    575.77   999.99    -.039
    576.07   999.99    -.030
    576.38   999.99    -.020
    576.68   999.99    -.013
    576.99   999.99    -.003
    577.29   999.99     .007
    577.60   999.99     .017
    577.90   999.99     .029
    578.21   999.99     .037
    578.51   999.99     .046
    578.82   999.99     .057
    579.12   999.99     .069
    579.43   999.99     .079
    579.73   999.99     .087
    580.04   999.99     .096
    580.34   999.99     .108
    580.65   999.99     .120
    580.95   999.99     .131
    581.25   999.99     .144
    581.56   999.99     .160
    581.86   999.99     .170
    582.17   999.99     .179
    582.47   999.99     .188
    582.78   999.99     .197
    583.08   999.99     .204
    583.39   999.99     .213
    583.69   999.99     .220
    584.00   999.99     .231
    584.30   999.99     .242
    584.61   999.99     .251
    584.91   999.99     .262
    585.22   999.99     .273
    585.52   999.99     .285
    585.83   999.99     .297
    586.13   999.99     .307
    586.44   999.99     .316
    586.74   999.99     .328
    587.05   999.99     .339
    587.35   999.99     .350
    587.66   999.99     .359
    587.96   999.99     .369
    588.27   999.99     .381
    588.57   999.99     .394
    588.87   999.99     .405
    589.18   999.99     .415
    589.48   999.99     .428
    589.79   999.99     .438
    590.09   999.99     .450
    590.40   999.99     .461
    590.70   999.99     .470
    591.01   999.99     .482
    591.31   999.99     .494
    591.62   999.99     .510
    591.92   999.99     .519
    592.23   999.99     .529
    592.53   999.99     .538
    592.84   999.99     .551
    593.14   999.99     .563
    593.45   999.99     .576
    593.75   999.99     .587
    594.06   999.99     .596
    594.36   999.99     .607
    594.67   999.99     .617
    594.97   999.99     .628
    595.28   999.99     .636
    595.58   999.99     .643
    595.89   999.99     .653
    596.19   999.99     .663
    596.49   999.99     .676
    596.80   999.99     .690
    597.10   999.99     .701
    597.41   999.99     .711
    597.71   999.99     .723
    598.02   999.99     .737
    598.32   999.99     .748
    598.63   999.99     .756
    598.93   999.99     .765
    599.24   999.99     .776
    599.54   999.99     .786
    599.85   999.99     .795
    600.15   999.99     .806
    600.46   999.99     .817
    600.76   999.99     .828
    601.07   999.99     .838
    601.37   999.99     .849
    601.68   999.99     .864
    601.98   999.99     .876
    602.29   999.99     .889
    602.59   999.99     .903
    602.90   999.99     .915
    603.20   999.99     .928
    603.51   999.99     .938
    603.81   999.99     .950
    604.11   999.99     .961
    604.42   999.99     .971
    604.72   999.99     .983
    605.03   999.99     .993
    605.33   999.99    1.001
    605.64   999.99    1.014
    605.94   999.99    1.028
    606.25   999.99    1.040
    606.55   999.99    1.052
    606.86   999.99    1.065
    607.16   999.99    1.075
    607.47   999.99    1.085
    607.77   999.99    1.098
    608.08   999.99    1.112
    608.38   999.99    1.124
    608.69   999.99    1.138
    608.99   999.99    1.152
    609.30   999.99    1.165
    609.60   999.99    1.178
    609.91   999.99    1.191
    610.21   999.99    1.202
    610.52   999.99    1.209
    610.82   999.99    1.219
    611.13   999.99    1.234
    611.43   999.99    1.250
    611.73   999.99    1.267
    612.04   999.99    1.281
    612.34   999.99    1.288
    612.65   999.99    1.299
    612.95   999.99    1.310
    613.26   999.99    1.322
    613.56   999.99    1.337
    613.87   999.99    1.353
    614.17   999.99    1.370
    614.48   999.99    1.384
    614.78   999.99    1.399
    615.09   999.99    1.410
    615.39   999.99    1.422
    615.70   999.99    1.430
    616.00   999.99    1.439
    616.31   999.99    1.448
    616.61   999.99    1.458
    616.92   999.99    1.475
    617.22   999.99    1.489
    617.53   999.99    1.504
    617.83   999.99    1.517
    618.14   999.99    1.527
    618.44   999.99    1.538
    618.75   999.99    1.550
    619.05   999.99    1.560
    619.35   999.99    1.574
    619.66   999.99    1.585
    619.96   999.99    1.600
    620.27   999.99    1.610
    620.57   999.99    1.620
    620.88   999.99    1.634
    621.18   999.99    1.643
    621.49   999.99    1.655
    621.79   999.99    1.665
    622.10   999.99    1.681
    622.40   999.99    1.696
    622.71   999.99    1.708
    623.01   999.99    1.717
    623.32   999.99    1.727
    623.62   999.99    1.740
    623.93   999.99    1.756
    624.23   999.99    1.769
    624.54   999.99    1.781
    624.84   999.99    1.795
    625.15   999.99    1.809
    625.45   999.99    1.818
    625.76   999.99    1.827
    626.06   999.99    1.838
    626.37   999.99    1.847
    626.67   999.99    1.856
    626.97   999.99    1.872
    627.28   999.99    1.885
    627.58   999.99    1.898
    627.89   999.99    1.908
    628.19   999.99    1.921
    628.50   999.99    1.937
    628.80   999.99    1.945
    629.11   999.99    1.957
    629.41   999.99    1.971
    629.72   999.99    1.980
    630.02   999.99    1.993
    630.33   999.99    2.010
    630.63   999.99    2.024
    630.94   999.99    2.036
    631.24   999.99    2.048
    631.55   999.99    2.057
    631.85   999.99    2.067
    632.16   999.99    2.078
    632.46   999.99    2.087
    632.77   999.99    2.097
    633.07   999.99    2.110
    633.38   999.99    2.126
    633.68   999.99    2.139
    633.99   999.99    2.152
    634.29   999.99    2.167
    634.59   999.99    2.182
    634.90   999.99    2.193
    635.20   999.99    2.210
    635.51   999.99    2.224
    635.81   999.99    2.236
    636.12   999.99    2.251
    636.42   999.99    2.264
    636.73   999.99    2.277
    637.03   999.99    2.291
    637.34   999.99    2.301
    637.64   999.99    2.316
    637.95   999.99    2.326
    638.25   999.99    2.335
    638.56   999.99    2.347
    638.86   999.99    2.355
    639.17   999.99    2.367
    639.47   999.99    2.382
    639.78   999.99    2.396
    640.08   999.99    2.409
    640.39   999.99    2.421
    640.69   999.99    2.434
    641.00   999.99    2.448
    641.30   999.99    2.461
    641.61   999.99    2.474
    641.91   999.99    2.484
    642.21   999.99    2.496
    642.52   999.99    2.513
    642.82   999.99    2.527
    643.13   999.99    2.538
    643.43   999.99    2.551
    643.74   999.99    2.562
    644.04   999.99    2.574
    644.35   999.99    2.591
    644.65   999.99    2.606
    644.96   999.99    2.619
    645.26   999.99    2.629
    645.57   999.99    2.641
    645.87   999.99    2.655
    646.18   999.99    2.668
    646.48   999.99    2.683
    646.79   999.99    2.693
    647.09   999.99    2.707
    647.40   999.99    2.723
    647.70   999.99    2.736
    648.01   999.99    2.752
    648.31   999.99    2.766
    648.62   999.99    2.775
    648.92   999.99    2.788
    649.23   999.99    2.796
    649.53   999.99    2.805
    649.83   999.99    2.813
    650.14   999.99    2.828
    650.44   999.99    2.841
    650.75   999.99    2.855
    651.05   999.99    2.873
    651.36   999.99    2.890
    651.66   999.99    2.901
    651.97   999.99    2.915
    652.27   999.99    2.927
    652.58   999.99    2.939
    652.88   999.99    2.951
    653.19   999.99    2.962
    653.49   999.99    2.977
    653.80   999.99    2.989
    654.10   999.99    3.001
    654.41   999.99    3.015
    654.71   999.99    3.027
    655.02   999.99    3.045
    655.32   999.99    3.062
    655.63   999.99    3.078
    655.93   999.99    3.089
    656.24   999.99    3.100
    656.54   999.99    3.100
    656.85   999.99    3.116
    657.15   999.99    3.128
    657.45   999.99    3.141
    657.76   999.99    3.155
    658.06   999.99    3.169
    658.37   999.99    3.184
    658.67   999.99    3.196
    658.98   999.99    3.206
    659.28   999.99    3.220
    659.59   999.99    3.232
    659.89   999.99    3.244
    660.20   999.99    3.256
    660.50   999.99    3.271
    660.81   999.99    3.281
    661.11   999.99    3.291
    661.42   999.99    3.297
    661.72   999.99    3.306
    662.03   999.99    3.317
    662.33   999.99    3.331
    662.64   999.99    3.341
    662.94   999.99    3.353
    663.25   999.99    3.363
    663.55   999.99    3.373
    663.86   999.99    3.382
    664.16   999.99    3.388
    664.47   999.99    3.400
    664.77   999.99    3.413
    665.08   999.99    3.422
    665.38   999.99    3.433
    665.68   999.99    3.441
    665.99   999.99    3.448
    666.29   999.99    3.458
    666.60   999.99    3.464
    666.90   999.99    3.472
    667.21   999.99    3.482
    667.51   999.99    3.491
    667.82   999.99    3.504
    668.12   999.99    3.515
    668.43   999.99    3.526
    668.73   999.99    3.536
    669.04   999.99    3.545
    669.34   999.99    3.555
    669.65   999.99    3.565
    669.95   999.99    3.575
    670.26   999.99    3.583
    670.56   999.99    3.589
    670.87   999.99    3.595
    671.17   999.99    3.607
    671.48   999.99    3.617
    671.78   999.99    3.627
    672.09   999.99    3.634
    672.39   999.99    3.642
    672.69   999.99    3.653
    673.00   999.99    3.667
    673.30   999.99    3.678
    673.61   999.99    3.691
    673.91   999.99    3.699
    674.22   999.99    3.707
    674.52   999.99    3.715
    674.83   999.99    3.727
    675.13   999.99    3.738
    675.44   999.99    3.751
    675.74   999.99    3.759
    676.05   999.99    3.767
    676.35   999.99    3.779
    676.66   999.99    3.789
    676.96   999.99    3.799
    677.27   999.99    3.808
    677.57   999.99    3.814
    677.88   999.99    3.823
    678.18   999.99    3.832
    678.49   999.99    3.841
    678.79   999.99    3.855
    679.10   999.99    3.863
    679.40   999.99    3.873
    679.71   999.99    3.880
    680.01   999.99    3.887
    680.31   999.99    3.896
    680.62   999.99    3.908
    680.92   999.99    3.920
    681.23   999.99    3.932
    681.53   999.99    3.945
    681.84   999.99    3.953
    682.14   999.99    3.961
    682.45   999.99    3.972
    682.75   999.99    3.984
    683.06   999.99    3.992
    683.36   999.99    4.000
    683.67   999.99    4.015
    683.97   999.99    4.033
    684.28   999.99    4.045
    684.58   999.99    4.055
    684.89   999.99    4.066
    685.19   999.99    4.077
    685.50   999.99    4.086
    685.80   999.99    4.097
    686.11   999.99    4.108
    686.41   999.99    4.122
    686.72   999.99    4.131
    687.02   999.99    4.140
    687.33   999.99    4.153
    687.63   999.99    4.166
    687.93   999.99    4.178
    688.24   999.99    4.189
    688.54   999.99    4.199
    688.85   999.99    4.207
    689.15   999.99    4.216
    689.46   999.99    4.226
    689.76   999.99    4.236
    690.07   999.99    4.248
    690.37   999.99    4.264
    690.68   999.99    4.277
    690.98   999.99    4.288
    691.29   999.99    4.296
    691.59   999.99    4.306
    691.90   999.99    4.314
    692.20   999.99    4.328
    692.51   999.99    4.339
    692.81   999.99    4.350
    693.12   999.99    4.360
    693.42   999.99    4.368
    693.73   999.99    4.380
    694.03   999.99    4.394
    694.34   999.99    4.404
    694.64   999.99    4.419
    694.95   999.99    4.429
    695.25   999.99    4.444
    695.55   999.99    4.453
    695.86   999.99    4.466
    696.16   999.99    4.480
    696.47   999.99    4.490
    696.77   999.99    4.500
    697.08   999.99    4.509
    697.38   999.99    4.525
    697.69   999.99    4.536
    697.99   999.99    4.544
    698.30   999.99    4.553
    698.60   999.99    4.565
    698.91   999.99    4.577
    699.21   999.99    4.591
    699.52   999.99    4.602
    699.82   999.99    4.615
    700.13   999.99    4.625
    700.43   999.99    4.632
    700.74   999.99    4.642
    701.04   999.99    4.654
    701.35   999.99    4.662
    701.65   999.99    4.673
    701.96   999.99    4.681
    702.26   999.99    4.689
    702.57   999.99    4.700
    702.87   999.99    4.712
    703.17   999.99    4.726
    703.48   999.99    4.737
    703.78   999.99    4.750
    704.09   999.99    4.761
    704.39   999.99    4.772
    704.70   999.99    4.781
    705.00   999.99    4.792
    705.31   999.99    4.801
    705.61   999.99    4.810
    705.92   999.99    4.818
    706.22   999.99    4.827
    706.53   999.99    4.842
    706.83   999.99    4.856
    707.14   999.99    4.871
    707.44   999.99    4.882
    707.75   999.99    4.893
    708.05   999.99    4.905
    708.36   999.99    4.920
    708.66   999.99    4.930
    708.97   999.99    4.942
    709.27   999.99    4.950
    709.58   999.99    4.960
    709.88   999.99    4.972
    710.19   999.99    4.987
    710.49   999.99    4.997
    710.79   999.99    5.008
    711.10   999.99    5.014
    711.40   999.99    5.023
    711.71   999.99    5.032
    712.01   999.99    5.043
    712.32   999.99    5.053
    712.62   999.99    5.064
    712.93   999.99    5.072
    713.23   999.99    5.081
    713.54   999.99    5.097
    713.84   999.99    5.108
    714.15   999.99    5.119
    714.45   999.99    5.131
    714.76   999.99    5.143
    715.06   999.99    5.153
    715.37   999.99    5.163
    715.67   999.99    5.174
    715.98   999.99    5.184
    716.28   999.99    5.194
    716.59   999.99    5.204
    716.89   999.99    5.214
    717.20   999.99    5.225
    717.50   999.99    5.236
    717.81   999.99    5.248
    718.11   999.99    5.257
    718.41   999.99    5.266
    718.72   999.99    5.275
    719.02   999.99    5.286
    719.33   999.99    5.298
    719.63   999.99    5.308
    719.94   999.99    5.321
    720.24   999.99    5.333
    720.55   999.99    5.340
    720.85   999.99    5.347
    721.16   999.99    5.356
    721.46   999.99    5.363
    721.77   999.99    5.371
    722.07   999.99    5.380
    722.38   999.99    5.393
    722.68   999.99    5.402
    722.99   999.99    5.414
    723.29   999.99    5.424
    723.60   999.99    5.432
    723.90   999.99    5.441
    724.21   999.99    5.452
    724.51   999.99    5.463
    724.82   999.99    5.473
    725.12   999.99    5.482
    725.43   999.99    5.490
    725.73   999.99    5.498
    726.03   999.99    5.509
    726.34   999.99    5.521
    726.64   999.99    5.531
    726.95   999.99    5.542
    727.25   999.99    5.555
    727.56   999.99    5.565
    727.86   999.99    5.575
    728.17   999.99    5.584
    728.47   999.99    5.594
    728.78   999.99    5.603
    729.08   999.99    5.609
    729.39   999.99    5.617
    729.69   999.99    5.625
    730.00   999.99    5.632
    730.30   999.99    5.641
    730.61   999.99    5.654
    730.91   999.99    5.667
    731.22   999.99    5.678
    731.52   999.99    5.687
    731.83   999.99    5.696
    732.13   999.99    5.703
    732.44   999.99    5.715
    732.74   999.99    5.727
    733.05   999.99    5.737
    733.35   999.99    5.751
    733.66   999.99    5.760
    733.96   999.99    5.769
    734.26   999.99    5.776
    734.57   999.99    5.785
    734.87   999.99    5.793
    735.18   999.99    5.802
    735.48   999.99    5.813
    735.79   999.99    5.823
    736.09   999.99    5.833
    736.40   999.99    5.840
    736.70   999.99    5.852
    737.01   999.99    5.862
    737.31   999.99    5.871
    737.62   999.99    5.878
    737.92   999.99    5.891
    738.23   999.99    5.903
    738.53   999.99    5.913
    738.84   999.99    5.924
    739.14   999.99    5.932
    739.45   999.99    5.943
    739.75   999.99    5.949
    740.06   999.99    5.960
    740.36   999.99    5.970
    740.67   999.99    5.981
    740.97   999.99    5.994
    741.28   999.99    6.008
    741.58   999.99    6.021
    741.88   999.99    6.031
    742.19   999.99    6.041
    742.49   999.99    6.051
    742.80   999.99    6.059
    743.10   999.99    6.066
    743.41   999.99    6.075
    743.71   999.99    6.083
    744.02   999.99    6.095
    744.32   999.99    6.104
    744.63   999.99    6.114
    744.93   999.99    6.127
    745.24   999.99    6.136
    745.54   999.99    6.144
    745.85   999.99    6.154
    746.15   999.99    6.163
    746.46   999.99    6.173
    746.76   999.99    6.185
    747.07   999.99    6.196
    747.37   999.99    6.202
    747.68   999.99    6.211
    747.98   999.99    6.217
    748.29   999.99    6.224
    748.59   999.99    6.234
    748.90   999.99    6.241
    749.20   999.99    6.248
    749.50   999.99    6.255
    749.81   999.99    6.260
    750.11   999.99    6.266
    750.42   999.99    6.271
    750.72   999.99    6.276
    751.03   999.99    6.280
    751.33   999.99    6.285
    751.64   999.99    6.289
    751.94   999.99    6.293
    752.25   999.99    6.317
    752.55   999.99    6.371
    752.86   999.99    6.397
    753.16   999.99    6.409
    753.47   999.99    6.417
    753.77   999.99    6.424
    754.08   999.99    6.431
    754.38   999.99    6.436
    754.69   999.99    6.445
    754.99   999.99    6.456
    755.30   999.99    6.467
    755.60   999.99    6.477
    755.91   999.99    6.488
    756.21   999.99    6.497
    756.52   999.99    6.506
    756.82   999.99    6.516
    757.12   999.99    6.525
    757.43   999.99    6.535
    757.73   999.99    6.547
    758.04   999.99    6.557
    758.34   999.99    6.568
    758.65   999.99    6.578
    758.95   999.99    6.589
    759.26   999.99    6.597
    759.56   999.99    6.607
    759.87   999.99    6.617
    760.17   999.99    6.629
    760.48   999.99    6.638
    760.78   999.99    6.648
    761.09   999.99    6.659
    761.39   999.99    6.674
    761.70   999.99    6.688
    762.00   999.99    6.700
    762.31   999.99    6.709
    762.61   999.99    6.716
    762.92   999.99    6.726
    763.22   999.99    6.739
    763.53   999.99    6.751
    763.83   999.99    6.763
    764.14   999.99    6.772
    764.44   999.99    6.781
    764.74   999.99    6.791
    765.05   999.99    6.805
    765.35   999.99    6.821
    765.66   999.99    6.845
    765.96   999.99    6.868
    766.27   999.99    6.878
    766.57   999.99    6.897
    766.88   999.99    6.921
    767.18   999.99    6.942
    767.49   999.99    6.959
    767.79   999.99    6.970
    768.10   999.99    6.981
    768.40   999.99    6.995
    768.71   999.99    7.004
    769.01   999.99    7.016
    769.32   999.99    7.029
    769.62   999.99    7.040
    769.93   999.99    7.052
    770.23   999.99    7.060
    770.54   999.99    7.068
    770.84   999.99    7.078
    771.15   999.99    7.086
    771.45   999.99    7.096
    771.76   999.99    7.109
    772.06   999.99    7.117
    772.36   999.99    7.129
    772.67   999.99    7.139
    772.97   999.99    7.151
    773.28   999.99    7.159
    773.58   999.99    7.169
    773.89   999.99    7.179
    774.19   999.99    7.189
    774.50   999.99    7.199
    774.80   999.99    7.207
    775.11   999.99    7.215
    775.41   999.99    7.226
    775.72   999.99    7.236
    776.02   999.99    7.249
    776.33   999.99    7.261
    776.63   999.99    7.272
    776.94   999.99    7.284
    777.24   999.99    7.292
    777.55   999.99    7.301
    777.85   999.99    7.310
    778.16   999.99    7.321
    778.46   999.99    7.331
    778.77   999.99    7.342
    779.07   999.99    7.351
    779.38   999.99    7.364
    779.68   999.99    7.375
    779.98   999.99    7.384
    780.29   999.99    7.394
    780.59   999.99    7.403
    780.90   999.99    7.417
    781.20   999.99    7.426
    781.51   999.99    7.434
    781.81   999.99    7.442
    782.12   999.99    7.450
    782.42   999.99    7.460
    782.73   999.99    7.472
    783.03   999.99    7.485
    783.34   999.99    7.496
    783.64   999.99    7.507
    783.95   999.99    7.518
    784.25   999.99    7.526
    784.56   999.99    7.536
    784.86   999.99    7.549
    785.17   999.99    7.556
    785.47   999.99    7.567
    785.78   999.99    7.577
    786.08   999.99    7.586
    786.39   999.99    7.596
    786.69   999.99    7.605
    787.00   999.99    7.616
    787.30   999.99    7.628
    787.60   999.99    7.635
    787.91   999.99    7.650
    788.21   999.99    7.662
    788.52   999.99    7.674
    788.82   999.99    7.687
    789.13   999.99    7.701
    789.43   999.99    7.711
    789.74   999.99    7.726
    790.04   999.99    7.732
    790.35   999.99    7.734
    790.65   999.99    7.747
    790.96   999.99    7.771
    791.26   999.99    7.785
    791.57   999.99    7.783
    791.87   999.99    7.794
    792.18   999.99    7.813
    792.48   999.99    7.821
    792.79   999.99    7.829
    793.09   999.99    7.844
    793.40   999.99    7.854
    793.70   999.99    7.865
    794.01   999.99    7.873
    794.31   999.99    7.883
    794.62   999.99    7.894
    794.92   999.99    7.900
    795.22   999.99    7.909
    795.53   999.99    7.914
    795.83   999.99    7.922
    796.14   999.99    7.936
    796.44   999.99    7.944
    796.75   999.99    7.952
    797.05   999.99    7.963
    797.36   999.99    7.975
    797.66   999.99    7.984
    797.97   999.99    8.000
    798.27   999.99    8.016
    798.58   999.99    8.029
    798.88   999.99    8.030
    799.19   999.99    8.039
    799.49   999.99    8.052
    799.80   999.99    8.068
    800.10   999.99    8.083
    800.41   999.99    8.099
    800.71   999.99    8.114
    801.02   999.99    8.127
    801.32   999.99    8.137
    801.63   999.99    8.150
    801.93   999.99    8.161
    802.24   999.99    8.172
    802.54   999.99    8.186
    802.84   999.99    8.199
    803.15   999.99    8.212
    803.45   999.99    8.223
    803.76   999.99    8.235
    804.06   999.99    8.243
    804.37   999.99    8.253
    804.67   999.99    8.265
    804.98   999.99    8.281
    805.28   999.99    8.295
    805.59   999.99    8.307
    805.89   999.99    8.321
    806.20   999.99    8.331
    806.50   999.99    8.342
    806.81   999.99    8.356
    807.11   999.99    8.369
    807.42   999.99    8.382
    807.72   999.99    8.396
    808.03   999.99    8.412
    808.33   999.99    8.423
    808.64   999.99    8.432
    808.94   999.99    8.450
    809.25   999.99    8.464
    809.55   999.99    8.480
    809.86   999.99    8.495
    810.16   999.99    8.505
    810.46   999.99    8.515
    810.77   999.99    8.526
    811.07   999.99    8.535
    811.38   999.99    8.545
    811.68   999.99    8.559
    811.99   999.99    8.571
    812.29   999.99    8.583
    812.60   999.99    8.593
    812.90   999.99    8.607
    813.21   999.99    8.619
    813.51   999.99    8.630
    813.82   999.99    8.643
    814.12   999.99    8.651
    814.43   999.99    8.664
    814.73   999.99    8.677
    815.04   999.99    8.686
    815.34   999.99    8.697
    815.65   999.99    8.709
    815.95   999.99    8.719
    816.26   999.99    8.731
    816.56   999.99    8.741
    816.87   999.99    8.753
    817.17   999.99    8.764
    817.48   999.99    8.776
    817.78   999.99    8.790
    818.08   999.99    8.802
    818.39   999.99    8.815
    818.69   999.99    8.830
    819.00   999.99    8.845
    819.30   999.99    8.858
    819.61   999.99    8.872
    819.91   999.99    8.886
    820.22   999.99    8.902
    820.52   999.99    8.915
    820.83   999.99    8.929
    821.13   999.99    8.941
    821.44   999.99    8.952
    821.74   999.99    8.960
    822.05   999.99    8.968
    822.35   999.99    8.977
    822.66   999.99    8.987
    822.96   999.99    8.995
    823.27   999.99    9.003
    823.57   999.99    9.015
    823.88   999.99    9.022
    824.18   999.99    9.033
    824.49   999.99    9.038
    824.79   999.99    9.045
    825.10   999.99    9.054
    825.40   999.99    9.063
    825.70   999.99    9.074
    826.01   999.99    9.082
    826.31   999.99    9.092
    826.62   999.99    9.099
    826.92   999.99    9.109
    827.23   999.99    9.115
    827.53   999.99    9.125
    827.84   999.99    9.134
    828.14   999.99    9.144
    828.45   999.99    9.153
    828.75   999.99    9.165
    829.06   999.99    9.173
    829.36   999.99    9.182
    829.67   999.99    9.189
    829.97   999.99    9.194
    830.28   999.99    9.200
    830.58   999.99    9.211
    830.89   999.99    9.221
    831.19   999.99    9.230
    831.50   999.99    9.240
    831.80   999.99    9.251
    832.11   999.99    9.261
    832.41   999.99    9.272
    832.72   999.99    9.285
    833.02   999.99    9.294
    833.32   999.99    9.298
    833.63   999.99    9.316
    833.93   999.99    9.331
    834.24   999.99    9.343
    834.54   999.99    9.350
    834.85   999.99    9.358
    835.15   999.99    9.365
    835.46   999.99    9.375
    835.76   999.99    9.383
    836.07   999.99    9.397
    836.37   999.99    9.406
    836.68   999.99    9.417
    836.98   999.99    9.433
    837.29   999.99    9.444
    837.59   999.99    9.455
    837.90   999.99    9.467
    838.20   999.99    9.479
    838.51   999.99    9.489
    838.81   999.99    9.503
    839.12   999.99    9.515
    839.42   999.99    9.528
    839.73   999.99    9.538
    840.03   999.99    9.551
    840.34   999.99    9.566
    840.64   999.99    9.581
    840.94   999.99    9.592
    841.25   999.99    9.604
    841.55   999.99    9.619
    841.86   999.99    9.633
    842.16   999.99    9.643
    842.47   999.99    9.655
    842.77   999.99    9.667
    843.08   999.99    9.675
    843.38   999.99    9.690
    843.69   999.99    9.701
    843.99   999.99    9.713
    844.30   999.99    9.724
    844.60   999.99    9.738
    844.91   999.99    9.750
    845.21   999.99    9.760
    845.52   999.99    9.771
    845.82   999.99    9.788
    846.13   999.99    9.803
    846.43   999.99    9.812
    846.74   999.99    9.823
    847.04   999.99    9.835
    847.35   999.99    9.850
    847.65   999.99    9.866
    847.96   999.99    9.878
    848.26   999.99    9.888
    848.56   999.99    9.894
    848.87   999.99    9.901
    849.17   999.99    9.918
    849.48   999.99    9.936
    849.78   999.99    9.947
    850.09   999.99    9.959
    850.39   999.99    9.970
    850.70   999.99    9.984
    851.00   999.99    9.995
    851.31   999.99   10.008
    851.61   999.99   10.020
    851.92   999.99   10.027
    852.22   999.99   10.041
    852.53   999.99   10.054
    852.83   999.99   10.060
    853.14   999.99   10.072
    853.44   999.99   10.082
    853.75   999.99   10.091
    854.05   999.99   10.103
    854.36   999.99   10.112
    854.66   999.99   10.122
    854.97   999.99   10.138
    855.27   999.99   10.147
    855.58   999.99   10.156
    855.88   999.99   10.163
    856.18   999.99   10.173
    856.49   999.99   10.184
    856.79   999.99   10.191
    857.10   999.99   10.202
    857.40   999.99   10.213
    857.71   999.99   10.225
    858.01   999.99   10.231
    858.32   999.99   10.243
    858.62   999.99   10.248
    858.93   999.99   10.258
    859.23   999.99   10.268
    859.54   999.99   10.277
    859.84   999.99   10.287
    860.15   999.99   10.298
    860.45   999.99   10.308
    860.76   999.99   10.316
    861.06   999.99   10.326
    861.37   999.99   10.335
    861.67   999.99   10.345
    861.98   999.99   10.354
    862.28   999.99   10.363
    862.59   999.99   10.370
    862.89   999.99   10.380
    863.20   999.99   10.385
    863.50   999.99   10.392
    863.80   999.99   10.392
    864.11   999.99   10.392
    864.41   999.99   10.394
    864.72   999.99   10.397
    865.02   999.99   10.399
    865.33   999.99   10.403
    865.63   999.99   10.403
    865.94   999.99   10.406
    866.24   999.99   10.410
    866.55   999.99   10.411
    866.85   999.99   10.415
    867.16   999.99   10.417
    867.46   999.99   10.421
    867.77   999.99   10.425
    868.07   999.99   10.428
    868.38   999.99   10.427
    868.68   999.99   10.427
    868.99   999.99   10.428
    869.29   999.99   10.427
    869.60   999.99   10.428
    869.90   999.99   10.432
    870.21   999.99   10.434
    870.51   999.99   10.524
    870.82   999.99   10.691
    871.12   999.99   10.752
    871.42   999.99   10.773
    871.73   999.99   10.793
    872.03   999.99   10.810
    872.34   999.99   10.830
    872.64   999.99   10.840
    872.95   999.99   10.848
    873.25   999.99   10.863
    873.56   999.99   10.875
    873.86   999.99   10.889
    874.17   999.99   10.902
    874.47   999.99   10.914
    874.78   999.99   10.928
    875.08   999.99   10.942
    875.39   999.99   10.954
    875.69   999.99   10.967
    876.00   999.99   10.979
    876.30   999.99   10.991
    876.61   999.99   11.007
    876.91   999.99   11.022
    877.22   999.99   11.036
    877.52   999.99   11.055
    877.83   999.99   11.076
    878.13   999.99   11.088
    878.44   999.99   11.110
    878.74   999.99   11.123
    879.04   999.99   11.139
    879.35   999.99   11.157
    879.65   999.99   11.178
    879.96   999.99   11.194
    880.26   999.99   11.212
    880.57   999.99   11.234
    880.87   999.99   11.253
    881.18   999.99   11.268
    881.48   999.99   11.292
    881.79   999.99   11.307
    882.09   999.99   11.322
    882.40   999.99   11.340
    882.70   999.99   11.348
    883.01   999.99   11.360
    883.31   999.99   11.372
    883.62   999.99   11.387
    883.92   999.99   11.404
    884.23   999.99   11.418
    884.53   999.99   11.432
    884.84   999.99   11.437
    885.14   999.99   11.452
    885.45   999.99   11.467
    885.75   999.99   11.480
    886.06   999.99   11.491
    886.36   999.99   11.498
    886.66   999.99   11.513
    886.97   999.99   11.525
    887.27   999.99   11.538
    887.58   999.99   11.555
    887.88   999.99   11.566
    888.19   999.99   11.579
    888.49   999.99   11.591
    888.80   999.99   11.610
    889.10   999.99   11.621
    889.41   999.99   11.633
    889.71   999.99   11.647
    890.02   999.99   11.661
    890.32   999.99   11.670
    890.63   999.99   11.684
    890.93   999.99   11.697
    891.24   999.99   11.710
    891.54   999.99   11.723
    891.85   999.99   11.735
    892.15   999.99   11.746
    892.46   999.99   11.758
    892.76   999.99   11.771
    893.07   999.99   11.783
    893.37   999.99   11.801
    893.68   999.99   11.818
    893.98   999.99   11.825
    894.28   999.99   11.833
    894.59   999.99   11.843
    894.89   999.99   11.857
    895.20   999.99   11.866
    895.50   999.99   11.880
    895.81   999.99   11.890
    896.11   999.99   11.893
    896.42   999.99   11.901
    896.72   999.99   11.909
    897.03   999.99   11.927
    897.33   999.99   11.938
    897.64   999.99   11.948
    897.94   999.99   11.958
    898.25   999.99   11.962
    898.55   999.99   11.972
    898.86   999.99   11.996
    899.16   999.99   12.015
    899.47   999.99   12.032
    899.77   999.99   12.042
    900.08   999.99   12.054
    900.38   999.99   12.068
    900.69   999.99   12.082
    900.99   999.99   12.098
    901.30   999.99   12.110
    901.60   999.99   12.126
    901.91   999.99   12.137
    902.21   999.99   12.152
    902.51   999.99   12.169
    902.82   999.99   12.178
    903.12   999.99   12.193
    903.43   999.99   12.209
    903.73   999.99   12.221
    904.04   999.99   12.235
    904.34   999.99   12.249
    904.65   999.99   12.264
    904.95   999.99   12.276
    905.26   999.99   12.295
    905.56   999.99   12.307
    905.87   999.99   12.317
    906.17   999.99   12.334
    906.48   999.99   12.351
    906.78   999.99   12.367
    907.09   999.99   12.385
    907.39   999.99   12.401
    907.70   999.99   12.412
    908.00   999.99   12.417
    908.31   999.99   12.418
    908.61   999.99   12.419
    908.92   999.99   12.421
    909.22   999.99   12.422
    909.53   999.99   12.422
    909.83   999.99   12.422
    910.13   999.99   12.422
    910.44   999.99   12.422
    910.74   999.99   12.425
    911.05   999.99   12.425
    911.35   999.99   12.422
    911.66   999.99   12.424
    911.96   999.99   12.424
    912.27   999.99   12.425
    912.57   999.99   12.424
    912.88   999.99   12.427
    913.18   999.99   12.425
