 << U.S. Geological Survey Borehole Temperature Log - Alaska >>
  
 Site:             NKP 
 Log Date:         81AUG20 
 Type of Log:      incremental 
 Type of Sensor:   thermistor network (custom)
 Measuring Device: digital multimeter
 Deconvolved:      N/A
  
  Z   = measured depth (m)
  TVD = true vertical depth (m)
  T   = temperature (C)
  
        Z      TVD       T
     12.19   999.99   -8.997
     15.24   999.99   -8.957
     18.29   999.99   -8.876
     21.34   999.99   -8.811
     24.38   999.99   -8.737
     27.43   999.99   -8.668
     30.48   999.99   -8.509
     33.53   999.99   -8.495
     36.58   999.99   -8.422
     39.62   999.99   -8.318
     42.67   999.99   -8.231
     45.72   999.99   -8.131
     48.77   999.99   -7.996
     51.82   999.99   -7.899
     54.86   999.99   -7.757
     57.91   999.99   -7.624
     60.96   999.99   -7.480
     64.01   999.99   -7.325
     67.06   999.99   -7.181
     70.10   999.99   -7.036
     73.15   999.99   -6.837
     76.20   999.99   -6.699
     79.25   999.99   -6.519
     82.30   999.99   -6.353
     85.34   999.99   -6.193
     88.39   999.99   -6.025
     91.44   999.99   -5.839
     94.49   999.99   -5.672
     97.54   999.99   -5.495
    100.58   999.99   -5.322
    103.63   999.99   -5.141
    106.68   999.99   -4.958
    109.73   999.99   -4.785
    112.78   999.99   -4.642
    115.82   999.99   -4.472
    118.87   999.99   -4.308
    121.92   999.99   -4.143
    124.97   999.99   -3.985
    128.02   999.99   -3.836
    131.06   999.99   -3.674
    134.11   999.99   -3.554
    137.16   999.99   -3.416
    140.21   999.99   -3.260
    143.26   999.99   -3.126
    146.30   999.99   -2.981
    149.35   999.99   -2.815
    152.40   999.99   -2.650
    155.45   999.99   -2.503
    158.50   999.99   -2.363
    161.54   999.99   -2.219
    164.59   999.99   -2.041
    167.64   999.99   -1.887
    170.69   999.99   -1.700
    173.74   999.99   -1.580
    176.78   999.99   -1.439
    179.83   999.99   -1.277
    182.88   999.99   -1.106
    185.93   999.99    -.956
    188.98   999.99    -.808
    192.02   999.99    -.670
    195.07   999.99    -.558
    198.12   999.99    -.474
    201.17   999.99    -.386
    204.22   999.99    -.294
    207.26   999.99    -.159
    210.31   999.99    -.023
    213.36   999.99     .135
    216.41   999.99     .329
    219.46   999.99     .489
    222.50   999.99     .615
    225.55   999.99     .749
    228.60   999.99     .900
    231.65   999.99    1.059
    234.70   999.99    1.306
    237.74   999.99    1.479
    240.79   999.99    1.663
    243.84   999.99    1.828
    246.89   999.99    1.948
    249.94   999.99    2.126
    252.98   999.99    2.245
    256.03   999.99    2.385
    259.08   999.99    2.553
    262.13   999.99    2.693
    265.18   999.99    2.825
    268.22   999.99    2.959
    271.27   999.99    3.118
    274.32   999.99    3.259
    277.37   999.99    3.369
    280.42   999.99    3.508
    283.46   999.99    3.670
    286.51   999.99    3.798
    289.56   999.99    3.962
    292.61   999.99    4.093
    295.66   999.99    4.237
    298.70   999.99    4.376
    301.75   999.99    4.526
    304.80   999.99    4.668
    307.85   999.99    4.797
    310.90   999.99    4.950
    313.94   999.99    5.088
    316.99   999.99    5.224
    320.04   999.99    5.389
    323.09   999.99    5.548
    326.14   999.99    5.688
    329.18   999.99    5.855
    332.23   999.99    5.988
    335.28   999.99    6.147
    338.33   999.99    6.317
    341.38   999.99    6.454
    344.42   999.99    6.610
    347.47   999.99    6.751
    350.52   999.99    6.885
    353.57   999.99    7.035
    356.62   999.99    7.162
    359.66   999.99    7.290
    362.71   999.99    7.439
    365.76   999.99    7.561
    368.81   999.99    7.728
    371.86   999.99    7.849
    374.90   999.99    7.989
    377.95   999.99    8.119
    381.00   999.99    8.273
    384.05   999.99    8.415
    387.10   999.99    8.557
    390.14   999.99    8.689
    393.19   999.99    8.822
    396.24   999.99    8.950
    399.29   999.99    9.081
    402.34   999.99    9.219
    405.38   999.99    9.368
    408.43   999.99    9.512
    411.48   999.99    9.627
    414.53   999.99    9.757
    417.58   999.99    9.896
    420.62   999.99   10.010
    423.67   999.99   10.156
    426.72   999.99   10.296
    429.77   999.99   10.425
    432.82   999.99   10.569
    435.86   999.99   10.707
    438.91   999.99   10.848
    441.96   999.99   10.965
    445.01   999.99   11.098
    448.06   999.99   11.256
    451.10   999.99   11.393
    454.15   999.99   11.525
    457.20   999.99   11.664
    460.25   999.99   11.804
    463.30   999.99   11.968
    466.34   999.99   12.101
    469.39   999.99   12.234
    472.44   999.99   12.377
    475.49   999.99   12.543
    478.54   999.99   12.658
    481.58   999.99   12.834
    484.63   999.99   12.991
    487.68   999.99   13.136
    490.73   999.99   13.281
    493.78   999.99   13.428
    496.83   999.99   13.586
    499.87   999.99   13.767
    502.92   999.99   13.892
    505.97   999.99   14.067
    509.02   999.99   14.218
    512.07   999.99   14.362
    515.11   999.99   14.517
    518.16   999.99   14.667
    521.21   999.99   14.838
    524.26   999.99   14.963
    527.31   999.99   15.088
    530.35   999.99   15.216
    533.40   999.99   15.353
    536.45   999.99   15.495
    539.50   999.99   15.625
    542.55   999.99   15.766
    545.59   999.99   15.925
    548.64   999.99   16.058
    551.69   999.99   16.169
    554.74   999.99   16.298
    557.79   999.99   16.448
    560.83   999.99   16.590
    563.88   999.99   16.727
    566.93   999.99   16.867
    569.98   999.99   17.035
    573.03   999.99   17.179
    576.07   999.99   17.296
    579.12   999.99   17.444
    582.17   999.99   17.584
    585.22   999.99   17.732
    588.27   999.99   17.862
    591.31   999.99   17.999
    594.36   999.99   18.141
    597.41   999.99   18.295
    600.46   999.99   18.433
    603.51   999.99   18.563
    606.55   999.99   18.726
    609.60   999.99   18.854
    612.65   999.99   19.017
    615.70   999.99   19.153
    618.75   999.99   19.300
    621.79   999.99   19.405
    624.84   999.99   19.572
    627.89   999.99   19.714
    630.94   999.99   19.848
    633.99   999.99   19.985
    637.03   999.99   20.113
    640.08   999.99   20.249
    643.13   999.99   20.366
    646.18   999.99   20.462
    649.23   999.99   20.929
    652.27   999.99   20.974
    655.32   999.99   21.206
    658.37   999.99   21.339
