 << U.S. Geological Survey Borehole Temperature Log - Alaska >>
  
 Site:             NKP 
 Log Date:         84AUG01a
 Type of Log:      continuous  
 Type of Sensor:   thermistor network (custom)
 Measuring Device: digital multimeter
 Deconvolved:      no 
  
  Z   = measured depth (m)
  TVD = true vertical depth (m)
  T   = temperature (C)
  
        Z      TVD       T
      3.35   999.99    2.980
      3.66   999.99    2.749
      3.96   999.99    2.360
      4.27   999.99    1.975
      4.57   999.99    1.731
      4.88   999.99    1.518
      5.18   999.99    1.283
      5.49   999.99    1.014
      5.79   999.99     .617
      6.10   999.99     .290
      6.40   999.99    -.042
      6.71   999.99    -.441
      7.01   999.99    -.772
      7.32   999.99   -1.023
      7.62   999.99   -1.361
      7.92   999.99   -1.597
      8.23   999.99   -1.839
      8.53   999.99   -2.189
      8.84   999.99   -2.372
      9.14   999.99   -2.583
      9.45   999.99   -2.897
      9.75   999.99   -3.193
     10.06   999.99   -5.180
     10.36   999.99   -6.478
     10.67   999.99   -7.258
     10.97   999.99   -7.983
     11.28   999.99   -8.557
     11.58   999.99   -8.942
     11.89   999.99   -9.201
     12.19   999.99   -9.354
     12.50   999.99   -9.470
     12.80   999.99   -9.570
     13.11   999.99   -9.608
     13.41   999.99   -9.634
     13.72   999.99   -9.648
     14.02   999.99   -9.651
     14.33   999.99   -9.650
     14.63   999.99   -9.643
     14.94   999.99   -9.632
     15.24   999.99   -9.623
     15.54   999.99   -9.609
     15.85   999.99   -9.596
     16.15   999.99   -9.573
     16.46   999.99   -9.558
     16.76   999.99   -9.528
     17.07   999.99   -9.504
     17.37   999.99   -9.492
     17.68   999.99   -9.482
     17.98   999.99   -9.460
     18.29   999.99   -9.440
     18.59   999.99   -9.424
     18.90   999.99   -9.414
     19.20   999.99   -9.397
     19.51   999.99   -9.384
     19.81   999.99   -9.376
     20.12   999.99   -9.356
     20.42   999.99   -9.324
     20.73   999.99   -9.305
     21.03   999.99   -9.289
     21.34   999.99   -9.278
     21.64   999.99   -9.266
     21.95   999.99   -9.250
     22.25   999.99   -9.239
     22.56   999.99   -9.215
     22.86   999.99   -9.198
     23.16   999.99   -9.188
     23.47   999.99   -9.178
     23.77   999.99   -9.161
     24.08   999.99   -9.148
     24.38   999.99   -9.138
     24.69   999.99   -9.123
     24.99   999.99   -9.108
     25.30   999.99   -9.092
     25.60   999.99   -9.077
     25.91   999.99   -9.063
     26.21   999.99   -9.051
     26.52   999.99   -9.038
     26.82   999.99   -9.026
     27.13   999.99   -9.007
     27.43   999.99   -8.996
     27.74   999.99   -8.982
     28.04   999.99   -8.966
     28.35   999.99   -8.957
     28.65   999.99   -8.948
     28.96   999.99   -8.938
     29.26   999.99   -8.930
     29.57   999.99   -8.908
     29.87   999.99   -8.894
     30.18   999.99   -8.882
     30.48   999.99   -8.860
     30.78   999.99   -8.847
     31.09   999.99   -8.834
     31.39   999.99   -8.820
     31.70   999.99   -8.813
     32.00   999.99   -8.804
     32.31   999.99   -8.788
     32.61   999.99   -8.782
     32.92   999.99   -8.770
     33.22   999.99   -8.748
     33.53   999.99   -8.738
     33.83   999.99   -8.728
     34.14   999.99   -8.719
     34.44   999.99   -8.707
     34.75   999.99   -8.694
     35.05   999.99   -8.685
     35.36   999.99   -8.675
     35.66   999.99   -8.662
     35.97   999.99   -8.655
     36.27   999.99   -8.645
     36.58   999.99   -8.632
     36.88   999.99   -8.625
     37.19   999.99   -8.616
     37.49   999.99   -8.607
     37.80   999.99   -8.597
     38.10   999.99   -8.589
     38.40   999.99   -8.575
     38.71   999.99   -8.564
     39.01   999.99   -8.554
     39.32   999.99   -8.544
     39.62   999.99   -8.530
     39.93   999.99   -8.517
     40.23   999.99   -8.511
     40.54   999.99   -8.501
     40.84   999.99   -8.491
     41.15   999.99   -8.485
     41.45   999.99   -8.478
     41.76   999.99   -8.464
     42.06   999.99   -8.458
     42.37   999.99   -8.446
     42.67   999.99   -8.437
     42.98   999.99   -8.423
     43.28   999.99   -8.404
     43.59   999.99   -8.393
     43.89   999.99   -8.382
     44.20   999.99   -8.371
     44.50   999.99   -8.362
     44.81   999.99   -8.349
     45.11   999.99   -8.338
     45.42   999.99   -8.331
     45.72   999.99   -8.320
     46.02   999.99   -8.305
     46.33   999.99   -8.295
     46.63   999.99   -8.283
     46.94   999.99   -8.276
     47.24   999.99   -8.260
     47.55   999.99   -8.245
     47.85   999.99   -8.236
     48.16   999.99   -8.221
     48.46   999.99   -8.210
     48.77   999.99   -8.204
     49.07   999.99   -8.195
     49.38   999.99   -8.172
     49.68   999.99   -8.162
     49.99   999.99   -8.151
     50.29   999.99   -8.145
     50.60   999.99   -8.138
     50.90   999.99   -8.122
     51.21   999.99   -8.113
     51.51   999.99   -8.105
     51.82   999.99   -8.085
     52.12   999.99   -8.072
     52.43   999.99   -8.056
     52.73   999.99   -8.038
     53.04   999.99   -8.023
     53.34   999.99   -8.005
     53.64   999.99   -7.988
     53.95   999.99   -7.979
     54.25   999.99   -7.971
     54.56   999.99   -7.966
     54.86   999.99   -7.954
     55.17   999.99   -7.933
     55.47   999.99   -7.924
     55.78   999.99   -7.912
     56.08   999.99   -7.901
     56.39   999.99   -7.892
     56.69   999.99   -7.873
     57.00   999.99   -7.864
     57.30   999.99   -7.853
     57.61   999.99   -7.838
     57.91   999.99   -7.830
     58.22   999.99   -7.822
     58.52   999.99   -7.812
     58.83   999.99   -7.798
     59.13   999.99   -7.781
     59.44   999.99   -7.772
     59.74   999.99   -7.761
     60.05   999.99   -7.745
     60.35   999.99   -7.735
     60.66   999.99   -7.718
     60.96   999.99   -7.704
     61.26   999.99   -7.689
     61.57   999.99   -7.663
     61.87   999.99   -7.647
     62.18   999.99   -7.624
     62.48   999.99   -7.606
     62.79   999.99   -7.595
     63.09   999.99   -7.584
     63.40   999.99   -7.573
     63.70   999.99   -7.562
     64.01   999.99   -7.549
     64.31   999.99   -7.532
     64.62   999.99   -7.515
     64.92   999.99   -7.497
     65.23   999.99   -7.478
     65.53   999.99   -7.463
     65.84   999.99   -7.451
     66.14   999.99   -7.444
     66.45   999.99   -7.432
     66.75   999.99   -7.419
     67.06   999.99   -7.410
     67.36   999.99   -7.395
     67.67   999.99   -7.376
     67.97   999.99   -7.361
     68.28   999.99   -7.351
     68.58   999.99   -7.340
     68.88   999.99   -7.329
     69.19   999.99   -7.311
     69.49   999.99   -7.297
     69.80   999.99   -7.280
     70.10   999.99   -7.261
     70.41   999.99   -7.241
     70.71   999.99   -7.222
     71.02   999.99   -7.210
     71.32   999.99   -7.193
     71.63   999.99   -7.179
     71.93   999.99   -7.168
     72.24   999.99   -7.157
     72.54   999.99   -7.139
     72.85   999.99   -7.115
     73.15   999.99   -7.099
     73.46   999.99   -7.086
     73.76   999.99   -7.069
     74.07   999.99   -7.053
     74.37   999.99   -7.041
     74.68   999.99   -7.029
     74.98   999.99   -7.011
     75.29   999.99   -6.990
     75.59   999.99   -6.970
     75.90   999.99   -6.952
     76.20   999.99   -6.920
     76.50   999.99   -6.891
     76.81   999.99   -6.879
     77.11   999.99   -6.865
     77.42   999.99   -6.852
     77.72   999.99   -6.841
     78.03   999.99   -6.829
     78.33   999.99   -6.813
     78.64   999.99   -6.797
     78.94   999.99   -6.778
     79.25   999.99   -6.763
     79.55   999.99   -6.750
     79.86   999.99   -6.735
     80.16   999.99   -6.719
     80.47   999.99   -6.691
     80.77   999.99   -6.669
     81.08   999.99   -6.652
     81.38   999.99   -6.637
     81.69   999.99   -6.617
     81.99   999.99   -6.595
     82.30   999.99   -6.574
     82.60   999.99   -6.562
     82.91   999.99   -6.547
     83.21   999.99   -6.531
     83.52   999.99   -6.514
     83.82   999.99   -6.495
     84.12   999.99   -6.472
     84.43   999.99   -6.456
     84.73   999.99   -6.442
     85.04   999.99   -6.426
     85.34   999.99   -6.414
     85.65   999.99   -6.401
     85.95   999.99   -6.383
     86.26   999.99   -6.363
     86.56   999.99   -6.346
     86.87   999.99   -6.331
     87.17   999.99   -6.304
     87.48   999.99   -6.289
     87.78   999.99   -6.276
     88.09   999.99   -6.265
     88.39   999.99   -6.243
     88.70   999.99   -6.228
     89.00   999.99   -6.218
     89.31   999.99   -6.201
     89.61   999.99   -6.182
     89.92   999.99   -6.164
     90.22   999.99   -6.146
     90.53   999.99   -6.127
     90.83   999.99   -6.112
     91.14   999.99   -6.093
     91.44   999.99   -6.082
     91.74   999.99   -6.069
     92.05   999.99   -6.055
     92.35   999.99   -6.039
     92.66   999.99   -6.028
     92.96   999.99   -6.014
     93.27   999.99   -5.998
     93.57   999.99   -5.966
     93.88   999.99   -5.948
     94.18   999.99   -5.921
     94.49   999.99   -5.890
     94.79   999.99   -5.868
     95.10   999.99   -5.846
     95.40   999.99   -5.825
     95.71   999.99   -5.804
     96.01   999.99   -5.782
     96.32   999.99   -5.767
     96.62   999.99   -5.753
     96.93   999.99   -5.734
     97.23   999.99   -5.723
     97.54   999.99   -5.712
     97.84   999.99   -5.699
     98.15   999.99   -5.684
     98.45   999.99   -5.652
     98.76   999.99   -5.637
     99.06   999.99   -5.624
     99.36   999.99   -5.611
     99.67   999.99   -5.598
     99.97   999.99   -5.582
    100.28   999.99   -5.567
    100.58   999.99   -5.551
    100.89   999.99   -5.532
    101.19   999.99   -5.516
    101.50   999.99   -5.496
    101.80   999.99   -5.471
    102.11   999.99   -5.451
    102.41   999.99   -5.424
    102.72   999.99   -5.409
    103.02   999.99   -5.396
    103.33   999.99   -5.379
    103.63   999.99   -5.364
    103.94   999.99   -5.354
    104.24   999.99   -5.341
    104.55   999.99   -5.333
    104.85   999.99   -5.319
    105.16   999.99   -5.305
    105.46   999.99   -5.276
    105.77   999.99   -5.252
    106.07   999.99   -5.229
    106.38   999.99   -5.218
    106.68   999.99   -5.203
    106.99   999.99   -5.179
    107.29   999.99   -5.161
    107.59   999.99   -5.147
    107.90   999.99   -5.133
    108.20   999.99   -5.118
    108.51   999.99   -5.103
    108.81   999.99   -5.090
    109.12   999.99   -5.072
    109.42   999.99   -5.057
    109.73   999.99   -5.045
    110.03   999.99   -5.030
    110.34   999.99   -5.013
    110.64   999.99   -4.995
    110.95   999.99   -4.975
    111.25   999.99   -4.957
    111.56   999.99   -4.940
    111.86   999.99   -4.920
    112.17   999.99   -4.902
    112.47   999.99   -4.881
    112.78   999.99   -4.862
    113.08   999.99   -4.848
    113.39   999.99   -4.833
    113.69   999.99   -4.810
    114.00   999.99   -4.790
    114.30   999.99   -4.774
    114.61   999.99   -4.762
    114.91   999.99   -4.748
    115.21   999.99   -4.736
    115.52   999.99   -4.711
    115.82   999.99   -4.693
    116.13   999.99   -4.675
    116.43   999.99   -4.657
    116.74   999.99   -4.646
    117.04   999.99   -4.634
    117.35   999.99   -4.617
    117.65   999.99   -4.597
    117.96   999.99   -4.580
    118.26   999.99   -4.563
    118.57   999.99   -4.552
    118.87   999.99   -4.538
    119.18   999.99   -4.519
    119.48   999.99   -4.499
    119.79   999.99   -4.488
    120.09   999.99   -4.478
    120.40   999.99   -4.461
    120.70   999.99   -4.448
    121.01   999.99   -4.423
    121.31   999.99   -4.406
    121.62   999.99   -4.379
    121.92   999.99   -4.363
    122.22   999.99   -4.352
    122.53   999.99   -4.339
    122.83   999.99   -4.328
    123.14   999.99   -4.310
    123.44   999.99   -4.298
    123.75   999.99   -4.275
    124.05   999.99   -4.259
    124.36   999.99   -4.241
    124.66   999.99   -4.226
    124.97   999.99   -4.209
    125.27   999.99   -4.192
    125.58   999.99   -4.176
    125.88   999.99   -4.161
    126.19   999.99   -4.147
    126.49   999.99   -4.127
    126.80   999.99   -4.112
    127.10   999.99   -4.099
    127.41   999.99   -4.085
    127.71   999.99   -4.055
    128.02   999.99   -4.039
    128.32   999.99   -4.028
    128.63   999.99   -4.017
    128.93   999.99   -3.997
    129.24   999.99   -3.981
    129.54   999.99   -3.966
    129.85   999.99   -3.951
    130.15   999.99   -3.930
    130.45   999.99   -3.913
    130.76   999.99   -3.901
    131.06   999.99   -3.885
    131.37   999.99   -3.870
    131.67   999.99   -3.856
    131.98   999.99   -3.839
    132.28   999.99   -3.824
    132.59   999.99   -3.812
    132.89   999.99   -3.798
    133.20   999.99   -3.789
    133.50   999.99   -3.779
    133.81   999.99   -3.764
    134.11   999.99   -3.739
    134.42   999.99   -3.720
    134.72   999.99   -3.705
    135.03   999.99   -3.685
    135.33   999.99   -3.670
    135.64   999.99   -3.658
    135.94   999.99   -3.648
    136.25   999.99   -3.634
