 << U.S. Geological Survey Borehole Temperature Log - Alaska >>
  
 Site:             NWEN
 Log Date:         87AUG30 
 Type of Log:      continuous  
 Type of Sensor:   thermistor network (custom)
 Measuring Device: digital multimeter
 Deconvolved:      no 
  
  Z   = measured depth (m)
  TVD = true vertical depth (m)
  T   = temperature (C)
  
        Z      TVD       T
      5.18   999.99     .518
      5.49   999.99   -2.365
      5.79   999.99   -4.523
      6.10   999.99   -5.745
      6.40   999.99   -6.628
      6.71   999.99   -7.249
      7.01   999.99   -7.756
      7.32   999.99   -8.164
      7.62   999.99   -8.476
      7.92   999.99   -8.783
      8.23   999.99   -8.995
      8.53   999.99   -9.168
      8.84   999.99   -9.363
      9.14   999.99   -9.506
      9.45   999.99   -9.627
      9.75   999.99   -9.743
     10.06   999.99   -9.835
     10.36   999.99   -9.910
     10.67   999.99   -9.970
     10.97   999.99  -10.013
     11.58   999.99  -10.063
     11.89   999.99  -10.074
     12.19   999.99  -10.081
     12.50   999.99  -10.085
     12.80   999.99  -10.087
     13.11   999.99  -10.088
     13.41   999.99  -10.086
     13.72   999.99  -10.080
     14.02   999.99  -10.074
     14.33   999.99  -10.066
     14.63   999.99  -10.043
     14.94   999.99   -9.983
     15.24   999.99   -9.929
     15.54   999.99   -9.892
     15.85   999.99   -9.860
     16.15   999.99   -9.838
     16.46   999.99   -9.819
     16.76   999.99   -9.804
     17.07   999.99   -9.786
     17.37   999.99   -9.767
     17.68   999.99   -9.754
     17.98   999.99   -9.739
     18.29   999.99   -9.728
     18.59   999.99   -9.711
     18.90   999.99   -9.693
     19.20   999.99   -9.678
     19.51   999.99   -9.658
     19.81   999.99   -9.643
     20.12   999.99   -9.625
     20.42   999.99   -9.609
     20.73   999.99   -9.596
     21.03   999.99   -9.583
     21.34   999.99   -9.572
     21.64   999.99   -9.554
     21.95   999.99   -9.534
     22.25   999.99   -9.518
     22.56   999.99   -9.504
     22.86   999.99   -9.492
     23.16   999.99   -9.483
     23.47   999.99   -9.471
     23.77   999.99   -9.459
     24.08   999.99   -9.445
     24.38   999.99   -9.428
     24.69   999.99   -9.415
     24.99   999.99   -9.402
     25.30   999.99   -9.393
     25.60   999.99   -9.384
     25.91   999.99   -9.376
     26.21   999.99   -9.367
     26.52   999.99   -9.356
     26.82   999.99   -9.346
     27.13   999.99   -9.336
     27.43   999.99   -9.325
     27.74   999.99   -9.316
     28.04   999.99   -9.310
     28.35   999.99   -9.305
     28.65   999.99   -9.300
     28.96   999.99   -9.296
     29.26   999.99   -9.293
     29.57   999.99   -9.291
     29.87   999.99   -9.290
     30.18   999.99   -9.289
     30.48   999.99   -9.288
     30.78   999.99   -9.276
     31.09   999.99   -9.262
     31.39   999.99   -9.250
     31.70   999.99   -9.237
     32.00   999.99   -9.229
     32.31   999.99   -9.220
     32.61   999.99   -9.214
     32.92   999.99   -9.202
     33.22   999.99   -9.191
     33.53   999.99   -9.180
     33.83   999.99   -9.173
     34.14   999.99   -9.168
     34.44   999.99   -9.163
     34.75   999.99   -9.158
     35.05   999.99   -9.155
     35.36   999.99   -9.153
     35.66   999.99   -9.149
     35.97   999.99   -9.146
     36.27   999.99   -9.144
     36.58   999.99   -9.139
     36.88   999.99   -9.135
     37.19   999.99   -9.133
     37.49   999.99   -9.129
     37.80   999.99   -9.127
     38.10   999.99   -9.124
     38.40   999.99   -9.120
     38.71   999.99   -9.118
     39.01   999.99   -9.115
     39.32   999.99   -9.110
     39.62   999.99   -9.107
     39.93   999.99   -9.103
     40.23   999.99   -9.100
     40.54   999.99   -9.098
     40.84   999.99   -9.095
     41.15   999.99   -9.093
     41.45   999.99   -9.090
     41.76   999.99   -9.086
     42.06   999.99   -9.082
     42.37   999.99   -9.079
     42.67   999.99   -9.075
     42.98   999.99   -9.072
     43.28   999.99   -9.069
     43.59   999.99   -9.067
     43.89   999.99   -9.062
     44.20   999.99   -9.059
     44.50   999.99   -9.056
     44.81   999.99   -9.054
     45.11   999.99   -9.051
     45.42   999.99   -9.049
     45.72   999.99   -9.047
     46.02   999.99   -9.045
     46.33   999.99   -9.043
     46.63   999.99   -9.042
     46.94   999.99   -9.038
     47.24   999.99   -9.027
     47.55   999.99   -9.019
     47.85   999.99   -9.013
     48.16   999.99   -9.008
     48.46   999.99   -9.004
     48.77   999.99   -9.000
     49.07   999.99   -8.996
     49.38   999.99   -8.993
     49.68   999.99   -8.990
     49.99   999.99   -8.988
     50.29   999.99   -8.984
     50.60   999.99   -8.981
     50.90   999.99   -8.980
     51.21   999.99   -8.978
     51.51   999.99   -8.977
     51.82   999.99   -8.974
     52.12   999.99   -8.972
     52.43   999.99   -8.970
     52.73   999.99   -8.968
     53.04   999.99   -8.967
     53.34   999.99   -8.966
     53.64   999.99   -8.963
     53.95   999.99   -8.962
     54.25   999.99   -8.959
     54.56   999.99   -8.957
     54.86   999.99   -8.957
     55.17   999.99   -8.955
     55.47   999.99   -8.954
     55.78   999.99   -8.951
     56.08   999.99   -8.950
     56.39   999.99   -8.948
     56.69   999.99   -8.944
     57.00   999.99   -8.942
     57.30   999.99   -8.941
     57.61   999.99   -8.940
     57.91   999.99   -8.939
     58.22   999.99   -8.937
     58.52   999.99   -8.936
     58.83   999.99   -8.934
     59.13   999.99   -8.931
     59.44   999.99   -8.928
     59.74   999.99   -8.925
     60.05   999.99   -8.924
     60.35   999.99   -8.923
     60.66   999.99   -8.922
     60.96   999.99   -8.922
     61.26   999.99   -8.920
     61.57   999.99   -8.919
     61.87   999.99   -8.919
     62.18   999.99   -8.918
     62.48   999.99   -8.916
     62.79   999.99   -8.914
     63.09   999.99   -8.912
     63.40   999.99   -8.911
     63.70   999.99   -8.909
     64.01   999.99   -8.908
     64.31   999.99   -8.907
     64.62   999.99   -8.905
     64.92   999.99   -8.903
     65.23   999.99   -8.903
     65.53   999.99   -8.901
     65.84   999.99   -8.899
     66.14   999.99   -8.897
     66.45   999.99   -8.894
     66.75   999.99   -8.894
     67.06   999.99   -8.893
     67.36   999.99   -8.891
     67.67   999.99   -8.889
     67.97   999.99   -8.887
     68.28   999.99   -8.885
     68.58   999.99   -8.884
     68.88   999.99   -8.883
     69.19   999.99   -8.882
     69.49   999.99   -8.880
     69.80   999.99   -8.878
     70.10   999.99   -8.877
     70.41   999.99   -8.876
     70.71   999.99   -8.875
     71.02   999.99   -8.874
     71.32   999.99   -8.873
     71.63   999.99   -8.872
     71.93   999.99   -8.870
     72.24   999.99   -8.868
     72.54   999.99   -8.867
     72.85   999.99   -8.866
     73.15   999.99   -8.865
     73.46   999.99   -8.862
     73.76   999.99   -8.860
     74.07   999.99   -8.858
     74.37   999.99   -8.857
     74.68   999.99   -8.856
     74.98   999.99   -8.855
     75.29   999.99   -8.853
     75.59   999.99   -8.853
     75.90   999.99   -8.851
     76.20   999.99   -8.851
     76.50   999.99   -8.850
     76.81   999.99   -8.849
     77.11   999.99   -8.848
     77.42   999.99   -8.847
     77.72   999.99   -8.846
     78.03   999.99   -8.845
     78.33   999.99   -8.844
     78.64   999.99   -8.843
     78.94   999.99   -8.841
     79.25   999.99   -8.839
     79.55   999.99   -8.838
     79.86   999.99   -8.837
     80.16   999.99   -8.836
     80.47   999.99   -8.833
     80.77   999.99   -8.831
     81.08   999.99   -8.831
     81.38   999.99   -8.829
     81.69   999.99   -8.829
     81.99   999.99   -8.826
     82.30   999.99   -8.824
     82.60   999.99   -8.822
     82.91   999.99   -8.820
     83.21   999.99   -8.819
     83.52   999.99   -8.817
     83.82   999.99   -8.816
     84.12   999.99   -8.814
     84.43   999.99   -8.812
     84.73   999.99   -8.812
     85.04   999.99   -8.809
     85.34   999.99   -8.807
     85.65   999.99   -8.803
     85.95   999.99   -8.801
     86.26   999.99   -8.800
     86.56   999.99   -8.799
     86.87   999.99   -8.798
     87.17   999.99   -8.796
     87.48   999.99   -8.794
     87.78   999.99   -8.791
     88.09   999.99   -8.789
     88.39   999.99   -8.787
     88.70   999.99   -8.785
     89.00   999.99   -8.783
     89.31   999.99   -8.781
     89.61   999.99   -8.779
     89.92   999.99   -8.775
     90.22   999.99   -8.773
     90.53   999.99   -8.771
     90.83   999.99   -8.769
     91.14   999.99   -8.767
     91.44   999.99   -8.767
     91.74   999.99   -8.765
     92.05   999.99   -8.763
     92.35   999.99   -8.763
     92.66   999.99   -8.760
     92.96   999.99   -8.758
     93.27   999.99   -8.756
     93.57   999.99   -8.754
     93.88   999.99   -8.752
     94.18   999.99   -8.749
     94.49   999.99   -8.747
     94.79   999.99   -8.745
     95.10   999.99   -8.742
     95.40   999.99   -8.740
     95.71   999.99   -8.738
     96.01   999.99   -8.734
     96.32   999.99   -8.731
     96.62   999.99   -8.729
     96.93   999.99   -8.727
     97.23   999.99   -8.725
     97.54   999.99   -8.723
     97.84   999.99   -8.721
     98.15   999.99   -8.717
     98.45   999.99   -8.714
     98.76   999.99   -8.711
     99.06   999.99   -8.709
     99.36   999.99   -8.705
     99.67   999.99   -8.703
     99.97   999.99   -8.701
    100.28   999.99   -8.698
    100.58   999.99   -8.693
    100.89   999.99   -8.690
    101.19   999.99   -8.687
    101.50   999.99   -8.684
    101.80   999.99   -8.682
    102.11   999.99   -8.679
    102.41   999.99   -8.676
    102.72   999.99   -8.673
    103.02   999.99   -8.670
    103.33   999.99   -8.668
    103.63   999.99   -8.663
    103.94   999.99   -8.660
    104.24   999.99   -8.657
    104.55   999.99   -8.654
    104.85   999.99   -8.652
    105.16   999.99   -8.649
    105.46   999.99   -8.647
    105.77   999.99   -8.643
    106.07   999.99   -8.640
    106.38   999.99   -8.636
    106.68   999.99   -8.634
    106.99   999.99   -8.632
    107.29   999.99   -8.629
    107.59   999.99   -8.627
    107.90   999.99   -8.624
    108.20   999.99   -8.622
    108.51   999.99   -8.619
    108.81   999.99   -8.616
    109.12   999.99   -8.613
    109.42   999.99   -8.609
    109.73   999.99   -8.605
    110.03   999.99   -8.603
    110.34   999.99   -8.600
    110.64   999.99   -8.598
    110.95   999.99   -8.596
    111.25   999.99   -8.593
    111.56   999.99   -8.590
    111.86   999.99   -8.586
    112.17   999.99   -8.584
    112.47   999.99   -8.581
    112.78   999.99   -8.579
    113.08   999.99   -8.576
    113.39   999.99   -8.574
    113.69   999.99   -8.572
    114.00   999.99   -8.570
    114.30   999.99   -8.568
    114.61   999.99   -8.567
    114.91   999.99   -8.565
    115.21   999.99   -8.563
    115.52   999.99   -8.561
    115.82   999.99   -8.559
    116.13   999.99   -8.556
    116.43   999.99   -8.555
    116.74   999.99   -8.552
    117.04   999.99   -8.552
    117.35   999.99   -8.550
    117.65   999.99   -8.546
    117.96   999.99   -8.506
    118.26   999.99   -8.501
    118.57   999.99   -8.505
    118.87   999.99   -8.508
    119.18   999.99   -8.511
    119.48   999.99   -8.513
    119.79   999.99   -8.516
    120.09   999.99   -8.520
    120.40   999.99   -8.523
    120.70   999.99   -8.525
    120.09   999.99   -9.169
    120.40   999.99   -9.168
    120.70   999.99   -9.167
    121.01   999.99   -9.166
    121.31   999.99   -9.164
    121.62   999.99   -9.162
    121.92   999.99   -9.159
    122.22   999.99   -9.157
    122.53   999.99   -9.154
    122.83   999.99   -9.152
    123.14   999.99   -9.150
    123.44   999.99   -9.147
    123.75   999.99   -9.145
    124.05   999.99   -9.142
    124.36   999.99   -9.140
    124.66   999.99   -9.137
    124.97   999.99   -9.135
    125.27   999.99   -9.132
    125.58   999.99   -9.129
    125.88   999.99   -9.126
    126.19   999.99   -9.124
    126.49   999.99   -9.121
    126.80   999.99   -9.119
    127.10   999.99   -9.117
    127.41   999.99   -9.113
    127.71   999.99   -9.111
    128.02   999.99   -9.108
    128.32   999.99   -9.106
    128.63   999.99   -9.104
    128.93   999.99   -9.101
    129.24   999.99   -9.099
    129.54   999.99   -9.096
    129.85   999.99   -9.093
    130.15   999.99   -9.090
    130.45   999.99   -9.088
    130.76   999.99   -9.085
    131.06   999.99   -9.082
    131.37   999.99   -9.080
    131.67   999.99   -9.077
    131.98   999.99   -9.073
    132.28   999.99   -9.070
    132.59   999.99   -9.068
    132.89   999.99   -9.065
    133.20   999.99   -9.062
    133.50   999.99   -9.060
    133.81   999.99   -9.057
    134.11   999.99   -9.054
    134.42   999.99   -9.051
    134.72   999.99   -9.048
    135.03   999.99   -9.046
    135.33   999.99   -9.043
    135.64   999.99   -9.040
    135.94   999.99   -9.038
    136.25   999.99   -9.035
    136.55   999.99   -9.031
    136.86   999.99   -9.027
    137.16   999.99   -9.023
    137.47   999.99   -9.021
    137.77   999.99   -9.018
    138.07   999.99   -9.014
    138.38   999.99   -9.011
    138.68   999.99   -9.008
    138.99   999.99   -9.005
    139.29   999.99   -9.001
    139.60   999.99   -8.999
    139.90   999.99   -8.994
    140.21   999.99   -8.991
    140.51   999.99   -8.988
    140.82   999.99   -8.984
    141.12   999.99   -8.981
    141.43   999.99   -8.977
    141.73   999.99   -8.974
    142.04   999.99   -8.971
    142.34   999.99   -8.967
    142.65   999.99   -8.964
    142.95   999.99   -8.961
    143.26   999.99   -8.958
    143.56   999.99   -8.954
    143.87   999.99   -8.950
    144.17   999.99   -8.946
    144.48   999.99   -8.942
    144.78   999.99   -8.938
    145.09   999.99   -8.934
    145.39   999.99   -8.930
    145.69   999.99   -8.926
    146.00   999.99   -8.922
    146.30   999.99   -8.918
    146.61   999.99   -8.914
    146.91   999.99   -8.910
    147.22   999.99   -8.905
    147.52   999.99   -8.901
    147.83   999.99   -8.897
    148.13   999.99   -8.894
    148.44   999.99   -8.890
    148.74   999.99   -8.879
    149.05   999.99   -8.872
    149.35   999.99   -8.867
    149.66   999.99   -8.861
    149.96   999.99   -8.857
    150.27   999.99   -8.853
    150.57   999.99   -8.849
    150.88   999.99   -8.847
    151.18   999.99   -8.843
    151.49   999.99   -8.840
    151.79   999.99   -8.836
    152.10   999.99   -8.832
    152.40   999.99   -8.828
    152.71   999.99   -8.825
    153.01   999.99   -8.822
    153.31   999.99   -8.818
    153.62   999.99   -8.814
    153.92   999.99   -8.812
    154.23   999.99   -8.808
    154.53   999.99   -8.804
    154.84   999.99   -8.799
    155.14   999.99   -8.794
    155.45   999.99   -8.789
    155.75   999.99   -8.785
    156.06   999.99   -8.783
    156.36   999.99   -8.779
    156.67   999.99   -8.776
    156.97   999.99   -8.772
    157.28   999.99   -8.769
    157.58   999.99   -8.765
    157.89   999.99   -8.760
    158.19   999.99   -8.757
    158.50   999.99   -8.753
    158.80   999.99   -8.749
    159.11   999.99   -8.744
    159.41   999.99   -8.740
    159.72   999.99   -8.736
    160.02   999.99   -8.730
    160.33   999.99   -8.724
    160.63   999.99   -8.720
    160.93   999.99   -8.717
    161.24   999.99   -8.713
    161.54   999.99   -8.711
    161.85   999.99   -8.709
    162.15   999.99   -8.706
    162.46   999.99   -8.702
    162.76   999.99   -8.700
    163.07   999.99   -8.696
    163.37   999.99   -8.693
    163.68   999.99   -8.689
    163.98   999.99   -8.686
    164.29   999.99   -8.683
    164.59   999.99   -8.681
    164.90   999.99   -8.678
    165.20   999.99   -8.675
    165.51   999.99   -8.673
    165.81   999.99   -8.667
    166.12   999.99   -8.676
    166.42   999.99   -8.680
    166.73   999.99   -8.682
    167.03   999.99   -8.681
    167.34   999.99   -8.681
    167.64   999.99   -8.680
    167.95   999.99   -8.678
    168.25   999.99   -8.676
    168.55   999.99   -8.674
    168.86   999.99   -8.673
    169.16   999.99   -8.670
    169.47   999.99   -8.668
    169.77   999.99   -8.666
    170.08   999.99   -8.664
