 << U.S. Geological Survey Borehole Temperature Log - Alaska >>
  
 Site:             PEA 
 Log Date:         84AUG06 
 Type of Log:      continuous  
 Type of Sensor:   thermistor network (custom)
 Measuring Device: digital multimeter
 Deconvolved:      no 
  
  Z   = measured depth (m)
  TVD = true vertical depth (m)
  T   = temperature (C)
  
        Z      TVD       T
     30.78   999.99   -8.404
     31.09   999.99   -8.399
     31.39   999.99   -8.396
     31.70   999.99   -8.391
     32.00   999.99   -8.383
     32.31   999.99   -8.378
     32.61   999.99   -8.374
     32.92   999.99   -8.370
     33.22   999.99   -8.363
     33.53   999.99   -8.358
     33.83   999.99   -8.347
     34.14   999.99   -8.342
     34.44   999.99   -8.339
     34.75   999.99   -8.336
     35.05   999.99   -8.334
     35.36   999.99   -8.330
     35.66   999.99   -8.324
     35.97   999.99   -8.317
     36.27   999.99   -8.313
     36.58   999.99   -8.304
     36.88   999.99   -8.298
     37.19   999.99   -8.287
     37.49   999.99   -8.278
     37.80   999.99   -8.275
     38.10   999.99   -8.272
     38.40   999.99   -8.268
     38.71   999.99   -8.266
     39.01   999.99   -8.264
     39.32   999.99   -8.260
     39.62   999.99   -8.256
     39.93   999.99   -8.252
     40.23   999.99   -8.244
     40.54   999.99   -8.239
     40.84   999.99   -8.233
     41.15   999.99   -8.227
     41.45   999.99   -8.222
     41.76   999.99   -8.215
     42.06   999.99   -8.209
     42.37   999.99   -8.207
     42.67   999.99   -8.202
     42.98   999.99   -8.199
     43.28   999.99   -8.194
     43.59   999.99   -8.182
     43.89   999.99   -8.180
     44.20   999.99   -8.178
     44.50   999.99   -8.173
     44.81   999.99   -8.167
     45.11   999.99   -8.160
     45.42   999.99   -8.153
     45.72   999.99   -8.147
     46.02   999.99   -8.141
     46.33   999.99   -8.138
     46.63   999.99   -8.134
     46.94   999.99   -8.128
     47.24   999.99   -8.122
     47.55   999.99   -8.115
     47.85   999.99   -8.102
     48.16   999.99   -8.096
     48.46   999.99   -8.090
     48.77   999.99   -8.082
     49.07   999.99   -8.077
     49.38   999.99   -8.073
     49.68   999.99   -8.065
     49.99   999.99   -8.060
     50.29   999.99   -8.055
     50.60   999.99   -8.049
     50.90   999.99   -8.043
     51.21   999.99   -8.035
     51.51   999.99   -8.027
     51.82   999.99   -8.020
     52.12   999.99   -8.009
     52.43   999.99   -8.001
     52.73   999.99   -7.992
     53.04   999.99   -7.985
     53.34   999.99   -7.978
     53.64   999.99   -7.971
     53.95   999.99   -7.962
     54.25   999.99   -7.955
     54.56   999.99   -7.948
     54.86   999.99   -7.942
     55.17   999.99   -7.935
     55.47   999.99   -7.928
     55.78   999.99   -7.919
     56.08   999.99   -7.912
     56.39   999.99   -7.901
     56.69   999.99   -7.894
     57.00   999.99   -7.888
     57.30   999.99   -7.883
     57.61   999.99   -7.876
     57.91   999.99   -7.871
     58.22   999.99   -7.865
     58.52   999.99   -7.859
     58.83   999.99   -7.850
     59.13   999.99   -7.843
     59.44   999.99   -7.836
     59.74   999.99   -7.826
     60.05   999.99   -7.819
     60.35   999.99   -7.811
     60.66   999.99   -7.805
     60.96   999.99   -7.800
     61.26   999.99   -7.794
     61.57   999.99   -7.788
     61.87   999.99   -7.782
     62.18   999.99   -7.775
     62.48   999.99   -7.769
     62.79   999.99   -7.762
     63.09   999.99   -7.753
     63.40   999.99   -7.748
     63.70   999.99   -7.742
     64.01   999.99   -7.734
     64.31   999.99   -7.724
     64.62   999.99   -7.715
     64.92   999.99   -7.705
     65.23   999.99   -7.697
     65.53   999.99   -7.691
     65.84   999.99   -7.682
     66.14   999.99   -7.675
     66.45   999.99   -7.667
     66.75   999.99   -7.659
     67.06   999.99   -7.649
     67.36   999.99   -7.637
     67.67   999.99   -7.627
     67.97   999.99   -7.618
     68.28   999.99   -7.604
     68.58   999.99   -7.594
     68.88   999.99   -7.585
     69.19   999.99   -7.578
     69.49   999.99   -7.570
     69.80   999.99   -7.558
     70.10   999.99   -7.550
     70.41   999.99   -7.544
     70.71   999.99   -7.534
     71.02   999.99   -7.525
     71.32   999.99   -7.515
     71.63   999.99   -7.505
     71.93   999.99   -7.497
     72.24   999.99   -7.490
     72.54   999.99   -7.482
     72.85   999.99   -7.473
     73.15   999.99   -7.462
     73.46   999.99   -7.451
     73.76   999.99   -7.439
     74.07   999.99   -7.426
     74.37   999.99   -7.419
     74.68   999.99   -7.413
     74.98   999.99   -7.407
     75.29   999.99   -7.400
     75.59   999.99   -7.393
     75.90   999.99   -7.380
     76.20   999.99   -7.370
     76.50   999.99   -7.364
     76.81   999.99   -7.359
     77.11   999.99   -7.350
     77.42   999.99   -7.340
     77.72   999.99   -7.331
     78.03   999.99   -7.320
     78.33   999.99   -7.309
     78.64   999.99   -7.302
     78.94   999.99   -7.294
     79.25   999.99   -7.285
     79.55   999.99   -7.275
     79.86   999.99   -7.265
     80.16   999.99   -7.253
     80.47   999.99   -7.238
     80.77   999.99   -7.230
     81.08   999.99   -7.223
     81.38   999.99   -7.216
     81.69   999.99   -7.207
     81.99   999.99   -7.199
     82.30   999.99   -7.191
     82.60   999.99   -7.183
     82.91   999.99   -7.175
     83.21   999.99   -7.164
     83.52   999.99   -7.153
     83.82   999.99   -7.143
     84.12   999.99   -7.132
     84.43   999.99   -7.122
     84.73   999.99   -7.110
     85.04   999.99   -7.101
     85.34   999.99   -7.094
     85.65   999.99   -7.082
     85.95   999.99   -7.066
     86.26   999.99   -7.054
     86.56   999.99   -7.045
     86.87   999.99   -7.036
     87.17   999.99   -7.026
     87.48   999.99   -7.012
     87.78   999.99   -7.005
     88.09   999.99   -6.999
     88.39   999.99   -6.984
     88.70   999.99   -6.971
     89.00   999.99   -6.960
     89.31   999.99   -6.948
     89.61   999.99   -6.931
     89.92   999.99   -6.921
     90.22   999.99   -6.911
     90.53   999.99   -6.902
     90.83   999.99   -6.893
     91.14   999.99   -6.887
     91.44   999.99   -6.881
     91.74   999.99   -6.815
     92.05   999.99   -6.813
     92.35   999.99   -6.810
     92.66   999.99   -6.806
     92.96   999.99   -6.797
     93.27   999.99   -6.791
     93.57   999.99   -6.786
     93.88   999.99   -6.779
     94.18   999.99   -6.769
     94.49   999.99   -6.759
     94.79   999.99   -6.747
     95.10   999.99   -6.732
     95.40   999.99   -6.720
     95.71   999.99   -6.712
     96.01   999.99   -6.703
     96.32   999.99   -6.690
     96.62   999.99   -6.679
     96.93   999.99   -6.671
     97.23   999.99   -6.660
     97.54   999.99   -6.646
     97.84   999.99   -6.633
     98.15   999.99   -6.622
     98.45   999.99   -6.610
     98.76   999.99   -6.596
     99.06   999.99   -6.586
     99.36   999.99   -6.578
     99.67   999.99   -6.568
     99.97   999.99   -6.559
    100.28   999.99   -6.546
    100.58   999.99   -6.533
    100.89   999.99   -6.523
    101.19   999.99   -6.512
    101.50   999.99   -6.504
    101.80   999.99   -6.497
    102.11   999.99   -6.481
    102.41   999.99   -6.466
    102.72   999.99   -6.455
    103.02   999.99   -6.441
    103.33   999.99   -6.430
    103.63   999.99   -6.422
    103.94   999.99   -6.409
    104.24   999.99   -6.400
    104.55   999.99   -6.392
    104.85   999.99   -6.385
    105.16   999.99   -6.375
    105.46   999.99   -6.365
    105.77   999.99   -6.354
    106.07   999.99   -6.344
    106.38   999.99   -6.335
    106.68   999.99   -6.326
    106.99   999.99   -6.316
    107.29   999.99   -6.304
    107.59   999.99   -6.297
    107.90   999.99   -6.288
    108.20   999.99   -6.278
    108.51   999.99   -6.268
    108.81   999.99   -6.255
    109.12   999.99   -6.245
    109.42   999.99   -6.235
    109.73   999.99   -6.227
    110.03   999.99   -6.220
    110.34   999.99   -6.212
    110.64   999.99   -6.202
    110.95   999.99   -6.194
    111.25   999.99   -6.186
    111.56   999.99   -6.177
    111.86   999.99   -6.168
    112.17   999.99   -6.159
    112.47   999.99   -6.150
    112.78   999.99   -6.138
    113.08   999.99   -6.129
    113.39   999.99   -6.122
    113.69   999.99   -6.114
    114.00   999.99   -6.104
    114.30   999.99   -6.091
    114.61   999.99   -6.082
    114.91   999.99   -6.070
    115.21   999.99   -6.060
    115.52   999.99   -6.053
    115.82   999.99   -6.047
    116.13   999.99   -6.036
    116.43   999.99   -6.023
    116.74   999.99   -6.014
    117.04   999.99   -6.007
    117.35   999.99   -5.997
    117.65   999.99   -5.987
    117.96   999.99   -5.980
    118.26   999.99   -5.971
    118.57   999.99   -5.958
    118.87   999.99   -5.949
    119.18   999.99   -5.942
    119.48   999.99   -5.933
    119.79   999.99   -5.921
    120.09   999.99   -5.911
    120.40   999.99   -5.902
    120.70   999.99   -5.894
    121.01   999.99   -5.885
    121.31   999.99   -5.879
    121.62   999.99   -5.872
    121.92   999.99   -5.864
    122.22   999.99   -5.855
    122.53   999.99   -5.847
    122.83   999.99   -5.839
    123.14   999.99   -5.829
    123.44   999.99   -5.820
    123.75   999.99   -5.808
    124.05   999.99   -5.798
    124.36   999.99   -5.788
    124.66   999.99   -5.777
    124.97   999.99   -5.765
    125.27   999.99   -5.755
    125.58   999.99   -5.742
    125.88   999.99   -5.729
    126.19   999.99   -5.720
    126.49   999.99   -5.713
    126.80   999.99   -5.706
    127.10   999.99   -5.697
    127.41   999.99   -5.691
    127.71   999.99   -5.685
    128.02   999.99   -5.678
    128.32   999.99   -5.669
    128.63   999.99   -5.657
    128.93   999.99   -5.646
    129.24   999.99   -5.637
    129.54   999.99   -5.628
    129.85   999.99   -5.620
    130.15   999.99   -5.609
    130.45   999.99   -5.601
    130.76   999.99   -5.591
    131.06   999.99   -5.583
    131.37   999.99   -5.573
    131.67   999.99   -5.560
    131.98   999.99   -5.550
    132.28   999.99   -5.541
    132.59   999.99   -5.534
    132.89   999.99   -5.523
    133.20   999.99   -5.510
    133.50   999.99   -5.501
    133.81   999.99   -5.490
    134.11   999.99   -5.481
    134.42   999.99   -5.476
    134.72   999.99   -5.468
    135.03   999.99   -5.462
    135.33   999.99   -5.452
    135.64   999.99   -5.438
    135.94   999.99   -5.429
    136.25   999.99   -5.420
    136.55   999.99   -5.413
    136.86   999.99   -5.403
    137.16   999.99   -5.391
    137.47   999.99   -5.373
    137.77   999.99   -5.360
    138.07   999.99   -5.351
    138.38   999.99   -5.346
    138.68   999.99   -5.341
    138.99   999.99   -5.333
    139.29   999.99   -5.321
    139.60   999.99   -5.311
    139.90   999.99   -5.300
    140.21   999.99   -5.290
    140.51   999.99   -5.279
    140.82   999.99   -5.271
    141.12   999.99   -5.264
    141.43   999.99   -5.255
    141.73   999.99   -5.245
    142.04   999.99   -5.234
    142.34   999.99   -5.219
    142.65   999.99   -5.208
    142.95   999.99   -5.199
    143.26   999.99   -5.190
    143.56   999.99   -5.182
    143.87   999.99   -5.177
    144.17   999.99   -5.170
    144.48   999.99   -5.162
    144.78   999.99   -5.149
    145.09   999.99   -5.137
    145.39   999.99   -5.127
    145.69   999.99   -5.119
    146.00   999.99   -5.108
    146.30   999.99   -5.098
    146.61   999.99   -5.090
    146.91   999.99   -5.078
    147.22   999.99   -5.070
    147.52   999.99   -5.062
    147.83   999.99   -5.053
    148.13   999.99   -5.047
    148.44   999.99   -5.035
    148.74   999.99   -5.026
    149.05   999.99   -5.015
    149.35   999.99   -5.004
    149.66   999.99   -4.994
    149.96   999.99   -4.986
    150.27   999.99   -4.976
    150.57   999.99   -4.968
    150.88   999.99   -4.958
    151.18   999.99   -4.948
    151.49   999.99   -4.937
    151.79   999.99   -4.923
    152.10   999.99   -4.916
    152.40   999.99   -4.910
    152.71   999.99   -4.855
    153.01   999.99   -4.853
    153.31   999.99   -4.847
    153.62   999.99   -4.838
    153.92   999.99   -4.833
    154.23   999.99   -4.825
    154.53   999.99   -4.819
    154.84   999.99   -4.808
    155.14   999.99   -4.796
    155.45   999.99   -4.784
    155.75   999.99   -4.776
    156.06   999.99   -4.764
    156.36   999.99   -4.754
    156.67   999.99   -4.745
    156.97   999.99   -4.737
    157.28   999.99   -4.729
    157.58   999.99   -4.721
    157.89   999.99   -4.711
    158.19   999.99   -4.703
    158.50   999.99   -4.696
    158.80   999.99   -4.687
    159.11   999.99   -4.674
    159.41   999.99   -4.665
    159.72   999.99   -4.658
    160.02   999.99   -4.650
    160.33   999.99   -4.641
    160.63   999.99   -4.633
    160.93   999.99   -4.625
    161.24   999.99   -4.617
    161.54   999.99   -4.607
    161.85   999.99   -4.596
    162.15   999.99   -4.587
    162.46   999.99   -4.580
    162.76   999.99   -4.572
    163.07   999.99   -4.558
    163.37   999.99   -4.551
    163.68   999.99   -4.544
    163.98   999.99   -4.538
    164.29   999.99   -4.533
    164.59   999.99   -4.526
    164.90   999.99   -4.519
    165.20   999.99   -4.506
    165.51   999.99   -4.495
    165.81   999.99   -4.488
    166.12   999.99   -4.481
    166.42   999.99   -4.471
    166.73   999.99   -4.464
    167.03   999.99   -4.455
    167.34   999.99   -4.448
    167.64   999.99   -4.442
    167.95   999.99   -4.431
    168.25   999.99   -4.421
    168.55   999.99   -4.410
    168.86   999.99   -4.401
    169.16   999.99   -4.390
    169.47   999.99   -4.381
    169.77   999.99   -4.376
    170.08   999.99   -4.370
    170.38   999.99   -4.363
    170.69   999.99   -4.356
    170.99   999.99   -4.348
    171.30   999.99   -4.339
    171.60   999.99   -4.333
    171.91   999.99   -4.319
    172.21   999.99   -4.312
    172.52   999.99   -4.305
    172.82   999.99   -4.298
    173.13   999.99   -4.291
    173.43   999.99   -4.283
    173.74   999.99   -4.280
    174.04   999.99   -4.269
    174.35   999.99   -4.259
    174.65   999.99   -4.250
    174.96   999.99   -4.242
    175.26   999.99   -4.237
    175.57   999.99   -4.229
    175.87   999.99   -4.221
    176.17   999.99   -4.216
    176.48   999.99   -4.205
    176.78   999.99   -4.198
    177.09   999.99   -4.193
    177.39   999.99   -4.188
    177.70   999.99   -4.180
    178.00   999.99   -4.173
    178.31   999.99   -4.165
    178.61   999.99   -4.159
    178.92   999.99   -4.153
    179.22   999.99   -4.147
    179.53   999.99   -4.135
    179.83   999.99   -4.126
    180.14   999.99   -4.118
    180.44   999.99   -4.107
    180.75   999.99   -4.101
    181.05   999.99   -4.094
    181.36   999.99   -4.087
    181.66   999.99   -4.080
    181.97   999.99   -4.071
    182.27   999.99   -4.065
    182.58   999.99   -4.057
    182.88   999.99   -4.044
    183.19   999.99   -4.034
    183.49   999.99   -4.022
    183.79   999.99   -4.018
    184.10   999.99   -4.006
    184.40   999.99   -3.995
    184.71   999.99   -3.985
    185.01   999.99   -3.980
    185.32   999.99   -3.971
    185.62   999.99   -3.962
    185.93   999.99   -3.959
    186.23   999.99   -3.948
    186.54   999.99   -3.941
    186.84   999.99   -3.933
    187.15   999.99   -3.923
    187.45   999.99   -3.916
    187.76   999.99   -3.908
    188.06   999.99   -3.901
    188.37   999.99   -3.889
    188.67   999.99   -3.877
    188.98   999.99   -3.868
    189.28   999.99   -3.862
    189.59   999.99   -3.852
    189.89   999.99   -3.840
    190.20   999.99   -3.832
    190.50   999.99   -3.826
    190.81   999.99   -3.815
    191.11   999.99   -3.806
    191.41   999.99   -3.794
    191.72   999.99   -3.788
    192.02   999.99   -3.777
    192.33   999.99   -3.766
    192.63   999.99   -3.753
    192.94   999.99   -3.744
    193.24   999.99   -3.734
    193.55   999.99   -3.728
    193.85   999.99   -3.722
    194.16   999.99   -3.719
    194.46   999.99   -3.713
    194.77   999.99   -3.706
    195.07   999.99   -3.700
    195.38   999.99   -3.693
    195.68   999.99   -3.685
    195.99   999.99   -3.675
    196.29   999.99   -3.669
    196.60   999.99   -3.659
    196.90   999.99   -3.642
    197.21   999.99   -3.635
    197.51   999.99   -3.628
    197.82   999.99   -3.619
    198.12   999.99   -3.609
    198.43   999.99   -3.601
    198.73   999.99   -3.584
    199.03   999.99   -3.575
    199.34   999.99   -3.564
    199.64   999.99   -3.558
    199.95   999.99   -3.549
    200.25   999.99   -3.543
    200.56   999.99   -3.534
    200.86   999.99   -3.527
    201.17   999.99   -3.520
    201.47   999.99   -3.511
    201.78   999.99   -3.499
    202.08   999.99   -3.491
    202.39   999.99   -3.483
    202.69   999.99   -3.475
    203.00   999.99   -3.467
    203.30   999.99   -3.459
    203.61   999.99   -3.447
    203.91   999.99   -3.434
    204.22   999.99   -3.423
    204.52   999.99   -3.417
    204.83   999.99   -3.406
    205.13   999.99   -3.398
    205.44   999.99   -3.387
    205.74   999.99   -3.376
    206.05   999.99   -3.365
    206.35   999.99   -3.358
    206.65   999.99   -3.348
    206.96   999.99   -3.343
    207.26   999.99   -3.335
    207.57   999.99   -3.327
    207.87   999.99   -3.314
    208.18   999.99   -3.298
    208.48   999.99   -3.286
    208.79   999.99   -3.272
    209.09   999.99   -3.258
    209.40   999.99   -3.242
    209.70   999.99   -3.231
    210.01   999.99   -3.223
    210.31   999.99   -3.211
    210.62   999.99   -3.202
    210.92   999.99   -3.191
    211.23   999.99   -3.183
    211.53   999.99   -3.174
    211.84   999.99   -3.164
    212.14   999.99   -3.157
    212.45   999.99   -3.146
    212.75   999.99   -3.136
    213.06   999.99   -3.119
    213.36   999.99   -3.111
    214.88   999.99   -3.010
    215.19   999.99   -3.005
    215.49   999.99   -2.992
    215.80   999.99   -2.986
    216.10   999.99   -2.975
    216.41   999.99   -2.966
    216.71   999.99   -2.955
    217.02   999.99   -2.948
    217.32   999.99   -2.941
    217.63   999.99   -2.935
    217.93   999.99   -2.926
    218.24   999.99   -2.915
    218.54   999.99   -2.903
    218.85   999.99   -2.895
    219.15   999.99   -2.887
    219.46   999.99   -2.874
    219.76   999.99   -2.863
    220.07   999.99   -2.845
    220.37   999.99   -2.837
    220.68   999.99   -2.823
    220.98   999.99   -2.811
    221.29   999.99   -2.799
    221.59   999.99   -2.787
    221.89   999.99   -2.776
    222.20   999.99   -2.771
    222.50   999.99   -2.760
    222.81   999.99   -2.747
    223.11   999.99   -2.728
    223.42   999.99   -2.714
    223.72   999.99   -2.705
    224.03   999.99   -2.699
    224.33   999.99   -2.682
    224.64   999.99   -2.665
    224.94   999.99   -2.649
    225.25   999.99   -2.636
    225.55   999.99   -2.624
    225.86   999.99   -2.612
    226.16   999.99   -2.600
    226.47   999.99   -2.588
    226.77   999.99   -2.577
    227.08   999.99   -2.566
    227.38   999.99   -2.553
    227.69   999.99   -2.540
    227.99   999.99   -2.524
    228.30   999.99   -2.508
    228.60   999.99   -2.493
    228.91   999.99   -2.484
    229.21   999.99   -2.464
    229.51   999.99   -2.454
    229.82   999.99   -2.443
    230.12   999.99   -2.431
    230.43   999.99   -2.416
    230.73   999.99   -2.399
    231.04   999.99   -2.388
    231.34   999.99   -2.377
    231.65   999.99   -2.366
    231.95   999.99   -2.353
    232.26   999.99   -2.339
    232.56   999.99   -2.325
    232.87   999.99   -2.311
    233.17   999.99   -2.296
    233.48   999.99   -2.288
    233.78   999.99   -2.273
    234.09   999.99   -2.262
    234.39   999.99   -2.249
    234.70   999.99   -2.239
    235.00   999.99   -2.223
    235.31   999.99   -2.212
    235.61   999.99   -2.194
    235.92   999.99   -2.178
    236.22   999.99   -2.164
    236.53   999.99   -2.155
    236.83   999.99   -2.146
    237.13   999.99   -2.133
    237.44   999.99   -2.121
    237.74   999.99   -2.113
    238.05   999.99   -2.107
    238.35   999.99   -2.089
    238.66   999.99   -2.080
    238.96   999.99   -2.074
    239.27   999.99   -2.058
    239.57   999.99   -2.046
    239.88   999.99   -2.033
    240.18   999.99   -2.023
    240.49   999.99   -2.015
    240.79   999.99   -2.004
    241.10   999.99   -1.990
    241.40   999.99   -1.978
    241.71   999.99   -1.966
    242.01   999.99   -1.955
    242.32   999.99   -1.944
    242.62   999.99   -1.928
    242.93   999.99   -1.922
    243.23   999.99   -1.912
    243.54   999.99   -1.903
    243.84   999.99   -1.899
    244.15   999.99   -1.891
    244.45   999.99   -1.882
    244.75   999.99   -1.868
    245.06   999.99   -1.861
    245.36   999.99   -1.854
    245.67   999.99   -1.846
    245.97   999.99   -1.834
    246.28   999.99   -1.826
    246.58   999.99   -1.819
    246.89   999.99   -1.811
    247.19   999.99   -1.802
    247.50   999.99   -1.794
    247.80   999.99   -1.783
    248.11   999.99   -1.775
    248.41   999.99   -1.763
    248.72   999.99   -1.753
    249.02   999.99   -1.741
    249.33   999.99   -1.726
    249.63   999.99   -1.716
    249.94   999.99   -1.703
    250.24   999.99   -1.692
    250.55   999.99   -1.684
    250.85   999.99   -1.677
    251.16   999.99   -1.665
    251.46   999.99   -1.657
    251.77   999.99   -1.654
    252.07   999.99   -1.636
    252.37   999.99   -1.624
    252.68   999.99   -1.617
    252.98   999.99   -1.605
    253.29   999.99   -1.598
    253.59   999.99   -1.589
    253.90   999.99   -1.579
    254.20   999.99   -1.571
    254.51   999.99   -1.561
    254.81   999.99   -1.550
    255.12   999.99   -1.532
    255.42   999.99   -1.520
    255.73   999.99   -1.511
    256.03   999.99   -1.504
    256.34   999.99   -1.498
    256.64   999.99   -1.492
    256.95   999.99   -1.486
    257.25   999.99   -1.479
    257.56   999.99   -1.470
    257.86   999.99   -1.463
    258.17   999.99   -1.456
    258.47   999.99   -1.450
    258.78   999.99   -1.438
    259.08   999.99   -1.430
    259.39   999.99   -1.420
    259.69   999.99   -1.409
    259.99   999.99   -1.402
    260.30   999.99   -1.394
    260.60   999.99   -1.384
    260.91   999.99   -1.371
    261.21   999.99   -1.358
    261.52   999.99   -1.347
    261.82   999.99   -1.337
    262.13   999.99   -1.330
    262.43   999.99   -1.320
    262.74   999.99   -1.310
    263.04   999.99   -1.300
    263.35   999.99   -1.288
    263.65   999.99   -1.277
    263.96   999.99   -1.270
    264.26   999.99   -1.263
    264.57   999.99   -1.255
    264.87   999.99   -1.246
    265.18   999.99   -1.237
    265.48   999.99   -1.232
    265.79   999.99   -1.224
    266.09   999.99   -1.215
    266.40   999.99   -1.203
    266.70   999.99   -1.194
    267.01   999.99   -1.189
    267.31   999.99   -1.182
    267.61   999.99   -1.175
    267.92   999.99   -1.169
    268.22   999.99   -1.164
    268.53   999.99   -1.158
    268.83   999.99   -1.151
    269.14   999.99   -1.145
    269.44   999.99   -1.142
    269.75   999.99   -1.134
    270.05   999.99   -1.128
    270.36   999.99   -1.121
    270.66   999.99   -1.115
    270.97   999.99   -1.102
    271.27   999.99   -1.098
    271.58   999.99   -1.089
    271.88   999.99   -1.083
    280.42   999.99    -.718
    280.72   999.99    -.709
    281.03   999.99    -.700
    281.33   999.99    -.693
    281.64   999.99    -.682
    281.94   999.99    -.673
    282.25   999.99    -.661
    282.55   999.99    -.653
    282.86   999.99    -.642
    283.16   999.99    -.632
    283.46   999.99    -.627
    283.77   999.99    -.622
    284.07   999.99    -.611
    284.38   999.99    -.605
    284.68   999.99    -.597
    284.99   999.99    -.587
    285.29   999.99    -.579
    285.60   999.99    -.570
    285.90   999.99    -.567
    286.21   999.99    -.565
    286.51   999.99    -.559
    286.82   999.99    -.548
    287.12   999.99    -.540
    287.43   999.99    -.525
    287.73   999.99    -.518
    288.04   999.99    -.508
    288.34   999.99    -.495
    288.65   999.99    -.482
    288.95   999.99    -.478
    289.26   999.99    -.470
    289.56   999.99    -.463
    289.87   999.99    -.444
    290.17   999.99    -.440
    290.48   999.99    -.434
    290.78   999.99    -.424
    291.08   999.99    -.415
    291.39   999.99    -.407
    291.69   999.99    -.394
    292.00   999.99    -.381
    292.30   999.99    -.361
    292.61   999.99    -.343
    292.91   999.99    -.335
    293.22   999.99    -.321
    293.52   999.99    -.312
    293.83   999.99    -.302
    294.13   999.99    -.293
    294.44   999.99    -.288
    294.74   999.99    -.282
    295.05   999.99    -.272
    295.35   999.99    -.267
    295.66   999.99    -.252
    295.96   999.99    -.238
    296.27   999.99    -.223
    296.57   999.99    -.215
    296.88   999.99    -.198
    297.18   999.99    -.189
    297.49   999.99    -.182
    297.79   999.99    -.174
    298.10   999.99    -.165
    298.40   999.99    -.160
    298.70   999.99    -.149
    299.01   999.99    -.141
    299.31   999.99    -.133
    299.62   999.99    -.129
    299.92   999.99    -.124
    300.23   999.99    -.108
    300.53   999.99    -.095
    300.84   999.99    -.087
    301.14   999.99    -.073
    301.45   999.99    -.063
    301.75   999.99    -.055
    302.06   999.99    -.050
    302.36   999.99    -.040
    302.67   999.99    -.030
    302.97   999.99    -.021
    303.28   999.99    -.010
    303.58   999.99     .001
    303.89   999.99     .011
    304.19   999.99     .021
    304.50   999.99     .024
    304.80   999.99     .035
    305.11   999.99     .044
    305.41   999.99     .055
    305.71   999.99     .063
    306.02   999.99     .070
    306.32   999.99     .077
    306.63   999.99     .088
    306.93   999.99     .099
    307.24   999.99     .109
    307.54   999.99     .119
    307.85   999.99     .131
    308.15   999.99     .144
    308.46   999.99     .152
    308.76   999.99     .161
    309.07   999.99     .173
    309.37   999.99     .182
    309.68   999.99     .193
    309.98   999.99     .205
    310.29   999.99     .216
    310.59   999.99     .225
    310.90   999.99     .236
    311.20   999.99     .243
    311.51   999.99     .254
    311.81   999.99     .263
    312.12   999.99     .272
    312.42   999.99     .286
    312.73   999.99     .299
    313.03   999.99     .308
    313.33   999.99     .308
    313.64   999.99     .323
    313.94   999.99     .332
    314.25   999.99     .337
    314.55   999.99     .341
    314.86   999.99     .349
    315.16   999.99     .360
    315.47   999.99     .369
    315.77   999.99     .378
    316.08   999.99     .385
    316.38   999.99     .391
    316.69   999.99     .399
    316.99   999.99     .407
    317.30   999.99     .413
    317.60   999.99     .425
    317.91   999.99     .435
    318.21   999.99     .447
    318.52   999.99     .460
    318.82   999.99     .473
    319.13   999.99     .485
    319.43   999.99     .495
    319.74   999.99     .502
    320.04   999.99     .512
    320.35   999.99     .521
    320.65   999.99     .526
    320.95   999.99     .539
    321.26   999.99     .546
    321.56   999.99     .553
    321.87   999.99     .558
    322.17   999.99     .570
    322.48   999.99     .578
    322.78   999.99     .589
    323.09   999.99     .605
    323.39   999.99     .612
    323.70   999.99     .627
    324.00   999.99     .632
    324.31   999.99     .643
    324.61   999.99     .650
    324.92   999.99     .659
    325.22   999.99     .669
    325.53   999.99     .680
    325.83   999.99     .683
    326.14   999.99     .690
    326.44   999.99     .700
    326.75   999.99     .711
    327.05   999.99     .717
    327.36   999.99     .733
    327.66   999.99     .742
    327.97   999.99     .752
    328.27   999.99     .759
    328.58   999.99     .774
    328.88   999.99     .788
    329.18   999.99     .806
    329.49   999.99     .810
    329.79   999.99     .823
    330.10   999.99     .820
    330.40   999.99     .833
    330.71   999.99     .839
    331.01   999.99     .852
    331.32   999.99     .849
    331.62   999.99     .858
    331.93   999.99     .869
    332.23   999.99     .884
    332.54   999.99     .897
    332.84   999.99     .902
    333.15   999.99     .912
    333.45   999.99     .924
    333.76   999.99     .934
    334.06   999.99     .939
    334.37   999.99     .949
    334.67   999.99     .961
    334.98   999.99     .970
    335.28   999.99     .980
    335.59   999.99     .995
    335.89   999.99    1.007
    336.20   999.99    1.015
    336.50   999.99    1.027
    336.80   999.99    1.039
    337.11   999.99    1.049
    337.41   999.99    1.059
    337.72   999.99    1.064
    338.02   999.99    1.074
    338.33   999.99    1.090
    338.63   999.99    1.099
    338.94   999.99    1.109
    339.24   999.99    1.121
    339.55   999.99    1.128
    339.85   999.99    1.135
    340.16   999.99    1.144
    340.46   999.99    1.151
    340.77   999.99    1.157
    341.07   999.99    1.169
    341.38   999.99    1.174
    341.68   999.99    1.186
    341.99   999.99    1.199
    342.29   999.99    1.212
    342.60   999.99    1.221
    342.90   999.99    1.228
    343.21   999.99    1.238
    343.51   999.99    1.250
    343.82   999.99    1.259
    344.12   999.99    1.266
    344.42   999.99    1.280
    344.73   999.99    1.290
    345.03   999.99    1.300
    345.34   999.99    1.309
    345.64   999.99    1.314
    345.95   999.99    1.327
    346.25   999.99    1.338
    346.56   999.99    1.350
    346.86   999.99    1.357
    347.17   999.99    1.364
    347.47   999.99    1.369
    347.78   999.99    1.375
    348.08   999.99    1.385
    348.39   999.99    1.394
    348.69   999.99    1.402
    349.00   999.99    1.409
    349.30   999.99    1.427
    349.61   999.99    1.439
    349.91   999.99    1.455
    350.22   999.99    1.458
    350.52   999.99    1.470
    350.83   999.99    1.478
    351.13   999.99    1.487
    351.44   999.99    1.497
    351.74   999.99    1.505
    352.04   999.99    1.511
    352.35   999.99    1.520
    352.65   999.99    1.525
    352.96   999.99    1.530
    353.26   999.99    1.542
    353.57   999.99    1.551
    353.87   999.99    1.555
    354.18   999.99    1.566
    354.48   999.99    1.575
    354.79   999.99    1.584
    355.09   999.99    1.597
    355.40   999.99    1.603
    355.70   999.99    1.607
    356.01   999.99    1.614
    356.31   999.99    1.627
    356.62   999.99    1.622
    356.92   999.99    1.636
    357.23   999.99    1.640
    357.53   999.99    1.652
    357.84   999.99    1.653
    358.14   999.99    1.665
    358.45   999.99    1.677
    358.75   999.99    1.682
    359.06   999.99    1.695
    359.36   999.99    1.705
    359.66   999.99    1.715
    359.97   999.99    1.727
    360.27   999.99    1.735
    360.58   999.99    1.741
    360.88   999.99    1.752
    361.19   999.99    1.759
    361.49   999.99    1.764
    361.80   999.99    1.775
    362.10   999.99    1.782
    362.41   999.99    1.789
    362.71   999.99    1.798
    363.02   999.99    1.809
    363.32   999.99    1.820
    363.63   999.99    1.831
    363.93   999.99    1.797
    364.24   999.99    1.846
    364.54   999.99    1.856
    364.85   999.99    1.865
    365.15   999.99    1.876
    365.46   999.99    1.885
    365.76   999.99    1.896
    366.07   999.99    1.906
    366.37   999.99    1.915
    366.68   999.99    1.924
    366.98   999.99    1.932
    367.28   999.99    1.941
    367.59   999.99    1.957
    367.89   999.99    1.967
    368.20   999.99    1.976
    368.50   999.99    1.984
    368.81   999.99    1.993
    369.11   999.99    2.003
    369.42   999.99    2.009
    369.72   999.99    2.022
    370.03   999.99    2.033
    370.33   999.99    2.043
    370.64   999.99    2.051
    370.94   999.99    2.063
    371.25   999.99    2.075
    371.55   999.99    2.088
    371.86   999.99    2.097
    372.16   999.99    2.102
    372.47   999.99    2.108
    372.77   999.99    2.116
    373.08   999.99    2.130
    373.38   999.99    2.140
    373.69   999.99    2.153
    373.99   999.99    2.167
    374.30   999.99    2.173
    374.60   999.99    2.181
    374.90   999.99    2.188
    375.21   999.99    2.196
    375.51   999.99    2.208
    375.82   999.99    2.219
    376.12   999.99    2.230
    376.43   999.99    2.235
    376.73   999.99    2.245
    377.04   999.99    2.253
    377.34   999.99    2.270
    377.65   999.99    2.282
    377.95   999.99    2.289
    378.26   999.99    2.297
    378.56   999.99    2.301
    378.87   999.99    2.318
    379.17   999.99    2.330
    379.48   999.99    2.347
    379.78   999.99    2.350
    380.09   999.99    2.363
    380.39   999.99    2.376
    380.70   999.99    2.384
    381.00   999.99    2.393
    381.31   999.99    2.400
    381.61   999.99    2.405
    381.92   999.99    2.412
    382.22   999.99    2.421
    382.52   999.99    2.429
    382.83   999.99    2.437
    383.13   999.99    2.443
    383.44   999.99    2.453
    383.74   999.99    2.466
    384.05   999.99    2.478
    384.35   999.99    2.489
    384.66   999.99    2.497
    384.96   999.99    2.505
    385.27   999.99    2.511
    385.57   999.99    2.520
    385.88   999.99    2.530
    386.18   999.99    2.539
    386.49   999.99    2.551
    386.79   999.99    2.560
    387.10   999.99    2.571
    387.40   999.99    2.579
    387.71   999.99    2.587
    388.01   999.99    2.591
    388.32   999.99    2.602
    388.62   999.99    2.610
    388.93   999.99    2.618
    389.23   999.99    2.628
    389.54   999.99    2.637
    389.84   999.99    2.644
    390.14   999.99    2.656
    390.45   999.99    2.663
    390.75   999.99    2.672
    391.06   999.99    2.680
    391.36   999.99    2.693
    391.67   999.99    2.703
    391.97   999.99    2.708
    392.28   999.99    2.716
    392.58   999.99    2.725
    392.89   999.99    2.734
    393.19   999.99    2.743
    393.50   999.99    2.754
    393.80   999.99    2.764
    394.11   999.99    2.777
    394.41   999.99    2.788
    394.72   999.99    2.793
    395.02   999.99    2.799
    395.33   999.99    2.803
    395.63   999.99    2.809
    395.94   999.99    2.821
    396.24   999.99    2.830
    396.55   999.99    2.838
    396.85   999.99    2.848
    397.16   999.99    2.858
    397.46   999.99    2.867
    397.76   999.99    2.876
    398.07   999.99    2.884
    398.37   999.99    2.893
    398.68   999.99    2.901
    398.98   999.99    2.907
    399.29   999.99    2.913
    399.59   999.99    2.926
    399.90   999.99    2.932
    400.20   999.99    2.944
    400.51   999.99    2.953
    400.81   999.99    2.959
    401.12   999.99    2.967
    401.42   999.99    2.976
    401.73   999.99    2.981
    402.03   999.99    2.985
    402.34   999.99    2.989
    402.64   999.99    2.992
    402.95   999.99    3.007
    403.25   999.99    3.009
    403.56   999.99    3.013
    403.86   999.99    3.022
    404.17   999.99    3.032
    404.47   999.99    3.045
    404.78   999.99    3.055
    405.08   999.99    3.063
    405.38   999.99    3.070
    405.69   999.99    3.076
    405.99   999.99    3.086
    406.30   999.99    3.095
    406.60   999.99    3.102
    406.91   999.99    3.112
    407.21   999.99    3.122
    407.52   999.99    3.134
    407.82   999.99    3.141
    408.13   999.99    3.149
    408.43   999.99    3.154
    408.74   999.99    3.162
    409.04   999.99    3.176
    409.35   999.99    3.187
    409.65   999.99    3.198
    409.96   999.99    3.204
    410.26   999.99    3.210
    410.57   999.99    3.219
    410.87   999.99    3.228
    411.18   999.99    3.235
    411.48   999.99    3.253
    411.79   999.99    3.259
    412.09   999.99    3.268
    412.40   999.99    3.280
    412.70   999.99    3.301
    413.00   999.99    3.304
    413.31   999.99    3.311
    413.61   999.99    3.319
    413.92   999.99    3.327
    414.22   999.99    3.333
    414.53   999.99    3.339
    414.83   999.99    3.348
    415.14   999.99    3.357
    415.44   999.99    3.370
    415.75   999.99    3.384
    416.05   999.99    3.396
    416.36   999.99    3.407
    416.66   999.99    3.412
    416.97   999.99    3.419
    417.27   999.99    3.427
    417.58   999.99    3.436
    417.88   999.99    3.443
    418.19   999.99    3.449
    418.49   999.99    3.460
    418.80   999.99    3.471
    419.10   999.99    3.483
    419.41   999.99    3.491
    419.71   999.99    3.503
    420.02   999.99    3.507
    420.32   999.99    3.517
    420.62   999.99    3.529
    420.93   999.99    3.535
    421.23   999.99    3.544
    421.54   999.99    3.555
    421.84   999.99    3.568
    422.15   999.99    3.575
    422.45   999.99    3.584
    422.76   999.99    3.591
    423.06   999.99    3.599
    423.37   999.99    3.608
    423.67   999.99    3.619
    423.98   999.99    3.628
    424.28   999.99    3.636
    424.59   999.99    3.648
    424.89   999.99    3.644
    425.20   999.99    3.660
    425.50   999.99    3.671
    425.81   999.99    3.679
    426.11   999.99    3.687
    426.42   999.99    3.702
    426.72   999.99    3.713
    427.03   999.99    3.724
    427.33   999.99    3.733
    427.64   999.99    3.740
    427.94   999.99    3.752
    428.24   999.99    3.762
    428.55   999.99    3.771
    428.85   999.99    3.780
    429.16   999.99    3.785
    429.46   999.99    3.797
    429.77   999.99    3.812
    430.07   999.99    3.823
    430.38   999.99    3.831
    430.68   999.99    3.839
    430.99   999.99    3.846
    431.29   999.99    3.856
    431.60   999.99    3.863
    431.90   999.99    3.874
    432.21   999.99    3.885
    432.51   999.99    3.893
    432.82   999.99    3.903
    433.12   999.99    3.914
    433.43   999.99    3.921
    433.73   999.99    3.928
    434.04   999.99    3.944
    434.34   999.99    3.953
    434.65   999.99    3.963
    434.95   999.99    3.976
    435.26   999.99    3.981
    435.56   999.99    3.990
    435.86   999.99    4.000
    436.17   999.99    4.013
    436.47   999.99    4.022
    436.78   999.99    4.030
    437.08   999.99    4.039
    437.39   999.99    4.049
    437.69   999.99    4.058
    438.00   999.99    4.065
    438.30   999.99    4.074
    438.61   999.99    4.082
    438.91   999.99    4.094
    439.22   999.99    4.105
    439.52   999.99    4.115
    439.83   999.99    4.122
    440.13   999.99    4.132
    440.44   999.99    4.141
    440.74   999.99    4.150
    441.05   999.99    4.166
    441.35   999.99    4.172
    441.66   999.99    4.182
    441.96   999.99    4.189
    442.27   999.99    4.201
    442.57   999.99    4.210
    442.88   999.99    4.219
    443.18   999.99    4.229
    443.48   999.99    4.243
    443.79   999.99    4.254
    444.09   999.99    4.265
    444.40   999.99    4.279
    444.70   999.99    4.282
    445.01   999.99    4.289
    445.31   999.99    4.297
    445.62   999.99    4.303
    445.92   999.99    4.312
    446.23   999.99    4.321
    446.53   999.99    4.328
    446.84   999.99    4.337
    447.14   999.99    4.347
    447.45   999.99    4.355
    447.75   999.99    4.367
    448.06   999.99    4.379
    448.36   999.99    4.385
    448.67   999.99    4.394
    448.97   999.99    4.403
    449.28   999.99    4.417
    449.58   999.99    4.425
    449.89   999.99    4.433
    450.19   999.99    4.442
    450.50   999.99    4.452
    450.80   999.99    4.457
    451.10   999.99    4.470
    451.41   999.99    4.476
    451.71   999.99    4.486
    452.02   999.99    4.494
    452.32   999.99    4.504
    452.63   999.99    4.511
    452.93   999.99    4.522
    453.24   999.99    4.529
    453.54   999.99    4.536
    453.85   999.99    4.545
    454.15   999.99    4.548
    454.46   999.99    4.561
    454.76   999.99    4.571
    455.07   999.99    4.571
    455.37   999.99    4.581
    455.68   999.99    4.590
    455.98   999.99    4.599
    456.29   999.99    4.607
    456.59   999.99    4.618
    456.90   999.99    4.627
    457.20   999.99    4.630
    457.51   999.99    4.638
    457.81   999.99    4.642
    458.12   999.99    4.653
    458.42   999.99    4.662
    458.72   999.99    4.671
    459.03   999.99    4.679
    459.33   999.99    4.692
    459.64   999.99    4.701
    459.94   999.99    4.713
    460.25   999.99    4.721
    460.55   999.99    4.731
    460.86   999.99    4.741
    461.16   999.99    4.744
    461.47   999.99    4.749
    461.77   999.99    4.766
    462.08   999.99    4.777
    462.38   999.99    4.786
    462.69   999.99    4.798
    462.99   999.99    4.804
    463.30   999.99    4.812
    463.60   999.99    4.821
    463.91   999.99    4.828
    464.21   999.99    4.833
    464.52   999.99    4.848
    464.82   999.99    4.854
    465.13   999.99    4.865
    465.43   999.99    4.878
    465.74   999.99    4.882
    466.04   999.99    4.892
    466.34   999.99    4.907
    466.65   999.99    4.919
    466.95   999.99    4.928
    467.26   999.99    4.940
    467.56   999.99    4.951
    467.87   999.99    4.959
    468.17   999.99    4.967
    468.48   999.99    4.971
    468.78   999.99    4.982
    469.09   999.99    4.990
    469.39   999.99    4.999
    469.70   999.99    5.007
    470.00   999.99    5.014
    470.31   999.99    5.022
    470.61   999.99    5.032
    470.92   999.99    5.038
    471.22   999.99    5.041
    471.53   999.99    5.048
    471.83   999.99    5.057
    472.14   999.99    5.067
    472.44   999.99    5.076
    472.75   999.99    5.085
    473.05   999.99    5.093
    473.36   999.99    5.103
    473.66   999.99    5.109
    473.96   999.99    5.120
    474.27   999.99    5.130
    474.57   999.99    5.134
    474.88   999.99    5.139
    475.18   999.99    5.140
    475.49   999.99    5.156
    475.79   999.99    5.173
    476.10   999.99    5.176
    476.40   999.99    5.184
    476.71   999.99    5.194
    477.01   999.99    5.204
    477.32   999.99    5.212
    477.62   999.99    5.223
    477.93   999.99    5.230
    478.23   999.99    5.239
    478.54   999.99    5.244
    478.84   999.99    5.250
    479.15   999.99    5.252
    479.45   999.99    5.266
    479.76   999.99    5.275
    480.06   999.99    5.281
    480.37   999.99    5.296
    480.67   999.99    5.306
    480.98   999.99    5.312
    481.28   999.99    5.323
    481.58   999.99    5.331
    481.89   999.99    5.339
    482.19   999.99    5.337
    482.50   999.99    5.349
    482.80   999.99    5.362
    483.11   999.99    5.372
    483.41   999.99    5.385
    483.72   999.99    5.399
    484.02   999.99    5.395
    484.33   999.99    5.409
    484.63   999.99    5.422
    484.94   999.99    5.433
    485.24   999.99    5.443
    485.55   999.99    5.444
    485.85   999.99    5.455
    486.16   999.99    5.459
    486.46   999.99    5.470
    486.77   999.99    5.473
    487.07   999.99    5.485
    487.38   999.99    5.496
    487.68   999.99    5.500
    487.99   999.99    5.506
    488.29   999.99    5.521
    488.60   999.99    5.531
    488.90   999.99    5.536
    489.20   999.99    5.555
    489.51   999.99    5.566
    489.81   999.99    5.574
    490.12   999.99    5.582
    490.42   999.99    5.590
    490.73   999.99    5.595
    491.03   999.99    5.607
    491.34   999.99    5.618
    491.64   999.99    5.630
    491.95   999.99    5.638
    492.25   999.99    5.647
    492.56   999.99    5.659
    492.86   999.99    5.665
    493.17   999.99    5.677
    493.47   999.99    5.691
    493.78   999.99    5.703
    494.08   999.99    5.718
    494.39   999.99    5.724
    494.69   999.99    5.730
    495.00   999.99    5.743
    495.30   999.99    5.754
    495.61   999.99    5.761
    495.91   999.99    5.768
    496.22   999.99    5.776
    496.52   999.99    5.787
    496.83   999.99    5.799
    497.13   999.99    5.799
    497.43   999.99    5.808
    497.74   999.99    5.814
    498.04   999.99    5.826
    498.35   999.99    5.836
    498.65   999.99    5.847
    498.96   999.99    5.859
    499.26   999.99    5.869
    499.57   999.99    5.877
    499.87   999.99    5.888
    500.18   999.99    5.899
    500.48   999.99    5.907
    500.79   999.99    5.921
    501.09   999.99    5.935
    501.40   999.99    5.941
    501.70   999.99    5.955
    502.01   999.99    5.960
    502.31   999.99    5.967
    502.62   999.99    5.977
    502.92   999.99    5.993
    503.23   999.99    6.000
    503.53   999.99    6.010
    503.84   999.99    6.019
    504.14   999.99    6.031
    504.45   999.99    6.039
    504.75   999.99    6.045
    505.05   999.99    6.050
    505.36   999.99    6.062
    505.66   999.99    6.073
    505.97   999.99    6.088
    506.27   999.99    6.095
    506.58   999.99    6.101
    506.88   999.99    6.113
    507.19   999.99    6.129
    507.49   999.99    6.145
    507.80   999.99    6.163
    508.10   999.99    6.173
    508.41   999.99    6.185
    508.71   999.99    6.197
    509.02   999.99    6.204
    509.32   999.99    6.213
    509.63   999.99    6.220
    509.93   999.99    6.231
    510.24   999.99    6.240
    510.54   999.99    6.250
    510.85   999.99    6.259
    511.15   999.99    6.271
    511.46   999.99    6.279
    511.76   999.99    6.286
    512.07   999.99    6.296
    512.37   999.99    6.303
    512.67   999.99    6.310
    512.98   999.99    6.321
    513.28   999.99    6.331
    513.59   999.99    6.349
    513.89   999.99    6.358
    514.20   999.99    6.368
    514.50   999.99    6.375
    514.81   999.99    6.384
    515.11   999.99    6.388
    515.42   999.99    6.399
    515.72   999.99    6.408
    516.03   999.99    6.420
    516.33   999.99    6.428
    516.64   999.99    6.437
    516.94   999.99    6.450
    517.25   999.99    6.466
    517.55   999.99    6.479
    517.86   999.99    6.491
    518.16   999.99    6.497
    518.47   999.99    6.507
    518.77   999.99    6.515
    519.08   999.99    6.525
    519.38   999.99    6.527
    519.69   999.99    6.542
    519.99   999.99    6.546
    520.29   999.99    6.554
    520.60   999.99    6.563
    520.90   999.99    6.570
    521.21   999.99    6.579
    521.51   999.99    6.589
    521.82   999.99    6.599
    522.12   999.99    6.610
    522.43   999.99    6.617
    522.73   999.99    6.626
    523.04   999.99    6.632
    523.34   999.99    6.641
    523.65   999.99    6.648
    523.95   999.99    6.657
    524.26   999.99    6.666
    524.56   999.99    6.676
    524.87   999.99    6.682
    525.17   999.99    6.689
    525.48   999.99    6.698
    525.78   999.99    6.710
    526.09   999.99    6.718
    526.39   999.99    6.726
    526.70   999.99    6.733
    527.00   999.99    6.741
    527.31   999.99    6.747
    527.61   999.99    6.752
    527.91   999.99    6.758
    528.22   999.99    6.765
    528.52   999.99    6.778
    528.83   999.99    6.781
    529.13   999.99    6.789
    529.44   999.99    6.796
    529.74   999.99    6.804
    530.05   999.99    6.813
    530.35   999.99    6.821
    530.66   999.99    6.832
    530.96   999.99    6.835
    531.27   999.99    6.843
    531.57   999.99    6.851
    531.88   999.99    6.859
    532.18   999.99    6.868
    532.49   999.99    6.883
    532.79   999.99    6.890
    533.10   999.99    6.908
    533.40   999.99    6.918
    533.71   999.99    6.927
    534.01   999.99    6.938
    534.32   999.99    6.952
    534.62   999.99    6.962
    534.92   999.99    6.970
    535.23   999.99    6.984
    535.53   999.99    6.995
    535.84   999.99    7.009
    536.14   999.99    7.023
    536.45   999.99    7.037
    536.75   999.99    7.051
    537.06   999.99    7.063
    537.36   999.99    7.073
    537.67   999.99    7.082
    537.97   999.99    7.095
    538.28   999.99    7.103
    538.58   999.99    7.113
    538.89   999.99    7.128
    539.19   999.99    7.140
    539.50   999.99    7.151
    539.80   999.99    7.167
    540.11   999.99    7.179
    540.41   999.99    7.189
    540.72   999.99    7.197
    541.02   999.99    7.206
    541.33   999.99    7.217
    541.63   999.99    7.227
    541.94   999.99    7.238
    542.24   999.99    7.249
    542.55   999.99    7.259
    542.85   999.99    7.270
    543.15   999.99    7.280
    543.46   999.99    7.290
    543.76   999.99    7.301
    544.07   999.99    7.316
    544.37   999.99    7.322
    544.68   999.99    7.326
    544.98   999.99    7.337
    545.29   999.99    7.352
    545.59   999.99    7.365
    545.90   999.99    7.373
    546.20   999.99    7.385
    546.51   999.99    7.396
    546.81   999.99    7.405
    547.12   999.99    7.413
    547.42   999.99    7.425
    547.73   999.99    7.432
    548.03   999.99    7.438
    548.34   999.99    7.446
    548.64   999.99    7.454
    548.95   999.99    7.464
    549.25   999.99    7.472
    549.56   999.99    7.478
    549.86   999.99    7.486
    550.17   999.99    7.497
    550.47   999.99    7.504
    550.77   999.99    7.510
    551.08   999.99    7.523
    551.38   999.99    7.530
    551.69   999.99    7.541
    551.99   999.99    7.549
    552.30   999.99    7.554
    552.60   999.99    7.567
    552.91   999.99    7.572
    553.21   999.99    7.577
    553.52   999.99    7.583
    553.82   999.99    7.595
    554.13   999.99    7.604
    554.43   999.99    7.608
    554.74   999.99    7.615
    555.04   999.99    7.618
    555.35   999.99    7.626
    555.65   999.99    7.633
    555.96   999.99    7.638
    556.26   999.99    7.643
    556.57   999.99    7.646
    556.87   999.99    7.648
    557.18   999.99    7.781
    557.48   999.99    7.834
    557.79   999.99    7.875
    558.09   999.99    7.882
    558.39   999.99    7.881
    558.70   999.99    7.883
    559.00   999.99    7.886
    559.31   999.99    7.892
    559.61   999.99    7.900
    559.92   999.99    7.903
    560.22   999.99    7.904
    560.53   999.99    7.906
    560.83   999.99    7.912
    561.14   999.99    7.915
    561.44   999.99    7.912
    561.75   999.99    7.916
    562.05   999.99    7.921
    562.36   999.99    7.922
    562.66   999.99    7.922
    562.97   999.99    8.026
    563.27   999.99    8.080
    563.58   999.99    8.099
    563.88   999.99    8.107
    564.19   999.99    8.113
    564.49   999.99    8.118
    564.80   999.99    8.121
    565.10   999.99    8.125
    565.41   999.99    8.127
    565.71   999.99    8.130
    566.01   999.99    8.134
    566.32   999.99    8.138
    566.62   999.99    8.139
    566.93   999.99    8.140
    567.23   999.99    8.144
    567.54   999.99    8.149
    567.84   999.99    8.156
    568.15   999.99    8.160
    568.45   999.99    8.164
    568.76   999.99    8.168
    569.06   999.99    8.171
    569.37   999.99    8.174
    569.67   999.99    8.185
    569.98   999.99    8.194
    570.28   999.99    8.202
    570.59   999.99    8.206
    570.89   999.99    8.217
    571.20   999.99    8.223
    571.50   999.99    8.229
    571.81   999.99    8.235
    572.11   999.99    8.244
    572.42   999.99    8.246
    572.72   999.99    8.250
    573.03   999.99    8.254
    573.33   999.99    8.260
    573.63   999.99    8.268
    573.94   999.99    8.273
    574.24   999.99    8.278
    574.55   999.99    8.278
    574.85   999.99    8.288
    575.16   999.99    8.292
    575.46   999.99    8.299
    575.77   999.99    8.306
    576.07   999.99    8.293
    576.38   999.99    8.300
    576.68   999.99    8.332
    576.99   999.99    8.337
    577.29   999.99    8.324
    577.60   999.99    8.352
    577.90   999.99    8.332
    578.21   999.99    8.337
    578.51   999.99    8.342
    578.82   999.99    8.370
    579.12   999.99    8.352
    579.43   999.99    8.357
    579.73   999.99    8.359
    580.04   999.99    8.361
    580.34   999.99    8.363
    580.65   999.99    8.363
    580.95   999.99    8.374
    581.25   999.99    8.485
    581.56   999.99    8.524
    581.86   999.99    8.581
    582.17   999.99    8.580
    582.47   999.99    8.615
    582.78   999.99    8.618
    583.08   999.99    8.621
