 << U.S. Geological Survey Borehole Temperature Log - Alaska >>
  
 Site:             SBE 
 Log Date:         84AUG11 
 Type of Log:      continuous  
 Type of Sensor:   thermistor network (custom)
 Measuring Device: digital multimeter
 Deconvolved:      no 
  
  Z   = measured depth (m)
  TVD = true vertical depth (m)
  T   = temperature (C)
  
        Z      TVD       T
      5.49   999.99   -1.790
      5.79   999.99   -1.933
      6.10   999.99   -2.127
      6.40   999.99   -2.248
      6.71   999.99   -2.370
      7.01   999.99   -2.639
      7.32   999.99   -2.729
      7.62   999.99   -2.827
      7.92   999.99   -2.992
      8.23   999.99   -3.074
      8.53   999.99   -3.179
      8.84   999.99   -3.302
      9.14   999.99   -3.417
      9.45   999.99   -3.567
      9.75   999.99   -3.721
     10.06   999.99   -3.845
     10.36   999.99   -3.970
     10.67   999.99   -4.089
     10.97   999.99   -4.199
     11.28   999.99   -4.324
     11.58   999.99   -4.450
     11.89   999.99   -4.525
     12.19   999.99   -4.636
     12.50   999.99   -4.696
     12.80   999.99   -4.762
     13.11   999.99   -4.869
     13.41   999.99   -4.916
     13.72   999.99   -4.951
     14.02   999.99   -5.016
     14.33   999.99   -5.048
     14.63   999.99   -5.098
     14.94   999.99   -5.163
     15.24   999.99   -5.202
     15.54   999.99   -5.253
     15.85   999.99    -.631
     16.15   999.99    -.620
     16.46   999.99    -.635
     16.76   999.99    -.657
     17.07   999.99    -.672
     17.37   999.99    -.693
     17.68   999.99    -.722
     17.98   999.99    -.738
     18.29   999.99    -.765
     18.59   999.99    -.798
     18.90   999.99    -.830
     19.20   999.99    -.878
     19.51   999.99    -.938
     19.81   999.99    -.980
     20.12   999.99   -1.022
     20.42   999.99   -1.069
     20.73   999.99   -1.109
     21.03   999.99   -1.197
     21.34   999.99   -1.262
     21.64   999.99   -1.321
     21.95   999.99   -1.386
     22.25   999.99   -1.441
     22.56   999.99   -1.502
     22.86   999.99   -1.565
     23.16   999.99   -1.624
     23.47   999.99   -1.682
     23.77   999.99   -1.747
     24.08   999.99   -1.806
     24.38   999.99   -1.868
     24.69   999.99   -1.944
     24.99   999.99   -2.005
     25.30   999.99   -2.068
     25.60   999.99   -2.133
     25.91   999.99   -2.191
     26.21   999.99   -2.260
     26.52   999.99   -2.330
     26.82   999.99   -2.400
     27.13   999.99   -2.474
     27.43   999.99   -2.538
     27.74   999.99   -2.613
     28.04   999.99   -2.700
     28.35   999.99   -2.781
     28.65   999.99   -2.867
     28.96   999.99   -2.960
     29.26   999.99   -3.058
     29.57   999.99   -3.149
     29.87   999.99   -3.236
     30.18   999.99   -3.318
     30.48   999.99   -3.407
     30.78   999.99   -3.501
     31.09   999.99   -3.585
     31.39   999.99   -3.695
     31.70   999.99   -3.788
     32.00   999.99   -3.857
     32.31   999.99   -3.944
     32.61   999.99   -4.014
     32.92   999.99   -4.083
     33.22   999.99   -4.167
     33.53   999.99   -4.232
     33.83   999.99   -4.298
     34.14   999.99   -4.370
     34.44   999.99   -4.427
     34.75   999.99   -4.490
     35.05   999.99   -4.552
     35.36   999.99   -4.598
     35.66   999.99   -4.661
     35.97   999.99   -4.709
     36.27   999.99   -4.752
     36.58   999.99   -4.803
     36.88   999.99   -4.850
     37.19   999.99   -4.894
     37.49   999.99   -4.945
     37.80   999.99   -4.983
     38.10   999.99   -5.025
     38.40   999.99   -5.069
     38.71   999.99   -5.105
     39.01   999.99   -5.138
     39.32   999.99   -5.172
     39.62   999.99   -5.202
     39.93   999.99   -5.232
     40.23   999.99   -5.259
     40.54   999.99   -5.285
     40.84   999.99   -5.313
     41.15   999.99   -5.337
     41.45   999.99   -5.359
     41.76   999.99   -5.387
     42.06   999.99   -5.407
     42.37   999.99   -5.429
     42.67   999.99   -5.455
     42.98   999.99   -5.476
     43.28   999.99   -5.495
     43.59   999.99   -5.514
     43.89   999.99   -5.531
     44.20   999.99   -5.548
     44.50   999.99   -5.565
     44.81   999.99   -5.579
     45.11   999.99   -5.597
     45.42   999.99   -5.610
     45.72   999.99   -5.623
     46.02   999.99   -5.638
     46.33   999.99   -5.649
     46.63   999.99   -5.662
     46.94   999.99   -5.674
     47.24   999.99   -5.686
     47.55   999.99   -5.697
     47.85   999.99   -5.707
     48.16   999.99   -5.715
     48.46   999.99   -5.739
     48.77   999.99   -5.864
     49.07   999.99   -5.938
     49.38   999.99   -6.000
     49.68   999.99   -6.043
     49.99   999.99   -6.077
     50.29   999.99   -6.102
     50.60   999.99   -6.128
     50.90   999.99   -6.144
     51.21   999.99   -6.157
     51.51   999.99   -6.167
     51.82   999.99   -6.173
     52.12   999.99   -6.178
     52.43   999.99   -6.181
     52.73   999.99   -6.183
     53.04   999.99   -6.184
     53.34   999.99   -6.183
     53.64   999.99   -6.178
     53.95   999.99   -6.174
     54.25   999.99   -6.170
     54.56   999.99   -6.167
     54.86   999.99   -6.163
     55.17   999.99   -6.156
     55.47   999.99   -6.149
     55.78   999.99   -6.144
     56.08   999.99   -6.141
     56.39   999.99   -6.137
     56.69   999.99   -6.130
     57.00   999.99   -6.125
     57.30   999.99   -6.117
     57.61   999.99   -6.111
     57.91   999.99   -6.105
     58.22   999.99   -6.095
     58.52   999.99   -6.091
     58.83   999.99   -6.085
     59.13   999.99   -6.075
     59.44   999.99   -6.070
     59.74   999.99   -6.066
     60.05   999.99   -6.063
     60.35   999.99   -6.057
     60.66   999.99   -6.053
     60.96   999.99   -6.049
     61.26   999.99   -6.044
     61.57   999.99   -6.039
     61.87   999.99   -6.036
     62.18   999.99   -6.030
     62.48   999.99   -6.025
     62.79   999.99   -6.017
     63.09   999.99   -6.009
     63.40   999.99   -6.002
     63.70   999.99   -5.992
     64.01   999.99   -5.988
     64.31   999.99   -5.978
     64.62   999.99   -5.970
     64.92   999.99   -5.963
     65.23   999.99   -5.955
     65.53   999.99   -5.948
     65.84   999.99   -5.942
     66.14   999.99   -5.936
     66.45   999.99   -5.929
     66.75   999.99   -5.920
     67.06   999.99   -5.911
     67.36   999.99   -5.905
     67.67   999.99   -5.901
     67.97   999.99   -5.894
     68.28   999.99   -5.887
     68.58   999.99   -5.880
     68.88   999.99   -5.874
     69.19   999.99   -5.870
     69.49   999.99   -5.863
     69.80   999.99   -5.858
     70.10   999.99   -5.853
     70.41   999.99   -5.849
     70.71   999.99   -5.844
     71.02   999.99   -5.840
     71.32   999.99   -5.833
     71.63   999.99   -5.826
     71.93   999.99   -5.819
     72.24   999.99   -5.813
     72.54   999.99   -5.808
     72.85   999.99   -5.803
     73.15   999.99   -5.796
     73.46   999.99   -5.791
     73.76   999.99   -5.786
     74.07   999.99   -5.781
     74.37   999.99   -5.777
     74.68   999.99   -5.772
     74.98   999.99   -5.765
     75.29   999.99   -5.759
     75.59   999.99   -5.753
     75.90   999.99   -5.745
     76.20   999.99   -5.738
     76.50   999.99   -5.730
     76.81   999.99   -5.725
     77.11   999.99   -5.719
     77.42   999.99   -5.715
     77.72   999.99   -5.712
     78.03   999.99   -5.709
     78.33   999.99   -5.703
     78.64   999.99   -5.700
     78.94   999.99   -5.696
     79.25   999.99   -5.691
     79.55   999.99   -5.685
     79.86   999.99   -5.681
     80.16   999.99   -5.677
     80.47   999.99   -5.674
     80.77   999.99   -5.668
     81.08   999.99   -5.662
     81.38   999.99   -5.657
     81.69   999.99   -5.651
     81.99   999.99   -5.649
     82.30   999.99   -5.646
     82.60   999.99   -5.645
     82.91   999.99   -5.642
     83.21   999.99   -5.636
     83.52   999.99   -5.632
     83.82   999.99   -5.628
     84.12   999.99   -5.622
     84.43   999.99   -5.619
     84.73   999.99   -5.616
     85.04   999.99   -5.609
     85.34   999.99   -5.605
     85.65   999.99   -5.600
     85.95   999.99   -5.597
     86.26   999.99   -5.592
     86.56   999.99   -5.587
     86.87   999.99   -5.583
     87.17   999.99   -5.578
     87.48   999.99   -5.573
     87.78   999.99   -5.569
     88.09   999.99   -5.563
     88.39   999.99   -5.560
     88.70   999.99   -5.554
     89.00   999.99   -5.549
     89.31   999.99   -5.543
     89.61   999.99   -5.538
     89.92   999.99   -5.532
     90.22   999.99   -5.527
     90.53   999.99   -5.522
     90.83   999.99   -5.518
     91.14   999.99   -5.515
     91.44   999.99   -5.512
     91.74   999.99   -5.504
     92.05   999.99   -5.498
     92.35   999.99   -5.495
     92.66   999.99   -5.487
     92.96   999.99   -5.479
     93.27   999.99   -5.475
     93.57   999.99   -5.470
     93.88   999.99   -5.460
     94.18   999.99   -5.456
     94.49   999.99   -5.451
     94.79   999.99   -5.443
     95.10   999.99   -5.437
     95.40   999.99   -5.430
     95.71   999.99   -5.422
     96.01   999.99   -5.411
     96.32   999.99   -5.405
     96.62   999.99   -5.399
     96.93   999.99   -5.391
     97.23   999.99   -5.384
     97.54   999.99   -5.380
     97.84   999.99   -5.375
     98.15   999.99   -5.370
     98.45   999.99   -5.365
     98.76   999.99   -5.359
     99.06   999.99   -5.351
     99.36   999.99   -5.340
     99.67   999.99   -5.335
     99.97   999.99   -5.331
    100.28   999.99   -5.322
    100.58   999.99   -5.316
    100.89   999.99   -5.309
    101.19   999.99   -5.303
    101.50   999.99   -5.300
    101.80   999.99   -5.291
    102.11   999.99   -5.285
    102.41   999.99   -5.276
    102.72   999.99   -5.265
    103.02   999.99   -5.256
    103.33   999.99   -5.245
    103.63   999.99   -5.237
    103.94   999.99   -5.229
    104.24   999.99   -5.224
    104.55   999.99   -5.217
    104.85   999.99   -5.210
    105.16   999.99   -5.203
    105.46   999.99   -5.193
    105.77   999.99   -5.183
    106.07   999.99   -5.173
    106.38   999.99   -5.159
    106.68   999.99   -5.151
    106.99   999.99   -5.142
    107.29   999.99   -5.131
    107.59   999.99   -5.118
    107.90   999.99   -5.105
    108.20   999.99   -5.090
    108.51   999.99   -5.078
    108.81   999.99   -5.065
    109.12   999.99   -5.055
    109.42   999.99   -5.045
    109.73   999.99   -5.035
    110.03   999.99   -5.025
    110.34   999.99   -5.019
    110.64   999.99   -5.008
    110.95   999.99   -4.996
    111.25   999.99   -4.988
    111.56   999.99   -4.975
    111.86   999.99   -4.962
    112.17   999.99   -4.955
    112.47   999.99   -4.942
    112.78   999.99   -4.934
    113.08   999.99   -4.924
    113.39   999.99   -4.918
    113.69   999.99   -4.910
    114.00   999.99   -4.892
    114.30   999.99   -4.879
    114.61   999.99   -4.867
    114.91   999.99   -4.854
    115.21   999.99   -4.844
    115.52   999.99   -4.835
    115.82   999.99   -4.827
    116.13   999.99   -4.817
    116.43   999.99   -4.806
    116.74   999.99   -4.793
    117.04   999.99   -4.784
    117.35   999.99   -4.773
    117.65   999.99   -4.764
    117.96   999.99   -4.755
    118.26   999.99   -4.744
    118.57   999.99   -4.736
    118.87   999.99   -4.724
    119.18   999.99   -4.713
    119.48   999.99   -4.701
    119.79   999.99   -4.690
    120.09   999.99   -4.682
    120.40   999.99   -4.675
    120.70   999.99   -4.664
    121.01   999.99   -4.655
    121.31   999.99   -4.645
    121.62   999.99   -4.634
    121.92   999.99   -4.624
    122.22   999.99   -4.617
    122.53   999.99   -4.613
    122.83   999.99   -4.606
    123.14   999.99   -4.600
    123.44   999.99   -4.592
    123.75   999.99   -4.585
    124.05   999.99   -4.578
    124.36   999.99   -4.569
    124.66   999.99   -4.562
    124.97   999.99   -4.555
    125.27   999.99   -4.548
    125.58   999.99   -4.542
    125.88   999.99   -4.531
    126.19   999.99   -4.521
    126.49   999.99   -4.511
    126.80   999.99   -4.503
    127.10   999.99   -4.496
    127.41   999.99   -4.490
    127.71   999.99   -4.483
    128.02   999.99   -4.477
    128.32   999.99   -4.471
    128.63   999.99   -4.461
    128.93   999.99   -4.453
    129.24   999.99   -4.444
    129.54   999.99   -4.436
    129.85   999.99   -4.431
    130.15   999.99   -4.425
    130.45   999.99   -4.418
    130.76   999.99   -4.412
    131.06   999.99   -4.402
    131.37   999.99   -4.393
    131.67   999.99   -4.384
    131.98   999.99   -4.374
    132.28   999.99   -4.370
    132.59   999.99   -4.364
    132.89   999.99   -4.356
    133.20   999.99   -4.352
    133.50   999.99   -4.346
    133.81   999.99   -4.340
    134.11   999.99   -4.335
    134.42   999.99   -4.328
    134.72   999.99   -4.320
    135.03   999.99   -4.314
    135.33   999.99   -4.306
    135.64   999.99   -4.291
    135.94   999.99   -4.282
    136.25   999.99   -4.269
    136.55   999.99   -4.261
    136.86   999.99   -4.251
    137.16   999.99   -4.241
    137.47   999.99   -4.229
    137.77   999.99   -4.218
    138.07   999.99   -4.209
    138.38   999.99   -4.199
    138.68   999.99   -4.186
    138.99   999.99   -4.173
    139.29   999.99   -4.165
    139.60   999.99   -4.154
    139.90   999.99   -4.145
    140.21   999.99   -4.133
    140.51   999.99   -4.124
    140.82   999.99   -4.113
    141.12   999.99   -4.102
    141.43   999.99   -4.091
    141.73   999.99   -4.082
    142.04   999.99   -4.075
    142.34   999.99   -4.065
    142.65   999.99   -4.055
    142.95   999.99   -4.045
    143.26   999.99   -4.033
    143.56   999.99   -4.021
    143.87   999.99   -4.013
    144.17   999.99   -4.003
    144.48   999.99   -3.995
    144.78   999.99   -3.985
    145.09   999.99   -3.970
    145.39   999.99   -3.962
    145.69   999.99   -3.953
    146.00   999.99   -3.944
    146.30   999.99   -3.934
    146.61   999.99   -3.923
    146.91   999.99   -3.913
    147.22   999.99   -3.904
    147.52   999.99   -3.896
    147.83   999.99   -3.889
    148.13   999.99   -3.883
    148.44   999.99   -3.871
    148.74   999.99   -3.860
    149.05   999.99   -3.850
    149.35   999.99   -3.843
    149.66   999.99   -3.838
    149.96   999.99   -3.829
    150.27   999.99   -3.818
    150.57   999.99   -3.808
    150.88   999.99   -3.799
    151.18   999.99   -3.792
    151.49   999.99   -3.782
    151.79   999.99   -3.772
    152.10   999.99   -3.763
    152.40   999.99   -3.753
    152.71   999.99   -3.744
    153.01   999.99   -3.735
    153.31   999.99   -3.728
    153.62   999.99   -3.722
    153.92   999.99   -3.715
    154.23   999.99   -3.709
    154.53   999.99   -3.700
    154.84   999.99   -3.691
    155.14   999.99   -3.683
    155.45   999.99   -3.673
    155.75   999.99   -3.665
    156.06   999.99   -3.656
    156.36   999.99   -3.648
    156.67   999.99   -3.641
    156.97   999.99   -3.630
    157.28   999.99   -3.622
    157.58   999.99   -3.616
    157.89   999.99   -3.609
    158.19   999.99   -3.601
    158.50   999.99   -3.589
    158.80   999.99   -3.581
    159.11   999.99   -3.573
    159.41   999.99   -3.566
    159.72   999.99   -3.561
    160.02   999.99   -3.557
    160.33   999.99   -3.551
    160.63   999.99   -3.544
    160.93   999.99   -3.537
    161.24   999.99   -3.532
    161.54   999.99   -3.525
    161.85   999.99   -3.519
    162.15   999.99   -3.512
    162.46   999.99   -3.503
    162.76   999.99   -3.496
    163.07   999.99   -3.491
    163.37   999.99   -3.484
    163.68   999.99   -3.478
    163.98   999.99   -3.472
    164.29   999.99   -3.463
    164.59   999.99   -3.458
    164.90   999.99   -3.455
    165.20   999.99   -3.444
    165.51   999.99   -3.434
    165.81   999.99   -3.424
    166.12   999.99   -3.418
    166.42   999.99   -3.410
    166.73   999.99   -3.404
    167.03   999.99   -3.395
    167.34   999.99   -3.387
    167.64   999.99   -3.378
    167.95   999.99   -3.370
    168.25   999.99   -3.364
    168.55   999.99   -3.356
    168.86   999.99   -3.347
    169.16   999.99   -3.333
    169.47   999.99   -3.320
    169.77   999.99   -3.309
    170.08   999.99   -3.301
    170.38   999.99   -3.288
    170.69   999.99   -3.276
    170.99   999.99   -3.266
    171.30   999.99   -3.257
    171.60   999.99   -3.245
    171.91   999.99   -3.234
    172.21   999.99   -3.222
    172.52   999.99   -3.212
    172.82   999.99   -3.200
    173.13   999.99   -3.191
    173.43   999.99   -3.185
    173.74   999.99   -3.176
    174.04   999.99   -3.168
    174.35   999.99   -3.156
    174.65   999.99   -3.147
    174.96   999.99   -3.134
    175.26   999.99   -3.121
    175.57   999.99   -3.112
    175.87   999.99   -3.102
    176.17   999.99   -3.091
    176.48   999.99   -3.083
    176.78   999.99   -3.073
    177.09   999.99   -3.064
    177.39   999.99   -3.055
    177.70   999.99   -3.046
    178.00   999.99   -3.036
    178.31   999.99   -3.024
    178.61   999.99   -3.012
    178.92   999.99   -3.003
    179.22   999.99   -2.994
    179.53   999.99   -2.983
    179.83   999.99   -2.972
    180.14   999.99   -2.958
    180.44   999.99   -2.947
    180.75   999.99   -2.937
    181.05   999.99   -2.924
    181.36   999.99   -2.911
    181.66   999.99   -2.895
    181.97   999.99   -2.884
    182.27   999.99   -2.873
    182.58   999.99   -2.861
    182.88   999.99   -2.851
    183.19   999.99   -2.838
    183.49   999.99   -2.830
    183.79   999.99   -2.820
    184.10   999.99   -2.809
    184.40   999.99   -2.799
    184.71   999.99   -2.792
    185.01   999.99   -2.777
    185.32   999.99   -2.761
    185.62   999.99   -2.752
    185.93   999.99   -2.743
    186.23   999.99   -2.731
    186.54   999.99   -2.718
    186.84   999.99   -2.707
    187.15   999.99   -2.697
    187.45   999.99   -2.685
    187.76   999.99   -2.677
    188.06   999.99   -2.664
    188.37   999.99   -2.653
    188.67   999.99   -2.644
    188.98   999.99   -2.636
    189.28   999.99   -2.627
    189.59   999.99   -2.619
    189.89   999.99   -2.611
    190.20   999.99   -2.600
    190.50   999.99   -2.588
    190.81   999.99   -2.577
    191.11   999.99   -2.568
    191.41   999.99   -2.557
    191.72   999.99   -2.546
    192.02   999.99   -2.536
    192.33   999.99   -2.528
    192.63   999.99   -2.514
    192.94   999.99   -2.501
    193.24   999.99   -2.491
    193.55   999.99   -2.482
    193.85   999.99   -2.471
    194.16   999.99   -2.463
    194.46   999.99   -2.453
    194.77   999.99   -2.441
    195.07   999.99   -2.429
    195.38   999.99   -2.420
    195.68   999.99   -2.413
    195.99   999.99   -2.398
    196.29   999.99   -2.388
    196.60   999.99   -2.375
    196.90   999.99   -2.366
    197.21   999.99   -2.359
    197.51   999.99   -2.350
    197.82   999.99   -2.344
    198.12   999.99   -2.333
    198.43   999.99   -2.322
    198.73   999.99   -2.314
    199.03   999.99   -2.307
    199.34   999.99   -2.298
    199.64   999.99   -2.287
    199.95   999.99   -2.277
    200.25   999.99   -2.269
    200.56   999.99   -2.260
    200.86   999.99   -2.252
    201.17   999.99   -2.243
    201.47   999.99   -2.234
    201.78   999.99   -2.226
    202.08   999.99   -2.216
    202.39   999.99   -2.209
    202.69   999.99   -2.200
    203.00   999.99   -2.192
    203.30   999.99   -2.186
    203.61   999.99   -2.180
    203.91   999.99   -2.172
    204.22   999.99   -2.163
    204.52   999.99   -2.154
    204.83   999.99   -2.147
    205.13   999.99   -2.139
    205.44   999.99   -2.134
    205.74   999.99   -2.130
    206.05   999.99   -2.123
    206.35   999.99   -2.117
    206.65   999.99   -2.111
    206.96   999.99   -2.105
    207.26   999.99   -2.101
    207.57   999.99   -2.096
    207.87   999.99   -2.090
    208.18   999.99   -2.087
    208.48   999.99   -2.080
    208.79   999.99   -2.077
    209.09   999.99   -2.071
    209.40   999.99   -2.066
    209.70   999.99   -2.065
    210.01   999.99   -2.059
    210.31   999.99   -2.052
    210.62   999.99   -2.048
    210.92   999.99   -2.045
    211.23   999.99   -2.039
    211.53   999.99   -2.034
    211.84   999.99   -2.028
    212.14   999.99   -2.025
    212.45   999.99   -2.020
    212.75   999.99   -2.016
    213.06   999.99   -2.010
    213.36   999.99   -2.006
    213.67   999.99   -2.001
    213.97   999.99   -1.996
    214.27   999.99   -1.989
    214.58   999.99   -1.982
    214.88   999.99   -1.977
    215.19   999.99   -1.972
    215.49   999.99   -1.967
    215.80   999.99   -1.965
    216.10   999.99   -1.959
    216.41   999.99   -1.957
    216.71   999.99   -1.949
    217.02   999.99   -1.945
    217.32   999.99   -1.939
    217.63   999.99   -1.935
    217.93   999.99   -1.933
    218.24   999.99   -1.928
    218.54   999.99   -1.924
    218.85   999.99   -1.919
    219.15   999.99   -1.913
    219.46   999.99   -1.908
    219.76   999.99   -1.904
    220.07   999.99   -1.899
    220.37   999.99   -1.893
    220.68   999.99   -1.889
    220.98   999.99   -1.881
    221.29   999.99   -1.874
    221.59   999.99   -1.869
    221.89   999.99   -1.865
    222.20   999.99   -1.860
    222.50   999.99   -1.853
    222.81   999.99   -1.845
    223.11   999.99   -1.839
    223.42   999.99   -1.835
    223.72   999.99   -1.829
    224.03   999.99   -1.823
    224.33   999.99   -1.818
    224.64   999.99   -1.812
    224.94   999.99   -1.806
    225.25   999.99   -1.797
    225.55   999.99   -1.787
    225.86   999.99   -1.781
    226.16   999.99   -1.773
    226.47   999.99   -1.767
    226.77   999.99   -1.759
    227.08   999.99   -1.751
    227.38   999.99   -1.744
    227.69   999.99   -1.738
    227.99   999.99   -1.730
    228.30   999.99   -1.726
    228.60   999.99   -1.717
    228.91   999.99   -1.711
    229.21   999.99   -1.702
    229.51   999.99   -1.695
    229.82   999.99   -1.683
    230.12   999.99   -1.677
    230.43   999.99   -1.668
    230.73   999.99   -1.660
    231.04   999.99   -1.657
    231.34   999.99   -1.646
    231.65   999.99   -1.638
    231.95   999.99   -1.629
    232.26   999.99   -1.619
    232.56   999.99   -1.610
    232.87   999.99   -1.604
    233.17   999.99   -1.595
    233.48   999.99   -1.584
    233.78   999.99   -1.577
    234.09   999.99   -1.563
    234.39   999.99   -1.559
    234.70   999.99   -1.551
    235.00   999.99   -1.541
    235.31   999.99   -1.531
    235.61   999.99   -1.520
    235.92   999.99   -1.511
    236.22   999.99   -1.500
    236.53   999.99   -1.488
    236.83   999.99   -1.474
    237.13   999.99   -1.463
    237.44   999.99   -1.451
    237.74   999.99   -1.442
    238.05   999.99   -1.435
    238.35   999.99   -1.426
    238.66   999.99   -1.414
    238.96   999.99   -1.403
    239.27   999.99   -1.390
    239.57   999.99   -1.381
    239.88   999.99   -1.372
    240.18   999.99   -1.364
    240.49   999.99   -1.355
    240.79   999.99   -1.346
    241.10   999.99   -1.333
    241.40   999.99   -1.324
    241.71   999.99   -1.314
    242.01   999.99   -1.307
    242.32   999.99   -1.298
    242.62   999.99   -1.289
    242.93   999.99   -1.281
    243.23   999.99   -1.273
    243.54   999.99   -1.263
    243.84   999.99   -1.257
    244.15   999.99   -1.247
    244.45   999.99   -1.238
    244.75   999.99   -1.230
    245.06   999.99   -1.221
    245.36   999.99   -1.213
    245.67   999.99   -1.208
    245.97   999.99   -1.200
    246.28   999.99   -1.194
    246.58   999.99   -1.187
    246.89   999.99   -1.180
    247.19   999.99   -1.174
    247.50   999.99   -1.166
    247.80   999.99   -1.161
    248.11   999.99   -1.154
    248.41   999.99   -1.146
    248.72   999.99   -1.140
    249.02   999.99   -1.133
    249.33   999.99   -1.125
    249.63   999.99   -1.119
    249.94   999.99   -1.112
    250.24   999.99   -1.105
    250.55   999.99   -1.096
    250.85   999.99   -1.089
    251.16   999.99   -1.083
    251.46   999.99   -1.074
    251.77   999.99   -1.066
    252.07   999.99   -1.060
    252.37   999.99   -1.053
    252.68   999.99   -1.047
    252.98   999.99   -1.041
    253.29   999.99   -1.036
    253.59   999.99   -1.028
    253.90   999.99   -1.020
    254.20   999.99   -1.012
    254.51   999.99   -1.006
    254.81   999.99    -.999
    255.12   999.99    -.993
    255.42   999.99    -.987
    255.73   999.99    -.981
    256.03   999.99    -.974
    256.34   999.99    -.968
    256.64   999.99    -.963
    256.95   999.99    -.955
    257.25   999.99    -.949
    257.56   999.99    -.942
    257.86   999.99    -.936
    258.17   999.99    -.931
    258.47   999.99    -.924
    258.78   999.99    -.917
    259.08   999.99    -.910
    259.39   999.99    -.904
    259.69   999.99    -.897
    259.99   999.99    -.893
    260.30   999.99    -.886
    260.60   999.99    -.882
    260.91   999.99    -.878
    261.21   999.99    -.873
    261.52   999.99    -.870
    261.82   999.99    -.861
    262.13   999.99    -.855
    262.43   999.99    -.848
    262.74   999.99    -.842
    263.04   999.99    -.835
    263.35   999.99    -.830
    263.65   999.99    -.824
    263.96   999.99    -.818
    264.26   999.99    -.812
    264.57   999.99    -.807
    264.87   999.99    -.802
    265.18   999.99    -.797
    265.48   999.99    -.793
    265.79   999.99    -.786
    266.09   999.99    -.782
    266.40   999.99    -.775
    266.70   999.99    -.769
    267.01   999.99    -.764
    267.31   999.99    -.758
    267.61   999.99    -.753
    267.92   999.99    -.747
    268.22   999.99    -.742
    268.53   999.99    -.734
    268.83   999.99    -.728
    269.14   999.99    -.723
    269.44   999.99    -.718
    269.75   999.99    -.712
    270.05   999.99    -.707
    270.36   999.99    -.703
    270.66   999.99    -.698
    270.97   999.99    -.689
    271.27   999.99    -.684
    271.58   999.99    -.678
    271.88   999.99    -.672
    272.19   999.99    -.668
    272.49   999.99    -.663
    272.80   999.99    -.658
    273.10   999.99    -.653
    273.41   999.99    -.648
    273.71   999.99    -.644
    274.02   999.99    -.638
    274.32   999.99    -.633
    274.63   999.99    -.628
    274.93   999.99    -.624
    275.23   999.99    -.619
    275.54   999.99    -.615
    275.84   999.99    -.611
    276.15   999.99    -.607
    276.45   999.99    -.603
    276.76   999.99    -.599
    277.06   999.99    -.594
    277.37   999.99    -.591
    277.67   999.99    -.587
    277.98   999.99    -.583
    278.28   999.99    -.579
    278.59   999.99    -.575
    278.89   999.99    -.571
    279.20   999.99    -.567
    279.50   999.99    -.561
    279.81   999.99    -.557
    280.11   999.99    -.553
    280.42   999.99    -.549
    280.72   999.99    -.545
    281.03   999.99    -.541
    281.33   999.99    -.537
    281.64   999.99    -.532
    281.94   999.99    -.528
    282.25   999.99    -.524
    282.55   999.99    -.519
    282.86   999.99    -.514
    283.16   999.99    -.510
    283.46   999.99    -.505
    283.77   999.99    -.501
    284.07   999.99    -.494
    284.38   999.99    -.492
    284.68   999.99    -.487
    284.99   999.99    -.482
    285.29   999.99    -.476
    285.60   999.99    -.471
    285.90   999.99    -.464
    286.21   999.99    -.459
    286.51   999.99    -.451
    286.82   999.99    -.444
    287.12   999.99    -.439
    287.43   999.99    -.434
    287.73   999.99    -.425
    288.04   999.99    -.416
    288.34   999.99    -.404
    288.65   999.99    -.395
    288.95   999.99    -.384
    289.26   999.99    -.374
    289.56   999.99    -.365
    289.87   999.99    -.356
    290.17   999.99    -.345
    290.48   999.99    -.336
    290.78   999.99    -.327
    291.08   999.99    -.316
    291.39   999.99    -.305
    291.69   999.99    -.294
    292.00   999.99    -.279
    292.30   999.99    -.265
    292.61   999.99    -.253
    292.91   999.99    -.243
    293.22   999.99    -.231
    293.52   999.99    -.223
    293.83   999.99    -.215
    294.13   999.99    -.207
    294.44   999.99    -.198
    294.74   999.99    -.190
    295.05   999.99    -.179
    295.35   999.99    -.167
    295.66   999.99    -.150
    295.96   999.99    -.133
    296.27   999.99    -.111
    296.57   999.99    -.089
    296.88   999.99    -.067
    297.18   999.99    -.047
    297.49   999.99    -.029
    297.79   999.99    -.008
    298.10   999.99     .010
    298.40   999.99     .029
    298.70   999.99     .050
    299.01   999.99     .072
    299.31   999.99     .098
    299.62   999.99     .121
    299.92   999.99     .147
    300.23   999.99     .175
    300.53   999.99     .202
    300.84   999.99     .229
    301.14   999.99     .247
    301.45   999.99     .261
    301.75   999.99     .276
    302.06   999.99     .289
    302.36   999.99     .298
    302.67   999.99     .311
    302.97   999.99     .323
    303.28   999.99     .334
    303.58   999.99     .343
    303.89   999.99     .352
    304.19   999.99     .360
    304.50   999.99     .368
    304.80   999.99     .376
    305.11   999.99     .384
    305.41   999.99     .394
    305.71   999.99     .401
    306.02   999.99     .408
    306.32   999.99     .417
    306.63   999.99     .420
    306.93   999.99     .426
    307.24   999.99     .433
    307.54   999.99     .442
    307.85   999.99     .452
    308.15   999.99     .458
    308.46   999.99     .464
    308.76   999.99     .469
    309.07   999.99     .474
    309.37   999.99     .483
    309.68   999.99     .488
    309.98   999.99     .496
    310.29   999.99     .502
    310.59   999.99     .508
    310.90   999.99     .517
    311.20   999.99     .523
    311.51   999.99     .528
    311.81   999.99     .533
    312.12   999.99     .536
    312.42   999.99     .543
    312.73   999.99     .549
    313.03   999.99     .555
    313.33   999.99     .560
    313.64   999.99     .563
    313.94   999.99     .571
    314.25   999.99     .576
    314.55   999.99     .581
    314.86   999.99     .586
    315.16   999.99     .592
    315.47   999.99     .598
    315.77   999.99     .607
    316.08   999.99     .615
    316.38   999.99     .620
    316.69   999.99     .625
    316.99   999.99     .631
    317.30   999.99     .638
    317.60   999.99     .645
    317.91   999.99     .650
    318.21   999.99     .657
    318.52   999.99     .667
    318.82   999.99     .674
    319.13   999.99     .683
    319.43   999.99     .690
    319.74   999.99     .696
    320.04   999.99     .703
    320.35   999.99     .709
    320.65   999.99     .718
    320.95   999.99     .725
    321.26   999.99     .733
    321.56   999.99     .743
    321.87   999.99     .752
    322.17   999.99     .765
    322.48   999.99     .775
    322.78   999.99     .783
    323.09   999.99     .787
    323.39   999.99     .794
    323.70   999.99     .803
    324.00   999.99     .810
    324.31   999.99     .817
    324.61   999.99     .821
    324.92   999.99     .829
    325.22   999.99     .836
    325.53   999.99     .845
    325.83   999.99     .851
    326.14   999.99     .858
    326.44   999.99     .867
    326.75   999.99     .875
    327.05   999.99     .880
    327.36   999.99     .889
    327.66   999.99     .896
    327.97   999.99     .901
    328.27   999.99     .906
    328.58   999.99     .911
    328.88   999.99     .918
    329.18   999.99     .924
    329.49   999.99     .927
    329.79   999.99     .933
    330.10   999.99     .938
    330.40   999.99     .943
    330.71   999.99     .948
    331.01   999.99     .953
    331.32   999.99     .957
    331.62   999.99     .960
    331.93   999.99     .964
    332.23   999.99     .966
    332.54   999.99     .969
    332.84   999.99     .973
    333.15   999.99     .979
    333.45   999.99     .984
    333.76   999.99     .989
    334.06   999.99     .993
    334.37   999.99     .998
    334.67   999.99    1.002
    334.98   999.99    1.006
    335.28   999.99    1.009
    335.59   999.99    1.012
    335.89   999.99    1.015
    336.20   999.99    1.019
    336.50   999.99    1.024
    336.80   999.99    1.030
    337.11   999.99    1.036
    337.41   999.99    1.039
    337.72   999.99    1.043
    338.02   999.99    1.048
    338.33   999.99    1.050
    338.63   999.99    1.054
    338.94   999.99    1.059
    339.24   999.99    1.063
    339.55   999.99    1.068
    339.85   999.99    1.071
    340.16   999.99    1.075
    340.46   999.99    1.079
    340.77   999.99    1.084
    341.07   999.99    1.089
    341.38   999.99    1.092
    341.68   999.99    1.096
    341.99   999.99    1.099
    342.29   999.99    1.103
    342.60   999.99    1.108
    342.90   999.99    1.063
    343.21   999.99    1.120
    343.51   999.99    1.123
    343.82   999.99    1.127
    344.12   999.99    1.132
    344.42   999.99    1.135
    344.73   999.99    1.139
    345.03   999.99    1.143
    345.34   999.99    1.147
    345.64   999.99    1.153
    345.95   999.99    1.159
    346.25   999.99    1.163
    346.56   999.99    1.167
    346.86   999.99    1.172
    347.17   999.99    1.177
    347.47   999.99    1.183
    347.78   999.99    1.188
    348.08   999.99    1.195
    348.39   999.99    1.201
    348.69   999.99    1.207
    349.00   999.99    1.213
    349.30   999.99    1.218
    349.61   999.99    1.221
    349.91   999.99    1.230
    350.22   999.99    1.237
    350.52   999.99    1.245
    350.83   999.99    1.249
    351.13   999.99    1.253
    351.44   999.99    1.260
    351.74   999.99    1.264
    352.04   999.99    1.270
    352.35   999.99    1.273
    352.65   999.99    1.278
    352.96   999.99    1.286
    353.26   999.99    1.291
    353.57   999.99    1.298
    353.87   999.99    1.301
    354.18   999.99    1.308
    354.48   999.99    1.316
    354.79   999.99    1.323
    355.09   999.99    1.326
    355.40   999.99    1.330
    355.70   999.99    1.336
    356.01   999.99    1.346
    356.31   999.99    1.349
    356.62   999.99    1.355
    356.92   999.99    1.361
    357.23   999.99    1.368
    357.53   999.99    1.375
    357.84   999.99    1.382
    358.14   999.99    1.389
    358.45   999.99    1.396
    358.75   999.99    1.402
    359.06   999.99    1.408
    359.36   999.99    1.412
    359.66   999.99    1.416
    359.97   999.99    1.419
    360.27   999.99    1.423
    360.58   999.99    1.430
    360.88   999.99    1.432
    361.19   999.99    1.437
    361.49   999.99    1.442
    361.80   999.99    1.448
    362.10   999.99    1.452
    362.41   999.99    1.458
    362.71   999.99    1.463
    363.02   999.99    1.469
    363.32   999.99    1.472
    363.63   999.99    1.478
    363.93   999.99    1.481
    364.24   999.99    1.485
    364.54   999.99    1.491
    364.85   999.99    1.496
    365.15   999.99    1.500
    365.46   999.99    1.506
    365.76   999.99    1.510
    366.07   999.99    1.514
    366.37   999.99    1.518
    366.68   999.99    1.522
    366.98   999.99    1.527
    367.28   999.99    1.532
    367.59   999.99    1.536
    367.89   999.99    1.541
    368.20   999.99    1.546
    368.50   999.99    1.549
    368.81   999.99    1.555
    369.11   999.99    1.559
    369.42   999.99    1.564
    369.72   999.99    1.568
    370.03   999.99    1.572
    370.33   999.99    1.576
    370.64   999.99    1.581
    370.94   999.99    1.583
    371.25   999.99    1.590
    371.55   999.99    1.594
    371.86   999.99    1.599
    372.16   999.99    1.607
    372.47   999.99    1.607
    372.77   999.99    1.613
    373.08   999.99    1.617
    373.38   999.99    1.622
    373.69   999.99    1.627
    373.99   999.99    1.632
    374.30   999.99    1.637
    374.60   999.99    1.641
    374.90   999.99    1.647
    375.21   999.99    1.651
    375.51   999.99    1.655
    375.82   999.99    1.659
    376.12   999.99    1.660
    376.43   999.99    1.668
    376.73   999.99    1.673
    377.04   999.99    1.677
    377.34   999.99    1.682
    377.65   999.99    1.685
    377.95   999.99    1.690
    378.26   999.99    1.695
    378.56   999.99    1.698
    378.87   999.99    1.703
    379.17   999.99    1.706
    379.48   999.99    1.710
    379.78   999.99    1.713
    380.09   999.99    1.717
    380.39   999.99    1.721
    380.70   999.99    1.725
    381.00   999.99    1.729
    381.31   999.99    1.734
    381.61   999.99    1.738
    381.92   999.99    1.742
    382.22   999.99    1.746
    382.52   999.99    1.751
    382.83   999.99    1.753
    383.13   999.99    1.728
    383.44   999.99    1.761
    383.74   999.99    1.765
    384.05   999.99    1.768
    384.35   999.99    1.772
    384.66   999.99    1.776
    384.96   999.99    1.781
    385.27   999.99    1.747
    385.57   999.99    1.790
    385.88   999.99    1.792
    386.18   999.99    1.793
    386.49   999.99    1.780
    386.79   999.99    1.795
    387.10   999.99    1.805
    387.40   999.99    1.807
    387.71   999.99    1.808
    388.01   999.99    1.808
    388.32   999.99    1.809
    388.62   999.99    1.818
    388.93   999.99    1.830
    389.23   999.99    1.842
    389.54   999.99    1.853
    389.84   999.99    1.863
    390.14   999.99    1.871
    390.45   999.99    1.879
    390.75   999.99    1.886
    391.06   999.99    1.898
    391.36   999.99    1.915
    391.67   999.99    1.929
    391.97   999.99    1.935
    392.28   999.99    1.945
    392.58   999.99    1.958
