 << U.S. Geological Survey Borehole Temperature Log - Alaska >>
  
 Site:             SME 
 Log Date:         84AUG04 
 Type of Log:      continuous  
 Type of Sensor:   thermistor network (custom)
 Measuring Device: digital multimeter
 Deconvolved:      no 
  
  Z   = measured depth (m)
  TVD = true vertical depth (m)
  T   = temperature (C)
  
        Z      TVD       T
      4.88   999.99   -6.532
      5.18   999.99   -6.617
      5.49   999.99   -6.643
      5.79   999.99   -6.775
      6.10   999.99   -6.850
      6.40   999.99   -6.947
      6.71   999.99   -7.041
      7.01   999.99   -7.209
      7.32   999.99   -7.356
      7.62   999.99   -7.577
      7.92   999.99   -7.720
      8.23   999.99   -8.777
      8.53   999.99   -9.570
      8.84   999.99   -9.966
      9.14   999.99  -10.187
      9.45   999.99  -10.373
      9.75   999.99  -10.375
     10.06   999.99  -10.461
     10.36   999.99  -10.491
     10.67   999.99  -10.490
     10.97   999.99  -10.438
     11.28   999.99  -10.399
     11.58   999.99  -10.377
     11.89   999.99  -10.348
     12.19   999.99  -10.300
     12.50   999.99  -10.260
     12.80   999.99  -10.166
     13.11   999.99  -10.112
     13.41   999.99  -10.098
     13.72   999.99  -10.022
     14.02   999.99   -9.951
     14.33   999.99   -9.845
     14.63   999.99   -9.807
     14.94   999.99   -9.757
     15.24   999.99   -9.707
     15.54   999.99   -9.643
     15.85   999.99   -9.599
     16.15   999.99   -9.512
     16.46   999.99   -9.427
     16.76   999.99   -9.394
     17.07   999.99   -9.371
     17.37   999.99   -9.335
     17.68   999.99   -9.278
     17.98   999.99   -9.215
     18.29   999.99   -9.186
     18.59   999.99   -9.139
     18.90   999.99   -9.095
     19.20   999.99   -9.054
     19.51   999.99   -9.019
     19.81   999.99   -8.948
     20.12   999.99   -8.947
     20.42   999.99   -8.881
     20.73   999.99   -8.828
     21.03   999.99   -8.817
     21.34   999.99   -8.750
     21.64   999.99   -8.740
     21.95   999.99   -8.713
     22.25   999.99   -8.674
     22.56   999.99   -8.627
     22.86   999.99   -8.589
     23.16   999.99   -8.534
     23.47   999.99   -8.489
     23.77   999.99   -8.469
     24.08   999.99   -8.440
     24.38   999.99   -8.415
     24.69   999.99   -8.393
     24.99   999.99   -8.363
     25.30   999.99   -8.342
     25.60   999.99   -8.320
     25.91   999.99   -8.288
     26.21   999.99   -8.268
     26.52   999.99   -8.217
     26.82   999.99   -8.181
     27.13   999.99   -8.194
     27.43   999.99   -8.156
     27.74   999.99   -8.091
     28.04   999.99   -8.101
     28.35   999.99   -8.079
     28.65   999.99   -8.053
     28.96   999.99   -8.028
     29.26   999.99   -8.004
     29.57   999.99   -7.959
     29.87   999.99   -7.972
     30.18   999.99   -7.922
     30.48   999.99   -7.906
     30.78   999.99   -7.838
     31.09   999.99   -7.824
     31.39   999.99   -7.807
     31.70   999.99   -7.791
     32.00   999.99   -7.779
     32.31   999.99   -7.763
     32.61   999.99   -7.750
     32.92   999.99   -7.736
     33.22   999.99   -7.713
     33.53   999.99   -7.698
     33.83   999.99   -7.682
     34.14   999.99   -7.668
     34.44   999.99   -7.643
     34.75   999.99   -7.639
     35.05   999.99   -7.625
     35.36   999.99   -7.608
     35.66   999.99   -7.578
     35.97   999.99   -7.555
     36.27   999.99   -7.550
     36.58   999.99   -7.538
     36.88   999.99   -7.521
     37.19   999.99   -7.509
     37.49   999.99   -7.496
     37.80   999.99   -7.478
     38.10   999.99   -7.461
     38.40   999.99   -7.446
     38.71   999.99   -7.425
     39.01   999.99   -7.402
     39.32   999.99   -7.383
     39.62   999.99   -7.364
     39.93   999.99   -7.339
     40.23   999.99   -7.326
     40.54   999.99   -7.288
     40.84   999.99   -7.282
     41.15   999.99   -7.261
     41.45   999.99   -7.240
     41.76   999.99   -7.224
     42.06   999.99   -7.203
     42.37   999.99   -7.172
     42.67   999.99   -7.162
     42.98   999.99   -7.150
     43.28   999.99   -7.140
     43.59   999.99   -7.131
     43.89   999.99   -7.111
     44.20   999.99   -7.101
     44.50   999.99   -7.079
     44.81   999.99   -7.063
     45.11   999.99   -7.052
     45.42   999.99   -7.030
     45.72   999.99   -7.022
     46.02   999.99   -7.007
     46.33   999.99   -6.994
     46.63   999.99   -6.976
     46.94   999.99   -6.957
     47.24   999.99   -6.941
     47.55   999.99   -6.911
     47.85   999.99   -6.901
     48.16   999.99   -6.881
     48.46   999.99   -6.866
     48.77   999.99   -6.851
     49.07   999.99   -6.828
     49.38   999.99   -6.811
     49.68   999.99   -6.793
     49.99   999.99   -6.777
     50.29   999.99   -6.754
     50.60   999.99   -6.739
     50.90   999.99   -6.700
     51.21   999.99   -6.683
     51.51   999.99   -6.659
     51.82   999.99   -6.655
     52.12   999.99   -6.643
     52.43   999.99   -6.627
     52.73   999.99   -6.597
     53.04   999.99   -6.593
     53.34   999.99   -6.567
     53.64   999.99   -6.563
     53.95   999.99   -6.534
     54.25   999.99   -6.528
     54.56   999.99   -6.507
     54.86   999.99   -6.485
     55.17   999.99   -6.466
     55.47   999.99   -6.449
     55.78   999.99   -6.423
     56.08   999.99   -6.414
     56.39   999.99   -6.401
     56.69   999.99   -6.385
     57.00   999.99   -6.359
     57.30   999.99   -6.342
     57.61   999.99   -6.333
     57.91   999.99   -6.302
     58.22   999.99   -6.289
     58.52   999.99   -6.261
     58.83   999.99   -6.245
     59.13   999.99   -6.237
     59.44   999.99   -6.228
     59.74   999.99   -6.213
     60.05   999.99   -6.185
     60.35   999.99   -6.178
     60.66   999.99   -6.164
     60.96   999.99   -6.146
     61.26   999.99   -6.097
     61.57   999.99   -6.086
     61.87   999.99   -6.073
     62.18   999.99   -6.064
     62.48   999.99   -6.045
     62.79   999.99   -6.034
     63.09   999.99   -6.022
     63.40   999.99   -6.007
     63.70   999.99   -5.993
     64.01   999.99   -5.981
     64.31   999.99   -5.942
     64.62   999.99   -5.927
     64.92   999.99   -5.915
     65.23   999.99   -5.901
     65.53   999.99   -5.889
     65.84   999.99   -5.877
     66.14   999.99   -5.866
     66.45   999.99   -5.853
     66.75   999.99   -5.838
     67.06   999.99   -5.826
     67.36   999.99   -5.806
     67.67   999.99   -5.790
     67.97   999.99   -5.770
     68.28   999.99   -5.757
     68.58   999.99   -5.739
     68.88   999.99   -5.722
     69.19   999.99   -5.703
     69.49   999.99   -5.682
     69.80   999.99   -5.655
     70.10   999.99   -5.638
     70.41   999.99   -5.626
     70.71   999.99   -5.611
     71.02   999.99   -5.594
     71.32   999.99   -5.576
     71.63   999.99   -5.561
     71.93   999.99   -5.548
     72.24   999.99   -5.531
     72.54   999.99   -5.511
     72.85   999.99   -5.496
     73.15   999.99   -5.482
     73.46   999.99   -5.466
     73.76   999.99   -5.451
     74.07   999.99   -5.435
     74.37   999.99   -5.421
     74.68   999.99   -5.408
     74.98   999.99   -5.395
     75.29   999.99   -5.380
     75.59   999.99   -5.367
     75.90   999.99   -5.351
     76.20   999.99   -5.336
     76.50   999.99   -5.319
     76.81   999.99   -5.300
     77.11   999.99   -5.282
     77.42   999.99   -5.266
     77.72   999.99   -5.247
     78.03   999.99   -5.229
     78.33   999.99   -5.214
     78.64   999.99   -5.193
     78.94   999.99   -5.180
     79.25   999.99   -5.161
     79.55   999.99   -5.146
     79.86   999.99   -5.129
     80.16   999.99   -5.110
     80.47   999.99   -5.093
     80.77   999.99   -5.071
     81.08   999.99   -5.053
     81.38   999.99   -5.030
     81.69   999.99   -5.014
     81.99   999.99   -4.997
     82.30   999.99   -4.977
     82.60   999.99   -4.960
     82.91   999.99   -4.948
     83.21   999.99   -4.936
     83.52   999.99   -4.920
     83.82   999.99   -4.905
     84.12   999.99   -4.889
     84.43   999.99   -4.872
     84.73   999.99   -4.858
     85.04   999.99   -4.841
     85.34   999.99   -4.822
     85.65   999.99   -4.803
     85.95   999.99   -4.782
     86.26   999.99   -4.767
     86.56   999.99   -4.753
     86.87   999.99   -4.738
     87.17   999.99   -4.724
     87.48   999.99   -4.709
     87.78   999.99   -4.685
     88.09   999.99   -4.667
     88.39   999.99   -4.651
     88.70   999.99   -4.634
     89.00   999.99   -4.620
     89.31   999.99   -4.604
     89.61   999.99   -4.581
     89.92   999.99   -4.566
     90.22   999.99   -4.550
     90.53   999.99   -4.533
     90.83   999.99   -4.519
     91.14   999.99   -4.502
     91.44   999.99   -4.484
     91.74   999.99   -4.429
     92.05   999.99   -4.429
     92.35   999.99   -4.421
     92.66   999.99   -4.410
     92.96   999.99   -4.394
     93.27   999.99   -4.383
     93.57   999.99   -4.370
     93.88   999.99   -4.356
     94.18   999.99   -4.345
     94.49   999.99   -4.335
     94.79   999.99   -4.324
     95.10   999.99   -4.309
     95.40   999.99   -4.292
     95.71   999.99   -4.279
     96.01   999.99   -4.264
     96.32   999.99   -4.253
     96.62   999.99   -4.240
     96.93   999.99   -4.222
     97.23   999.99   -4.206
     97.54   999.99   -4.192
     97.84   999.99   -4.175
     98.15   999.99   -4.166
     98.45   999.99   -4.153
     98.76   999.99   -4.137
     99.06   999.99   -4.127
     99.36   999.99   -4.116
     99.67   999.99   -4.103
     99.97   999.99   -4.091
    100.28   999.99   -4.083
    100.58   999.99   -4.070
    100.89   999.99   -4.057
    101.19   999.99   -4.046
    101.50   999.99   -4.038
    101.80   999.99   -4.026
    102.11   999.99   -4.015
    102.41   999.99   -4.006
    102.72   999.99   -3.997
    103.02   999.99   -3.986
    103.33   999.99   -3.979
    103.63   999.99   -3.971
    103.94   999.99   -3.962
    104.24   999.99   -3.950
    104.55   999.99   -3.934
    104.85   999.99   -3.923
    105.16   999.99   -3.907
    105.46   999.99   -3.897
    105.77   999.99   -3.887
    106.07   999.99   -3.876
    106.38   999.99   -3.870
    106.68   999.99   -3.862
    106.99   999.99   -3.850
    107.29   999.99   -3.840
    107.59   999.99   -3.830
    107.90   999.99   -3.820
    108.20   999.99   -3.809
    108.51   999.99   -3.797
    108.81   999.99   -3.781
    109.12   999.99   -3.768
    109.42   999.99   -3.753
    109.73   999.99   -3.735
    110.03   999.99   -3.722
    110.34   999.99   -3.711
    110.64   999.99   -3.697
    110.95   999.99   -3.683
    111.25   999.99   -3.668
    111.56   999.99   -3.650
    111.86   999.99   -3.638
    112.17   999.99   -3.625
    112.47   999.99   -3.609
    112.78   999.99   -3.591
    113.08   999.99   -3.571
    113.39   999.99   -3.556
    113.69   999.99   -3.543
    114.00   999.99   -3.527
    114.30   999.99   -3.510
    114.61   999.99   -3.493
    114.91   999.99   -3.470
    115.21   999.99   -3.451
    115.52   999.99   -3.432
    115.82   999.99   -3.418
    116.13   999.99   -3.406
    116.43   999.99   -3.389
    116.74   999.99   -3.375
    117.04   999.99   -3.358
    117.35   999.99   -3.334
    117.65   999.99   -3.311
    117.96   999.99   -3.294
    118.26   999.99   -3.282
    118.57   999.99   -3.267
    118.87   999.99   -3.248
    119.18   999.99   -3.227
    119.48   999.99   -3.209
    119.79   999.99   -3.191
    120.09   999.99   -3.177
    120.40   999.99   -3.167
    120.70   999.99   -3.149
    121.01   999.99   -3.134
    121.31   999.99   -3.123
    121.62   999.99   -3.110
    121.92   999.99   -3.089
    122.22   999.99   -3.008
    122.53   999.99   -3.005
    122.83   999.99   -2.996
    123.14   999.99   -2.988
    123.44   999.99   -2.978
    123.75   999.99   -2.964
    124.05   999.99   -2.947
    124.36   999.99   -2.928
    124.66   999.99   -2.919
    124.97   999.99   -2.909
    125.27   999.99   -2.893
    125.58   999.99   -2.878
    125.88   999.99   -2.857
    126.19   999.99   -2.834
    126.49   999.99   -2.817
    126.80   999.99   -2.799
    127.10   999.99   -2.785
    127.41   999.99   -2.765
    127.71   999.99   -2.741
    128.02   999.99   -2.726
    128.32   999.99   -2.712
    128.63   999.99   -2.694
    128.93   999.99   -2.673
    129.24   999.99   -2.651
    129.54   999.99   -2.636
    129.85   999.99   -2.619
    130.15   999.99   -2.603
    130.45   999.99   -2.590
    130.76   999.99   -2.571
    131.06   999.99   -2.553
    131.37   999.99   -2.535
    131.67   999.99   -2.516
    131.98   999.99   -2.498
    132.28   999.99   -2.477
    132.59   999.99   -2.456
    132.89   999.99   -2.439
    133.20   999.99   -2.419
    133.50   999.99   -2.400
    133.81   999.99   -2.374
    134.11   999.99   -2.354
    134.42   999.99   -2.339
    134.72   999.99   -2.324
    135.03   999.99   -2.308
    135.33   999.99   -2.290
    135.64   999.99   -2.269
    135.94   999.99   -2.247
    136.25   999.99   -2.225
    136.55   999.99   -2.204
    136.86   999.99   -2.187
    137.16   999.99   -2.171
    137.47   999.99   -2.149
    137.77   999.99   -2.132
    138.07   999.99   -2.112
    138.38   999.99   -2.091
    138.68   999.99   -2.077
    138.99   999.99   -2.061
    139.29   999.99   -2.045
    139.60   999.99   -2.024
    139.90   999.99   -2.003
    140.21   999.99   -1.982
    140.51   999.99   -1.966
    140.82   999.99   -1.944
    141.12   999.99   -1.927
    141.43   999.99   -1.905
    141.73   999.99   -1.881
    142.04   999.99   -1.852
    142.34   999.99   -1.829
    142.65   999.99   -1.814
    142.95   999.99   -1.798
    143.26   999.99   -1.777
    143.56   999.99   -1.763
    143.87   999.99   -1.753
    144.17   999.99   -1.738
    144.48   999.99   -1.715
    144.78   999.99   -1.702
    145.09   999.99   -1.688
    145.39   999.99   -1.675
    145.69   999.99   -1.654
    146.00   999.99   -1.627
    146.30   999.99   -1.613
    146.61   999.99   -1.597
    146.91   999.99   -1.580
    147.22   999.99   -1.565
    147.52   999.99   -1.545
    147.83   999.99   -1.532
    148.13   999.99   -1.521
    148.44   999.99   -1.507
    148.74   999.99   -1.485
    149.05   999.99   -1.470
    149.35   999.99   -1.458
    149.66   999.99   -1.444
    149.96   999.99   -1.430
    150.27   999.99   -1.417
    150.57   999.99   -1.404
    150.88   999.99   -1.389
    151.18   999.99   -1.375
    151.49   999.99   -1.366
    151.79   999.99   -1.354
    152.10   999.99   -1.343
    152.40   999.99   -1.330
    152.71   999.99   -1.286
    153.01   999.99   -1.280
    153.31   999.99   -1.276
    153.62   999.99   -1.271
    153.92   999.99   -1.263
    154.23   999.99   -1.255
    154.53   999.99   -1.247
    154.84   999.99   -1.238
    155.14   999.99   -1.231
    155.45   999.99   -1.222
    155.75   999.99   -1.213
    156.06   999.99   -1.205
    156.36   999.99   -1.196
    156.67   999.99   -1.186
    156.97   999.99   -1.175
    157.28   999.99   -1.163
    157.58   999.99   -1.150
    157.89   999.99   -1.141
    158.19   999.99   -1.132
    158.50   999.99   -1.126
    158.80   999.99   -1.119
    159.11   999.99   -1.111
    159.41   999.99   -1.106
    159.72   999.99   -1.097
    160.02   999.99   -1.089
    160.33   999.99   -1.081
    160.63   999.99   -1.071
    160.93   999.99   -1.064
    161.24   999.99   -1.058
    161.54   999.99   -1.051
    161.85   999.99   -1.046
    162.15   999.99   -1.036
    162.46   999.99   -1.030
    162.76   999.99   -1.024
    163.07   999.99   -1.018
    163.37   999.99   -1.012
    163.68   999.99   -1.006
    163.98   999.99   -1.000
    164.29   999.99    -.995
    164.59   999.99    -.988
    164.90   999.99    -.981
    165.20   999.99    -.976
    165.51   999.99    -.969
    165.81   999.99    -.964
    166.12   999.99    -.959
    166.42   999.99    -.952
    166.73   999.99    -.944
    167.03   999.99    -.935
    167.34   999.99    -.928
    167.64   999.99    -.922
    167.95   999.99    -.911
    168.25   999.99    -.905
    168.55   999.99    -.899
    168.86   999.99    -.891
    169.16   999.99    -.879
    169.47   999.99    -.870
    169.77   999.99    -.859
    170.08   999.99    -.849
    170.38   999.99    -.835
    170.69   999.99    -.823
    170.99   999.99    -.810
    171.30   999.99    -.799
    171.60   999.99    -.784
    171.91   999.99    -.771
    172.21   999.99    -.758
    172.52   999.99    -.747
    172.82   999.99    -.736
    173.13   999.99    -.732
    173.43   999.99    -.726
    173.74   999.99    -.720
    174.04   999.99    -.709
    174.35   999.99    -.696
    174.65   999.99    -.682
    174.96   999.99    -.670
    175.26   999.99    -.662
    175.57   999.99    -.652
    175.87   999.99    -.638
    176.17   999.99    -.627
    176.48   999.99    -.613
    176.78   999.99    -.602
    177.09   999.99    -.592
    177.39   999.99    -.581
    177.70   999.99    -.570
    178.00   999.99    -.548
    178.31   999.99    -.535
    178.61   999.99    -.520
    178.92   999.99    -.508
    179.22   999.99    -.497
    179.53   999.99    -.486
    179.83   999.99    -.474
    180.14   999.99    -.463
    180.44   999.99    -.452
    180.75   999.99    -.438
    181.05   999.99    -.424
    181.36   999.99    -.408
    181.66   999.99    -.397
    181.97   999.99    -.386
    182.27   999.99    -.374
    182.58   999.99    -.364
    182.88   999.99    -.356
    183.19   999.99    -.298
    183.49   999.99    -.295
    183.79   999.99    -.289
    184.10   999.99    -.283
    184.40   999.99    -.277
    184.71   999.99    -.270
    185.01   999.99    -.263
    185.32   999.99    -.255
    185.62   999.99    -.247
    185.93   999.99    -.239
    186.23   999.99    -.231
    186.54   999.99    -.219
    186.84   999.99    -.206
    187.15   999.99    -.197
    187.45   999.99    -.185
    187.76   999.99    -.175
    188.06   999.99    -.169
    188.37   999.99    -.156
    188.67   999.99    -.149
    188.98   999.99    -.141
    189.28   999.99    -.131
    189.59   999.99    -.121
    189.89   999.99    -.110
    190.20   999.99    -.100
    190.50   999.99    -.090
    190.81   999.99    -.078
    191.11   999.99    -.063
    191.41   999.99    -.047
    191.72   999.99    -.035
    192.02   999.99    -.019
    192.33   999.99    -.005
    192.63   999.99     .009
    192.94   999.99     .024
    193.24   999.99     .042
    193.55   999.99     .058
    193.85   999.99     .074
    194.16   999.99     .092
    194.46   999.99     .110
    194.77   999.99     .134
    195.07   999.99     .152
    195.38   999.99     .172
    195.68   999.99     .197
    195.99   999.99     .216
    196.29   999.99     .234
    196.60   999.99     .251
    196.90   999.99     .265
    197.21   999.99     .280
    197.51   999.99     .295
    197.82   999.99     .306
    198.12   999.99     .321
    198.43   999.99     .333
    198.73   999.99     .348
    199.03   999.99     .362
    199.34   999.99     .377
    199.64   999.99     .392
    199.95   999.99     .403
    200.25   999.99     .417
    200.56   999.99     .428
    200.86   999.99     .440
    201.17   999.99     .451
    201.47   999.99     .466
    201.78   999.99     .478
    202.08   999.99     .489
    202.39   999.99     .501
    202.69   999.99     .513
    203.00   999.99     .523
    203.30   999.99     .534
    203.61   999.99     .547
    203.91   999.99     .558
    204.22   999.99     .570
    204.52   999.99     .581
    204.83   999.99     .592
    205.13   999.99     .605
    205.44   999.99     .618
    205.74   999.99     .630
    206.05   999.99     .638
    206.35   999.99     .652
    206.65   999.99     .664
    206.96   999.99     .674
    207.26   999.99     .689
    207.57   999.99     .699
    207.87   999.99     .711
    208.18   999.99     .724
    208.48   999.99     .735
    208.79   999.99     .746
    209.09   999.99     .757
    209.40   999.99     .767
    209.70   999.99     .781
    210.01   999.99     .793
    210.31   999.99     .804
    210.62   999.99     .816
    210.92   999.99     .828
    211.23   999.99     .843
    211.53   999.99     .855
    211.84   999.99     .866
    212.14   999.99     .879
    212.45   999.99     .892
    212.75   999.99     .904
    213.06   999.99     .918
    213.36   999.99     .930
    213.67   999.99     .988
    213.97   999.99     .989
    214.27   999.99     .995
    214.58   999.99    1.002
    214.88   999.99    1.010
    215.19   999.99    1.018
    215.49   999.99    1.031
    215.80   999.99    1.045
    216.10   999.99    1.054
    216.41   999.99    1.066
    216.71   999.99    1.081
    217.02   999.99    1.092
    217.32   999.99    1.105
    217.63   999.99    1.117
    217.93   999.99    1.128
    218.24   999.99    1.137
    218.54   999.99    1.148
    218.85   999.99    1.157
    219.15   999.99    1.166
    219.46   999.99    1.181
    219.76   999.99    1.195
    220.07   999.99    1.207
    220.37   999.99    1.219
    220.68   999.99    1.230
    220.98   999.99    1.245
    221.29   999.99    1.257
    221.59   999.99    1.270
    221.89   999.99    1.283
    222.20   999.99    1.296
    222.50   999.99    1.307
    222.81   999.99    1.318
    223.11   999.99    1.329
    223.42   999.99    1.341
    223.72   999.99    1.351
    224.03   999.99    1.365
    224.33   999.99    1.382
    224.64   999.99    1.396
    224.94   999.99    1.409
    225.25   999.99    1.419
    225.55   999.99    1.425
    225.86   999.99    1.433
    226.16   999.99    1.443
    226.47   999.99    1.454
    226.77   999.99    1.468
    227.08   999.99    1.479
    227.38   999.99    1.490
    227.69   999.99    1.499
    227.99   999.99    1.506
    228.30   999.99    1.519
    228.60   999.99    1.529
    228.91   999.99    1.540
    229.21   999.99    1.550
    229.51   999.99    1.558
    229.82   999.99    1.567
    230.12   999.99    1.575
    230.43   999.99    1.583
    230.73   999.99    1.593
    231.04   999.99    1.604
    231.34   999.99    1.616
    231.65   999.99    1.627
    231.95   999.99    1.637
    232.26   999.99    1.645
    232.56   999.99    1.653
    232.87   999.99    1.665
    233.17   999.99    1.676
    233.48   999.99    1.689
    233.78   999.99    1.698
    234.09   999.99    1.706
    234.39   999.99    1.718
    234.70   999.99    1.728
    235.00   999.99    1.738
    235.31   999.99    1.748
    235.61   999.99    1.760
    235.92   999.99    1.772
    236.22   999.99    1.782
    236.53   999.99    1.793
    236.83   999.99    1.804
    237.13   999.99    1.811
    237.44   999.99    1.816
    237.74   999.99    1.828
    238.05   999.99    1.841
    238.35   999.99    1.853
    238.66   999.99    1.865
    238.96   999.99    1.875
    239.27   999.99    1.887
    239.57   999.99    1.899
    239.88   999.99    1.909
    240.18   999.99    1.920
    240.49   999.99    1.932
    240.79   999.99    1.944
    241.10   999.99    1.954
    241.40   999.99    1.963
    241.71   999.99    1.975
    242.01   999.99    1.990
    242.32   999.99    2.005
    242.62   999.99    2.019
    242.93   999.99    2.031
    243.23   999.99    2.042
    243.54   999.99    2.052
    243.84   999.99    2.063
    244.15   999.99    2.111
    244.45   999.99    2.113
    244.75   999.99    2.117
    245.06   999.99    2.121
    245.36   999.99    2.125
    245.67   999.99    2.136
    245.97   999.99    2.148
    246.28   999.99    2.158
    246.58   999.99    2.167
    246.89   999.99    2.180
    247.19   999.99    2.197
    247.50   999.99    2.208
    247.80   999.99    2.219
    248.11   999.99    2.229
    248.41   999.99    2.241
    248.72   999.99    2.252
    249.02   999.99    2.261
    249.33   999.99    2.271
    249.63   999.99    2.283
    249.94   999.99    2.292
    250.24   999.99    2.301
    250.55   999.99    2.311
    250.85   999.99    2.320
    251.16   999.99    2.328
    251.46   999.99    2.344
    251.77   999.99    2.357
    252.07   999.99    2.370
    252.37   999.99    2.382
    252.68   999.99    2.390
    252.98   999.99    2.401
    253.29   999.99    2.409
    253.59   999.99    2.421
    253.90   999.99    2.436
    254.20   999.99    2.450
    254.51   999.99    2.467
    254.81   999.99    2.476
    255.12   999.99    2.485
    255.42   999.99    2.496
    255.73   999.99    2.506
    256.03   999.99    2.514
    256.34   999.99    2.528
    256.64   999.99    2.538
    256.95   999.99    2.552
    257.25   999.99    2.564
    257.56   999.99    2.578
    257.86   999.99    2.591
    258.17   999.99    2.605
    258.47   999.99    2.617
    258.78   999.99    2.629
    259.08   999.99    2.642
    259.39   999.99    2.654
    259.69   999.99    2.667
    259.99   999.99    2.678
    260.30   999.99    2.689
    260.60   999.99    2.700
    260.91   999.99    2.712
    261.21   999.99    2.726
    261.52   999.99    2.738
    261.82   999.99    2.748
    262.13   999.99    2.760
    262.43   999.99    2.772
    262.74   999.99    2.786
    263.04   999.99    2.800
    263.35   999.99    2.816
    263.65   999.99    2.835
    263.96   999.99    2.849
    264.26   999.99    2.864
    264.57   999.99    2.878
    264.87   999.99    2.889
    265.18   999.99    2.900
    265.48   999.99    2.909
    265.79   999.99    2.925
    266.09   999.99    2.943
    266.40   999.99    2.956
    266.70   999.99    2.967
    267.01   999.99    2.982
    267.31   999.99    2.995
    267.61   999.99    3.007
    267.92   999.99    3.020
    268.22   999.99    3.035
    268.53   999.99    3.047
    268.83   999.99    3.062
    269.14   999.99    3.079
    269.44   999.99    3.093
    269.75   999.99    3.107
    270.05   999.99    3.118
    270.36   999.99    3.131
    270.66   999.99    3.147
    270.97   999.99    3.159
    271.27   999.99    3.173
    271.58   999.99    3.185
    271.88   999.99    3.199
    272.19   999.99    3.216
    272.49   999.99    3.233
    272.80   999.99    3.246
    273.10   999.99    3.261
    273.41   999.99    3.276
    273.71   999.99    3.293
    274.02   999.99    3.310
    274.32   999.99    3.325
    274.63   999.99    3.382
    274.93   999.99    3.382
    275.23   999.99    3.388
    275.54   999.99    3.395
    275.84   999.99    3.406
    276.15   999.99    3.414
    276.45   999.99    3.423
    276.76   999.99    3.436
    277.06   999.99    3.449
    277.37   999.99    3.461
    277.67   999.99    3.472
    277.98   999.99    3.487
    278.28   999.99    3.498
    278.59   999.99    3.507
    278.89   999.99    3.517
    279.20   999.99    3.529
    279.50   999.99    3.540
    279.81   999.99    3.547
    280.11   999.99    3.560
    280.42   999.99    3.571
    280.72   999.99    3.585
    281.03   999.99    3.597
    281.33   999.99    3.606
    281.64   999.99    3.614
    281.94   999.99    3.624
    282.25   999.99    3.638
    282.55   999.99    3.647
    282.86   999.99    3.654
    283.16   999.99    3.667
    283.46   999.99    3.680
    283.77   999.99    3.689
    284.07   999.99    3.697
    284.38   999.99    3.708
    284.68   999.99    3.720
    284.99   999.99    3.731
    285.29   999.99    3.742
    285.60   999.99    3.752
    285.90   999.99    3.760
    286.21   999.99    3.768
    286.51   999.99    3.778
    286.82   999.99    3.792
    287.12   999.99    3.804
    287.43   999.99    3.817
    287.73   999.99    3.824
    288.04   999.99    3.834
    288.34   999.99    3.841
    288.65   999.99    3.851
    288.95   999.99    3.862
    289.26   999.99    3.874
    289.56   999.99    3.888
    289.87   999.99    3.899
    290.17   999.99    3.908
    290.48   999.99    3.915
    290.78   999.99    3.927
    291.08   999.99    3.939
    291.39   999.99    3.951
    291.69   999.99    3.962
    292.00   999.99    3.970
    292.30   999.99    3.979
    292.61   999.99    3.989
    292.91   999.99    3.999
    293.22   999.99    4.012
    293.52   999.99    4.020
    293.83   999.99    4.031
    294.13   999.99    4.043
    294.44   999.99    4.056
    294.74   999.99    4.069
    295.05   999.99    4.081
    295.35   999.99    4.093
    295.66   999.99    4.106
    295.96   999.99    4.117
    296.27   999.99    4.129
    296.57   999.99    4.141
    296.88   999.99    4.151
    297.18   999.99    4.159
    297.49   999.99    4.172
    297.79   999.99    4.183
    298.10   999.99    4.197
    298.40   999.99    4.209
    298.70   999.99    4.222
    299.01   999.99    4.234
    299.31   999.99    4.251
    299.62   999.99    4.267
    299.92   999.99    4.284
    300.23   999.99    4.296
    300.53   999.99    4.306
    300.84   999.99    4.318
    301.14   999.99    4.339
    301.45   999.99    4.354
    301.75   999.99    4.368
    302.06   999.99    4.388
    302.36   999.99    4.405
    302.67   999.99    4.426
    302.97   999.99    4.449
    303.28   999.99    4.470
    303.58   999.99    4.484
    303.89   999.99    4.494
    304.19   999.99    4.508
    304.50   999.99    4.521
    304.80   999.99    4.541
    305.11   999.99    4.625
    305.41   999.99    4.628
    305.71   999.99    4.638
    306.02   999.99    4.652
    306.32   999.99    4.671
    306.63   999.99    4.690
    306.93   999.99    4.705
    307.24   999.99    4.716
    307.54   999.99    4.731
    307.85   999.99    4.751
    308.15   999.99    4.770
    308.46   999.99    4.788
    308.76   999.99    4.806
    309.07   999.99    4.824
    309.37   999.99    4.838
    309.68   999.99    4.851
    309.98   999.99    4.874
    310.29   999.99    4.887
    310.59   999.99    4.907
    310.90   999.99    4.929
    311.20   999.99    4.948
    311.51   999.99    4.966
    311.81   999.99    4.982
    312.12   999.99    4.997
    312.42   999.99    5.015
    312.73   999.99    5.033
    313.03   999.99    5.046
    313.33   999.99    5.059
    313.64   999.99    5.071
    313.94   999.99    5.089
    314.25   999.99    5.103
    314.55   999.99    5.123
    314.86   999.99    5.139
    315.16   999.99    5.150
    315.47   999.99    5.166
    315.77   999.99    5.186
    316.08   999.99    5.200
    316.38   999.99    5.215
    316.69   999.99    5.226
    316.99   999.99    5.243
    317.30   999.99    5.257
    317.60   999.99    5.270
    317.91   999.99    5.279
    318.21   999.99    5.288
    318.52   999.99    5.300
    318.82   999.99    5.313
    319.13   999.99    5.327
    319.43   999.99    5.347
    319.74   999.99    5.363
    320.04   999.99    5.374
    320.35   999.99    5.390
    320.65   999.99    5.407
    320.95   999.99    5.424
    321.26   999.99    5.437
    321.56   999.99    5.452
    321.87   999.99    5.464
    322.17   999.99    5.480
    322.48   999.99    5.495
    322.78   999.99    5.510
    323.09   999.99    5.526
    323.39   999.99    5.540
    323.70   999.99    5.552
    324.00   999.99    5.564
    324.31   999.99    5.579
    324.61   999.99    5.595
    324.92   999.99    5.616
    325.22   999.99    5.633
    325.53   999.99    5.652
    325.83   999.99    5.666
    326.14   999.99    5.685
    326.44   999.99    5.700
    326.75   999.99    5.715
    327.05   999.99    5.730
    327.36   999.99    5.744
    327.66   999.99    5.760
    327.97   999.99    5.772
    328.27   999.99    5.789
    328.58   999.99    5.809
    328.88   999.99    5.824
    329.18   999.99    5.840
    329.49   999.99    5.855
    329.79   999.99    5.867
    330.10   999.99    5.881
    330.40   999.99    5.896
    330.71   999.99    5.916
    331.01   999.99    5.933
    331.32   999.99    5.953
    331.62   999.99    5.970
    331.93   999.99    5.988
    332.23   999.99    6.005
    332.54   999.99    6.018
    332.84   999.99    6.033
    333.15   999.99    6.046
    333.45   999.99    6.056
    333.76   999.99    6.065
    334.06   999.99    6.076
    334.37   999.99    6.093
    334.67   999.99    6.110
    334.98   999.99    6.126
    335.28   999.99    6.141
    335.59   999.99    6.181
    335.89   999.99    6.184
    336.20   999.99    6.190
    336.50   999.99    6.195
    336.80   999.99    6.203
    337.11   999.99    6.212
    337.41   999.99    6.220
    337.72   999.99    6.231
    338.02   999.99    6.242
    338.33   999.99    6.252
    338.63   999.99    6.263
    338.94   999.99    6.273
    339.24   999.99    6.283
    339.55   999.99    6.292
    339.85   999.99    6.299
    340.16   999.99    6.307
    340.46   999.99    6.313
    340.77   999.99    6.324
    341.07   999.99    6.333
    341.38   999.99    6.342
    341.68   999.99    6.351
    341.99   999.99    6.360
    342.29   999.99    6.367
    342.60   999.99    6.377
    342.90   999.99    6.387
    343.21   999.99    6.395
    343.51   999.99    6.406
    343.82   999.99    6.416
    344.12   999.99    6.427
    344.42   999.99    6.437
    344.73   999.99    6.447
    345.03   999.99    6.457
    345.34   999.99    6.468
    345.64   999.99    6.475
    345.95   999.99    6.486
    346.25   999.99    6.497
    346.56   999.99    6.504
    346.86   999.99    6.511
    347.17   999.99    6.523
    347.47   999.99    6.534
    347.78   999.99    6.541
    348.08   999.99    6.550
    348.39   999.99    6.560
    348.69   999.99    6.570
    349.00   999.99    6.579
    349.30   999.99    6.593
    349.61   999.99    6.605
    349.91   999.99    6.616
    350.22   999.99    6.629
    350.52   999.99    6.641
    350.83   999.99    6.655
    351.13   999.99    6.667
    351.44   999.99    6.682
    351.74   999.99    6.696
    352.04   999.99    6.708
    352.35   999.99    6.721
    352.65   999.99    6.733
    352.96   999.99    6.748
    353.26   999.99    6.763
    353.57   999.99    6.778
    353.87   999.99    6.792
    354.18   999.99    6.806
    354.48   999.99    6.820
    354.79   999.99    6.832
    355.09   999.99    6.847
    355.40   999.99    6.862
    355.70   999.99    6.872
    356.01   999.99    6.885
    356.31   999.99    6.900
    356.62   999.99    6.914
    356.92   999.99    6.927
    357.23   999.99    6.941
    357.53   999.99    6.960
    357.84   999.99    6.973
    358.14   999.99    6.988
    358.45   999.99    7.007
    358.75   999.99    7.023
    359.06   999.99    7.038
    359.36   999.99    7.050
    359.66   999.99    7.063
    359.97   999.99    7.078
    360.27   999.99    7.096
    360.58   999.99    7.111
    360.88   999.99    7.124
    361.19   999.99    7.138
    361.49   999.99    7.148
    361.80   999.99    7.163
    362.10   999.99    7.181
    362.41   999.99    7.197
    362.71   999.99    7.212
    363.02   999.99    7.222
    363.32   999.99    7.233
    363.63   999.99    7.249
    363.93   999.99    7.263
    364.24   999.99    7.278
    364.54   999.99    7.290
    364.85   999.99    7.307
    365.15   999.99    7.319
    365.46   999.99    7.335
    365.76   999.99    7.345
    366.07   999.99    7.397
    366.37   999.99    7.398
    366.68   999.99    7.405
    366.98   999.99    7.411
    367.28   999.99    7.420
    367.59   999.99    7.432
    367.89   999.99    7.443
    368.20   999.99    7.456
    368.50   999.99    7.471
    368.81   999.99    7.489
    369.11   999.99    7.505
    369.42   999.99    7.522
    369.72   999.99    7.536
    370.03   999.99    7.549
    370.33   999.99    7.564
    370.64   999.99    7.581
    370.94   999.99    7.594
    371.25   999.99    7.611
    371.55   999.99    7.630
    371.86   999.99    7.648
    372.16   999.99    7.664
    372.47   999.99    7.681
    372.77   999.99    7.695
    373.08   999.99    7.709
    373.38   999.99    7.724
    373.69   999.99    7.739
    373.99   999.99    7.752
    374.30   999.99    7.769
    374.60   999.99    7.787
    374.90   999.99    7.806
    375.21   999.99    7.828
    375.51   999.99    7.844
    375.82   999.99    7.860
    376.12   999.99    7.871
    376.43   999.99    7.886
    376.73   999.99    7.903
    377.04   999.99    7.917
    377.34   999.99    7.933
    377.65   999.99    7.946
    377.95   999.99    7.968
    378.26   999.99    7.980
    378.56   999.99    7.996
    378.87   999.99    8.012
    379.17   999.99    8.026
    379.48   999.99    8.042
    379.78   999.99    8.057
    380.09   999.99    8.080
    380.39   999.99    8.103
    380.70   999.99    8.121
    381.00   999.99    8.130
    381.31   999.99    8.146
    381.61   999.99    8.162
    381.92   999.99    8.183
    382.22   999.99    8.199
    382.52   999.99    8.215
    382.83   999.99    8.232
    383.13   999.99    8.250
    383.44   999.99    8.270
    383.74   999.99    8.283
    384.05   999.99    8.305
    384.35   999.99    8.330
    384.66   999.99    8.347
    384.96   999.99    8.362
    385.27   999.99    8.379
    385.57   999.99    8.393
    385.88   999.99    8.414
    386.18   999.99    8.428
    386.49   999.99    8.442
    386.79   999.99    8.461
    387.10   999.99    8.487
    387.40   999.99    8.508
    387.71   999.99    8.521
    388.01   999.99    8.538
    388.32   999.99    8.551
    388.62   999.99    8.566
    388.93   999.99    8.584
    389.23   999.99    8.601
    389.54   999.99    8.623
    389.84   999.99    8.646
    390.14   999.99    8.668
    390.45   999.99    8.691
    390.75   999.99    8.711
    391.06   999.99    8.732
    391.36   999.99    8.757
    391.67   999.99    8.774
    391.97   999.99    8.795
    392.28   999.99    8.812
    392.58   999.99    8.830
    392.89   999.99    8.846
    393.19   999.99    8.866
    393.50   999.99    8.887
    393.80   999.99    8.913
    394.11   999.99    8.934
    394.41   999.99    8.958
    394.72   999.99    8.977
    395.02   999.99    8.995
    395.33   999.99    9.020
    395.63   999.99    9.047
    395.94   999.99    9.064
    396.24   999.99    9.082
    396.55   999.99    9.168
    396.85   999.99    9.171
    397.16   999.99    9.177
    397.46   999.99    9.199
    397.76   999.99    9.216
    398.07   999.99    9.229
    398.37   999.99    9.242
    398.68   999.99    9.258
    398.98   999.99    9.287
    399.29   999.99    9.306
    399.59   999.99    9.332
    399.90   999.99    9.347
    400.20   999.99    9.368
    400.51   999.99    9.393
    400.81   999.99    9.416
    401.12   999.99    9.434
    401.42   999.99    9.455
    401.73   999.99    9.473
    402.03   999.99    9.486
    402.34   999.99    9.500
    402.64   999.99    9.523
    402.95   999.99    9.540
    403.25   999.99    9.555
    403.56   999.99    9.571
    403.86   999.99    9.588
    404.17   999.99    9.604
    404.47   999.99    9.621
    404.78   999.99    9.634
    405.08   999.99    9.644
    405.38   999.99    9.664
    405.69   999.99    9.677
    405.99   999.99    9.690
    406.30   999.99    9.702
    406.60   999.99    9.714
    406.91   999.99    9.727
    407.21   999.99    9.739
    407.52   999.99    9.752
    407.82   999.99    9.765
    408.13   999.99    9.780
    408.43   999.99    9.790
    408.74   999.99    9.803
    409.04   999.99    9.815
    409.35   999.99    9.830
    409.65   999.99    9.842
    409.96   999.99    9.852
    410.26   999.99    9.863
    410.57   999.99    9.876
    410.87   999.99    9.894
    411.18   999.99    9.905
    411.48   999.99    9.916
    411.79   999.99    9.928
    412.09   999.99    9.936
    412.40   999.99    9.943
    412.70   999.99    9.960
    413.00   999.99    9.977
    413.31   999.99    9.989
    413.61   999.99   10.007
    413.92   999.99   10.020
    414.22   999.99   10.033
    414.53   999.99   10.047
    414.83   999.99   10.063
    415.14   999.99   10.078
    415.44   999.99   10.084
    415.75   999.99   10.096
    416.05   999.99   10.111
    416.36   999.99   10.127
    416.66   999.99   10.142
    416.97   999.99   10.155
    417.27   999.99   10.170
    417.58   999.99   10.181
    417.88   999.99   10.194
    418.19   999.99   10.207
    418.49   999.99   10.216
    418.80   999.99   10.234
    419.10   999.99   10.248
    419.41   999.99   10.262
    419.71   999.99   10.270
    420.02   999.99   10.282
    420.32   999.99   10.293
    420.62   999.99   10.308
    420.93   999.99   10.320
    421.23   999.99   10.335
    421.54   999.99   10.346
    421.84   999.99   10.359
    422.15   999.99   10.374
    422.45   999.99   10.384
    422.76   999.99   10.398
    423.06   999.99   10.411
    423.37   999.99   10.425
    423.67   999.99   10.433
    423.98   999.99   10.447
    424.28   999.99   10.455
    424.59   999.99   10.471
    424.89   999.99   10.485
    425.20   999.99   10.497
    425.50   999.99   10.508
    425.81   999.99   10.523
    426.11   999.99   10.535
    426.42   999.99   10.546
    426.72   999.99   10.559
    427.03   999.99   10.614
    427.33   999.99   10.615
    427.64   999.99   10.620
    427.94   999.99   10.627
    428.24   999.99   10.637
    428.55   999.99   10.648
    428.85   999.99   10.656
    429.16   999.99   10.663
    429.46   999.99   10.670
    429.77   999.99   10.678
    430.07   999.99   10.685
    430.38   999.99   10.693
    430.68   999.99   10.710
    430.99   999.99   10.721
    431.29   999.99   10.734
    431.60   999.99   10.743
    431.90   999.99   10.754
    432.21   999.99   10.765
    432.51   999.99   10.775
    432.82   999.99   10.782
    433.12   999.99   10.793
    433.43   999.99   10.801
    433.73   999.99   10.813
    434.04   999.99   10.824
    434.34   999.99   10.833
    434.65   999.99   10.840
    434.95   999.99   10.851
    435.26   999.99   10.858
    435.56   999.99   10.870
    435.86   999.99   10.882
    436.17   999.99   10.890
    436.47   999.99   10.904
    436.78   999.99   10.917
    437.08   999.99   10.929
    437.39   999.99   10.945
    437.69   999.99   10.959
    438.00   999.99   10.970
    438.30   999.99   10.985
    438.61   999.99   11.002
    438.91   999.99   11.018
    439.22   999.99   11.027
    439.52   999.99   11.040
    439.83   999.99   11.047
    440.13   999.99   11.060
    440.44   999.99   11.072
    440.74   999.99   11.084
    441.05   999.99   11.093
    441.35   999.99   11.103
    441.66   999.99   11.119
    441.96   999.99   11.131
    442.27   999.99   11.146
    442.57   999.99   11.157
    442.88   999.99   11.171
    443.18   999.99   11.185
    443.48   999.99   11.201
    443.79   999.99   11.213
    444.09   999.99   11.227
    444.40   999.99   11.240
    444.70   999.99   11.257
    445.01   999.99   11.271
    445.31   999.99   11.284
    445.62   999.99   11.296
    445.92   999.99   11.311
    446.23   999.99   11.320
    446.53   999.99   11.334
    446.84   999.99   11.347
    447.14   999.99   11.360
    447.45   999.99   11.371
    447.75   999.99   11.382
    448.06   999.99   11.395
    448.36   999.99   11.408
    448.67   999.99   11.422
    448.97   999.99   11.432
    449.28   999.99   11.447
    449.58   999.99   11.458
    449.89   999.99   11.472
    450.19   999.99   11.487
    450.50   999.99   11.503
    450.80   999.99   11.514
    451.10   999.99   11.530
    451.41   999.99   11.544
    451.71   999.99   11.562
    452.02   999.99   11.570
    452.32   999.99   11.585
    452.63   999.99   11.596
    452.93   999.99   11.610
    453.24   999.99   11.622
    453.54   999.99   11.636
    453.85   999.99   11.647
    454.15   999.99   11.664
    454.46   999.99   11.674
    454.76   999.99   11.681
    455.07   999.99   11.694
    455.37   999.99   11.710
    455.68   999.99   11.725
    455.98   999.99   11.738
    456.29   999.99   11.752
    456.59   999.99   11.764
    456.90   999.99   11.777
    457.20   999.99   11.786
    457.51   999.99   11.834
    457.81   999.99   11.837
    458.12   999.99   11.843
    458.42   999.99   11.850
    458.72   999.99   11.863
    459.03   999.99   11.873
    459.33   999.99   11.885
    459.64   999.99   11.897
    459.94   999.99   11.908
    460.25   999.99   11.919
    460.55   999.99   11.935
    460.86   999.99   11.949
    461.16   999.99   11.967
    461.47   999.99   11.979
    461.77   999.99   11.996
    462.08   999.99   12.007
    462.38   999.99   12.021
    462.69   999.99   12.032
    462.99   999.99   12.045
    463.30   999.99   12.055
    463.60   999.99   12.074
    463.91   999.99   12.086
    464.21   999.99   12.098
    464.52   999.99   12.107
    464.82   999.99   12.122
    465.13   999.99   12.139
    465.43   999.99   12.153
    465.74   999.99   12.167
    466.04   999.99   12.179
    466.34   999.99   12.196
    466.65   999.99   12.204
    466.95   999.99   12.216
    467.26   999.99   12.236
    467.56   999.99   12.250
    467.87   999.99   12.261
    468.17   999.99   12.274
    468.48   999.99   12.285
    468.78   999.99   12.295
    469.09   999.99   12.310
    469.39   999.99   12.328
    469.70   999.99   12.340
    470.00   999.99   12.352
    470.31   999.99   12.364
    470.61   999.99   12.374
    470.92   999.99   12.383
    471.22   999.99   12.392
    471.53   999.99   12.406
    471.83   999.99   12.419
    472.14   999.99   12.433
    472.44   999.99   12.446
    472.75   999.99   12.455
    473.05   999.99   12.467
    473.36   999.99   12.476
    473.66   999.99   12.494
    473.96   999.99   12.506
    474.27   999.99   12.517
    474.57   999.99   12.524
    474.88   999.99   12.541
    475.18   999.99   12.555
    475.49   999.99   12.571
    475.79   999.99   12.583
    476.10   999.99   12.595
    476.40   999.99   12.606
    476.71   999.99   12.615
    477.01   999.99   12.627
    477.32   999.99   12.641
    477.62   999.99   12.654
    477.93   999.99   12.667
    478.23   999.99   12.680
    478.54   999.99   12.691
    478.84   999.99   12.705
    479.15   999.99   12.717
    479.45   999.99   12.732
    479.76   999.99   12.743
    480.06   999.99   12.756
    480.37   999.99   12.771
    480.67   999.99   12.787
    480.98   999.99   12.797
    481.28   999.99   12.811
    481.58   999.99   12.816
    481.89   999.99   12.826
    482.19   999.99   12.840
    482.50   999.99   12.856
    482.80   999.99   12.868
    483.11   999.99   12.883
    483.41   999.99   12.891
    483.72   999.99   12.906
    484.02   999.99   12.918
    484.33   999.99   12.934
    484.63   999.99   12.949
    484.94   999.99   12.955
    485.24   999.99   12.966
    485.55   999.99   12.980
    485.85   999.99   12.984
    486.16   999.99   12.997
    486.46   999.99   13.011
    486.77   999.99   13.023
    487.07   999.99   13.034
    487.38   999.99   13.048
    487.68   999.99   13.055
    487.99   999.99   13.091
    488.29   999.99   13.093
    488.60   999.99   13.107
    488.90   999.99   13.111
    489.20   999.99   13.122
    489.51   999.99   13.128
    489.81   999.99   13.139
    490.12   999.99   13.147
    490.42   999.99   13.161
    490.73   999.99   13.176
    491.03   999.99   13.192
    491.34   999.99   13.204
    491.64   999.99   13.220
    491.95   999.99   13.232
    492.25   999.99   13.242
    492.56   999.99   13.254
    492.86   999.99   13.268
    493.17   999.99   13.281
    493.47   999.99   13.292
    493.78   999.99   13.298
    494.08   999.99   13.309
    494.39   999.99   13.317
    494.69   999.99   13.325
    495.00   999.99   13.334
    495.30   999.99   13.350
    495.61   999.99   13.357
    495.91   999.99   13.370
    496.22   999.99   13.378
    496.52   999.99   13.387
    496.83   999.99   13.400
    497.13   999.99   13.414
    497.43   999.99   13.423
    497.74   999.99   13.439
    498.04   999.99   13.447
    498.35   999.99   13.461
    498.65   999.99   13.467
    498.96   999.99   13.480
    499.26   999.99   13.493
    499.57   999.99   13.505
    499.87   999.99   13.516
    500.18   999.99   13.570
    500.48   999.99   13.572
    500.79   999.99   13.583
    501.09   999.99   13.589
    501.40   999.99   13.599
    501.70   999.99   13.602
    502.01   999.99   13.611
    502.31   999.99   13.615
    502.62   999.99   13.624
    502.92   999.99   13.634
    503.23   999.99   13.646
    503.53   999.99   13.654
    503.84   999.99   13.669
    504.14   999.99   13.684
    504.45   999.99   13.696
    504.75   999.99   13.708
    505.05   999.99   13.720
    505.36   999.99   13.727
    505.66   999.99   13.737
    505.97   999.99   13.747
    506.27   999.99   13.756
    506.58   999.99   13.764
    506.88   999.99   13.769
    507.19   999.99   13.777
    507.49   999.99   13.785
    507.80   999.99   13.790
    508.10   999.99   13.929
    508.41   999.99   14.116
    508.71   999.99   14.143
    509.02   999.99   14.142
    509.32   999.99   14.143
    509.63   999.99   14.143
    509.93   999.99   14.146
    510.24   999.99   14.150
    510.54   999.99   14.158
    510.85   999.99   14.171
    511.15   999.99   14.179
    511.46   999.99   14.182
    511.76   999.99   14.184
    512.07   999.99   14.195
    512.37   999.99   14.207
    512.67   999.99   14.217
    512.98   999.99   14.230
    513.28   999.99   14.244
    513.59   999.99   14.251
    513.89   999.99   14.261
    514.20   999.99   14.269
    514.50   999.99   14.277
    514.81   999.99   14.282
    515.11   999.99   14.297
    515.42   999.99   14.313
    515.72   999.99   14.328
    516.03   999.99   14.339
    516.33   999.99   14.356
    516.64   999.99   14.366
    516.94   999.99   14.380
    517.25   999.99   14.385
    517.55   999.99   14.397
    517.86   999.99   14.417
    518.16   999.99   14.435
    518.47   999.99   14.448
    518.77   999.99   14.466
    519.08   999.99   14.473
    519.38   999.99   14.483
    519.69   999.99   14.494
    519.99   999.99   14.514
    520.29   999.99   14.519
    520.60   999.99   14.539
    520.90   999.99   14.559
    521.21   999.99   14.569
    521.51   999.99   14.574
    521.82   999.99   14.594
    522.12   999.99   14.609
    522.43   999.99   14.614
    522.73   999.99   14.634
    523.04   999.99   14.649
    523.34   999.99   14.655
    523.65   999.99   14.674
    523.95   999.99   14.692
    524.26   999.99   14.700
    524.56   999.99   14.724
    524.87   999.99   14.732
    525.17   999.99   14.746
    525.48   999.99   14.754
    525.78   999.99   14.771
    526.09   999.99   14.786
    526.39   999.99   14.803
    526.70   999.99   14.814
    527.00   999.99   14.823
    527.31   999.99   14.838
    527.61   999.99   14.845
    527.91   999.99   14.863
    528.22   999.99   14.873
    528.52   999.99   14.880
    528.83   999.99   14.888
    529.13   999.99   14.900
    529.44   999.99   14.907
    529.74   999.99   14.917
    530.05   999.99   14.931
    530.35   999.99   14.936
    530.66   999.99   14.946
    530.96   999.99   14.959
    531.27   999.99   14.964
    531.57   999.99   14.980
    531.88   999.99   14.998
    532.18   999.99   15.013
    532.49   999.99   15.024
    532.79   999.99   15.034
    533.10   999.99   15.041
    533.40   999.99   15.052
    533.71   999.99   15.052
    534.01   999.99   15.069
    534.32   999.99   15.090
    534.62   999.99   15.093
    534.92   999.99   15.105
    535.23   999.99   15.114
    535.53   999.99   15.127
    535.84   999.99   15.134
    536.14   999.99   15.148
    536.45   999.99   15.153
    536.75   999.99   15.161
    537.06   999.99   15.172
    537.36   999.99   15.187
    537.67   999.99   15.197
    537.97   999.99   15.211
    538.28   999.99   15.223
    538.58   999.99   15.228
    538.89   999.99   15.232
    539.19   999.99   15.226
    539.50   999.99   15.235
    539.80   999.99   15.254
    540.11   999.99   15.271
    540.41   999.99   15.281
    540.72   999.99   15.285
    541.02   999.99   15.297
    541.33   999.99   15.302
    541.63   999.99   15.311
    541.94   999.99   15.312
