 << U.S. Geological Survey Borehole Temperature Log - Alaska >>
  
 Site:             TUL 
 Log Date:         81AUG24 
 Type of Log:      incremental 
 Type of Sensor:   thermistor network (custom)
 Measuring Device: digital multimeter
 Deconvolved:      N/A
  
  Z   = measured depth (m)
  TVD = true vertical depth (m)
  T   = temperature (C)
  
        Z      TVD       T
      6.10   999.99   -7.841
      9.14   999.99   -8.722
     12.19   999.99   -8.996
     15.24   999.99   -9.035
     18.29   999.99   -9.043
     21.34   999.99   -9.046
     24.38   999.99   -9.048
     27.43   999.99   -9.050
     30.48   999.99   -9.037
     33.53   999.99   -8.994
     36.58   999.99   -8.950
     39.62   999.99   -8.907
     42.67   999.99   -8.864
     45.72   999.99   -8.808
     48.77   999.99   -8.757
     51.82   999.99   -8.723
     54.86   999.99   -8.669
     57.91   999.99   -8.593
     60.96   999.99   -8.523
     64.01   999.99   -8.438
     67.06   999.99   -8.357
     70.10   999.99   -8.288
     73.15   999.99   -8.210
     76.20   999.99   -8.117
     79.25   999.99   -8.016
     82.30   999.99   -7.925
     85.34   999.99   -7.824
     88.39   999.99   -7.745
     91.44   999.99   -7.644
     94.49   999.99   -7.532
     97.54   999.99   -7.438
    100.58   999.99   -7.338
    103.63   999.99   -7.220
    106.68   999.99   -7.090
    109.73   999.99   -6.940
    112.78   999.99   -6.809
    115.82   999.99   -6.682
    118.87   999.99   -6.579
    121.92   999.99   -6.455
    124.97   999.99   -6.287
    128.02   999.99   -6.133
    131.06   999.99   -6.010
    134.11   999.99   -5.874
    137.16   999.99   -5.719
    140.21   999.99   -5.583
    143.26   999.99   -5.465
    146.30   999.99   -5.331
    149.35   999.99   -5.210
    152.40   999.99   -5.066
    155.45   999.99   -4.956
    158.50   999.99   -4.825
    161.54   999.99   -4.682
    164.59   999.99   -4.547
    167.64   999.99   -4.436
    170.69   999.99   -4.330
    173.74   999.99   -4.221
    176.78   999.99   -4.082
    179.83   999.99   -3.967
    182.88   999.99   -3.853
    185.93   999.99   -3.734
    188.98   999.99   -3.612
    192.02   999.99   -3.479
    195.07   999.99   -3.350
    198.12   999.99   -3.217
    201.17   999.99   -3.088
    204.22   999.99   -2.934
    207.26   999.99   -2.805
    210.31   999.99   -2.672
    213.36   999.99   -2.572
    216.41   999.99   -2.499
    219.46   999.99   -2.428
    222.50   999.99   -2.320
    225.55   999.99   -2.222
    228.60   999.99   -2.148
    231.65   999.99   -2.061
    234.70   999.99   -1.918
    237.74   999.99   -1.841
    240.79   999.99   -1.769
    243.84   999.99   -1.702
    246.89   999.99   -1.623
    249.94   999.99   -1.539
    252.98   999.99   -1.407
    256.03   999.99   -1.307
    259.08   999.99   -1.191
    262.13   999.99   -1.060
    265.18   999.99    -.989
    268.22   999.99    -.913
    271.27   999.99    -.829
    274.32   999.99    -.757
    277.37   999.99    -.693
    280.42   999.99    -.620
    283.46   999.99    -.561
    286.51   999.99    -.494
    289.56   999.99    -.244
    292.61   999.99    -.145
    295.66   999.99    -.048
    298.70   999.99     .078
    301.75   999.99     .150
    304.80   999.99     .374
    307.85   999.99     .738
    310.90   999.99     .872
    313.94   999.99     .984
    316.99   999.99    1.098
    320.04   999.99    1.221
    323.09   999.99    1.360
    326.14   999.99    1.470
    329.18   999.99    1.613
    332.23   999.99    1.736
    335.28   999.99    1.872
    338.33   999.99    2.005
    341.38   999.99    2.139
    344.42   999.99    2.250
    347.47   999.99    2.381
    350.52   999.99    2.500
    353.57   999.99    2.641
    356.62   999.99    2.758
    359.66   999.99    2.889
    362.71   999.99    3.009
    365.76   999.99    3.127
    368.81   999.99    3.247
    371.86   999.99    3.403
    374.90   999.99    3.519
    377.95   999.99    3.672
    381.00   999.99    3.806
    384.05   999.99    3.927
    387.10   999.99    4.073
    390.14   999.99    4.197
    393.19   999.99    4.327
    396.24   999.99    4.453
    399.29   999.99    4.570
    402.34   999.99    4.689
    405.38   999.99    4.818
    408.43   999.99    4.952
    411.48   999.99    5.082
    414.53   999.99    5.202
    417.58   999.99    5.339
    420.62   999.99    5.449
    423.67   999.99    5.579
    426.72   999.99    5.687
    429.77   999.99    5.808
    432.82   999.99    5.931
    435.86   999.99    6.034
    438.91   999.99    6.127
    441.96   999.99    6.463
    445.01   999.99    6.530
    448.06   999.99    6.616
    451.10   999.99    6.728
    454.15   999.99    6.840
    457.20   999.99    6.972
    460.25   999.99    7.096
    463.30   999.99    7.215
    466.34   999.99    7.335
    469.39   999.99    7.461
    472.44   999.99    7.588
    475.49   999.99    7.717
    478.54   999.99    7.848
    481.58   999.99    7.994
    484.63   999.99    8.123
    487.68   999.99    8.247
    490.73   999.99    8.388
    493.78   999.99    8.516
    496.83   999.99    8.642
    499.87   999.99    8.767
    502.92   999.99    8.892
    505.97   999.99    9.010
    509.02   999.99    9.138
    512.07   999.99    9.264
    515.11   999.99    9.388
    518.16   999.99    9.510
    521.21   999.99    9.616
    524.26   999.99    9.740
    527.31   999.99    9.843
    530.35   999.99    9.971
    533.40   999.99   10.095
    536.45   999.99   10.218
    539.50   999.99   10.335
    542.55   999.99   10.447
    545.59   999.99   10.575
    548.64   999.99   10.691
    551.69   999.99   10.817
    554.74   999.99   10.947
    557.79   999.99   11.079
    560.83   999.99   11.205
    563.88   999.99   11.343
    566.93   999.99   11.477
    569.98   999.99   11.578
    573.03   999.99   11.676
    576.07   999.99   11.774
    579.12   999.99   11.965
    582.17   999.99   12.145
    585.22   999.99   12.369
    588.27   999.99   12.437
    591.31   999.99   12.527
    594.36   999.99   12.623
    597.41   999.99   12.695
    600.46   999.99   13.000
    603.51   999.99   13.319
    606.55   999.99   13.378
    609.60   999.99   13.569
    612.65   999.99   13.747
    615.70   999.99   13.858
    618.75   999.99   13.974
    621.79   999.99   14.079
    624.84   999.99   14.268
    627.89   999.99   14.449
    630.94   999.99   14.616
    633.99   999.99   14.757
    637.03   999.99   14.895
    640.08   999.99   15.040
    643.13   999.99   15.199
    646.18   999.99   15.346
    649.23   999.99   15.521
    652.27   999.99   15.648
    655.32   999.99   15.795
    658.37   999.99   15.927
    661.42   999.99   16.045
    664.47   999.99   16.160
    667.51   999.99   16.288
    670.56   999.99   16.393
    673.61   999.99   16.502
    676.66   999.99   16.617
    679.71   999.99   16.745
    682.75   999.99   16.855
    685.80   999.99   17.008
    688.85   999.99   17.122
    691.90   999.99   17.239
    694.95   999.99   17.370
    697.99   999.99   17.492
    701.04   999.99   17.623
    704.09   999.99   17.758
    707.14   999.99   17.884
    710.19   999.99   18.038
    713.23   999.99   18.191
    716.28   999.99   18.351
    719.33   999.99   18.498
