 << U.S. Geological Survey Borehole Temperature Log - Alaska >>
  
 Site:             WDS 
 Log Date:         80SEP14 
 Type of Log:      incremental 
 Type of Sensor:   thermistor network (custom)
 Measuring Device: digital multimeter
 Deconvolved:      N/A
  
  Z   = measured depth (m)
  TVD = true vertical depth (m)
  T   = temperature (C)
  
        Z      TVD       T
     60.96   999.99   -7.760
     64.01   999.99   -7.756
     67.06   999.99   -7.771
     70.10   999.99   -7.741
     73.15   999.99   -7.660
     76.20   999.99   -7.598
     79.25   999.99   -7.518
     82.30   999.99   -7.410
     85.34   999.99   -7.295
     88.39   999.99   -7.158
     91.44   999.99   -7.047
     94.49   999.99   -6.941
     97.54   999.99   -6.823
    100.58   999.99   -6.678
    103.63   999.99   -6.538
    106.68   999.99   -6.412
    109.73   999.99   -6.292
    112.78   999.99   -6.178
    115.82   999.99   -6.047
    118.87   999.99   -5.957
    121.92   999.99   -5.862
    124.97   999.99   -5.766
    128.02   999.99   -5.652
    131.06   999.99   -5.506
    134.11   999.99   -5.379
    137.16   999.99   -5.251
    140.21   999.99   -5.149
    143.26   999.99   -5.022
    146.30   999.99   -4.918
    149.35   999.99   -4.801
    152.40   999.99   -4.667
    155.45   999.99   -4.567
    158.50   999.99   -4.443
    161.54   999.99   -4.331
    164.59   999.99   -4.219
    167.64   999.99   -4.105
    170.69   999.99   -3.987
    173.74   999.99   -3.865
    176.78   999.99   -3.770
    179.83   999.99   -3.661
    182.88   999.99   -3.555
    185.93   999.99   -3.455
    188.98   999.99   -3.328
    192.02   999.99   -3.173
    195.07   999.99   -3.030
    198.12   999.99   -2.942
    201.17   999.99   -2.864
    204.22   999.99   -2.782
    207.26   999.99   -2.700
    210.31   999.99   -2.584
    213.36   999.99   -2.411
    216.41   999.99   -2.216
    219.46   999.99   -2.086
    222.50   999.99   -1.981
    225.55   999.99   -1.867
    228.60   999.99   -1.742
    231.65   999.99   -1.588
    234.70   999.99   -1.434
    237.74   999.99   -1.239
    240.79   999.99   -1.027
    243.84   999.99    -.852
    246.89   999.99    -.682
    249.94   999.99    -.515
    252.98   999.99    -.345
    256.03   999.99    -.209
    259.08   999.99    -.079
    262.13   999.99     .039
    265.18   999.99     .213
    268.22   999.99     .340
    271.27   999.99     .397
    274.32   999.99     .621
    277.37   999.99     .770
    280.42   999.99     .899
    283.46   999.99    1.025
    286.51   999.99    1.143
    289.56   999.99    1.268
    292.61   999.99    1.377
    295.66   999.99    1.486
    298.70   999.99    1.602
    301.75   999.99    1.721
    304.80   999.99    1.829
    307.85   999.99    1.945
    310.90   999.99    2.067
    313.94   999.99    2.191
    316.99   999.99    2.320
    320.04   999.99    2.439
    323.09   999.99    2.551
    326.14   999.99    2.678
    329.18   999.99    2.790
    332.23   999.99    2.900
    335.28   999.99    3.014
    338.33   999.99    3.144
    341.38   999.99    3.253
    344.42   999.99    3.385
    347.47   999.99    3.495
    350.52   999.99    3.611
    353.57   999.99    3.729
    356.62   999.99    3.850
    359.66   999.99    3.989
    362.71   999.99    4.096
    365.76   999.99    4.222
    368.81   999.99    4.364
    371.86   999.99    4.473
    374.90   999.99    4.606
    377.95   999.99    4.757
    381.00   999.99    4.883
    384.05   999.99    5.025
    387.10   999.99    5.146
    390.14   999.99    5.281
    393.19   999.99    5.395
    396.24   999.99    5.511
    399.29   999.99    5.656
    402.34   999.99    5.760
    405.38   999.99    5.874
    408.43   999.99    5.992
    411.48   999.99    6.105
    414.53   999.99    6.224
    417.58   999.99    6.331
    420.62   999.99    6.447
    423.67   999.99    6.565
    426.72   999.99    6.685
    429.77   999.99    6.791
    432.82   999.99    6.933
    435.86   999.99    7.061
    438.91   999.99    7.168
    441.96   999.99    7.298
    445.01   999.99    7.432
    448.06   999.99    7.549
    451.10   999.99    7.694
    454.15   999.99    7.820
    457.20   999.99    7.956
    460.25   999.99    8.095
    463.30   999.99    8.217
    466.34   999.99    8.362
    469.39   999.99    8.507
    472.44   999.99    8.649
    475.49   999.99    8.793
    478.54   999.99    8.940
    481.58   999.99    9.073
    484.63   999.99    9.222
    487.68   999.99    9.377
    490.73   999.99    9.500
    493.78   999.99    9.639
    496.83   999.99    9.785
    499.87   999.99    9.926
    502.92   999.99   10.068
    505.97   999.99   10.205
    509.02   999.99   10.338
    512.07   999.99   10.475
    515.11   999.99   10.615
    518.16   999.99   10.751
    521.21   999.99   10.890
    524.26   999.99   11.027
    527.31   999.99   11.156
    530.35   999.99   11.287
    533.40   999.99   11.430
    536.45   999.99   11.569
    539.50   999.99   11.701
    542.55   999.99   11.841
    545.59   999.99   11.978
    548.64   999.99   12.108
    551.69   999.99   12.238
    554.74   999.99   12.362
    557.79   999.99   12.498
    560.83   999.99   12.644
    563.88   999.99   12.808
    566.93   999.99   12.909
    569.98   999.99   13.034
    573.03   999.99   13.148
    576.07   999.99   13.280
    579.12   999.99   13.395
    582.17   999.99   13.516
    585.22   999.99   13.638
    588.27   999.99   13.763
    591.31   999.99   13.910
    594.36   999.99   14.035
    597.41   999.99   14.167
    600.46   999.99   14.319
    603.51   999.99   14.451
    606.55   999.99   14.601
    609.60   999.99   14.770
    612.65   999.99   14.901
    615.70   999.99   15.043
    618.75   999.99   15.205
    621.79   999.99   15.369
    624.84   999.99   15.530
    627.89   999.99   15.697
    630.94   999.99   15.847
    633.99   999.99   16.015
    637.03   999.99   16.159
    640.08   999.99   16.318
    643.13   999.99   16.488
    646.18   999.99   16.640
    649.23   999.99   16.798
    652.27   999.99   16.958
    655.32   999.99   17.105
    658.37   999.99   17.267
    661.42   999.99   17.405
    664.47   999.99   17.569
    667.51   999.99   17.705
    670.56   999.99   17.845
    673.61   999.99   17.988
    676.66   999.99   18.130
    679.71   999.99   18.250
    682.75   999.99   18.369
    685.80   999.99   18.486
    688.85   999.99   18.591
    691.90   999.99   18.693
    694.95   999.99   18.812
    697.99   999.99   18.923
    701.04   999.99   19.047
    704.09   999.99   19.190
    707.14   999.99   19.312
    710.19   999.99   19.461
    713.23   999.99   19.591
    716.28   999.99   19.752
