 << U.S. Geological Survey Borehole Temperature Log - Alaska >>
  
 Site:             WSS1
 Log Date:         87AUG31a
 Type of Log:      continuous  
 Type of Sensor:   thermistor network (custom)
 Measuring Device: digital multimeter
 Deconvolved:      no 
  
  Z   = measured depth (m)
  TVD = true vertical depth (m)
  T   = temperature (C)
  
        Z      TVD       T
     10.36   999.99    1.547
     10.67   999.99     .014
     10.97   999.99   -2.089
     11.28   999.99   -3.729
     11.58   999.99   -4.844
     11.89   999.99   -5.832
     12.19   999.99   -6.507
     12.50   999.99   -6.958
     12.80   999.99   -7.408
     13.11   999.99   -7.832
     13.41   999.99   -8.121
     13.72   999.99   -8.364
     14.02   999.99   -8.563
     14.33   999.99   -8.736
     14.63   999.99   -8.874
     14.94   999.99   -8.928
     15.24   999.99   -8.970
     15.54   999.99   -8.983
     15.85   999.99   -8.989
     16.15   999.99   -8.992
     16.46   999.99   -8.994
     16.76   999.99   -8.997
     17.07   999.99   -8.999
     17.37   999.99   -8.996
     17.68   999.99   -8.994
     17.98   999.99   -8.990
     18.29   999.99   -8.986
     18.59   999.99   -8.982
     18.90   999.99   -8.979
     19.20   999.99   -8.971
     19.51   999.99   -8.966
     19.81   999.99   -8.960
     20.12   999.99   -8.951
     20.42   999.99   -8.944
     20.73   999.99   -8.937
     21.03   999.99   -8.930
     21.34   999.99   -8.925
     21.64   999.99   -8.920
     21.95   999.99   -8.915
     22.25   999.99   -8.911
     22.56   999.99   -8.906
     22.86   999.99   -8.901
     23.16   999.99   -8.897
     23.47   999.99   -8.893
     23.77   999.99   -8.891
     24.08   999.99   -8.889
     24.38   999.99   -8.888
     24.69   999.99   -8.886
     24.99   999.99   -8.878
     25.30   999.99   -8.865
     25.60   999.99   -8.847
     25.91   999.99   -8.829
     26.21   999.99   -8.807
     26.52   999.99   -8.796
     26.82   999.99   -8.794
     27.13   999.99   -8.796
     27.43   999.99   -8.798
     27.74   999.99   -8.799
     28.04   999.99   -8.803
     28.35   999.99   -8.804
     28.65   999.99   -8.806
     28.96   999.99   -8.809
     29.26   999.99   -8.811
     29.57   999.99   -8.813
     29.87   999.99   -8.817
     30.18   999.99   -8.821
     30.48   999.99   -8.824
     30.78   999.99   -8.826
     31.09   999.99   -8.831
     31.39   999.99   -8.833
     31.70   999.99   -8.836
     32.00   999.99   -8.839
     32.31   999.99   -8.844
     32.61   999.99   -8.847
     32.92   999.99   -8.850
     33.22   999.99   -8.852
     33.53   999.99   -8.855
     33.83   999.99   -8.858
     34.14   999.99   -8.861
     34.44   999.99   -8.864
     34.75   999.99   -8.867
     35.05   999.99   -8.871
     35.36   999.99   -8.873
     35.66   999.99   -8.877
     35.97   999.99   -8.879
     36.27   999.99   -8.882
     36.58   999.99   -8.884
     36.88   999.99   -8.887
     37.19   999.99   -8.888
     37.49   999.99   -8.890
     37.80   999.99   -8.892
     38.10   999.99   -8.894
     38.40   999.99   -8.896
     38.71   999.99   -8.898
     39.01   999.99   -8.899
     39.32   999.99   -8.900
     39.62   999.99   -8.902
     39.93   999.99   -8.903
     40.23   999.99   -8.904
     40.54   999.99   -8.906
     40.84   999.99   -8.908
     41.15   999.99   -8.909
     41.45   999.99   -8.910
     41.76   999.99   -8.911
     42.06   999.99   -8.912
     42.37   999.99   -8.913
     42.67   999.99   -8.915
     42.98   999.99   -8.915
     43.28   999.99   -8.917
     43.59   999.99   -8.918
     43.89   999.99   -8.918
     44.20   999.99   -8.919
     44.50   999.99   -8.921
     44.81   999.99   -8.922
     45.11   999.99   -8.923
     45.42   999.99   -8.923
     45.72   999.99   -8.924
     46.02   999.99   -8.925
     46.33   999.99   -8.925
     46.63   999.99   -8.926
     46.94   999.99   -8.927
     47.24   999.99   -8.927
     47.55   999.99   -8.928
     47.85   999.99   -8.928
     48.16   999.99   -8.928
     48.46   999.99   -8.930
     48.77   999.99   -8.930
     49.07   999.99   -8.930
     49.38   999.99   -8.931
     49.68   999.99   -8.933
     49.99   999.99   -8.933
     50.29   999.99   -8.934
     50.60   999.99   -8.934
     50.90   999.99   -8.935
     51.21   999.99   -8.935
     51.51   999.99   -8.935
     51.82   999.99   -8.935
     52.12   999.99   -8.936
     52.43   999.99   -8.936
     52.73   999.99   -8.937
     53.04   999.99   -8.937
     53.34   999.99   -8.937
     53.64   999.99   -8.937
     53.95   999.99   -8.939
     54.25   999.99   -8.938
     54.56   999.99   -8.938
     54.86   999.99   -8.938
     55.17   999.99   -8.938
     55.47   999.99   -8.939
     55.78   999.99   -8.940
     56.08   999.99   -8.939
     56.39   999.99   -8.940
     56.69   999.99   -8.939
     57.00   999.99   -8.937
     57.30   999.99   -8.938
     57.61   999.99   -8.939
     57.91   999.99   -8.940
     58.22   999.99   -8.941
     58.52   999.99   -8.941
     58.83   999.99   -8.942
     59.13   999.99   -8.942
     59.44   999.99   -8.942
     59.74   999.99   -8.942
     60.05   999.99   -8.943
     60.35   999.99   -8.942
     60.66   999.99   -8.943
     60.96   999.99   -8.943
     61.26   999.99   -8.943
     61.57   999.99   -8.943
     61.87   999.99   -8.941
     62.18   999.99   -8.941
     62.48   999.99   -8.941
     62.79   999.99   -8.941
     63.09   999.99   -8.941
     63.40   999.99   -8.941
     63.70   999.99   -8.940
     64.01   999.99   -8.940
     64.31   999.99   -8.941
     64.62   999.99   -8.941
     64.92   999.99   -8.941
     65.23   999.99   -8.940
     65.53   999.99   -8.939
     65.84   999.99   -8.939
     66.14   999.99   -8.939
     66.45   999.99   -8.938
     66.75   999.99   -8.937
     67.06   999.99   -8.937
     67.36   999.99   -8.937
     67.67   999.99   -8.937
     67.97   999.99   -8.936
     68.28   999.99   -8.936
     68.58   999.99   -8.935
     68.88   999.99   -8.935
     69.19   999.99   -8.935
     69.49   999.99   -8.934
     69.80   999.99   -8.933
     70.10   999.99   -8.932
     70.41   999.99   -8.932
     70.71   999.99   -8.931
     71.02   999.99   -8.932
     71.32   999.99   -8.930
     71.63   999.99   -8.928
     71.93   999.99   -8.927
     72.24   999.99   -8.927
     72.54   999.99   -8.925
     72.85   999.99   -8.925
     73.15   999.99   -8.923
     73.46   999.99   -8.923
     73.76   999.99   -8.922
     74.07   999.99   -8.922
     74.37   999.99   -8.921
     74.68   999.99   -8.921
     74.98   999.99   -8.920
     75.29   999.99   -8.920
     75.59   999.99   -8.919
     75.90   999.99   -8.918
     76.20   999.99   -8.917
     76.50   999.99   -8.916
     76.81   999.99   -8.912
     77.11   999.99   -8.912
     77.42   999.99   -8.910
     77.72   999.99   -8.908
     78.03   999.99   -8.909
     78.33   999.99   -8.907
     78.64   999.99   -8.906
     78.94   999.99   -8.907
     79.25   999.99   -8.905
     79.55   999.99   -8.903
     79.86   999.99   -8.902
     80.16   999.99   -8.900
     80.47   999.99   -8.900
     80.77   999.99   -8.898
     81.08   999.99   -8.898
     81.38   999.99   -8.895
     81.69   999.99   -8.891
     81.99   999.99   -8.890
     82.30   999.99   -8.888
     82.60   999.99   -8.887
     82.91   999.99   -8.885
     83.21   999.99   -8.883
     83.52   999.99   -8.881
     83.82   999.99   -8.878
     84.12   999.99   -8.876
     84.43   999.99   -8.876
     84.73   999.99   -8.874
     85.04   999.99   -8.873
     85.34   999.99   -8.873
     85.65   999.99   -8.871
     85.95   999.99   -8.867
     86.26   999.99   -8.865
     86.56   999.99   -8.861
     86.87   999.99   -8.859
     87.17   999.99   -8.858
     87.48   999.99   -8.855
     87.78   999.99   -8.855
     88.09   999.99   -8.855
     88.39   999.99   -8.854
     88.70   999.99   -8.853
     89.00   999.99   -8.849
     89.31   999.99   -8.845
     89.61   999.99   -8.842
     89.92   999.99   -8.840
     90.22   999.99   -8.836
     90.53   999.99   -8.834
     90.83   999.99   -8.831
     91.14   999.99   -8.829
     91.44   999.99   -8.827
     91.74   999.99   -8.824
     92.05   999.99   -8.816
     92.35   999.99   -8.807
     92.66   999.99   -8.800
     92.96   999.99   -8.798
     93.27   999.99   -8.795
     93.57   999.99   -8.794
     93.88   999.99   -8.793
     94.18   999.99   -8.792
     94.49   999.99   -8.790
     94.79   999.99   -8.789
     95.10   999.99   -8.789
     95.40   999.99   -8.788
     95.71   999.99   -8.787
     96.01   999.99   -8.786
     96.32   999.99   -8.787
     96.62   999.99   -8.785
     96.93   999.99   -8.783
     97.23   999.99   -8.776
     97.54   999.99   -8.767
     97.84   999.99   -8.760
     98.15   999.99   -8.754
     98.45   999.99   -8.749
     98.76   999.99   -8.746
     99.06   999.99   -8.743
     99.36   999.99   -8.741
     99.67   999.99   -8.739
     99.97   999.99   -8.737
    100.28   999.99   -8.735
    100.58   999.99   -8.732
    100.89   999.99   -8.726
    101.19   999.99   -8.722
    101.50   999.99   -8.713
    101.80   999.99   -8.705
    102.11   999.99   -8.699
    102.41   999.99   -8.695
    102.72   999.99   -8.691
    103.02   999.99   -8.687
    103.33   999.99   -8.685
    103.63   999.99   -8.683
    103.94   999.99   -8.681
    104.24   999.99   -8.678
    104.55   999.99   -8.677
    104.85   999.99   -8.676
    105.16   999.99   -8.674
    105.46   999.99   -8.672
    105.77   999.99   -8.670
    106.07   999.99   -8.668
    106.38   999.99   -8.665
    106.68   999.99   -8.663
    106.99   999.99   -8.660
    107.29   999.99   -8.658
    107.59   999.99   -8.656
    107.90   999.99   -8.655
    108.20   999.99   -8.651
    108.51   999.99   -8.638
    108.81   999.99   -8.627
    109.12   999.99   -8.620
    109.42   999.99   -8.616
    109.73   999.99   -8.612
    110.03   999.99   -8.609
    110.34   999.99   -8.606
    110.64   999.99   -8.605
    110.95   999.99   -8.604
    111.25   999.99   -8.601
    111.56   999.99   -8.599
    111.86   999.99   -8.597
    112.17   999.99   -8.595
    112.47   999.99   -8.593
    112.78   999.99   -8.592
    113.08   999.99   -8.590
    113.39   999.99   -8.590
    113.69   999.99   -8.588
    114.00   999.99   -8.587
    114.30   999.99   -8.586
    114.61   999.99   -8.586
    114.91   999.99   -8.585
    115.21   999.99   -8.583
    115.52   999.99   -8.576
    115.82   999.99   -8.567
    116.13   999.99   -8.551
    116.43   999.99   -8.543
    116.74   999.99   -8.535
    117.04   999.99   -8.531
    117.35   999.99   -8.530
    117.65   999.99   -8.527
    117.96   999.99   -8.525
    118.26   999.99   -8.523
    118.57   999.99   -8.522
    118.87   999.99   -8.520
    119.18   999.99   -8.520
    119.48   999.99   -8.519
    119.79   999.99   -8.516
    120.09   999.99   -8.506
    120.40   999.99   -8.495
    120.70   999.99   -8.486
    121.01   999.99   -8.482
    121.31   999.99   -8.479
    121.62   999.99   -8.475
    121.92   999.99   -8.473
    122.22   999.99   -8.470
    122.53   999.99   -8.469
    122.83   999.99   -8.468
    123.14   999.99   -8.467
    123.44   999.99   -8.465
    123.75   999.99   -8.459
    124.05   999.99   -8.446
    124.36   999.99   -8.435
    124.66   999.99   -8.427
    124.97   999.99   -8.422
    125.27   999.99   -8.418
    125.58   999.99   -8.414
    125.88   999.99   -8.411
    126.19   999.99   -8.408
    126.49   999.99   -8.404
    126.80   999.99   -8.403
    127.10   999.99   -8.400
    127.41   999.99   -8.398
    127.71   999.99   -8.394
    128.02   999.99   -8.391
    128.32   999.99   -8.387
    128.63   999.99   -8.384
    128.93   999.99   -8.382
    129.24   999.99   -8.379
    129.54   999.99   -8.377
    129.85   999.99   -8.374
    130.15   999.99   -8.372
    130.45   999.99   -8.370
    130.76   999.99   -8.366
    131.06   999.99   -8.363
    131.37   999.99   -8.359
    131.67   999.99   -8.357
    131.98   999.99   -8.355
    132.28   999.99   -8.352
    132.59   999.99   -8.350
    132.89   999.99   -8.347
    133.20   999.99   -8.345
    133.50   999.99   -8.343
    133.81   999.99   -8.341
    134.11   999.99   -8.337
    134.42   999.99   -8.333
    134.72   999.99   -8.331
    135.03   999.99   -8.328
    135.33   999.99   -8.324
    135.64   999.99   -8.321
    135.94   999.99   -8.316
    136.25   999.99   -8.312
    136.55   999.99   -8.310
    136.86   999.99   -8.308
    137.16   999.99   -8.305
    137.47   999.99   -8.301
    137.77   999.99   -8.297
    138.07   999.99   -8.294
    138.38   999.99   -8.291
    138.68   999.99   -8.288
    138.99   999.99   -8.285
    139.29   999.99   -8.281
    139.60   999.99   -8.279
    139.90   999.99   -8.277
    140.21   999.99   -8.274
    140.51   999.99   -8.271
    140.82   999.99   -8.269
    141.12   999.99   -8.266
    141.43   999.99   -8.264
    141.73   999.99   -8.262
    142.04   999.99   -8.261
    142.34   999.99   -8.258
    142.65   999.99   -8.257
    142.95   999.99   -8.257
    143.26   999.99   -8.256
    143.56   999.99   -8.256
    143.87   999.99   -8.255
    144.17   999.99   -8.250
    144.48   999.99   -8.239
    144.78   999.99   -8.228
    145.09   999.99   -8.216
    145.39   999.99   -8.212
    145.69   999.99   -8.209
    146.00   999.99   -8.207
    146.30   999.99   -8.205
    146.61   999.99   -8.204
    146.91   999.99   -8.203
    147.22   999.99   -8.202
    147.52   999.99   -8.201
    147.83   999.99   -8.200
    148.13   999.99   -8.200
    148.44   999.99   -8.199
    148.74   999.99   -8.198
    149.05   999.99   -8.197
    149.35   999.99   -8.197
    149.66   999.99   -8.196
    149.96   999.99   -8.196
    150.27   999.99   -8.195
    150.57   999.99   -8.195
    150.88   999.99   -8.194
    151.18   999.99   -8.194
    143.26   999.99   -8.239
    143.56   999.99   -8.242
    143.87   999.99   -8.244
    144.17   999.99   -8.244
    144.48   999.99   -8.241
    144.78   999.99   -8.234
    145.09   999.99   -8.214
    145.39   999.99   -8.197
    145.69   999.99   -8.186
    146.00   999.99   -8.178
    146.30   999.99   -8.172
    146.61   999.99   -8.170
    146.91   999.99   -8.167
    147.22   999.99   -8.166
    147.52   999.99   -8.164
    147.83   999.99   -8.162
    148.13   999.99   -8.161
    148.44   999.99   -8.159
    148.74   999.99   -8.158
    149.05   999.99   -8.157
    149.35   999.99   -8.155
    149.66   999.99   -8.154
    149.96   999.99   -8.153
    150.27   999.99   -8.152
    150.57   999.99   -8.151
    150.88   999.99   -8.150
    151.18   999.99   -8.146
    151.49   999.99   -8.139
    151.79   999.99   -8.127
    152.10   999.99   -8.111
    152.40   999.99   -8.104
    152.71   999.99   -8.099
    153.01   999.99   -8.095
    153.31   999.99   -8.093
    153.62   999.99   -8.091
    153.92   999.99   -8.089
    154.23   999.99   -8.087
    154.53   999.99   -8.086
    154.84   999.99   -8.084
    155.14   999.99   -8.083
    155.45   999.99   -8.081
    155.75   999.99   -8.063
    156.06   999.99   -8.041
    156.36   999.99   -8.029
    156.67   999.99   -8.021
    156.97   999.99   -8.017
    157.28   999.99   -8.014
    157.58   999.99   -8.011
    157.89   999.99   -8.010
    158.19   999.99   -8.008
    158.50   999.99   -8.006
    158.80   999.99   -8.003
    159.11   999.99   -8.001
    159.41   999.99   -7.999
    159.72   999.99   -7.995
    160.02   999.99   -7.992
    160.33   999.99   -7.990
    160.63   999.99   -7.987
    160.93   999.99   -7.985
    161.24   999.99   -7.981
    161.54   999.99   -7.978
    161.85   999.99   -7.973
    162.15   999.99   -7.970
    162.46   999.99   -7.966
    162.76   999.99   -7.962
    163.07   999.99   -7.959
    163.37   999.99   -7.956
    163.68   999.99   -7.952
    163.98   999.99   -7.949
    164.29   999.99   -7.944
    164.59   999.99   -7.941
    164.90   999.99   -7.937
    165.20   999.99   -7.933
    165.51   999.99   -7.928
    165.81   999.99   -7.923
    166.12   999.99   -7.919
    166.42   999.99   -7.916
    166.73   999.99   -7.911
    167.03   999.99   -7.907
    167.34   999.99   -7.904
    167.64   999.99   -7.902
    167.95   999.99   -7.898
    168.25   999.99   -7.895
    168.55   999.99   -7.892
    168.86   999.99   -7.889
    169.16   999.99   -7.885
    169.47   999.99   -7.881
    169.77   999.99   -7.877
    170.08   999.99   -7.873
    170.38   999.99   -7.868
    170.69   999.99   -7.864
    170.99   999.99   -7.860
    171.30   999.99   -7.857
    171.60   999.99   -7.856
    171.91   999.99   -7.852
    172.21   999.99   -7.847
    172.52   999.99   -7.844
    172.82   999.99   -7.842
    173.13   999.99   -7.838
    173.43   999.99   -7.835
    173.74   999.99   -7.834
    174.04   999.99   -7.832
    174.35   999.99   -7.832
    174.65   999.99   -7.829
    174.96   999.99   -7.825
    175.26   999.99   -7.811
    175.57   999.99   -7.786
    175.87   999.99   -7.767
    176.17   999.99   -7.747
    176.48   999.99   -7.736
    176.78   999.99   -7.724
    177.09   999.99   -7.708
    177.39   999.99   -7.695
    177.70   999.99   -7.683
    178.00   999.99   -7.674
    178.31   999.99   -7.668
    178.61   999.99   -7.664
    178.92   999.99   -7.659
    179.22   999.99   -7.656
    179.53   999.99   -7.652
    179.83   999.99   -7.649
    180.14   999.99   -7.645
    180.44   999.99   -7.642
    180.75   999.99   -7.639
    181.05   999.99   -7.635
    181.36   999.99   -7.632
    181.66   999.99   -7.628
    181.97   999.99   -7.623
    182.27   999.99   -7.620
    182.58   999.99   -7.617
    182.88   999.99   -7.613
    183.19   999.99   -7.609
    183.49   999.99   -7.605
    183.79   999.99   -7.602
    184.10   999.99   -7.599
    184.40   999.99   -7.598
    184.71   999.99   -7.596
    185.01   999.99   -7.595
    185.32   999.99   -7.594
    185.62   999.99   -7.594
    185.93   999.99   -7.586
    186.23   999.99   -7.567
    186.54   999.99   -7.547
    186.84   999.99   -7.516
    187.15   999.99   -7.499
    187.45   999.99   -7.487
    187.76   999.99   -7.477
    188.06   999.99   -7.472
    188.37   999.99   -7.467
    188.67   999.99   -7.463
    188.98   999.99   -7.459
    189.28   999.99   -7.455
    189.59   999.99   -7.452
    189.89   999.99   -7.448
    190.20   999.99   -7.445
    190.50   999.99   -7.442
    190.81   999.99   -7.439
    191.11   999.99   -7.435
    191.41   999.99   -7.430
    191.72   999.99   -7.425
    192.02   999.99   -7.420
    192.33   999.99   -7.415
    192.63   999.99   -7.412
    192.94   999.99   -7.409
    193.24   999.99   -7.406
    193.55   999.99   -7.403
    193.85   999.99   -7.400
    194.16   999.99   -7.395
    194.46   999.99   -7.392
    194.77   999.99   -7.390
    195.07   999.99   -7.388
    195.38   999.99   -7.385
    195.68   999.99   -7.383
    195.99   999.99   -7.379
    196.29   999.99   -7.377
    196.60   999.99   -7.374
    196.90   999.99   -7.371
    197.21   999.99   -7.369
    197.51   999.99   -7.368
    197.82   999.99   -7.359
    198.12   999.99   -7.339
    198.43   999.99   -7.320
    198.73   999.99   -7.299
    199.03   999.99   -7.286
    199.34   999.99   -7.277
    199.64   999.99   -7.270
    199.95   999.99   -7.264
    200.25   999.99   -7.252
    200.56   999.99   -7.236
    200.86   999.99   -7.225
    201.17   999.99   -7.215
    201.47   999.99   -7.209
    201.78   999.99   -7.204
    202.08   999.99   -7.199
    202.39   999.99   -7.196
    202.69   999.99   -7.192
    203.00   999.99   -7.190
    203.30   999.99   -7.183
    203.61   999.99   -7.162
    203.91   999.99   -7.146
    204.22   999.99   -7.134
    204.52   999.99   -7.126
    204.83   999.99   -7.119
    205.13   999.99   -7.113
    205.44   999.99   -7.108
    205.74   999.99   -7.102
    206.05   999.99   -7.097
    206.35   999.99   -7.093
    206.65   999.99   -7.087
    206.96   999.99   -7.083
    207.26   999.99   -7.078
    207.57   999.99   -7.072
    207.87   999.99   -7.068
    208.18   999.99   -7.063
    208.48   999.99   -7.059
    208.79   999.99   -7.055
    209.09   999.99   -7.051
    209.40   999.99   -7.046
    209.70   999.99   -7.040
    210.01   999.99   -7.037
    210.31   999.99   -7.032
    210.62   999.99   -7.026
    210.92   999.99   -7.021
    211.23   999.99   -7.014
    211.53   999.99   -7.011
    211.84   999.99   -7.007
    212.14   999.99   -7.004
    212.45   999.99   -7.000
    212.75   999.99   -6.997
    213.06   999.99   -6.995
    213.36   999.99   -6.992
    213.67   999.99   -6.990
    213.97   999.99   -6.989
    214.27   999.99   -6.984
    214.58   999.99   -6.964
    214.88   999.99   -6.938
    215.19   999.99   -6.897
    215.49   999.99   -6.871
    215.80   999.99   -6.853
    216.10   999.99   -6.840
    216.41   999.99   -6.832
    216.71   999.99   -6.829
    217.02   999.99   -6.826
    217.32   999.99   -6.822
    217.63   999.99   -6.819
    217.93   999.99   -6.817
    218.24   999.99   -6.814
    218.54   999.99   -6.810
    218.85   999.99   -6.807
    219.15   999.99   -6.804
    219.46   999.99   -6.801
    219.76   999.99   -6.798
    220.07   999.99   -6.796
    220.37   999.99   -6.794
    220.68   999.99   -6.791
    220.98   999.99   -6.788
    221.29   999.99   -6.786
    221.59   999.99   -6.785
    221.89   999.99   -6.783
    222.20   999.99   -6.782
    222.50   999.99   -6.781
    222.81   999.99   -6.766
    223.11   999.99   -6.743
    223.42   999.99   -6.731
    223.72   999.99   -6.724
    224.03   999.99   -6.718
    224.33   999.99   -6.713
    224.64   999.99   -6.710
    224.94   999.99   -6.707
    225.25   999.99   -6.706
    225.55   999.99   -6.704
    225.86   999.99   -6.702
    226.16   999.99   -6.694
    226.47   999.99   -6.672
    226.77   999.99   -6.657
    227.08   999.99   -6.640
    227.38   999.99   -6.628
    227.69   999.99   -6.620
    227.99   999.99   -6.617
    228.30   999.99   -6.614
    228.60   999.99   -6.613
    228.91   999.99   -6.611
    229.21   999.99   -6.609
    229.51   999.99   -6.608
    229.82   999.99   -6.606
    230.12   999.99   -6.603
    230.43   999.99   -6.601
    230.73   999.99   -6.599
    231.04   999.99   -6.596
    231.34   999.99   -6.595
    231.65   999.99   -6.594
    231.95   999.99   -6.593
    232.26   999.99   -6.593
    232.56   999.99   -6.590
    232.87   999.99   -6.575
    233.17   999.99   -6.556
    233.48   999.99   -6.538
    233.78   999.99   -6.528
    234.09   999.99   -6.521
    234.39   999.99   -6.516
    234.70   999.99   -6.506
    235.00   999.99   -6.491
    235.31   999.99   -6.477
    235.61   999.99   -6.467
    235.92   999.99   -6.460
    236.22   999.99   -6.453
    236.53   999.99   -6.448
    236.83   999.99   -6.444
    237.13   999.99   -6.440
    237.44   999.99   -6.437
    237.74   999.99   -6.434
    238.05   999.99   -6.432
    238.35   999.99   -6.430
    238.66   999.99   -6.427
    238.96   999.99   -6.423
    239.27   999.99   -6.421
    239.57   999.99   -6.417
    239.88   999.99   -6.413
    240.18   999.99   -6.411
    240.49   999.99   -6.408
    240.79   999.99   -6.404
    241.10   999.99   -6.403
    241.40   999.99   -6.399
    241.71   999.99   -6.398
    242.01   999.99   -6.396
    242.32   999.99   -6.395
    242.62   999.99   -6.393
    242.93   999.99   -6.391
    243.23   999.99   -6.381
    243.54   999.99   -6.361
    243.84   999.99   -6.343
    244.15   999.99   -6.332
    244.45   999.99   -6.327
    244.75   999.99   -6.317
    245.06   999.99   -6.306
    245.36   999.99   -6.299
    245.67   999.99   -6.288
    245.97   999.99   -6.275
    246.28   999.99   -6.269
    246.58   999.99   -6.263
    246.89   999.99   -6.259
    247.19   999.99   -6.254
    247.50   999.99   -6.251
    247.80   999.99   -6.246
    248.11   999.99   -6.242
    248.41   999.99   -6.237
    248.72   999.99   -6.233
    249.02   999.99   -6.228
    249.33   999.99   -6.223
    249.63   999.99   -6.218
    249.94   999.99   -6.214
    250.24   999.99   -6.211
    250.55   999.99   -6.206
    250.85   999.99   -6.201
    251.16   999.99   -6.197
    251.46   999.99   -6.193
    251.77   999.99   -6.189
    252.07   999.99   -6.185
    252.37   999.99   -6.182
    252.68   999.99   -6.178
    252.98   999.99   -6.173
    253.29   999.99   -6.171
    253.59   999.99   -6.168
    253.90   999.99   -6.165
    254.20   999.99   -6.161
    254.51   999.99   -6.158
    254.81   999.99   -6.156
    255.12   999.99   -6.154
    255.42   999.99   -6.152
    255.73   999.99   -6.150
    256.03   999.99   -6.150
    256.34   999.99   -6.148
    256.64   999.99   -6.148
    256.95   999.99   -6.146
    257.25   999.99   -6.143
    257.56   999.99   -6.122
    257.86   999.99   -6.094
    258.17   999.99   -6.080
    258.47   999.99   -6.070
    258.78   999.99   -6.064
    259.08   999.99   -6.058
    259.39   999.99   -6.051
    259.69   999.99   -6.046
    259.99   999.99   -6.043
    260.30   999.99   -6.038
    260.60   999.99   -6.034
    260.91   999.99   -6.029
    261.21   999.99   -6.025
    261.52   999.99   -6.020
    261.82   999.99   -6.014
    262.13   999.99   -6.011
    262.43   999.99   -6.006
    262.74   999.99   -6.003
    263.04   999.99   -5.998
    263.35   999.99   -5.994
    263.65   999.99   -5.990
    263.96   999.99   -5.986
    264.26   999.99   -5.983
    264.57   999.99   -5.977
    264.87   999.99   -5.974
    265.18   999.99   -5.971
    265.48   999.99   -5.967
    265.79   999.99   -5.965
    266.09   999.99   -5.963
    266.40   999.99   -5.961
    266.70   999.99   -5.960
    267.01   999.99   -5.958
    267.31   999.99   -5.957
    267.61   999.99   -5.956
    267.92   999.99   -5.954
    268.22   999.99   -5.942
    268.53   999.99   -5.917
    268.83   999.99   -5.896
    269.14   999.99   -5.883
    269.44   999.99   -5.873
    269.75   999.99   -5.869
    270.05   999.99   -5.863
    270.36   999.99   -5.859
    270.66   999.99   -5.854
    270.97   999.99   -5.850
    271.27   999.99   -5.847
    271.58   999.99   -5.843
    271.88   999.99   -5.836
    272.19   999.99   -5.822
    272.49   999.99   -5.808
    272.80   999.99   -5.795
    273.10   999.99   -5.786
    273.41   999.99   -5.778
    273.71   999.99   -5.773
    274.02   999.99   -5.769
    274.32   999.99   -5.764
    274.63   999.99   -5.760
    274.93   999.99   -5.754
    275.23   999.99   -5.750
    275.54   999.99   -5.745
    275.84   999.99   -5.741
    276.15   999.99   -5.737
    276.45   999.99   -5.734
    276.76   999.99   -5.729
    277.06   999.99   -5.725
    277.37   999.99   -5.720
    277.67   999.99   -5.717
    277.98   999.99   -5.712
    278.28   999.99   -5.707
    278.59   999.99   -5.702
    278.89   999.99   -5.698
    279.20   999.99   -5.692
    279.50   999.99   -5.686
    279.81   999.99   -5.681
    280.11   999.99   -5.678
    280.42   999.99   -5.675
    280.72   999.99   -5.672
    281.03   999.99   -5.668
    281.33   999.99   -5.662
    281.64   999.99   -5.658
    281.94   999.99   -5.654
    282.25   999.99   -5.649
    282.55   999.99   -5.644
    282.86   999.99   -5.640
    283.16   999.99   -5.635
    283.46   999.99   -5.632
    283.77   999.99   -5.628
    284.07   999.99   -5.624
    284.38   999.99   -5.624
    284.68   999.99   -5.622
    284.99   999.99   -5.620
    285.29   999.99   -5.608
    285.60   999.99   -5.583
    285.90   999.99   -5.541
    286.21   999.99   -5.502
    286.51   999.99   -5.473
    286.82   999.99   -5.456
    287.12   999.99   -5.447
    287.43   999.99   -5.436
    287.73   999.99   -5.428
    288.04   999.99   -5.423
    288.34   999.99   -5.419
    288.65   999.99   -5.416
    288.95   999.99   -5.413
    289.26   999.99   -5.409
    289.56   999.99   -5.406
    289.87   999.99   -5.401
    290.17   999.99   -5.397
    290.48   999.99   -5.395
    290.78   999.99   -5.392
    291.08   999.99   -5.390
    291.39   999.99   -5.389
    291.69   999.99   -5.385
    292.00   999.99   -5.368
    292.30   999.99   -5.326
    292.61   999.99   -5.284
    292.91   999.99   -5.255
    293.22   999.99   -5.236
    293.52   999.99   -5.221
    293.83   999.99   -5.213
    294.13   999.99   -5.207
    294.44   999.99   -5.200
    294.74   999.99   -5.196
    295.05   999.99   -5.192
    295.35   999.99   -5.186
    295.66   999.99   -5.181
    295.96   999.99   -5.174
    296.27   999.99   -5.170
    296.57   999.99   -5.165
    296.88   999.99   -5.159
    297.18   999.99   -5.154
    297.49   999.99   -5.147
    297.79   999.99   -5.139
    298.10   999.99   -5.132
    298.40   999.99   -5.125
    298.70   999.99   -5.120
    299.01   999.99   -5.114
    299.31   999.99   -5.106
    299.62   999.99   -5.099
    299.92   999.99   -5.092
    300.23   999.99   -5.087
    300.53   999.99   -5.081
    300.84   999.99   -5.074
    301.14   999.99   -5.065
    301.45   999.99   -5.058
    301.75   999.99   -5.051
    302.06   999.99   -5.044
    302.36   999.99   -5.035
    302.67   999.99   -5.029
    302.97   999.99   -5.022
    303.28   999.99   -5.013
    303.58   999.99   -5.006
    303.89   999.99   -5.000
    304.19   999.99   -4.991
    304.50   999.99   -4.984
    304.80   999.99   -4.978
    305.11   999.99   -4.971
    305.41   999.99   -4.966
    305.71   999.99   -4.960
    306.02   999.99   -4.954
    306.32   999.99   -4.948
    306.63   999.99   -4.942
    306.93   999.99   -4.936
    307.24   999.99   -4.933
    307.54   999.99   -4.928
    307.85   999.99   -4.925
    308.15   999.99   -4.922
    308.46   999.99   -4.920
    308.76   999.99   -4.919
    309.07   999.99   -4.916
    309.37   999.99   -4.901
    309.68   999.99   -4.877
    309.98   999.99   -4.798
    310.29   999.99   -4.753
    310.59   999.99   -4.722
    310.90   999.99   -4.701
    311.20   999.99   -4.686
    311.51   999.99   -4.671
    311.81   999.99   -4.662
    312.12   999.99   -4.655
    312.42   999.99   -4.649
    312.73   999.99   -4.645
    313.03   999.99   -4.642
    313.33   999.99   -4.636
    313.64   999.99   -4.631
    313.94   999.99   -4.625
    314.25   999.99   -4.623
    314.55   999.99   -4.618
    314.86   999.99   -4.613
    315.16   999.99   -4.609
    315.47   999.99   -4.602
    315.77   999.99   -4.597
    316.08   999.99   -4.591
    316.38   999.99   -4.584
    316.69   999.99   -4.577
    316.99   999.99   -4.572
    317.30   999.99   -4.567
    317.60   999.99   -4.563
    317.91   999.99   -4.557
    318.21   999.99   -4.550
    318.52   999.99   -4.544
    318.82   999.99   -4.538
    319.13   999.99   -4.533
    319.43   999.99   -4.527
    319.74   999.99   -4.520
    320.04   999.99   -4.513
    320.35   999.99   -4.509
    320.65   999.99   -4.503
    320.95   999.99   -4.497
    321.26   999.99   -4.492
    321.56   999.99   -4.487
    321.87   999.99   -4.484
    322.17   999.99   -4.480
    322.48   999.99   -4.475
    322.78   999.99   -4.472
    323.09   999.99   -4.470
    323.39   999.99   -4.450
    323.70   999.99   -4.391
    324.00   999.99   -4.360
    324.31   999.99   -4.342
    324.61   999.99   -4.328
    324.92   999.99   -4.320
    325.22   999.99   -4.313
    325.53   999.99   -4.307
    325.83   999.99   -4.301
    326.14   999.99   -4.296
    326.44   999.99   -4.290
    326.75   999.99   -4.285
    327.05   999.99   -4.279
    327.36   999.99   -4.275
    327.66   999.99   -4.270
    327.97   999.99   -4.265
    328.27   999.99   -4.261
    328.58   999.99   -4.255
    328.88   999.99   -4.251
    329.18   999.99   -4.245
    329.49   999.99   -4.241
    329.79   999.99   -4.234
    330.10   999.99   -4.229
    330.40   999.99   -4.224
    330.71   999.99   -4.219
    331.01   999.99   -4.214
    331.32   999.99   -4.210
    331.62   999.99   -4.206
    331.93   999.99   -4.202
    332.23   999.99   -4.198
    332.54   999.99   -4.194
    332.84   999.99   -4.190
    333.15   999.99   -4.187
    333.45   999.99   -4.185
    333.76   999.99   -4.184
    334.06   999.99   -4.182
    334.37   999.99   -4.180
    334.67   999.99   -4.179
    334.98   999.99   -4.177
    335.28   999.99   -4.177
    335.59   999.99   -4.176
    335.89   999.99   -4.166
    336.20   999.99   -4.139
    336.50   999.99   -4.117
    336.80   999.99   -4.106
    337.11   999.99   -4.101
    337.41   999.99   -4.097
    337.72   999.99   -4.095
    338.02   999.99   -4.093
    338.33   999.99   -4.092
    338.63   999.99   -4.091
    338.94   999.99   -4.083
    339.24   999.99   -4.067
    339.55   999.99   -4.057
    339.85   999.99   -4.050
    340.16   999.99   -4.044
    340.46   999.99   -4.039
    340.77   999.99   -4.035
    341.07   999.99   -4.032
    341.38   999.99   -4.029
    341.68   999.99   -4.027
    341.99   999.99   -4.026
    342.29   999.99   -4.024
    342.60   999.99   -4.022
    342.90   999.99   -4.020
    343.21   999.99   -4.018
    343.51   999.99   -4.016
    343.82   999.99   -4.013
    344.12   999.99   -4.011
    344.42   999.99   -4.009
    344.73   999.99   -4.007
    345.03   999.99   -4.004
    345.34   999.99   -4.002
    345.64   999.99   -4.001
    345.95   999.99   -3.998
    346.25   999.99   -3.996
    346.56   999.99   -3.995
    346.86   999.99   -3.994
    347.17   999.99   -3.993
    347.47   999.99   -3.993
    347.78   999.99   -3.991
    348.08   999.99   -3.986
    348.39   999.99   -3.974
    348.69   999.99   -3.949
    349.00   999.99   -3.929
    349.30   999.99   -3.919
    349.61   999.99   -3.912
    349.91   999.99   -3.906
    350.22   999.99   -3.902
    350.52   999.99   -3.899
    350.83   999.99   -3.895
    351.13   999.99   -3.892
    351.44   999.99   -3.891
    351.74   999.99   -3.887
    352.04   999.99   -3.887
    352.35   999.99   -3.885
    352.65   999.99   -3.884
    352.96   999.99   -3.882
    353.26   999.99   -3.881
    353.57   999.99   -3.877
    353.87   999.99   -3.868
    354.18   999.99   -3.849
    354.48   999.99   -3.840
    354.79   999.99   -3.835
    355.09   999.99   -3.828
    355.40   999.99   -3.824
    355.70   999.99   -3.815
    356.01   999.99   -3.801
    356.31   999.99   -3.791
    356.62   999.99   -3.784
    356.92   999.99   -3.778
    357.23   999.99   -3.774
    357.53   999.99   -3.771
    357.84   999.99   -3.769
    358.14   999.99   -3.767
    358.45   999.99   -3.766
    358.75   999.99   -3.764
    359.06   999.99   -3.764
    359.36   999.99   -3.762
    359.66   999.99   -3.760
    359.97   999.99   -3.758
    360.27   999.99   -3.755
    360.58   999.99   -3.753
    360.88   999.99   -3.751
    361.19   999.99   -3.746
    361.49   999.99   -3.743
    361.80   999.99   -3.738
    362.10   999.99   -3.736
    362.41   999.99   -3.732
    362.71   999.99   -3.728
    363.02   999.99   -3.726
    363.32   999.99   -3.723
    363.63   999.99   -3.719
    363.93   999.99   -3.717
    364.24   999.99   -3.715
    364.54   999.99   -3.712
    364.85   999.99   -3.708
    365.15   999.99   -3.704
    365.46   999.99   -3.700
    365.76   999.99   -3.699
    366.07   999.99   -3.696
    366.37   999.99   -3.693
    366.68   999.99   -3.690
    366.98   999.99   -3.685
    367.28   999.99   -3.680
    367.59   999.99   -3.673
    367.89   999.99   -3.668
    368.20   999.99   -3.664
    368.50   999.99   -3.658
    368.81   999.99   -3.651
    369.11   999.99   -3.646
    369.42   999.99   -3.642
    369.72   999.99   -3.638
    370.03   999.99   -3.634
    370.33   999.99   -3.629
    370.64   999.99   -3.627
    370.94   999.99   -3.624
    371.25   999.99   -3.622
    371.55   999.99   -3.620
    371.86   999.99   -3.619
    372.16   999.99   -3.617
    372.47   999.99   -3.615
    372.77   999.99   -3.610
    373.08   999.99   -3.592
    373.38   999.99   -3.575
    373.69   999.99   -3.552
    374.60   999.99   -3.470
    374.90   999.99   -3.471
    375.21   999.99   -3.469
    375.51   999.99   -3.468
    375.82   999.99   -3.465
    376.12   999.99   -3.464
    376.43   999.99   -3.462
    376.73   999.99   -3.459
    377.04   999.99   -3.458
    377.34   999.99   -3.456
    377.65   999.99   -3.452
    377.95   999.99   -3.449
    378.26   999.99   -3.445
    378.56   999.99   -3.442
    378.87   999.99   -3.439
    379.17   999.99   -3.436
    379.48   999.99   -3.433
    379.78   999.99   -3.428
    380.09   999.99   -3.423
    380.39   999.99   -3.418
    380.70   999.99   -3.415
    381.00   999.99   -3.411
    381.31   999.99   -3.409
    381.61   999.99   -3.405
    381.92   999.99   -3.403
    382.22   999.99   -3.401
    382.52   999.99   -3.398
    382.83   999.99   -3.396
    383.13   999.99   -3.393
    383.44   999.99   -3.390
    383.74   999.99   -3.387
    384.05   999.99   -3.386
    384.35   999.99   -3.383
    384.66   999.99   -3.382
    384.96   999.99   -3.379
    385.27   999.99   -3.377
    385.57   999.99   -3.370
    385.88   999.99   -3.356
    386.18   999.99   -3.322
    386.49   999.99   -3.283
    386.79   999.99   -3.256
    387.10   999.99   -3.245
    387.40   999.99   -3.236
    387.71   999.99   -3.230
    388.01   999.99   -3.226
    388.32   999.99   -3.223
    388.62   999.99   -3.220
    388.93   999.99   -3.218
    389.23   999.99   -3.215
    389.54   999.99   -3.212
    389.84   999.99   -3.209
    390.14   999.99   -3.206
    390.45   999.99   -3.203
    390.75   999.99   -3.200
    391.06   999.99   -3.197
    391.36   999.99   -3.194
    391.67   999.99   -3.191
    391.97   999.99   -3.186
    392.28   999.99   -3.182
    392.58   999.99   -3.178
    392.89   999.99   -3.174
    393.19   999.99   -3.172
    393.50   999.99   -3.168
    393.80   999.99   -3.167
    394.11   999.99   -3.163
    394.41   999.99   -3.161
    394.72   999.99   -3.158
    395.02   999.99   -3.155
    395.33   999.99   -3.153
    395.63   999.99   -3.150
    395.94   999.99   -3.150
    396.24   999.99   -3.148
    396.55   999.99   -3.146
    396.85   999.99   -3.145
    397.16   999.99   -3.134
    397.46   999.99   -3.122
    397.76   999.99   -3.105
    398.07   999.99   -3.078
    398.37   999.99   -3.057
    398.68   999.99   -3.046
    398.98   999.99   -3.037
    399.29   999.99   -3.031
    399.59   999.99   -3.028
    399.90   999.99   -3.024
    400.20   999.99   -3.020
    400.51   999.99   -3.018
    400.81   999.99   -3.015
    401.12   999.99   -3.014
    401.42   999.99   -3.012
    401.73   999.99   -3.009
    402.03   999.99   -3.003
    402.34   999.99   -2.995
    402.64   999.99   -2.985
    402.95   999.99   -2.978
    403.25   999.99   -2.972
    403.56   999.99   -2.966
    403.86   999.99   -2.959
    404.17   999.99   -2.952
    404.47   999.99   -2.947
    404.78   999.99   -2.941
    405.08   999.99   -2.937
    405.38   999.99   -2.929
    405.69   999.99   -2.925
    405.99   999.99   -2.921
    406.30   999.99   -2.916
    406.60   999.99   -2.910
    406.91   999.99   -2.904
    407.21   999.99   -2.900
    407.52   999.99   -2.892
    407.82   999.99   -2.886
    408.13   999.99   -2.879
    408.43   999.99   -2.873
    408.74   999.99   -2.869
    409.04   999.99   -2.866
    409.35   999.99   -2.862
    409.65   999.99   -2.858
    409.96   999.99   -2.855
    410.26   999.99   -2.853
    410.57   999.99   -2.850
    410.87   999.99   -2.838
    411.18   999.99   -2.830
    411.48   999.99   -2.822
    411.79   999.99   -2.813
    412.09   999.99   -2.807
    412.40   999.99   -2.800
    412.70   999.99   -2.793
    413.00   999.99   -2.787
    413.31   999.99   -2.780
    413.61   999.99   -2.774
    413.92   999.99   -2.767
    414.22   999.99   -2.761
    414.53   999.99   -2.755
    414.83   999.99   -2.748
    415.14   999.99   -2.743
    415.44   999.99   -2.735
    415.75   999.99   -2.723
    416.05   999.99   -2.715
    416.36   999.99   -2.707
    416.66   999.99   -2.701
    416.97   999.99   -2.696
    417.27   999.99   -2.691
    417.58   999.99   -2.687
    417.88   999.99   -2.682
    418.19   999.99   -2.678
    418.49   999.99   -2.674
    418.80   999.99   -2.671
    419.10   999.99   -2.669
    419.41   999.99   -2.667
    419.71   999.99   -2.666
    420.02   999.99   -2.663
    420.32   999.99   -2.654
    420.62   999.99   -2.640
    420.93   999.99   -2.630
    421.23   999.99   -2.620
    421.54   999.99   -2.613
    421.84   999.99   -2.606
    422.15   999.99   -2.600
    422.45   999.99   -2.595
    422.76   999.99   -2.590
    423.06   999.99   -2.584
    423.37   999.99   -2.560
    423.67   999.99   -2.543
    423.98   999.99   -2.533
    424.28   999.99   -2.526
    424.59   999.99   -2.520
    424.89   999.99   -2.518
    425.20   999.99   -2.515
    425.50   999.99   -2.512
    425.81   999.99   -2.510
    426.11   999.99   -2.508
    426.42   999.99   -2.507
    426.72   999.99   -2.505
    427.03   999.99   -2.503
    427.33   999.99   -2.494
    427.64   999.99   -2.481
    427.94   999.99   -2.464
    428.24   999.99   -2.455
    428.55   999.99   -2.445
    428.85   999.99   -2.437
    429.16   999.99   -2.431
    429.46   999.99   -2.424
    429.77   999.99   -2.421
    430.07   999.99   -2.417
    430.38   999.99   -2.413
    430.68   999.99   -2.409
    430.99   999.99   -2.406
    431.29   999.99   -2.403
    431.60   999.99   -2.401
    431.90   999.99   -2.400
    432.21   999.99   -2.399
    432.51   999.99   -2.398
    432.82   999.99   -2.396
    433.12   999.99   -2.396
    433.43   999.99   -2.395
    433.73   999.99   -2.391
    434.04   999.99   -2.382
    434.34   999.99   -2.369
    434.65   999.99   -2.357
    434.95   999.99   -2.348
    435.26   999.99   -2.342
    435.56   999.99   -2.334
    435.86   999.99   -2.331
    436.17   999.99   -2.324
    436.47   999.99   -2.320
    436.78   999.99   -2.311
    437.08   999.99   -2.304
    437.39   999.99   -2.300
    437.69   999.99   -2.297
    438.00   999.99   -2.293
    438.30   999.99   -2.289
    438.61   999.99   -2.286
    438.91   999.99   -2.284
    439.22   999.99   -2.282
    439.52   999.99   -2.278
    439.83   999.99   -2.274
    440.13   999.99   -2.273
    440.44   999.99   -2.269
    440.74   999.99   -2.265
    441.05   999.99   -2.260
    441.35   999.99   -2.256
    441.66   999.99   -2.250
    441.96   999.99   -2.244
    442.27   999.99   -2.237
    442.57   999.99   -2.229
    442.88   999.99   -2.222
    443.18   999.99   -2.217
    443.48   999.99   -2.213
    443.79   999.99   -2.212
    444.09   999.99   -2.210
    444.40   999.99   -2.207
    444.70   999.99   -2.204
    445.01   999.99   -2.201
    445.31   999.99   -2.196
    445.62   999.99   -2.191
    445.92   999.99   -2.186
    446.23   999.99   -2.181
    446.53   999.99   -2.179
    446.84   999.99   -2.176
    447.14   999.99   -2.172
    447.45   999.99   -2.168
    447.75   999.99   -2.165
    448.06   999.99   -2.161
    448.36   999.99   -2.153
    448.67   999.99   -2.147
    448.97   999.99   -2.139
    449.28   999.99   -2.134
    449.58   999.99   -2.130
    449.89   999.99   -2.123
    450.19   999.99   -2.114
    450.50   999.99   -2.105
    450.80   999.99   -2.099
    451.10   999.99   -2.093
    451.41   999.99   -2.087
    451.71   999.99   -2.079
    452.02   999.99   -2.072
    452.32   999.99   -2.068
    452.63   999.99   -2.063
    452.93   999.99   -2.057
    453.24   999.99   -2.054
    453.54   999.99   -2.049
    453.85   999.99   -2.046
    454.15   999.99   -2.043
    454.46   999.99   -2.039
    454.76   999.99   -2.034
    455.07   999.99   -2.028
    455.37   999.99   -2.022
    455.68   999.99   -2.014
    455.98   999.99   -2.008
    456.29   999.99   -1.999
    456.59   999.99   -1.992
    456.90   999.99   -1.987
    457.20   999.99   -1.983
    457.51   999.99   -1.976
    457.81   999.99   -1.964
    458.12   999.99   -1.956
    458.42   999.99   -1.949
    458.72   999.99   -1.943
    459.03   999.99   -1.930
    459.33   999.99   -1.915
    459.64   999.99   -1.902
    459.94   999.99   -1.894
    460.25   999.99   -1.889
    460.55   999.99   -1.883
    460.86   999.99   -1.878
    461.16   999.99   -1.872
    461.47   999.99   -1.869
    461.77   999.99   -1.864
    462.08   999.99   -1.859
    462.38   999.99   -1.855
    462.69   999.99   -1.848
    462.99   999.99   -1.842
    463.30   999.99   -1.838
    463.60   999.99   -1.833
    463.91   999.99   -1.830
    464.21   999.99   -1.825
    464.52   999.99   -1.819
    464.82   999.99   -1.814
    465.13   999.99   -1.811
    465.43   999.99   -1.807
    465.74   999.99   -1.805
    466.04   999.99   -1.802
    466.34   999.99   -1.798
    466.65   999.99   -1.795
    466.95   999.99   -1.790
    467.26   999.99   -1.787
    467.56   999.99   -1.781
    467.87   999.99   -1.776
    468.17   999.99   -1.769
    468.48   999.99   -1.764
    468.78   999.99   -1.759
    469.09   999.99   -1.753
    469.39   999.99   -1.748
    469.70   999.99   -1.745
    470.00   999.99   -1.743
    470.31   999.99   -1.742
    470.61   999.99   -1.738
    470.92   999.99   -1.736
    471.22   999.99   -1.729
    471.53   999.99   -1.724
    471.83   999.99   -1.716
    472.14   999.99   -1.712
    472.44   999.99   -1.703
    472.75   999.99   -1.697
    473.05   999.99   -1.691
    473.36   999.99   -1.684
    473.66   999.99   -1.679
    473.96   999.99   -1.672
    474.27   999.99   -1.666
    474.57   999.99   -1.660
    474.88   999.99   -1.652
    475.18   999.99   -1.645
    475.49   999.99   -1.639
    475.79   999.99   -1.635
    476.10   999.99   -1.629
    476.40   999.99   -1.625
    476.71   999.99   -1.613
    477.01   999.99   -1.606
    477.32   999.99   -1.600
    477.62   999.99   -1.595
    477.93   999.99   -1.592
    478.23   999.99   -1.586
    478.54   999.99   -1.580
    478.84   999.99   -1.574
    479.15   999.99   -1.569
    479.45   999.99   -1.564
    479.76   999.99   -1.559
    480.06   999.99   -1.552
    480.37   999.99   -1.545
    480.67   999.99   -1.540
    480.98   999.99   -1.536
    481.28   999.99   -1.531
    481.58   999.99   -1.527
    481.89   999.99   -1.521
    482.19   999.99   -1.514
    482.50   999.99   -1.509
    482.80   999.99   -1.506
    483.11   999.99   -1.501
    483.41   999.99   -1.494
    483.72   999.99   -1.488
    484.02   999.99   -1.480
    484.33   999.99   -1.469
    484.63   999.99   -1.462
    484.94   999.99   -1.453
    485.24   999.99   -1.445
    485.55   999.99   -1.437
    485.85   999.99   -1.430
    486.16   999.99   -1.420
    486.46   999.99   -1.412
    486.77   999.99   -1.406
    487.07   999.99   -1.399
    487.38   999.99   -1.392
    487.68   999.99   -1.385
    487.99   999.99   -1.379
    488.29   999.99   -1.373
    488.60   999.99   -1.364
    488.90   999.99   -1.357
    489.20   999.99   -1.351
    489.51   999.99   -1.345
    489.81   999.99   -1.342
    490.12   999.99   -1.337
    490.42   999.99   -1.334
    490.73   999.99   -1.331
    491.03   999.99   -1.327
    491.34   999.99   -1.322
    491.64   999.99   -1.316
    491.95   999.99   -1.310
    492.25   999.99   -1.304
    492.56   999.99   -1.299
    492.86   999.99   -1.294
    493.17   999.99   -1.288
    493.47   999.99   -1.283
    493.78   999.99   -1.280
    494.08   999.99   -1.274
    494.39   999.99   -1.270
    494.69   999.99   -1.265
    495.00   999.99   -1.261
    495.30   999.99   -1.254
    495.61   999.99   -1.248
    495.91   999.99   -1.244
    496.22   999.99   -1.237
    496.52   999.99   -1.233
    496.83   999.99   -1.227
    497.13   999.99   -1.221
    497.43   999.99   -1.217
    497.74   999.99   -1.210
    498.04   999.99   -1.206
    498.35   999.99   -1.201
    498.65   999.99   -1.196
    498.96   999.99   -1.191
    499.26   999.99   -1.186
    499.57   999.99   -1.179
    499.87   999.99   -1.172
    500.18   999.99   -1.165
    500.48   999.99   -1.160
    500.79   999.99   -1.157
    501.09   999.99   -1.152
    501.40   999.99   -1.146
    501.70   999.99   -1.141
    502.01   999.99   -1.136
    502.31   999.99   -1.130
    502.62   999.99   -1.123
    502.92   999.99   -1.118
    503.23   999.99   -1.111
    503.53   999.99   -1.104
    503.84   999.99   -1.098
    504.14   999.99   -1.091
    504.45   999.99   -1.086
    504.75   999.99   -1.081
    505.05   999.99   -1.075
    505.36   999.99   -1.068
    505.66   999.99   -1.063
    505.97   999.99   -1.054
    506.27   999.99   -1.048
    506.58   999.99   -1.039
    506.88   999.99   -1.033
    507.19   999.99   -1.027
    507.49   999.99   -1.021
    507.80   999.99   -1.013
    508.10   999.99   -1.008
    508.41   999.99   -1.003
    508.71   999.99    -.998
    509.02   999.99    -.992
    509.32   999.99    -.986
    509.63   999.99    -.980
    509.93   999.99    -.976
    510.24   999.99    -.968
    510.54   999.99    -.963
    510.85   999.99    -.956
    511.15   999.99    -.949
    511.46   999.99    -.941
    511.76   999.99    -.933
    512.07   999.99    -.928
    512.37   999.99    -.922
    512.67   999.99    -.917
    512.98   999.99    -.911
    513.28   999.99    -.905
    513.59   999.99    -.900
    513.89   999.99    -.894
    514.20   999.99    -.889
    514.50   999.99    -.883
    514.81   999.99    -.878
    515.11   999.99    -.872
    515.42   999.99    -.867
    515.72   999.99    -.861
    516.03   999.99    -.856
    516.33   999.99    -.850
    516.64   999.99    -.845
    516.94   999.99    -.839
    517.25   999.99    -.834
    517.55   999.99    -.829
    517.86   999.99    -.814
    518.16   999.99    -.819
    518.47   999.99    -.810
    518.77   999.99    -.806
    519.08   999.99    -.800
    519.38   999.99    -.796
    519.69   999.99    -.790
    519.99   999.99    -.785
    520.29   999.99    -.779
    520.60   999.99    -.776
    520.90   999.99    -.769
    521.21   999.99    -.764
    521.51   999.99    -.758
    521.82   999.99    -.753
    522.12   999.99    -.747
    522.43   999.99    -.741
    522.73   999.99    -.735
    523.04   999.99    -.730
    523.34   999.99    -.725
    523.65   999.99    -.718
    523.95   999.99    -.712
    524.26   999.99    -.704
    524.56   999.99    -.701
    524.87   999.99    -.695
    525.17   999.99    -.687
    525.48   999.99    -.681
    525.78   999.99    -.675
    526.09   999.99    -.671
    526.39   999.99    -.664
    526.70   999.99    -.657
    527.00   999.99    -.650
    527.31   999.99    -.644
    527.61   999.99    -.637
    527.91   999.99    -.631
    528.22   999.99    -.627
    528.52   999.99    -.619
    528.83   999.99    -.612
    529.13   999.99    -.605
    529.44   999.99    -.600
    529.74   999.99    -.592
    530.05   999.99    -.583
    530.35   999.99    -.576
    530.66   999.99    -.569
    530.96   999.99    -.563
    531.27   999.99    -.555
    531.57   999.99    -.547
    531.88   999.99    -.539
    532.18   999.99    -.527
    532.49   999.99    -.518
    532.79   999.99    -.512
    533.10   999.99    -.508
    533.40   999.99    -.501
    533.71   999.99    -.496
    534.01   999.99    -.489
    534.32   999.99    -.479
    534.62   999.99    -.471
    534.92   999.99    -.463
    535.23   999.99    -.455
    535.53   999.99    -.444
    535.84   999.99    -.436
    536.14   999.99    -.428
    536.45   999.99    -.415
    536.75   999.99    -.407
    537.06   999.99    -.396
    537.36   999.99    -.388
    537.67   999.99    -.374
    537.97   999.99    -.365
    538.28   999.99    -.358
    538.58   999.99    -.349
    538.89   999.99    -.338
    539.19   999.99    -.327
    539.50   999.99    -.317
    539.80   999.99    -.308
    540.11   999.99    -.296
    540.41   999.99    -.288
    540.72   999.99    -.282
    541.02   999.99    -.276
    541.33   999.99    -.265
    541.63   999.99    -.256
    541.94   999.99    -.246
    542.24   999.99    -.232
    542.55   999.99    -.224
    542.85   999.99    -.216
    543.15   999.99    -.206
    543.46   999.99    -.194
    543.76   999.99    -.185
    544.07   999.99    -.176
    544.37   999.99    -.169
    544.68   999.99    -.159
    544.98   999.99    -.150
    545.29   999.99    -.143
    545.59   999.99    -.137
    545.90   999.99    -.127
    546.20   999.99    -.116
    546.51   999.99    -.108
    546.81   999.99    -.098
    547.12   999.99    -.089
    547.42   999.99    -.080
    547.73   999.99    -.067
    548.03   999.99    -.055
    548.34   999.99    -.042
    548.64   999.99    -.031
    548.95   999.99    -.020
    549.25   999.99    -.011
    549.56   999.99    -.002
    549.86   999.99     .005
    550.17   999.99     .016
    550.47   999.99     .025
    550.77   999.99     .033
    551.08   999.99     .043
    551.38   999.99     .056
    551.69   999.99     .064
    551.99   999.99     .079
    552.30   999.99     .093
    552.60   999.99     .107
    552.91   999.99     .115
    553.21   999.99     .125
    553.52   999.99     .136
    553.82   999.99     .144
    554.13   999.99     .155
    554.43   999.99     .165
    554.74   999.99     .173
    555.04   999.99     .181
    555.35   999.99     .192
    555.65   999.99     .203
    555.96   999.99     .215
    556.26   999.99     .225
    556.57   999.99     .235
    556.87   999.99     .245
    557.18   999.99     .254
    557.48   999.99     .265
    557.79   999.99     .275
    558.09   999.99     .285
    558.39   999.99     .298
    558.70   999.99     .309
    559.00   999.99     .318
    559.31   999.99     .327
    559.61   999.99     .336
    559.92   999.99     .344
    560.22   999.99     .354
    560.53   999.99     .361
    560.83   999.99     .370
    561.14   999.99     .383
    561.44   999.99     .394
    561.75   999.99     .407
    562.05   999.99     .419
    562.36   999.99     .432
    562.66   999.99     .443
    562.97   999.99     .453
    563.27   999.99     .462
    563.58   999.99     .472
    563.88   999.99     .485
    564.19   999.99     .497
    564.49   999.99     .511
    564.80   999.99     .522
    565.10   999.99     .534
    565.41   999.99     .544
    565.71   999.99     .552
    566.01   999.99     .563
    566.32   999.99     .575
    566.62   999.99     .587
    566.93   999.99     .596
    567.23   999.99     .605
    567.54   999.99     .613
    567.84   999.99     .627
    568.15   999.99     .639
    568.45   999.99     .651
    568.76   999.99     .661
    569.06   999.99     .674
    569.37   999.99     .688
    569.67   999.99     .697
    569.98   999.99     .705
    570.28   999.99     .715
    570.59   999.99     .728
    570.89   999.99     .737
    571.20   999.99     .750
    571.50   999.99     .764
    571.81   999.99     .776
    572.11   999.99     .786
    572.42   999.99     .793
    572.72   999.99     .807
    573.03   999.99     .816
    573.33   999.99     .832
    573.63   999.99     .848
    573.94   999.99     .862
    574.24   999.99     .872
    574.55   999.99     .884
    574.85   999.99     .895
    575.16   999.99     .905
    575.46   999.99     .918
    575.77   999.99     .927
    576.07   999.99     .938
    576.38   999.99     .952
    576.68   999.99     .963
    576.99   999.99     .979
    577.29   999.99     .989
    577.60   999.99    1.001
    577.90   999.99    1.014
    578.21   999.99    1.024
    578.51   999.99    1.033
    578.82   999.99    1.043
    579.12   999.99    1.056
    579.43   999.99    1.069
    579.73   999.99    1.079
    580.04   999.99    1.090
    580.34   999.99    1.099
    580.65   999.99    1.108
    580.95   999.99    1.116
    581.25   999.99    1.128
    581.56   999.99    1.143
    581.86   999.99    1.159
    582.17   999.99    1.169
    582.47   999.99    1.179
    582.78   999.99    1.189
    583.08   999.99    1.201
    583.39   999.99    1.209
    583.69   999.99    1.221
    584.00   999.99    1.232
    584.30   999.99    1.244
    584.61   999.99    1.256
    584.91   999.99    1.272
    585.22   999.99    1.283
    585.52   999.99    1.293
    585.83   999.99    1.307
    586.13   999.99    1.317
    586.44   999.99    1.331
    586.74   999.99    1.344
    587.05   999.99    1.354
    587.35   999.99    1.366
    587.66   999.99    1.376
    587.96   999.99    1.386
    588.27   999.99    1.395
    588.57   999.99    1.408
    588.87   999.99    1.417
    589.18   999.99    1.427
    589.48   999.99    1.437
    589.79   999.99    1.444
    590.09   999.99    1.453
    590.40   999.99    1.465
    590.70   999.99    1.472
    591.01   999.99    1.478
    591.31   999.99    1.487
    591.62   999.99    1.497
    591.92   999.99    1.506
    592.23   999.99    1.512
    592.53   999.99    1.521
    592.84   999.99    1.529
    593.14   999.99    1.541
    593.45   999.99    1.550
    593.75   999.99    1.560
    594.06   999.99    1.570
    594.36   999.99    1.580
    594.67   999.99    1.588
    594.97   999.99    1.595
    595.28   999.99    1.601
    595.58   999.99    1.613
    595.89   999.99    1.625
    596.19   999.99    1.634
    596.49   999.99    1.643
    596.80   999.99    1.653
    597.10   999.99    1.662
    597.41   999.99    1.670
    597.71   999.99    1.681
    598.02   999.99    1.689
    598.32   999.99    1.698
    598.63   999.99    1.707
    598.93   999.99    1.715
    599.24   999.99    1.723
    599.54   999.99    1.734
    599.85   999.99    1.743
    600.15   999.99    1.754
    600.46   999.99    1.765
    600.76   999.99    1.774
    601.07   999.99    1.785
    601.37   999.99    1.794
    601.68   999.99    1.801
    601.98   999.99    1.811
    602.29   999.99    1.819
    602.59   999.99    1.828
    602.90   999.99    1.838
    603.20   999.99    1.848
    603.51   999.99    1.856
    603.81   999.99    1.868
    604.11   999.99    1.877
    604.42   999.99    1.887
    604.72   999.99    1.895
    605.03   999.99    1.904
    605.33   999.99    1.912
    605.64   999.99    1.921
    605.94   999.99    1.931
    606.25   999.99    1.942
    606.55   999.99    1.952
    606.86   999.99    1.961
    607.16   999.99    1.972
    607.47   999.99    1.983
    607.77   999.99    1.993
    608.08   999.99    2.006
    608.38   999.99    2.016
    608.69   999.99    2.023
    608.99   999.99    2.035
    609.30   999.99    2.049
    609.60   999.99    2.057
    609.91   999.99    2.066
    610.21   999.99    2.075
    610.52   999.99    2.085
    610.82   999.99    2.099
    611.13   999.99    2.111
    611.43   999.99    2.124
    611.73   999.99    2.136
    612.04   999.99    2.148
    612.34   999.99    2.156
    612.65   999.99    2.169
    612.95   999.99    2.182
    613.26   999.99    2.196
    613.56   999.99    2.208
    613.87   999.99    2.221
    614.17   999.99    2.230
    614.48   999.99    2.240
    614.78   999.99    2.249
    615.09   999.99    2.264
    615.39   999.99    2.273
    615.70   999.99    2.279
    616.00   999.99    2.295
    616.31   999.99    2.307
    616.61   999.99    2.318
    616.92   999.99    2.329
    617.22   999.99    2.337
    617.53   999.99    2.348
    617.83   999.99    2.361
    618.14   999.99    2.374
    618.44   999.99    2.389
    618.75   999.99    2.401
    619.05   999.99    2.414
    619.35   999.99    2.427
    619.66   999.99    2.440
    619.96   999.99    2.451
    620.27   999.99    2.463
    620.57   999.99    2.475
    620.88   999.99    2.488
    621.18   999.99    2.500
    621.49   999.99    2.510
    621.79   999.99    2.521
    622.10   999.99    2.530
    622.40   999.99    2.544
    622.71   999.99    2.558
    623.01   999.99    2.570
    623.32   999.99    2.586
    623.62   999.99    2.599
    623.93   999.99    2.612
    624.23   999.99    2.624
    624.54   999.99    2.636
    624.84   999.99    2.647
    625.15   999.99    2.659
    625.45   999.99    2.679
    625.76   999.99    2.697
    626.06   999.99    2.713
    626.37   999.99    2.726
    626.67   999.99    2.743
    626.97   999.99    2.756
    627.28   999.99    2.766
    627.58   999.99    2.781
    627.89   999.99    2.793
    628.19   999.99    2.807
    628.50   999.99    2.817
    628.80   999.99    2.827
    629.11   999.99    2.847
    629.41   999.99    2.864
    629.72   999.99    2.882
    630.02   999.99    2.901
    630.33   999.99    2.916
    630.63   999.99    2.930
    630.94   999.99    2.945
    631.24   999.99    2.966
    631.55   999.99    2.984
    631.85   999.99    2.998
    632.16   999.99    3.013
    632.46   999.99    3.037
    632.77   999.99    3.058
    633.07   999.99    3.082
    633.38   999.99    3.099
    633.68   999.99    3.116
    633.99   999.99    3.131
    634.29   999.99    3.148
    634.59   999.99    3.169
    634.90   999.99    3.187
    635.20   999.99    3.206
    635.51   999.99    3.226
    635.81   999.99    3.246
    636.12   999.99    3.260
    636.42   999.99    3.274
    636.73   999.99    3.291
    637.03   999.99    3.306
    637.34   999.99    3.324
    637.64   999.99    3.345
    637.95   999.99    3.362
    638.25   999.99    3.377
    638.56   999.99    3.392
    638.86   999.99    3.410
    639.17   999.99    3.429
    639.47   999.99    3.453
    639.78   999.99    3.472
    640.08   999.99    3.491
    640.39   999.99    3.507
    640.69   999.99    3.524
    641.00   999.99    3.536
    641.30   999.99    3.548
    641.61   999.99    3.570
    641.91   999.99    3.594
    642.21   999.99    3.610
    642.52   999.99    3.621
    642.82   999.99    3.631
    643.13   999.99    3.642
    643.43   999.99    3.654
    643.74   999.99    3.666
    644.04   999.99    3.680
    644.35   999.99    3.691
    644.65   999.99    3.703
    644.96   999.99    3.720
    645.26   999.99    3.730
    645.57   999.99    3.746
    645.87   999.99    3.762
    646.18   999.99    3.778
    646.48   999.99    3.795
    646.79   999.99    3.809
    647.09   999.99    3.825
    647.40   999.99    3.842
    647.70   999.99    3.857
    648.01   999.99    3.873
    648.31   999.99    3.885
    648.62   999.99    3.898
    648.92   999.99    3.909
    649.23   999.99    3.924
    649.53   999.99    3.936
    649.83   999.99    3.948
    650.14   999.99    3.963
    650.44   999.99    3.980
    650.75   999.99    3.993
    651.05   999.99    4.001
    651.36   999.99    4.013
    651.66   999.99    4.028
    651.97   999.99    4.043
    652.27   999.99    4.059
    652.58   999.99    4.070
    652.88   999.99    4.083
    653.19   999.99    4.096
    653.49   999.99    4.109
    653.80   999.99    4.121
    654.10   999.99    4.135
    654.41   999.99    4.153
    654.71   999.99    4.165
    655.02   999.99    4.177
    655.32   999.99    4.185
    655.63   999.99    4.196
    655.93   999.99    4.209
    656.24   999.99    4.219
    656.54   999.99    4.230
    656.85   999.99    4.243
    657.15   999.99    4.251
    657.45   999.99    4.260
    657.76   999.99    4.271
    658.06   999.99    4.281
    658.37   999.99    4.291
    658.67   999.99    4.300
    658.98   999.99    4.313
    659.28   999.99    4.321
    659.59   999.99    4.331
    659.89   999.99    4.340
    660.20   999.99    4.347
    660.50   999.99    4.356
    660.81   999.99    4.367
    661.11   999.99    4.374
    661.42   999.99    4.379
    661.72   999.99    4.386
    662.03   999.99    4.391
    662.33   999.99    4.398
    662.64   999.99    4.444
    662.94   999.99    4.573
    663.25   999.99    4.600
    663.55   999.99    4.608
    663.86   999.99    4.613
    664.16   999.99    4.616
    664.47   999.99    4.619
    664.77   999.99    4.622
    665.08   999.99    4.623
    665.38   999.99    4.638
    665.68   999.99    4.662
    665.99   999.99    4.684
    666.29   999.99    4.709
    666.60   999.99    4.733
    666.90   999.99    4.744
    667.21   999.99    4.756
    667.51   999.99    4.769
    667.82   999.99    4.790
    668.12   999.99    4.812
    668.43   999.99    4.836
    668.73   999.99    4.855
    669.04   999.99    4.901
    669.34   999.99    4.929
    669.65   999.99    4.933
    669.95   999.99    4.945
