 << U.S. Geological Survey Borehole Temperature Log - Alaska >>
  
 Site:             DRP 
 Log Date:         78SEP17 
 Type of Log:      incremental 
 Type of Sensor:   thermistor network (custom)
 Measuring Device: digital multimeter
 Deconvolved:      N/A
  
  Z   = measured depth (m)
  TVD = true vertical depth (m)
  T   = temperature (C)
  
        Z      TVD       T
      6.10   999.99   -7.782
      9.14   999.99   -7.818
     12.19   999.99   -7.817
     15.24   999.99   -7.858
     18.29   999.99   -7.857
     21.34   999.99   -7.792
     24.38   999.99   -7.656
     27.43   999.99   -7.570
     30.48   999.99   -7.509
     33.53   999.99   -7.459
     36.58   999.99   -7.448
     39.62   999.99   -7.446
     42.67   999.99   -7.454
     45.72   999.99   -7.442
     48.77   999.99   -7.397
     51.82   999.99   -7.348
     54.86   999.99   -7.304
     57.91   999.99   -7.237
     60.96   999.99   -7.143
     64.01   999.99   -7.054
     67.06   999.99   -6.975
     70.10   999.99   -6.925
     73.15   999.99   -6.878
     76.20   999.99   -6.822
     79.25   999.99   -6.695
     82.30   999.99   -6.558
     85.34   999.99   -6.427
     88.39   999.99   -6.314
     91.44   999.99   -6.197
     94.49   999.99   -6.096
     97.54   999.99   -5.989
    100.58   999.99   -5.892
    103.63   999.99   -5.812
    106.68   999.99   -5.693
    109.73   999.99   -5.592
    112.78   999.99   -5.518
    115.82   999.99   -5.433
    118.87   999.99   -5.344
    121.92   999.99   -5.274
    124.97   999.99   -5.190
    128.02   999.99   -5.086
    131.06   999.99   -5.031
    134.11   999.99   -4.984
    137.16   999.99   -4.878
    140.21   999.99   -4.788
    143.26   999.99   -4.696
    146.30   999.99   -4.611
    149.35   999.99   -4.517
    152.40   999.99   -4.416
    155.45   999.99   -4.330
    158.50   999.99   -4.246
    161.54   999.99   -4.165
    164.59   999.99   -4.083
    167.64   999.99   -4.021
    170.69   999.99   -3.951
    173.74   999.99   -3.891
    176.78   999.99   -3.846
    179.83   999.99   -3.796
    182.88   999.99   -3.694
    185.93   999.99   -3.602
    188.98   999.99   -3.507
    192.02   999.99   -3.435
    195.07   999.99   -3.359
    198.12   999.99   -3.278
    201.17   999.99   -3.216
    204.22   999.99   -3.121
    207.26   999.99   -3.029
    210.31   999.99   -2.937
    213.36   999.99   -2.837
    216.41   999.99   -2.760
    219.46   999.99   -2.698
    222.50   999.99   -2.647
    225.55   999.99   -2.598
    228.60   999.99   -2.566
    231.65   999.99   -2.525
    234.70   999.99   -2.481
    237.74   999.99   -2.452
    240.79   999.99   -2.422
    243.84   999.99   -2.399
    246.89   999.99   -2.349
    249.94   999.99   -2.279
    252.98   999.99   -2.191
    256.03   999.99   -2.092
    259.08   999.99   -1.974
    262.13   999.99   -1.867
    265.18   999.99   -1.723
    268.22   999.99   -1.528
    271.27   999.99   -1.325
    274.32   999.99   -1.156
    277.37   999.99    -.966
    280.42   999.99    -.768
    283.46   999.99    -.594
    286.51   999.99    -.381
    289.56   999.99    -.235
    292.61   999.99    -.066
    295.66   999.99     .088
    298.70   999.99     .226
    301.75   999.99     .372
    304.80   999.99     .519
    307.85   999.99     .666
    310.90   999.99     .794
    313.94   999.99     .941
    316.99   999.99    1.083
    320.04   999.99    1.237
    323.09   999.99    1.400
    326.14   999.99    1.569
    329.18   999.99    1.731
    332.23   999.99    1.896
    335.28   999.99    2.063
    338.33   999.99    2.229
    341.38   999.99    2.368
    344.42   999.99    2.536
    347.47   999.99    2.677
    350.52   999.99    2.816
    353.57   999.99    2.967
    356.62   999.99    3.107
    359.66   999.99    3.246
    362.71   999.99    3.373
    365.76   999.99    3.503
    368.81   999.99    3.619
    371.86   999.99    3.734
    374.90   999.99    3.832
    377.95   999.99    3.932
    381.00   999.99    4.051
    384.05   999.99    4.175
    387.10   999.99    4.263
    390.14   999.99    4.377
    393.19   999.99    4.480
    396.24   999.99    4.587
    399.29   999.99    4.709
    402.34   999.99    4.813
    405.38   999.99    4.934
    408.43   999.99    5.053
    411.48   999.99    5.179
    414.53   999.99    5.276
    417.58   999.99    5.397
    420.62   999.99    5.507
    423.67   999.99    5.624
    426.72   999.99    5.722
    429.77   999.99    5.823
    432.82   999.99    5.909
    435.86   999.99    5.996
    438.91   999.99    6.084
    441.96   999.99    6.165
    445.01   999.99    6.259
    448.06   999.99    6.354
    451.10   999.99    6.444
    454.15   999.99    6.549
    457.20   999.99    6.644
    460.25   999.99    6.747
    463.30   999.99    6.852
    466.34   999.99    6.955
    469.39   999.99    7.036
    472.44   999.99    7.130
    475.49   999.99    7.232
    478.54   999.99    7.306
    481.58   999.99    7.415
    484.63   999.99    7.500
    487.68   999.99    7.603
    490.73   999.99    7.703
    493.78   999.99    7.809
    496.83   999.99    7.947
    499.87   999.99    8.054
    502.92   999.99    8.162
    505.97   999.99    8.271
    509.02   999.99    8.385
    512.07   999.99    8.488
    515.11   999.99    8.602
    518.16   999.99    8.707
    521.21   999.99    8.829
    524.26   999.99    8.944
    527.31   999.99    9.037
    530.35   999.99    9.132
    533.40   999.99    9.230
    536.45   999.99    9.332
    539.50   999.99    9.453
    542.55   999.99    9.556
    545.59   999.99    9.672
    548.64   999.99    9.773
    551.69   999.99    9.884
    554.74   999.99    9.997
    557.79   999.99   10.109
    560.83   999.99   10.203
    563.88   999.99   10.323
    566.93   999.99   10.438
    569.98   999.99   10.545
    573.03   999.99   10.652
    576.07   999.99   10.746
    579.12   999.99   10.850
    582.17   999.99   10.958
    585.22   999.99   11.083
    588.27   999.99   11.213
    591.31   999.99   11.343
    594.36   999.99   11.468
    597.41   999.99   11.572
    600.46   999.99   11.699
    603.51   999.99   11.838
    606.55   999.99   11.945
    609.60   999.99   12.084
    612.65   999.99   12.188
    615.70   999.99   12.293
    618.75   999.99   12.391
    621.79   999.99   12.472
    624.84   999.99   12.546
    627.89   999.99   12.604
    630.94   999.99   12.655
    633.99   999.99   12.833
    637.03   999.99   12.995
