 << U.S. Geological Survey Borehole Temperature Log - Alaska >>
  
 Site:             ESN 
 Log Date:         84AUG10 
 Type of Log:      continuous  
 Type of Sensor:   thermistor network (custom)
 Measuring Device: digital multimeter
 Deconvolved:      no 
  
  Z   = measured depth (m)
  TVD = true vertical depth (m)
  T   = temperature (C)
  
        Z      TVD       T
      6.40   999.99   -8.006
      6.71   999.99   -8.105
      7.01   999.99   -8.133
      7.32   999.99   -8.146
      7.62   999.99   -8.162
      7.92   999.99   -8.188
      8.23   999.99   -8.203
      8.53   999.99   -9.090
      8.84   999.99   -9.328
      9.14   999.99   -9.548
      9.45   999.99   -9.817
      9.75   999.99   -9.824
     10.06   999.99   -9.832
     10.36   999.99   -9.838
     10.67   999.99   -9.840
     10.97   999.99   -9.842
     11.28   999.99   -9.835
     11.58   999.99   -9.833
     11.89   999.99   -9.828
     12.19   999.99   -9.820
     12.50   999.99   -9.815
     12.80   999.99   -9.807
     13.11   999.99   -9.799
     13.41   999.99   -9.794
     13.72   999.99   -9.778
     14.02   999.99   -9.772
     14.33   999.99   -9.765
     14.63   999.99   -9.755
     14.94   999.99   -9.747
     15.24   999.99   -9.742
     15.54   999.99   -9.738
     15.85   999.99   -9.730
     16.15   999.99   -9.720
     16.46   999.99   -9.712
     16.76   999.99   -9.705
     17.07   999.99   -9.698
     17.37   999.99   -9.691
     17.68   999.99   -9.686
     17.98   999.99   -9.678
     18.29   999.99   -9.670
     18.59   999.99   -9.664
     18.90   999.99   -9.653
     19.20   999.99   -9.645
     19.51   999.99   -9.640
     19.81   999.99   -9.628
     20.12   999.99   -9.620
     20.42   999.99   -9.616
     20.73   999.99   -9.610
     21.03   999.99   -9.604
     21.34   999.99   -9.601
     21.64   999.99   -9.594
     21.95   999.99   -9.587
     22.25   999.99   -9.582
     22.56   999.99   -9.574
     22.86   999.99   -9.570
     23.16   999.99   -9.563
     23.47   999.99   -9.556
     23.77   999.99   -9.548
     24.08   999.99   -9.541
     24.38   999.99   -9.536
     24.69   999.99   -9.534
     24.99   999.99   -9.526
     25.30   999.99   -9.519
     25.60   999.99   -9.515
     25.91   999.99   -9.509
     26.21   999.99   -9.503
     26.52   999.99   -9.497
     26.82   999.99   -9.494
     27.13   999.99   -9.488
     27.43   999.99   -9.486
     27.74   999.99   -9.482
     28.04   999.99   -9.477
     28.35   999.99   -9.474
     28.65   999.99   -9.469
     28.96   999.99   -9.463
     29.26   999.99   -9.459
     29.57   999.99   -9.453
     29.87   999.99   -9.449
     30.18   999.99   -9.443
     30.48   999.99   -9.435
     30.78   999.99   -9.414
     31.09   999.99   -9.412
     31.39   999.99   -9.405
     31.70   999.99   -9.403
     32.00   999.99   -9.400
     32.31   999.99   -9.397
     32.61   999.99   -9.394
     32.92   999.99   -9.391
     33.22   999.99   -9.387
     33.53   999.99   -9.383
     33.83   999.99   -9.379
     34.14   999.99   -9.373
     34.44   999.99   -9.368
     34.75   999.99   -9.362
     35.05   999.99   -9.360
     35.36   999.99   -9.358
     35.66   999.99   -9.354
     35.97   999.99   -9.352
     36.27   999.99   -9.347
     36.58   999.99   -9.339
     36.88   999.99   -9.337
     37.19   999.99   -9.330
     37.49   999.99   -9.321
     37.80   999.99   -9.318
     38.10   999.99   -9.314
     38.40   999.99   -9.309
     38.71   999.99   -9.305
     39.01   999.99   -9.299
     39.32   999.99   -9.293
     39.62   999.99   -9.289
     39.93   999.99   -9.282
     40.23   999.99   -9.278
     40.54   999.99   -9.273
     40.84   999.99   -9.267
     41.15   999.99   -9.264
     41.45   999.99   -9.260
     41.76   999.99   -9.255
     42.06   999.99   -9.252
     42.37   999.99   -9.250
     42.67   999.99   -9.245
     42.98   999.99   -9.241
     43.28   999.99   -9.236
     43.59   999.99   -9.231
     43.89   999.99   -9.226
     44.20   999.99   -9.221
     44.50   999.99   -9.216
     44.81   999.99   -9.210
     45.11   999.99   -9.200
     45.42   999.99   -9.196
     45.72   999.99   -9.193
     46.02   999.99   -9.187
     46.33   999.99   -9.183
     46.63   999.99   -9.181
     46.94   999.99   -9.174
     47.24   999.99   -9.169
     47.55   999.99   -9.162
     47.85   999.99   -9.152
     48.16   999.99   -9.148
     48.46   999.99   -9.143
     48.77   999.99   -9.138
     49.07   999.99   -9.135
     49.38   999.99   -9.130
     49.68   999.99   -9.128
     49.99   999.99   -9.123
     50.29   999.99   -9.117
     50.60   999.99   -9.113
     50.90   999.99   -9.109
     51.21   999.99   -9.100
     51.51   999.99   -9.097
     51.82   999.99   -9.090
     52.12   999.99   -9.081
     52.43   999.99   -9.076
     52.73   999.99   -9.072
     53.04   999.99   -9.067
     53.34   999.99   -9.064
     53.64   999.99   -9.059
     53.95   999.99   -9.056
     54.25   999.99   -9.051
     54.56   999.99   -9.044
     54.86   999.99   -9.038
     55.17   999.99   -9.032
     55.47   999.99   -9.026
     55.78   999.99   -9.023
     56.08   999.99   -9.016
     56.39   999.99   -9.009
     56.69   999.99   -9.006
     57.00   999.99   -9.001
     57.30   999.99   -8.993
     57.61   999.99   -8.988
     57.91   999.99   -8.982
     58.22   999.99   -8.975
     58.52   999.99   -8.967
     58.83   999.99   -8.963
     59.13   999.99   -8.959
     59.44   999.99   -8.951
     59.74   999.99   -8.944
     60.05   999.99   -8.934
     60.35   999.99   -8.926
     60.66   999.99   -8.922
     60.96   999.99   -8.917
     61.26   999.99   -8.912
     61.57   999.99   -8.908
     61.87   999.99   -8.900
     62.18   999.99   -8.893
     62.48   999.99   -8.888
     62.79   999.99   -8.884
     63.09   999.99   -8.875
     63.40   999.99   -8.867
     63.70   999.99   -8.859
     64.01   999.99   -8.850
     64.31   999.99   -8.843
     64.62   999.99   -8.836
     64.92   999.99   -8.829
     65.23   999.99   -8.816
     65.53   999.99   -8.809
     65.84   999.99   -8.803
     66.14   999.99   -8.797
     66.45   999.99   -8.790
     66.75   999.99   -8.786
     67.06   999.99   -8.777
     67.36   999.99   -8.767
     67.67   999.99   -8.763
     67.97   999.99   -8.755
     68.28   999.99   -8.747
     68.58   999.99   -8.736
     68.88   999.99   -8.726
     69.19   999.99   -8.716
     69.49   999.99   -8.710
     69.80   999.99   -8.706
     70.10   999.99   -8.697
     70.41   999.99   -8.687
     70.71   999.99   -8.678
     71.02   999.99   -8.670
     71.32   999.99   -8.658
     71.63   999.99   -8.652
     71.93   999.99   -8.647
     72.24   999.99   -8.638
     72.54   999.99   -8.633
     72.85   999.99   -8.623
     73.15   999.99   -8.607
     73.46   999.99   -8.597
     73.76   999.99   -8.591
     74.07   999.99   -8.585
     74.37   999.99   -8.578
     74.68   999.99   -8.568
     74.98   999.99   -8.557
     75.29   999.99   -8.550
     75.59   999.99   -8.546
     75.90   999.99   -8.542
     76.20   999.99   -8.534
     76.50   999.99   -8.523
     76.81   999.99   -8.511
     77.11   999.99   -8.502
     77.42   999.99   -8.493
     77.72   999.99   -8.489
     78.03   999.99   -8.482
     78.33   999.99   -8.470
     78.64   999.99   -8.464
     78.94   999.99   -8.456
     79.25   999.99   -8.446
     79.55   999.99   -8.437
     79.86   999.99   -8.428
     80.16   999.99   -8.420
     80.47   999.99   -8.416
     80.77   999.99   -8.404
     81.08   999.99   -8.394
     81.38   999.99   -8.385
     81.69   999.99   -8.375
     81.99   999.99   -8.369
     82.30   999.99   -8.362
     82.60   999.99   -8.357
     82.91   999.99   -8.355
     83.21   999.99   -8.351
     83.52   999.99   -8.347
     83.82   999.99   -8.342
     84.12   999.99   -8.335
     84.43   999.99   -8.325
     84.73   999.99   -8.318
     85.04   999.99   -8.306
     85.34   999.99   -8.302
     85.65   999.99   -8.293
     85.95   999.99   -8.284
     86.26   999.99   -8.277
     86.56   999.99   -8.270
     86.87   999.99   -8.262
     87.17   999.99   -8.257
     87.48   999.99   -8.253
     87.78   999.99   -8.246
     88.09   999.99   -8.240
     88.39   999.99   -8.228
     88.70   999.99   -8.222
     89.00   999.99   -8.214
     89.31   999.99   -8.200
     89.61   999.99   -8.191
     89.92   999.99   -8.184
     90.22   999.99   -8.178
     90.53   999.99   -8.166
     90.83   999.99   -8.152
     91.14   999.99   -8.147
     91.44   999.99   -8.137
     91.74   999.99   -8.116
     92.05   999.99   -8.113
     92.35   999.99   -8.107
     92.66   999.99   -8.100
     92.96   999.99   -8.094
     93.27   999.99   -8.089
     93.57   999.99   -8.080
     93.88   999.99   -8.071
     94.18   999.99   -8.053
     94.49   999.99   -8.048
     94.79   999.99   -8.042
     95.10   999.99   -8.030
     95.40   999.99   -8.028
     95.71   999.99   -8.021
     96.01   999.99   -8.010
     96.32   999.99   -7.999
     96.62   999.99   -7.986
     96.93   999.99   -7.978
     97.23   999.99   -7.970
     97.54   999.99   -7.960
     97.84   999.99   -7.953
     98.15   999.99   -7.943
     98.45   999.99   -7.935
     98.76   999.99   -7.928
     99.06   999.99   -7.917
     99.36   999.99   -7.910
     99.67   999.99   -7.901
     99.97   999.99   -7.886
    100.28   999.99   -7.876
    100.58   999.99   -7.866
    100.89   999.99   -7.857
    101.19   999.99   -7.848
    101.50   999.99   -7.837
    101.80   999.99   -7.830
    102.11   999.99   -7.824
    102.41   999.99   -7.818
    102.72   999.99   -7.811
    103.02   999.99   -7.805
    103.33   999.99   -7.788
    103.63   999.99   -7.778
    103.94   999.99   -7.771
    104.24   999.99   -7.759
    104.55   999.99   -7.754
    104.85   999.99   -7.744
    105.16   999.99   -7.735
    105.46   999.99   -7.730
    105.77   999.99   -7.720
    106.07   999.99   -7.710
    106.38   999.99   -7.701
    106.68   999.99   -7.693
    106.99   999.99   -7.687
    107.29   999.99   -7.677
    107.59   999.99   -7.667
    107.90   999.99   -7.658
    108.20   999.99   -7.650
    108.51   999.99   -7.641
    108.81   999.99   -7.633
    109.12   999.99   -7.620
    109.42   999.99   -7.615
    109.73   999.99   -7.608
    110.03   999.99   -7.588
    110.34   999.99   -7.580
    110.64   999.99   -7.573
    110.95   999.99   -7.566
    111.25   999.99   -7.559
    111.56   999.99   -7.548
    111.86   999.99   -7.535
    112.17   999.99   -7.525
    112.47   999.99   -7.508
    112.78   999.99   -7.500
    113.08   999.99   -7.487
    113.39   999.99   -7.480
    113.69   999.99   -7.474
    114.00   999.99   -7.461
    114.30   999.99   -7.447
    114.61   999.99   -7.443
    114.91   999.99   -7.435
    115.21   999.99   -7.430
    115.52   999.99   -7.412
    115.82   999.99   -7.398
    116.13   999.99   -7.392
    116.43   999.99   -7.386
    116.74   999.99   -7.374
    117.04   999.99   -7.366
    117.35   999.99   -7.354
    117.65   999.99   -7.346
    117.96   999.99   -7.340
    118.26   999.99   -7.331
    118.57   999.99   -7.323
    118.87   999.99   -7.313
    119.18   999.99   -7.303
    119.48   999.99   -7.297
    119.79   999.99   -7.289
    120.09   999.99   -7.285
    120.40   999.99   -7.278
    120.70   999.99   -7.268
    121.01   999.99   -7.264
    121.31   999.99   -7.258
    121.62   999.99   -7.245
    121.92   999.99   -7.236
    122.22   999.99   -7.223
    122.53   999.99   -7.219
    122.83   999.99   -7.213
    123.14   999.99   -7.207
    123.44   999.99   -7.203
    123.75   999.99   -7.193
    124.05   999.99   -7.182
    124.36   999.99   -7.176
    124.66   999.99   -7.167
    124.97   999.99   -7.155
    125.27   999.99   -7.149
    125.58   999.99   -7.139
    125.88   999.99   -7.131
    126.19   999.99   -7.122
    126.49   999.99   -7.113
    126.80   999.99   -7.106
    127.10   999.99   -7.098
    127.41   999.99   -7.092
    127.71   999.99   -7.086
    128.02   999.99   -7.113
    128.32   999.99   -7.073
    128.63   999.99   -7.069
    128.93   999.99   -7.061
    129.24   999.99   -7.056
    129.54   999.99   -7.048
    129.85   999.99   -7.036
    130.15   999.99   -7.028
    130.45   999.99   -7.017
    130.76   999.99   -7.009
    131.06   999.99   -7.002
    131.37   999.99   -6.993
    131.67   999.99   -6.985
    131.98   999.99   -6.972
    132.28   999.99   -6.960
    132.59   999.99   -6.950
    132.89   999.99   -6.941
    133.20   999.99   -6.932
    133.50   999.99   -6.927
    133.81   999.99   -6.918
    134.11   999.99   -6.908
    134.42   999.99   -6.897
    134.72   999.99   -6.889
    135.03   999.99   -6.883
    135.33   999.99   -6.872
    135.64   999.99   -6.863
    135.94   999.99   -6.854
    136.25   999.99   -6.836
    136.55   999.99   -6.825
    136.86   999.99   -6.812
    137.16   999.99   -6.805
    137.47   999.99   -6.792
    137.77   999.99   -6.784
    138.07   999.99   -6.781
    138.38   999.99   -6.775
    138.68   999.99   -6.774
    138.99   999.99   -6.761
    139.29   999.99   -6.755
    139.60   999.99   -6.742
    139.90   999.99   -6.736
    140.21   999.99   -6.730
    140.51   999.99   -6.720
    140.82   999.99   -6.714
    141.12   999.99   -6.704
    141.43   999.99   -6.696
    141.73   999.99   -6.688
    142.04   999.99   -6.679
    142.34   999.99   -6.672
    142.65   999.99   -6.663
    142.95   999.99   -6.653
    143.26   999.99   -6.644
    143.56   999.99   -6.633
    143.87   999.99   -6.624
    144.17   999.99   -6.613
    144.48   999.99   -6.604
    144.78   999.99   -6.596
    145.09   999.99   -6.589
    145.39   999.99   -6.582
    145.69   999.99   -6.573
    146.00   999.99   -6.566
    146.30   999.99   -6.555
    146.61   999.99   -6.547
    146.91   999.99   -6.538
    147.22   999.99   -6.531
    147.52   999.99   -6.522
    147.83   999.99   -6.510
    148.13   999.99   -6.504
    148.44   999.99   -6.495
    148.74   999.99   -6.488
    149.05   999.99   -6.481
    149.35   999.99   -6.474
    149.66   999.99   -6.467
    149.96   999.99   -6.460
    150.27   999.99   -6.450
    150.57   999.99   -6.442
    150.88   999.99   -6.432
    151.18   999.99   -6.427
    151.49   999.99   -6.422
    151.79   999.99   -6.413
    152.10   999.99   -6.405
    152.40   999.99   -6.399
    152.71   999.99   -6.359
    153.01   999.99   -6.358
    153.31   999.99   -6.355
    153.62   999.99   -6.351
    153.92   999.99   -6.344
    154.23   999.99   -6.341
    154.53   999.99   -6.338
    154.84   999.99   -6.329
    155.14   999.99   -6.321
    155.45   999.99   -6.315
    155.75   999.99   -6.308
    156.06   999.99   -6.303
    156.36   999.99   -6.295
    156.67   999.99   -6.286
    156.97   999.99   -6.277
    157.28   999.99   -6.271
    157.58   999.99   -6.268
    157.89   999.99   -6.258
    158.19   999.99   -6.248
    158.50   999.99   -6.241
    158.80   999.99   -6.231
    159.11   999.99   -6.225
    159.41   999.99   -6.221
    159.72   999.99   -6.215
    160.02   999.99   -6.210
    160.33   999.99   -6.204
    160.63   999.99   -6.197
    160.93   999.99   -6.195
    161.24   999.99   -6.190
    161.54   999.99   -6.183
    161.85   999.99   -6.175
    162.15   999.99   -6.167
    162.46   999.99   -6.161
    162.76   999.99   -6.157
    163.07   999.99   -6.145
    163.37   999.99   -6.137
    163.68   999.99   -6.128
    163.98   999.99   -6.118
    164.29   999.99   -6.112
    164.59   999.99   -6.108
    164.90   999.99   -6.103
    165.20   999.99   -6.097
    165.51   999.99   -6.094
    165.81   999.99   -6.089
    166.12   999.99   -6.080
    166.42   999.99   -6.066
    166.73   999.99   -6.060
    167.03   999.99   -6.053
    167.34   999.99   -6.050
    167.64   999.99   -6.046
    167.95   999.99   -6.041
    168.25   999.99   -6.037
    168.55   999.99   -6.030
    168.86   999.99   -6.025
    169.16   999.99   -6.019
    169.47   999.99   -6.011
    169.77   999.99   -6.004
    170.08   999.99   -5.998
    170.38   999.99   -5.989
    170.69   999.99   -5.982
    170.99   999.99   -5.974
    171.30   999.99   -5.966
    171.60   999.99   -5.955
    171.91   999.99   -5.949
    172.21   999.99   -5.944
    172.52   999.99   -5.936
    172.82   999.99   -5.929
    173.13   999.99   -5.924
    173.43   999.99   -5.917
    173.74   999.99   -5.905
    174.04   999.99   -5.889
    174.35   999.99   -5.882
    174.65   999.99   -5.876
    174.96   999.99   -5.869
    175.26   999.99   -5.859
    175.57   999.99   -5.853
    175.87   999.99   -5.841
    176.17   999.99   -5.832
    176.48   999.99   -5.826
    176.78   999.99   -5.817
    177.09   999.99   -5.812
    177.39   999.99   -5.804
    177.70   999.99   -5.798
    178.00   999.99   -5.791
    178.31   999.99   -5.780
    178.61   999.99   -5.768
    178.92   999.99   -5.758
    179.22   999.99   -5.748
    179.53   999.99   -5.744
    179.83   999.99   -5.737
    180.14   999.99   -5.727
    180.44   999.99   -5.716
    180.75   999.99   -5.701
    181.05   999.99   -5.695
    181.36   999.99   -5.686
    181.66   999.99   -5.677
    181.97   999.99   -5.666
    182.27   999.99   -5.657
    182.58   999.99   -5.649
    182.88   999.99   -5.635
    183.19   999.99   -5.624
    183.49   999.99   -5.617
    183.79   999.99   -5.609
    184.10   999.99   -5.603
    184.40   999.99   -5.594
    184.71   999.99   -5.585
    185.01   999.99   -5.579
    185.32   999.99   -5.568
    185.62   999.99   -5.559
    185.93   999.99   -5.548
    186.23   999.99   -5.531
    186.54   999.99   -5.519
    186.84   999.99   -5.507
    187.15   999.99   -5.491
    187.45   999.99   -5.481
    187.76   999.99   -5.474
    188.06   999.99   -5.467
    188.37   999.99   -5.455
    188.67   999.99   -5.440
    188.98   999.99   -5.432
    189.28   999.99   -5.424
    189.59   999.99   -5.414
    189.89   999.99   -5.406
    190.20   999.99   -5.388
    190.50   999.99   -5.373
    190.81   999.99   -5.361
    191.11   999.99   -5.346
    191.41   999.99   -5.337
    191.72   999.99   -5.325
    192.02   999.99   -5.315
    192.33   999.99   -5.301
    192.63   999.99   -5.290
    192.94   999.99   -5.277
    193.24   999.99   -5.263
    193.55   999.99   -5.253
    193.85   999.99   -5.245
    194.16   999.99   -5.237
    194.46   999.99   -5.227
    194.77   999.99   -5.214
    195.07   999.99   -5.205
    195.38   999.99   -5.194
    195.68   999.99   -5.179
    195.99   999.99   -5.167
    196.29   999.99   -5.156
    196.60   999.99   -5.143
    196.90   999.99   -5.134
    197.21   999.99   -5.127
    197.51   999.99   -5.117
    197.82   999.99   -5.107
    198.12   999.99   -5.091
    198.43   999.99   -5.080
    198.73   999.99   -5.073
    199.03   999.99   -5.062
    199.34   999.99   -5.051
    199.64   999.99   -5.042
    199.95   999.99   -5.029
    200.25   999.99   -5.019
    200.56   999.99   -5.006
    200.86   999.99   -4.993
    201.17   999.99   -4.980
    201.47   999.99   -4.973
    201.78   999.99   -4.962
    202.08   999.99   -4.951
    202.39   999.99   -4.938
    202.69   999.99   -4.928
    203.00   999.99   -4.915
    203.30   999.99   -4.903
    203.61   999.99   -4.892
    203.91   999.99   -4.883
    204.22   999.99   -4.873
    204.52   999.99   -4.864
    204.83   999.99   -4.853
    205.13   999.99   -4.843
    205.44   999.99   -4.832
    205.74   999.99   -4.825
    206.05   999.99   -4.817
    206.35   999.99   -4.812
    206.65   999.99   -4.803
    206.96   999.99   -4.794
    207.26   999.99   -4.786
    207.57   999.99   -4.772
    207.87   999.99   -4.758
    208.18   999.99   -4.750
    208.48   999.99   -4.741
    208.79   999.99   -4.727
    209.09   999.99   -4.715
    209.40   999.99   -4.706
    209.70   999.99   -4.692
    210.01   999.99   -4.682
    210.31   999.99   -4.675
    210.62   999.99   -4.669
    210.92   999.99   -4.660
    211.23   999.99   -4.652
    211.53   999.99   -4.644
    211.84   999.99   -4.634
    212.14   999.99   -4.627
    212.45   999.99   -4.616
    212.75   999.99   -4.608
    213.06   999.99   -4.599
    213.36   999.99   -4.585
    213.67   999.99   -4.547
    213.97   999.99   -4.549
    214.27   999.99   -4.547
    214.58   999.99   -4.542
    214.88   999.99   -4.540
    215.19   999.99   -4.537
    215.49   999.99   -4.531
    215.80   999.99   -4.526
    216.10   999.99   -4.519
    216.41   999.99   -4.513
    216.71   999.99   -4.506
    217.02   999.99   -4.494
    217.32   999.99   -4.488
    217.63   999.99   -4.481
    217.93   999.99   -4.474
    218.24   999.99   -4.467
    218.54   999.99   -4.461
    218.85   999.99   -4.456
    219.15   999.99   -4.449
    219.46   999.99   -4.441
    219.76   999.99   -4.434
    220.07   999.99   -4.425
    220.37   999.99   -4.416
    220.68   999.99   -4.407
    220.98   999.99   -4.398
    221.29   999.99   -4.392
    221.59   999.99   -4.389
    221.89   999.99   -4.385
    222.20   999.99   -4.376
    222.50   999.99   -4.371
    222.81   999.99   -4.365
    223.11   999.99   -4.357
    223.42   999.99   -4.354
    223.72   999.99   -4.347
    224.03   999.99   -4.343
    224.33   999.99   -4.330
    224.64   999.99   -4.322
    224.94   999.99   -4.317
    225.25   999.99   -4.313
    225.55   999.99   -4.308
    225.86   999.99   -4.302
    226.16   999.99   -4.296
    226.47   999.99   -4.291
    226.77   999.99   -4.283
    227.08   999.99   -4.276
    227.38   999.99   -4.269
    227.69   999.99   -4.261
    227.99   999.99   -4.255
    228.30   999.99   -4.251
    228.60   999.99   -4.243
    228.91   999.99   -4.234
    229.21   999.99   -4.225
    229.51   999.99   -4.218
    229.82   999.99   -4.211
    230.12   999.99   -4.203
    230.43   999.99   -4.197
    230.73   999.99   -4.192
    231.04   999.99   -4.186
    231.34   999.99   -4.182
    231.65   999.99   -4.175
    231.95   999.99   -4.171
    232.26   999.99   -4.163
    232.56   999.99   -4.155
    232.87   999.99   -4.148
    233.17   999.99   -4.139
    233.48   999.99   -4.131
    233.78   999.99   -4.123
    234.09   999.99   -4.117
    234.39   999.99   -4.110
    234.70   999.99   -4.106
    235.00   999.99   -4.098
    235.31   999.99   -4.091
    235.61   999.99   -4.083
    235.92   999.99   -4.076
    236.22   999.99   -4.070
    236.53   999.99   -4.063
    236.83   999.99   -4.057
    237.13   999.99   -4.049
    237.44   999.99   -4.041
    237.74   999.99   -4.030
    238.05   999.99   -4.023
    238.35   999.99   -4.016
    238.66   999.99   -4.006
    238.96   999.99   -4.000
    239.27   999.99   -3.990
    239.57   999.99   -3.983
    239.88   999.99   -3.977
    240.18   999.99   -3.969
    240.49   999.99   -3.959
    240.79   999.99   -3.950
    241.10   999.99   -3.941
    241.40   999.99   -3.934
    241.71   999.99   -3.919
    242.01   999.99   -3.909
    242.32   999.99   -3.897
    242.62   999.99   -3.887
    242.93   999.99   -3.878
    243.23   999.99   -3.869
    243.54   999.99   -3.865
    243.84   999.99   -3.862
    244.15   999.99   -3.856
    244.45   999.99   -3.847
    244.75   999.99   -3.840
    245.06   999.99   -3.832
    245.36   999.99   -3.824
    245.67   999.99   -3.815
    245.97   999.99   -3.805
    246.28   999.99   -3.794
    246.58   999.99   -3.786
    246.89   999.99   -3.778
    247.19   999.99   -3.772
    247.50   999.99   -3.767
    247.80   999.99   -3.758
    248.11   999.99   -3.750
    248.41   999.99   -3.741
    248.72   999.99   -3.734
    249.02   999.99   -3.725
    249.33   999.99   -3.718
    249.63   999.99   -3.709
    249.94   999.99   -3.702
    250.24   999.99   -3.695
    250.55   999.99   -3.687
    250.85   999.99   -3.679
    251.16   999.99   -3.673
    251.46   999.99   -3.667
    251.77   999.99   -3.665
    252.07   999.99   -3.656
    252.37   999.99   -3.646
    252.68   999.99   -3.636
    252.98   999.99   -3.628
    253.29   999.99   -3.624
    253.59   999.99   -3.618
    253.90   999.99   -3.611
    254.20   999.99   -3.606
    254.51   999.99   -3.599
    254.81   999.99   -3.593
    255.12   999.99   -3.586
    255.42   999.99   -3.580
    255.73   999.99   -3.573
    256.03   999.99   -3.564
    256.34   999.99   -3.557
    256.64   999.99   -3.551
    256.95   999.99   -3.542
    257.25   999.99   -3.535
    257.56   999.99   -3.526
    257.86   999.99   -3.521
    258.17   999.99   -3.517
    258.47   999.99   -3.510
    258.78   999.99   -3.503
    259.08   999.99   -3.498
    259.39   999.99   -3.494
    259.69   999.99   -3.487
    259.99   999.99   -3.481
    260.30   999.99   -3.476
    260.60   999.99   -3.470
    260.91   999.99   -3.465
    261.21   999.99   -3.459
    261.52   999.99   -3.451
    261.82   999.99   -3.444
    262.13   999.99   -3.436
    262.43   999.99   -3.430
    262.74   999.99   -3.423
    263.04   999.99   -3.416
    263.35   999.99   -3.408
    263.65   999.99   -3.402
    263.96   999.99   -3.393
    264.26   999.99   -3.389
    264.57   999.99   -3.383
    264.87   999.99   -3.378
    265.18   999.99   -3.373
    265.48   999.99   -3.368
    265.79   999.99   -3.362
    266.09   999.99   -3.357
    266.40   999.99   -3.350
    266.70   999.99   -3.343
    267.01   999.99   -3.337
    267.31   999.99   -3.329
    267.61   999.99   -3.321
    267.92   999.99   -3.314
    268.22   999.99   -3.308
    268.53   999.99   -3.300
    268.83   999.99   -3.291
    269.14   999.99   -3.280
    269.44   999.99   -3.275
    269.75   999.99   -3.269
    270.05   999.99   -3.265
    270.36   999.99   -3.259
    270.66   999.99   -3.252
    270.97   999.99   -3.244
    271.27   999.99   -3.237
    271.58   999.99   -3.232
    271.88   999.99   -3.226
    272.19   999.99   -3.220
    272.49   999.99   -3.211
    272.80   999.99   -3.202
    273.10   999.99   -3.197
    273.41   999.99   -3.189
    273.71   999.99   -3.176
    274.02   999.99   -3.167
    274.32   999.99   -3.161
    274.63   999.99   -3.134
    274.93   999.99   -3.125
    275.23   999.99   -3.121
    275.54   999.99   -3.116
    275.84   999.99   -3.111
    276.15   999.99   -3.100
    276.45   999.99   -3.089
    276.76   999.99   -3.081
    277.06   999.99   -3.076
    277.37   999.99   -3.073
    277.67   999.99   -3.064
    277.98   999.99   -3.055
    278.28   999.99   -3.049
    278.59   999.99   -3.042
    278.89   999.99   -3.035
    279.20   999.99   -3.027
    279.50   999.99   -3.018
    279.81   999.99   -3.009
    280.11   999.99   -2.999
    280.42   999.99   -2.989
    280.72   999.99   -2.980
    281.03   999.99   -2.970
    281.33   999.99   -2.958
    281.64   999.99   -2.949
    281.94   999.99   -2.940
    282.25   999.99   -2.932
    282.55   999.99   -2.925
    282.86   999.99   -2.918
    283.16   999.99   -2.910
    283.46   999.99   -2.902
    283.77   999.99   -2.894
    284.07   999.99   -2.888
    284.38   999.99   -2.875
    284.68   999.99   -2.861
    284.99   999.99   -2.849
    285.29   999.99   -2.834
    285.60   999.99   -2.820
    285.90   999.99   -2.809
    286.21   999.99   -2.796
    286.51   999.99   -2.787
    286.82   999.99   -2.778
    287.12   999.99   -2.769
    287.43   999.99   -2.761
    287.73   999.99   -2.752
    288.04   999.99   -2.741
    288.34   999.99   -2.727
    288.65   999.99   -2.714
    288.95   999.99   -2.702
    289.26   999.99   -2.692
    289.56   999.99   -2.682
    289.87   999.99   -2.671
    290.17   999.99   -2.663
    290.48   999.99   -2.649
    290.78   999.99   -2.641
    291.08   999.99   -2.631
    291.39   999.99   -2.622
    291.69   999.99   -2.608
    292.00   999.99   -2.593
    292.30   999.99   -2.581
    292.61   999.99   -2.565
    292.91   999.99   -2.557
    293.22   999.99   -2.550
    293.52   999.99   -2.537
    293.83   999.99   -2.526
    294.13   999.99   -2.515
    294.44   999.99   -2.504
    294.74   999.99   -2.494
    295.05   999.99   -2.484
    295.35   999.99   -2.472
    295.66   999.99   -2.461
    295.96   999.99   -2.449
    296.27   999.99   -2.438
    296.57   999.99   -2.429
    296.88   999.99   -2.419
    297.18   999.99   -2.403
    297.49   999.99   -2.393
    297.79   999.99   -2.386
    298.10   999.99   -2.378
    298.40   999.99   -2.365
    298.70   999.99   -2.355
    299.01   999.99   -2.341
    299.31   999.99   -2.327
    299.62   999.99   -2.319
    299.92   999.99   -2.309
    300.23   999.99   -2.299
    300.53   999.99   -2.288
    300.84   999.99   -2.276
    301.14   999.99   -2.270
    301.45   999.99   -2.255
    301.75   999.99   -2.247
    302.06   999.99   -2.239
    302.36   999.99   -2.229
    302.67   999.99   -2.222
    302.97   999.99   -2.213
    303.28   999.99   -2.205
    303.58   999.99   -2.200
    303.89   999.99   -2.194
    304.19   999.99   -2.186
    304.50   999.99   -2.175
    304.80   999.99   -2.165
    305.11   999.99   -2.155
    305.41   999.99   -2.146
    305.71   999.99   -2.136
    306.02   999.99   -2.124
    306.32   999.99   -2.115
    306.63   999.99   -2.106
    306.93   999.99   -2.097
    307.24   999.99   -2.088
    307.54   999.99   -2.077
    307.85   999.99   -2.066
    308.15   999.99   -2.056
    308.46   999.99   -2.047
    308.76   999.99   -2.037
    309.07   999.99   -2.029
    309.37   999.99   -2.020
    309.68   999.99   -2.011
    309.98   999.99   -1.999
    310.29   999.99   -1.986
    310.59   999.99   -1.977
    310.90   999.99   -1.966
    311.20   999.99   -1.955
    311.51   999.99   -1.946
    311.81   999.99   -1.938
    312.12   999.99   -1.933
    312.42   999.99   -1.925
    312.73   999.99   -1.915
    313.03   999.99   -1.902
    313.33   999.99   -1.889
    313.64   999.99   -1.878
    313.94   999.99   -1.866
    314.25   999.99   -1.855
    314.55   999.99   -1.846
    314.86   999.99   -1.834
    315.16   999.99   -1.822
    315.47   999.99   -1.812
    315.77   999.99   -1.798
    316.08   999.99   -1.787
    316.38   999.99   -1.775
    316.69   999.99   -1.764
    316.99   999.99   -1.752
    317.30   999.99   -1.742
    317.60   999.99   -1.732
    317.91   999.99   -1.723
    318.21   999.99   -1.712
    318.52   999.99   -1.701
    318.82   999.99   -1.689
    319.13   999.99   -1.678
    319.43   999.99   -1.667
    319.74   999.99   -1.654
    320.04   999.99   -1.638
    320.35   999.99   -1.627
    320.65   999.99   -1.619
    320.95   999.99   -1.610
    321.26   999.99   -1.602
    321.56   999.99   -1.589
    321.87   999.99   -1.577
    322.17   999.99   -1.560
    322.48   999.99   -1.552
    322.78   999.99   -1.541
    323.09   999.99   -1.530
    323.39   999.99   -1.520
    323.70   999.99   -1.511
    324.00   999.99   -1.500
    324.31   999.99   -1.490
    324.61   999.99   -1.480
    324.92   999.99   -1.465
    325.22   999.99   -1.450
    325.53   999.99   -1.439
    325.83   999.99   -1.425
    326.14   999.99   -1.410
    326.44   999.99   -1.402
    326.75   999.99   -1.391
    327.05   999.99   -1.380
    327.36   999.99   -1.374
    327.66   999.99   -1.363
    327.97   999.99   -1.352
    328.27   999.99   -1.340
    328.58   999.99   -1.330
    328.88   999.99   -1.320
    329.18   999.99   -1.308
    329.49   999.99   -1.297
    329.79   999.99   -1.289
    330.10   999.99   -1.280
    330.40   999.99   -1.273
    330.71   999.99   -1.267
    331.01   999.99   -1.260
    331.32   999.99   -1.253
    331.62   999.99   -1.245
    331.93   999.99   -1.235
    332.23   999.99   -1.223
    332.54   999.99   -1.210
    332.84   999.99   -1.203
    333.15   999.99   -1.193
    333.45   999.99   -1.182
    333.76   999.99   -1.173
    334.06   999.99   -1.164
    334.37   999.99   -1.158
    334.67   999.99   -1.148
    334.98   999.99   -1.168
    335.28   999.99   -1.126
    335.59   999.99   -1.123
    335.89   999.99   -1.116
    336.20   999.99   -1.104
    336.50   999.99   -1.089
    336.80   999.99   -1.082
    337.11   999.99   -1.074
    337.41   999.99   -1.055
    337.72   999.99   -1.041
    338.02   999.99   -1.033
    338.33   999.99   -1.026
    338.63   999.99   -1.016
    338.94   999.99   -1.006
    339.24   999.99    -.995
    339.55   999.99    -.986
    339.85   999.99    -.976
    340.16   999.99    -.966
    340.46   999.99    -.958
    340.77   999.99    -.947
    341.07   999.99    -.931
    341.38   999.99    -.917
    341.68   999.99    -.906
    341.99   999.99    -.893
    342.29   999.99    -.881
    342.60   999.99    -.868
    342.90   999.99    -.858
    343.21   999.99    -.845
    343.51   999.99    -.833
    343.82   999.99    -.819
    344.12   999.99    -.806
    344.42   999.99    -.792
    344.73   999.99    -.778
    345.03   999.99    -.763
    345.34   999.99    -.748
    345.64   999.99    -.736
    345.95   999.99    -.724
    346.25   999.99    -.712
    346.56   999.99    -.704
    346.86   999.99    -.691
    347.17   999.99    -.681
    347.47   999.99    -.668
    347.78   999.99    -.658
    348.08   999.99    -.649
    348.39   999.99    -.638
    348.69   999.99    -.625
    349.00   999.99    -.613
    349.30   999.99    -.602
    349.61   999.99    -.591
    349.91   999.99    -.583
    350.22   999.99    -.568
    350.52   999.99    -.557
    350.83   999.99    -.546
    351.13   999.99    -.536
    351.44   999.99    -.525
    351.74   999.99    -.516
    352.04   999.99    -.504
    352.35   999.99    -.494
    352.65   999.99    -.478
    352.96   999.99    -.467
    353.26   999.99    -.455
    353.57   999.99    -.445
    353.87   999.99    -.432
    354.18   999.99    -.421
    354.48   999.99    -.409
    354.79   999.99    -.397
    355.09   999.99    -.384
    355.40   999.99    -.371
    355.70   999.99    -.357
    356.01   999.99    -.341
    356.31   999.99    -.331
    356.62   999.99    -.323
    356.92   999.99    -.313
    357.23   999.99    -.303
    357.53   999.99    -.293
    357.84   999.99    -.280
    358.14   999.99    -.269
    358.45   999.99    -.263
    358.75   999.99    -.247
    359.06   999.99    -.234
    359.36   999.99    -.215
    359.66   999.99    -.205
    359.97   999.99    -.188
    360.27   999.99    -.176
    360.58   999.99    -.162
    360.88   999.99    -.146
    361.19   999.99    -.133
    361.49   999.99    -.122
    361.80   999.99    -.112
    362.10   999.99    -.106
    362.41   999.99    -.087
    362.71   999.99    -.072
    363.02   999.99    -.065
    363.32   999.99    -.054
    363.63   999.99    -.041
    363.93   999.99    -.030
    364.24   999.99    -.015
    364.54   999.99    -.001
    364.85   999.99     .012
    365.15   999.99     .023
    365.46   999.99     .033
    365.76   999.99     .049
    366.07   999.99     .063
    366.37   999.99     .076
    366.68   999.99     .085
    366.98   999.99     .096
    367.28   999.99     .109
    367.59   999.99     .118
    367.89   999.99     .130
    368.20   999.99     .142
    368.50   999.99     .154
    368.81   999.99     .165
    369.11   999.99     .183
    369.42   999.99     .192
    369.72   999.99     .209
    370.03   999.99     .221
    370.33   999.99     .233
    370.64   999.99     .249
    370.94   999.99     .263
    371.25   999.99     .278
    371.55   999.99     .293
    371.86   999.99     .309
    372.16   999.99     .324
    372.47   999.99     .339
    372.77   999.99     .352
    373.08   999.99     .364
    373.38   999.99     .376
    373.69   999.99     .391
    373.99   999.99     .404
    374.30   999.99     .413
    374.60   999.99     .425
    374.90   999.99     .442
    375.21   999.99     .457
    375.51   999.99     .468
    375.82   999.99     .480
    376.12   999.99     .489
    376.43   999.99     .501
    376.73   999.99     .512
    377.04   999.99     .521
    377.34   999.99     .535
    377.65   999.99     .546
    377.95   999.99     .561
    378.26   999.99     .573
    378.56   999.99     .586
    378.87   999.99     .596
    379.17   999.99     .607
    379.48   999.99     .617
    379.78   999.99     .631
    380.09   999.99     .643
    380.39   999.99     .658
    380.70   999.99     .669
    381.00   999.99     .687
    381.31   999.99     .699
    381.61   999.99     .711
    381.92   999.99     .727
    382.22   999.99     .741
    382.52   999.99     .756
    382.83   999.99     .768
    383.13   999.99     .779
    383.44   999.99     .791
    383.74   999.99     .802
    384.05   999.99     .813
    384.35   999.99     .825
    384.66   999.99     .836
    384.96   999.99     .846
    385.27   999.99     .856
    385.57   999.99     .867
    385.88   999.99     .877
    386.18   999.99     .886
    386.49   999.99     .899
    386.79   999.99     .911
    387.10   999.99     .921
    387.40   999.99     .931
    387.71   999.99     .947
    388.01   999.99     .962
    388.32   999.99     .974
    388.62   999.99     .988
    388.93   999.99    1.001
    389.23   999.99    1.017
    389.54   999.99    1.030
    389.84   999.99    1.041
    390.14   999.99    1.049
    390.45   999.99    1.060
    390.75   999.99    1.065
    391.06   999.99    1.079
    391.36   999.99    1.091
    391.67   999.99    1.101
    391.97   999.99    1.112
    392.28   999.99    1.126
    392.58   999.99    1.136
    392.89   999.99    1.147
    393.19   999.99    1.162
    393.50   999.99    1.175
    393.80   999.99    1.190
    394.11   999.99    1.199
    394.41   999.99    1.216
    394.72   999.99    1.226
    395.02   999.99    1.238
    395.33   999.99    1.250
    395.63   999.99    1.264
    395.94   999.99    1.272
    396.24   999.99    1.288
    396.55   999.99    1.301
    396.85   999.99    1.318
    397.16   999.99    1.332
    397.46   999.99    1.345
    397.76   999.99    1.362
    398.07   999.99    1.379
    398.37   999.99    1.395
    398.68   999.99    1.409
    398.98   999.99    1.419
    399.29   999.99    1.428
    399.59   999.99    1.436
    399.90   999.99    1.448
    400.20   999.99    1.458
    400.51   999.99    1.471
    400.81   999.99    1.483
    401.12   999.99    1.492
    401.42   999.99    1.504
    401.73   999.99    1.514
    402.03   999.99    1.531
    402.34   999.99    1.544
    402.64   999.99    1.554
    402.95   999.99    1.565
    403.25   999.99    1.577
    403.56   999.99    1.598
    403.86   999.99    1.611
    404.17   999.99    1.622
    404.47   999.99    1.630
    404.78   999.99    1.645
    405.08   999.99    1.662
    405.38   999.99    1.675
    405.69   999.99    1.687
    405.99   999.99    1.699
    406.30   999.99    1.716
    406.60   999.99    1.727
    406.91   999.99    1.735
    407.21   999.99    1.744
    407.52   999.99    1.726
    407.82   999.99    1.764
    408.13   999.99    1.778
    408.43   999.99    1.796
    408.74   999.99    1.808
    409.04   999.99    1.824
    409.35   999.99    1.836
    409.65   999.99    1.847
    409.96   999.99    1.864
    410.26   999.99    1.870
    410.57   999.99    1.886
    410.87   999.99    1.897
    411.18   999.99    1.907
    411.48   999.99    1.918
    411.79   999.99    1.930
    412.09   999.99    1.949
    412.40   999.99    1.958
    412.70   999.99    1.968
    413.00   999.99    1.981
    413.31   999.99    1.994
    413.61   999.99    2.010
    413.92   999.99    2.027
    414.22   999.99    2.037
    414.53   999.99    2.046
    414.83   999.99    2.054
    415.14   999.99    2.058
    415.44   999.99    2.070
    415.75   999.99    2.081
    416.05   999.99    2.089
    416.36   999.99    2.098
    416.66   999.99    2.104
    416.97   999.99    2.120
    417.27   999.99    2.133
    417.58   999.99    2.144
    417.88   999.99    2.158
    418.19   999.99    2.168
    418.49   999.99    2.184
    418.80   999.99    2.194
    419.10   999.99    2.201
    419.41   999.99    2.210
    419.71   999.99    2.219
    420.02   999.99    2.227
    420.32   999.99    2.240
    420.62   999.99    2.256
    420.93   999.99    2.268
    421.23   999.99    2.280
    421.54   999.99    2.295
    421.84   999.99    2.306
    422.15   999.99    2.325
    422.45   999.99    2.335
    422.76   999.99    2.347
    423.06   999.99    2.356
    423.37   999.99    2.363
    423.67   999.99    2.371
    423.98   999.99    2.381
    424.28   999.99    2.392
    424.59   999.99    2.407
    424.89   999.99    2.419
    425.20   999.99    2.434
    425.50   999.99    2.445
    425.81   999.99    2.457
    426.11   999.99    2.464
    426.42   999.99    2.473
    426.72   999.99    2.481
    427.03   999.99    2.495
    427.33   999.99    2.514
    427.64   999.99    2.527
    427.94   999.99    2.536
    428.24   999.99    2.544
    428.55   999.99    2.555
    428.85   999.99    2.565
    429.16   999.99    2.572
    429.46   999.99    2.578
    429.77   999.99    2.586
    430.07   999.99    2.594
    430.38   999.99    2.603
    430.68   999.99    2.615
    430.99   999.99    2.630
    431.29   999.99    2.641
    431.60   999.99    2.653
    431.90   999.99    2.664
    432.21   999.99    2.667
    432.51   999.99    2.677
    432.82   999.99    2.693
    433.12   999.99    2.704
    433.43   999.99    2.715
    433.73   999.99    2.726
    434.04   999.99    2.738
    434.34   999.99    2.751
    434.65   999.99    2.761
    434.95   999.99    2.774
    435.26   999.99    2.785
    435.56   999.99    2.798
    435.86   999.99    2.808
    436.17   999.99    2.819
    436.47   999.99    2.827
    436.78   999.99    2.837
    437.08   999.99    2.846
    437.39   999.99    2.856
    437.69   999.99    2.865
    438.00   999.99    2.873
    438.30   999.99    2.884
    438.61   999.99    2.896
    438.91   999.99    2.907
    439.22   999.99    2.922
    439.52   999.99    2.932
    439.83   999.99    2.942
    440.13   999.99    2.951
    440.44   999.99    2.962
    440.74   999.99    2.976
    441.05   999.99    2.988
    441.35   999.99    2.996
    441.66   999.99    3.006
    441.96   999.99    3.016
    442.27   999.99    3.027
    442.57   999.99    3.038
    442.88   999.99    3.051
    443.18   999.99    3.063
    443.48   999.99    3.078
    443.79   999.99    3.089
    444.09   999.99    3.099
    444.40   999.99    3.109
    444.70   999.99    3.117
    445.01   999.99    3.125
    445.31   999.99    3.141
    445.62   999.99    3.153
    445.92   999.99    3.162
    446.23   999.99    3.171
    446.53   999.99    3.187
    446.84   999.99    3.198
    447.14   999.99    3.208
    447.45   999.99    3.217
    447.75   999.99    3.229
    448.06   999.99    3.241
    448.36   999.99    3.249
    448.67   999.99    3.259
    448.97   999.99    3.268
    449.28   999.99    3.280
    449.58   999.99    3.290
    449.89   999.99    3.302
    450.19   999.99    3.315
    450.50   999.99    3.325
    450.80   999.99    3.333
    451.10   999.99    3.341
    451.41   999.99    3.352
    451.71   999.99    3.367
    452.02   999.99    3.378
    452.32   999.99    3.390
    452.63   999.99    3.399
    452.93   999.99    3.413
    453.24   999.99    3.426
    453.54   999.99    3.443
    453.85   999.99    3.459
    454.15   999.99    3.471
    454.46   999.99    3.481
    454.76   999.99    3.491
    455.07   999.99    3.499
    455.37   999.99    3.512
    455.68   999.99    3.525
    455.98   999.99    3.532
    456.29   999.99    3.544
    456.59   999.99    3.559
    456.90   999.99    3.571
    457.20   999.99    3.581
    457.51   999.99    3.588
    457.81   999.99    3.598
    458.12   999.99    3.615
    458.42   999.99    3.626
    458.72   999.99    3.636
    459.03   999.99    3.650
    459.33   999.99    3.662
    459.64   999.99    3.674
    459.94   999.99    3.685
    460.25   999.99    3.696
    460.55   999.99    3.708
    460.86   999.99    3.718
    461.16   999.99    3.728
    461.47   999.99    3.740
    461.77   999.99    3.757
    462.08   999.99    3.771
    462.38   999.99    3.782
    462.69   999.99    3.792
    462.99   999.99    3.803
    463.30   999.99    3.816
    463.60   999.99    3.830
    463.91   999.99    3.838
    464.21   999.99    3.850
    464.52   999.99    3.867
    464.82   999.99    3.886
    465.13   999.99    3.899
    465.43   999.99    3.910
    465.74   999.99    3.920
    466.04   999.99    3.928
    466.34   999.99    3.938
    466.65   999.99    3.949
    466.95   999.99    3.960
    467.26   999.99    3.972
    467.56   999.99    3.986
    467.87   999.99    3.999
    468.17   999.99    4.010
    468.48   999.99    4.021
    468.78   999.99    4.031
    469.09   999.99    4.041
    469.39   999.99    4.054
    469.70   999.99    4.067
    470.00   999.99    4.077
    470.31   999.99    4.088
    470.61   999.99    4.098
    470.92   999.99    4.108
    471.22   999.99    4.120
    471.53   999.99    4.133
    471.83   999.99    4.144
    472.14   999.99    4.155
    472.44   999.99    4.168
    472.75   999.99    4.180
    473.05   999.99    4.191
    473.36   999.99    4.200
    473.66   999.99    4.209
    473.96   999.99    4.220
    474.27   999.99    4.236
    474.57   999.99    4.250
    474.88   999.99    4.259
    475.18   999.99    4.272
    475.49   999.99    4.284
    475.79   999.99    4.297
    476.10   999.99    4.308
    476.40   999.99    4.321
    476.71   999.99    4.326
    477.01   999.99    4.339
    477.32   999.99    4.350
    477.62   999.99    4.363
    477.93   999.99    4.372
    478.23   999.99    4.386
    478.54   999.99    4.395
    478.84   999.99    4.403
    479.15   999.99    4.413
    479.45   999.99    4.424
    479.76   999.99    4.433
    480.06   999.99    4.445
    480.37   999.99    4.457
    480.67   999.99    4.470
    480.98   999.99    4.482
    481.28   999.99    4.498
    481.58   999.99    4.510
    481.89   999.99    4.519
    482.19   999.99    4.530
    482.50   999.99    4.542
    482.80   999.99    4.554
    483.11   999.99    4.566
    483.41   999.99    4.577
    483.72   999.99    4.590
    484.02   999.99    4.603
    484.33   999.99    4.614
    484.63   999.99    4.626
    484.94   999.99    4.638
    485.24   999.99    4.650
    485.55   999.99    4.663
    485.85   999.99    4.674
    486.16   999.99    4.685
    486.46   999.99    4.693
    486.77   999.99    4.704
    487.07   999.99    4.717
    487.38   999.99    4.729
    487.68   999.99    4.742
    487.99   999.99    4.755
    488.29   999.99    4.766
    488.60   999.99    4.777
    488.90   999.99    4.791
    489.20   999.99    4.806
    489.51   999.99    4.820
    489.81   999.99    4.832
    490.12   999.99    4.843
    490.42   999.99    4.855
    490.73   999.99    4.869
    491.03   999.99    4.882
    491.34   999.99    4.897
    491.64   999.99    4.909
    491.95   999.99    4.915
    492.25   999.99    4.927
    492.56   999.99    4.940
    492.86   999.99    4.953
    493.17   999.99    4.962
    493.47   999.99    4.975
    493.78   999.99    4.989
    494.08   999.99    5.003
    494.39   999.99    5.022
    494.69   999.99    5.034
    495.00   999.99    5.048
    495.30   999.99    5.057
    495.61   999.99    5.071
    495.91   999.99    5.084
    496.22   999.99    5.097
    496.52   999.99    5.111
    496.83   999.99    5.124
    497.13   999.99    5.136
    497.43   999.99    5.151
    497.74   999.99    5.163
    498.04   999.99    5.176
    498.35   999.99    5.190
    498.65   999.99    5.203
    498.96   999.99    5.213
    499.26   999.99    5.224
    499.57   999.99    5.232
    499.87   999.99    5.244
    500.18   999.99    5.259
    500.48   999.99    5.276
    500.79   999.99    5.291
    501.09   999.99    5.300
    501.40   999.99    5.313
    501.70   999.99    5.327
    502.01   999.99    5.338
    502.31   999.99    5.350
    502.62   999.99    5.364
    502.92   999.99    5.352
    503.23   999.99    5.389
    503.53   999.99    5.404
    503.84   999.99    5.415
    504.14   999.99    5.429
    504.45   999.99    5.441
    504.75   999.99    5.453
    505.05   999.99    5.465
    505.36   999.99    5.478
    505.66   999.99    5.491
    505.97   999.99    5.510
    506.27   999.99    5.530
    506.58   999.99    5.543
    506.88   999.99    5.562
    507.19   999.99    5.577
    507.49   999.99    5.590
    507.80   999.99    5.603
    508.10   999.99    5.610
    508.41   999.99    5.620
    508.71   999.99    5.631
    509.02   999.99    5.641
    509.32   999.99    5.653
    509.63   999.99    5.665
    509.93   999.99    5.678
    510.24   999.99    5.692
    510.54   999.99    5.703
    510.85   999.99    5.715
    511.15   999.99    5.728
    511.46   999.99    5.743
    511.76   999.99    5.756
    512.07   999.99    5.770
    512.37   999.99    5.782
    512.67   999.99    5.791
    512.98   999.99    5.807
    513.28   999.99    5.823
    513.59   999.99    5.834
    513.89   999.99    5.848
    514.20   999.99    5.864
    514.50   999.99    5.879
    514.81   999.99    5.893
    515.11   999.99    5.903
    515.42   999.99    5.914
    515.72   999.99    5.924
    516.03   999.99    5.937
    516.33   999.99    5.943
    516.64   999.99    5.955
    516.94   999.99    5.972
    517.25   999.99    5.989
    517.55   999.99    6.001
    517.86   999.99    6.015
    518.16   999.99    6.026
    518.47   999.99    6.039
    518.77   999.99    6.049
    519.08   999.99    6.064
    519.38   999.99    6.081
    519.69   999.99    6.099
    519.99   999.99    6.111
    520.29   999.99    6.126
    520.60   999.99    6.138
    520.90   999.99    6.152
    521.21   999.99    6.161
    521.51   999.99    6.172
    521.82   999.99    6.184
    522.12   999.99    6.201
    522.43   999.99    6.212
    522.73   999.99    6.224
    523.04   999.99    6.241
    523.34   999.99    6.255
    523.65   999.99    6.268
    523.95   999.99    6.279
    524.26   999.99    6.291
    524.56   999.99    6.302
    524.87   999.99    6.313
    525.17   999.99    6.327
    525.48   999.99    6.341
    525.78   999.99    6.356
    526.09   999.99    6.365
    526.39   999.99    6.378
    526.70   999.99    6.394
    527.00   999.99    6.408
    527.31   999.99    6.426
    527.61   999.99    6.441
    527.91   999.99    6.455
    528.22   999.99    6.470
    528.52   999.99    6.484
    528.83   999.99    6.505
    529.13   999.99    6.519
    529.44   999.99    6.533
    529.74   999.99    6.545
    530.05   999.99    6.555
    530.35   999.99    6.568
    530.66   999.99    6.576
    530.96   999.99    6.590
    531.27   999.99    6.605
    531.57   999.99    6.621
    531.88   999.99    6.633
    532.18   999.99    6.647
    532.49   999.99    6.660
    532.79   999.99    6.672
    533.10   999.99    6.684
    533.40   999.99    6.696
    533.71   999.99    6.712
    534.01   999.99    6.729
    534.32   999.99    6.743
    534.62   999.99    6.755
    534.92   999.99    6.767
    535.23   999.99    6.757
    535.53   999.99    6.791
    535.84   999.99    6.792
    536.14   999.99    6.812
    536.45   999.99    6.820
    536.75   999.99    6.840
    537.06   999.99    6.860
    537.36   999.99    6.882
    537.67   999.99    6.900
    537.97   999.99    6.917
    538.28   999.99    6.927
    538.58   999.99    6.937
    538.89   999.99    6.947
    539.19   999.99    6.958
    539.50   999.99    6.969
    539.80   999.99    6.984
    540.11   999.99    7.002
    540.41   999.99    7.023
    540.72   999.99    7.038
    541.02   999.99    7.046
    541.33   999.99    7.059
    541.63   999.99    7.073
    541.94   999.99    7.085
    542.24   999.99    7.098
    542.55   999.99    7.110
    542.85   999.99    7.125
    543.15   999.99    7.142
    543.46   999.99    7.161
    543.76   999.99    7.175
    544.07   999.99    7.186
    544.37   999.99    7.203
    544.68   999.99    7.224
    544.98   999.99    7.242
    545.29   999.99    7.254
    545.59   999.99    7.263
    545.90   999.99    7.270
    546.20   999.99    7.282
    546.51   999.99    7.292
    546.81   999.99    7.304
    547.12   999.99    7.316
    547.42   999.99    7.330
    547.73   999.99    7.340
    548.03   999.99    7.351
    548.34   999.99    7.365
    548.64   999.99    7.385
    548.95   999.99    7.399
    549.25   999.99    7.413
    549.56   999.99    7.430
    549.86   999.99    7.450
    550.17   999.99    7.463
    550.47   999.99    7.471
    550.77   999.99    7.484
    551.08   999.99    7.496
    551.38   999.99    7.509
    551.69   999.99    7.527
    551.99   999.99    7.536
    552.30   999.99    7.550
    552.60   999.99    7.563
    552.91   999.99    7.580
    553.21   999.99    7.598
    553.52   999.99    7.613
    553.82   999.99    7.623
    554.13   999.99    7.636
    554.43   999.99    7.653
    554.74   999.99    7.665
    555.04   999.99    7.675
    555.35   999.99    7.640
    555.65   999.99    7.706
    555.96   999.99    7.719
    556.26   999.99    7.731
    556.57   999.99    7.741
    556.87   999.99    7.748
    557.18   999.99    7.755
    557.48   999.99    7.766
    557.79   999.99    7.779
    558.09   999.99    7.791
    558.39   999.99    7.809
    558.70   999.99    7.823
    559.00   999.99    7.835
    559.31   999.99    7.850
    559.61   999.99    7.858
    559.92   999.99    7.868
    560.22   999.99    7.876
    560.53   999.99    7.889
    560.83   999.99    7.904
    561.14   999.99    7.918
    561.44   999.99    7.933
    561.75   999.99    7.944
    562.05   999.99    7.953
    562.36   999.99    7.963
    562.66   999.99    7.973
    562.97   999.99    7.841
    563.27   999.99    7.993
    563.58   999.99    8.004
    563.88   999.99    8.015
    564.19   999.99    8.027
    564.49   999.99    8.042
    564.80   999.99    8.056
    565.10   999.99    8.068
    565.41   999.99    8.082
    565.71   999.99    8.091
    566.01   999.99    8.102
    566.32   999.99    8.114
    566.62   999.99    8.128
    566.93   999.99    8.138
    567.23   999.99    8.146
    567.54   999.99    8.155
    567.84   999.99    8.164
    568.15   999.99    8.173
    568.45   999.99    8.182
    568.76   999.99    8.193
    569.06   999.99    8.205
    569.37   999.99    8.216
    569.67   999.99    8.228
    569.98   999.99    8.238
    570.28   999.99    8.246
    570.59   999.99    8.256
    570.89   999.99    8.265
    571.20   999.99    8.275
    571.50   999.99    8.286
    571.81   999.99    8.300
    572.11   999.99    8.311
    572.42   999.99    8.321
    572.72   999.99    8.330
    573.03   999.99    8.342
    573.33   999.99    8.356
    573.63   999.99    8.366
    573.94   999.99    8.374
    574.24   999.99    8.383
    574.55   999.99    8.393
    574.85   999.99    8.401
    575.16   999.99    8.409
    575.46   999.99    8.419
    575.77   999.99    8.426
    576.07   999.99    8.436
    576.38   999.99    8.443
    576.68   999.99    8.454
    576.99   999.99    8.463
    577.29   999.99    8.469
    577.60   999.99    8.477
    577.90   999.99    8.484
    578.21   999.99    8.493
    578.51   999.99    8.500
    578.82   999.99    8.508
    579.12   999.99    8.514
    579.43   999.99    8.520
    579.73   999.99    8.526
    580.04   999.99    8.533
    580.34   999.99    8.539
    580.65   999.99    8.543
    580.95   999.99    8.575
