 << U.S. Geological Survey Borehole Temperature Log - Alaska >>
  
 Site:             ESN2
 Log Date:         80MAR11 
 Type of Log:      incremental 
 Type of Sensor:   thermistor network (custom)
 Measuring Device: digital multimeter
 Deconvolved:      N/A
  
  Z   = measured depth (m)
  TVD = true vertical depth (m)
  T   = temperature (C)
  
        Z      TVD       T
     30.48   999.99    1.597
     32.00   999.99    1.630
     33.53   999.99    1.628
     35.05   999.99    1.507
     36.58   999.99    1.522
     38.10   999.99    1.496
     39.62   999.99    1.489
     41.15   999.99    1.554
     42.67   999.99    1.587
     44.20   999.99    1.608
     45.72   999.99    1.568
     47.24   999.99    1.632
     48.77   999.99    1.591
     50.29   999.99    1.616
     51.82   999.99    1.642
     53.34   999.99    1.636
     54.86   999.99    1.483
     56.39   999.99    1.556
     57.91   999.99    1.873
     59.44   999.99    1.984
     60.96   999.99    1.863
     62.48   999.99    1.975
     64.01   999.99    2.146
     65.53   999.99    2.180
     67.06   999.99    2.176
     68.58   999.99    2.179
     70.10   999.99    2.194
     71.63   999.99    2.203
     73.15   999.99    2.226
     74.68   999.99    2.256
     76.20   999.99    2.226
     77.72   999.99    2.222
     79.25   999.99    2.221
     80.77   999.99    2.209
     82.30   999.99    2.196
     83.82   999.99    2.219
     85.34   999.99    2.193
     86.87   999.99    2.197
     88.39   999.99    2.224
     89.92   999.99    2.244
     91.44   999.99    2.293
     92.96   999.99    2.318
     94.49   999.99    2.342
     96.01   999.99    2.339
     97.54   999.99    2.338
     99.06   999.99    2.342
    100.58   999.99    2.116
    102.11   999.99    2.123
    103.63   999.99    2.124
    105.16   999.99    2.124
    106.68   999.99    2.140
    108.20   999.99    2.169
    109.73   999.99    2.152
    111.25   999.99    2.149
    112.78   999.99    2.168
    114.30   999.99    2.190
    115.82   999.99    2.216
    117.35   999.99    2.249
    118.87   999.99    2.249
    120.40   999.99    2.229
    121.92   999.99    2.171
    123.44   999.99    2.166
    124.97   999.99    2.193
    126.49   999.99    2.223
    128.02   999.99    2.207
    129.54   999.99    2.206
    131.06   999.99    2.214
    132.59   999.99    2.229
    134.11   999.99    2.243
    135.64   999.99    2.267
    137.16   999.99    2.298
    138.68   999.99    2.296
    140.21   999.99    2.247
    141.73   999.99    2.242
    143.26   999.99    2.253
    144.78   999.99    2.270
    146.30   999.99    2.276
    147.83   999.99    2.243
    149.35   999.99    2.189
    150.88   999.99    2.213
    152.40   999.99    2.218
    153.92   999.99    2.249
    155.45   999.99    2.291
    156.97   999.99    2.276
    158.50   999.99    2.306
    160.02   999.99    2.353
    161.54   999.99    2.386
    163.07   999.99    2.378
    164.59   999.99    2.339
    166.12   999.99    2.398
    167.64   999.99    2.380
    169.16   999.99    2.391
    170.69   999.99    2.410
    172.21   999.99    2.426
    173.74   999.99    2.384
    175.26   999.99    2.466
    176.78   999.99    2.502
    178.31   999.99    2.457
    179.83   999.99    2.507
    181.36   999.99    2.429
    182.88   999.99    2.494
    184.40   999.99    2.524
    185.93   999.99    2.638
    187.45   999.99    2.593
    188.98   999.99    2.530
    190.50   999.99    2.580
    192.02   999.99    2.614
    193.55   999.99    2.599
    195.07   999.99    2.622
    196.60   999.99    2.671
    198.12   999.99    2.724
    199.64   999.99    2.638
    201.17   999.99    2.528
    202.69   999.99    2.580
    204.22   999.99    2.579
    205.74   999.99    2.718
    207.26   999.99    2.638
    208.79   999.99    2.592
    210.31   999.99    2.600
    211.84   999.99    2.632
    213.36   999.99    2.601
    214.88   999.99    2.663
    216.41   999.99    2.717
    217.93   999.99    2.757
    219.46   999.99    2.758
    220.98   999.99    2.861
    222.50   999.99    2.892
    224.03   999.99    2.807
    225.55   999.99    2.844
    227.08   999.99    2.846
    228.60   999.99    2.757
    230.12   999.99    2.818
    231.65   999.99    2.757
    233.17   999.99    2.731
    234.70   999.99    2.811
    236.22   999.99    2.877
    237.74   999.99    2.917
    239.27   999.99    2.959
    240.79   999.99    2.933
    242.32   999.99    2.977
    243.84   999.99    3.034
    245.36   999.99    3.071
    246.89   999.99    3.119
    248.41   999.99    3.108
    249.94   999.99    3.090
    251.46   999.99    3.104
    252.98   999.99    3.121
    254.51   999.99    3.210
    256.03   999.99    3.234
    257.56   999.99    3.107
    259.08   999.99    3.128
    260.60   999.99    3.192
    262.13   999.99    3.253
    263.65   999.99    3.281
    265.18   999.99    3.304
    266.70   999.99    3.250
    268.22   999.99    3.375
    269.75   999.99    3.471
    271.27   999.99    3.429
    272.80   999.99    3.461
    274.32   999.99    3.564
    275.84   999.99    3.604
    277.37   999.99    3.651
    278.89   999.99    3.728
    280.42   999.99    3.761
    281.94   999.99    3.651
    283.46   999.99    3.677
    284.99   999.99    3.826
    286.51   999.99    3.822
    288.04   999.99    3.751
    289.56   999.99    3.747
    291.08   999.99    3.822
    292.61   999.99    3.833
    294.13   999.99    3.942
    295.66   999.99    4.058
    297.18   999.99    4.136
    298.70   999.99    4.100
    300.23   999.99    4.123
    301.75   999.99    4.118
    303.28   999.99    4.130
    304.80   999.99    4.172
    306.32   999.99    4.149
    307.85   999.99    4.145
    309.37   999.99    4.115
    310.90   999.99    4.182
    312.42   999.99    4.228
    313.94   999.99    4.207
    315.47   999.99    4.182
    316.99   999.99    4.223
    318.52   999.99    4.236
    320.04   999.99    4.199
    321.56   999.99    4.114
    323.09   999.99    4.092
    324.61   999.99    4.359
    326.14   999.99    4.418
    327.66   999.99    4.438
    329.18   999.99    4.488
    330.71   999.99    4.518
    332.23   999.99    4.479
    333.76   999.99    4.274
    335.28   999.99    4.398
    336.80   999.99    4.376
    338.33   999.99    4.418
    339.85   999.99    4.496
    341.38   999.99    4.498
    342.90   999.99    4.509
    344.42   999.99    4.553
    345.95   999.99    4.426
    347.47   999.99    4.328
    349.00   999.99    4.352
    350.52   999.99    4.322
    352.04   999.99    4.373
    353.57   999.99    4.375
    355.09   999.99    4.355
    356.62   999.99    4.360
    358.14   999.99    4.395
    359.66   999.99    4.403
    361.19   999.99    4.429
    362.71   999.99    4.384
    364.24   999.99    4.413
    365.76   999.99    4.357
    367.28   999.99    4.446
    368.81   999.99    4.447
    370.33   999.99    4.507
    371.86   999.99    4.607
    373.38   999.99    4.665
    374.90   999.99    4.616
    376.43   999.99    4.636
    377.95   999.99    4.698
    379.48   999.99    4.671
    381.00   999.99    4.685
    382.52   999.99    4.665
    384.05   999.99    4.656
    385.57   999.99    4.661
    387.10   999.99    4.743
    388.62   999.99    4.774
    390.14   999.99    4.797
    391.67   999.99    4.834
    393.19   999.99    4.849
    394.72   999.99    4.968
    396.24   999.99    4.937
    397.76   999.99    4.882
    399.29   999.99    4.882
    400.81   999.99    4.882
    402.34   999.99    4.876
    403.86   999.99    4.908
    405.38   999.99    4.919
    406.91   999.99    4.932
    408.43   999.99    5.039
    409.96   999.99    5.036
    411.48   999.99    5.003
    413.00   999.99    5.106
    414.53   999.99    5.113
    416.05   999.99    5.099
    417.58   999.99    5.131
    419.10   999.99    5.112
    420.62   999.99    5.097
    422.15   999.99    5.153
    423.67   999.99    5.082
    425.20   999.99    5.141
    426.72   999.99    5.139
    428.24   999.99    5.195
    429.77   999.99    5.277
    431.29   999.99    5.361
    432.82   999.99    5.386
    434.34   999.99    5.353
    435.86   999.99    5.376
    437.39   999.99    5.397
    438.91   999.99    5.460
    440.44   999.99    5.440
    441.96   999.99    5.440
    443.48   999.99    5.514
    445.01   999.99    5.510
    446.53   999.99    5.552
    448.06   999.99    5.637
    449.58   999.99    5.609
    451.10   999.99    5.534
    452.63   999.99    5.494
    454.15   999.99    5.541
    455.68   999.99    5.596
    457.20   999.99    5.633
    458.72   999.99    5.662
    460.25   999.99    5.779
    461.77   999.99    5.855
    463.30   999.99    5.739
    464.82   999.99    5.730
    466.34   999.99    5.721
    467.87   999.99    5.694
    469.39   999.99    5.806
    470.92   999.99    5.779
    472.44   999.99    5.765
    473.96   999.99    5.878
    475.49   999.99    5.868
    477.01   999.99    5.897
    478.54   999.99    5.939
    480.06   999.99    6.004
    481.58   999.99    6.014
    483.11   999.99    5.974
    484.63   999.99    6.014
    486.16   999.99    5.998
    487.68   999.99    5.988
    489.20   999.99    5.999
    490.73   999.99    6.092
    492.25   999.99    6.041
    493.78   999.99    6.231
    495.30   999.99    6.249
    496.83   999.99    6.148
    498.35   999.99    6.131
    499.87   999.99    6.140
    501.40   999.99    6.186
    502.92   999.99    6.163
    504.45   999.99    6.215
    505.97   999.99    6.236
    507.49   999.99    6.261
    509.02   999.99    6.277
    510.54   999.99    6.262
    512.07   999.99    6.232
    513.59   999.99    6.169
    515.11   999.99    6.282
    516.64   999.99    6.316
    518.16   999.99    6.346
    519.69   999.99    6.352
    521.21   999.99    6.424
    522.73   999.99    6.424
    524.26   999.99    6.397
    525.78   999.99    6.385
    527.31   999.99    6.404
    528.83   999.99    6.405
    530.35   999.99    6.452
    531.88   999.99    6.541
    533.40   999.99    6.513
    534.92   999.99    6.564
    536.45   999.99    6.619
    537.97   999.99    6.644
    539.50   999.99    6.649
    541.02   999.99    6.604
    542.55   999.99    6.610
    544.07   999.99    6.757
    545.59   999.99    6.791
    547.12   999.99    6.799
    548.64   999.99    6.841
    550.17   999.99    6.797
    551.69   999.99    6.829
    553.21   999.99    6.877
    554.74   999.99    6.975
    556.26   999.99    6.965
    557.79   999.99    6.992
    559.31   999.99    6.956
    560.83   999.99    6.880
    562.36   999.99    6.925
    563.88   999.99    6.946
    565.41   999.99    6.967
    566.93   999.99    7.042
    568.45   999.99    7.040
    569.98   999.99    7.053
    571.50   999.99    7.074
    573.03   999.99    7.104
    574.55   999.99    7.137
    576.07   999.99    7.131
    577.60   999.99    7.206
    579.12   999.99    7.265
    580.65   999.99    7.269
    582.17   999.99    7.232
    583.69   999.99    7.179
    585.22   999.99    7.209
    586.74   999.99    7.267
    588.27   999.99    7.308
    589.79   999.99    7.244
    591.31   999.99    7.121
    592.84   999.99    7.178
    594.36   999.99    7.204
    595.89   999.99    7.267
    597.41   999.99    7.305
    598.93   999.99    7.338
    600.46   999.99    7.328
    601.98   999.99    7.358
    603.51   999.99    7.376
    605.03   999.99    7.364
    606.55   999.99    7.373
    608.08   999.99    7.319
    609.60   999.99    7.386
    611.13   999.99    7.366
    612.65   999.99    7.366
    614.17   999.99    7.363
    615.70   999.99    7.358
    617.22   999.99    7.406
    618.75   999.99    7.439
    620.27   999.99    7.469
    621.79   999.99    7.456
    623.32   999.99    7.498
    624.84   999.99    7.523
    626.37   999.99    7.548
    627.89   999.99    7.581
    629.41   999.99    7.611
    630.94   999.99    7.649
    632.46   999.99    7.653
    633.99   999.99    7.627
    635.51   999.99    7.697
    637.03   999.99    7.764
    638.56   999.99    7.818
    640.08   999.99    7.782
    641.61   999.99    7.751
    643.13   999.99    7.725
    644.65   999.99    7.743
    646.18   999.99    7.803
    647.70   999.99    7.826
    649.23   999.99    7.907
    650.75   999.99    7.990
    652.27   999.99    7.943
    653.80   999.99    7.891
    655.32   999.99    7.978
    656.85   999.99    7.966
    658.37   999.99    7.987
    659.89   999.99    8.009
    661.42   999.99    8.053
    662.94   999.99    8.078
    664.47   999.99    8.106
    665.99   999.99    8.161
    667.51   999.99    8.192
    669.04   999.99    8.077
    670.56   999.99    8.057
    672.09   999.99    8.082
    673.61   999.99    8.084
    675.13   999.99    8.072
    676.66   999.99    8.110
    678.18   999.99    8.221
    679.71   999.99    8.268
    681.23   999.99    8.283
    682.75   999.99    8.284
    684.28   999.99    8.326
    685.80   999.99    8.260
    687.33   999.99    8.184
    688.85   999.99    8.229
    690.37   999.99    8.224
    691.90   999.99    8.264
    693.42   999.99    8.346
    694.95   999.99    8.373
    696.47   999.99    8.374
    697.99   999.99    8.373
    699.52   999.99    8.332
    701.04   999.99    8.344
    702.57   999.99    8.367
    704.09   999.99    8.389
    705.61   999.99    8.411
    707.14   999.99    8.434
    708.66   999.99    8.463
    710.19   999.99    8.465
    711.71   999.99    8.432
    713.23   999.99    8.453
    714.76   999.99    8.472
    716.28   999.99    8.521
    717.81   999.99    8.501
    719.33   999.99    8.496
    720.85   999.99    8.516
    722.38   999.99    8.554
    723.90   999.99    8.568
    725.43   999.99    8.526
    726.95   999.99    8.518
    728.47   999.99    8.544
    730.00   999.99    8.589
    731.52   999.99    8.562
    733.05   999.99    8.629
    734.57   999.99    8.602
    736.09   999.99    8.574
    737.62   999.99    8.581
    739.14   999.99    8.617
    740.67   999.99    8.644
    742.19   999.99    8.764
    743.71   999.99    8.835
    745.24   999.99    8.714
    746.76   999.99    8.729
    748.29   999.99    8.767
    749.81   999.99    8.737
    751.33   999.99    8.831
    752.86   999.99    8.881
    754.38   999.99    8.924
    755.91   999.99    8.927
    757.43   999.99    8.908
    758.95   999.99    8.922
    760.48   999.99    8.924
    762.00   999.99    9.118
    763.53   999.99    9.125
    765.05   999.99    9.123
    766.57   999.99    9.091
    768.10   999.99    9.124
    769.62   999.99    9.248
    771.15   999.99    9.210
    772.67   999.99    9.251
    774.19   999.99    9.293
    775.72   999.99    9.281
    777.24   999.99    9.304
    778.77   999.99    9.219
    780.29   999.99    9.292
    781.81   999.99    9.304
    783.34   999.99    9.373
    784.86   999.99    9.477
    786.39   999.99    9.528
    787.91   999.99    9.528
    789.43   999.99    9.542
    790.96   999.99    9.587
    792.48   999.99    9.639
    794.01   999.99    9.613
    795.53   999.99    9.652
    797.05   999.99    9.687
    798.58   999.99    9.742
    800.10   999.99    9.744
    801.63   999.99    9.717
    803.15   999.99    9.761
    804.67   999.99    9.855
    806.20   999.99    9.801
    807.72   999.99    9.767
    809.25   999.99    9.802
    810.77   999.99    9.861
    812.29   999.99    9.957
    813.82   999.99    9.928
    815.34   999.99    9.712
    816.87   999.99    9.669
    818.39   999.99    9.660
    819.91   999.99    9.741
    821.44   999.99    9.744
    822.96   999.99    9.773
    824.49   999.99    9.804
    826.01   999.99    9.822
    827.53   999.99    9.789
    829.06   999.99    9.722
    830.58   999.99    9.737
    832.11   999.99    9.799
    833.63   999.99    9.839
    835.15   999.99    9.871
    836.68   999.99    9.879
    838.20   999.99    9.888
    839.73   999.99    9.916
    841.25   999.99    9.916
    842.77   999.99    9.937
    844.30   999.99    9.950
    845.82   999.99   10.061
    847.35   999.99   10.061
    848.87   999.99   10.131
    850.39   999.99   10.193
    851.92   999.99   10.204
    853.44   999.99   10.212
    854.97   999.99   10.259
    856.49   999.99   10.291
    858.01   999.99   10.313
    859.54   999.99   10.261
    861.06   999.99   10.266
    862.59   999.99   10.251
    864.11   999.99   10.332
    865.63   999.99   10.374
    867.16   999.99   10.398
    868.68   999.99   10.427
    870.21   999.99   10.417
    871.73   999.99   10.442
    873.25   999.99   10.483
    874.78   999.99   10.521
    876.30   999.99   10.561
    877.83   999.99   10.567
    879.35   999.99   10.579
    880.87   999.99   10.571
    882.40   999.99   10.576
    883.92   999.99   10.612
    885.45   999.99   10.622
    886.97   999.99   10.661
    888.49   999.99   10.718
    890.02   999.99   10.754
    891.54   999.99   10.766
    893.07   999.99   10.779
    894.59   999.99   10.773
    896.11   999.99   10.802
    897.64   999.99   10.825
    899.16   999.99   10.826
    900.69   999.99   10.863
    902.21   999.99   10.926
    903.73   999.99   10.906
    905.26   999.99   10.836
    906.78   999.99   10.919
    908.31   999.99   10.980
    909.83   999.99   11.001
    911.35   999.99   10.972
    912.88   999.99   11.039
    914.40   999.99   11.056
    915.93   999.99   11.122
    917.45   999.99   11.141
    918.97   999.99   11.128
    920.50   999.99   11.142
    922.02   999.99   11.119
    923.55   999.99   11.124
    925.07   999.99   11.149
    926.59   999.99   11.157
    928.12   999.99   11.158
    929.64   999.99   11.167
    931.17   999.99   11.177
    932.69   999.99   11.216
    934.21   999.99   11.231
    935.74   999.99   11.245
    937.26   999.99   11.268
    938.79   999.99   11.303
    940.31   999.99   11.327
    941.83   999.99   11.319
    943.36   999.99   11.330
    944.88   999.99   11.369
    946.41   999.99   11.397
    947.93   999.99   11.389
    949.45   999.99   11.420
    950.98   999.99   11.467
    952.50   999.99   11.476
    954.03   999.99   11.478
    955.55   999.99   11.467
    957.07   999.99   11.496
    958.60   999.99   11.534
    960.12   999.99   11.574
    961.65   999.99   11.572
    963.17   999.99   11.578
    964.69   999.99   11.655
    966.22   999.99   11.671
    967.74   999.99   11.675
    969.27   999.99   11.696
    970.79   999.99   11.731
    972.31   999.99   11.744
    973.84   999.99   11.794
    975.36   999.99   11.861
    976.89   999.99   11.892
    978.41   999.99   11.904
    979.93   999.99   11.878
    981.46   999.99   11.906
    982.98   999.99   11.948
    984.51   999.99   11.989
    986.03   999.99   12.009
    987.55   999.99   12.014
    989.08   999.99   12.032
    990.60   999.99   12.073
    992.13   999.99   12.094
    993.65   999.99   12.111
    995.17   999.99   12.126
    996.70   999.99   12.130
    998.22   999.99   12.168
    999.75   999.99   12.221
   1001.27   999.99   12.247
   1002.79   999.99   12.294
   1004.32   999.99   12.321
   1005.84   999.99   12.325
   1007.37   999.99   12.329
   1008.89   999.99   12.345
   1010.41   999.99   12.371
   1011.94   999.99   12.378
   1013.46   999.99   12.382
   1014.99   999.99   12.398
   1016.51   999.99   12.409
   1018.03   999.99   12.431
   1019.56   999.99   12.466
   1021.08   999.99   12.461
   1022.61   999.99   12.483
   1024.13   999.99   12.504
   1025.65   999.99   12.526
   1027.18   999.99   12.549
   1028.70   999.99   12.566
   1030.23   999.99   12.574
   1031.75   999.99   12.588
   1033.27   999.99   12.607
   1034.80   999.99   12.630
   1036.32   999.99   12.653
   1037.85   999.99   12.669
   1039.37   999.99   12.675
   1040.89   999.99   12.684
   1042.42   999.99   12.698
   1043.94   999.99   12.715
   1045.47   999.99   12.732
   1046.99   999.99   12.749
   1048.51   999.99   12.762
   1050.04   999.99   12.779
   1051.56   999.99   12.808
   1053.09   999.99   12.842
   1054.61   999.99   12.874
   1056.13   999.99   12.905
   1057.66   999.99   12.931
   1059.18   999.99   12.951
   1060.71   999.99   12.967
   1062.23   999.99   12.994
   1063.75   999.99   13.020
   1065.28   999.99   13.041
   1066.80   999.99   13.054
   1068.33   999.99   13.068
   1069.85   999.99   13.082
   1071.37   999.99   13.090
   1072.90   999.99   13.097
   1074.42   999.99   13.102
   1075.95   999.99   13.116
   1077.47   999.99   13.134
   1078.99   999.99   13.159
   1080.52   999.99   13.181
   1082.04   999.99   13.205
   1083.57   999.99   13.238
   1085.09   999.99   13.283
   1086.61   999.99   13.305
   1088.14   999.99   13.324
   1089.66   999.99   13.344
   1091.19   999.99   13.357
   1092.71   999.99   13.375
   1094.23   999.99   13.402
   1095.76   999.99   13.447
   1097.28   999.99   13.483
   1098.81   999.99   13.491
   1100.33   999.99   13.503
   1101.85   999.99   13.526
   1103.38   999.99   13.547
   1104.90   999.99   13.558
   1106.43   999.99   13.560
   1107.95   999.99   13.560
   1109.47   999.99   13.582
   1111.00   999.99   13.624
   1112.52   999.99   13.666
   1114.05   999.99   13.692
   1115.57   999.99   13.700
   1117.09   999.99   13.716
   1118.62   999.99   13.749
   1120.14   999.99   13.780
   1121.67   999.99   13.814
   1123.19   999.99   13.844
   1124.71   999.99   13.861
   1126.24   999.99   13.874
   1127.76   999.99   13.888
   1129.29   999.99   13.902
   1130.81   999.99   13.950
   1132.33   999.99   13.980
   1133.86   999.99   14.023
   1135.38   999.99   14.062
   1136.91   999.99   14.092
   1138.43   999.99   14.128
   1139.95   999.99   14.140
   1141.48   999.99   14.170
   1143.00   999.99   14.197
   1144.53   999.99   14.214
   1146.05   999.99   14.226
   1147.57   999.99   14.243
   1149.10   999.99   14.266
   1150.62   999.99   14.290
   1152.15   999.99   14.307
   1153.67   999.99   14.321
   1155.19   999.99   14.334
   1156.72   999.99   14.353
   1158.24   999.99   14.373
   1159.77   999.99   14.386
   1161.29   999.99   14.393
   1162.81   999.99   14.414
   1164.34   999.99   14.452
   1165.86   999.99   14.485
   1167.39   999.99   14.526
   1168.91   999.99   14.559
   1170.43   999.99   14.586
   1171.96   999.99   14.606
   1173.48   999.99   14.637
   1175.01   999.99   14.681
   1176.53   999.99   14.702
   1178.05   999.99   14.712
   1179.58   999.99   14.732
   1181.10   999.99   14.754
   1182.63   999.99   14.771
   1184.15   999.99   14.778
   1185.67   999.99   14.786
   1187.20   999.99   14.799
   1188.72   999.99   14.813
   1190.25   999.99   14.827
   1191.77   999.99   14.846
   1193.29   999.99   14.868
   1194.82   999.99   14.886
   1196.34   999.99   14.902
   1197.87   999.99   14.923
   1199.39   999.99   14.952
   1200.91   999.99   14.981
   1202.44   999.99   15.006
   1203.96   999.99   15.034
   1205.49   999.99   15.061
   1207.01   999.99   15.084
   1208.53   999.99   15.100
   1210.06   999.99   15.121
   1211.58   999.99   15.143
   1213.11   999.99   15.177
   1214.63   999.99   15.192
   1216.15   999.99   15.198
   1217.68   999.99   15.200
   1219.20   999.99   15.202
   1220.73   999.99   15.222
   1222.25   999.99   15.257
   1223.77   999.99   15.289
   1225.30   999.99   15.314
   1226.82   999.99   15.351
   1228.35   999.99   15.387
   1229.87   999.99   15.408
   1231.39   999.99   15.416
   1232.92   999.99   15.429
   1234.44   999.99   15.452
   1235.97   999.99   15.481
   1237.49   999.99   15.506
   1239.02   999.99   15.530
   1240.54   999.99   15.554
   1242.06   999.99   15.577
   1243.59   999.99   15.601
   1245.11   999.99   15.623
   1246.64   999.99   15.644
   1248.16   999.99   15.663
   1249.68   999.99   15.693
   1251.21   999.99   15.726
   1252.73   999.99   15.760
   1254.26   999.99   15.790
   1255.78   999.99   15.811
   1257.30   999.99   15.827
   1258.83   999.99   15.854
   1260.35   999.99   15.881
   1261.88   999.99   15.881
   1263.40   999.99   15.874
   1264.92   999.99   15.876
   1266.45   999.99   15.892
   1267.97   999.99   15.910
   1269.49   999.99   15.931
   1271.02   999.99   15.958
   1272.54   999.99   15.983
   1274.07   999.99   16.004
   1275.59   999.99   16.024
   1277.11   999.99   16.044
   1278.64   999.99   16.062
   1280.16   999.99   16.076
   1281.69   999.99   16.098
   1283.21   999.99   16.118
   1284.73   999.99   16.118
   1286.26   999.99   16.114
   1287.78   999.99   16.113
   1289.31   999.99   16.118
   1290.83   999.99   16.131
   1292.35   999.99   16.156
   1293.88   999.99   16.195
   1295.40   999.99   16.221
   1296.93   999.99   16.092
   1298.45   999.99   16.115
   1299.97   999.99   16.146
   1301.50   999.99   16.171
   1303.02   999.99   16.191
   1304.55   999.99   16.219
   1306.07   999.99   16.219
   1307.59   999.99   16.220
   1309.12   999.99   16.259
   1310.64   999.99   16.307
   1312.17   999.99   16.342
   1313.69   999.99   16.366
   1315.21   999.99   16.388
   1316.74   999.99   16.413
   1318.26   999.99   16.436
   1319.79   999.99   16.456
   1321.31   999.99   16.477
   1322.83   999.99   16.493
   1324.36   999.99   16.507
   1325.88   999.99   16.517
   1327.41   999.99   16.530
   1328.93   999.99   16.550
   1330.45   999.99   16.571
   1331.98   999.99   16.588
   1333.50   999.99   16.614
   1335.03   999.99   16.606
   1336.55   999.99   16.617
   1338.07   999.99   16.651
   1339.60   999.99   16.704
   1341.12   999.99   16.753
   1342.65   999.99   16.782
   1344.17   999.99   16.789
   1345.69   999.99   16.789
   1347.22   999.99   16.791
   1348.74   999.99   16.804
   1350.27   999.99   16.824
   1351.79   999.99   16.847
   1353.31   999.99   16.870
   1354.84   999.99   16.893
   1356.36   999.99   16.920
   1357.89   999.99   16.944
   1359.41   999.99   16.968
   1360.94   999.99   16.993
   1362.46   999.99   17.018
   1363.98   999.99   17.042
   1365.51   999.99   17.066
   1367.03   999.99   17.093
   1368.56   999.99   17.126
   1370.08   999.99   17.160
   1371.60   999.99   17.198
   1373.13   999.99   17.232
   1374.65   999.99   17.261
   1376.18   999.99   17.282
   1377.70   999.99   17.300
   1379.22   999.99   17.322
   1380.75   999.99   17.346
   1382.27   999.99   17.367
   1383.80   999.99   17.396
   1385.32   999.99   17.428
   1386.84   999.99   17.466
   1388.37   999.99   17.506
   1389.89   999.99   17.543
   1391.42   999.99   17.571
   1392.94   999.99   17.594
   1394.46   999.99   17.617
   1395.99   999.99   17.641
   1397.51   999.99   17.664
   1399.04   999.99   17.689
   1400.56   999.99   17.716
   1402.08   999.99   17.743
   1403.61   999.99   17.769
   1405.13   999.99   17.795
   1406.66   999.99   17.822
   1408.18   999.99   17.847
   1409.70   999.99   17.877
   1411.23   999.99   17.902
   1412.75   999.99   17.925
   1414.28   999.99   17.949
   1415.80   999.99   17.969
   1417.32   999.99   17.981
   1418.85   999.99   17.981
   1420.37   999.99   17.983
   1421.90   999.99   17.996
   1423.42   999.99   18.021
   1424.94   999.99   18.053
   1426.47   999.99   18.087
   1427.99   999.99   18.118
   1429.52   999.99   18.142
   1431.04   999.99   18.162
   1432.56   999.99   18.177
   1434.09   999.99   18.189
   1435.61   999.99   18.204
   1437.14   999.99   18.219
   1438.66   999.99   18.233
   1440.18   999.99   18.246
   1441.71   999.99   18.259
   1443.23   999.99   18.280
   1444.76   999.99   18.306
   1446.28   999.99   18.323
   1447.80   999.99   18.338
   1449.33   999.99   18.349
   1450.85   999.99   18.360
   1452.37   999.99   18.363
   1453.90   999.99   18.378
   1455.42   999.99   18.416
   1456.95   999.99   18.393
   1458.47   999.99   18.372
   1459.99   999.99   18.388
   1461.52   999.99   18.461
   1463.04   999.99   18.518
   1464.57   999.99   18.561
   1466.09   999.99   18.599
   1467.61   999.99   18.626
   1469.14   999.99   18.641
   1470.66   999.99   18.654
   1472.19   999.99   18.664
   1473.71   999.99   18.673
   1475.23   999.99   18.685
   1476.76   999.99   18.699
   1478.28   999.99   18.711
   1479.81   999.99   18.712
   1481.33   999.99   18.718
   1482.85   999.99   18.750
   1484.38   999.99   18.803
   1485.90   999.99   18.854
   1487.43   999.99   18.884
   1488.95   999.99   18.907
   1490.47   999.99   18.921
   1492.00   999.99   18.938
   1493.52   999.99   18.962
   1495.05   999.99   18.994
   1496.57   999.99   19.018
   1498.09   999.99   19.033
   1499.62   999.99   19.047
   1501.14   999.99   19.065
   1502.67   999.99   19.084
   1504.19   999.99   19.107
   1505.71   999.99   19.124
   1507.24   999.99   19.128
   1508.76   999.99   19.134
   1510.29   999.99   19.179
   1511.81   999.99   19.248
   1513.33   999.99   19.300
   1514.86   999.99   19.328
   1516.38   999.99   19.334
   1517.91   999.99   19.343
   1519.43   999.99   19.359
   1520.95   999.99   19.382
   1522.48   999.99   19.412
   1524.00   999.99   19.441
   1525.53   999.99   19.478
   1527.05   999.99   19.509
   1528.57   999.99   19.556
   1530.10   999.99   19.588
   1531.62   999.99   19.607
   1533.15   999.99   19.615
   1534.67   999.99   19.616
   1536.19   999.99   19.614
   1537.72   999.99   19.639
   1539.24   999.99   19.688
   1540.77   999.99   19.713
   1542.29   999.99   19.673
   1543.81   999.99   19.712
   1545.34   999.99   19.779
   1546.86   999.99   19.832
   1548.39   999.99   19.785
   1549.91   999.99   19.792
   1551.44   999.99   19.898
   1552.96   999.99   19.969
   1554.48   999.99   20.017
   1556.01   999.99   20.071
   1557.53   999.99   20.079
   1559.06   999.99   20.100
   1560.58   999.99   20.134
   1562.10   999.99   20.187
   1563.63   999.99   20.219
   1565.15   999.99   20.262
   1566.68   999.99   20.204
   1568.20   999.99   20.187
   1569.72   999.99   20.274
   1571.25   999.99   20.328
   1572.77   999.99   20.338
   1574.30   999.99   20.323
   1575.82   999.99   20.343
   1577.34   999.99   20.383
   1578.87   999.99   20.428
   1580.39   999.99   20.462
   1581.92   999.99   20.504
   1583.44   999.99   20.499
   1584.96   999.99   20.481
   1586.49   999.99   20.449
   1588.01   999.99   20.451
   1589.54   999.99   20.516
   1591.06   999.99   20.513
   1592.58   999.99   20.514
   1594.11   999.99   20.524
   1595.63   999.99   20.507
   1597.16   999.99   20.564
   1598.68   999.99   20.604
   1600.20   999.99   20.629
   1601.73   999.99   20.669
   1603.25   999.99   20.697
   1604.78   999.99   20.718
   1606.30   999.99   20.760
   1607.82   999.99   20.769
   1609.35   999.99   20.770
   1610.87   999.99   20.771
   1612.40   999.99   20.777
   1613.92   999.99   20.796
   1615.44   999.99   20.815
   1616.97   999.99   20.819
   1618.49   999.99   20.822
   1620.02   999.99   20.836
   1621.54   999.99   20.867
   1623.06   999.99   20.892
   1624.59   999.99   20.911
   1626.11   999.99   20.960
   1627.64   999.99   20.991
   1629.16   999.99   20.993
   1630.68   999.99   21.033
   1632.21   999.99   21.091
   1633.73   999.99   21.122
   1635.26   999.99   21.152
   1636.78   999.99   21.120
   1638.30   999.99   21.142
   1639.83   999.99   21.146
   1641.35   999.99   21.176
   1642.88   999.99   21.158
   1644.40   999.99   21.188
   1645.92   999.99   21.168
   1647.45   999.99   21.207
   1648.97   999.99   21.215
   1650.49   999.99   21.332
   1652.02   999.99   21.290
   1653.54   999.99   21.220
   1655.07   999.99   21.270
   1656.59   999.99   21.268
   1658.11   999.99   21.259
   1659.64   999.99   21.299
   1661.16   999.99   21.291
   1662.69   999.99   21.291
   1664.21   999.99   21.309
   1665.73   999.99   21.349
   1667.26   999.99   21.348
   1668.78   999.99   21.386
   1670.31   999.99   21.447
   1671.83   999.99   21.507
   1673.35   999.99   21.544
   1674.88   999.99   21.536
   1676.40   999.99   21.566
   1677.93   999.99   21.589
   1679.45   999.99   21.606
   1680.97   999.99   21.609
   1682.50   999.99   21.598
   1684.02   999.99   21.559
   1685.55   999.99   21.521
   1687.07   999.99   21.674
   1688.59   999.99   21.672
   1690.12   999.99   21.699
   1691.64   999.99   21.686
   1693.17   999.99   21.673
   1694.69   999.99   21.716
   1696.21   999.99   21.724
   1697.74   999.99   21.757
   1699.26   999.99   21.793
   1700.79   999.99   21.768
   1702.31   999.99   21.776
   1703.83   999.99   21.820
   1705.36   999.99   21.839
   1706.88   999.99   21.849
   1708.41   999.99   21.881
   1709.93   999.99   21.902
   1711.45   999.99   21.973
   1712.98   999.99   21.970
   1714.50   999.99   21.946
   1716.03   999.99   21.983
   1717.55   999.99   22.072
   1719.07   999.99   22.049
   1720.60   999.99   22.039
   1722.12   999.99   22.030
   1723.65   999.99   22.062
   1725.17   999.99   22.063
   1726.69   999.99   22.093
   1728.22   999.99   22.127
   1729.74   999.99   22.154
   1731.27   999.99   22.172
   1732.79   999.99   22.240
   1734.31   999.99   22.334
   1735.84   999.99   22.452
   1737.36   999.99   22.488
   1738.89   999.99   22.432
   1740.41   999.99   22.507
   1741.94   999.99   22.608
   1743.46   999.99   22.722
   1744.98   999.99   22.726
   1746.51   999.99   22.563
   1748.03   999.99   22.551
   1749.56   999.99   22.549
   1751.08   999.99   22.525
   1752.60   999.99   22.502
   1754.13   999.99   22.430
   1755.65   999.99   22.511
   1757.18   999.99   22.574
   1758.70   999.99   22.670
   1760.22   999.99   22.650
   1761.75   999.99   22.481
   1763.27   999.99   22.463
   1764.80   999.99   22.478
   1766.32   999.99   22.523
   1767.84   999.99   22.486
   1769.37   999.99   22.678
   1770.89   999.99   22.728
   1772.42   999.99   22.747
   1773.94   999.99   22.705
   1775.46   999.99   22.843
   1776.99   999.99   22.903
   1778.51   999.99   22.705
   1780.04   999.99   22.614
   1781.56   999.99   22.582
   1783.08   999.99   22.646
   1784.61   999.99   22.729
   1786.13   999.99   22.756
   1787.66   999.99   22.742
   1789.18   999.99   22.679
   1790.70   999.99   22.772
   1792.23   999.99   22.847
   1793.75   999.99   22.829
   1795.28   999.99   22.786
   1796.80   999.99   22.947
   1798.32   999.99   22.994
   1799.85   999.99   23.292
   1801.37   999.99   23.356
   1802.90   999.99   23.282
   1804.42   999.99   23.153
   1805.94   999.99   23.094
   1807.47   999.99   23.203
   1808.99   999.99   23.389
   1810.52   999.99   23.501
   1812.04   999.99   23.505
   1813.56   999.99   23.486
   1815.09   999.99   23.547
   1816.61   999.99   23.579
   1818.14   999.99   23.600
   1819.66   999.99   23.483
   1821.18   999.99   23.383
   1822.71   999.99   23.373
   1824.23   999.99   23.330
   1825.76   999.99   23.231
   1827.28   999.99   23.313
   1828.80   999.99   23.313
   1830.33   999.99   23.374
   1831.85   999.99   23.333
   1833.38   999.99   23.293
   1834.90   999.99   23.469
   1836.42   999.99   23.572
   1837.95   999.99   23.429
   1839.47   999.99   23.573
   1841.00   999.99   23.688
   1842.52   999.99   23.738
   1844.04   999.99   23.643
   1845.57   999.99   23.623
   1847.09   999.99   23.581
   1848.62   999.99   23.562
   1850.14   999.99   23.507
   1851.66   999.99   23.393
   1853.19   999.99   23.296
   1854.71   999.99   23.199
   1856.24   999.99   23.185
   1857.76   999.99   23.084
   1859.28   999.99   23.075
   1860.81   999.99   23.139
   1862.33   999.99   23.150
   1863.86   999.99   23.082
   1865.38   999.99   23.032
   1866.90   999.99   22.984
   1868.43   999.99   22.952
   1869.95   999.99   22.907
   1871.48   999.99   22.856
   1873.00   999.99   22.842
   1874.52   999.99   22.841
   1876.05   999.99   22.816
   1877.57   999.99   22.762
   1879.10   999.99   22.764
   1880.62   999.99   22.752
   1882.14   999.99   22.713
   1883.67   999.99   22.690
   1885.19   999.99   22.701
