 << U.S. Geological Survey Borehole Temperature Log - Alaska >>
  
 Site:             ETK 
 Log Date:         84AUG01 
 Type of Log:      continuous  
 Type of Sensor:   thermistor network (custom)
 Measuring Device: digital multimeter
 Deconvolved:      no 
  
  Z   = measured depth (m)
  TVD = true vertical depth (m)
  T   = temperature (C)
  
        Z      TVD       T
     30.78   999.99   -9.263
     31.09   999.99   -9.261
     31.39   999.99   -9.259
     31.70   999.99   -9.247
     32.00   999.99   -9.244
     32.31   999.99   -9.237
     32.61   999.99   -9.226
     32.92   999.99   -9.218
     33.22   999.99   -9.208
     33.53   999.99   -9.198
     33.83   999.99   -9.187
     34.14   999.99   -9.175
     34.44   999.99   -9.169
     34.75   999.99   -9.162
     35.05   999.99   -9.149
     35.36   999.99   -9.143
     35.66   999.99   -9.135
     35.97   999.99   -9.126
     36.27   999.99   -9.119
     36.58   999.99   -9.109
     36.88   999.99   -9.094
     37.19   999.99   -9.086
     37.49   999.99   -9.075
     37.80   999.99   -9.069
     38.10   999.99   -9.058
     38.40   999.99   -9.044
     38.71   999.99   -9.038
     39.01   999.99   -9.031
     39.32   999.99   -9.024
     39.62   999.99   -9.017
     39.93   999.99   -9.005
     40.23   999.99   -9.000
     40.54   999.99   -8.991
     40.84   999.99   -8.973
     41.15   999.99   -8.965
     41.45   999.99   -8.953
     41.76   999.99   -8.943
     42.06   999.99   -8.934
     42.37   999.99   -8.925
     42.67   999.99   -8.920
     42.98   999.99   -8.914
     43.28   999.99   -8.901
     43.59   999.99   -8.896
     43.89   999.99   -8.891
     44.20   999.99   -8.884
     44.50   999.99   -8.878
     44.81   999.99   -8.867
     45.11   999.99   -8.860
     45.42   999.99   -8.852
     45.72   999.99   -8.838
     46.02   999.99   -8.832
     46.33   999.99   -8.825
     46.63   999.99   -8.819
     46.94   999.99   -8.814
     47.24   999.99   -8.804
     47.55   999.99   -8.792
     47.85   999.99   -8.788
     48.16   999.99   -8.779
     48.46   999.99   -8.772
     48.77   999.99   -8.765
     49.07   999.99   -8.755
     49.38   999.99   -8.749
     49.68   999.99   -8.743
     49.99   999.99   -8.732
     50.29   999.99   -8.725
     50.60   999.99   -8.716
     50.90   999.99   -8.710
     51.21   999.99   -8.704
     51.51   999.99   -8.693
     51.82   999.99   -8.685
     52.12   999.99   -8.678
     52.43   999.99   -8.670
     52.73   999.99   -8.663
     53.04   999.99   -8.656
     53.34   999.99   -8.648
     53.64   999.99   -8.640
     53.95   999.99   -8.630
     54.25   999.99   -8.622
     54.56   999.99   -8.615
     54.86   999.99   -8.600
     55.17   999.99   -8.591
     55.47   999.99   -8.584
     55.78   999.99   -8.572
     56.08   999.99   -8.566
     56.39   999.99   -8.560
     56.69   999.99   -8.555
     57.00   999.99   -8.548
     57.30   999.99   -8.534
     57.61   999.99   -8.528
     57.91   999.99   -8.521
     58.22   999.99   -8.507
     58.52   999.99   -8.500
     58.83   999.99   -8.489
     59.13   999.99   -8.476
     59.44   999.99   -8.471
     59.74   999.99   -8.461
     60.05   999.99   -8.454
     60.35   999.99   -8.447
     60.66   999.99   -8.436
     60.96   999.99   -8.431
     61.26   999.99   -8.425
     61.57   999.99   -8.417
     61.87   999.99   -8.407
     62.18   999.99   -8.396
     62.48   999.99   -8.386
     62.79   999.99   -8.377
     63.09   999.99   -8.364
     63.40   999.99   -8.356
     63.70   999.99   -8.346
     64.01   999.99   -8.337
     64.31   999.99   -8.329
     64.62   999.99   -8.321
     64.92   999.99   -8.313
     65.23   999.99   -8.305
     65.53   999.99   -8.294
     65.84   999.99   -8.287
     66.14   999.99   -8.277
     66.45   999.99   -8.265
     66.75   999.99   -8.257
     67.06   999.99   -8.246
     67.36   999.99   -8.238
     67.67   999.99   -8.229
     67.97   999.99   -8.216
     68.28   999.99   -8.208
     68.58   999.99   -8.197
     68.88   999.99   -8.187
     69.19   999.99   -8.180
     69.49   999.99   -8.169
     69.80   999.99   -8.159
     70.10   999.99   -8.152
     70.41   999.99   -8.137
     70.71   999.99   -8.126
     71.02   999.99   -8.113
     71.32   999.99   -8.105
     71.63   999.99   -8.097
     71.93   999.99   -8.086
     72.24   999.99   -8.079
     72.54   999.99   -8.067
     72.85   999.99   -8.056
     73.15   999.99   -8.047
     73.46   999.99   -8.035
     73.76   999.99   -8.024
     74.07   999.99   -8.015
     74.37   999.99   -8.002
     74.68   999.99   -7.990
     74.98   999.99   -7.980
     75.29   999.99   -7.967
     75.59   999.99   -7.961
     75.90   999.99   -7.950
     76.20   999.99   -7.943
     76.50   999.99   -7.936
     76.81   999.99   -7.922
     77.11   999.99   -7.914
     77.42   999.99   -7.904
     77.72   999.99   -7.891
     78.03   999.99   -7.883
     78.33   999.99   -7.870
     78.64   999.99   -7.863
     78.94   999.99   -7.854
     79.25   999.99   -7.840
     79.55   999.99   -7.829
     79.86   999.99   -7.817
     80.16   999.99   -7.803
     80.47   999.99   -7.794
     80.77   999.99   -7.782
     81.08   999.99   -7.773
     81.38   999.99   -7.764
     81.69   999.99   -7.743
     81.99   999.99   -7.730
     82.30   999.99   -7.720
     82.60   999.99   -7.711
     82.91   999.99   -7.701
     83.21   999.99   -7.691
     83.52   999.99   -7.682
     83.82   999.99   -7.674
     84.12   999.99   -7.658
     84.43   999.99   -7.651
     84.73   999.99   -7.644
     85.04   999.99   -7.634
     85.34   999.99   -7.626
     85.65   999.99   -7.614
     85.95   999.99   -7.604
     86.26   999.99   -7.595
     86.56   999.99   -7.583
     86.87   999.99   -7.575
     87.17   999.99   -7.566
     87.48   999.99   -7.554
     87.78   999.99   -7.544
     88.09   999.99   -7.527
     88.39   999.99   -7.515
     88.70   999.99   -7.503
     89.00   999.99   -7.486
     89.31   999.99   -7.474
     89.61   999.99   -7.466
     89.92   999.99   -7.455
     90.22   999.99   -7.442
     90.53   999.99   -7.428
     90.83   999.99   -7.414
     91.14   999.99   -7.404
     91.44   999.99   -7.391
     91.74   999.99   -7.383
     92.05   999.99   -7.373
     92.35   999.99   -7.360
     92.66   999.99   -7.349
     92.96   999.99   -7.328
     93.27   999.99   -7.317
     93.57   999.99   -7.310
     93.88   999.99   -7.304
     94.18   999.99   -7.297
     94.49   999.99   -7.286
     94.79   999.99   -7.271
     95.10   999.99   -7.259
     95.40   999.99   -7.242
     95.71   999.99   -7.227
     96.01   999.99   -7.212
     96.32   999.99   -7.198
     96.62   999.99   -7.186
     96.93   999.99   -7.172
     97.23   999.99   -7.164
     97.54   999.99   -7.155
     97.84   999.99   -7.135
     98.15   999.99   -7.124
     98.45   999.99   -7.111
     98.76   999.99   -7.098
     99.06   999.99   -7.083
     99.36   999.99   -7.066
     99.67   999.99   -7.056
     99.97   999.99   -7.046
    100.28   999.99   -7.030
    100.58   999.99   -7.018
    100.89   999.99   -7.011
    101.19   999.99   -7.002
    101.50   999.99   -6.990
    101.80   999.99   -6.972
    102.11   999.99   -6.961
    102.41   999.99   -6.949
    102.72   999.99   -6.926
    103.02   999.99   -6.914
    103.33   999.99   -6.902
    103.63   999.99   -6.894
    103.94   999.99   -6.885
    104.24   999.99   -6.873
    104.55   999.99   -6.862
    104.85   999.99   -6.847
    105.16   999.99   -6.834
    105.46   999.99   -6.826
    105.77   999.99   -6.801
    106.07   999.99   -6.786
    106.38   999.99   -6.779
    106.68   999.99   -6.771
    106.99   999.99   -6.762
    107.29   999.99   -6.747
    107.59   999.99   -6.737
    107.90   999.99   -6.728
    108.20   999.99   -6.716
    108.51   999.99   -6.707
    108.81   999.99   -6.692
    109.12   999.99   -6.681
    109.42   999.99   -6.672
    109.73   999.99   -6.657
    110.03   999.99   -6.646
    110.34   999.99   -6.636
    110.64   999.99   -6.624
    110.95   999.99   -6.613
    111.25   999.99   -6.599
    111.56   999.99   -6.587
    111.86   999.99   -6.571
    112.17   999.99   -6.552
    112.47   999.99   -6.540
    112.78   999.99   -6.526
    113.08   999.99   -6.516
    113.39   999.99   -6.508
    113.69   999.99   -6.495
    114.00   999.99   -6.484
    114.30   999.99   -6.470
    114.61   999.99   -6.457
    114.91   999.99   -6.448
    115.21   999.99   -6.434
    115.52   999.99   -6.422
    115.82   999.99   -6.404
    116.13   999.99   -6.382
    116.43   999.99   -6.369
    116.74   999.99   -6.355
    117.04   999.99   -6.336
    117.35   999.99   -6.324
    117.65   999.99   -6.306
    117.96   999.99   -6.288
    118.26   999.99   -6.275
    118.57   999.99   -6.258
    118.87   999.99   -6.242
    119.18   999.99   -6.227
    119.48   999.99   -6.208
    119.79   999.99   -6.196
    120.09   999.99   -6.181
    120.40   999.99   -6.167
    120.70   999.99   -6.150
    121.01   999.99   -6.133
    121.31   999.99   -6.120
    121.62   999.99   -6.099
    121.92   999.99   -6.083
    122.22   999.99   -6.066
    122.53   999.99   -6.050
    122.83   999.99   -6.037
    123.14   999.99   -6.025
    123.44   999.99   -6.012
    123.75   999.99   -5.992
    124.05   999.99   -5.975
    124.36   999.99   -5.956
    124.66   999.99   -5.939
    124.97   999.99   -5.921
    125.27   999.99   -5.907
    125.58   999.99   -5.893
    125.88   999.99   -5.879
    126.19   999.99   -5.864
    126.49   999.99   -5.846
    126.80   999.99   -5.829
    127.10   999.99   -5.810
    127.41   999.99   -5.790
    127.71   999.99   -5.777
    128.02   999.99   -5.759
    128.32   999.99   -5.744
    128.63   999.99   -5.727
    128.93   999.99   -5.708
    129.24   999.99   -5.695
    129.54   999.99   -5.674
    129.85   999.99   -5.660
    130.15   999.99   -5.643
    130.45   999.99   -5.623
    130.76   999.99   -5.608
    131.06   999.99   -5.588
    131.37   999.99   -5.568
    131.67   999.99   -5.553
    131.98   999.99   -5.534
    132.28   999.99   -5.517
    132.59   999.99   -5.499
    132.89   999.99   -5.487
    133.20   999.99   -5.476
    133.50   999.99   -5.462
    133.81   999.99   -5.440
    134.11   999.99   -5.422
    134.42   999.99   -5.402
    134.72   999.99   -5.386
    135.03   999.99   -5.365
    135.33   999.99   -5.349
    135.64   999.99   -5.335
    135.94   999.99   -5.321
    136.25   999.99   -5.303
    136.55   999.99   -5.287
    136.86   999.99   -5.270
    137.16   999.99   -5.255
    137.47   999.99   -5.233
    137.77   999.99   -5.212
    138.07   999.99   -5.195
    138.38   999.99   -5.183
    138.68   999.99   -5.169
    138.99   999.99   -5.154
    139.29   999.99   -5.129
    139.60   999.99   -5.106
    139.90   999.99   -5.090
    140.21   999.99   -5.077
    140.51   999.99   -5.063
    140.82   999.99   -5.052
    141.12   999.99   -5.039
    141.43   999.99   -5.018
    141.73   999.99   -5.000
    142.04   999.99   -4.982
    142.34   999.99   -4.964
    142.65   999.99   -4.948
    142.95   999.99   -4.932
    143.26   999.99   -4.916
    143.56   999.99   -4.899
    143.87   999.99   -4.878
    144.17   999.99   -4.859
    144.48   999.99   -4.845
    144.78   999.99   -4.831
    145.09   999.99   -4.815
    145.39   999.99   -4.795
    145.69   999.99   -4.776
    146.00   999.99   -4.760
    146.30   999.99   -4.748
    146.61   999.99   -4.730
    146.91   999.99   -4.712
    147.22   999.99   -4.701
    147.52   999.99   -4.686
    147.83   999.99   -4.671
    148.13   999.99   -4.655
    148.44   999.99   -4.636
    148.74   999.99   -4.617
    149.05   999.99   -4.599
    149.35   999.99   -4.581
    149.66   999.99   -4.566
    149.96   999.99   -4.546
    150.27   999.99   -4.529
    150.57   999.99   -4.513
    150.88   999.99   -4.504
    151.18   999.99   -4.493
    151.49   999.99   -4.477
    151.79   999.99   -4.464
    152.10   999.99   -4.450
    152.40   999.99   -4.432
    152.71   999.99   -4.416
    153.01   999.99   -4.399
    153.31   999.99   -4.383
    153.62   999.99   -4.376
    153.92   999.99   -4.363
    154.23   999.99   -4.346
    154.53   999.99   -4.328
    154.84   999.99   -4.309
    155.14   999.99   -4.290
    155.45   999.99   -4.270
    155.75   999.99   -4.259
    156.06   999.99   -4.245
    156.36   999.99   -4.229
    156.67   999.99   -4.214
    156.97   999.99   -4.201
    157.28   999.99   -4.189
    157.58   999.99   -4.179
    157.89   999.99   -4.166
    158.19   999.99   -4.152
    158.50   999.99   -4.133
    158.80   999.99   -4.116
    159.11   999.99   -4.095
    159.41   999.99   -4.082
    159.72   999.99   -4.072
    160.02   999.99   -4.056
    160.33   999.99   -4.039
    160.63   999.99   -4.022
    160.93   999.99   -4.009
    161.24   999.99   -3.993
    161.54   999.99   -3.972
    161.85   999.99   -3.955
    162.15   999.99   -3.946
    162.46   999.99   -3.934
    162.76   999.99   -3.924
    163.07   999.99   -3.906
    163.37   999.99   -3.893
    163.68   999.99   -3.878
    163.98   999.99   -3.862
    164.29   999.99   -3.852
    164.59   999.99   -3.831
    164.90   999.99   -3.810
    165.20   999.99   -3.794
    165.51   999.99   -3.786
    165.81   999.99   -3.776
    166.12   999.99   -3.766
    166.42   999.99   -3.758
    166.73   999.99   -3.742
    167.03   999.99   -3.725
    167.34   999.99   -3.713
    167.64   999.99   -3.702
    167.95   999.99   -3.686
    168.25   999.99   -3.674
    168.55   999.99   -3.660
    168.86   999.99   -3.648
    169.16   999.99   -3.637
    169.47   999.99   -3.627
    169.77   999.99   -3.611
    170.08   999.99   -3.593
    170.38   999.99   -3.578
    170.69   999.99   -3.564
    170.99   999.99   -3.551
    171.30   999.99   -3.534
    171.60   999.99   -3.513
    171.91   999.99   -3.499
    172.21   999.99   -3.488
    172.52   999.99   -3.476
    172.82   999.99   -3.459
    173.13   999.99   -3.446
    173.43   999.99   -3.432
    173.74   999.99   -3.415
    174.04   999.99   -3.395
    174.35   999.99   -3.383
    174.65   999.99   -3.370
    174.96   999.99   -3.355
    175.26   999.99   -3.348
    175.57   999.99   -3.341
    175.87   999.99   -3.328
    176.17   999.99   -3.307
    176.48   999.99   -3.294
    176.78   999.99   -3.284
    177.09   999.99   -3.270
    177.39   999.99   -3.257
    177.70   999.99   -3.244
    178.00   999.99   -3.233
    178.31   999.99   -3.224
    178.61   999.99   -3.216
    178.92   999.99   -3.209
    179.22   999.99   -3.198
    179.53   999.99   -3.186
    179.83   999.99   -3.174
    180.14   999.99   -3.163
    180.44   999.99   -3.151
    180.75   999.99   -3.134
    181.05   999.99   -3.121
    181.36   999.99   -3.111
    181.66   999.99   -3.099
    181.97   999.99   -3.088
    182.27   999.99   -3.077
    182.58   999.99   -3.066
    182.88   999.99   -3.054
    183.19   999.99   -3.042
    183.49   999.99   -3.035
    183.79   999.99   -3.024
    184.10   999.99   -3.008
    184.40   999.99   -2.997
    184.71   999.99   -2.988
    185.01   999.99   -2.973
    185.32   999.99   -2.957
    185.62   999.99   -2.941
    185.93   999.99   -2.932
    186.23   999.99   -2.923
    186.54   999.99   -2.915
    186.84   999.99   -2.907
    187.15   999.99   -2.901
    187.45   999.99   -2.888
    187.76   999.99   -2.874
    188.06   999.99   -2.863
    188.37   999.99   -2.847
    188.67   999.99   -2.836
    188.98   999.99   -2.827
    189.28   999.99   -2.820
    189.59   999.99   -2.812
    189.89   999.99   -2.802
    190.20   999.99   -2.792
    190.50   999.99   -2.778
    190.81   999.99   -2.766
    191.11   999.99   -2.755
    191.41   999.99   -2.744
    191.72   999.99   -2.736
    192.02   999.99   -2.723
    192.33   999.99   -2.710
    192.63   999.99   -2.698
    192.94   999.99   -2.682
    193.24   999.99   -2.670
    193.55   999.99   -2.653
    193.85   999.99   -2.639
    194.16   999.99   -2.617
    194.46   999.99   -2.604
    194.77   999.99   -2.595
    195.07   999.99   -2.590
    195.38   999.99   -2.583
    195.68   999.99   -2.573
    195.99   999.99   -2.565
    196.29   999.99   -2.552
    196.60   999.99   -2.538
    196.90   999.99   -2.529
    197.21   999.99   -2.521
    197.51   999.99   -2.513
    197.82   999.99   -2.500
    198.12   999.99   -2.491
    198.43   999.99   -2.479
    198.73   999.99   -2.464
    199.03   999.99   -2.454
    199.34   999.99   -2.443
    199.64   999.99   -2.431
    199.95   999.99   -2.423
    200.25   999.99   -2.415
    200.56   999.99   -2.408
    200.86   999.99   -2.396
    201.17   999.99   -2.388
    201.47   999.99   -2.379
    201.78   999.99   -2.367
    202.08   999.99   -2.355
    202.39   999.99   -2.347
    202.69   999.99   -2.337
    203.00   999.99   -2.325
    203.30   999.99   -2.315
    203.61   999.99   -2.306
    203.91   999.99   -2.290
    204.22   999.99   -2.279
    204.52   999.99   -2.268
    204.83   999.99   -2.257
    205.13   999.99   -2.248
    205.44   999.99   -2.239
    205.74   999.99   -2.231
    206.05   999.99   -2.221
    206.35   999.99   -2.209
    206.65   999.99   -2.194
    206.96   999.99   -2.179
    207.26   999.99   -2.167
    207.57   999.99   -2.157
    207.87   999.99   -2.150
    208.18   999.99   -2.144
    208.48   999.99   -2.136
    208.79   999.99   -2.126
    209.09   999.99   -2.117
    209.40   999.99   -2.107
    209.70   999.99   -2.096
    210.01   999.99   -2.081
    210.31   999.99   -2.066
    210.62   999.99   -2.056
    210.92   999.99   -2.047
    211.23   999.99   -2.039
    211.53   999.99   -2.030
    211.84   999.99   -2.020
    212.14   999.99   -2.009
    212.45   999.99   -1.999
    212.75   999.99   -1.990
    213.06   999.99   -1.979
    213.36   999.99   -1.966
    213.67   999.99   -1.955
    213.97   999.99   -1.941
    214.27   999.99   -1.925
    214.58   999.99   -1.908
    214.88   999.99   -1.898
    215.19   999.99   -1.888
    215.49   999.99   -1.875
    215.80   999.99   -1.861
    216.10   999.99   -1.852
    216.41   999.99   -1.843
    216.71   999.99   -1.832
    217.02   999.99   -1.819
    217.32   999.99   -1.810
    217.63   999.99   -1.798
    217.93   999.99   -1.783
    218.24   999.99   -1.764
    218.54   999.99   -1.752
    218.85   999.99   -1.743
    219.15   999.99   -1.729
    219.46   999.99   -1.719
    219.76   999.99   -1.701
    220.07   999.99   -1.684
    220.37   999.99   -1.662
    220.68   999.99   -1.642
    220.98   999.99   -1.633
    221.29   999.99   -1.619
    221.59   999.99   -1.608
    221.89   999.99   -1.601
    222.20   999.99   -1.594
    222.50   999.99   -1.577
    222.81   999.99   -1.565
    223.11   999.99   -1.550
    223.42   999.99   -1.537
    223.72   999.99   -1.527
    224.03   999.99   -1.515
    224.33   999.99   -1.505
    224.64   999.99   -1.490
    224.94   999.99   -1.475
    225.25   999.99   -1.463
    225.55   999.99   -1.448
    225.86   999.99   -1.441
    226.16   999.99   -1.429
    226.47   999.99   -1.411
    226.77   999.99   -1.396
    227.08   999.99   -1.383
    227.38   999.99   -1.377
    227.69   999.99   -1.367
    227.99   999.99   -1.354
    228.30   999.99   -1.342
    228.60   999.99   -1.324
    228.91   999.99   -1.308
    229.21   999.99   -1.290
    229.51   999.99   -1.276
    229.82   999.99   -1.264
    230.12   999.99   -1.251
    230.43   999.99   -1.238
    230.73   999.99   -1.226
    231.04   999.99   -1.215
    231.34   999.99   -1.197
    231.65   999.99   -1.180
    231.95   999.99   -1.168
    232.26   999.99   -1.155
    232.56   999.99   -1.144
    232.87   999.99   -1.136
    233.17   999.99   -1.112
    233.48   999.99   -1.093
    233.78   999.99   -1.073
    234.09   999.99   -1.064
    234.39   999.99   -1.057
    234.70   999.99   -1.046
    235.00   999.99   -1.032
    235.31   999.99   -1.020
    235.61   999.99   -1.006
    235.92   999.99    -.989
    236.22   999.99    -.978
    236.53   999.99    -.968
    236.83   999.99    -.955
    237.13   999.99    -.945
    237.44   999.99    -.935
    237.74   999.99    -.927
    238.05   999.99    -.918
    238.35   999.99    -.918
    238.66   999.99    -.878
    238.96   999.99    -.860
    239.27   999.99    -.852
    239.57   999.99    -.844
    239.88   999.99    -.836
    240.18   999.99    -.824
    240.49   999.99    -.817
    240.79   999.99    -.810
    241.10   999.99    -.801
    241.40   999.99    -.791
    241.71   999.99    -.777
    242.01   999.99    -.766
    242.32   999.99    -.754
    242.62   999.99    -.741
    242.93   999.99    -.730
    243.23   999.99    -.720
    243.54   999.99    -.709
    243.84   999.99    -.701
    244.15   999.99    -.694
    244.45   999.99    -.684
    244.75   999.99    -.671
    245.06   999.99    -.660
    245.36   999.99    -.652
    245.67   999.99    -.642
    245.97   999.99    -.632
    246.28   999.99    -.622
    246.58   999.99    -.610
    246.89   999.99    -.602
    247.19   999.99    -.594
    247.50   999.99    -.586
    247.80   999.99    -.577
    248.11   999.99    -.570
    248.41   999.99    -.562
    248.72   999.99    -.571
    249.02   999.99    -.562
    249.33   999.99    -.557
    249.63   999.99    -.519
    249.94   999.99    -.426
    250.24   999.99    -.347
    250.55   999.99    -.289
    250.85   999.99    -.241
    251.16   999.99    -.206
    251.46   999.99    -.188
    251.77   999.99    -.167
    252.07   999.99    -.152
    252.37   999.99    -.145
    252.68   999.99    -.140
    252.98   999.99    -.131
    253.29   999.99    -.111
    253.59   999.99    -.105
    253.90   999.99    -.101
    254.20   999.99    -.096
    254.51   999.99    -.087
    254.81   999.99    -.078
    255.12   999.99    -.070
    255.42   999.99    -.065
    255.73   999.99    -.057
    256.03   999.99    -.049
    256.34   999.99    -.036
    256.64   999.99    -.023
    256.95   999.99    -.015
    257.25   999.99    -.009
    257.56   999.99    -.002
    257.86   999.99     .011
    258.17   999.99     .024
    258.47   999.99     .037
    258.78   999.99     .046
    259.08   999.99     .055
    259.39   999.99     .065
    259.69   999.99     .078
    259.99   999.99     .092
    260.30   999.99     .105
    260.60   999.99     .110
    260.91   999.99     .121
    261.21   999.99     .133
    261.52   999.99     .140
    261.82   999.99     .155
    262.13   999.99     .166
    262.43   999.99     .173
    262.74   999.99     .186
    263.04   999.99     .193
    263.35   999.99     .202
    263.65   999.99     .219
    263.96   999.99     .232
    264.26   999.99     .245
    264.57   999.99     .257
    264.87   999.99     .270
    265.18   999.99     .284
    265.48   999.99     .298
    265.79   999.99     .311
    266.09   999.99     .322
    266.40   999.99     .335
    266.70   999.99     .346
    267.01   999.99     .360
    267.31   999.99     .370
    267.61   999.99     .385
    267.92   999.99     .396
    268.22   999.99     .405
    268.53   999.99     .421
    268.83   999.99     .433
    269.14   999.99     .447
    269.44   999.99     .457
    269.75   999.99     .473
    270.05   999.99     .490
    270.36   999.99     .501
    270.66   999.99     .517
    270.97   999.99     .531
    271.27   999.99     .543
    271.58   999.99     .554
    271.88   999.99     .564
    272.19   999.99     .571
    272.49   999.99     .592
    272.80   999.99     .610
    273.10   999.99     .619
    273.41   999.99     .635
    273.71   999.99     .646
    274.02   999.99     .664
    274.32   999.99     .679
    274.63   999.99     .690
    274.93   999.99     .699
    275.23   999.99     .711
    275.54   999.99     .726
    275.84   999.99     .734
    276.15   999.99     .746
    276.45   999.99     .759
    276.76   999.99     .774
    277.06   999.99     .790
    277.37   999.99     .803
    277.67   999.99     .814
    277.98   999.99     .830
    278.28   999.99     .846
    278.59   999.99     .859
    278.89   999.99     .876
    279.20   999.99     .892
    279.50   999.99     .905
    279.81   999.99     .920
    280.11   999.99     .936
    280.42   999.99     .946
    280.72   999.99     .960
    281.03   999.99     .966
    281.33   999.99     .982
    281.64   999.99     .995
    281.94   999.99    1.010
    282.25   999.99    1.023
    282.55   999.99    1.040
    282.86   999.99    1.050
    283.16   999.99    1.060
    283.46   999.99    1.074
    283.77   999.99    1.090
    284.07   999.99    1.106
    284.38   999.99    1.116
    284.68   999.99    1.132
    284.99   999.99    1.148
    285.29   999.99    1.166
    285.60   999.99    1.183
    285.90   999.99    1.200
    286.21   999.99    1.215
    286.51   999.99    1.226
    286.82   999.99    1.240
    287.12   999.99    1.252
    287.43   999.99    1.264
    287.73   999.99    1.281
    288.04   999.99    1.296
    288.34   999.99    1.309
    288.65   999.99    1.326
    288.95   999.99    1.338
    289.26   999.99    1.355
    289.56   999.99    1.368
    289.87   999.99    1.384
    290.17   999.99    1.398
    290.48   999.99    1.407
    290.78   999.99    1.418
    291.08   999.99    1.431
    291.39   999.99    1.444
    291.69   999.99    1.457
    292.00   999.99    1.469
    292.30   999.99    1.484
    292.61   999.99    1.499
    292.91   999.99    1.510
    293.22   999.99    1.520
    293.52   999.99    1.538
    293.83   999.99    1.555
    294.13   999.99    1.568
    294.44   999.99    1.583
    294.74   999.99    1.597
    295.05   999.99    1.612
    295.35   999.99    1.622
    295.66   999.99    1.635
    295.96   999.99    1.645
    296.27   999.99    1.657
    296.57   999.99    1.673
    296.88   999.99    1.689
    297.18   999.99    1.708
    297.49   999.99    1.727
    297.79   999.99    1.744
    298.10   999.99    1.759
    298.40   999.99    1.776
    298.70   999.99    1.789
    299.01   999.99    1.800
    299.31   999.99    1.815
    299.62   999.99    1.830
    299.92   999.99    1.846
    300.23   999.99    1.860
    300.53   999.99    1.869
    300.84   999.99    1.887
    301.14   999.99    1.897
    301.45   999.99    1.911
    301.75   999.99    1.930
    302.06   999.99    1.947
    302.36   999.99    1.961
    302.67   999.99    1.970
    302.97   999.99    1.984
    303.28   999.99    2.001
    303.58   999.99    2.016
    303.89   999.99    2.025
    304.19   999.99    2.035
    304.50   999.99    2.044
    304.80   999.99    2.060
    305.11   999.99    2.077
    305.41   999.99    2.089
    305.71   999.99    2.101
    306.02   999.99    2.116
    306.32   999.99    2.130
    306.63   999.99    2.147
    306.93   999.99    2.163
    307.24   999.99    2.176
    307.54   999.99    2.187
    307.85   999.99    2.200
    308.15   999.99    2.212
    308.46   999.99    2.230
    308.76   999.99    2.246
    309.07   999.99    2.259
    309.37   999.99    2.274
    309.68   999.99    2.286
    309.98   999.99    2.300
    310.29   999.99    2.313
    310.59   999.99    2.327
    310.90   999.99    2.342
    311.20   999.99    2.360
    311.51   999.99    2.375
    311.81   999.99    2.389
    312.12   999.99    2.403
    312.42   999.99    2.416
    312.73   999.99    2.432
    313.03   999.99    2.446
    313.33   999.99    2.459
    313.64   999.99    2.472
    313.94   999.99    2.484
    314.25   999.99    2.498
    314.55   999.99    2.511
    314.86   999.99    2.524
    315.16   999.99    2.537
    315.47   999.99    2.550
    315.77   999.99    2.566
    316.08   999.99    2.578
    316.38   999.99    2.587
    316.69   999.99    2.598
    316.99   999.99    2.612
    317.30   999.99    2.627
    317.60   999.99    2.642
    317.91   999.99    2.654
    318.21   999.99    2.669
    318.52   999.99    2.684
    318.82   999.99    2.694
    319.13   999.99    2.703
    319.43   999.99    2.716
    319.74   999.99    2.734
    320.04   999.99    2.746
    320.35   999.99    2.757
    320.65   999.99    2.767
    320.95   999.99    2.780
    321.26   999.99    2.796
    321.56   999.99    2.809
    321.87   999.99    2.823
    322.17   999.99    2.833
    322.48   999.99    2.846
    322.78   999.99    2.858
    323.09   999.99    2.869
    323.39   999.99    2.877
    323.70   999.99    2.894
    324.00   999.99    2.910
    324.31   999.99    2.924
    324.61   999.99    2.936
    324.92   999.99    2.950
    325.22   999.99    2.965
    325.53   999.99    2.977
    325.83   999.99    2.990
    326.14   999.99    3.005
    326.44   999.99    3.015
    326.75   999.99    3.025
    327.05   999.99    3.034
    327.36   999.99    3.042
    327.66   999.99    3.049
    327.97   999.99    3.063
    328.27   999.99    3.077
    328.58   999.99    3.090
    328.88   999.99    3.105
    329.18   999.99    3.118
    329.49   999.99    3.129
    329.79   999.99    3.143
    330.10   999.99    3.156
    330.40   999.99    3.168
    330.71   999.99    3.178
    331.01   999.99    3.193
    331.32   999.99    3.206
    331.62   999.99    3.217
    331.93   999.99    3.231
    332.23   999.99    3.241
    332.54   999.99    3.254
    332.84   999.99    3.269
    333.15   999.99    3.281
    333.45   999.99    3.296
    333.76   999.99    3.306
    334.06   999.99    3.319
    334.37   999.99    3.332
    334.67   999.99    3.342
    334.98   999.99    3.354
    335.28   999.99    3.368
    335.59   999.99    3.379
    335.89   999.99    3.397
    336.20   999.99    3.411
    336.50   999.99    3.423
    336.80   999.99    3.436
    337.11   999.99    3.446
    337.41   999.99    3.460
    337.72   999.99    3.474
    338.02   999.99    3.494
    338.33   999.99    3.506
    338.63   999.99    3.516
    338.94   999.99    3.530
    339.24   999.99    3.547
    339.55   999.99    3.560
    339.85   999.99    3.570
    340.16   999.99    3.578
    340.46   999.99    3.590
    340.77   999.99    3.602
    341.07   999.99    3.615
    341.38   999.99    3.624
    341.68   999.99    3.638
    341.99   999.99    3.649
    342.29   999.99    3.660
    342.60   999.99    3.674
    342.90   999.99    3.688
    343.21   999.99    3.697
    343.51   999.99    3.706
    343.82   999.99    3.718
    344.12   999.99    3.727
    344.42   999.99    3.742
    344.73   999.99    3.755
    345.03   999.99    3.766
    345.34   999.99    3.776
    345.64   999.99    3.787
    345.95   999.99    3.801
    346.25   999.99    3.813
    346.56   999.99    3.826
    346.86   999.99    3.837
    347.17   999.99    3.848
    347.47   999.99    3.862
    347.78   999.99    3.877
    348.08   999.99    3.893
    348.39   999.99    3.906
    348.69   999.99    3.918
    349.00   999.99    3.930
    349.30   999.99    3.940
    349.61   999.99    3.952
    349.91   999.99    3.964
    350.22   999.99    3.975
    350.52   999.99    3.985
    350.83   999.99    3.994
    351.13   999.99    4.007
    351.44   999.99    4.024
    351.74   999.99    4.037
    352.04   999.99    4.049
    352.35   999.99    4.059
    352.65   999.99    4.070
    352.96   999.99    4.087
    353.26   999.99    4.103
    353.57   999.99    4.115
    353.87   999.99    4.127
    354.18   999.99    4.136
    354.48   999.99    4.146
    354.79   999.99    4.159
    355.09   999.99    4.172
    355.40   999.99    4.186
    355.70   999.99    4.202
    356.01   999.99    4.216
    356.31   999.99    4.227
    356.62   999.99    4.240
    356.92   999.99    4.258
    357.23   999.99    4.270
    357.53   999.99    4.282
    357.84   999.99    4.292
    358.14   999.99    4.308
    358.45   999.99    4.320
    358.75   999.99    4.330
    359.06   999.99    4.342
    359.36   999.99    4.355
    359.66   999.99    4.369
    359.97   999.99    4.377
    360.27   999.99    4.386
    360.58   999.99    4.398
    360.88   999.99    4.409
    361.19   999.99    4.421
    361.49   999.99    4.431
    361.80   999.99    4.441
    362.10   999.99    4.452
    362.41   999.99    4.465
    362.71   999.99    4.480
    363.02   999.99    4.493
    363.32   999.99    4.508
    363.63   999.99    4.519
    363.93   999.99    4.531
    364.24   999.99    4.546
    364.54   999.99    4.559
    364.85   999.99    4.567
    365.15   999.99    4.576
    365.46   999.99    4.588
    365.76   999.99    4.602
    366.07   999.99    4.612
    366.37   999.99    4.623
    366.68   999.99    4.636
    366.98   999.99    4.653
    367.28   999.99    4.663
    367.59   999.99    4.683
    367.89   999.99    4.694
    368.20   999.99    4.704
    368.50   999.99    4.714
    368.81   999.99    4.730
    369.11   999.99    4.740
    369.42   999.99    4.748
    369.72   999.99    4.758
    370.03   999.99    4.772
    370.33   999.99    4.788
    370.64   999.99    4.801
    370.94   999.99    4.814
    371.25   999.99    4.825
    371.55   999.99    4.834
    371.86   999.99    4.847
    372.16   999.99    4.862
    372.47   999.99    4.879
    372.77   999.99    4.891
    373.08   999.99    4.903
    373.38   999.99    4.914
    373.69   999.99    4.925
    373.99   999.99    4.933
    374.30   999.99    4.945
    374.60   999.99    4.960
    374.90   999.99    4.973
    375.21   999.99    4.985
    375.51   999.99    5.000
    375.82   999.99    5.013
    376.12   999.99    5.026
    376.43   999.99    5.035
    376.73   999.99    5.046
    377.04   999.99    5.059
    377.34   999.99    5.073
    377.65   999.99    5.084
    377.95   999.99    5.095
    378.26   999.99    5.111
    378.56   999.99    5.123
    378.87   999.99    5.137
    379.17   999.99    5.146
    379.48   999.99    5.162
    379.78   999.99    5.175
    380.09   999.99    5.192
    380.39   999.99    5.201
    380.70   999.99    5.215
    381.00   999.99    5.227
    381.31   999.99    5.247
    381.61   999.99    5.256
    381.92   999.99    5.268
    382.22   999.99    5.278
    382.52   999.99    5.290
    382.83   999.99    5.300
    383.13   999.99    5.309
    383.44   999.99    5.316
    383.74   999.99    5.327
    384.05   999.99    5.340
    384.35   999.99    5.350
    384.66   999.99    5.367
    384.96   999.99    5.381
    385.27   999.99    5.394
    385.57   999.99    5.404
    385.88   999.99    5.416
    386.18   999.99    5.429
    386.49   999.99    5.442
    386.79   999.99    5.458
    387.10   999.99    5.471
    387.40   999.99    5.486
    387.71   999.99    5.498
    388.01   999.99    5.508
    388.32   999.99    5.521
    388.62   999.99    5.537
    388.93   999.99    5.551
    389.23   999.99    5.562
    389.54   999.99    5.570
    389.84   999.99    5.584
    390.14   999.99    5.597
    390.45   999.99    5.609
    390.75   999.99    5.625
    391.06   999.99    5.637
    391.36   999.99    5.646
    391.67   999.99    5.661
    391.97   999.99    5.674
    392.28   999.99    5.686
    392.58   999.99    5.699
    392.89   999.99    5.714
    393.19   999.99    5.728
    393.50   999.99    5.738
    393.80   999.99    5.752
    394.11   999.99    5.764
    394.41   999.99    5.777
    394.72   999.99    5.791
    395.02   999.99    5.804
    395.33   999.99    5.818
    395.63   999.99    5.832
    395.94   999.99    5.847
    396.24   999.99    5.864
    396.55   999.99    5.877
    396.85   999.99    5.892
    397.16   999.99    5.902
    397.46   999.99    5.915
    397.76   999.99    5.929
    398.07   999.99    5.943
    398.37   999.99    5.954
    398.68   999.99    5.965
    398.98   999.99    5.975
    399.29   999.99    5.984
    399.59   999.99    5.997
    399.90   999.99    6.011
    400.20   999.99    6.023
    400.51   999.99    6.035
    400.81   999.99    6.048
    401.12   999.99    6.061
    401.42   999.99    6.077
    401.73   999.99    6.093
    402.03   999.99    6.106
    402.34   999.99    6.119
    402.64   999.99    6.135
    402.95   999.99    6.149
    403.25   999.99    6.161
    403.56   999.99    6.172
    403.86   999.99    6.184
    404.17   999.99    6.199
    404.47   999.99    6.216
    404.78   999.99    6.230
    405.08   999.99    6.242
    405.38   999.99    6.253
    405.69   999.99    6.264
    405.99   999.99    6.280
    406.30   999.99    6.291
    406.60   999.99    6.303
    406.91   999.99    6.315
    407.21   999.99    6.331
    407.52   999.99    6.342
    407.82   999.99    6.352
    408.13   999.99    6.366
    408.43   999.99    6.382
    408.74   999.99    6.399
    409.04   999.99    6.411
    409.35   999.99    6.426
    409.65   999.99    6.440
    409.96   999.99    6.454
    410.26   999.99    6.468
    410.57   999.99    6.475
    410.87   999.99    6.489
    411.18   999.99    6.502
    411.48   999.99    6.515
    411.79   999.99    6.527
    412.09   999.99    6.541
    412.40   999.99    6.560
    412.70   999.99    6.572
    413.00   999.99    6.581
    413.31   999.99    6.593
    413.61   999.99    6.606
    413.92   999.99    6.617
    414.22   999.99    6.633
    414.53   999.99    6.647
    414.83   999.99    6.663
    415.14   999.99    6.675
    415.44   999.99    6.690
    415.75   999.99    6.700
    416.05   999.99    6.714
    416.36   999.99    6.725
    416.66   999.99    6.738
    416.97   999.99    6.750
    417.27   999.99    6.763
    417.58   999.99    6.778
    417.88   999.99    6.796
    418.19   999.99    6.810
    418.49   999.99    6.825
    418.80   999.99    6.838
    419.10   999.99    6.850
    419.41   999.99    6.858
    419.71   999.99    6.871
    420.02   999.99    6.882
    420.32   999.99    6.900
    420.62   999.99    6.913
    420.93   999.99    6.927
    421.23   999.99    6.944
    421.54   999.99    6.960
    421.84   999.99    6.971
    422.15   999.99    6.985
    422.45   999.99    6.999
    422.76   999.99    7.013
    423.06   999.99    7.023
    423.37   999.99    7.036
    423.67   999.99    7.047
    423.98   999.99    7.063
    424.28   999.99    7.077
    424.59   999.99    7.095
    424.89   999.99    7.105
    425.20   999.99    7.113
    425.50   999.99    7.128
    425.81   999.99    7.143
    426.11   999.99    7.161
    426.42   999.99    7.170
    426.72   999.99    7.188
    427.03   999.99    7.200
    427.33   999.99    7.211
    427.64   999.99    7.222
    427.94   999.99    7.238
    428.24   999.99    7.252
    428.55   999.99    7.267
    428.85   999.99    7.278
    429.16   999.99    7.291
    429.46   999.99    7.303
    429.77   999.99    7.317
    430.07   999.99    7.330
    430.38   999.99    7.346
    430.68   999.99    7.359
    430.99   999.99    7.370
    431.29   999.99    7.380
    431.60   999.99    7.396
    431.90   999.99    7.414
    432.21   999.99    7.427
    432.51   999.99    7.440
    432.82   999.99    7.453
    433.12   999.99    7.462
    433.43   999.99    7.476
    433.73   999.99    7.488
    434.04   999.99    7.505
    434.34   999.99    7.521
    434.65   999.99    7.535
    434.95   999.99    7.549
    435.26   999.99    7.560
    435.56   999.99    7.574
    435.86   999.99    7.582
    436.17   999.99    7.593
    436.47   999.99    7.611
    436.78   999.99    7.619
    437.08   999.99    7.633
    437.39   999.99    7.646
    437.69   999.99    7.661
    438.00   999.99    7.674
    438.30   999.99    7.684
    438.61   999.99    7.694
    438.91   999.99    7.706
    439.22   999.99    7.720
    439.52   999.99    7.729
    439.83   999.99    7.739
    440.13   999.99    7.750
    440.44   999.99    7.762
    440.74   999.99    7.774
    441.05   999.99    7.788
    441.35   999.99    7.802
    441.66   999.99    7.810
    441.96   999.99    7.820
    442.27   999.99    7.830
    442.57   999.99    7.840
    442.88   999.99    7.851
    443.18   999.99    7.862
    443.48   999.99    7.872
    443.79   999.99    7.886
    444.09   999.99    7.895
    444.40   999.99    7.906
    444.70   999.99    7.912
    445.01   999.99    7.919
    445.31   999.99    7.927
    445.62   999.99    7.934
    445.92   999.99    7.941
    446.23   999.99    7.945
    446.53   999.99    7.948
    446.84   999.99    8.160
    447.14   999.99    8.341
    447.45   999.99    8.428
    447.75   999.99    8.437
    448.06   999.99    8.440
    448.36   999.99    8.447
    448.67   999.99    8.452
    448.97   999.99    8.454
    449.28   999.99    8.457
    449.58   999.99    8.467
    449.89   999.99    8.474
    450.19   999.99    8.477
    450.50   999.99    8.493
    450.80   999.99    8.503
    451.10   999.99    8.509
    451.41   999.99    8.520
    451.71   999.99    8.531
    452.02   999.99    8.538
    452.32   999.99    8.547
    452.63   999.99    8.561
    452.93   999.99    8.566
    453.24   999.99    8.574
    453.54   999.99    8.585
    453.85   999.99    8.592
    454.15   999.99    8.602
    454.46   999.99    8.615
    454.76   999.99    8.633
    455.07   999.99    8.655
    455.37   999.99    8.666
    455.68   999.99    8.675
    455.98   999.99    8.687
    456.29   999.99    8.706
    456.59   999.99    8.725
    456.90   999.99    8.734
    457.20   999.99    8.745
    457.51   999.99    8.754
    457.81   999.99    8.773
    458.12   999.99    8.786
    458.42   999.99    8.800
    458.72   999.99    8.810
    459.03   999.99    8.824
    459.33   999.99    8.838
    459.64   999.99    8.851
    459.94   999.99    8.863
    460.25   999.99    8.875
    460.55   999.99    8.891
    460.86   999.99    8.906
    461.16   999.99    8.918
    461.47   999.99    8.926
    461.77   999.99    8.947
    462.08   999.99    8.963
    462.38   999.99    8.977
    462.69   999.99    8.991
    462.99   999.99    9.003
    463.30   999.99    9.027
    463.60   999.99    9.051
    463.91   999.99    9.070
    464.21   999.99    9.083
    464.52   999.99    9.090
    464.82   999.99    9.108
    465.13   999.99    9.121
    465.43   999.99    9.131
    465.74   999.99    9.151
    466.04   999.99    9.172
    466.34   999.99    9.186
    466.65   999.99    9.201
    466.95   999.99    9.216
    467.26   999.99    9.233
    467.56   999.99    9.244
    467.87   999.99    9.262
    468.17   999.99    9.276
    468.48   999.99    9.301
    468.78   999.99    9.316
    469.09   999.99    9.325
    469.39   999.99    9.332
    469.70   999.99    9.350
    470.00   999.99    9.377
    470.31   999.99    9.386
    470.61   999.99    9.393
    470.92   999.99    9.411
    471.22   999.99    9.455
    471.53   999.99    9.484
    471.83   999.99    9.498
    472.14   999.99    9.507
    472.44   999.99    9.516
    472.75   999.99    9.523
    473.05   999.99    9.540
    473.36   999.99    9.559
    473.66   999.99    9.572
    473.96   999.99    9.584
    474.27   999.99    9.596
    474.57   999.99    9.610
    474.88   999.99    9.623
    475.18   999.99    9.647
    475.49   999.99    9.668
    475.79   999.99    9.686
    476.10   999.99    9.705
    476.40   999.99    9.716
    476.71   999.99    9.736
    477.01   999.99    9.745
    477.32   999.99    9.772
    477.62   999.99    9.788
    477.93   999.99    9.802
    478.23   999.99    9.823
    478.54   999.99    9.831
    478.84   999.99    9.839
    479.15   999.99    9.854
    479.45   999.99    9.866
    479.76   999.99    9.882
    480.06   999.99    9.895
    480.37   999.99    9.911
    480.67   999.99    9.929
    480.98   999.99    9.945
    481.28   999.99    9.960
    481.58   999.99    9.969
    481.89   999.99    9.988
    482.19   999.99    9.991
    482.50   999.99   10.004
    482.80   999.99   10.017
    483.11   999.99   10.029
    483.41   999.99   10.040
    483.72   999.99   10.070
    484.02   999.99   10.082
    484.33   999.99   10.090
    484.63   999.99   10.107
    484.94   999.99   10.127
    485.24   999.99   10.146
    485.55   999.99   10.157
    485.85   999.99   10.162
    486.16   999.99   10.168
    486.46   999.99   10.169
    486.77   999.99   10.178
    487.07   999.99   10.200
    487.38   999.99   10.211
    487.68   999.99   10.221
    487.99   999.99   10.235
    488.29   999.99   10.242
    488.60   999.99   10.254
    488.90   999.99   10.270
    489.20   999.99   10.284
    489.51   999.99   10.288
    489.81   999.99   10.292
    490.12   999.99   10.298
    490.42   999.99   10.316
    490.73   999.99   10.331
    491.03   999.99   10.347
    491.34   999.99   10.358
    491.64   999.99   10.368
    491.95   999.99   10.378
    492.25   999.99   10.388
    492.56   999.99   10.398
    492.86   999.99   10.412
    493.17   999.99   10.425
    493.47   999.99   10.441
    493.78   999.99   10.463
    494.08   999.99   10.475
    494.39   999.99   10.483
    494.69   999.99   10.497
    495.00   999.99   10.507
    495.30   999.99   10.524
    495.61   999.99   10.537
    495.91   999.99   10.549
    496.22   999.99   10.555
    496.52   999.99   10.566
    496.83   999.99   10.574
    497.13   999.99   10.586
    497.43   999.99   10.594
    497.74   999.99   10.608
    498.04   999.99   10.619
    498.35   999.99   10.636
    498.65   999.99   10.651
    498.96   999.99   10.667
    499.26   999.99   10.669
    499.57   999.99   10.676
    499.87   999.99   10.693
    500.18   999.99   10.707
    500.48   999.99   10.714
    500.79   999.99   10.718
    501.09   999.99   10.729
    501.40   999.99   10.743
    501.70   999.99   10.765
    502.01   999.99   10.781
    502.31   999.99   10.800
    502.62   999.99   10.804
    502.92   999.99   10.817
    503.23   999.99   10.833
    503.53   999.99   10.847
    503.84   999.99   10.868
    504.14   999.99   10.875
    504.45   999.99   10.885
    504.75   999.99   10.895
    505.05   999.99   10.906
    505.36   999.99   10.910
    505.66   999.99   10.922
    505.97   999.99   10.934
    506.27   999.99   10.945
    506.58   999.99   10.956
    506.88   999.99   10.967
    507.19   999.99   10.980
    507.49   999.99   10.995
    507.80   999.99   11.012
    508.10   999.99   11.025
    508.41   999.99   11.037
    508.71   999.99   11.057
    509.02   999.99   11.065
    509.32   999.99   11.082
    509.63   999.99   11.092
    509.93   999.99   11.106
    510.24   999.99   11.124
    510.54   999.99   11.147
    510.85   999.99   11.161
    511.15   999.99   11.168
    511.46   999.99   11.182
    511.76   999.99   11.185
    512.07   999.99   11.186
    512.37   999.99   11.196
    512.67   999.99   11.227
    512.98   999.99   11.236
    513.28   999.99   11.237
    513.59   999.99   11.249
    513.89   999.99   11.270
    514.20   999.99   11.286
    514.50   999.99   11.294
    514.81   999.99   11.294
    515.11   999.99   11.308
    515.42   999.99   11.324
    515.72   999.99   11.340
    516.03   999.99   11.355
    516.33   999.99   11.367
    516.64   999.99   11.378
    516.94   999.99   11.400
    517.25   999.99   11.410
    517.55   999.99   11.428
    517.86   999.99   11.440
    518.16   999.99   11.447
    518.47   999.99   11.458
    518.77   999.99   11.475
    519.08   999.99   11.487
    519.38   999.99   11.503
    519.69   999.99   11.517
    519.99   999.99   11.526
    520.29   999.99   11.544
    520.60   999.99   11.554
    520.90   999.99   11.574
    521.21   999.99   11.583
    521.51   999.99   11.590
    521.82   999.99   11.602
    522.12   999.99   11.618
    522.43   999.99   11.634
    522.73   999.99   11.644
    523.04   999.99   11.658
    523.34   999.99   11.677
    523.65   999.99   11.693
    523.95   999.99   11.704
    524.26   999.99   11.715
    524.56   999.99   11.739
    524.87   999.99   11.757
    525.17   999.99   11.765
    525.48   999.99   11.778
    525.78   999.99   11.793
    526.09   999.99   11.803
    526.39   999.99   11.827
    526.70   999.99   11.837
    527.00   999.99   11.851
    527.31   999.99   11.866
    527.61   999.99   11.872
    527.91   999.99   11.901
    528.22   999.99   11.914
    528.52   999.99   11.932
    528.83   999.99   11.942
    529.13   999.99   11.946
    529.44   999.99   11.962
    529.74   999.99   11.976
    530.05   999.99   11.990
    530.35   999.99   12.002
    530.66   999.99   12.007
    530.96   999.99   12.026
    531.27   999.99   12.040
    531.57   999.99   12.057
    531.88   999.99   12.070
    532.18   999.99   12.080
    532.49   999.99   12.090
    532.79   999.99   12.099
    533.10   999.99   12.114
    533.40   999.99   12.135
    533.71   999.99   12.150
    534.01   999.99   12.164
    534.32   999.99   12.178
    534.62   999.99   12.194
    534.92   999.99   12.210
    535.23   999.99   12.222
    535.53   999.99   12.233
    535.84   999.99   12.233
    536.14   999.99   12.246
    536.45   999.99   12.256
    536.75   999.99   12.274
    537.06   999.99   12.292
    537.36   999.99   12.298
    537.67   999.99   12.301
    537.97   999.99   12.309
    538.28   999.99   12.329
    538.58   999.99   12.343
    538.89   999.99   12.356
    539.19   999.99   12.362
    539.50   999.99   12.374
    539.80   999.99   12.385
    540.11   999.99   12.398
    540.41   999.99   12.412
    540.72   999.99   12.421
    541.02   999.99   12.443
    541.33   999.99   12.455
    541.63   999.99   12.466
    541.94   999.99   12.476
    542.24   999.99   12.491
    542.55   999.99   12.500
    542.85   999.99   12.511
    543.15   999.99   12.523
    543.46   999.99   12.540
    543.76   999.99   12.552
    544.07   999.99   12.558
    544.37   999.99   12.568
    544.68   999.99   12.579
    544.98   999.99   12.595
    545.29   999.99   12.607
    545.59   999.99   12.617
    545.90   999.99   12.626
    546.20   999.99   12.632
    546.51   999.99   12.644
    546.81   999.99   12.654
    547.12   999.99   12.667
    547.42   999.99   12.674
    547.73   999.99   12.688
    548.03   999.99   12.697
    548.34   999.99   12.705
    548.64   999.99   12.714
    548.95   999.99   12.732
    549.25   999.99   12.744
    549.56   999.99   12.750
    549.86   999.99   12.753
    550.17   999.99   12.758
    550.47   999.99   12.771
    550.77   999.99   12.793
    551.08   999.99   12.800
    551.38   999.99   12.813
    551.69   999.99   12.822
    551.99   999.99   12.831
    552.30   999.99   12.843
    552.60   999.99   12.857
    552.91   999.99   12.866
    553.21   999.99   12.875
    553.52   999.99   12.888
    553.82   999.99   12.909
    554.13   999.99   12.924
    554.43   999.99   12.943
    554.74   999.99   12.949
    555.04   999.99   12.958
    555.35   999.99   12.969
    555.65   999.99   12.981
    555.96   999.99   12.994
    556.26   999.99   13.003
    556.57   999.99   13.009
    556.87   999.99   13.025
    557.18   999.99   13.032
    557.48   999.99   13.045
    557.79   999.99   13.062
    558.09   999.99   13.069
    558.39   999.99   13.083
    558.70   999.99   13.097
    559.00   999.99   13.108
    559.31   999.99   13.113
    559.61   999.99   13.120
    559.92   999.99   13.133
    560.22   999.99   13.145
    560.53   999.99   13.161
    560.83   999.99   13.173
    561.14   999.99   13.179
    561.44   999.99   13.187
    561.75   999.99   13.200
    562.05   999.99   13.204
    562.36   999.99   13.215
    562.66   999.99   13.231
    562.97   999.99   13.246
    563.27   999.99   13.254
    563.58   999.99   13.262
    563.88   999.99   13.271
    564.19   999.99   13.289
    564.49   999.99   13.299
    564.80   999.99   13.307
    565.10   999.99   13.321
    565.41   999.99   13.339
    565.71   999.99   13.353
    566.01   999.99   13.356
    566.32   999.99   13.365
    566.62   999.99   13.375
    566.93   999.99   13.384
    567.23   999.99   13.393
    567.54   999.99   13.400
    567.84   999.99   13.411
    568.15   999.99   13.419
    568.45   999.99   13.431
    568.76   999.99   13.444
    569.06   999.99   13.449
    569.37   999.99   13.463
    569.67   999.99   13.471
    569.98   999.99   13.478
    570.28   999.99   13.493
    570.59   999.99   13.502
    570.89   999.99   13.508
    571.20   999.99   13.526
    571.50   999.99   13.540
    571.81   999.99   13.548
    572.11   999.99   13.556
    572.42   999.99   13.562
    572.72   999.99   13.572
    573.03   999.99   13.588
    573.33   999.99   13.605
    573.63   999.99   13.615
    573.94   999.99   13.624
    574.24   999.99   13.637
    574.55   999.99   13.643
    574.85   999.99   13.646
    575.16   999.99   13.657
    575.46   999.99   13.680
    575.77   999.99   13.692
    576.07   999.99   13.704
    576.38   999.99   13.708
    576.68   999.99   13.721
    576.99   999.99   13.737
    577.29   999.99   13.743
    577.60   999.99   13.755
    577.90   999.99   13.774
    578.21   999.99   13.782
    578.51   999.99   13.790
    578.82   999.99   13.804
    579.12   999.99   13.819
    579.43   999.99   13.828
    579.73   999.99   13.839
    580.04   999.99   13.852
    580.34   999.99   13.862
    580.65   999.99   13.872
    580.95   999.99   13.880
    581.25   999.99   13.892
    581.56   999.99   13.904
    581.86   999.99   13.917
    582.17   999.99   13.929
    582.47   999.99   13.947
    582.78   999.99   13.955
    583.08   999.99   13.968
    583.39   999.99   13.981
    583.69   999.99   13.996
    584.00   999.99   14.007
    584.30   999.99   14.018
    584.61   999.99   14.031
    584.91   999.99   14.057
    585.22   999.99   14.065
    585.52   999.99   14.070
    585.83   999.99   14.077
    586.13   999.99   14.086
    586.44   999.99   14.096
    586.74   999.99   14.119
    587.05   999.99   14.129
    587.35   999.99   14.137
    587.66   999.99   14.145
    587.96   999.99   14.158
    588.27   999.99   14.164
    588.57   999.99   14.176
    588.87   999.99   14.194
    589.18   999.99   14.202
    589.48   999.99   14.210
    589.79   999.99   14.226
    590.09   999.99   14.241
    590.40   999.99   14.251
    590.70   999.99   14.259
    591.01   999.99   14.272
    591.31   999.99   14.282
    591.62   999.99   14.298
    591.92   999.99   14.318
    592.23   999.99   14.331
    592.53   999.99   14.339
    592.84   999.99   14.349
    593.14   999.99   14.359
    593.45   999.99   14.376
    593.75   999.99   14.387
    594.06   999.99   14.410
    594.36   999.99   14.423
    594.67   999.99   14.428
    594.97   999.99   14.433
    595.28   999.99   14.441
    595.58   999.99   14.460
    595.89   999.99   14.481
    596.19   999.99   14.494
    596.49   999.99   14.496
    596.80   999.99   14.504
    597.10   999.99   14.521
    597.41   999.99   14.534
    597.71   999.99   14.539
    598.02   999.99   14.557
    598.32   999.99   14.574
    598.63   999.99   14.585
    598.93   999.99   14.604
    599.24   999.99   14.619
    599.54   999.99   14.632
    599.85   999.99   14.640
    600.15   999.99   14.654
    600.46   999.99   14.665
    600.76   999.99   14.674
    601.07   999.99   14.694
    601.37   999.99   14.707
    601.68   999.99   14.717
    601.98   999.99   14.736
    602.29   999.99   14.739
    602.59   999.99   14.761
    602.90   999.99   14.772
    603.20   999.99   14.779
    603.51   999.99   14.791
    603.81   999.99   14.808
    604.11   999.99   14.823
    604.42   999.99   14.838
    604.72   999.99   14.850
    605.03   999.99   14.861
    605.33   999.99   14.877
    605.64   999.99   14.885
    605.94   999.99   14.885
    606.25   999.99   14.905
    606.55   999.99   14.920
    606.86   999.99   14.951
    607.16   999.99   14.966
    607.47   999.99   14.986
    607.77   999.99   14.990
    608.08   999.99   15.008
    608.38   999.99   15.010
    608.69   999.99   15.019
    608.99   999.99   15.042
    609.30   999.99   15.058
    609.60   999.99   15.063
    609.91   999.99   15.073
    610.21   999.99   15.090
    610.52   999.99   15.100
    610.82   999.99   15.110
    611.13   999.99   15.129
    611.43   999.99   15.148
    611.73   999.99   15.156
    612.04   999.99   15.170
    612.34   999.99   15.182
    612.65   999.99   15.194
    612.95   999.99   15.218
    613.26   999.99   15.233
    613.56   999.99   15.240
    613.87   999.99   15.247
    614.17   999.99   15.268
    614.48   999.99   15.281
    614.78   999.99   15.290
    615.09   999.99   15.300
    615.39   999.99   15.316
    615.70   999.99   15.329
    616.00   999.99   15.343
    616.31   999.99   15.354
    616.61   999.99   15.362
    616.92   999.99   15.376
    617.22   999.99   15.393
    617.53   999.99   15.402
    617.83   999.99   15.416
    618.14   999.99   15.426
    618.44   999.99   15.440
    618.75   999.99   15.459
    619.05   999.99   15.471
    619.35   999.99   15.480
    619.66   999.99   15.492
    619.96   999.99   15.504
    620.27   999.99   15.513
    620.57   999.99   15.528
    620.88   999.99   15.532
    621.18   999.99   15.540
    621.49   999.99   15.560
    621.79   999.99   15.572
    622.10   999.99   15.575
    622.40   999.99   15.584
    622.71   999.99   15.594
    623.01   999.99   15.608
    623.32   999.99   15.617
    623.62   999.99   15.627
    623.93   999.99   15.643
    624.23   999.99   15.655
    624.54   999.99   15.669
    624.84   999.99   15.682
    625.15   999.99   15.692
    625.45   999.99   15.704
    625.76   999.99   15.724
    626.06   999.99   15.739
    626.37   999.99   15.746
    626.67   999.99   15.755
    626.97   999.99   15.769
    627.28   999.99   15.775
    627.58   999.99   15.780
    627.89   999.99   15.794
    628.19   999.99   15.811
    628.50   999.99   15.827
    628.80   999.99   15.833
    629.11   999.99   15.840
    629.41   999.99   15.857
    629.72   999.99   15.873
    630.02   999.99   15.884
    630.33   999.99   15.886
    630.63   999.99   15.893
    630.94   999.99   15.914
    631.24   999.99   15.928
    631.55   999.99   15.939
    631.85   999.99   15.947
    632.16   999.99   15.955
    632.46   999.99   15.976
    632.77   999.99   15.986
    633.07   999.99   16.002
    633.38   999.99   16.018
    633.68   999.99   16.024
    633.99   999.99   16.034
    634.29   999.99   16.050
    634.59   999.99   16.065
    634.90   999.99   16.070
    635.20   999.99   16.079
    635.51   999.99   16.095
    635.81   999.99   16.106
    636.12   999.99   16.115
    636.42   999.99   16.129
    636.73   999.99   16.141
    637.03   999.99   16.156
    637.34   999.99   16.170
    637.64   999.99   16.172
    637.95   999.99   16.184
    638.25   999.99   16.199
    638.56   999.99   16.208
    638.86   999.99   16.211
    639.17   999.99   16.224
    639.47   999.99   16.249
    639.78   999.99   16.254
    640.08   999.99   16.253
    640.39   999.99   16.276
    640.69   999.99   16.283
    641.00   999.99   16.303
    641.30   999.99   16.317
    641.61   999.99   16.321
    641.91   999.99   16.332
    642.21   999.99   16.341
    642.52   999.99   16.348
    642.82   999.99   16.355
    643.13   999.99   16.371
    643.43   999.99   16.391
    643.74   999.99   16.406
    644.04   999.99   16.417
    644.35   999.99   16.429
    644.65   999.99   16.440
    644.96   999.99   16.451
    645.26   999.99   16.469
    645.57   999.99   16.482
    645.87   999.99   16.489
    646.18   999.99   16.502
    646.48   999.99   16.515
    646.79   999.99   16.520
    647.09   999.99   16.527
    647.40   999.99   16.549
    647.70   999.99   16.564
    648.01   999.99   16.569
    648.31   999.99   16.577
    648.62   999.99   16.589
    648.92   999.99   16.606
    649.23   999.99   16.620
    649.53   999.99   16.650
    649.83   999.99   16.657
    650.14   999.99   16.657
    650.44   999.99   16.673
    650.75   999.99   16.681
    651.05   999.99   16.701
    651.36   999.99   16.725
    651.66   999.99   16.736
    651.97   999.99   16.743
    652.27   999.99   16.754
    652.58   999.99   16.771
    652.88   999.99   16.780
    653.19   999.99   16.797
    653.49   999.99   16.813
    653.80   999.99   16.824
    654.10   999.99   16.846
    654.41   999.99   16.859
    654.71   999.99   16.874
    655.02   999.99   16.883
    655.32   999.99   16.893
    655.63   999.99   16.917
    655.93   999.99   16.924
    656.24   999.99   16.932
    656.54   999.99   16.943
    656.85   999.99   16.961
    657.15   999.99   16.974
    657.45   999.99   16.987
    657.76   999.99   17.002
    658.06   999.99   17.013
    658.37   999.99   17.026
    658.67   999.99   17.041
    658.98   999.99   17.060
    659.28   999.99   17.073
    659.59   999.99   17.090
    659.89   999.99   17.092
    660.20   999.99   17.103
    660.50   999.99   17.118
    660.81   999.99   17.131
    661.11   999.99   17.138
    661.42   999.99   17.150
    661.72   999.99   17.163
    662.03   999.99   17.180
    662.33   999.99   17.183
    662.64   999.99   17.195
    662.94   999.99   17.204
    663.25   999.99   17.210
    663.55   999.99   17.215
    663.86   999.99   17.232
    664.16   999.99   17.247
    664.47   999.99   17.259
    664.77   999.99   17.268
    665.08   999.99   17.289
    665.38   999.99   17.309
    665.68   999.99   17.325
    665.99   999.99   17.336
    666.29   999.99   17.345
    666.60   999.99   17.351
    666.90   999.99   17.359
    667.21   999.99   17.376
    667.51   999.99   17.391
    667.82   999.99   17.398
    668.12   999.99   17.402
    668.43   999.99   17.425
    668.73   999.99   17.446
    669.04   999.99   17.453
    669.34   999.99   17.461
    669.65   999.99   17.471
    669.95   999.99   17.493
    670.26   999.99   17.501
    670.56   999.99   17.518
    670.87   999.99   17.531
    671.17   999.99   17.539
    671.48   999.99   17.551
    671.78   999.99   17.570
    672.09   999.99   17.589
    672.39   999.99   17.594
    672.69   999.99   17.608
    673.00   999.99   17.619
    673.30   999.99   17.627
    673.61   999.99   17.646
    673.91   999.99   17.656
    674.22   999.99   17.669
    674.52   999.99   17.685
    674.83   999.99   17.702
    675.13   999.99   17.711
    675.44   999.99   17.725
    675.74   999.99   17.742
    676.05   999.99   17.762
    676.35   999.99   17.777
    676.66   999.99   17.785
    676.96   999.99   17.800
    677.27   999.99   17.821
    677.57   999.99   17.835
    677.88   999.99   17.843
    678.18   999.99   17.850
    678.49   999.99   17.860
    678.79   999.99   17.872
    679.10   999.99   17.878
    679.40   999.99   17.901
    679.71   999.99   17.922
    680.01   999.99   17.942
    680.31   999.99   17.953
    680.62   999.99   17.963
    680.92   999.99   17.975
    681.23   999.99   17.996
    681.53   999.99   18.010
    681.84   999.99   18.019
    682.14   999.99   18.029
    682.45   999.99   18.047
    682.75   999.99   18.064
    683.06   999.99   18.070
    683.36   999.99   18.094
    683.67   999.99   18.109
    683.97   999.99   18.127
    684.28   999.99   18.139
    684.58   999.99   18.152
    684.89   999.99   18.160
    685.19   999.99   18.178
    685.50   999.99   18.196
    685.80   999.99   18.209
    686.11   999.99   18.225
    686.41   999.99   18.237
    686.72   999.99   18.241
    687.02   999.99   18.251
    687.33   999.99   18.259
    687.63   999.99   18.273
    687.93   999.99   18.298
    688.24   999.99   18.310
    688.54   999.99   18.316
    688.85   999.99   18.338
    689.15   999.99   18.358
    689.46   999.99   18.362
    689.76   999.99   18.369
    690.07   999.99   18.385
    690.37   999.99   18.393
    690.68   999.99   18.403
    690.98   999.99   18.425
    691.29   999.99   18.437
    691.59   999.99   18.451
    691.90   999.99   18.469
    692.20   999.99   18.477
    692.51   999.99   18.493
    692.81   999.99   18.501
    693.12   999.99   18.513
    693.42   999.99   18.525
    693.73   999.99   18.535
    694.03   999.99   18.549
    694.34   999.99   18.571
    694.64   999.99   18.581
    694.95   999.99   18.591
    695.25   999.99   18.607
    695.55   999.99   18.621
    695.86   999.99   18.627
    696.16   999.99   18.639
    696.47   999.99   18.661
    696.77   999.99   18.677
    697.08   999.99   18.681
    697.38   999.99   18.691
    697.69   999.99   18.703
    697.99   999.99   18.723
    698.30   999.99   18.745
    698.60   999.99   18.760
    698.91   999.99   18.776
    699.21   999.99   18.780
    699.52   999.99   18.796
    699.82   999.99   18.814
    700.13   999.99   18.836
    700.43   999.99   18.844
    700.74   999.99   18.844
    701.04   999.99   18.855
    701.35   999.99   18.863
    701.65   999.99   18.881
    701.96   999.99   18.899
    702.26   999.99   18.918
    702.57   999.99   18.928
    702.87   999.99   18.940
    703.17   999.99   18.956
    703.48   999.99   18.968
    703.78   999.99   18.975
    704.09   999.99   18.983
    704.39   999.99   18.995
    704.70   999.99   19.007
    705.00   999.99   19.026
    705.31   999.99   19.038
    705.61   999.99   19.040
    705.92   999.99   19.056
    706.22   999.99   19.079
    706.53   999.99   19.089
    706.83   999.99   19.101
    707.14   999.99   19.112
    707.44   999.99   19.134
    707.75   999.99   19.142
    708.05   999.99   19.155
    708.36   999.99   19.171
    708.66   999.99   19.175
    708.97   999.99   19.198
    709.27   999.99   19.219
    709.58   999.99   19.237
    709.88   999.99   19.241
    710.19   999.99   19.239
    710.49   999.99   19.247
    710.79   999.99   19.260
    711.10   999.99   19.278
    711.40   999.99   19.291
    711.71   999.99   19.299
    712.01   999.99   19.311
    712.32   999.99   19.334
    712.62   999.99   19.349
    712.93   999.99   19.363
    713.23   999.99   19.376
    713.54   999.99   19.384
    713.84   999.99   19.390
    714.15   999.99   19.399
    714.45   999.99   19.417
    714.76   999.99   19.424
    715.06   999.99   19.434
    715.37   999.99   19.451
    715.67   999.99   19.465
    715.98   999.99   19.478
    716.28   999.99   19.486
    716.59   999.99   19.488
    716.89   999.99   19.503
    717.20   999.99   19.509
    717.50   999.99   19.520
    717.81   999.99   19.530
    718.11   999.99   19.547
    718.41   999.99   19.555
    718.72   999.99   19.559
    719.02   999.99   19.563
    719.33   999.99   19.578
    719.63   999.99   19.591
    719.94   999.99   19.599
    720.24   999.99   19.603
    720.55   999.99   19.607
    720.85   999.99   19.614
    721.16   999.99   19.622
    721.46   999.99   19.626
    721.77   999.99   19.631
    722.07   999.99   19.637
    722.38   999.99   19.641
    722.68   999.99   19.645
    722.99   999.99   19.700
    723.29   999.99   19.782
    723.60   999.99   19.827
    723.90   999.99   19.861
    724.21   999.99   19.888
    724.51   999.99   19.918
    724.82   999.99   19.935
