 << U.S. Geological Survey Borehole Temperature Log - Alaska >>
  
 Site:             ETK 
 Log Date:         78SEP17 
 Type of Log:      incremental 
 Type of Sensor:   thermistor network (custom)
 Measuring Device: digital multimeter
 Deconvolved:      N/A
  
  Z   = measured depth (m)
  TVD = true vertical depth (m)
  T   = temperature (C)
  
        Z      TVD       T
      6.10   999.99   -9.056
      9.14   999.99   -9.085
     12.19   999.99   -9.058
     15.24   999.99   -9.016
     18.29   999.99   -8.957
     21.34   999.99   -8.908
     24.38   999.99   -8.838
     27.43   999.99   -8.761
     30.48   999.99   -8.706
     33.53   999.99   -8.645
     36.58   999.99   -8.587
     39.62   999.99   -8.522
     42.67   999.99   -8.459
     45.72   999.99   -8.386
     48.77   999.99   -8.313
     51.82   999.99   -8.237
     54.86   999.99   -8.146
     57.91   999.99   -8.079
     60.96   999.99   -7.976
     64.01   999.99   -7.876
     67.06   999.99   -7.787
     70.10   999.99   -7.681
     73.15   999.99   -7.565
     76.20   999.99   -7.451
     79.25   999.99   -7.354
     82.30   999.99   -7.250
     85.34   999.99   -7.122
     88.39   999.99   -6.967
     91.44   999.99   -6.857
     94.49   999.99   -6.735
     97.54   999.99   -6.592
    100.58   999.99   -6.458
    103.63   999.99   -6.345
    106.68   999.99   -6.226
    109.73   999.99   -6.080
    112.78   999.99   -5.950
    115.82   999.99   -5.764
    118.87   999.99   -5.611
    121.92   999.99   -5.458
    124.97   999.99   -5.290
    128.02   999.99   -5.113
    131.06   999.99   -4.963
    134.11   999.99   -4.785
    137.16   999.99   -4.647
    140.21   999.99   -4.472
    143.26   999.99   -4.321
    146.30   999.99   -4.164
    149.35   999.99   -4.010
    152.40   999.99   -3.854
    155.45   999.99   -3.732
    158.50   999.99   -3.597
    161.54   999.99   -3.448
    164.59   999.99   -3.308
    167.64   999.99   -3.181
    170.69   999.99   -3.049
    173.74   999.99   -2.925
    176.78   999.99   -2.803
    179.83   999.99   -2.690
    182.88   999.99   -2.581
    185.93   999.99   -2.472
    188.98   999.99   -2.365
    192.02   999.99   -2.275
    195.07   999.99   -2.152
    198.12   999.99   -2.053
    201.17   999.99   -1.956
    204.22   999.99   -1.858
    207.26   999.99   -1.740
    210.31   999.99   -1.629
    213.36   999.99   -1.520
    216.41   999.99   -1.386
    219.46   999.99   -1.264
    222.50   999.99   -1.115
    225.55   999.99    -.996
    228.60   999.99    -.828
    231.65   999.99    -.719
    234.70   999.99    -.582
    237.74   999.99    -.389
    240.79   999.99    -.369
    243.84   999.99    -.244
    246.89   999.99     .004
    249.94   999.99     .169
    252.98   999.99     .232
    256.03   999.99     .313
    259.08   999.99     .398
    262.13   999.99     .481
    265.18   999.99     .683
    268.22   999.99     .969
    271.27   999.99    1.079
    274.32   999.99    1.175
    277.37   999.99    1.286
    280.42   999.99    1.442
    283.46   999.99    1.582
    286.51   999.99    1.715
    289.56   999.99    1.848
    292.61   999.99    1.968
    295.66   999.99    2.136
    298.70   999.99    2.291
    301.75   999.99    2.427
    304.80   999.99    2.564
    307.85   999.99    2.713
    310.90   999.99    2.845
    313.94   999.99    2.949
    316.99   999.99    3.069
    320.04   999.99    3.195
    323.09   999.99    3.323
    326.14   999.99    3.450
    329.18   999.99    3.586
    332.23   999.99    3.700
    335.28   999.99    3.813
    338.33   999.99    3.950
    341.38   999.99    4.064
    344.42   999.99    4.189
    347.47   999.99    4.310
    350.52   999.99    4.431
    353.57   999.99    4.562
    356.62   999.99    4.682
    359.66   999.99    4.798
    362.71   999.99    4.923
    365.76   999.99    5.037
    368.81   999.99    5.150
    371.86   999.99    5.292
    374.90   999.99    5.410
    377.95   999.99    5.540
    381.00   999.99    5.653
    384.05   999.99    5.771
    387.10   999.99    5.905
    390.14   999.99    6.024
    393.19   999.99    6.164
    396.24   999.99    6.296
    399.29   999.99    6.421
    402.34   999.99    6.553
    405.38   999.99    6.692
    408.43   999.99    6.816
    411.48   999.99    6.942
    414.53   999.99    7.089
    417.58   999.99    7.223
    420.62   999.99    7.361
    423.67   999.99    7.507
    426.72   999.99    7.627
    429.77   999.99    7.772
    432.82   999.99    7.900
    435.86   999.99    8.023
    438.91   999.99    8.120
    441.96   999.99    8.218
    445.01   999.99    8.715
    448.06   999.99    8.792
    451.10   999.99    8.902
    454.15   999.99    9.033
    457.20   999.99    9.174
    460.25   999.99    9.326
    463.30   999.99    9.486
    466.34   999.99    9.648
    469.39   999.99    9.817
    472.44   999.99    9.972
    475.49   999.99   10.108
    478.54   999.99   10.238
    481.58   999.99   10.358
    484.63   999.99   10.483
    487.68   999.99   10.602
    490.73   999.99   10.710
    493.78   999.99   10.821
    496.83   999.99   10.933
    499.87   999.99   11.041
    502.92   999.99   11.144
    505.97   999.99   11.311
    509.02   999.99   11.529
    512.07   999.99   11.644
    515.11   999.99   11.756
    518.16   999.99   11.883
    521.21   999.99   12.020
    524.26   999.99   12.148
    527.31   999.99   12.285
    530.35   999.99   12.408
    533.40   999.99   12.530
    536.45   999.99   12.656
    539.50   999.99   12.768
    542.55   999.99   12.873
    545.59   999.99   12.971
    548.64   999.99   13.078
    551.69   999.99   13.187
    554.74   999.99   13.292
    557.79   999.99   13.394
    560.83   999.99   13.495
    563.88   999.99   13.603
    566.93   999.99   13.701
    569.98   999.99   13.816
    573.03   999.99   13.928
    576.07   999.99   14.041
    579.12   999.99   14.158
    582.17   999.99   14.283
    585.22   999.99   14.395
    588.27   999.99   14.522
    591.31   999.99   14.634
    594.36   999.99   14.770
    597.41   999.99   14.897
    600.46   999.99   15.024
    603.51   999.99   15.171
    606.55   999.99   15.295
    609.60   999.99   15.440
    612.65   999.99   15.558
    615.70   999.99   15.676
    618.75   999.99   15.794
    621.79   999.99   15.914
    624.84   999.99   16.032
    627.89   999.99   16.169
    630.94   999.99   16.290
    633.99   999.99   16.406
    637.03   999.99   16.519
    640.08   999.99   16.645
    643.13   999.99   16.769
    646.18   999.99   16.900
    649.23   999.99   17.021
    652.27   999.99   17.161
    655.32   999.99   17.296
    658.37   999.99   17.420
    661.42   999.99   17.536
    664.47   999.99   17.660
    667.51   999.99   17.779
    670.56   999.99   17.929
    673.61   999.99   18.055
    676.66   999.99   18.196
    679.71   999.99   18.330
    682.75   999.99   18.462
    685.80   999.99   18.584
    688.85   999.99   18.734
    691.90   999.99   18.862
    694.95   999.99   18.988
    697.99   999.99   19.103
    701.04   999.99   19.238
    704.09   999.99   19.341
    707.14   999.99   19.446
    710.19   999.99   19.703
    713.23   999.99   19.773
    716.28   999.99   19.820
    719.33   999.99   19.977
