 << U.S. Geological Survey Borehole Temperature Log - Alaska >>
  
 Site:             FCK 
 Log Date:         81AUG21 
 Type of Log:      incremental 
 Type of Sensor:   thermistor network (custom)
 Measuring Device: digital multimeter
 Deconvolved:      N/A
  
  Z   = measured depth (m)
  TVD = true vertical depth (m)
  T   = temperature (C)
  
        Z      TVD       T
     12.19   999.99   -9.181
     15.24   999.99   -9.079
     18.29   999.99   -8.952
     21.34   999.99   -8.791
     24.38   999.99   -8.701
     27.43   999.99   -8.610
     30.48   999.99   -8.534
     33.53   999.99   -8.458
     36.58   999.99   -8.383
     39.62   999.99   -8.328
     42.67   999.99   -8.271
     45.72   999.99   -8.229
     48.77   999.99   -8.167
     51.82   999.99   -8.121
     54.86   999.99   -8.068
     57.91   999.99   -8.020
     60.96   999.99   -7.978
     64.01   999.99   -7.925
     67.06   999.99   -7.876
     70.10   999.99   -7.817
     73.15   999.99   -7.748
     76.20   999.99   -7.677
     79.25   999.99   -7.591
     82.30   999.99   -7.514
     85.34   999.99   -7.423
     88.39   999.99   -7.314
     91.44   999.99   -7.212
     94.49   999.99   -7.130
     97.54   999.99   -7.019
    100.58   999.99   -6.916
    103.63   999.99   -6.798
    106.68   999.99   -6.682
    109.73   999.99   -6.544
    112.78   999.99   -6.406
    115.82   999.99   -6.290
    118.87   999.99   -6.172
    121.92   999.99   -6.022
    124.97   999.99   -5.881
    128.02   999.99   -5.763
    131.06   999.99   -5.603
    134.11   999.99   -5.481
    137.16   999.99   -5.346
    140.21   999.99   -5.209
    143.26   999.99   -5.083
    146.30   999.99   -4.946
    149.35   999.99   -4.800
    152.40   999.99   -4.658
    155.45   999.99   -4.506
    158.50   999.99   -4.350
    161.54   999.99   -4.200
    164.59   999.99   -4.022
    167.64   999.99   -3.853
    170.69   999.99   -3.692
    173.74   999.99   -3.534
    176.78   999.99   -3.400
    179.83   999.99   -3.241
    182.88   999.99   -3.091
    185.93   999.99   -2.939
    188.98   999.99   -2.787
    192.02   999.99   -2.625
    195.07   999.99   -2.506
    198.12   999.99   -2.356
    201.17   999.99   -2.223
    204.22   999.99   -2.101
    207.26   999.99   -1.935
    256.03   999.99     .129
    259.08   999.99     .248
    262.13   999.99     .359
    265.18   999.99     .478
    268.22   999.99     .584
    271.27   999.99     .718
    274.32   999.99     .844
    277.37   999.99     .942
    280.42   999.99    1.069
    283.46   999.99    1.197
    286.51   999.99    1.295
    289.56   999.99    1.400
    292.61   999.99    1.501
    295.66   999.99    1.602
    298.70   999.99    1.727
    301.75   999.99    1.829
    304.80   999.99    1.925
    307.85   999.99    2.056
    310.90   999.99    2.172
    313.94   999.99    2.279
    316.99   999.99    2.395
    320.04   999.99    2.524
    323.09   999.99    2.630
    326.14   999.99    2.739
    329.18   999.99    2.878
    332.23   999.99    2.989
    335.28   999.99    3.100
    338.33   999.99    3.214
    341.38   999.99    3.323
    344.42   999.99    3.434
    353.57   999.99    3.790
    356.62   999.99    3.923
    359.66   999.99    4.018
    362.71   999.99    4.133
    365.76   999.99    4.243
    368.81   999.99    4.348
    371.86   999.99    4.453
    374.90   999.99    4.577
    377.95   999.99    4.676
    381.00   999.99    4.787
    384.05   999.99    4.932
    387.10   999.99    5.045
    390.14   999.99    5.152
    393.19   999.99    5.290
    396.24   999.99    5.395
    399.29   999.99    5.503
    402.34   999.99    5.627
    405.38   999.99    5.729
    408.43   999.99    5.848
    411.48   999.99    5.957
    414.53   999.99    6.070
    417.58   999.99    6.182
    420.62   999.99    6.296
    423.67   999.99    6.431
    426.72   999.99    6.528
    429.77   999.99    6.633
    432.82   999.99    6.731
    435.86   999.99    6.834
    438.91   999.99    6.940
    441.96   999.99    7.036
    445.01   999.99    7.151
    448.06   999.99    7.262
    451.10   999.99    7.377
    454.15   999.99    7.468
    457.20   999.99    7.573
    460.25   999.99    7.685
    463.30   999.99    7.796
    466.34   999.99    7.906
    469.39   999.99    8.035
    472.44   999.99    8.132
    475.49   999.99    8.236
    478.54   999.99    8.333
    481.58   999.99    8.458
    484.63   999.99    8.576
    487.68   999.99    8.692
    490.73   999.99    8.786
    493.78   999.99    8.895
    496.83   999.99    8.987
    499.87   999.99    9.097
    502.92   999.99    9.199
    505.97   999.99    9.299
    509.02   999.99    9.378
    512.07   999.99    9.456
    515.11   999.99    9.938
    518.16   999.99    9.974
    521.21   999.99   10.055
    524.26   999.99   10.157
    527.31   999.99   10.264
    530.35   999.99   10.404
    533.40   999.99   10.497
    536.45   999.99   10.620
    539.50   999.99   10.757
    542.55   999.99   10.864
    545.59   999.99   10.998
    548.64   999.99   11.092
    551.69   999.99   11.199
    554.74   999.99   11.347
    557.79   999.99   11.408
    560.83   999.99   11.459
    563.88   999.99   11.550
    566.93   999.99   11.644
    569.98   999.99   11.732
    573.03   999.99   11.926
    576.07   999.99   12.023
    579.12   999.99   12.143
    582.17   999.99   12.240
    585.22   999.99   12.358
    588.27   999.99   12.478
    591.31   999.99   12.567
    594.36   999.99   12.690
    597.41   999.99   12.794
    600.46   999.99   12.897
    603.51   999.99   13.026
    606.55   999.99   13.130
    609.60   999.99   13.245
    612.65   999.99   13.353
    615.70   999.99   13.488
    618.75   999.99   13.583
    621.79   999.99   13.695
    624.84   999.99   13.789
    627.89   999.99   13.945
    630.94   999.99   14.038
    633.99   999.99   14.170
    637.03   999.99   14.248
    640.08   999.99   14.329
    643.13   999.99   14.450
    646.18   999.99   14.564
    649.23   999.99   14.727
    652.27   999.99   14.833
    655.32   999.99   14.931
    658.37   999.99   15.038
    661.42   999.99   15.118
    664.47   999.99   15.228
    667.51   999.99   15.324
    670.56   999.99   15.362
    673.61   999.99   15.493
    676.66   999.99   15.548
    679.71   999.99   15.808
    682.75   999.99   15.905
    685.80   999.99   16.023
    688.85   999.99   16.139
    691.90   999.99   16.290
    694.95   999.99   16.427
    697.99   999.99   16.692
    701.04   999.99   16.770
    704.09   999.99   16.931
    707.14   999.99   17.049
