 << U.S. Geological Survey Borehole Temperature Log - Alaska >>
  
 Site:             FCK 
 Log Date:         84AUG07 
 Type of Log:      continuous  
 Type of Sensor:   thermistor network (custom)
 Measuring Device: digital multimeter
 Deconvolved:      no 
  
  Z   = measured depth (m)
  TVD = true vertical depth (m)
  T   = temperature (C)
  
        Z      TVD       T
      6.40   999.99   -9.303
      6.71   999.99   -9.317
      7.01   999.99   -9.338
      7.32   999.99   -9.362
      7.62   999.99   -9.384
      7.92   999.99   -9.405
      8.23   999.99   -9.436
      8.53   999.99   -9.451
      8.84   999.99   -9.472
      9.14   999.99   -9.499
      9.45   999.99   -9.514
      9.75   999.99   -9.709
     10.06   999.99   -9.873
     10.36   999.99   -9.960
     10.67   999.99  -10.042
     10.97   999.99  -10.112
     11.28   999.99  -10.139
     11.58   999.99  -10.157
     11.89   999.99  -10.166
     12.19   999.99  -10.171
     12.50   999.99  -10.165
     12.80   999.99  -10.148
     13.11   999.99  -10.124
     13.41   999.99  -10.099
     13.72   999.99  -10.091
     14.02   999.99  -10.067
     14.33   999.99  -10.034
     14.63   999.99  -10.013
     14.94   999.99   -9.984
     15.24   999.99   -9.937
     15.54   999.99   -9.912
     15.85   999.99   -9.890
     16.15   999.99   -9.854
     16.46   999.99   -9.829
     16.76   999.99   -9.794
     17.07   999.99   -9.751
     17.37   999.99   -9.728
     17.68   999.99   -9.702
     17.98   999.99   -9.689
     18.29   999.99   -9.669
     18.59   999.99   -9.635
     18.90   999.99   -9.614
     19.20   999.99   -9.588
     19.51   999.99   -9.557
     19.81   999.99   -9.539
     20.12   999.99   -9.509
     20.42   999.99   -9.467
     20.73   999.99   -9.436
     21.03   999.99   -9.414
     21.34   999.99   -9.402
     21.64   999.99   -9.373
     21.95   999.99   -9.338
     22.25   999.99   -9.316
     22.56   999.99   -9.300
     22.86   999.99   -9.282
     23.16   999.99   -9.273
     23.47   999.99   -9.256
     23.77   999.99   -9.242
     24.08   999.99   -9.225
     24.38   999.99   -9.205
     24.69   999.99   -9.186
     24.99   999.99   -9.165
     25.30   999.99   -9.140
     25.60   999.99   -9.114
     25.91   999.99   -9.088
     26.21   999.99   -9.059
     26.52   999.99   -9.036
     26.82   999.99   -9.012
     27.13   999.99   -8.988
     27.43   999.99   -8.977
     27.74   999.99   -8.961
     28.04   999.99   -8.944
     28.35   999.99   -8.930
     28.65   999.99   -8.915
     28.96   999.99   -8.901
     29.26   999.99   -8.885
     29.57   999.99   -8.865
     29.87   999.99   -8.851
     30.18   999.99   -8.843
     30.48   999.99   -8.831
     30.78   999.99   -8.814
     31.09   999.99   -8.801
     31.39   999.99   -8.780
     31.70   999.99   -8.772
     32.00   999.99   -8.760
     32.31   999.99   -8.743
     32.61   999.99   -8.734
     32.92   999.99   -8.723
     33.22   999.99   -8.705
     33.53   999.99   -8.697
     33.83   999.99   -8.689
     34.14   999.99   -8.676
     34.44   999.99   -8.669
     34.75   999.99   -8.657
     35.05   999.99   -8.644
     35.36   999.99   -8.636
     35.66   999.99   -8.627
     35.97   999.99   -8.617
     36.27   999.99   -8.610
     36.58   999.99   -8.599
     36.88   999.99   -8.590
     37.19   999.99   -8.582
     37.49   999.99   -8.574
     37.80   999.99   -8.567
     38.10   999.99   -8.559
     38.40   999.99   -8.547
     38.71   999.99   -8.536
     39.01   999.99   -8.519
     39.32   999.99   -8.502
     39.62   999.99   -8.497
     39.93   999.99   -8.493
     40.23   999.99   -8.486
     40.54   999.99   -8.481
     40.84   999.99   -8.474
     41.15   999.99   -8.464
     41.45   999.99   -8.461
     41.76   999.99   -8.454
     42.06   999.99   -8.446
     42.37   999.99   -8.442
     42.67   999.99   -8.432
     42.98   999.99   -8.418
     43.28   999.99   -8.412
     43.59   999.99   -8.403
     43.89   999.99   -8.397
     44.20   999.99   -8.394
     44.50   999.99   -8.389
     44.81   999.99   -8.381
     45.11   999.99   -8.374
     45.42   999.99   -8.367
     45.72   999.99   -8.360
     46.02   999.99   -8.356
     46.33   999.99   -8.350
     46.63   999.99   -8.345
     46.94   999.99   -8.338
     47.24   999.99   -8.329
     47.55   999.99   -8.323
     47.85   999.99   -8.319
     48.16   999.99   -8.314
     48.46   999.99   -8.310
     48.77   999.99   -8.306
     49.07   999.99   -8.301
     49.38   999.99   -8.294
     49.68   999.99   -8.287
     49.99   999.99   -8.281
     50.29   999.99   -8.278
     50.60   999.99   -8.271
     50.90   999.99   -8.266
     51.21   999.99   -8.261
     51.51   999.99   -8.253
     51.82   999.99   -8.246
     52.12   999.99   -8.241
     52.43   999.99   -8.234
     52.73   999.99   -8.231
     53.04   999.99   -8.227
     53.34   999.99   -8.221
     53.64   999.99   -8.218
     53.95   999.99   -8.212
     54.25   999.99   -8.203
     54.56   999.99   -8.199
     54.86   999.99   -8.194
     55.17   999.99   -8.187
     55.47   999.99   -8.183
     55.78   999.99   -8.179
     56.08   999.99   -8.174
     56.39   999.99   -8.171
     56.69   999.99   -8.165
     57.00   999.99   -8.162
     57.30   999.99   -8.160
     57.61   999.99   -8.153
     57.91   999.99   -8.151
     58.22   999.99   -8.146
     58.52   999.99   -8.139
     58.83   999.99   -8.136
     59.13   999.99   -8.131
     59.44   999.99   -8.124
     59.74   999.99   -8.120
     60.05   999.99   -8.114
     60.35   999.99   -8.108
     60.66   999.99   -8.105
     60.96   999.99   -8.094
     61.26   999.99   -8.072
     61.57   999.99   -8.072
     61.87   999.99   -8.070
     62.18   999.99   -8.067
     62.48   999.99   -8.063
     62.79   999.99   -8.061
     63.09   999.99   -8.058
     63.40   999.99   -8.054
     63.70   999.99   -8.050
     64.01   999.99   -8.047
     64.31   999.99   -8.037
     64.62   999.99   -8.032
     64.92   999.99   -8.028
     65.23   999.99   -8.023
     65.53   999.99   -8.017
     65.84   999.99   -8.012
     66.14   999.99   -8.009
     66.45   999.99   -8.004
     66.75   999.99   -7.999
     67.06   999.99   -7.994
     67.36   999.99   -7.988
     67.67   999.99   -7.983
     67.97   999.99   -7.979
     68.28   999.99   -7.973
     68.58   999.99   -7.968
     68.88   999.99   -7.963
     69.19   999.99   -7.956
     69.49   999.99   -7.950
     69.80   999.99   -7.944
     70.10   999.99   -7.937
     70.41   999.99   -7.934
     70.71   999.99   -7.930
     71.02   999.99   -7.924
     71.32   999.99   -7.918
     71.63   999.99   -7.911
     71.93   999.99   -7.904
     72.24   999.99   -7.900
     72.54   999.99   -7.891
     72.85   999.99   -7.886
     73.15   999.99   -7.880
     73.46   999.99   -7.870
     73.76   999.99   -7.867
     74.07   999.99   -7.862
     74.37   999.99   -7.855
     74.68   999.99   -7.849
     74.98   999.99   -7.842
     75.29   999.99   -7.831
     75.59   999.99   -7.826
     75.90   999.99   -7.816
     76.20   999.99   -7.809
     76.50   999.99   -7.802
     76.81   999.99   -7.793
     77.11   999.99   -7.788
     77.42   999.99   -7.781
     77.72   999.99   -7.769
     78.03   999.99   -7.764
     78.33   999.99   -7.760
     78.64   999.99   -7.754
     78.94   999.99   -7.748
     79.25   999.99   -7.740
     79.55   999.99   -7.735
     79.86   999.99   -7.730
     80.16   999.99   -7.724
     80.47   999.99   -7.719
     80.77   999.99   -7.711
     81.08   999.99   -7.699
     81.38   999.99   -7.693
     81.69   999.99   -7.686
     81.99   999.99   -7.674
     82.30   999.99   -7.669
     82.60   999.99   -7.663
     82.91   999.99   -7.656
     83.21   999.99   -7.648
     83.52   999.99   -7.639
     83.82   999.99   -7.629
     84.12   999.99   -7.622
     84.43   999.99   -7.611
     84.73   999.99   -7.603
     85.04   999.99   -7.595
     85.34   999.99   -7.582
     85.65   999.99   -7.575
     85.95   999.99   -7.568
     86.26   999.99   -7.558
     86.56   999.99   -7.552
     86.87   999.99   -7.543
     87.17   999.99   -7.534
     87.48   999.99   -7.528
     87.78   999.99   -7.516
     88.09   999.99   -7.509
     88.39   999.99   -7.503
     88.70   999.99   -7.493
     89.00   999.99   -7.486
     89.31   999.99   -7.479
     89.61   999.99   -7.463
     89.92   999.99   -7.454
     90.22   999.99   -7.444
     90.53   999.99   -7.433
     90.83   999.99   -7.424
     91.14   999.99   -7.415
     91.44   999.99   -7.409
     91.74   999.99   -7.404
     92.05   999.99   -7.395
     92.35   999.99   -7.387
     92.66   999.99   -7.377
     92.96   999.99   -7.360
     93.27   999.99   -7.352
     93.57   999.99   -7.343
     93.88   999.99   -7.332
     94.18   999.99   -7.324
     94.49   999.99   -7.309
     94.79   999.99   -7.299
     95.10   999.99   -7.289
     95.40   999.99   -7.282
     95.71   999.99   -7.276
     96.01   999.99   -7.266
     96.32   999.99   -7.253
     96.62   999.99   -7.247
     96.93   999.99   -7.235
     97.23   999.99   -7.224
     97.54   999.99   -7.214
     97.84   999.99   -7.202
     98.15   999.99   -7.193
     98.45   999.99   -7.183
     98.76   999.99   -7.169
     99.06   999.99   -7.160
     99.36   999.99   -7.145
     99.67   999.99   -7.135
     99.97   999.99   -7.127
    100.28   999.99   -7.111
    100.58   999.99   -7.100
    100.89   999.99   -7.087
    101.19   999.99   -7.065
    101.50   999.99   -7.056
    101.80   999.99   -7.043
    102.11   999.99   -7.034
    102.41   999.99   -7.025
    102.72   999.99   -7.005
    103.02   999.99   -7.000
    103.33   999.99   -6.991
    103.63   999.99   -6.978
    103.94   999.99   -6.972
    104.24   999.99   -6.958
    104.55   999.99   -6.950
    104.85   999.99   -6.939
    105.16   999.99   -6.926
    105.46   999.99   -6.919
    105.77   999.99   -6.906
    106.07   999.99   -6.897
    106.38   999.99   -6.889
    106.68   999.99   -6.871
    106.99   999.99   -6.861
    107.29   999.99   -6.846
    107.59   999.99   -6.833
    107.90   999.99   -6.824
    108.20   999.99   -6.813
    108.51   999.99   -6.800
    108.81   999.99   -6.789
    109.12   999.99   -6.774
    109.42   999.99   -6.766
    109.73   999.99   -6.754
    110.03   999.99   -6.735
    110.34   999.99   -6.723
    110.64   999.99   -6.710
    110.95   999.99   -6.696
    111.25   999.99   -6.687
    111.56   999.99   -6.676
    111.86   999.99   -6.663
    112.17   999.99   -6.652
    112.47   999.99   -6.635
    112.78   999.99   -6.625
    113.08   999.99   -6.613
    113.39   999.99   -6.595
    113.69   999.99   -6.581
    114.00   999.99   -6.567
    114.30   999.99   -6.551
    114.61   999.99   -6.540
    114.91   999.99   -6.526
    115.21   999.99   -6.513
    115.52   999.99   -6.503
    115.82   999.99   -6.489
    116.13   999.99   -6.479
    116.43   999.99   -6.470
    116.74   999.99   -6.458
    117.04   999.99   -6.452
    117.35   999.99   -6.438
    117.65   999.99   -6.417
    117.96   999.99   -6.408
    118.26   999.99   -6.392
    118.57   999.99   -6.380
    118.87   999.99   -6.370
    119.18   999.99   -6.343
    119.48   999.99   -6.327
    119.79   999.99   -6.317
    120.09   999.99   -6.303
    120.40   999.99   -6.293
    120.70   999.99   -6.279
    121.01   999.99   -6.265
    121.31   999.99   -6.254
    121.62   999.99   -6.245
    121.92   999.99   -6.235
    122.22   999.99   -6.152
    122.53   999.99   -6.147
    122.83   999.99   -6.142
    123.14   999.99   -6.137
    123.44   999.99   -6.130
    123.75   999.99   -6.125
    124.05   999.99   -6.119
    124.36   999.99   -6.109
    124.66   999.99   -6.101
    124.97   999.99   -6.086
    125.27   999.99   -6.073
    125.58   999.99   -6.065
    125.88   999.99   -6.054
    126.19   999.99   -6.045
    126.49   999.99   -6.029
    126.80   999.99   -6.015
    127.10   999.99   -6.006
    127.41   999.99   -5.992
    127.71   999.99   -5.977
    128.02   999.99   -5.963
    128.32   999.99   -5.943
    128.63   999.99   -5.929
    128.93   999.99   -5.920
    129.24   999.99   -5.897
    129.54   999.99   -5.889
    129.85   999.99   -5.878
    130.15   999.99   -5.868
    130.45   999.99   -5.856
    130.76   999.99   -5.837
    131.06   999.99   -5.825
    131.37   999.99   -5.805
    131.67   999.99   -5.783
    131.98   999.99   -5.771
    132.28   999.99   -5.755
    132.59   999.99   -5.743
    132.89   999.99   -5.732
    133.20   999.99   -5.709
    133.50   999.99   -5.694
    133.81   999.99   -5.675
    134.11   999.99   -5.655
    134.42   999.99   -5.646
    134.72   999.99   -5.632
    135.03   999.99   -5.619
    135.33   999.99   -5.611
    135.64   999.99   -5.594
    135.94   999.99   -5.580
    136.25   999.99   -5.558
    136.55   999.99   -5.535
    136.86   999.99   -5.524
    137.16   999.99   -5.509
    137.47   999.99   -5.502
    137.77   999.99   -5.489
    138.07   999.99   -5.468
    138.38   999.99   -5.459
    138.68   999.99   -5.442
    138.99   999.99   -5.426
    139.29   999.99   -5.418
    139.60   999.99   -5.406
    139.90   999.99   -5.389
    140.21   999.99   -5.376
    140.51   999.99   -5.363
    140.82   999.99   -5.357
    141.12   999.99   -5.347
    141.43   999.99   -5.327
    141.73   999.99   -5.314
    142.04   999.99   -5.300
    142.34   999.99   -5.285
    142.65   999.99   -5.268
    142.95   999.99   -5.245
    143.26   999.99   -5.232
    143.56   999.99   -5.220
    143.87   999.99   -5.209
    144.17   999.99   -5.203
    144.48   999.99   -5.190
    144.78   999.99   -5.183
    145.09   999.99   -5.168
    145.39   999.99   -5.142
    145.69   999.99   -5.127
    146.00   999.99   -5.114
    146.30   999.99   -5.103
    146.61   999.99   -5.095
    146.91   999.99   -5.083
    147.22   999.99   -5.076
    147.52   999.99   -5.068
    147.83   999.99   -5.056
    148.13   999.99   -5.050
    148.44   999.99   -5.035
    148.74   999.99   -5.019
    149.05   999.99   -5.006
    149.35   999.99   -4.983
    149.66   999.99   -4.970
    149.96   999.99   -4.957
    150.27   999.99   -4.938
    150.57   999.99   -4.924
    150.88   999.99   -4.914
    151.18   999.99   -4.901
    151.49   999.99   -4.892
    151.79   999.99   -4.876
    152.10   999.99   -4.863
    152.40   999.99   -4.850
    152.71   999.99   -4.834
    153.01   999.99   -4.822
    153.31   999.99   -4.812
    153.62   999.99   -4.794
    153.92   999.99   -4.781
    154.23   999.99   -4.767
    154.53   999.99   -4.753
    154.84   999.99   -4.735
    155.14   999.99   -4.715
    155.45   999.99   -4.700
    155.75   999.99   -4.683
    156.06   999.99   -4.668
    156.36   999.99   -4.658
    156.67   999.99   -4.638
    156.97   999.99   -4.625
    157.28   999.99   -4.614
    157.58   999.99   -4.595
    157.89   999.99   -4.583
    158.19   999.99   -4.567
    158.50   999.99   -4.549
    158.80   999.99   -4.534
    159.11   999.99   -4.516
    159.41   999.99   -4.505
    159.72   999.99   -4.492
    160.02   999.99   -4.476
    160.33   999.99   -4.464
    160.63   999.99   -4.447
    160.93   999.99   -4.430
    161.24   999.99   -4.412
    161.54   999.99   -4.392
    161.85   999.99   -4.380
    162.15   999.99   -4.368
    162.46   999.99   -4.357
    162.76   999.99   -4.344
    163.07   999.99   -4.324
    163.37   999.99   -4.309
    163.68   999.99   -4.298
    163.98   999.99   -4.278
    164.29   999.99   -4.261
    164.59   999.99   -4.240
    164.90   999.99   -4.218
    165.20   999.99   -4.205
    165.51   999.99   -4.184
    165.81   999.99   -4.163
    166.12   999.99   -4.150
    166.42   999.99   -4.131
    166.73   999.99   -4.114
    167.03   999.99   -4.090
    167.34   999.99   -4.071
    167.64   999.99   -4.057
    167.95   999.99   -4.041
    168.25   999.99   -4.032
    168.55   999.99   -4.015
    168.86   999.99   -3.995
    169.16   999.99   -3.978
    169.47   999.99   -3.960
    169.77   999.99   -3.946
    170.08   999.99   -3.929
    170.38   999.99   -3.909
    170.69   999.99   -3.891
    170.99   999.99   -3.877
    171.30   999.99   -3.864
    171.60   999.99   -3.850
    171.91   999.99   -3.841
    172.21   999.99   -3.832
    172.52   999.99   -3.818
    172.82   999.99   -3.795
    173.13   999.99   -3.772
    173.43   999.99   -3.744
    173.74   999.99   -3.726
    174.04   999.99   -3.707
    174.35   999.99   -3.695
    174.65   999.99   -3.686
    174.96   999.99   -3.675
    175.26   999.99   -3.663
    175.57   999.99   -3.646
    175.87   999.99   -3.619
    176.17   999.99   -3.607
    176.48   999.99   -3.595
    176.78   999.99   -3.588
    177.09   999.99   -3.580
    177.39   999.99   -3.566
    177.70   999.99   -3.548
    178.00   999.99   -3.525
    178.31   999.99   -3.510
    178.61   999.99   -3.489
    178.92   999.99   -3.467
    179.22   999.99   -3.454
    179.53   999.99   -3.441
    179.83   999.99   -3.423
    180.14   999.99   -3.412
    180.44   999.99   -3.398
    180.75   999.99   -3.387
    181.05   999.99   -3.374
    181.36   999.99   -3.355
    181.66   999.99   -3.336
    181.97   999.99   -3.322
    182.27   999.99   -3.305
    182.58   999.99   -3.290
    182.88   999.99   -3.258
    183.19   999.99   -3.216
    183.49   999.99   -3.212
    183.79   999.99   -3.209
    184.10   999.99   -3.192
    184.40   999.99   -3.174
    184.71   999.99   -3.162
    185.01   999.99   -3.151
    185.32   999.99   -3.136
    185.62   999.99   -3.126
    185.93   999.99   -3.115
    186.23   999.99   -3.100
    186.54   999.99   -3.080
    186.84   999.99   -3.060
    187.15   999.99   -3.052
    187.45   999.99   -3.037
    187.76   999.99   -3.021
    188.06   999.99   -3.010
    188.37   999.99   -3.000
    188.67   999.99   -2.992
    188.98   999.99   -2.974
    189.28   999.99   -2.961
    189.59   999.99   -2.948
    189.89   999.99   -2.923
    190.20   999.99   -2.905
    190.50   999.99   -2.886
    190.81   999.99   -2.863
    191.11   999.99   -2.849
    191.41   999.99   -2.834
    191.72   999.99   -2.821
    192.02   999.99   -2.811
    192.33   999.99   -2.793
    192.63   999.99   -2.783
    192.94   999.99   -2.769
    193.24   999.99   -2.758
    193.55   999.99   -2.751
    193.85   999.99   -2.735
    194.16   999.99   -2.721
    194.46   999.99   -2.710
    194.77   999.99   -2.694
    195.07   999.99   -2.675
    195.38   999.99   -2.653
    195.68   999.99   -2.635
    195.99   999.99   -2.622
    196.29   999.99   -2.609
    196.60   999.99   -2.602
    196.90   999.99   -2.588
    197.21   999.99   -2.568
    197.51   999.99   -2.556
    197.82   999.99   -2.540
    198.12   999.99   -2.529
    198.43   999.99   -2.517
    198.73   999.99   -2.494
    199.03   999.99   -2.475
    199.34   999.99   -2.461
    199.64   999.99   -2.447
    199.95   999.99   -2.437
    200.25   999.99   -2.423
    200.56   999.99   -2.410
    200.86   999.99   -2.395
    201.17   999.99   -2.373
    201.47   999.99   -2.360
    201.78   999.99   -2.350
    202.08   999.99   -2.336
    202.39   999.99   -2.322
    202.69   999.99   -2.303
    203.00   999.99   -2.289
    203.30   999.99   -2.277
    203.61   999.99   -2.268
    203.91   999.99   -2.254
    204.22   999.99   -2.231
    204.52   999.99   -2.215
    204.83   999.99   -2.203
    205.13   999.99   -2.192
    205.44   999.99   -2.181
    205.74   999.99   -2.166
    206.05   999.99   -2.156
    206.35   999.99   -2.141
    206.65   999.99   -2.122
    206.96   999.99   -2.111
    207.26   999.99   -2.091
    207.57   999.99   -2.080
    207.87   999.99   -2.071
    208.18   999.99   -2.060
    208.48   999.99   -2.047
    208.79   999.99   -2.026
    209.09   999.99   -2.007
    209.40   999.99   -1.993
    209.70   999.99   -1.982
    210.01   999.99   -1.974
    210.31   999.99   -1.961
    210.62   999.99   -1.945
    210.92   999.99   -1.935
    211.23   999.99   -1.929
    211.53   999.99   -1.918
    211.84   999.99   -1.906
    212.14   999.99   -1.892
    212.45   999.99   -1.880
    212.75   999.99   -1.865
    213.06   999.99   -1.850
    213.36   999.99   -1.830
    213.67   999.99   -1.820
    213.97   999.99   -1.809
    214.27   999.99   -1.793
    214.58   999.99   -1.777
    214.88   999.99   -1.755
    215.19   999.99   -1.734
    215.49   999.99   -1.723
    215.80   999.99   -1.709
    216.10   999.99   -1.697
    216.41   999.99   -1.685
    216.71   999.99   -1.669
    217.02   999.99   -1.654
    217.32   999.99   -1.642
    217.63   999.99   -1.633
    217.93   999.99   -1.623
    218.24   999.99   -1.612
    218.54   999.99   -1.598
    218.85   999.99   -1.579
    219.15   999.99   -1.565
    219.46   999.99   -1.553
    219.76   999.99   -1.535
    220.07   999.99   -1.522
    220.37   999.99   -1.506
    220.68   999.99   -1.493
    220.98   999.99   -1.481
    221.29   999.99   -1.472
    221.59   999.99   -1.458
    221.89   999.99   -1.444
    222.20   999.99   -1.435
    222.50   999.99   -1.425
    222.81   999.99   -1.417
    223.11   999.99   -1.408
    223.42   999.99   -1.395
    223.72   999.99   -1.387
    224.03   999.99   -1.379
    224.33   999.99   -1.362
    224.64   999.99   -1.349
    224.94   999.99   -1.335
    225.25   999.99   -1.324
    225.55   999.99   -1.311
    225.86   999.99   -1.297
    226.16   999.99   -1.287
    226.47   999.99   -1.275
    226.77   999.99   -1.266
    227.08   999.99   -1.249
    227.38   999.99   -1.230
    227.69   999.99   -1.213
    227.99   999.99   -1.191
    228.30   999.99   -1.177
    228.60   999.99   -1.164
    228.91   999.99   -1.152
    229.21   999.99   -1.144
    229.51   999.99   -1.132
    229.82   999.99   -1.122
    230.12   999.99   -1.110
    230.43   999.99   -1.094
    230.73   999.99   -1.080
    231.04   999.99   -1.062
    231.34   999.99   -1.049
    231.65   999.99   -1.030
    231.95   999.99   -1.012
    232.26   999.99   -1.002
    232.56   999.99    -.993
    232.87   999.99    -.985
    233.17   999.99    -.976
    233.48   999.99    -.965
    233.78   999.99    -.955
    234.09   999.99    -.940
    234.39   999.99    -.925
    234.70   999.99    -.913
    235.00   999.99    -.897
    235.31   999.99    -.886
    235.61   999.99    -.877
    235.92   999.99    -.861
    236.22   999.99    -.852
    236.53   999.99    -.838
    236.83   999.99    -.824
    237.13   999.99    -.812
    237.44   999.99    -.801
    237.74   999.99    -.791
    238.05   999.99    -.782
    238.35   999.99    -.768
    238.66   999.99    -.757
    238.96   999.99    -.740
    239.27   999.99    -.729
    239.57   999.99    -.718
    239.88   999.99    -.705
    240.18   999.99    -.693
    240.49   999.99    -.678
    240.79   999.99    -.666
    241.10   999.99    -.656
    241.40   999.99    -.643
    241.71   999.99    -.631
    242.01   999.99    -.622
    242.32   999.99    -.609
    242.62   999.99    -.595
    242.93   999.99    -.582
    243.23   999.99    -.568
    243.54   999.99    -.553
    243.84   999.99    -.543
    244.15   999.99    -.493
    244.45   999.99    -.493
    244.75   999.99    -.486
    245.06   999.99    -.478
    245.36   999.99    -.470
    245.67   999.99    -.463
    245.97   999.99    -.455
    246.28   999.99    -.444
    246.58   999.99    -.428
    246.89   999.99    -.417
    247.19   999.99    -.401
    247.50   999.99    -.390
    247.80   999.99    -.383
    248.11   999.99    -.374
    248.41   999.99    -.368
    248.72   999.99    -.353
    249.02   999.99    -.343
    249.33   999.99    -.331
    249.63   999.99    -.323
    249.94   999.99    -.311
    250.24   999.99    -.297
    250.55   999.99    -.283
    250.85   999.99    -.267
    251.16   999.99    -.250
    251.46   999.99    -.234
    251.77   999.99    -.219
    252.07   999.99    -.210
    252.37   999.99    -.199
    252.68   999.99    -.186
    252.98   999.99    -.175
    253.29   999.99    -.166
    253.59   999.99    -.160
    253.90   999.99    -.146
    254.20   999.99    -.133
    254.51   999.99    -.121
    254.81   999.99    -.107
    255.12   999.99    -.098
    255.42   999.99    -.083
    255.73   999.99    -.074
    256.03   999.99    -.057
    256.34   999.99    -.044
    256.64   999.99    -.034
    256.95   999.99    -.023
    257.25   999.99    -.015
    257.56   999.99    -.006
    257.86   999.99     .002
    258.17   999.99     .021
    258.47   999.99     .034
    258.78   999.99     .046
    259.08   999.99     .060
    259.39   999.99     .070
    259.69   999.99     .081
    259.99   999.99     .089
    260.30   999.99     .103
    260.60   999.99     .116
    260.91   999.99     .130
    261.21   999.99     .144
    261.52   999.99     .154
    261.82   999.99     .165
    262.13   999.99     .176
    262.43   999.99     .184
    262.74   999.99     .196
    263.04   999.99     .207
    263.35   999.99     .225
    263.65   999.99     .236
    263.96   999.99     .247
    264.26   999.99     .262
    264.57   999.99     .273
    264.87   999.99     .287
    265.18   999.99     .298
    265.48   999.99     .311
    265.79   999.99     .324
    266.09   999.99     .336
    266.40   999.99     .350
    266.70   999.99     .363
    267.01   999.99     .379
    267.31   999.99     .392
    267.61   999.99     .403
    267.92   999.99     .417
    268.22   999.99     .427
    268.53   999.99     .435
    268.83   999.99     .442
    269.14   999.99     .454
    269.44   999.99     .471
    269.75   999.99     .481
    270.05   999.99     .496
    270.36   999.99     .509
    270.66   999.99     .516
    270.97   999.99     .529
    271.27   999.99     .539
    271.58   999.99     .555
    271.88   999.99     .564
    272.19   999.99     .574
    272.49   999.99     .591
    272.80   999.99     .604
    273.10   999.99     .622
    273.41   999.99     .637
    273.71   999.99     .647
    274.02   999.99     .655
    274.32   999.99     .666
    274.63   999.99     .677
    274.93   999.99     .688
    275.23   999.99     .701
    275.54   999.99     .715
    275.84   999.99     .726
    276.15   999.99     .736
    276.45   999.99     .743
    276.76   999.99     .749
    277.06   999.99     .762
    277.37   999.99     .776
    277.67   999.99     .793
    277.98   999.99     .805
    278.28   999.99     .818
    278.59   999.99     .832
    278.89   999.99     .841
    279.20   999.99     .853
    279.50   999.99     .861
    279.81   999.99     .869
    280.11   999.99     .877
    280.42   999.99     .884
    280.72   999.99     .896
    281.03   999.99     .908
    281.33   999.99     .924
    281.64   999.99     .936
    281.94   999.99     .944
    282.25   999.99     .959
    282.55   999.99     .971
    282.86   999.99     .982
    283.16   999.99     .995
    283.46   999.99    1.008
    283.77   999.99    1.018
    284.07   999.99    1.024
    284.38   999.99    1.038
    284.68   999.99    1.049
    284.99   999.99    1.058
    285.29   999.99    1.066
    285.60   999.99    1.083
    285.90   999.99    1.098
    286.21   999.99    1.108
    286.51   999.99    1.119
    286.82   999.99    1.131
    287.12   999.99    1.144
    287.43   999.99    1.155
    287.73   999.99    1.166
    288.04   999.99    1.179
    288.34   999.99    1.194
    288.65   999.99    1.207
    288.95   999.99    1.217
    289.26   999.99    1.229
    289.56   999.99    1.240
    289.87   999.99    1.247
    290.17   999.99    1.262
    290.48   999.99    1.277
    290.78   999.99    1.288
    291.08   999.99    1.295
    291.39   999.99    1.302
    291.69   999.99    1.316
    292.00   999.99    1.326
    292.30   999.99    1.335
    292.61   999.99    1.345
    292.91   999.99    1.356
    293.22   999.99    1.365
    293.52   999.99    1.374
    293.83   999.99    1.382
    294.13   999.99    1.394
    294.44   999.99    1.404
    294.74   999.99    1.412
    295.05   999.99    1.420
    295.35   999.99    1.428
    295.66   999.99    1.435
    295.96   999.99    1.449
    296.27   999.99    1.462
    296.57   999.99    1.475
    296.88   999.99    1.489
    297.18   999.99    1.497
    297.49   999.99    1.504
    297.79   999.99    1.514
    298.10   999.99    1.529
    298.40   999.99    1.539
    298.70   999.99    1.553
    299.01   999.99    1.563
    299.31   999.99    1.571
    299.62   999.99    1.585
    299.92   999.99    1.598
    300.23   999.99    1.607
    300.53   999.99    1.617
    300.84   999.99    1.629
    301.14   999.99    1.643
    301.45   999.99    1.653
    301.75   999.99    1.662
    302.06   999.99    1.677
    302.36   999.99    1.686
    302.67   999.99    1.701
    302.97   999.99    1.714
    303.28   999.99    1.725
    303.58   999.99    1.732
    303.89   999.99    1.738
    304.19   999.99    1.743
    304.50   999.99    1.753
    304.80   999.99    1.767
    305.11   999.99    1.826
    305.41   999.99    1.830
    305.71   999.99    1.833
    306.02   999.99    1.836
    306.32   999.99    1.842
    306.63   999.99    1.845
    306.93   999.99    1.849
    307.24   999.99    1.856
    307.54   999.99    1.871
    307.85   999.99    1.881
    308.15   999.99    1.892
    308.46   999.99    1.905
    308.76   999.99    1.913
    309.07   999.99    1.919
    309.37   999.99    1.928
    309.68   999.99    1.941
    309.98   999.99    1.952
    310.29   999.99    1.964
    310.59   999.99    1.974
    310.90   999.99    1.984
    311.20   999.99    2.001
    311.51   999.99    2.013
    311.81   999.99    2.029
    312.12   999.99    2.040
    312.42   999.99    2.052
    312.73   999.99    2.065
    313.03   999.99    2.072
    313.33   999.99    2.080
    313.64   999.99    2.087
    313.94   999.99    2.100
    314.25   999.99    2.114
    314.55   999.99    2.133
    314.86   999.99    2.145
    315.16   999.99    2.151
    315.47   999.99    2.163
    315.77   999.99    2.177
    316.08   999.99    2.190
    316.38   999.99    2.204
    316.69   999.99    2.218
    316.99   999.99    2.233
    317.30   999.99    2.241
    317.60   999.99    2.251
    317.91   999.99    2.265
    318.21   999.99    2.276
    318.52   999.99    2.287
    318.82   999.99    2.295
    319.13   999.99    2.302
    319.43   999.99    2.315
    319.74   999.99    2.320
    320.04   999.99    2.332
    320.35   999.99    2.348
    320.65   999.99    2.360
    320.95   999.99    2.376
    321.26   999.99    2.393
    321.56   999.99    2.405
    321.87   999.99    2.415
    322.17   999.99    2.425
    322.48   999.99    2.428
    322.78   999.99    2.440
    323.09   999.99    2.454
    323.39   999.99    2.470
    323.70   999.99    2.479
    324.00   999.99    2.494
    324.31   999.99    2.505
    324.61   999.99    2.519
    324.92   999.99    2.530
    325.22   999.99    2.540
    325.53   999.99    2.549
    325.83   999.99    2.556
    326.14   999.99    2.572
    326.44   999.99    2.578
    326.75   999.99    2.590
    327.05   999.99    2.600
    327.36   999.99    2.610
    327.66   999.99    2.622
    327.97   999.99    2.633
    328.27   999.99    2.643
    328.58   999.99    2.653
    328.88   999.99    2.663
    329.18   999.99    2.680
    329.49   999.99    2.692
    329.79   999.99    2.708
    330.10   999.99    2.723
    330.40   999.99    2.736
    330.71   999.99    2.749
    331.01   999.99    2.761
    331.32   999.99    2.773
    331.62   999.99    2.785
    331.93   999.99    2.793
    332.23   999.99    2.800
    332.54   999.99    2.812
    332.84   999.99    2.827
    333.15   999.99    2.842
    333.45   999.99    2.858
    333.76   999.99    2.871
    334.06   999.99    2.879
    334.37   999.99    2.887
    334.67   999.99    2.895
    334.98   999.99    2.905
    335.28   999.99    2.917
    335.59   999.99    2.931
    335.89   999.99    2.937
    336.20   999.99    2.944
    336.50   999.99    2.951
    336.80   999.99    2.964
    337.11   999.99    2.977
    337.41   999.99    2.992
    337.72   999.99    3.004
    338.02   999.99    3.011
    338.33   999.99    3.026
    338.63   999.99    3.039
    338.94   999.99    3.050
    339.24   999.99    3.061
    339.55   999.99    3.073
    339.85   999.99    3.085
    340.16   999.99    3.090
    340.46   999.99    3.100
    340.77   999.99    3.112
    341.07   999.99    3.127
    341.38   999.99    3.143
    341.68   999.99    3.156
    341.99   999.99    3.167
    342.29   999.99    3.177
    342.60   999.99    3.187
    342.90   999.99    3.200
    343.21   999.99    3.213
    343.51   999.99    3.223
    343.82   999.99    3.236
    344.12   999.99    3.247
    344.42   999.99    3.258
    344.73   999.99    3.274
    345.03   999.99    3.286
    345.34   999.99    3.296
    345.64   999.99    3.307
    345.95   999.99    3.313
    346.25   999.99    3.323
    346.56   999.99    3.334
    346.86   999.99    3.344
    347.17   999.99    3.357
    347.47   999.99    3.368
    347.78   999.99    3.381
    348.08   999.99    3.389
    348.39   999.99    3.400
    348.69   999.99    3.409
    349.00   999.99    3.423
    349.30   999.99    3.432
    349.61   999.99    3.445
    349.91   999.99    3.453
    350.22   999.99    3.467
    350.52   999.99    3.480
    350.83   999.99    3.493
    351.13   999.99    3.502
    351.44   999.99    3.515
    351.74   999.99    3.528
    352.04   999.99    3.538
    352.35   999.99    3.546
    352.65   999.99    3.556
    352.96   999.99    3.568
    353.26   999.99    3.583
    353.57   999.99    3.595
    353.87   999.99    3.608
    354.18   999.99    3.621
    354.48   999.99    3.636
    354.79   999.99    3.647
    355.09   999.99    3.661
    355.40   999.99    3.672
    355.70   999.99    3.682
    356.01   999.99    3.692
    356.31   999.99    3.702
    356.62   999.99    3.718
    356.92   999.99    3.727
    357.23   999.99    3.740
    357.53   999.99    3.750
    357.84   999.99    3.756
    358.14   999.99    3.764
    358.45   999.99    3.769
    358.75   999.99    3.784
    359.06   999.99    3.803
    359.36   999.99    3.817
    359.66   999.99    3.828
    359.97   999.99    3.840
    360.27   999.99    3.855
    360.58   999.99    3.871
    360.88   999.99    3.883
    361.19   999.99    3.891
    361.49   999.99    3.906
    361.80   999.99    3.915
    362.10   999.99    3.928
    362.41   999.99    3.938
    362.71   999.99    3.951
    363.02   999.99    3.959
    363.32   999.99    3.974
    363.63   999.99    3.988
    363.93   999.99    4.000
    364.24   999.99    4.014
    364.54   999.99    4.021
    364.85   999.99    4.033
    365.15   999.99    4.044
    365.46   999.99    4.055
    365.76   999.99    4.065
    366.07   999.99    4.127
    366.37   999.99    4.126
    366.68   999.99    4.129
    366.98   999.99    4.129
    367.28   999.99    4.132
    367.59   999.99    4.143
    367.89   999.99    4.155
    368.20   999.99    4.167
    368.50   999.99    4.174
    368.81   999.99    4.182
    369.11   999.99    4.196
    369.42   999.99    4.204
    369.72   999.99    4.211
    370.03   999.99    4.221
    370.33   999.99    4.242
    370.64   999.99    4.255
    370.94   999.99    4.259
    371.25   999.99    4.261
    371.55   999.99    4.270
    371.86   999.99    4.281
    372.16   999.99    4.292
    372.47   999.99    4.306
    372.77   999.99    4.316
    373.08   999.99    4.328
    373.38   999.99    4.335
    373.69   999.99    4.343
    373.99   999.99    4.352
    374.30   999.99    4.369
    374.60   999.99    4.380
    374.90   999.99    4.396
    375.21   999.99    4.412
    375.51   999.99    4.421
    375.82   999.99    4.431
    376.12   999.99    4.439
    376.43   999.99    4.449
    376.73   999.99    4.457
    377.04   999.99    4.468
    377.34   999.99    4.481
    377.65   999.99    4.490
    377.95   999.99    4.499
    378.26   999.99    4.513
    378.56   999.99    4.521
    378.87   999.99    4.527
    379.17   999.99    4.540
    379.48   999.99    4.553
    379.78   999.99    4.563
    380.09   999.99    4.576
    380.39   999.99    4.591
    380.70   999.99    4.597
    381.00   999.99    4.608
    381.31   999.99    4.618
    381.61   999.99    4.630
    381.92   999.99    4.642
    382.22   999.99    4.654
    382.52   999.99    4.660
    382.83   999.99    4.671
    383.13   999.99    4.683
    383.44   999.99    4.695
    383.74   999.99    4.710
    384.05   999.99    4.722
    384.35   999.99    4.732
    384.66   999.99    4.746
    384.96   999.99    4.758
    385.27   999.99    4.771
    385.57   999.99    4.786
    385.88   999.99    4.799
    386.18   999.99    4.813
    386.49   999.99    4.823
    386.79   999.99    4.837
    387.10   999.99    4.853
    387.40   999.99    4.867
    387.71   999.99    4.876
    388.01   999.99    4.889
    388.32   999.99    4.901
    388.62   999.99    4.914
    388.93   999.99    4.927
    389.23   999.99    4.941
    389.54   999.99    4.955
    389.84   999.99    4.967
    390.14   999.99    4.984
    390.45   999.99    4.994
    390.75   999.99    5.005
    391.06   999.99    5.015
    391.36   999.99    5.029
    391.67   999.99    5.038
    391.97   999.99    5.051
    392.28   999.99    5.062
    392.58   999.99    5.072
    392.89   999.99    5.085
    393.19   999.99    5.097
    393.50   999.99    5.110
    393.80   999.99    5.122
    394.11   999.99    5.136
    394.41   999.99    5.145
    394.72   999.99    5.159
    395.02   999.99    5.167
    395.33   999.99    5.177
    395.63   999.99    5.195
    395.94   999.99    5.205
    396.24   999.99    5.218
    396.55   999.99    5.231
    396.85   999.99    5.242
    397.16   999.99    5.255
    397.46   999.99    5.257
    397.76   999.99    5.273
    398.07   999.99    5.287
    398.37   999.99    5.298
    398.68   999.99    5.305
    398.98   999.99    5.322
    399.29   999.99    5.335
    399.59   999.99    5.349
    399.90   999.99    5.361
    400.20   999.99    5.376
    400.51   999.99    5.390
    400.81   999.99    5.404
    401.12   999.99    5.409
    401.42   999.99    5.415
    401.73   999.99    5.424
    402.03   999.99    5.434
    402.34   999.99    5.448
    402.64   999.99    5.463
    402.95   999.99    5.471
    403.25   999.99    5.481
    403.56   999.99    5.494
    403.86   999.99    5.505
    404.17   999.99    5.515
    404.47   999.99    5.524
    404.78   999.99    5.536
    405.08   999.99    5.544
    405.38   999.99    5.558
    405.69   999.99    5.568
    405.99   999.99    5.582
    406.30   999.99    5.597
    406.60   999.99    5.616
    406.91   999.99    5.625
    407.21   999.99    5.632
    407.52   999.99    5.645
    407.82   999.99    5.655
    408.13   999.99    5.666
    408.43   999.99    5.673
    408.74   999.99    5.684
    409.04   999.99    5.690
    409.35   999.99    5.700
    409.65   999.99    5.709
    409.96   999.99    5.722
    410.26   999.99    5.732
    410.57   999.99    5.743
    410.87   999.99    5.751
    411.18   999.99    5.765
    411.48   999.99    5.777
    411.79   999.99    5.791
    412.09   999.99    5.799
    412.40   999.99    5.808
    412.70   999.99    5.816
    413.00   999.99    5.821
    413.31   999.99    5.831
    413.61   999.99    5.854
    413.92   999.99    5.873
    414.22   999.99    5.891
    414.53   999.99    5.903
    414.83   999.99    5.913
    415.14   999.99    5.921
    415.44   999.99    5.937
    415.75   999.99    5.946
    416.05   999.99    5.953
    416.36   999.99    5.960
    416.66   999.99    5.971
    416.97   999.99    5.984
    417.27   999.99    5.992
    417.58   999.99    6.004
    417.88   999.99    6.017
    418.19   999.99    6.027
    418.49   999.99    6.038
    418.80   999.99    6.050
    419.10   999.99    6.061
    419.41   999.99    6.073
    419.71   999.99    6.084
    420.02   999.99    6.094
    420.32   999.99    6.108
    420.62   999.99    6.119
    420.93   999.99    6.126
    421.23   999.99    6.137
    421.54   999.99    6.147
    421.84   999.99    6.161
    422.15   999.99    6.168
    422.45   999.99    6.182
    422.76   999.99    6.195
    423.06   999.99    6.209
    423.37   999.99    6.221
    423.67   999.99    6.235
    423.98   999.99    6.246
    424.28   999.99    6.253
    424.59   999.99    6.264
    424.89   999.99    6.273
    425.20   999.99    6.284
    425.50   999.99    6.300
    425.81   999.99    6.308
    426.11   999.99    6.317
    426.42   999.99    6.330
    426.72   999.99    6.339
    427.03   999.99    6.353
    427.33   999.99    6.366
    427.64   999.99    6.377
    427.94   999.99    6.386
    428.24   999.99    6.398
    428.55   999.99    6.407
    428.85   999.99    6.416
    429.16   999.99    6.432
    429.46   999.99    6.442
    429.77   999.99    6.455
    430.07   999.99    6.469
    430.38   999.99    6.474
    430.68   999.99    6.483
    430.99   999.99    6.489
    431.29   999.99    6.504
    431.60   999.99    6.517
    431.90   999.99    6.525
    432.21   999.99    6.540
    432.51   999.99    6.553
    432.82   999.99    6.563
    433.12   999.99    6.573
    433.43   999.99    6.585
    433.73   999.99    6.594
    434.04   999.99    6.604
    434.34   999.99    6.617
    434.65   999.99    6.625
    434.95   999.99    6.636
    435.26   999.99    6.643
    435.56   999.99    6.654
    435.86   999.99    6.657
    436.17   999.99    6.668
    436.47   999.99    6.680
    436.78   999.99    6.691
    437.08   999.99    6.702
    437.39   999.99    6.713
    437.69   999.99    6.723
    438.00   999.99    6.731
    438.30   999.99    6.742
    438.61   999.99    6.751
    438.91   999.99    6.760
    439.22   999.99    6.768
    439.52   999.99    6.778
    439.83   999.99    6.787
    440.13   999.99    6.798
    440.44   999.99    6.808
    440.74   999.99    6.817
    441.05   999.99    6.835
    441.35   999.99    6.848
    441.66   999.99    6.859
    441.96   999.99    6.872
    442.27   999.99    6.883
    442.57   999.99    6.893
    442.88   999.99    6.901
    443.18   999.99    6.909
    443.48   999.99    6.921
    443.79   999.99    6.933
    444.09   999.99    6.939
    444.40   999.99    6.953
    444.70   999.99    6.963
    445.01   999.99    6.975
    445.31   999.99    6.984
    445.62   999.99    6.995
    445.92   999.99    7.007
    446.23   999.99    7.016
    446.53   999.99    7.022
    446.84   999.99    7.031
    447.14   999.99    7.040
    447.45   999.99    7.047
    447.75   999.99    7.055
    448.06   999.99    7.067
    448.36   999.99    7.077
    448.67   999.99    7.087
    448.97   999.99    7.097
    449.28   999.99    7.107
    449.58   999.99    7.116
    449.89   999.99    7.126
    450.19   999.99    7.139
    450.50   999.99    7.151
    450.80   999.99    7.163
    451.10   999.99    7.171
    451.41   999.99    7.179
    451.71   999.99    7.190
    452.02   999.99    7.198
    452.32   999.99    7.211
    452.63   999.99    7.219
    452.93   999.99    7.233
    453.24   999.99    7.242
    453.54   999.99    7.255
    453.85   999.99    7.264
    454.15   999.99    7.277
    454.46   999.99    7.290
    454.76   999.99    7.301
    455.07   999.99    7.311
    455.37   999.99    7.325
    455.68   999.99    7.336
    455.98   999.99    7.343
    456.29   999.99    7.355
    456.59   999.99    7.364
    456.90   999.99    7.372
    457.20   999.99    7.386
    457.51   999.99    7.399
    457.81   999.99    7.410
    458.12   999.99    7.418
    458.42   999.99    7.429
    458.72   999.99    7.443
    459.03   999.99    7.456
    459.33   999.99    7.466
    459.64   999.99    7.477
    459.94   999.99    7.486
    460.25   999.99    7.495
    460.55   999.99    7.509
    460.86   999.99    7.517
    461.16   999.99    7.527
    461.47   999.99    7.538
    461.77   999.99    7.554
    462.08   999.99    7.562
    462.38   999.99    7.572
    462.69   999.99    7.585
    462.99   999.99    7.602
    463.30   999.99    7.615
    463.60   999.99    7.628
    463.91   999.99    7.638
    464.21   999.99    7.648
    464.52   999.99    7.655
    464.82   999.99    7.663
    465.13   999.99    7.670
    465.43   999.99    7.681
    465.74   999.99    7.694
    466.04   999.99    7.704
    466.34   999.99    7.715
    466.65   999.99    7.727
    466.95   999.99    7.736
    467.26   999.99    7.745
    467.56   999.99    7.755
    467.87   999.99    7.764
    468.17   999.99    7.774
    468.48   999.99    7.788
    468.78   999.99    7.800
    469.09   999.99    7.814
    469.39   999.99    7.827
    469.70   999.99    7.841
    470.00   999.99    7.853
    470.31   999.99    7.862
    470.61   999.99    7.872
    470.92   999.99    7.880
    471.22   999.99    7.888
    471.53   999.99    7.898
    471.83   999.99    7.909
    472.14   999.99    7.919
    472.44   999.99    7.935
    472.75   999.99    7.948
    473.05   999.99    7.960
    473.36   999.99    7.966
    473.66   999.99    7.975
    473.96   999.99    7.991
    474.27   999.99    8.002
    474.57   999.99    8.011
    474.88   999.99    8.020
    475.18   999.99    8.027
    475.49   999.99    8.032
    475.79   999.99    8.045
    476.10   999.99    8.065
    476.40   999.99    8.082
    476.71   999.99    8.096
    477.01   999.99    8.108
    477.32   999.99    8.121
    477.62   999.99    8.130
    477.93   999.99    8.141
    478.23   999.99    8.150
    478.54   999.99    8.157
    478.84   999.99    8.168
    479.15   999.99    8.182
    479.45   999.99    8.191
    479.76   999.99    8.207
    480.06   999.99    8.212
    480.37   999.99    8.218
    480.67   999.99    8.228
    480.98   999.99    8.241
    481.28   999.99    8.257
    481.58   999.99    8.273
    481.89   999.99    8.278
    482.19   999.99    8.288
    482.50   999.99    8.298
    482.80   999.99    8.308
    483.11   999.99    8.319
    483.41   999.99    8.329
    483.72   999.99    8.340
    484.02   999.99    8.351
    484.33   999.99    8.362
    484.63   999.99    8.373
    484.94   999.99    8.383
    485.24   999.99    8.391
    485.55   999.99    8.401
    485.85   999.99    8.412
    486.16   999.99    8.425
    486.46   999.99    8.440
    486.77   999.99    8.452
    487.07   999.99    8.459
    487.38   999.99    8.469
    487.68   999.99    8.482
    487.99   999.99    8.516
    488.29   999.99    8.520
    488.60   999.99    8.530
    488.90   999.99    8.539
    489.20   999.99    8.538
    489.51   999.99    8.554
    489.81   999.99    8.560
    490.12   999.99    8.562
    490.42   999.99    8.567
    490.73   999.99    8.579
    491.03   999.99    8.591
    491.34   999.99    8.600
    491.64   999.99    8.616
    491.95   999.99    8.627
    492.25   999.99    8.638
    492.56   999.99    8.647
    492.86   999.99    8.655
    493.17   999.99    8.670
    493.47   999.99    8.688
    493.78   999.99    8.702
    494.08   999.99    8.703
    494.39   999.99    8.724
    494.69   999.99    8.736
    495.00   999.99    8.749
    495.30   999.99    8.759
    495.61   999.99    8.767
    495.91   999.99    8.780
    496.22   999.99    8.783
    496.52   999.99    8.798
    496.83   999.99    8.809
    497.13   999.99    8.819
    497.43   999.99    8.829
    497.74   999.99    8.838
    498.04   999.99    8.847
    498.35   999.99    8.856
    498.65   999.99    8.863
    498.96   999.99    8.872
    499.26   999.99    8.878
    499.57   999.99    8.890
    499.87   999.99    8.899
    500.18   999.99    8.911
    500.48   999.99    8.918
    500.79   999.99    8.940
    501.09   999.99    8.949
    501.40   999.99    8.964
    501.70   999.99    8.976
    502.01   999.99    8.985
    502.31   999.99    8.992
    502.62   999.99    9.001
    502.92   999.99    9.010
    503.23   999.99    9.022
    503.53   999.99    9.031
    503.84   999.99    9.041
    504.14   999.99    9.050
    504.45   999.99    9.062
    504.75   999.99    9.074
    505.05   999.99    9.088
    505.36   999.99    9.098
    505.66   999.99    9.116
    505.97   999.99    9.119
    506.27   999.99    9.124
    506.58   999.99    9.133
    506.88   999.99    9.140
    507.19   999.99    9.154
    507.49   999.99    9.161
    507.80   999.99    9.170
    508.10   999.99    9.177
    508.41   999.99    9.185
    508.71   999.99    9.199
    509.02   999.99    9.211
    509.32   999.99    9.219
    509.63   999.99    9.243
    509.93   999.99    9.234
    510.24   999.99    9.244
    510.54   999.99    9.251
    510.85   999.99    9.260
    511.15   999.99    9.261
    511.46   999.99    9.269
    511.76   999.99    9.275
    512.07   999.99    9.284
    512.37   999.99    9.289
    512.67   999.99    9.298
    512.98   999.99    9.305
    513.28   999.99    9.310
    513.59   999.99    9.318
    513.89   999.99    9.324
    514.20   999.99    9.328
    514.50   999.99    9.333
    514.81   999.99    9.334
    515.11   999.99    8.650
    515.42   999.99    9.390
    515.72   999.99    9.669
    516.03   999.99    9.755
    516.33   999.99    9.798
    516.64   999.99    9.814
    516.94   999.99    9.815
    517.25   999.99    9.818
    517.55   999.99    9.823
    517.86   999.99    9.823
    518.16   999.99    9.827
    518.47   999.99    9.834
    518.77   999.99    9.842
    519.08   999.99    9.858
    519.38   999.99    9.864
    519.69   999.99    9.867
    519.99   999.99    9.871
    520.29   999.99    9.878
    520.60   999.99    9.888
    520.90   999.99    9.892
    521.21   999.99    9.894
    521.51   999.99    9.903
    521.82   999.99    9.909
    522.12   999.99    9.917
    522.43   999.99    9.925
    522.73   999.99    9.933
    523.04   999.99    9.955
    523.34   999.99    9.953
    523.65   999.99    9.964
    523.95   999.99    9.980
    524.26   999.99    9.981
    524.56   999.99    9.995
    524.87   999.99    9.996
    525.17   999.99   10.005
    525.48   999.99   10.025
    525.78   999.99   10.045
    526.09   999.99   10.048
    526.39   999.99   10.059
    526.70   999.99   10.057
    527.00   999.99   10.063
    527.31   999.99   10.079
    527.61   999.99   10.094
    527.91   999.99   10.104
    528.22   999.99   10.112
    528.52   999.99   10.126
    528.83   999.99   10.133
    529.13   999.99   10.146
    529.44   999.99   10.154
    529.74   999.99   10.166
    530.05   999.99   10.182
    530.35   999.99   10.188
    530.66   999.99   10.201
    530.96   999.99   10.213
    531.27   999.99   10.221
    531.57   999.99   10.231
    531.88   999.99   10.242
    532.18   999.99   10.262
    532.49   999.99   10.267
    532.79   999.99   10.284
    533.10   999.99   10.290
    533.40   999.99   10.296
    533.71   999.99   10.315
    534.01   999.99   10.330
    534.32   999.99   10.339
    534.62   999.99   10.354
    534.92   999.99   10.387
    535.23   999.99   10.396
    535.53   999.99   10.403
    535.84   999.99   10.400
    536.14   999.99   10.407
    536.45   999.99   10.414
    536.75   999.99   10.423
    537.06   999.99   10.448
    537.36   999.99   10.462
    537.67   999.99   10.479
    537.97   999.99   10.489
    538.28   999.99   10.498
    538.58   999.99   10.509
    538.89   999.99   10.518
    539.19   999.99   10.529
    539.50   999.99   10.544
    539.80   999.99   10.563
    540.11   999.99   10.583
    540.41   999.99   10.596
    540.72   999.99   10.604
    541.02   999.99   10.611
    541.33   999.99   10.626
    541.63   999.99   10.637
    541.94   999.99   10.645
    542.24   999.99   10.652
    542.55   999.99   10.658
    542.85   999.99   10.669
    543.15   999.99   10.684
    543.46   999.99   10.699
    543.76   999.99   10.706
    544.07   999.99   10.722
    544.37   999.99   10.734
    544.68   999.99   10.746
    544.98   999.99   10.756
    545.29   999.99   10.756
    545.59   999.99   10.782
    545.90   999.99   10.789
    546.20   999.99   10.800
    546.51   999.99   10.818
    546.81   999.99   10.826
    547.12   999.99   10.836
    547.42   999.99   10.844
    547.73   999.99   10.870
    548.03   999.99   10.885
    548.34   999.99   10.897
    548.64   999.99   10.900
    548.95   999.99   10.915
    549.25   999.99   10.935
    549.56   999.99   10.949
    549.86   999.99   10.952
    550.17   999.99   10.962
    550.47   999.99   10.983
    550.77   999.99   10.988
    551.08   999.99   10.999
    551.38   999.99   11.015
    551.69   999.99   11.022
    551.99   999.99   11.033
    552.30   999.99   11.054
    552.60   999.99   11.068
    552.91   999.99   11.079
    553.21   999.99   11.082
    553.52   999.99   11.093
    553.82   999.99   11.099
    554.13   999.99   11.099
    554.43   999.99   11.110
    554.74   999.99   11.117
    555.04   999.99   11.140
    555.35   999.99   11.154
    555.65   999.99   11.171
    555.96   999.99   11.177
    556.26   999.99   11.188
    556.57   999.99   11.198
    556.87   999.99   11.209
    557.18   999.99   11.229
    557.48   999.99   11.235
    557.79   999.99   11.250
    558.09   999.99   11.262
    558.39   999.99   11.271
    558.70   999.99   11.279
    559.00   999.99   11.286
    559.31   999.99   11.304
    559.61   999.99   11.318
    559.92   999.99   11.320
    560.22   999.99   11.324
    560.53   999.99   11.340
    560.83   999.99   11.333
    561.14   999.99   11.343
    561.44   999.99   11.354
    561.75   999.99   11.367
    562.05   999.99   11.382
    562.36   999.99   11.397
    562.66   999.99   11.407
    562.97   999.99   11.404
    563.27   999.99   11.414
    563.58   999.99   11.427
    563.88   999.99   11.430
    564.19   999.99   11.438
    564.49   999.99   11.460
    564.80   999.99   11.481
    565.10   999.99   11.481
    565.41   999.99   11.497
    565.71   999.99   11.507
    566.01   999.99   11.511
    566.32   999.99   11.530
    566.62   999.99   11.539
    566.93   999.99   11.546
    567.23   999.99   11.553
    567.54   999.99   11.556
    567.84   999.99   11.566
    568.15   999.99   11.582
    568.45   999.99   11.596
    568.76   999.99   11.608
    569.06   999.99   11.621
    569.37   999.99   11.631
    569.67   999.99   11.642
    569.98   999.99   11.647
    570.28   999.99   11.649
    570.59   999.99   11.657
    570.89   999.99   11.665
    571.20   999.99   11.680
    571.50   999.99   11.693
    571.81   999.99   11.699
    572.11   999.99   11.707
    572.42   999.99   11.716
    572.72   999.99   11.728
    573.03   999.99   11.739
    573.33   999.99   11.747
    573.63   999.99   11.764
    573.94   999.99   11.774
    574.24   999.99   11.789
    574.55   999.99   11.800
    574.85   999.99   11.819
    575.16   999.99   11.812
    575.46   999.99   11.824
    575.77   999.99   11.843
    576.07   999.99   11.856
    576.38   999.99   11.863
    576.68   999.99   11.873
    576.99   999.99   11.882
    577.29   999.99   11.885
    577.60   999.99   11.892
    577.90   999.99   11.913
    578.21   999.99   11.929
    578.51   999.99   11.940
    578.82   999.99   11.945
    579.12   999.99   11.946
    579.43   999.99   11.958
    579.73   999.99   11.965
    580.04   999.99   11.977
    580.34   999.99   11.987
    580.65   999.99   11.999
    580.95   999.99   12.002
    581.25   999.99   12.017
    581.56   999.99   12.037
    581.86   999.99   12.051
    582.17   999.99   12.055
    582.47   999.99   12.058
    582.78   999.99   12.054
    583.08   999.99   12.058
    583.39   999.99   12.083
    583.69   999.99   12.099
    584.00   999.99   12.110
    584.30   999.99   12.124
    584.61   999.99   12.141
    584.91   999.99   12.144
    585.22   999.99   12.156
    585.52   999.99   12.158
    585.83   999.99   12.170
    586.13   999.99   12.191
    586.44   999.99   12.200
    586.74   999.99   12.210
    587.05   999.99   12.227
    587.35   999.99   12.233
    587.66   999.99   12.245
    587.96   999.99   12.245
    588.27   999.99   12.255
    588.57   999.99   12.271
    588.87   999.99   12.274
    589.18   999.99   12.280
    589.48   999.99   12.297
    589.79   999.99   12.303
    590.09   999.99   12.312
    590.40   999.99   12.323
    590.70   999.99   12.340
    591.01   999.99   12.362
    591.31   999.99   12.377
    591.62   999.99   12.389
    591.92   999.99   12.400
    592.23   999.99   12.412
    592.53   999.99   12.422
    592.84   999.99   12.427
    593.14   999.99   12.431
    593.45   999.99   12.445
    593.75   999.99   12.458
    594.06   999.99   12.472
    594.36   999.99   12.476
    594.67   999.99   12.482
    594.97   999.99   12.500
    595.28   999.99   12.512
    595.58   999.99   12.518
    595.89   999.99   12.526
    596.19   999.99   12.533
    596.49   999.99   12.550
    596.80   999.99   12.565
    597.10   999.99   12.577
    597.41   999.99   12.597
    597.71   999.99   12.617
    598.02   999.99   12.615
    598.32   999.99   12.624
    598.63   999.99   12.627
    598.93   999.99   12.648
    599.24   999.99   12.667
    599.54   999.99   12.686
    599.85   999.99   12.694
    600.15   999.99   12.698
    600.46   999.99   12.700
    600.76   999.99   12.705
    601.07   999.99   12.714
    601.37   999.99   12.730
    601.68   999.99   12.743
    601.98   999.99   12.749
    602.29   999.99   12.767
    602.59   999.99   12.781
    602.90   999.99   12.793
    603.20   999.99   12.804
    603.51   999.99   12.811
    603.81   999.99   12.842
    604.11   999.99   12.849
    604.42   999.99   12.856
    604.72   999.99   12.865
    605.03   999.99   12.874
    605.33   999.99   12.882
    605.64   999.99   12.895
    605.94   999.99   12.903
    606.25   999.99   12.915
    606.55   999.99   12.934
    606.86   999.99   12.940
    607.16   999.99   12.951
    607.47   999.99   12.958
    607.77   999.99   12.971
    608.08   999.99   12.988
    608.38   999.99   13.008
    608.69   999.99   13.018
    608.99   999.99   13.029
    609.30   999.99   13.042
    609.60   999.99   13.059
    609.91   999.99   13.068
    610.21   999.99   13.072
    610.52   999.99   13.077
    610.82   999.99   13.079
    611.13   999.99   13.088
    611.43   999.99   13.099
    611.73   999.99   13.113
    612.04   999.99   13.142
    612.34   999.99   13.159
    612.65   999.99   13.169
    612.95   999.99   13.181
    613.26   999.99   13.203
    613.56   999.99   13.212
    613.87   999.99   13.226
    614.17   999.99   13.225
    614.48   999.99   13.239
    614.78   999.99   13.256
    615.09   999.99   13.253
    615.39   999.99   13.254
    615.70   999.99   13.259
    616.00   999.99   13.279
    616.31   999.99   13.296
    616.61   999.99   13.314
    616.92   999.99   13.321
    617.22   999.99   13.337
    617.53   999.99   13.346
    617.83   999.99   13.362
    618.14   999.99   13.373
    618.44   999.99   13.376
    618.75   999.99   13.393
    619.05   999.99   13.401
    619.35   999.99   13.419
    619.66   999.99   13.433
    619.96   999.99   13.438
    620.27   999.99   13.453
    620.57   999.99   13.464
    620.88   999.99   13.463
    621.18   999.99   13.469
    621.49   999.99   13.482
    621.79   999.99   13.496
    622.10   999.99   13.518
    622.40   999.99   13.531
    622.71   999.99   13.537
    623.01   999.99   13.554
    623.32   999.99   13.569
    623.62   999.99   13.581
    623.93   999.99   13.589
    624.23   999.99   13.599
    624.54   999.99   13.616
    624.84   999.99   13.626
    625.15   999.99   13.632
    625.45   999.99   13.643
    625.76   999.99   13.662
    626.06   999.99   13.665
    626.37   999.99   13.672
    626.67   999.99   13.680
    626.97   999.99   13.696
    627.28   999.99   13.707
    627.58   999.99   13.720
    627.89   999.99   13.729
    628.19   999.99   13.745
    628.50   999.99   13.753
    628.80   999.99   13.772
    629.11   999.99   13.788
    629.41   999.99   13.788
    629.72   999.99   13.790
    630.02   999.99   13.798
    630.33   999.99   13.803
    630.63   999.99   13.814
    630.94   999.99   13.836
    631.24   999.99   13.851
    631.55   999.99   13.868
    631.85   999.99   13.902
    632.16   999.99   13.899
    632.46   999.99   13.900
    632.77   999.99   13.912
    633.07   999.99   13.925
    633.38   999.99   13.929
    633.68   999.99   13.938
    633.99   999.99   13.946
    634.29   999.99   13.962
    634.59   999.99   13.965
    634.90   999.99   13.979
    635.20   999.99   13.996
    635.51   999.99   14.005
    635.81   999.99   14.031
    636.12   999.99   14.049
    636.42   999.99   14.054
    636.73   999.99   14.060
    637.03   999.99   14.065
    637.34   999.99   14.073
    637.64   999.99   14.085
    637.95   999.99   14.103
    638.25   999.99   14.114
    638.56   999.99   14.133
    638.86   999.99   14.146
    639.17   999.99   14.150
    639.47   999.99   14.150
    639.78   999.99   14.161
    640.08   999.99   14.176
    640.39   999.99   14.202
    640.69   999.99   14.207
    641.00   999.99   14.203
    641.30   999.99   14.213
    641.61   999.99   14.225
    641.91   999.99   14.236
    642.21   999.99   14.248
    642.52   999.99   14.259
    642.82   999.99   14.270
    643.13   999.99   14.279
    643.43   999.99   14.298
    643.74   999.99   14.308
    644.04   999.99   14.326
    644.35   999.99   14.341
    644.65   999.99   14.354
    644.96   999.99   14.354
    645.26   999.99   14.369
    645.57   999.99   14.376
    645.87   999.99   14.382
    646.18   999.99   14.394
    646.48   999.99   14.403
    646.79   999.99   14.415
    647.09   999.99   14.433
    647.40   999.99   14.446
    647.70   999.99   14.463
    648.01   999.99   14.473
    648.31   999.99   14.479
    648.62   999.99   14.488
    648.92   999.99   14.498
    649.23   999.99   14.511
    649.53   999.99   14.521
    649.83   999.99   14.536
    650.14   999.99   14.546
    650.44   999.99   14.559
    650.75   999.99   14.564
    651.05   999.99   14.566
    651.36   999.99   14.571
    651.66   999.99   14.605
    651.97   999.99   14.627
    652.27   999.99   14.632
    652.58   999.99   14.637
    652.88   999.99   14.644
    653.19   999.99   14.647
    653.49   999.99   14.665
    653.80   999.99   14.684
    654.10   999.99   14.685
    654.41   999.99   14.689
    654.71   999.99   14.697
    655.02   999.99   14.714
    655.32   999.99   14.727
    655.63   999.99   14.746
    655.93   999.99   14.754
    656.24   999.99   14.769
    656.54   999.99   14.776
    656.85   999.99   14.786
    657.15   999.99   14.794
    657.45   999.99   14.801
    657.76   999.99   14.813
    658.06   999.99   14.824
    658.37   999.99   14.836
    658.67   999.99   14.845
    658.98   999.99   14.856
    659.28   999.99   14.875
    659.59   999.99   14.868
    659.89   999.99   14.882
    660.20   999.99   14.892
    660.50   999.99   14.902
    660.81   999.99   14.910
    661.11   999.99   14.920
    661.42   999.99   14.939
    661.72   999.99   14.951
    662.03   999.99   14.959
    662.33   999.99   14.966
    662.64   999.99   14.980
    662.94   999.99   14.991
    663.25   999.99   14.993
    663.55   999.99   15.000
    663.86   999.99   15.017
    664.16   999.99   15.036
    664.47   999.99   15.052
    664.77   999.99   15.059
    665.08   999.99   15.056
    665.38   999.99   15.069
    665.68   999.99   15.073
    665.99   999.99   15.090
    666.29   999.99   15.090
    666.60   999.99   15.093
    666.90   999.99   15.114
    667.21   999.99   15.131
    667.51   999.99   15.139
    667.82   999.99   15.150
    668.12   999.99   15.168
    668.43   999.99   15.180
    668.73   999.99   15.191
    669.04   999.99   15.196
    669.34   999.99   15.202
    669.65   999.99   15.206
    669.95   999.99   15.220
    670.26   999.99   15.228
    670.56   999.99   15.238
    670.87   999.99   15.252
    671.17   999.99   15.264
    671.48   999.99   15.274
    671.78   999.99   15.278
    672.09   999.99   15.283
    672.39   999.99   15.295
    672.69   999.99   15.309
    673.00   999.99   15.316
    673.30   999.99   15.323
    673.61   999.99   15.328
    673.91   999.99   15.326
    674.22   999.99   15.343
    674.52   999.99   15.354
    674.83   999.99   15.366
    675.13   999.99   15.367
    675.44   999.99   15.372
    675.74   999.99   15.374
    676.05   999.99   15.388
    676.35   999.99   15.405
    676.66   999.99   15.404
    676.96   999.99   15.407
    677.27   999.99   15.412
    677.57   999.99   15.417
    677.88   999.99   15.426
    678.18   999.99   15.431
    678.49   999.99   15.438
    678.79   999.99   15.445
    679.10   999.99   15.448
    679.40   999.99   15.452
    679.71   999.99   15.454
    680.01   999.99   15.450
    680.31   999.99   15.450
    680.62   999.99   15.513
    680.92   999.99   15.575
    681.23   999.99   15.617
    681.53   999.99   15.650
    681.84   999.99   15.675
    682.14   999.99   15.697
    682.45   999.99   15.717
    682.75   999.99   15.734
    683.06   999.99   15.752
    683.36   999.99   15.768
    683.67   999.99   15.782
    683.97   999.99   15.797
    684.28   999.99   15.811
    684.58   999.99   15.826
    684.89   999.99   15.838
    685.19   999.99   15.852
    685.50   999.99   15.866
    685.80   999.99   15.875
    686.11   999.99   15.887
    686.41   999.99   15.898
    686.72   999.99   15.910
    687.02   999.99   15.923
    687.33   999.99   15.933
    687.63   999.99   15.947
    687.93   999.99   15.962
    688.24   999.99   15.974
    688.54   999.99   15.986
    688.85   999.99   16.001
    689.15   999.99   16.013
    689.46   999.99   16.024
    689.76   999.99   16.038
    690.07   999.99   16.049
    690.37   999.99   16.065
    690.68   999.99   16.077
    690.98   999.99   16.090
    691.29   999.99   16.102
    691.59   999.99   16.115
    691.90   999.99   16.129
    692.20   999.99   16.143
    692.51   999.99   16.156
    692.81   999.99   16.168
    693.12   999.99   16.186
    693.42   999.99   16.199
    693.73   999.99   16.213
    694.03   999.99   16.229
    694.34   999.99   16.244
    694.64   999.99   16.258
    694.95   999.99   16.274
    695.25   999.99   16.299
    695.55   999.99   16.310
    695.86   999.99   16.317
    696.16   999.99   16.330
    696.47   999.99   16.343
    696.77   999.99   16.355
    697.08   999.99   16.368
    697.38   999.99   16.382
    697.69   999.99   16.395
    697.99   999.99   16.409
    698.30   999.99   16.411
    698.60   999.99   16.444
    698.91   999.99   16.435
    699.21   999.99   16.460
    699.52   999.99   16.475
    699.82   999.99   16.489
    700.13   999.99   16.504
    700.43   999.99   16.518
    700.74   999.99   16.531
    701.04   999.99   16.540
    701.35   999.99   16.553
    701.65   999.99   16.573
    701.96   999.99   16.591
    702.26   999.99   16.608
    702.57   999.99   16.626
    702.87   999.99   16.639
    703.17   999.99   16.653
    703.48   999.99   16.672
    703.78   999.99   16.688
    704.09   999.99   16.705
    704.39   999.99   16.719
    704.70   999.99   16.736
    705.00   999.99   16.749
    705.31   999.99   16.769
    705.61   999.99   16.784
    705.92   999.99   16.798
    706.22   999.99   16.817
    706.53   999.99   16.902
    706.83   999.99   16.841
    707.14   999.99   16.943
    707.44   999.99   16.872
    707.75   999.99   16.896
    708.05   999.99   16.911
    708.36   999.99   16.922
    708.66   999.99   17.004
    708.97   999.99   16.906
    709.27   999.99   16.954
    709.58   999.99   16.971
    709.88   999.99   16.993
    710.19   999.99   17.011
    710.49   999.99   16.984
    710.79   999.99   16.987
    711.10   999.99   16.989
