 << U.S. Geological Survey Borehole Temperature Log - Alaska >>
  
 Site:             IKP 
 Log Date:         84AUG05a
 Type of Log:      continuous  
 Type of Sensor:   thermistor network (custom)
 Measuring Device: digital multimeter
 Deconvolved:      no 
  
  Z   = measured depth (m)
  TVD = true vertical depth (m)
  T   = temperature (C)
  
        Z      TVD       T
      4.88   999.99   -7.020
      5.18   999.99   -7.091
      5.49   999.99   -7.131
      5.79   999.99   -7.175
      6.10   999.99   -7.237
      6.40   999.99   -7.286
      6.71   999.99   -7.341
      7.01   999.99   -7.399
      7.32   999.99   -7.453
      7.62   999.99   -7.510
      7.92   999.99   -8.300
      8.23   999.99   -8.850
      8.53   999.99   -9.285
      8.84   999.99   -9.643
      9.14   999.99   -9.767
      9.45   999.99   -9.909
      9.75   999.99  -10.024
     10.06   999.99  -10.064
     10.36   999.99  -10.102
     10.67   999.99  -10.125
     10.97   999.99  -10.133
     11.28   999.99  -10.141
     11.58   999.99  -10.138
     11.89   999.99  -10.120
     12.19   999.99  -10.088
     12.50   999.99  -10.058
     12.80   999.99  -10.028
     13.11   999.99   -9.993
     13.41   999.99   -9.957
     13.72   999.99   -9.923
     14.02   999.99   -9.880
     14.33   999.99   -9.847
     14.63   999.99   -9.812
     14.94   999.99   -9.769
     15.24   999.99   -9.740
     15.54   999.99   -9.691
     15.85   999.99   -9.643
     16.15   999.99   -9.608
     16.46   999.99   -9.563
     16.76   999.99   -9.487
     17.07   999.99   -9.457
     17.37   999.99   -9.377
     17.68   999.99   -9.336
     17.98   999.99   -9.307
     18.29   999.99   -9.268
     18.59   999.99   -9.230
     18.90   999.99   -9.200
     19.20   999.99   -9.153
     19.51   999.99   -9.108
     19.81   999.99   -9.082
     20.12   999.99   -9.041
     20.42   999.99   -9.023
     20.73   999.99   -8.986
     21.03   999.99   -8.941
     21.34   999.99   -8.911
     21.64   999.99   -8.878
     21.95   999.99   -8.851
     22.25   999.99   -8.831
     22.56   999.99   -8.805
     22.86   999.99   -8.766
     23.16   999.99   -8.742
     23.47   999.99   -8.702
     23.77   999.99   -8.666
     24.08   999.99   -8.642
     24.38   999.99   -8.608
     24.69   999.99   -8.579
     24.99   999.99   -8.551
     25.30   999.99   -8.530
     25.60   999.99   -8.501
     25.91   999.99   -8.473
     26.21   999.99   -8.445
     26.52   999.99   -8.426
     26.82   999.99   -8.401
     27.13   999.99   -8.380
     27.43   999.99   -8.368
     27.74   999.99   -8.348
     28.04   999.99   -8.324
     28.35   999.99   -8.310
     28.65   999.99   -8.291
     28.96   999.99   -8.276
     29.26   999.99   -8.259
     29.57   999.99   -8.236
     29.87   999.99   -8.221
     30.18   999.99   -8.207
     30.48   999.99   -8.191
     30.78   999.99   -8.095
     31.09   999.99   -8.091
     31.39   999.99   -8.086
     31.70   999.99   -8.084
     32.00   999.99   -8.081
     32.31   999.99   -8.072
     32.61   999.99   -8.067
     32.92   999.99   -8.059
     33.22   999.99   -8.049
     33.53   999.99   -8.039
     33.83   999.99   -8.030
     34.14   999.99   -8.022
     34.44   999.99   -8.013
     34.75   999.99   -8.001
     35.05   999.99   -7.994
     35.36   999.99   -7.986
     35.66   999.99   -7.977
     35.97   999.99   -7.975
     36.27   999.99   -7.968
     36.58   999.99   -7.959
     36.88   999.99   -7.954
     37.19   999.99   -7.949
     37.49   999.99   -7.942
     37.80   999.99   -7.937
     43.59   999.99   -7.831
     43.89   999.99   -7.831
     44.20   999.99   -7.830
     44.50   999.99   -7.827
     44.81   999.99   -7.822
     45.11   999.99   -7.820
     45.42   999.99   -7.814
     45.72   999.99   -7.810
     46.02   999.99   -7.806
     46.33   999.99   -7.804
     46.63   999.99   -7.795
     46.94   999.99   -7.794
     47.24   999.99   -7.792
     47.55   999.99   -7.786
     47.85   999.99   -7.784
     48.16   999.99   -7.781
     48.46   999.99   -7.777
     48.77   999.99   -7.774
     49.07   999.99   -7.770
     49.38   999.99   -7.767
     49.68   999.99   -7.762
     49.99   999.99   -7.759
     50.29   999.99   -7.750
     50.60   999.99   -7.747
     50.90   999.99   -7.741
     51.21   999.99   -7.740
     51.51   999.99   -7.736
     51.82   999.99   -7.727
     52.12   999.99   -7.726
     52.43   999.99   -7.724
     52.73   999.99   -7.720
     53.04   999.99   -7.717
     53.34   999.99   -7.713
     53.64   999.99   -7.710
     53.95   999.99   -7.707
     54.25   999.99   -7.701
     54.56   999.99   -7.697
     54.86   999.99   -7.693
     55.17   999.99   -7.687
     55.47   999.99   -7.684
     55.78   999.99   -7.679
     56.08   999.99   -7.675
     56.39   999.99   -7.671
     56.69   999.99   -7.664
     57.00   999.99   -7.658
     57.30   999.99   -7.651
     57.61   999.99   -7.645
     57.91   999.99   -7.639
     58.22   999.99   -7.633
     58.52   999.99   -7.627
     58.83   999.99   -7.621
     59.13   999.99   -7.615
     59.44   999.99   -7.607
     59.74   999.99   -7.602
     60.05   999.99   -7.594
     60.35   999.99   -7.586
     60.66   999.99   -7.580
     60.96   999.99   -7.570
     61.26   999.99   -7.552
     61.57   999.99   -7.551
     61.87   999.99   -7.547
     62.18   999.99   -7.543
     62.48   999.99   -7.538
     62.79   999.99   -7.534
     63.09   999.99   -7.530
     63.40   999.99   -7.526
     63.70   999.99   -7.520
     64.01   999.99   -7.516
     64.31   999.99   -7.506
     64.62   999.99   -7.501
     64.92   999.99   -7.492
     65.23   999.99   -7.484
     65.53   999.99   -7.479
     65.84   999.99   -7.473
     66.14   999.99   -7.463
     66.45   999.99   -7.458
     66.75   999.99   -7.451
     67.06   999.99   -7.441
     67.36   999.99   -7.434
     67.67   999.99   -7.424
     67.97   999.99   -7.420
     68.28   999.99   -7.412
     68.58   999.99   -7.403
     68.88   999.99   -7.399
     69.19   999.99   -7.395
     69.49   999.99   -7.389
     69.80   999.99   -7.385
     70.10   999.99   -7.380
     70.41   999.99   -7.376
     70.71   999.99   -7.370
     71.02   999.99   -7.358
     71.32   999.99   -7.353
     71.63   999.99   -7.346
     71.93   999.99   -7.335
     72.24   999.99   -7.330
     72.54   999.99   -7.322
     72.85   999.99   -7.311
     73.15   999.99   -7.306
     73.46   999.99   -7.298
     73.76   999.99   -7.292
     74.07   999.99   -7.284
     74.37   999.99   -7.276
     74.68   999.99   -7.271
     74.98   999.99   -7.265
     75.29   999.99   -7.255
     75.59   999.99   -7.248
     75.90   999.99   -7.239
     76.20   999.99   -7.229
     76.50   999.99   -7.224
     76.81   999.99   -7.216
     77.11   999.99   -7.209
     77.42   999.99   -7.204
     77.72   999.99   -7.194
     78.03   999.99   -7.184
     78.33   999.99   -7.178
     78.64   999.99   -7.169
     78.94   999.99   -7.162
     79.25   999.99   -7.152
     79.55   999.99   -7.145
     79.86   999.99   -7.139
     80.16   999.99   -7.128
     80.47   999.99   -7.119
     80.77   999.99   -7.113
     81.08   999.99   -7.105
     81.38   999.99   -7.099
     81.69   999.99   -7.094
     81.99   999.99   -7.081
     82.30   999.99   -7.075
     82.60   999.99   -7.068
     82.91   999.99   -7.057
     83.21   999.99   -7.048
     83.52   999.99   -7.042
     83.82   999.99   -7.036
     84.12   999.99   -7.032
     84.43   999.99   -7.022
     84.73   999.99   -7.015
     85.04   999.99   -7.010
     85.34   999.99   -7.002
     85.65   999.99   -6.996
     85.95   999.99   -6.989
     86.26   999.99   -6.980
     86.56   999.99   -6.970
     86.87   999.99   -6.960
     87.17   999.99   -6.952
     87.48   999.99   -6.945
     87.78   999.99   -6.930
     88.09   999.99   -6.923
     88.39   999.99   -6.916
     88.70   999.99   -6.906
     89.00   999.99   -6.897
     89.31   999.99   -6.887
     89.61   999.99   -6.874
     89.92   999.99   -6.866
     90.22   999.99   -6.854
     90.53   999.99   -6.849
     90.83   999.99   -6.840
     91.14   999.99   -6.830
     91.44   999.99   -6.821
     91.74   999.99   -6.775
     92.05   999.99   -6.770
     92.35   999.99   -6.766
     92.66   999.99   -6.763
     92.96   999.99   -6.758
     93.27   999.99   -6.754
     93.57   999.99   -6.744
     93.88   999.99   -6.735
     94.18   999.99   -6.726
     94.49   999.99   -6.718
     94.79   999.99   -6.712
     95.10   999.99   -6.702
     95.40   999.99   -6.690
     95.71   999.99   -6.684
     96.01   999.99   -6.672
     96.32   999.99   -6.668
     96.62   999.99   -6.655
     96.93   999.99   -6.639
     97.23   999.99   -6.631
     97.54   999.99   -6.618
     97.84   999.99   -6.606
     98.15   999.99   -6.598
     98.45   999.99   -6.585
     98.76   999.99   -6.576
     99.06   999.99   -6.566
     99.36   999.99   -6.554
     99.67   999.99   -6.546
     99.97   999.99   -6.535
    100.28   999.99   -6.522
    100.58   999.99   -6.512
    100.89   999.99   -6.496
    101.19   999.99   -6.484
    101.50   999.99   -6.476
    101.80   999.99   -6.457
    102.11   999.99   -6.451
    102.41   999.99   -6.438
    102.72   999.99   -6.430
    103.02   999.99   -6.422
    103.33   999.99   -6.406
    103.63   999.99   -6.392
    103.94   999.99   -6.383
    104.24   999.99   -6.371
    104.55   999.99   -6.358
    104.85   999.99   -6.346
    105.16   999.99   -6.332
    105.46   999.99   -6.325
    105.77   999.99   -6.320
    106.07   999.99   -6.310
    106.38   999.99   -6.297
    106.68   999.99   -6.282
    106.99   999.99   -6.268
    107.29   999.99   -6.259
    107.59   999.99   -6.245
    107.90   999.99   -6.237
    108.20   999.99   -6.218
    108.51   999.99   -6.204
    108.81   999.99   -6.195
    109.12   999.99   -6.184
    109.42   999.99   -6.169
    109.73   999.99   -6.160
    110.03   999.99   -6.145
    110.34   999.99   -6.134
    110.64   999.99   -6.130
    110.95   999.99   -6.120
    111.25   999.99   -6.114
    111.56   999.99   -6.107
    111.86   999.99   -6.095
    112.17   999.99   -6.084
    112.47   999.99   -6.068
    112.78   999.99   -6.054
    113.08   999.99   -6.043
    113.39   999.99   -6.031
    113.69   999.99   -6.023
    114.00   999.99   -6.001
    114.30   999.99   -5.988
    114.61   999.99   -5.974
    114.91   999.99   -5.963
    115.21   999.99   -5.950
    115.52   999.99   -5.934
    115.82   999.99   -5.920
    116.13   999.99   -5.913
    116.43   999.99   -5.899
    116.74   999.99   -5.888
    117.04   999.99   -5.878
    117.35   999.99   -5.867
    117.65   999.99   -5.853
    117.96   999.99   -5.840
    118.26   999.99   -5.821
    118.57   999.99   -5.810
    118.87   999.99   -5.795
    119.18   999.99   -5.782
    119.48   999.99   -5.774
    119.79   999.99   -5.760
    120.09   999.99   -5.751
    120.40   999.99   -5.737
    120.70   999.99   -5.728
    121.01   999.99   -5.718
    121.31   999.99   -5.702
    121.62   999.99   -5.686
    121.92   999.99   -5.674
    122.22   999.99   -5.628
    122.53   999.99   -5.627
    122.83   999.99   -5.620
    123.14   999.99   -5.606
    123.44   999.99   -5.599
    123.75   999.99   -5.589
    124.05   999.99   -5.579
    124.36   999.99   -5.566
    124.66   999.99   -5.552
    124.97   999.99   -5.543
    125.27   999.99   -5.534
    125.58   999.99   -5.518
    125.88   999.99   -5.507
    126.19   999.99   -5.495
    126.49   999.99   -5.481
    126.80   999.99   -5.473
    127.10   999.99   -5.465
    127.41   999.99   -5.460
    127.71   999.99   -5.452
    128.02   999.99   -5.441
    128.32   999.99   -5.430
    128.63   999.99   -5.417
    128.93   999.99   -5.406
    129.24   999.99   -5.400
    129.54   999.99   -5.387
    129.85   999.99   -5.379
    130.15   999.99   -5.369
    130.45   999.99   -5.357
    130.76   999.99   -5.346
    131.06   999.99   -5.338
    131.37   999.99   -5.329
    131.67   999.99   -5.320
    131.98   999.99   -5.309
    132.28   999.99   -5.301
    132.59   999.99   -5.292
    132.89   999.99   -5.281
    133.20   999.99   -5.274
    133.50   999.99   -5.260
    133.81   999.99   -5.256
    134.11   999.99   -5.248
    134.42   999.99   -5.235
    134.72   999.99   -5.226
    135.03   999.99   -5.218
    135.33   999.99   -5.208
    135.64   999.99   -5.201
    135.94   999.99   -5.195
    136.25   999.99   -5.188
    136.55   999.99   -5.181
    136.86   999.99   -5.161
    137.16   999.99   -5.159
    137.47   999.99   -5.151
    137.77   999.99   -5.141
    138.07   999.99   -5.135
    138.38   999.99   -5.129
    138.68   999.99   -5.121
    138.99   999.99   -5.115
    139.29   999.99   -5.104
    139.60   999.99   -5.094
    139.90   999.99   -5.080
    140.21   999.99   -5.072
    140.51   999.99   -5.065
    140.82   999.99   -5.055
    141.12   999.99   -5.048
    141.43   999.99   -5.041
    141.73   999.99   -5.032
    142.04   999.99   -5.025
    142.34   999.99   -5.016
    142.65   999.99   -5.009
    142.95   999.99   -5.003
    143.26   999.99   -4.990
    143.56   999.99   -4.983
    143.87   999.99   -4.971
    144.17   999.99   -4.960
    144.48   999.99   -4.951
    144.78   999.99   -4.941
    145.09   999.99   -4.932
    145.39   999.99   -4.926
    145.69   999.99   -4.916
    146.00   999.99   -4.908
    146.30   999.99   -4.899
    146.61   999.99   -4.889
    146.91   999.99   -4.880
    147.22   999.99   -4.869
    147.52   999.99   -4.858
    147.83   999.99   -4.848
    148.13   999.99   -4.834
    148.44   999.99   -4.825
    148.74   999.99   -4.814
    149.05   999.99   -4.807
    149.35   999.99   -4.802
    149.66   999.99   -4.794
    149.96   999.99   -4.789
    150.27   999.99   -4.780
    150.57   999.99   -4.770
    150.88   999.99   -4.760
    151.18   999.99   -4.750
    151.49   999.99   -4.740
    151.79   999.99   -4.729
    152.10   999.99   -4.717
    152.40   999.99   -4.708
    152.71   999.99   -4.667
    153.01   999.99   -4.661
    153.31   999.99   -4.659
    153.62   999.99   -4.658
    153.92   999.99   -4.653
    154.23   999.99   -4.642
    154.53   999.99   -4.634
    154.84   999.99   -4.627
    155.14   999.99   -4.615
    155.45   999.99   -4.604
    155.75   999.99   -4.597
    156.06   999.99   -4.590
    156.36   999.99   -4.583
    156.67   999.99   -4.572
    156.97   999.99   -4.564
    157.28   999.99   -4.552
    157.58   999.99   -4.538
    157.89   999.99   -4.529
    158.19   999.99   -4.519
    158.50   999.99   -4.508
    158.80   999.99   -4.505
    159.11   999.99   -4.490
    159.41   999.99   -4.482
    159.72   999.99   -4.476
    160.02   999.99   -4.472
    160.33   999.99   -4.461
    160.63   999.99   -4.452
    160.93   999.99   -4.446
    161.24   999.99   -4.441
    161.54   999.99   -4.431
    161.85   999.99   -4.423
    162.15   999.99   -4.415
    162.46   999.99   -4.409
    162.76   999.99   -4.405
    163.07   999.99   -4.398
    163.37   999.99   -4.394
    163.68   999.99   -4.390
    163.98   999.99   -4.385
    164.29   999.99   -4.381
    164.59   999.99   -4.377
    164.90   999.99   -4.373
    165.20   999.99   -4.367
    165.51   999.99   -4.361
    165.81   999.99   -4.357
    166.12   999.99   -4.352
    166.42   999.99   -4.348
    166.73   999.99   -4.344
    167.03   999.99   -4.338
    167.34   999.99   -4.333
    167.64   999.99   -4.328
    167.95   999.99   -4.322
    168.25   999.99   -4.320
    168.55   999.99   -4.316
    168.86   999.99   -4.310
    169.16   999.99   -4.306
    169.47   999.99   -4.299
    169.77   999.99   -4.295
    170.08   999.99   -4.292
    170.38   999.99   -4.288
    170.69   999.99   -4.283
    170.99   999.99   -4.277
    171.30   999.99   -4.269
    171.60   999.99   -4.261
    171.91   999.99   -4.253
    172.21   999.99   -4.246
    172.52   999.99   -4.237
    172.82   999.99   -4.229
    173.13   999.99   -4.221
    173.43   999.99   -4.213
    173.74   999.99   -4.207
    174.04   999.99   -4.197
    174.35   999.99   -4.188
    174.65   999.99   -4.178
    174.96   999.99   -4.165
    175.26   999.99   -4.157
    175.57   999.99   -4.147
    175.87   999.99   -4.136
    176.17   999.99   -4.127
    176.48   999.99   -4.112
    176.78   999.99   -4.102
    177.09   999.99   -4.094
    177.39   999.99   -4.085
    177.70   999.99   -4.078
    178.00   999.99   -4.065
    178.31   999.99   -4.050
    178.61   999.99   -4.039
    178.92   999.99   -4.024
    179.22   999.99   -4.010
    179.53   999.99   -3.997
    179.83   999.99   -3.984
    180.14   999.99   -3.976
    180.44   999.99   -3.961
    180.75   999.99   -3.949
    181.05   999.99   -3.933
    181.36   999.99   -3.921
    181.66   999.99   -3.911
    181.97   999.99   -3.898
    182.27   999.99   -3.887
    182.58   999.99   -3.873
    182.88   999.99   -3.861
    183.19   999.99   -3.852
    183.49   999.99   -3.840
    183.79   999.99   -3.836
    184.10   999.99   -3.827
    184.40   999.99   -3.814
    184.71   999.99   -3.802
    185.01   999.99   -3.788
    185.32   999.99   -3.776
    185.62   999.99   -3.766
    185.93   999.99   -3.754
    186.23   999.99   -3.740
    186.54   999.99   -3.724
    186.84   999.99   -3.715
    187.15   999.99   -3.708
    187.45   999.99   -3.701
    187.76   999.99   -3.694
    188.06   999.99   -3.681
    188.37   999.99   -3.669
    188.67   999.99   -3.660
    188.98   999.99   -3.647
    189.28   999.99   -3.638
    189.59   999.99   -3.628
    189.89   999.99   -3.622
    190.20   999.99   -3.615
    190.50   999.99   -3.601
    190.81   999.99   -3.591
    191.11   999.99   -3.582
    191.41   999.99   -3.576
    191.72   999.99   -3.570
    192.02   999.99   -3.557
    192.33   999.99   -3.548
    192.63   999.99   -3.538
    192.94   999.99   -3.529
    193.24   999.99   -3.520
    193.55   999.99   -3.512
    193.85   999.99   -3.502
    194.16   999.99   -3.493
    194.46   999.99   -3.485
    194.77   999.99   -3.480
    195.07   999.99   -3.475
    195.38   999.99   -3.469
    195.68   999.99   -3.461
    195.99   999.99   -3.455
    196.29   999.99   -3.450
    196.60   999.99   -3.443
    196.90   999.99   -3.436
    197.21   999.99   -3.431
    197.51   999.99   -3.425
    197.82   999.99   -3.419
    198.12   999.99   -3.415
    198.43   999.99   -3.410
    198.73   999.99   -3.404
    199.03   999.99   -3.398
    199.34   999.99   -3.395
    199.64   999.99   -3.391
    199.95   999.99   -3.387
    200.25   999.99   -3.385
    200.56   999.99   -3.380
    200.86   999.99   -3.376
    201.17   999.99   -3.374
    201.47   999.99   -3.370
    201.78   999.99   -3.368
    202.08   999.99   -3.365
    202.39   999.99   -3.363
    202.69   999.99   -3.361
    203.00   999.99   -3.357
    203.30   999.99   -3.355
    203.61   999.99   -3.353
    203.91   999.99   -3.350
    204.22   999.99   -3.348
    204.52   999.99   -3.346
    204.83   999.99   -3.344
    205.13   999.99   -3.341
    205.44   999.99   -3.338
    205.74   999.99   -3.335
    206.05   999.99   -3.330
    206.35   999.99   -3.327
    206.65   999.99   -3.322
    206.96   999.99   -3.318
    207.26   999.99   -3.314
    207.57   999.99   -3.308
    207.87   999.99   -3.305
    208.18   999.99   -3.303
    208.48   999.99   -3.301
    208.79   999.99   -3.296
    209.09   999.99   -3.292
    209.40   999.99   -3.287
    209.70   999.99   -3.283
    210.01   999.99   -3.281
    210.31   999.99   -3.279
    210.62   999.99   -3.272
    210.92   999.99   -3.265
    211.23   999.99   -3.260
    211.53   999.99   -3.253
    211.84   999.99   -3.249
    212.14   999.99   -3.242
    212.45   999.99   -3.237
    212.75   999.99   -3.232
    213.06   999.99   -3.225
    213.36   999.99   -3.218
    213.67   999.99   -3.211
    213.97   999.99   -3.207
    214.27   999.99   -3.202
    214.58   999.99   -3.198
    214.88   999.99   -3.192
    215.19   999.99   -3.187
    215.49   999.99   -3.183
    215.80   999.99   -3.177
    216.10   999.99   -3.172
    216.41   999.99   -3.166
    216.71   999.99   -3.159
    217.02   999.99   -3.154
    217.32   999.99   -3.149
    217.63   999.99   -3.143
    217.93   999.99   -3.138
    218.24   999.99   -3.132
    218.54   999.99   -3.124
    218.85   999.99   -3.115
    219.15   999.99   -3.109
    219.46   999.99   -3.103
    219.76   999.99   -3.098
    220.07   999.99   -3.092
    220.37   999.99   -3.087
    220.68   999.99   -3.079
    220.98   999.99   -3.072
    221.29   999.99   -3.062
    221.59   999.99   -3.056
    221.89   999.99   -3.049
    222.20   999.99   -3.040
    222.50   999.99   -3.031
    222.81   999.99   -3.024
    223.11   999.99   -3.016
    223.42   999.99   -3.008
    223.72   999.99   -2.997
    224.03   999.99   -2.988
    224.33   999.99   -2.980
    224.64   999.99   -2.973
    224.94   999.99   -2.964
    225.25   999.99   -2.957
    225.55   999.99   -2.950
    225.86   999.99   -2.940
    226.16   999.99   -2.930
    226.47   999.99   -2.920
    226.77   999.99   -2.914
    227.08   999.99   -2.907
    227.38   999.99   -2.900
    227.69   999.99   -2.894
    227.99   999.99   -2.886
    228.30   999.99   -2.874
    228.60   999.99   -2.865
    228.91   999.99   -2.858
    229.21   999.99   -2.847
    229.51   999.99   -2.839
    229.82   999.99   -2.828
    230.12   999.99   -2.817
    230.43   999.99   -2.806
    230.73   999.99   -2.792
    231.04   999.99   -2.779
    231.34   999.99   -2.769
    231.65   999.99   -2.759
