 << U.S. Geological Survey Borehole Temperature Log - Alaska >>
  
 Site:             KOL 
 Log Date:         84JUL30 
 Type of Log:      continuous  
 Type of Sensor:   thermistor network (custom)
 Measuring Device: digital multimeter
 Deconvolved:      no 
  
  Z   = measured depth (m)
  TVD = true vertical depth (m)
  T   = temperature (C)
  
        Z      TVD       T
      3.35   999.99   -3.438
      3.66   999.99   -3.560
      3.96   999.99   -3.644
      4.27   999.99   -3.731
      4.57   999.99   -3.840
      4.88   999.99   -3.921
      5.18   999.99   -4.013
      5.49   999.99   -4.117
      5.79   999.99   -4.190
      6.10   999.99   -4.278
      6.40   999.99   -4.370
      6.71   999.99   -4.447
      7.01   999.99   -4.533
      7.32   999.99   -4.624
      7.62   999.99   -4.704
      7.92   999.99   -4.795
      8.23   999.99   -4.880
      8.53   999.99   -4.959
      8.84   999.99   -5.736
      9.14   999.99   -6.436
      9.45   999.99   -6.311
      9.75   999.99   -6.672
     10.06   999.99   -6.950
     10.36   999.99   -7.188
     10.67   999.99   -7.346
     10.97   999.99   -7.455
     11.28   999.99   -7.510
     11.58   999.99   -7.545
     11.89   999.99   -7.567
     12.19   999.99   -7.583
     12.50   999.99   -7.592
     12.80   999.99   -7.592
     13.11   999.99   -7.584
     13.41   999.99   -7.580
     13.72   999.99   -7.570
     14.02   999.99   -7.558
     14.33   999.99   -7.542
     14.63   999.99   -7.527
     14.94   999.99   -7.513
     15.24   999.99   -7.500
     15.54   999.99   -7.484
     15.85   999.99   -7.472
     16.15   999.99   -7.459
     16.46   999.99   -7.445
     16.76   999.99   -7.431
     17.07   999.99   -7.417
     17.37   999.99   -7.406
     17.68   999.99   -7.397
     17.98   999.99   -7.388
     18.29   999.99   -7.377
     18.59   999.99   -7.370
     18.90   999.99   -7.363
     19.20   999.99   -7.357
     19.51   999.99   -7.353
     19.81   999.99   -7.349
     20.12   999.99   -7.345
     20.42   999.99   -7.343
     20.73   999.99   -7.340
     21.03   999.99   -7.338
     21.34   999.99   -7.336
     21.64   999.99   -7.334
     21.95   999.99   -7.334
     22.25   999.99   -7.332
     22.56   999.99   -7.332
     22.86   999.99   -7.332
     23.16   999.99   -7.330
     23.47   999.99   -7.330
     23.77   999.99   -7.330
     24.08   999.99   -7.330
     24.38   999.99   -7.329
     24.69   999.99   -7.329
     24.99   999.99   -7.329
     25.30   999.99   -7.327
     25.60   999.99   -7.327
     25.91   999.99   -7.329
     26.21   999.99   -7.330
     26.52   999.99   -7.333
     26.82   999.99   -7.337
     27.13   999.99   -7.342
     27.43   999.99   -7.345
     27.74   999.99   -7.349
     28.04   999.99   -7.353
     28.35   999.99   -7.358
     28.65   999.99   -7.363
     28.96   999.99   -7.366
     29.26   999.99   -7.369
     29.57   999.99   -7.371
     29.87   999.99   -7.372
     30.18   999.99   -7.374
     30.48   999.99   -7.375
     30.78   999.99   -7.376
     31.09   999.99   -7.376
     31.39   999.99   -7.377
     31.70   999.99   -7.377
     32.00   999.99   -7.377
     32.31   999.99   -7.377
     32.61   999.99   -7.378
     32.92   999.99   -7.378
     33.22   999.99   -7.378
     33.53   999.99   -7.379
     33.83   999.99   -7.379
     34.14   999.99   -7.379
     34.44   999.99   -7.378
     34.75   999.99   -7.377
     35.05   999.99   -7.377
     35.36   999.99   -7.376
     35.66   999.99   -7.351
     35.97   999.99   -7.297
     36.27   999.99   -7.289
     36.58   999.99   -7.298
     36.88   999.99   -7.312
     37.19   999.99   -7.321
     37.49   999.99   -7.329
     37.80   999.99   -7.336
     38.10   999.99   -7.342
     38.40   999.99   -7.346
     38.71   999.99   -7.347
     39.01   999.99   -7.348
     39.32   999.99   -7.349
     39.62   999.99   -7.348
     39.93   999.99   -7.347
     40.23   999.99   -7.345
     40.54   999.99   -7.344
     40.84   999.99   -7.340
     41.15   999.99   -7.336
     41.45   999.99   -7.325
     41.76   999.99   -7.317
     42.06   999.99   -7.311
     42.37   999.99   -7.309
     42.67   999.99   -7.304
     42.98   999.99   -7.299
     43.28   999.99   -7.296
     43.59   999.99   -7.293
     43.89   999.99   -7.292
     44.20   999.99   -7.288
     44.50   999.99   -7.285
     44.81   999.99   -7.282
     45.11   999.99   -7.279
     45.42   999.99   -7.275
     45.72   999.99   -7.268
     46.02   999.99   -7.264
     46.33   999.99   -7.261
     46.63   999.99   -7.256
     46.94   999.99   -7.248
     47.24   999.99   -7.242
     47.55   999.99   -7.235
     47.85   999.99   -7.230
     48.16   999.99   -7.226
     48.46   999.99   -7.222
     48.77   999.99   -7.217
     49.07   999.99   -7.212
     49.38   999.99   -7.203
     49.68   999.99   -7.199
     49.99   999.99   -7.192
     50.29   999.99   -7.188
     50.60   999.99   -7.183
     50.90   999.99   -7.176
     51.21   999.99   -7.168
     51.51   999.99   -7.163
     51.82   999.99   -7.157
     52.12   999.99   -7.152
     52.43   999.99   -7.145
     52.73   999.99   -7.138
     53.04   999.99   -7.131
     53.34   999.99   -7.123
     53.64   999.99   -7.116
     53.95   999.99   -7.106
     54.25   999.99   -7.096
     54.56   999.99   -7.087
     54.86   999.99   -7.080
     55.17   999.99   -7.074
     55.47   999.99   -7.067
     55.78   999.99   -7.061
     56.08   999.99   -7.052
     56.39   999.99   -7.046
     56.69   999.99   -7.039
     57.00   999.99   -7.034
     57.30   999.99   -7.028
     57.61   999.99   -7.019
     57.91   999.99   -7.008
     58.22   999.99   -6.995
     58.52   999.99   -6.988
     58.83   999.99   -6.983
     59.13   999.99   -6.973
     59.44   999.99   -6.967
     59.74   999.99   -6.961
     60.05   999.99   -6.954
     60.35   999.99   -6.947
     60.66   999.99   -6.939
     60.96   999.99   -6.929
     61.26   999.99   -6.922
     61.57   999.99   -6.911
     61.87   999.99   -6.900
     62.18   999.99   -6.891
     62.48   999.99   -6.881
     62.79   999.99   -6.867
     63.09   999.99   -6.852
     63.40   999.99   -6.838
     63.70   999.99   -6.828
     64.01   999.99   -6.815
     64.31   999.99   -6.803
     64.62   999.99   -6.787
     64.92   999.99   -6.777
     65.23   999.99   -6.764
     65.53   999.99   -6.751
     65.84   999.99   -6.738
     66.14   999.99   -6.724
     66.45   999.99   -6.707
     66.75   999.99   -6.695
     67.06   999.99   -6.686
     67.36   999.99   -6.679
     67.67   999.99   -6.675
     67.97   999.99   -6.668
     68.28   999.99   -6.660
     68.58   999.99   -6.653
     68.88   999.99   -6.643
     69.19   999.99   -6.638
     69.49   999.99   -6.630
     69.80   999.99   -6.622
     70.10   999.99   -6.613
     70.41   999.99   -6.605
     70.71   999.99   -6.597
     71.02   999.99   -6.589
     71.32   999.99   -6.580
     71.63   999.99   -6.571
     71.93   999.99   -6.559
     72.24   999.99   -6.553
     72.54   999.99   -6.545
     72.85   999.99   -6.540
     73.15   999.99   -6.532
     73.46   999.99   -6.524
     73.76   999.99   -6.516
     74.07   999.99   -6.509
     74.37   999.99   -6.499
     74.68   999.99   -6.487
     74.98   999.99   -6.476
     75.29   999.99   -6.466
     75.59   999.99   -6.453
     75.90   999.99   -6.444
     76.20   999.99   -6.430
     76.50   999.99   -6.416
     76.81   999.99   -6.400
     77.11   999.99   -6.392
     77.42   999.99   -6.385
     77.72   999.99   -6.379
     78.03   999.99   -6.374
     78.33   999.99   -6.365
     78.64   999.99   -6.356
     78.94   999.99   -6.353
     79.25   999.99   -6.346
     79.55   999.99   -6.339
     79.86   999.99   -6.334
     80.16   999.99   -6.326
     80.47   999.99   -6.319
     80.77   999.99   -6.310
     81.08   999.99   -6.304
     81.38   999.99   -6.296
     81.69   999.99   -6.288
     81.99   999.99   -6.280
     82.30   999.99   -6.272
     82.60   999.99   -6.265
     82.91   999.99   -6.256
     83.21   999.99   -6.248
     83.52   999.99   -6.238
     83.82   999.99   -6.230
     84.12   999.99   -6.220
     84.43   999.99   -6.214
     84.73   999.99   -6.208
     85.04   999.99   -6.200
     85.34   999.99   -6.191
     85.65   999.99   -6.182
     85.95   999.99   -6.173
     86.26   999.99   -6.165
     86.56   999.99   -6.150
     86.87   999.99   -6.142
     87.17   999.99   -6.134
     87.48   999.99   -6.131
     87.78   999.99   -6.122
     88.09   999.99   -6.115
     88.39   999.99   -6.107
     88.70   999.99   -6.099
     89.00   999.99   -6.090
     89.31   999.99   -6.084
     89.61   999.99   -6.078
     89.92   999.99   -6.071
     90.22   999.99   -6.063
     90.53   999.99   -6.056
     90.83   999.99   -6.047
     91.14   999.99   -6.034
     91.44   999.99   -6.023
     91.74   999.99   -6.016
     92.05   999.99   -6.008
     92.35   999.99   -6.000
     92.66   999.99   -5.992
     92.96   999.99   -5.982
     93.27   999.99   -5.975
     93.57   999.99   -5.963
     93.88   999.99   -5.954
     94.18   999.99   -5.946
     94.49   999.99   -5.937
     94.79   999.99   -5.930
     95.10   999.99   -5.923
     95.40   999.99   -5.912
     95.71   999.99   -5.903
     96.01   999.99   -5.896
     96.32   999.99   -5.888
     96.62   999.99   -5.879
     96.93   999.99   -5.871
     97.23   999.99   -5.865
     97.54   999.99   -5.856
     97.84   999.99   -5.847
     98.15   999.99   -5.834
     98.45   999.99   -5.817
     98.76   999.99   -5.802
     99.06   999.99   -5.795
     99.36   999.99   -5.787
     99.67   999.99   -5.778
     99.97   999.99   -5.769
    100.28   999.99   -5.759
    100.58   999.99   -5.749
    100.89   999.99   -5.741
    101.19   999.99   -5.730
    101.50   999.99   -5.723
    101.80   999.99   -5.715
    102.11   999.99   -5.706
    102.41   999.99   -5.698
    102.72   999.99   -5.689
    103.02   999.99   -5.681
    103.33   999.99   -5.669
    103.63   999.99   -5.657
    103.94   999.99   -5.648
    104.24   999.99   -5.639
    104.55   999.99   -5.631
    104.85   999.99   -5.619
    105.16   999.99   -5.606
    105.46   999.99   -5.595
    105.77   999.99   -5.583
    106.07   999.99   -5.573
    106.38   999.99   -5.566
    106.68   999.99   -5.557
    106.99   999.99   -5.546
    107.29   999.99   -5.531
    107.59   999.99   -5.517
    107.90   999.99   -5.502
    108.20   999.99   -5.492
    108.51   999.99   -5.484
    108.81   999.99   -5.474
    109.12   999.99   -5.468
    109.42   999.99   -5.462
    109.73   999.99   -5.457
    110.03   999.99   -5.448
    110.34   999.99   -5.437
    110.64   999.99   -5.426
    110.95   999.99   -5.416
    111.25   999.99   -5.406
    111.56   999.99   -5.394
    111.86   999.99   -5.384
    112.17   999.99   -5.376
    112.47   999.99   -5.365
    112.78   999.99   -5.354
    113.08   999.99   -5.341
    113.39   999.99   -5.333
    113.69   999.99   -5.323
    114.00   999.99   -5.313
    114.30   999.99   -5.302
    114.61   999.99   -5.291
    114.91   999.99   -5.281
    115.21   999.99   -5.269
    115.52   999.99   -5.258
    115.82   999.99   -5.251
    116.13   999.99   -5.241
    116.43   999.99   -5.230
    116.74   999.99   -5.215
    117.04   999.99   -5.203
    117.35   999.99   -5.194
    117.65   999.99   -5.186
    117.96   999.99   -5.177
    118.26   999.99   -5.167
    118.57   999.99   -5.160
    118.87   999.99   -5.151
    119.18   999.99   -5.140
    119.48   999.99   -5.131
    119.79   999.99   -5.123
    120.09   999.99   -5.116
    120.40   999.99   -5.108
    120.70   999.99   -5.101
    121.01   999.99   -5.088
    121.31   999.99   -5.076
    121.62   999.99   -5.065
    121.92   999.99   -5.045
    122.22   999.99   -5.027
    122.53   999.99   -5.017
    122.83   999.99   -5.002
    123.14   999.99   -4.992
    123.44   999.99   -4.984
    123.75   999.99   -4.972
    124.05   999.99   -4.960
    124.36   999.99   -4.946
    124.66   999.99   -4.938
    124.97   999.99   -4.926
    125.27   999.99   -4.918
    125.58   999.99   -4.907
    125.88   999.99   -4.899
    126.19   999.99   -4.892
    126.49   999.99   -4.880
    126.80   999.99   -4.868
    127.10   999.99   -4.860
    127.41   999.99   -4.851
    127.71   999.99   -4.839
    128.02   999.99   -4.828
    128.32   999.99   -4.818
    128.63   999.99   -4.806
    128.93   999.99   -4.793
    129.24   999.99   -4.778
    129.54   999.99   -4.767
    129.85   999.99   -4.760
    130.15   999.99   -4.746
    130.45   999.99   -4.736
    130.76   999.99   -4.724
    131.06   999.99   -4.714
    131.37   999.99   -4.703
    131.67   999.99   -4.694
    131.98   999.99   -4.680
    132.28   999.99   -4.664
    132.59   999.99   -4.647
    132.89   999.99   -4.638
    133.20   999.99   -4.624
    133.50   999.99   -4.615
    133.81   999.99   -4.606
    134.11   999.99   -4.596
    134.42   999.99   -4.584
    134.72   999.99   -4.576
    135.03   999.99   -4.566
    135.33   999.99   -4.554
    135.64   999.99   -4.542
    135.94   999.99   -4.531
    136.25   999.99   -4.518
    136.55   999.99   -4.511
    136.86   999.99   -4.501
    137.16   999.99   -4.485
    137.47   999.99   -4.477
    137.77   999.99   -4.472
    138.07   999.99   -4.463
    138.38   999.99   -4.454
    138.68   999.99   -4.442
    138.99   999.99   -4.434
    139.29   999.99   -4.425
    139.60   999.99   -4.416
    139.90   999.99   -4.407
    140.21   999.99   -4.393
    140.51   999.99   -4.384
    140.82   999.99   -4.374
    141.12   999.99   -4.361
    141.43   999.99   -4.354
    141.73   999.99   -4.343
    142.04   999.99   -4.332
    142.34   999.99   -4.321
    142.65   999.99   -4.312
    142.95   999.99   -4.303
    143.26   999.99   -4.287
    143.56   999.99   -4.280
    143.87   999.99   -4.269
    144.17   999.99   -4.259
    144.48   999.99   -4.250
    144.78   999.99   -4.242
    145.09   999.99   -4.231
    145.39   999.99   -4.222
    145.69   999.99   -4.206
    146.00   999.99   -4.197
    146.30   999.99   -4.186
    146.61   999.99   -4.178
    146.91   999.99   -4.169
    147.22   999.99   -4.161
    147.52   999.99   -4.156
    147.83   999.99   -4.147
    148.13   999.99   -4.139
    148.44   999.99   -4.131
    148.74   999.99   -4.123
    149.05   999.99   -4.116
    149.35   999.99   -4.107
    149.66   999.99   -4.095
    149.96   999.99   -4.079
    150.27   999.99   -4.070
    150.57   999.99   -4.057
    150.88   999.99   -4.048
    151.18   999.99   -4.039
    151.49   999.99   -4.030
    151.79   999.99   -4.020
    152.10   999.99   -4.011
    152.40   999.99   -4.000
    152.71   999.99   -3.988
    153.01   999.99   -3.978
    153.31   999.99   -3.968
    153.62   999.99   -3.960
    153.92   999.99   -3.952
    154.23   999.99   -3.945
    154.53   999.99   -3.937
    154.84   999.99   -3.928
    155.14   999.99   -3.917
    155.45   999.99   -3.905
    155.75   999.99   -3.892
    156.06   999.99   -3.880
    156.36   999.99   -3.868
    156.67   999.99   -3.860
    156.97   999.99   -3.851
    157.28   999.99   -3.842
    157.58   999.99   -3.833
    157.89   999.99   -3.820
    158.19   999.99   -3.806
    158.50   999.99   -3.792
    158.80   999.99   -3.778
    159.11   999.99   -3.766
    159.41   999.99   -3.749
    159.72   999.99   -3.738
    160.02   999.99   -3.732
    160.33   999.99   -3.722
    160.63   999.99   -3.715
    160.93   999.99   -3.705
    161.24   999.99   -3.693
    161.54   999.99   -3.686
    161.85   999.99   -3.675
    162.15   999.99   -3.663
    162.46   999.99   -3.653
    162.76   999.99   -3.644
    163.07   999.99   -3.631
    163.37   999.99   -3.616
    163.68   999.99   -3.603
    163.98   999.99   -3.593
    164.29   999.99   -3.582
    164.59   999.99   -3.573
    164.90   999.99   -3.564
    165.20   999.99   -3.547
    165.51   999.99   -3.537
    165.81   999.99   -3.524
    166.12   999.99   -3.517
    166.42   999.99   -3.511
    166.73   999.99   -3.503
    167.03   999.99   -3.493
    167.34   999.99   -3.478
    167.64   999.99   -3.465
    167.95   999.99   -3.453
    168.25   999.99   -3.442
    168.55   999.99   -3.438
    168.86   999.99   -3.435
    169.16   999.99   -3.429
    169.47   999.99   -3.421
    169.77   999.99   -3.416
    170.08   999.99   -3.405
    170.38   999.99   -3.396
    170.69   999.99   -3.389
    170.99   999.99   -3.380
    171.30   999.99   -3.372
    171.60   999.99   -3.359
    171.91   999.99   -3.346
    172.21   999.99   -3.338
    172.52   999.99   -3.329
    172.82   999.99   -3.322
    173.13   999.99   -3.313
    173.43   999.99   -3.303
    173.74   999.99   -3.294
    174.04   999.99   -3.286
    174.35   999.99   -3.277
    174.65   999.99   -3.266
    174.96   999.99   -3.257
    175.26   999.99   -3.248
    175.57   999.99   -3.240
    175.87   999.99   -3.233
    176.17   999.99   -3.223
    176.48   999.99   -3.213
    176.78   999.99   -3.203
    177.09   999.99   -3.193
    177.39   999.99   -3.180
    177.70   999.99   -3.173
    178.00   999.99   -3.167
    178.31   999.99   -3.158
    178.61   999.99   -3.150
    178.92   999.99   -3.142
    179.22   999.99   -3.136
    179.53   999.99   -3.129
    179.83   999.99   -3.123
    180.14   999.99   -3.113
    180.44   999.99   -3.100
    180.75   999.99   -3.092
    181.05   999.99   -3.083
    181.36   999.99   -3.073
    181.66   999.99   -3.066
    181.97   999.99   -3.060
    182.27   999.99   -3.056
    182.58   999.99   -3.046
    182.88   999.99   -3.038
    183.19   999.99   -3.029
    183.49   999.99   -3.020
    183.79   999.99   -3.013
    184.10   999.99   -3.007
    184.40   999.99   -2.999
    184.71   999.99   -2.987
    185.01   999.99   -2.980
    185.32   999.99   -2.973
    185.62   999.99   -2.967
    185.93   999.99   -2.960
    186.23   999.99   -2.955
    186.54   999.99   -2.948
    186.84   999.99   -2.939
    187.15   999.99   -2.931
    187.45   999.99   -2.921
    187.76   999.99   -2.915
    188.06   999.99   -2.909
    188.37   999.99   -2.900
    188.67   999.99   -2.895
    188.98   999.99   -2.884
    189.28   999.99   -2.873
    189.59   999.99   -2.864
    189.89   999.99   -2.856
    190.20   999.99   -2.848
    190.50   999.99   -2.839
    190.81   999.99   -2.826
    191.11   999.99   -2.814
    191.41   999.99   -2.804
    191.72   999.99   -2.799
    192.02   999.99   -2.792
    192.33   999.99   -2.784
    192.63   999.99   -2.778
    192.94   999.99   -2.768
    193.24   999.99   -2.760
    193.55   999.99   -2.753
    193.85   999.99   -2.742
    194.16   999.99   -2.730
    194.46   999.99   -2.721
    194.77   999.99   -2.716
    195.07   999.99   -2.706
    195.38   999.99   -2.696
    195.68   999.99   -2.687
    195.99   999.99   -2.678
    196.29   999.99   -2.670
    196.60   999.99   -2.662
    196.90   999.99   -2.653
    197.21   999.99   -2.648
    197.51   999.99   -2.641
    197.82   999.99   -2.634
    198.12   999.99   -2.624
    198.43   999.99   -2.616
    198.73   999.99   -2.605
    199.03   999.99   -2.597
    199.34   999.99   -2.588
    199.64   999.99   -2.579
    199.95   999.99   -2.570
    200.25   999.99   -2.560
    200.56   999.99   -2.550
    200.86   999.99   -2.541
    201.17   999.99   -2.531
    201.47   999.99   -2.522
    201.78   999.99   -2.511
    202.08   999.99   -2.502
    202.39   999.99   -2.494
    202.69   999.99   -2.484
    203.00   999.99   -2.474
    203.30   999.99   -2.467
    203.61   999.99   -2.458
    203.91   999.99   -2.446
    204.22   999.99   -2.436
    204.52   999.99   -2.430
    204.83   999.99   -2.426
    205.13   999.99   -2.416
    205.44   999.99   -2.408
    205.74   999.99   -2.398
    206.05   999.99   -2.391
    206.35   999.99   -2.386
    206.65   999.99   -2.376
    206.96   999.99   -2.365
    207.26   999.99   -2.357
    207.57   999.99   -2.349
    207.87   999.99   -2.341
    208.18   999.99   -2.335
    208.48   999.99   -2.327
    208.79   999.99   -2.320
    209.09   999.99   -2.311
    209.40   999.99   -2.302
    209.70   999.99   -2.293
    210.01   999.99   -2.283
    210.31   999.99   -2.274
    210.62   999.99   -2.266
    210.92   999.99   -2.260
    211.23   999.99   -2.252
    211.53   999.99   -2.243
    211.84   999.99   -2.234
    212.14   999.99   -2.225
    212.45   999.99   -2.218
    212.75   999.99   -2.208
    213.06   999.99   -2.202
    213.36   999.99   -2.194
    213.67   999.99   -2.182
    213.97   999.99   -2.175
    214.27   999.99   -2.175
    214.58   999.99   -2.157
    214.88   999.99   -2.146
    215.19   999.99   -2.139
    215.49   999.99   -2.128
    215.80   999.99   -2.119
    216.10   999.99   -2.109
    216.41   999.99   -2.093
    216.71   999.99   -2.092
    217.02   999.99   -2.085
    217.32   999.99   -2.077
    217.63   999.99   -2.069
    217.93   999.99   -2.064
    218.24   999.99   -2.053
    218.54   999.99   -2.045
    218.85   999.99   -2.037
    219.15   999.99   -2.031
    219.46   999.99   -2.023
    219.76   999.99   -2.020
    220.07   999.99   -2.012
    220.37   999.99   -2.004
    220.68   999.99   -2.001
    220.98   999.99   -1.996
    221.29   999.99   -1.990
    221.59   999.99   -1.982
    221.89   999.99   -1.977
    222.20   999.99   -1.971
    222.50   999.99   -1.948
    222.81   999.99   -1.960
    223.11   999.99   -1.955
    223.42   999.99   -1.944
    223.72   999.99   -1.937
    224.03   999.99   -1.933
    224.33   999.99   -1.928
    224.64   999.99   -1.924
    224.94   999.99   -1.920
    225.25   999.99   -1.918
    225.55   999.99   -1.916
    225.86   999.99   -1.913
    226.16   999.99   -1.912
    226.47   999.99   -1.868
