 << U.S. Geological Survey Borehole Temperature Log - Alaska >>
  
 Site:             KUY 
 Log Date:         81AUG25 
 Type of Log:      incremental 
 Type of Sensor:   thermistor network (custom)
 Measuring Device: digital multimeter
 Deconvolved:      N/A
  
  Z   = measured depth (m)
  TVD = true vertical depth (m)
  T   = temperature (C)
  
        Z      TVD       T
     12.19   999.99   -7.012
     15.24   999.99   -7.256
     18.29   999.99   -7.309
     21.34   999.99   -7.319
     24.38   999.99   -7.315
     27.43   999.99   -7.326
     30.48   999.99   -7.258
     33.53   999.99   -7.216
     36.58   999.99   -7.195
     39.62   999.99   -7.189
     42.67   999.99   -7.176
     45.72   999.99   -7.152
     48.77   999.99   -7.133
     51.82   999.99   -7.079
     54.86   999.99   -7.053
     57.91   999.99   -7.044
     60.96   999.99   -7.026
     64.01   999.99   -6.985
     67.06   999.99   -7.058
     70.10   999.99   -6.886
     73.15   999.99   -6.834
     76.20   999.99   -6.785
     79.25   999.99   -6.730
     82.30   999.99   -6.671
     85.34   999.99   -6.627
     88.39   999.99   -6.587
     91.44   999.99   -6.485
     94.49   999.99   -6.363
     97.54   999.99   -6.264
    100.58   999.99   -6.161
    103.63   999.99   -6.071
    106.68   999.99   -6.006
    109.73   999.99   -5.981
    112.78   999.99   -5.955
    115.82   999.99   -5.940
    118.87   999.99   -5.905
    121.92   999.99   -5.862
    124.97   999.99   -5.814
    128.02   999.99   -5.703
    131.06   999.99   -5.609
    134.11   999.99   -5.537
    137.16   999.99   -5.418
    140.21   999.99   -5.286
    143.26   999.99   -5.139
    146.30   999.99   -4.964
    149.35   999.99   -4.836
    152.40   999.99   -4.723
    155.45   999.99   -4.629
    158.50   999.99   -4.657
    161.54   999.99   -4.649
    164.59   999.99   -4.587
    167.64   999.99   -4.493
    170.69   999.99   -4.370
    173.74   999.99   -4.215
    176.78   999.99   -4.051
    179.83   999.99   -3.886
    182.88   999.99   -3.775
    185.93   999.99   -3.717
    188.98   999.99   -3.679
    192.02   999.99   -3.633
    195.07   999.99   -3.582
    198.12   999.99   -3.524
    201.17   999.99   -3.450
    204.22   999.99   -3.372
    207.26   999.99   -3.275
    210.31   999.99   -3.171
    213.36   999.99   -3.099
    216.41   999.99   -3.100
    219.46   999.99   -3.161
    222.50   999.99   -3.130
    225.55   999.99   -3.024
    228.60   999.99   -2.893
    231.65   999.99   -2.752
    234.70   999.99   -2.616
    237.74   999.99   -2.493
    240.79   999.99   -2.403
    243.84   999.99   -2.340
    246.89   999.99   -2.282
    249.94   999.99   -2.210
    252.98   999.99   -2.101
    256.03   999.99   -1.957
    259.08   999.99   -1.852
    262.13   999.99   -1.757
    265.18   999.99   -1.628
    268.22   999.99   -1.522
    271.27   999.99   -1.415
    274.32   999.99   -1.246
    277.37   999.99   -1.053
    280.42   999.99    -.776
    283.46   999.99    -.566
    286.51   999.99    -.367
    289.56   999.99    -.200
    292.61   999.99    -.046
    295.66   999.99     .114
    298.70   999.99     .201
    301.75   999.99     .320
    304.80   999.99     .425
    307.85   999.99     .526
    310.90   999.99     .620
    313.94   999.99     .699
    316.99   999.99     .786
    320.04   999.99     .896
    323.09   999.99    1.007
    326.14   999.99    1.108
    329.18   999.99    1.197
    332.23   999.99    1.296
    335.28   999.99    1.373
    338.33   999.99    1.477
    341.38   999.99    1.566
    344.42   999.99    1.682
    347.47   999.99    1.792
    350.52   999.99    1.886
    353.57   999.99    1.963
    356.62   999.99    2.053
    359.66   999.99    2.122
    362.71   999.99    2.209
    365.76   999.99    2.306
    368.81   999.99    2.400
    371.86   999.99    2.517
    374.90   999.99    2.608
    377.95   999.99    2.733
    381.00   999.99    2.856
    384.05   999.99    2.984
    387.10   999.99    3.094
    390.14   999.99    3.211
    393.19   999.99    3.325
    396.24   999.99    3.443
    399.29   999.99    3.556
    402.34   999.99    3.647
    405.38   999.99    3.761
    408.43   999.99    3.878
    411.48   999.99    4.017
    414.53   999.99    4.124
    417.58   999.99    4.229
    420.62   999.99    4.338
    423.67   999.99    4.461
    426.72   999.99    4.583
    429.77   999.99    4.699
    432.82   999.99    4.827
    435.86   999.99    4.952
    438.91   999.99    5.080
    441.96   999.99    5.190
    445.01   999.99    5.250
    448.06   999.99    5.656
    451.10   999.99    5.727
    454.15   999.99    5.840
    457.20   999.99    5.926
    460.25   999.99    6.035
    463.30   999.99    6.117
    466.34   999.99    6.234
    469.39   999.99    6.322
    472.44   999.99    6.418
    475.49   999.99    6.534
    478.54   999.99    6.627
    481.58   999.99    6.759
    484.63   999.99    6.915
    487.68   999.99    7.075
    490.73   999.99    7.231
    493.78   999.99    7.364
    496.83   999.99    7.482
    499.87   999.99    7.591
    502.92   999.99    7.823
    505.97   999.99    7.893
    509.02   999.99    7.971
    512.07   999.99    8.055
    515.11   999.99    8.159
    518.16   999.99    8.226
    521.21   999.99    8.471
    524.26   999.99    8.538
    527.31   999.99    8.629
    530.35   999.99    8.721
    533.40   999.99    8.821
    536.45   999.99    8.900
    539.50   999.99    8.987
    542.55   999.99    9.214
    545.59   999.99    9.302
    548.64   999.99    9.415
    551.69   999.99    9.548
    554.74   999.99    9.685
    557.79   999.99    9.792
    560.83   999.99    9.902
    563.88   999.99   10.024
    566.93   999.99   10.309
    569.98   999.99   10.389
    573.03   999.99   10.507
    576.07   999.99   10.648
    579.12   999.99   10.739
    582.17   999.99   10.827
    585.22   999.99   10.893
    588.27   999.99   10.962
    591.31   999.99   11.039
    594.36   999.99   11.080
    597.41   999.99   11.267
    600.46   999.99   11.409
    603.51   999.99   11.460
    606.55   999.99   11.589
    609.60   999.99   11.904
    612.65   999.99   12.011
    615.70   999.99   12.212
    618.75   999.99   12.353
    621.79   999.99   12.492
    624.84   999.99   12.621
    627.89   999.99   12.727
    630.94   999.99   12.918
    633.99   999.99   13.011
    637.03   999.99   13.097
    640.08   999.99   13.236
    643.13   999.99   13.378
    646.18   999.99   13.506
    649.23   999.99   13.629
    652.27   999.99   13.791
    655.32   999.99   13.914
    658.37   999.99   14.030
    661.42   999.99   14.143
    664.47   999.99   14.258
    667.51   999.99   14.384
    670.56   999.99   14.499
    673.61   999.99   14.620
    676.66   999.99   14.745
    679.71   999.99   14.849
    682.75   999.99   15.070
    685.80   999.99   15.185
    688.85   999.99   15.301
    691.90   999.99   15.420
    694.95   999.99   15.543
    697.99   999.99   15.636
    701.04   999.99   15.884
    704.09   999.99   15.993
    707.14   999.99   16.128
    710.19   999.99   16.247
    713.23   999.99   16.353
    716.28   999.99   16.471
