 << U.S. Geological Survey Borehole Temperature Log - Alaska >>
  
 Site:             LBN 
 Log Date:         84JUL28 
 Type of Log:      continuous  
 Type of Sensor:   thermistor network (custom)
 Measuring Device: digital multimeter
 Deconvolved:      no 
  
  Z   = measured depth (m)
  TVD = true vertical depth (m)
  T   = temperature (C)
  
        Z      TVD       T
      4.88   999.99   -2.141
      5.18   999.99   -2.162
      5.49   999.99   -2.189
      5.79   999.99   -2.217
      6.10   999.99   -2.243
      6.40   999.99   -2.270
      6.71   999.99   -2.296
      7.01   999.99   -2.326
      7.32   999.99   -2.355
      7.62   999.99   -2.381
      7.92   999.99   -2.405
      8.23   999.99   -2.431
      8.53   999.99   -2.454
      8.84   999.99   -2.478
      9.14   999.99   -2.501
      9.45   999.99   -2.521
      9.75   999.99   -2.542
     10.06   999.99   -2.562
     10.36   999.99   -2.581
     10.67   999.99   -2.600
     10.97   999.99   -2.619
     11.28   999.99   -2.637
     11.58   999.99   -2.656
     11.89   999.99   -2.674
     12.19   999.99   -2.692
     12.50   999.99   -2.994
     12.80   999.99   -3.212
     13.11   999.99   -3.387
     13.41   999.99   -3.518
     13.72   999.99   -3.606
     14.02   999.99   -3.849
     14.33   999.99   -3.863
     14.63   999.99   -3.878
     14.94   999.99   -3.896
     15.24   999.99   -3.914
     15.54   999.99   -3.935
     15.85   999.99   -3.955
     16.15   999.99   -3.976
     16.46   999.99   -3.998
     16.76   999.99   -4.021
     17.07   999.99   -4.043
     17.37   999.99   -4.068
     17.68   999.99   -4.094
     17.98   999.99   -4.118
     18.29   999.99   -4.111
     18.59   999.99   -4.129
     18.90   999.99   -4.152
     19.20   999.99   -4.175
     19.51   999.99   -4.197
     19.81   999.99   -4.220
     20.12   999.99   -4.235
     20.42   999.99   -4.231
     20.73   999.99   -4.231
     21.03   999.99   -4.244
     21.34   999.99   -4.266
     21.64   999.99   -4.288
     21.95   999.99   -4.306
     22.25   999.99   -4.328
     22.56   999.99   -4.349
     22.86   999.99   -4.370
     23.16   999.99   -4.389
     23.47   999.99   -4.405
     23.77   999.99   -4.423
     24.08   999.99   -4.443
     24.38   999.99   -4.456
     24.69   999.99   -4.467
     24.99   999.99   -4.481
     25.30   999.99   -4.494
     25.60   999.99   -4.507
     25.91   999.99   -4.518
     26.21   999.99   -4.525
     26.52   999.99   -4.539
     26.82   999.99   -4.548
     27.13   999.99   -4.555
     27.43   999.99   -4.563
     27.74   999.99   -4.571
     28.04   999.99   -4.577
     28.35   999.99   -4.582
     28.65   999.99   -4.587
     28.96   999.99   -4.594
     29.26   999.99   -4.601
     29.57   999.99   -4.610
     29.87   999.99   -4.619
     30.18   999.99   -4.628
     30.48   999.99   -4.634
     30.78   999.99   -4.656
     31.09   999.99   -4.660
     31.39   999.99   -4.664
     31.70   999.99   -4.667
     32.00   999.99   -4.671
     32.31   999.99   -4.675
     32.61   999.99   -4.679
     32.92   999.99   -4.683
     33.22   999.99   -4.687
     33.53   999.99   -4.689
     33.83   999.99   -4.692
     34.14   999.99   -4.694
     34.44   999.99   -4.698
     34.75   999.99   -4.701
     35.05   999.99   -4.705
     35.36   999.99   -4.706
     35.66   999.99   -4.709
     35.97   999.99   -4.711
     36.27   999.99   -4.712
     36.58   999.99   -4.713
     36.88   999.99   -4.714
     37.19   999.99   -4.714
     37.49   999.99   -4.715
     37.80   999.99   -4.716
     38.10   999.99   -4.716
     38.40   999.99   -4.716
     38.71   999.99   -4.716
     39.01   999.99   -4.717
     39.32   999.99   -4.717
     39.62   999.99   -4.717
     39.93   999.99   -4.717
     40.23   999.99   -4.717
     40.54   999.99   -4.716
     40.84   999.99   -4.715
     41.15   999.99   -4.713
     41.45   999.99   -4.714
     41.76   999.99   -4.712
     42.06   999.99   -4.714
     42.37   999.99   -4.708
     42.67   999.99   -4.710
     42.98   999.99   -4.709
     43.28   999.99   -4.709
     43.59   999.99   -4.709
     43.89   999.99   -4.705
     44.20   999.99   -4.706
     44.50   999.99   -4.705
     44.81   999.99   -4.703
     45.11   999.99   -4.701
     45.42   999.99   -4.699
     45.72   999.99   -4.698
     46.02   999.99   -4.695
     46.33   999.99   -4.691
     46.63   999.99   -4.693
     46.94   999.99   -4.690
     47.24   999.99   -4.689
     47.55   999.99   -4.687
     47.85   999.99   -4.685
     48.16   999.99   -4.682
     48.46   999.99   -4.679
     48.77   999.99   -4.674
     49.07   999.99   -4.673
     49.38   999.99   -4.670
     49.68   999.99   -4.667
     49.99   999.99   -4.665
     50.29   999.99   -4.663
     50.60   999.99   -4.661
     50.90   999.99   -4.660
     51.21   999.99   -4.658
     51.51   999.99   -4.657
     51.82   999.99   -4.651
     52.12   999.99   -4.638
     52.43   999.99   -4.625
     52.73   999.99   -4.617
     53.04   999.99   -4.613
     53.34   999.99   -4.611
     53.64   999.99   -4.609
     53.95   999.99   -4.608
     54.25   999.99   -4.607
     54.56   999.99   -4.606
     54.86   999.99   -4.606
     55.17   999.99   -4.606
     55.47   999.99   -4.605
     55.78   999.99   -4.604
     56.08   999.99   -4.600
     56.39   999.99   -4.585
     56.69   999.99   -4.560
     57.00   999.99   -4.542
     57.30   999.99   -4.528
     57.61   999.99   -4.518
     57.91   999.99   -4.507
     58.22   999.99   -4.500
     58.52   999.99   -4.496
     58.83   999.99   -4.490
     59.13   999.99   -4.485
     59.44   999.99   -4.479
     59.74   999.99   -4.475
     60.05   999.99   -4.472
     60.35   999.99   -4.470
     60.66   999.99   -4.467
     60.96   999.99   -4.464
     61.26   999.99   -4.467
     61.57   999.99   -4.464
     61.87   999.99   -4.462
     62.18   999.99   -4.457
     62.48   999.99   -4.453
     62.79   999.99   -4.449
     63.09   999.99   -4.446
     63.40   999.99   -4.431
     63.70   999.99   -4.414
     64.01   999.99   -4.395
     64.31   999.99   -4.378
     64.62   999.99   -4.360
     64.92   999.99   -4.352
     65.23   999.99   -4.346
     65.53   999.99   -4.343
     65.84   999.99   -4.340
     66.14   999.99   -4.339
     66.45   999.99   -4.339
     66.75   999.99   -4.336
     67.06   999.99   -4.335
     67.36   999.99   -4.333
     67.67   999.99   -4.331
     67.97   999.99   -4.328
     68.28   999.99   -4.324
     68.58   999.99   -4.320
     68.88   999.99   -4.317
     69.19   999.99   -4.309
     69.49   999.99   -4.305
     69.80   999.99   -4.301
     70.10   999.99   -4.296
     70.41   999.99   -4.289
     70.71   999.99   -4.284
     71.02   999.99   -4.280
     71.32   999.99   -4.276
     71.63   999.99   -4.272
     71.93   999.99   -4.264
     72.24   999.99   -4.257
     72.54   999.99   -4.252
     72.85   999.99   -4.247
     73.15   999.99   -4.241
     73.46   999.99   -4.234
     73.76   999.99   -4.232
     74.07   999.99   -4.227
     74.37   999.99   -4.222
     74.68   999.99   -4.214
     74.98   999.99   -4.206
     75.29   999.99   -4.200
     75.59   999.99   -4.192
     75.90   999.99   -4.190
     76.20   999.99   -4.182
     76.50   999.99   -4.177
     76.81   999.99   -4.172
     77.11   999.99   -4.167
     77.42   999.99   -4.163
     77.72   999.99   -4.159
     78.03   999.99   -4.152
     78.33   999.99   -4.143
     78.64   999.99   -4.137
     78.94   999.99   -4.132
     79.25   999.99   -4.127
     79.55   999.99   -4.123
     79.86   999.99   -4.120
     80.16   999.99   -4.116
     80.47   999.99   -4.109
     80.77   999.99   -4.103
     81.08   999.99   -4.096
     81.38   999.99   -4.092
     81.69   999.99   -4.087
     81.99   999.99   -4.082
     82.30   999.99   -4.077
     82.60   999.99   -4.074
     82.91   999.99   -4.070
     83.21   999.99   -4.067
     83.52   999.99   -4.059
     83.82   999.99   -4.056
     84.12   999.99   -4.052
     84.43   999.99   -4.045
     84.73   999.99   -4.038
     85.04   999.99   -4.033
     85.34   999.99   -4.029
     85.65   999.99   -4.026
     85.95   999.99   -4.024
     86.26   999.99   -4.021
     86.56   999.99   -4.019
     86.87   999.99   -4.013
     87.17   999.99   -4.010
     87.48   999.99   -4.007
     87.78   999.99   -4.001
     88.09   999.99   -3.997
     88.39   999.99   -3.992
     88.70   999.99   -3.983
     89.00   999.99   -3.976
     89.31   999.99   -3.972
     89.61   999.99   -3.967
     89.92   999.99   -3.961
     90.22   999.99   -3.941
     90.53   999.99   -3.926
     90.83   999.99   -3.913
     91.14   999.99   -3.896
     91.44   999.99   -3.883
     91.74   999.99   -3.873
     92.05   999.99   -3.872
     92.35   999.99   -3.870
     92.66   999.99   -3.864
     92.96   999.99   -3.855
     93.27   999.99   -3.845
     93.57   999.99   -3.837
     93.88   999.99   -3.831
     94.18   999.99   -3.826
     94.49   999.99   -3.820
     94.79   999.99   -3.815
     95.10   999.99   -3.810
     95.40   999.99   -3.804
     95.71   999.99   -3.798
     96.01   999.99   -3.792
     96.32   999.99   -3.787
     96.62   999.99   -3.782
     96.93   999.99   -3.777
     97.23   999.99   -3.774
     97.54   999.99   -3.772
     97.84   999.99   -3.769
     98.15   999.99   -3.766
     98.45   999.99   -3.764
     98.76   999.99   -3.763
     99.06   999.99   -3.762
     99.36   999.99   -3.760
     99.67   999.99   -3.750
     99.97   999.99   -3.726
    100.28   999.99   -3.711
    100.58   999.99   -3.699
    100.89   999.99   -3.688
    101.19   999.99   -3.678
    101.50   999.99   -3.673
    101.80   999.99   -3.667
    102.11   999.99   -3.662
    102.41   999.99   -3.658
    102.72   999.99   -3.655
    103.02   999.99   -3.652
    103.33   999.99   -3.648
    103.63   999.99   -3.643
    103.94   999.99   -3.640
    104.24   999.99   -3.637
    104.55   999.99   -3.633
    104.85   999.99   -3.628
    105.16   999.99   -3.621
    105.46   999.99   -3.614
    105.77   999.99   -3.608
    106.07   999.99   -3.601
    106.38   999.99   -3.597
    106.68   999.99   -3.592
    106.99   999.99   -3.587
    107.29   999.99   -3.582
    107.59   999.99   -3.578
    107.90   999.99   -3.574
    108.20   999.99   -3.570
    108.51   999.99   -3.566
    108.81   999.99   -3.564
    109.12   999.99   -3.561
    109.42   999.99   -3.561
    109.73   999.99   -3.541
    110.03   999.99   -3.507
    110.34   999.99   -3.491
    110.64   999.99   -3.474
    110.95   999.99   -3.462
    111.25   999.99   -3.457
    111.56   999.99   -3.450
    111.86   999.99   -3.447
    112.17   999.99   -3.443
    112.47   999.99   -3.439
    112.78   999.99   -3.432
    113.08   999.99   -3.427
    113.39   999.99   -3.424
    113.69   999.99   -3.419
    114.00   999.99   -3.413
    114.30   999.99   -3.409
    114.61   999.99   -3.402
    114.91   999.99   -3.396
    115.21   999.99   -3.391
    115.52   999.99   -3.385
    115.82   999.99   -3.381
    116.13   999.99   -3.378
    116.43   999.99   -3.374
    116.74   999.99   -3.368
    117.04   999.99   -3.362
    117.35   999.99   -3.356
    117.65   999.99   -3.348
    117.96   999.99   -3.341
    118.26   999.99   -3.336
    118.57   999.99   -3.332
    118.87   999.99   -3.328
    119.18   999.99   -3.324
    119.48   999.99   -3.319
    119.79   999.99   -3.315
    120.09   999.99   -3.312
    120.40   999.99   -3.307
    120.70   999.99   -3.301
    121.01   999.99   -3.298
    121.31   999.99   -3.294
    121.62   999.99   -3.291
    121.92   999.99   -3.288
    122.22   999.99   -3.300
    122.53   999.99   -3.298
    122.83   999.99   -3.294
    123.14   999.99   -3.290
    123.44   999.99   -3.278
    123.75   999.99   -3.267
    124.05   999.99   -3.258
    124.36   999.99   -3.248
    124.66   999.99   -3.241
    124.97   999.99   -3.239
    125.27   999.99   -3.232
    125.58   999.99   -3.231
    125.88   999.99   -3.223
    126.19   999.99   -3.219
    126.49   999.99   -3.216
    126.80   999.99   -3.210
    127.10   999.99   -3.206
    127.41   999.99   -3.203
    127.71   999.99   -3.201
    128.02   999.99   -3.199
    128.32   999.99   -3.197
    128.63   999.99   -3.189
    128.93   999.99   -3.179
    129.24   999.99   -3.168
    129.54   999.99   -3.149
    129.85   999.99   -3.133
    130.15   999.99   -3.121
    130.45   999.99   -3.113
    130.76   999.99   -3.109
    131.06   999.99   -3.106
    131.37   999.99   -3.103
    131.67   999.99   -3.103
    131.98   999.99   -3.099
    132.28   999.99   -3.098
    132.59   999.99   -3.097
    132.89   999.99   -3.094
    133.20   999.99   -3.089
    133.50   999.99   -3.086
    133.81   999.99   -3.083
    134.11   999.99   -3.074
    134.42   999.99   -3.068
    134.72   999.99   -3.063
    135.03   999.99   -3.060
    135.33   999.99   -3.058
    135.64   999.99   -3.055
    135.94   999.99   -3.050
    136.25   999.99   -3.046
    136.55   999.99   -3.043
    136.86   999.99   -3.036
    137.16   999.99   -3.026
    137.47   999.99   -3.016
    137.77   999.99   -3.008
    138.07   999.99   -3.003
    138.38   999.99   -2.999
    138.68   999.99   -2.996
    138.99   999.99   -2.991
    139.29   999.99   -2.986
    139.60   999.99   -2.980
    139.90   999.99   -2.972
    140.21   999.99   -2.967
    140.51   999.99   -2.958
    140.82   999.99   -2.950
    141.12   999.99   -2.943
    141.43   999.99   -2.937
    141.73   999.99   -2.931
    142.04   999.99   -2.925
    142.34   999.99   -2.916
    142.65   999.99   -2.911
    142.95   999.99   -2.905
    143.26   999.99   -2.900
    143.56   999.99   -2.896
    143.87   999.99   -2.894
    144.17   999.99   -2.890
    144.48   999.99   -2.887
    144.78   999.99   -2.883
    145.09   999.99   -2.878
    145.39   999.99   -2.873
    145.69   999.99   -2.855
    146.00   999.99   -2.843
    146.30   999.99   -2.836
    146.61   999.99   -2.832
    146.91   999.99   -2.827
    147.22   999.99   -2.820
    147.52   999.99   -2.813
    147.83   999.99   -2.810
    148.13   999.99   -2.806
    148.44   999.99   -2.804
    148.74   999.99   -2.800
    149.05   999.99   -2.794
    149.35   999.99   -2.789
    149.66   999.99   -2.783
    149.96   999.99   -2.777
    150.27   999.99   -2.772
    150.57   999.99   -2.765
    150.88   999.99   -2.763
    151.18   999.99   -2.762
    151.49   999.99   -2.758
    151.79   999.99   -2.755
    152.10   999.99   -2.754
    152.40   999.99   -2.743
    152.71   999.99   -2.668
    153.01   999.99   -2.669
    153.31   999.99   -2.670
    153.62   999.99   -2.669
    153.92   999.99   -2.672
    154.23   999.99   -2.673
    154.53   999.99   -2.672
    154.84   999.99   -2.671
    155.14   999.99   -2.671
    155.45   999.99   -2.670
    155.75   999.99   -2.670
    156.06   999.99   -2.669
    156.36   999.99   -2.660
    156.67   999.99   -2.647
    156.97   999.99   -2.636
    157.28   999.99   -2.629
    157.58   999.99   -2.622
    157.89   999.99   -2.617
    158.19   999.99   -2.613
    158.50   999.99   -2.611
    158.80   999.99   -2.605
    159.11   999.99   -2.600
    159.41   999.99   -2.594
    159.72   999.99   -2.591
    160.02   999.99   -2.587
    160.33   999.99   -2.579
    160.63   999.99   -2.573
    160.93   999.99   -2.565
    161.24   999.99   -2.560
    161.54   999.99   -2.556
    161.85   999.99   -2.552
    162.15   999.99   -2.546
    162.46   999.99   -2.540
    162.76   999.99   -2.536
    163.07   999.99   -2.531
    163.37   999.99   -2.526
    163.68   999.99   -2.521
    163.98   999.99   -2.517
    164.29   999.99   -2.512
    164.59   999.99   -2.504
    164.90   999.99   -2.500
    165.20   999.99   -2.495
    165.51   999.99   -2.491
    165.81   999.99   -2.488
    166.12   999.99   -2.482
    166.42   999.99   -2.477
    166.73   999.99   -2.471
    167.03   999.99   -2.469
    167.34   999.99   -2.463
    167.64   999.99   -2.458
    167.95   999.99   -2.454
    168.25   999.99   -2.451
    168.55   999.99   -2.447
    168.86   999.99   -2.444
    169.16   999.99   -2.440
    169.47   999.99   -2.435
    169.77   999.99   -2.432
    170.08   999.99   -2.427
    170.38   999.99   -2.425
    170.69   999.99   -2.421
    170.99   999.99   -2.420
    171.30   999.99   -2.418
    171.60   999.99   -2.418
    171.91   999.99   -2.418
    172.21   999.99   -2.404
    172.52   999.99   -2.358
    172.82   999.99   -2.333
    173.13   999.99   -2.306
    173.43   999.99   -2.289
    173.74   999.99   -2.282
    174.04   999.99   -2.277
    174.35   999.99   -2.274
    174.65   999.99   -2.271
    174.96   999.99   -2.268
    175.26   999.99   -2.269
    175.57   999.99   -2.265
    175.87   999.99   -2.262
    176.17   999.99   -2.258
    176.48   999.99   -2.256
    176.78   999.99   -2.254
    177.09   999.99   -2.252
    177.39   999.99   -2.249
    177.70   999.99   -2.235
    178.00   999.99   -2.234
    178.31   999.99   -2.232
    178.61   999.99   -2.228
    178.92   999.99   -2.225
    179.22   999.99   -2.221
    179.53   999.99   -2.216
    179.83   999.99   -2.211
    180.14   999.99   -2.207
    180.44   999.99   -2.204
    180.75   999.99   -2.201
    181.05   999.99   -2.198
    181.36   999.99   -2.196
    181.66   999.99   -2.192
    181.97   999.99   -2.188
    182.27   999.99   -2.186
    182.58   999.99   -2.183
    182.88   999.99   -2.177
    183.19   999.99   -2.168
    183.49   999.99   -2.166
    183.79   999.99   -2.144
    184.10   999.99   -2.122
    184.40   999.99   -2.106
    184.71   999.99   -2.096
    185.01   999.99   -2.090
    185.32   999.99   -2.087
    185.62   999.99   -2.084
    185.93   999.99   -2.075
    186.23   999.99   -2.064
    186.54   999.99   -2.056
    186.84   999.99   -2.051
    187.15   999.99   -2.045
    187.45   999.99   -2.040
    187.76   999.99   -2.033
    188.06   999.99   -2.026
    188.37   999.99   -1.996
    188.67   999.99   -1.978
    188.98   999.99   -1.964
    189.28   999.99   -1.952
    189.59   999.99   -1.944
    189.89   999.99   -1.936
    190.20   999.99   -1.932
    190.50   999.99   -1.926
    190.81   999.99   -1.922
    191.11   999.99   -1.920
    191.41   999.99   -1.911
    191.72   999.99   -1.896
    192.02   999.99   -1.882
    192.33   999.99   -1.871
    192.63   999.99   -1.862
    192.94   999.99   -1.856
    193.24   999.99   -1.852
    193.55   999.99   -1.850
    193.85   999.99   -1.848
    194.16   999.99   -1.830
    194.46   999.99   -1.810
    194.77   999.99   -1.792
    195.07   999.99   -1.766
    195.38   999.99   -1.746
    195.68   999.99   -1.726
    195.99   999.99   -1.714
    196.29   999.99   -1.700
    196.60   999.99   -1.692
    196.90   999.99   -1.686
    197.21   999.99   -1.678
    197.51   999.99   -1.672
    197.82   999.99   -1.668
    198.12   999.99   -1.664
    198.43   999.99   -1.657
    198.73   999.99   -1.649
    199.03   999.99   -1.639
    199.34   999.99   -1.626
    199.64   999.99   -1.612
    199.95   999.99   -1.602
    200.25   999.99   -1.593
    200.56   999.99   -1.584
    200.86   999.99   -1.574
    201.17   999.99   -1.566
    201.47   999.99   -1.557
    201.78   999.99   -1.551
    202.08   999.99   -1.546
    202.39   999.99   -1.540
    202.69   999.99   -1.534
    203.00   999.99   -1.525
    203.30   999.99   -1.518
    203.61   999.99   -1.509
    203.91   999.99   -1.500
    204.22   999.99   -1.491
    204.52   999.99   -1.479
    204.83   999.99   -1.469
    205.13   999.99   -1.459
    205.44   999.99   -1.449
    205.74   999.99   -1.439
    206.05   999.99   -1.431
    206.35   999.99   -1.423
    206.65   999.99   -1.415
    206.96   999.99   -1.407
    207.26   999.99   -1.399
    207.57   999.99   -1.388
    207.87   999.99   -1.366
    208.18   999.99   -1.346
    208.48   999.99   -1.329
    208.79   999.99   -1.297
    209.09   999.99   -1.248
    209.40   999.99   -1.212
    209.70   999.99   -1.185
    210.01   999.99   -1.168
    210.31   999.99   -1.150
    210.62   999.99   -1.139
    210.92   999.99   -1.132
    211.23   999.99   -1.125
    211.53   999.99   -1.121
    211.84   999.99   -1.115
    212.14   999.99   -1.108
    212.45   999.99   -1.104
    212.75   999.99   -1.102
    213.06   999.99   -1.101
    213.36   999.99   -1.099
    213.67   999.99   -1.066
    213.97   999.99   -1.067
    214.27   999.99   -1.064
    214.58   999.99   -1.059
    214.88   999.99   -1.053
    215.19   999.99   -1.047
    215.49   999.99   -1.043
    215.80   999.99   -1.040
    216.10   999.99   -1.037
    216.41   999.99   -1.034
    216.71   999.99   -1.032
    217.02   999.99   -1.030
    217.32   999.99   -1.029
    217.63   999.99   -1.029
    217.93   999.99   -1.030
    218.24   999.99   -1.031
    218.54   999.99   -1.030
    218.85   999.99   -1.032
    219.15   999.99   -1.030
    219.46   999.99   -1.027
    219.76   999.99   -1.024
    220.07   999.99   -1.020
    220.37   999.99   -1.014
    220.68   999.99   -1.012
    220.98   999.99   -1.010
    221.29   999.99   -1.009
    221.59   999.99   -1.008
    221.89   999.99   -1.007
    222.20   999.99   -1.007
    222.50   999.99   -1.006
    222.81   999.99   -1.005
    223.11   999.99   -1.003
    223.42   999.99   -1.003
    223.72   999.99    -.997
    224.03   999.99    -.987
    224.33   999.99    -.973
    224.64   999.99    -.968
    224.94   999.99    -.964
    225.25   999.99    -.959
    225.55   999.99    -.959
    225.86   999.99    -.957
    226.16   999.99    -.957
    226.47   999.99    -.957
    226.77   999.99    -.958
    227.08   999.99    -.959
    227.38   999.99    -.959
    227.69   999.99    -.957
    227.99   999.99    -.957
    228.30   999.99    -.955
    228.60   999.99    -.955
    228.91   999.99    -.954
    229.21   999.99    -.952
    229.51   999.99    -.948
    229.82   999.99    -.945
    230.12   999.99    -.942
    230.43   999.99    -.941
    230.73   999.99    -.939
    231.04   999.99    -.937
    231.34   999.99    -.934
    231.65   999.99    -.932
    231.95   999.99    -.932
    232.26   999.99    -.931
    232.56   999.99    -.930
    232.87   999.99    -.928
    233.17   999.99    -.925
    233.48   999.99    -.921
    233.78   999.99    -.917
    234.09   999.99    -.914
    234.39   999.99    -.911
    234.70   999.99    -.908
    235.00   999.99    -.906
    235.31   999.99    -.902
    235.61   999.99    -.899
    235.92   999.99    -.892
    236.22   999.99    -.888
    236.53   999.99    -.880
    236.83   999.99    -.869
    237.13   999.99    -.860
    237.44   999.99    -.853
    237.74   999.99    -.842
    238.05   999.99    -.833
    238.35   999.99    -.816
    238.66   999.99    -.802
    238.96   999.99    -.786
    239.27   999.99    -.772
    239.57   999.99    -.762
    239.88   999.99    -.755
    240.18   999.99    -.746
    240.49   999.99    -.734
    240.79   999.99    -.727
    241.10   999.99    -.720
    241.40   999.99    -.716
    241.71   999.99    -.710
    242.01   999.99    -.700
    242.32   999.99    -.689
    242.62   999.99    -.674
    242.93   999.99    -.657
    243.23   999.99    -.644
    243.54   999.99    -.634
    243.84   999.99    -.626
    244.15   999.99    -.613
    244.45   999.99    -.608
    244.75   999.99    -.602
    245.06   999.99    -.595
    245.36   999.99    -.587
    245.67   999.99    -.582
    245.97   999.99    -.579
    246.28   999.99    -.574
    246.58   999.99    -.570
    246.89   999.99    -.565
    247.19   999.99    -.560
    247.50   999.99    -.555
    247.80   999.99    -.549
    248.11   999.99    -.546
    248.41   999.99    -.543
    248.72   999.99    -.541
    249.02   999.99    -.537
    249.33   999.99    -.533
    249.63   999.99    -.527
    249.94   999.99    -.517
    250.24   999.99    -.504
    250.55   999.99    -.493
    250.85   999.99    -.482
    251.16   999.99    -.472
    251.46   999.99    -.460
    251.77   999.99    -.447
    252.07   999.99    -.437
    252.37   999.99    -.422
    252.68   999.99    -.414
    252.98   999.99    -.407
    253.29   999.99    -.394
    253.59   999.99    -.380
    253.90   999.99    -.371
    254.20   999.99    -.360
    254.51   999.99    -.351
    254.81   999.99    -.341
    255.12   999.99    -.329
    255.42   999.99    -.318
    255.73   999.99    -.306
    256.03   999.99    -.295
    256.34   999.99    -.283
    256.64   999.99    -.275
    256.95   999.99    -.265
    257.25   999.99    -.257
    257.56   999.99    -.249
    257.86   999.99    -.239
    258.17   999.99    -.230
    258.47   999.99    -.221
    258.78   999.99    -.211
    259.08   999.99    -.202
    259.39   999.99    -.192
    259.69   999.99    -.184
    259.99   999.99    -.174
    260.30   999.99    -.169
    260.60   999.99    -.163
    260.91   999.99    -.157
    261.21   999.99    -.150
    261.52   999.99    -.144
    261.82   999.99    -.137
    262.13   999.99    -.129
    262.43   999.99    -.122
    262.74   999.99    -.113
    263.04   999.99    -.106
    263.35   999.99    -.099
    263.65   999.99    -.092
    263.96   999.99    -.084
    264.26   999.99    -.077
    264.57   999.99    -.068
    264.87   999.99    -.061
    265.18   999.99    -.053
    265.48   999.99    -.046
    265.79   999.99    -.038
    266.09   999.99    -.031
    266.40   999.99    -.026
    266.70   999.99    -.020
    267.01   999.99    -.014
    267.31   999.99    -.007
    267.61   999.99    -.001
    267.92   999.99     .008
    268.22   999.99     .016
    268.53   999.99     .022
    268.83   999.99     .029
    269.14   999.99     .037
    269.44   999.99     .044
    269.75   999.99     .052
    270.05   999.99     .059
    270.36   999.99     .065
    270.66   999.99     .070
    270.97   999.99     .076
    271.27   999.99     .083
    271.58   999.99     .090
    271.88   999.99     .100
    272.19   999.99     .107
    272.49   999.99     .113
    272.80   999.99     .118
    273.10   999.99     .124
    273.41   999.99     .134
    273.71   999.99     .144
    274.02   999.99     .151
    274.32   999.99     .160
    274.63   999.99     .202
    274.93   999.99     .206
    275.23   999.99     .208
    275.54   999.99     .211
    275.84   999.99     .215
    276.15   999.99     .219
    276.45   999.99     .224
    276.76   999.99     .230
    277.06   999.99     .237
    277.37   999.99     .244
    277.67   999.99     .251
    277.98   999.99     .257
    278.28   999.99     .266
    278.59   999.99     .274
    278.89   999.99     .280
    279.20   999.99     .286
    279.50   999.99     .292
    279.81   999.99     .300
    280.11   999.99     .309
    280.42   999.99     .319
    280.72   999.99     .325
    281.03   999.99     .332
    281.33   999.99     .337
    281.64   999.99     .346
    281.94   999.99     .356
    282.25   999.99     .365
    282.55   999.99     .373
    282.86   999.99     .380
    283.16   999.99     .387
    283.46   999.99     .393
    283.77   999.99     .399
    284.07   999.99     .405
    284.38   999.99     .413
    284.68   999.99     .421
    284.99   999.99     .429
    285.29   999.99     .436
    285.60   999.99     .443
    285.90   999.99     .451
    286.21   999.99     .460
    286.51   999.99     .466
    286.82   999.99     .474
    287.12   999.99     .481
    287.43   999.99     .490
    287.73   999.99     .499
    288.04   999.99     .507
    288.34   999.99     .517
    288.65   999.99     .525
    288.95   999.99     .532
    289.26   999.99     .541
    289.56   999.99     .550
    289.87   999.99     .556
    290.17   999.99     .562
    290.48   999.99     .570
    290.78   999.99     .577
    291.08   999.99     .584
    291.39   999.99     .591
    291.69   999.99     .598
    292.00   999.99     .606
    292.30   999.99     .612
    292.61   999.99     .619
    292.91   999.99     .626
    293.22   999.99     .633
    293.52   999.99     .641
    293.83   999.99     .650
    294.13   999.99     .657
    294.44   999.99     .666
    294.74   999.99     .673
    295.05   999.99     .681
    295.35   999.99     .690
    295.66   999.99     .696
    295.96   999.99     .703
    296.27   999.99     .713
    296.57   999.99     .721
    296.88   999.99     .728
    297.18   999.99     .734
    297.49   999.99     .742
    297.79   999.99     .750
    298.10   999.99     .757
    298.40   999.99     .764
    298.70   999.99     .773
    299.01   999.99     .783
    299.31   999.99     .789
    299.62   999.99     .795
    299.92   999.99     .803
    300.23   999.99     .812
    300.53   999.99     .819
    300.84   999.99     .825
    301.14   999.99     .832
    301.45   999.99     .838
    301.75   999.99     .845
    302.06   999.99     .851
    302.36   999.99     .857
    302.67   999.99     .864
    302.97   999.99     .871
    303.28   999.99     .878
    303.58   999.99     .887
    303.89   999.99     .895
    304.19   999.99     .902
    304.50   999.99     .911
    304.80   999.99     .920
    305.11   999.99     .927
    305.41   999.99     .935
    305.71   999.99     .944
    306.02   999.99     .952
    306.32   999.99     .958
    306.63   999.99     .965
    306.93   999.99     .971
    307.24   999.99     .978
    307.54   999.99     .985
    307.85   999.99     .994
    308.15   999.99    1.001
    308.46   999.99    1.008
    308.76   999.99    1.013
    309.07   999.99    1.019
    309.37   999.99    1.025
    309.68   999.99    1.030
    309.98   999.99    1.034
    310.29   999.99    1.042
    310.59   999.99    1.048
    310.90   999.99    1.057
    311.20   999.99    1.066
    311.51   999.99    1.075
    311.81   999.99    1.084
    312.12   999.99    1.090
    312.42   999.99    1.097
    312.73   999.99    1.105
    313.03   999.99    1.113
    313.33   999.99    1.119
    313.64   999.99    1.126
    313.94   999.99    1.131
    314.25   999.99    1.139
    314.55   999.99    1.146
    314.86   999.99    1.152
    315.16   999.99    1.157
    315.47   999.99    1.163
    315.77   999.99    1.173
    316.08   999.99    1.180
    316.38   999.99    1.187
    316.69   999.99    1.196
    316.99   999.99    1.205
    317.30   999.99    1.212
    317.60   999.99    1.218
    317.91   999.99    1.224
    318.21   999.99    1.232
    318.52   999.99    1.239
    318.82   999.99    1.249
    319.13   999.99    1.257
    319.43   999.99    1.264
    319.74   999.99    1.272
    320.04   999.99    1.279
    320.35   999.99    1.285
    320.65   999.99    1.292
    320.95   999.99    1.299
    321.26   999.99    1.307
    321.56   999.99    1.315
    321.87   999.99    1.320
    322.17   999.99    1.327
    322.48   999.99    1.335
    322.78   999.99    1.344
    323.09   999.99    1.352
    323.39   999.99    1.360
    323.70   999.99    1.367
    324.00   999.99    1.376
    324.31   999.99    1.382
    324.61   999.99    1.391
    324.92   999.99    1.400
    325.22   999.99    1.408
    325.53   999.99    1.414
    325.83   999.99    1.421
    326.14   999.99    1.426
    326.44   999.99    1.433
    326.75   999.99    1.442
    327.05   999.99    1.451
    327.36   999.99    1.458
    327.66   999.99    1.465
    327.97   999.99    1.474
    328.27   999.99    1.482
    328.58   999.99    1.491
    328.88   999.99    1.499
    329.18   999.99    1.508
    329.49   999.99    1.515
    329.79   999.99    1.522
    330.10   999.99    1.528
    330.40   999.99    1.535
    330.71   999.99    1.544
    331.01   999.99    1.551
    331.32   999.99    1.556
    331.62   999.99    1.562
    331.93   999.99    1.570
    332.23   999.99    1.578
    332.54   999.99    1.585
    332.84   999.99    1.590
    333.15   999.99    1.596
    333.45   999.99    1.606
    333.76   999.99    1.613
    334.06   999.99    1.619
    334.37   999.99    1.624
    334.67   999.99    1.632
    334.98   999.99    1.640
    335.28   999.99    1.648
    335.59   999.99    1.687
    335.89   999.99    1.687
    336.20   999.99    1.688
    336.50   999.99    1.690
    336.80   999.99    1.693
    337.11   999.99    1.700
    337.41   999.99    1.703
    337.72   999.99    1.708
    338.02   999.99    1.713
    338.33   999.99    1.719
    338.63   999.99    1.724
    338.94   999.99    1.733
    339.24   999.99    1.739
    339.55   999.99    1.744
    339.85   999.99    1.751
    340.16   999.99    1.756
    340.46   999.99    1.760
    340.77   999.99    1.767
    341.07   999.99    1.772
    341.38   999.99    1.778
    341.68   999.99    1.786
    341.99   999.99    1.793
    342.29   999.99    1.799
    342.60   999.99    1.807
    342.90   999.99    1.813
    343.21   999.99    1.822
    343.51   999.99    1.829
    343.82   999.99    1.837
    344.12   999.99    1.843
    344.42   999.99    1.847
    344.73   999.99    1.852
    345.03   999.99    1.859
    345.34   999.99    1.866
    345.64   999.99    1.872
    345.95   999.99    1.879
    346.25   999.99    1.886
    346.56   999.99    1.893
    346.86   999.99    1.900
    347.17   999.99    1.904
    347.47   999.99    1.908
    347.78   999.99    1.913
    348.08   999.99    1.919
    348.39   999.99    1.925
    348.69   999.99    1.932
    349.00   999.99    1.939
    349.30   999.99    1.945
    349.61   999.99    1.952
    349.91   999.99    1.958
    350.22   999.99    1.963
    350.52   999.99    1.970
    350.83   999.99    1.977
    351.13   999.99    1.983
    351.44   999.99    1.989
    351.74   999.99    1.994
    352.04   999.99    2.000
    352.35   999.99    2.005
    352.65   999.99    2.012
    352.96   999.99    2.019
    353.26   999.99    2.025
    353.57   999.99    2.031
    353.87   999.99    2.036
    354.18   999.99    2.040
    354.48   999.99    2.046
    354.79   999.99    2.051
    355.09   999.99    2.056
    355.40   999.99    2.063
    355.70   999.99    2.070
    356.01   999.99    2.078
    356.31   999.99    2.087
    356.62   999.99    2.094
    356.92   999.99    2.102
    357.23   999.99    2.109
    357.53   999.99    2.115
    357.84   999.99    2.122
    358.14   999.99    2.128
    358.45   999.99    2.134
    358.75   999.99    2.139
    359.06   999.99    2.144
    359.36   999.99    2.149
    359.66   999.99    2.154
    359.97   999.99    2.161
    360.27   999.99    2.168
    360.58   999.99    2.173
    360.88   999.99    2.181
    361.19   999.99    2.188
    361.49   999.99    2.194
    361.80   999.99    2.201
    362.10   999.99    2.207
    362.41   999.99    2.214
    362.71   999.99    2.222
    363.02   999.99    2.230
    363.32   999.99    2.235
    363.63   999.99    2.241
    363.93   999.99    2.248
    364.24   999.99    2.255
    364.54   999.99    2.262
    364.85   999.99    2.270
    365.15   999.99    2.276
    365.46   999.99    2.283
    365.76   999.99    2.289
    366.07   999.99    2.294
    366.37   999.99    2.302
    366.68   999.99    2.308
    366.98   999.99    2.313
    367.28   999.99    2.320
    367.59   999.99    2.326
    367.89   999.99    2.334
    368.20   999.99    2.340
    368.50   999.99    2.346
    368.81   999.99    2.353
    369.11   999.99    2.359
    369.42   999.99    2.364
    369.72   999.99    2.370
    370.03   999.99    2.376
    370.33   999.99    2.382
    370.64   999.99    2.389
    370.94   999.99    2.395
    371.25   999.99    2.402
    371.55   999.99    2.409
    371.86   999.99    2.416
    372.16   999.99    2.422
    372.47   999.99    2.428
    372.77   999.99    2.432
    373.08   999.99    2.440
    373.38   999.99    2.447
    373.69   999.99    2.453
    373.99   999.99    2.460
    374.30   999.99    2.466
    374.60   999.99    2.475
    374.90   999.99    2.484
    375.21   999.99    2.490
    375.51   999.99    2.499
    375.82   999.99    2.505
    376.12   999.99    2.511
    376.43   999.99    2.517
    376.73   999.99    2.521
    377.04   999.99    2.528
    377.34   999.99    2.533
    377.65   999.99    2.538
    377.95   999.99    2.543
    378.26   999.99    2.549
    378.56   999.99    2.553
    378.87   999.99    2.558
    379.17   999.99    2.564
    379.48   999.99    2.569
    379.78   999.99    2.577
    380.09   999.99    2.584
    380.39   999.99    2.591
    380.70   999.99    2.597
    381.00   999.99    2.602
    381.31   999.99    2.611
    381.61   999.99    2.618
    381.92   999.99    2.624
    382.22   999.99    2.632
    382.52   999.99    2.640
    382.83   999.99    2.650
    383.13   999.99    2.657
    383.44   999.99    2.662
    383.74   999.99    2.668
    384.05   999.99    2.673
    384.35   999.99    2.678
    384.66   999.99    2.683
    384.96   999.99    2.689
    385.27   999.99    2.694
    385.57   999.99    2.701
    385.88   999.99    2.707
    386.18   999.99    2.714
    386.49   999.99    2.719
    386.79   999.99    2.725
    387.10   999.99    2.733
    387.40   999.99    2.738
    387.71   999.99    2.745
    388.01   999.99    2.750
    388.32   999.99    2.758
    388.62   999.99    2.762
    388.93   999.99    2.769
    389.23   999.99    2.776
    389.54   999.99    2.781
    389.84   999.99    2.787
    390.14   999.99    2.792
    390.45   999.99    2.798
    390.75   999.99    2.806
    391.06   999.99    2.813
    391.36   999.99    2.818
    391.67   999.99    2.825
    391.97   999.99    2.832
    392.28   999.99    2.840
    392.58   999.99    2.846
    392.89   999.99    2.853
    393.19   999.99    2.858
    393.50   999.99    2.865
    393.80   999.99    2.873
    394.11   999.99    2.881
    394.41   999.99    2.887
    394.72   999.99    2.893
    395.02   999.99    2.898
    395.33   999.99    2.904
    395.63   999.99    2.910
    395.94   999.99    2.916
    396.24   999.99    2.921
    396.55   999.99    2.959
    396.85   999.99    2.960
    397.16   999.99    2.962
    397.46   999.99    2.965
    397.76   999.99    2.969
    398.07   999.99    2.974
    398.37   999.99    2.981
    398.68   999.99    2.984
    398.98   999.99    2.990
    399.29   999.99    2.997
    399.59   999.99    3.002
    399.90   999.99    3.006
    400.20   999.99    3.012
    400.51   999.99    3.016
    400.81   999.99    3.021
    401.12   999.99    3.028
    401.42   999.99    3.033
    401.73   999.99    3.039
    402.03   999.99    3.045
    402.34   999.99    3.051
    402.64   999.99    3.057
    402.95   999.99    3.063
    403.25   999.99    3.070
    403.56   999.99    3.078
    403.86   999.99    3.085
    404.17   999.99    3.091
    404.47   999.99    3.099
    404.78   999.99    3.107
    405.08   999.99    3.113
    405.38   999.99    3.120
    405.69   999.99    3.126
    405.99   999.99    3.130
    406.30   999.99    3.137
    406.60   999.99    3.142
    406.91   999.99    3.149
    407.21   999.99    3.156
    407.52   999.99    3.162
    407.82   999.99    3.168
    408.13   999.99    3.174
    408.43   999.99    3.180
    408.74   999.99    3.186
    409.04   999.99    3.192
    409.35   999.99    3.196
    409.65   999.99    3.204
    409.96   999.99    3.209
    410.26   999.99    3.215
    410.57   999.99    3.221
    410.87   999.99    3.227
    411.18   999.99    3.233
    411.48   999.99    3.238
    411.79   999.99    3.243
    412.09   999.99    3.252
    412.40   999.99    3.259
    412.70   999.99    3.265
    413.00   999.99    3.270
    413.31   999.99    3.276
    413.61   999.99    3.282
    413.92   999.99    3.287
    414.22   999.99    3.294
    414.53   999.99    3.300
    414.83   999.99    3.307
    415.14   999.99    3.311
    415.44   999.99    3.315
    415.75   999.99    3.322
    416.05   999.99    3.328
    416.36   999.99    3.334
    416.66   999.99    3.341
    416.97   999.99    3.349
    417.27   999.99    3.354
    417.58   999.99    3.361
    417.88   999.99    3.367
    418.19   999.99    3.373
    418.49   999.99    3.381
    418.80   999.99    3.389
    419.10   999.99    3.396
    419.41   999.99    3.402
    419.71   999.99    3.408
    420.02   999.99    3.415
    420.32   999.99    3.423
    420.62   999.99    3.427
    420.93   999.99    3.432
    421.23   999.99    3.438
    421.54   999.99    3.445
    421.84   999.99    3.452
    422.15   999.99    3.458
    422.45   999.99    3.462
    422.76   999.99    3.467
    423.06   999.99    3.474
    423.37   999.99    3.480
    423.67   999.99    3.485
    423.98   999.99    3.491
    424.28   999.99    3.499
    424.59   999.99    3.507
    424.89   999.99    3.512
    425.20   999.99    3.517
    425.50   999.99    3.524
    425.81   999.99    3.532
    426.11   999.99    3.537
    426.42   999.99    3.542
    426.72   999.99    3.546
    427.03   999.99    3.553
    427.33   999.99    3.560
    427.64   999.99    3.566
    427.94   999.99    3.573
    428.24   999.99    3.580
    428.55   999.99    3.587
    428.85   999.99    3.592
    429.16   999.99    3.598
    429.46   999.99    3.604
    429.77   999.99    3.610
    430.07   999.99    3.616
    430.38   999.99    3.622
    430.68   999.99    3.629
    430.99   999.99    3.635
    431.29   999.99    3.643
    431.60   999.99    3.649
    431.90   999.99    3.655
    432.21   999.99    3.660
    432.51   999.99    3.666
    432.82   999.99    3.672
    433.12   999.99    3.678
    433.43   999.99    3.685
    433.73   999.99    3.692
    434.04   999.99    3.700
    434.34   999.99    3.706
    434.65   999.99    3.711
    434.95   999.99    3.716
    435.26   999.99    3.724
    435.56   999.99    3.730
    435.86   999.99    3.736
    436.17   999.99    3.740
    436.47   999.99    3.747
    436.78   999.99    3.754
    437.08   999.99    3.760
    437.39   999.99    3.767
    437.69   999.99    3.773
    438.00   999.99    3.780
    438.30   999.99    3.786
    438.61   999.99    3.791
    438.91   999.99    3.797
    439.22   999.99    3.804
    439.52   999.99    3.810
    439.83   999.99    3.818
    440.13   999.99    3.826
    440.44   999.99    3.831
    440.74   999.99    3.836
    441.05   999.99    3.841
    441.35   999.99    3.848
    441.66   999.99    3.853
    441.96   999.99    3.858
    442.27   999.99    3.863
    442.57   999.99    3.869
    442.88   999.99    3.875
    443.18   999.99    3.880
    443.48   999.99    3.886
    443.79   999.99    3.892
    444.09   999.99    3.899
    444.40   999.99    3.905
    444.70   999.99    3.911
    445.01   999.99    3.916
    445.31   999.99    3.923
    445.62   999.99    3.929
    445.92   999.99    3.936
    446.23   999.99    3.942
    446.53   999.99    3.949
    446.84   999.99    3.954
    447.14   999.99    3.960
    447.45   999.99    3.967
    447.75   999.99    3.974
    448.06   999.99    3.982
    448.36   999.99    3.987
    448.67   999.99    3.992
    448.97   999.99    3.998
    449.28   999.99    4.002
    449.58   999.99    4.009
    449.89   999.99    4.015
    450.19   999.99    4.022
    450.50   999.99    4.026
    450.80   999.99    4.032
    451.10   999.99    4.038
    451.41   999.99    4.044
    451.71   999.99    4.050
    452.02   999.99    4.057
    452.32   999.99    4.063
    452.63   999.99    4.068
    452.93   999.99    4.076
    453.24   999.99    4.082
    453.54   999.99    4.087
    453.85   999.99    4.092
    454.15   999.99    4.098
    454.46   999.99    4.104
    454.76   999.99    4.111
    455.07   999.99    4.118
    455.37   999.99    4.125
    455.68   999.99    4.131
    455.98   999.99    4.136
    456.29   999.99    4.141
    456.59   999.99    4.148
    456.90   999.99    4.154
    457.20   999.99    4.160
    457.51   999.99    4.204
    457.81   999.99    4.205
    458.12   999.99    4.205
    458.42   999.99    4.208
    458.72   999.99    4.210
    459.03   999.99    4.213
    459.33   999.99    4.218
    459.64   999.99    4.221
    459.94   999.99    4.226
    460.25   999.99    4.230
    460.55   999.99    4.235
    460.86   999.99    4.239
    461.16   999.99    4.245
    461.47   999.99    4.249
    461.77   999.99    4.254
    462.08   999.99    4.261
    462.38   999.99    4.267
    462.69   999.99    4.274
    462.99   999.99    4.281
    463.30   999.99    4.285
    463.60   999.99    4.289
    463.91   999.99    4.294
    464.21   999.99    4.303
    464.52   999.99    4.309
    464.82   999.99    4.314
    465.13   999.99    4.320
    465.43   999.99    4.326
    465.74   999.99    4.333
    466.04   999.99    4.340
    466.34   999.99    4.345
    466.65   999.99    4.352
    466.95   999.99    4.360
    467.26   999.99    4.365
    467.56   999.99    4.371
    467.87   999.99    4.378
    468.17   999.99    4.383
    468.48   999.99    4.389
    468.78   999.99    4.394
    469.09   999.99    4.401
    469.39   999.99    4.408
    469.70   999.99    4.415
    470.00   999.99    4.421
    470.31   999.99    4.427
    470.61   999.99    4.434
    470.92   999.99    4.441
    471.22   999.99    4.445
    471.53   999.99    4.452
    471.83   999.99    4.455
    472.14   999.99    4.461
    472.44   999.99    4.466
    472.75   999.99    4.473
    473.05   999.99    4.479
    473.36   999.99    4.487
    473.66   999.99    4.493
    473.96   999.99    4.498
    474.27   999.99    4.505
    474.57   999.99    4.511
    474.88   999.99    4.518
    475.18   999.99    4.524
    475.49   999.99    4.531
    475.79   999.99    4.537
    476.10   999.99    4.544
    476.40   999.99    4.552
    476.71   999.99    4.558
    477.01   999.99    4.566
    477.32   999.99    4.572
    477.62   999.99    4.577
    477.93   999.99    4.581
    478.23   999.99    4.588
    478.54   999.99    4.595
    478.84   999.99    4.600
    479.15   999.99    4.604
    479.45   999.99    4.610
    479.76   999.99    4.618
    480.06   999.99    4.622
    480.37   999.99    4.630
    480.67   999.99    4.635
    480.98   999.99    4.643
    481.28   999.99    4.651
    481.58   999.99    4.657
    481.89   999.99    4.664
    482.19   999.99    4.669
    482.50   999.99    4.677
    482.80   999.99    4.684
    483.11   999.99    4.690
    483.41   999.99    4.695
    483.72   999.99    4.700
    484.02   999.99    4.704
    484.33   999.99    4.709
    484.63   999.99    4.717
    484.94   999.99    4.724
    485.24   999.99    4.731
    485.55   999.99    4.740
    485.85   999.99    4.745
    486.16   999.99    4.753
    486.46   999.99    4.759
    486.77   999.99    4.766
    487.07   999.99    4.771
    487.38   999.99    4.777
    487.68   999.99    4.782
    487.99   999.99    4.788
    488.29   999.99    4.795
    488.60   999.99    4.802
    488.90   999.99    4.808
    489.20   999.99    4.815
    489.51   999.99    4.822
    489.81   999.99    4.829
    490.12   999.99    4.835
    490.42   999.99    4.840
    490.73   999.99    4.847
    491.03   999.99    4.852
    491.34   999.99    4.859
    491.64   999.99    4.866
    491.95   999.99    4.873
    492.25   999.99    4.879
    492.56   999.99    4.886
    492.86   999.99    4.891
    493.17   999.99    4.898
    493.47   999.99    4.905
    493.78   999.99    4.911
    494.08   999.99    4.917
    494.39   999.99    4.922
    494.69   999.99    4.929
    495.00   999.99    4.933
    495.30   999.99    4.939
    495.61   999.99    4.944
    495.91   999.99    4.950
    496.22   999.99    4.956
    496.52   999.99    4.962
    496.83   999.99    4.970
    497.13   999.99    4.977
    497.43   999.99    4.984
    497.74   999.99    4.992
    498.04   999.99    4.999
    498.35   999.99    5.005
    498.65   999.99    5.011
    498.96   999.99    5.018
    499.26   999.99    5.026
    499.57   999.99    5.035
    499.87   999.99    5.040
    500.18   999.99    5.047
    500.48   999.99    5.054
    500.79   999.99    5.060
    501.09   999.99    5.067
    501.40   999.99    5.071
    501.70   999.99    5.077
    502.01   999.99    5.084
    502.31   999.99    5.089
    502.62   999.99    5.095
    502.92   999.99    5.101
    503.23   999.99    5.107
    503.53   999.99    5.115
    503.84   999.99    5.121
    504.14   999.99    5.127
    504.45   999.99    5.135
    504.75   999.99    5.139
    505.05   999.99    5.143
    505.36   999.99    5.151
    505.66   999.99    5.160
    505.97   999.99    5.166
    506.27   999.99    5.172
    506.58   999.99    5.178
    506.88   999.99    5.186
    507.19   999.99    5.192
    507.49   999.99    5.198
    507.80   999.99    5.204
    508.10   999.99    5.209
    508.41   999.99    5.216
    508.71   999.99    5.222
    509.02   999.99    5.227
    509.32   999.99    5.233
    509.63   999.99    5.241
    509.93   999.99    5.246
    510.24   999.99    5.253
    510.54   999.99    5.260
    510.85   999.99    5.265
    511.15   999.99    5.271
    511.46   999.99    5.279
    511.76   999.99    5.287
    512.07   999.99    5.294
    512.37   999.99    5.299
    512.67   999.99    5.305
    512.98   999.99    5.310
    513.28   999.99    5.315
    513.59   999.99    5.320
    513.89   999.99    5.326
    514.20   999.99    5.336
    514.50   999.99    5.343
    514.81   999.99    5.347
    515.11   999.99    5.353
    515.42   999.99    5.359
    515.72   999.99    5.365
    516.03   999.99    5.371
    516.33   999.99    5.374
    516.64   999.99    5.379
    516.94   999.99    5.384
    517.25   999.99    5.388
    517.55   999.99    5.392
    517.86   999.99    5.396
    518.16   999.99    5.400
    518.47   999.99    5.435
    518.77   999.99    5.434
    519.08   999.99    5.433
    519.38   999.99    5.433
    519.69   999.99    5.436
    519.99   999.99    5.439
    520.29   999.99    5.442
    520.60   999.99    5.447
    520.90   999.99    5.450
    521.21   999.99    5.453
    521.51   999.99    5.456
    521.82   999.99    5.457
    522.12   999.99    5.458
    522.43   999.99    5.460
    522.73   999.99    5.509
    523.04   999.99    5.535
    523.34   999.99    5.568
    523.65   999.99    5.573
    523.95   999.99    5.570
    524.26   999.99    5.568
    524.56   999.99    5.567
