 << U.S. Geological Survey Borehole Temperature Log - Alaska >>
  
 Site:             NING
 Log Date:         82AUG31 
 Type of Log:      incremental 
 Type of Sensor:   thermistor network (custom)
 Measuring Device: digital multimeter
 Deconvolved:      N/A
  
  Z   = measured depth (m)
  TVD = true vertical depth (m)
  T   = temperature (C)
  
        Z      TVD       T
      3.05   999.99    -.382
      4.57   999.99    -.741
      6.10   999.99   -3.128
      7.62   999.99   -5.005
      9.14   999.99   -5.883
     10.67   999.99   -6.509
     12.19   999.99   -6.735
     13.72   999.99   -6.824
     15.24   999.99   -6.828
     16.76   999.99   -6.812
     18.29   999.99   -6.776
     19.81   999.99   -6.766
     21.34   999.99   -6.763
     22.86   999.99   -6.763
     24.38   999.99   -6.781
     25.91   999.99   -6.805
     27.43   999.99   -6.840
     28.96   999.99   -6.870
     30.48   999.99   -6.880
     32.00   999.99   -6.883
     33.53   999.99   -6.882
     35.05   999.99   -6.876
     36.58   999.99   -6.871
     38.10   999.99   -6.864
     39.62   999.99   -6.844
     41.15   999.99   -6.826
     42.67   999.99   -6.796
     44.20   999.99   -6.761
     45.72   999.99   -6.706
     47.24   999.99   -6.664
     48.77   999.99   -6.618
     50.29   999.99   -6.437
     51.82   999.99   -6.547
     53.34   999.99   -6.519
     54.86   999.99   -6.496
     56.39   999.99   -6.468
     57.91   999.99   -6.442
     59.44   999.99   -6.408
     60.96   999.99   -6.381
     62.48   999.99   -6.351
     64.01   999.99   -6.309
     67.06   999.99   -6.234
     68.58   999.99   -6.187
     70.10   999.99   -6.137
     71.63   999.99   -6.094
     73.15   999.99   -6.046
     74.68   999.99   -6.010
     76.20   999.99   -5.977
     77.72   999.99   -5.937
     79.25   999.99   -5.899
     80.77   999.99   -5.852
     82.30   999.99   -5.815
     83.82   999.99   -5.775
     85.34   999.99   -5.737
     86.87   999.99   -5.700
     88.39   999.99   -5.647
     89.92   999.99   -5.594
     91.44   999.99   -5.550
     92.96   999.99   -5.494
     94.49   999.99   -5.446
     96.01   999.99   -5.401
     97.54   999.99   -5.350
     99.06   999.99   -5.301
    100.58   999.99   -5.256
    102.11   999.99   -5.213
    103.63   999.99   -5.171
    105.16   999.99   -5.124
    106.68   999.99   -5.076
    108.20   999.99   -5.028
    109.73   999.99   -4.975
    111.25   999.99   -4.930
    112.78   999.99   -4.881
    114.30   999.99   -4.826
    115.82   999.99   -4.775
    117.35   999.99   -4.719
    118.87   999.99   -4.658
    120.40   999.99   -4.599
    121.92   999.99   -4.543
    123.44   999.99   -4.485
    124.97   999.99   -4.435
    126.49   999.99   -4.378
    128.02   999.99   -4.322
    131.06   999.99   -4.188
    135.64   999.99   -3.989
    137.16   999.99   -3.913
    138.68   999.99   -3.845
    140.21   999.99   -3.770
    141.73   999.99   -3.696
    144.78   999.99   -3.451
    146.30   999.99   -3.382
    147.83   999.99   -3.319
    149.35   999.99   -3.247
    150.88   999.99   -3.190
    152.40   999.99   -3.134
    153.92   999.99   -3.070
    155.45   999.99   -2.998
    156.97   999.99   -2.927
    158.50   999.99   -2.839
    160.02   999.99   -2.762
    161.54   999.99   -2.689
    163.07   999.99   -2.612
    164.59   999.99   -2.561
    166.12   999.99   -2.520
    167.64   999.99   -2.480
    169.16   999.99   -2.442
    170.69   999.99   -2.399
    172.21   999.99   -2.353
    173.74   999.99   -2.303
    175.26   999.99   -2.261
    176.78   999.99   -2.209
    178.31   999.99   -2.169
    179.83   999.99   -2.117
    181.36   999.99   -2.068
    182.88   999.99   -2.019
    184.40   999.99   -1.961
    185.93   999.99   -1.900
    187.45   999.99   -1.844
    188.98   999.99   -1.781
    190.50   999.99   -1.722
    192.02   999.99   -1.655
    193.55   999.99   -1.591
    195.07   999.99   -1.533
    196.60   999.99   -1.473
    198.12   999.99   -1.419
    199.64   999.99   -1.370
    201.17   999.99   -1.354
    202.69   999.99   -1.291
    204.22   999.99   -1.251
    205.74   999.99   -1.206
    207.26   999.99   -1.155
    208.79   999.99   -1.110
    210.31   999.99   -1.058
    211.84   999.99   -1.001
    213.36   999.99    -.947
    214.88   999.99    -.878
    216.41   999.99    -.810
    217.93   999.99    -.755
    219.46   999.99    -.686
    220.98   999.99    -.608
    222.50   999.99    -.527
    224.03   999.99    -.450
    225.55   999.99    -.376
    227.08   999.99    -.326
    228.60   999.99    -.284
    230.12   999.99    -.263
    231.65   999.99    -.239
    233.17   999.99    -.211
    234.70   999.99    -.178
    236.22   999.99    -.139
    237.74   999.99    -.089
    239.27   999.99    -.033
    240.79   999.99     .022
    242.32   999.99     .093
    243.84   999.99     .169
    245.36   999.99     .235
    246.89   999.99     .284
    248.41   999.99     .329
    249.94   999.99     .383
    251.46   999.99     .436
    252.98   999.99     .483
    254.51   999.99     .534
    256.03   999.99     .576
    257.56   999.99     .608
    259.08   999.99     .642
    262.13   999.99     .716
    265.18   999.99     .804
    268.22   999.99     .924
    271.27   999.99    1.043
    274.32   999.99    1.181
    277.37   999.99    1.329
    280.42   999.99    1.514
    283.46   999.99    1.651
    286.51   999.99    1.774
    289.56   999.99    1.898
    292.61   999.99    2.017
    295.66   999.99    2.143
    298.70   999.99    2.267
    301.75   999.99    2.394
    304.80   999.99    2.523
    307.85   999.99    2.655
    310.90   999.99    2.769
    313.94   999.99    2.875
    316.99   999.99    2.974
    320.04   999.99    3.068
    323.09   999.99    3.169
    326.14   999.99    3.268
    329.18   999.99    3.376
    332.23   999.99    3.476
    335.28   999.99    3.573
    338.33   999.99    3.683
    341.38   999.99    3.804
    344.42   999.99    3.913
    347.47   999.99    4.024
    350.52   999.99    4.136
    353.57   999.99    4.251
    356.62   999.99    4.365
    359.66   999.99    4.484
    362.71   999.99    4.599
    365.76   999.99    4.719
    368.81   999.99    4.841
    371.86   999.99    4.979
    374.90   999.99    5.068
    377.95   999.99    5.195
    381.00   999.99    5.307
    384.05   999.99    5.425
    387.10   999.99    5.531
    390.14   999.99    5.643
    393.19   999.99    5.764
    396.24   999.99    5.878
    399.29   999.99    5.996
    402.34   999.99    6.113
    405.38   999.99    6.228
    408.43   999.99    6.334
    411.48   999.99    6.447
    414.53   999.99    6.561
    417.58   999.99    6.669
    420.62   999.99    6.790
    423.67   999.99    6.901
    426.72   999.99    7.016
    429.77   999.99    7.128
    432.82   999.99    7.242
    435.86   999.99    7.363
    438.91   999.99    7.475
    441.96   999.99    7.589
    445.01   999.99    7.705
    448.06   999.99    7.829
    451.10   999.99    7.966
    454.15   999.99    8.085
    457.20   999.99    8.229
    460.25   999.99    8.373
    463.30   999.99    8.521
    466.34   999.99    8.685
    469.39   999.99    8.841
    475.49   999.99    9.124
    478.54   999.99    9.263
    481.58   999.99    9.401
    484.63   999.99    9.534
    487.68   999.99    9.639
    490.73   999.99    9.742
    493.78   999.99    9.840
    496.83   999.99    9.946
    499.87   999.99   10.032
    502.92   999.99   10.123
    505.97   999.99   10.220
    509.02   999.99   10.334
    512.07   999.99   10.452
    515.11   999.99   10.559
    518.16   999.99   10.683
    521.21   999.99   10.779
    524.26   999.99   10.870
    527.31   999.99   10.994
    530.35   999.99   11.107
    533.40   999.99   11.216
    536.45   999.99   11.352
    539.50   999.99   11.476
    542.55   999.99   11.599
    545.59   999.99   11.710
    548.64   999.99   11.845
    551.69   999.99   11.966
    554.74   999.99   12.078
    557.79   999.99   12.175
    560.83   999.99   12.272
    563.88   999.99   12.381
    566.93   999.99   12.489
    569.98   999.99   12.610
    573.03   999.99   12.691
    576.07   999.99   12.797
    579.12   999.99   12.880
    582.17   999.99   12.953
    585.22   999.99   13.023
    588.27   999.99   13.078
    591.31   999.99   13.139
    594.36   999.99   13.312
    597.41   999.99   13.474
    600.46   999.99   13.596
    603.51   999.99   13.719
    606.55   999.99   13.864
    609.60   999.99   13.975
    612.65   999.99   14.082
    615.39   999.99   14.141
