 << U.S. Geological Survey Borehole Temperature Log - Alaska >>
  
 Site:             TLK 
 Log Date:         84JUL31b
 Type of Log:      incremental  
 Type of Sensor:   thermistor network (custom)
 Measuring Device: digital multimeter
 Deconvolved:      N/A
  
  Z   = measured depth (m)
  TVD = true vertical depth (m)
  T   = temperature (C)
  
        Z      TVD       T
     15.24   999.99   -7.623
     16.76   999.99   -7.908
     18.29   999.99   -7.956
     19.81   999.99   -7.959
     21.34   999.99   -7.931
     22.86   999.99   -7.894
     24.38   999.99   -7.804
     25.91   999.99   -7.723
     27.43   999.99   -7.650
     28.96   999.99   -7.589
     30.48   999.99   -7.533
     32.00   999.99   -7.470
     33.53   999.99   -7.439
     35.05   999.99   -7.411
     36.58   999.99   -7.384
     38.10   999.99   -7.355
     39.62   999.99   -7.332
     41.15   999.99   -7.318
     42.67   999.99   -7.305
     44.20   999.99   -7.293
     45.72   999.99   -7.279
     47.24   999.99   -7.264
     48.77   999.99   -7.254
     50.29   999.99   -7.241
     51.82   999.99   -7.225
     53.34   999.99   -7.203
     54.86   999.99   -7.183
     56.39   999.99   -7.170
     57.91   999.99   -7.151
     59.44   999.99   -7.140
     60.96   999.99   -7.132
     62.48   999.99   -7.121
     64.01   999.99   -7.118
     65.53   999.99   -7.114
     67.06   999.99   -7.109
     68.58   999.99   -7.096
     70.10   999.99   -7.077
     71.63   999.99   -7.059
     73.15   999.99   -7.022
     74.68   999.99   -6.987
     76.20   999.99   -6.951
     77.72   999.99   -6.891
     79.25   999.99   -6.839
     80.77   999.99   -6.776
     82.30   999.99   -6.714
     83.82   999.99   -6.648
     85.34   999.99   -6.565
     86.87   999.99   -6.493
     88.39   999.99   -6.428
     89.92   999.99   -6.371
     91.44   999.99   -6.328
     92.96   999.99   -6.280
     94.49   999.99   -6.252
     96.01   999.99   -6.215
     97.54   999.99   -6.182
     99.06   999.99   -6.138
    100.58   999.99   -6.092
    102.11   999.99   -6.054
    103.63   999.99   -6.004
    105.16   999.99   -5.961
    106.68   999.99   -5.905
    108.20   999.99   -5.852
    109.73   999.99   -5.791
    111.25   999.99   -5.732
    112.78   999.99   -5.666
    114.30   999.99   -5.598
    115.82   999.99   -5.534
    117.35   999.99   -5.479
    118.87   999.99   -5.434
    120.40   999.99   -5.388
    121.92   999.99   -5.326
    123.44   999.99   -5.250
    124.97   999.99   -5.188
    126.49   999.99   -5.097
    128.02   999.99   -5.036
    129.54   999.99   -4.955
    131.06   999.99   -4.893
    132.59   999.99   -4.839
    134.11   999.99   -4.779
    135.64   999.99   -4.717
    137.16   999.99   -4.671
    138.68   999.99   -4.608
    140.21   999.99   -4.562
    141.73   999.99   -4.524
    143.26   999.99   -4.492
    144.78   999.99   -4.452
    146.30   999.99   -4.419
    147.83   999.99   -4.390
    149.35   999.99   -4.363
    150.88   999.99   -4.332
    152.40   999.99   -4.306
    153.92   999.99   -4.274
    155.45   999.99   -4.244
    156.97   999.99   -4.206
    158.50   999.99   -4.167
    160.02   999.99   -4.105
    161.54   999.99   -4.062
    163.07   999.99   -4.013
    164.59   999.99   -3.965
    166.12   999.99   -3.919
    167.64   999.99   -3.873
    169.16   999.99   -3.830
    170.69   999.99   -3.786
    172.21   999.99   -3.756
    173.74   999.99   -3.717
    175.26   999.99   -3.681
    176.78   999.99   -3.647
    178.31   999.99   -3.615
    179.83   999.99   -3.580
    181.36   999.99   -3.534
    182.88   999.99   -3.496
    184.40   999.99   -3.427
    185.93   999.99   -3.383
    187.45   999.99   -3.322
    188.98   999.99   -3.251
    190.50   999.99   -3.186
    192.02   999.99   -3.124
    193.55   999.99   -3.054
    195.07   999.99   -2.995
    196.60   999.99   -2.914
    198.12   999.99   -2.847
    199.64   999.99   -2.769
    201.17   999.99   -2.669
    202.69   999.99   -2.574
    204.22   999.99   -2.458
    205.74   999.99   -2.358
    207.26   999.99   -2.258
    208.79   999.99   -2.182
    210.31   999.99   -2.099
    211.84   999.99   -2.034
    213.36   999.99   -1.988
    214.88   999.99   -1.876
    216.41   999.99   -1.854
    217.93   999.99   -1.812
    219.46   999.99   -1.771
    220.98   999.99   -1.734
    222.50   999.99   -1.701
    224.03   999.99   -1.668
    225.55   999.99   -1.644
    227.08   999.99   -1.622
    228.60   999.99   -1.603
    230.12   999.99   -1.585
    231.65   999.99   -1.564
    233.17   999.99   -1.541
    234.70   999.99   -1.515
    236.22   999.99   -1.486
    237.74   999.99   -1.446
    239.27   999.99   -1.405
    240.79   999.99   -1.351
    242.32   999.99   -1.288
    243.84   999.99   -1.234
    245.36   999.99   -1.150
    246.89   999.99   -1.114
    248.41   999.99   -1.069
    249.94   999.99   -1.024
    251.46   999.99    -.960
    252.98   999.99    -.898
    254.51   999.99    -.842
    256.03   999.99    -.802
    257.56   999.99    -.752
    259.08   999.99    -.702
    260.60   999.99    -.650
    262.13   999.99    -.598
    263.65   999.99    -.546
    265.18   999.99    -.493
    266.70   999.99    -.448
    268.22   999.99    -.389
    269.75   999.99    -.326
    271.27   999.99    -.274
    272.80   999.99    -.226
    274.32   999.99    -.177
    275.84   999.99     .069
    277.37   999.99     .158
    278.89   999.99     .247
    280.42   999.99     .361
    281.94   999.99     .467
    283.46   999.99     .540
    284.99   999.99     .643
    286.51   999.99     .728
    288.04   999.99     .791
    289.56   999.99     .876
    291.08   999.99     .949
    292.61   999.99    1.013
    294.13   999.99    1.084
    295.66   999.99    1.132
    297.18   999.99    1.202
    298.70   999.99    1.261
    300.23   999.99    1.331
    301.75   999.99    1.391
    303.28   999.99    1.448
    304.80   999.99    1.507
    306.32   999.99    1.567
    307.85   999.99    1.611
    309.37   999.99    1.664
    310.90   999.99    1.707
    312.42   999.99    1.765
    313.94   999.99    1.818
    315.47   999.99    1.852
    316.99   999.99    1.896
    318.52   999.99    1.957
    320.04   999.99    2.002
    321.56   999.99    2.072
    323.09   999.99    2.116
    324.61   999.99    2.177
    326.14   999.99    2.248
    327.66   999.99    2.313
    329.18   999.99    2.363
    330.71   999.99    2.422
    332.23   999.99    2.472
    333.76   999.99    2.530
    335.28   999.99    2.585
    336.80   999.99    2.653
    338.33   999.99    2.706
    339.85   999.99    2.765
    341.38   999.99    2.825
    342.90   999.99    2.890
    344.42   999.99    2.970
    345.95   999.99    3.061
    347.47   999.99    3.135
    349.00   999.99    3.197
    350.52   999.99    3.243
    352.04   999.99    3.292
    353.57   999.99    3.328
    355.09   999.99    3.370
    356.62   999.99    3.413
    358.14   999.99    3.454
    359.66   999.99    3.490
    361.19   999.99    3.543
    362.71   999.99    3.591
    364.24   999.99    3.638
    365.76   999.99    3.686
    367.28   999.99    3.762
    368.81   999.99    3.801
    370.33   999.99    3.853
    371.86   999.99    3.913
    373.38   999.99    3.953
    374.90   999.99    4.005
    376.43   999.99    4.059
    377.95   999.99    4.106
    379.48   999.99    4.155
    381.00   999.99    4.205
    382.52   999.99    4.257
    384.05   999.99    4.312
    385.57   999.99    4.368
    387.10   999.99    4.416
    388.62   999.99    4.469
    390.14   999.99    4.527
    391.67   999.99    4.568
    393.19   999.99    4.609
    394.72   999.99    4.668
    396.24   999.99    4.710
    397.76   999.99    4.773
    399.29   999.99    4.801
    400.81   999.99    4.853
    402.34   999.99    4.896
    403.86   999.99    4.954
    405.38   999.99    4.999
    406.91   999.99    5.046
    408.43   999.99    5.087
    409.96   999.99    5.156
    411.48   999.99    5.209
    413.00   999.99    5.269
    414.53   999.99    5.326
    416.05   999.99    5.386
    417.58   999.99    5.438
    419.10   999.99    5.508
    420.62   999.99    5.570
    422.15   999.99    5.632
    423.67   999.99    5.719
    425.20   999.99    5.814
    426.72   999.99    5.879
    428.24   999.99    5.952
    429.77   999.99    6.007
    431.29   999.99    6.061
    432.82   999.99    6.113
    434.34   999.99    6.176
    435.86   999.99    6.229
    437.39   999.99    6.265
    438.91   999.99    6.592
    440.44   999.99    6.703
    441.96   999.99    6.726
    443.48   999.99    6.761
    445.01   999.99    6.783
    446.53   999.99    6.839
    448.06   999.99    6.867
    449.58   999.99    6.905
    451.10   999.99    6.950
    452.63   999.99    6.998
    454.15   999.99    7.055
    455.68   999.99    7.100
    457.20   999.99    7.148
    460.25   999.99    7.267
    463.30   999.99    7.342
    466.34   999.99    7.455
    469.39   999.99    7.542
    472.44   999.99    7.661
    475.49   999.99    7.764
    478.54   999.99    7.874
    481.58   999.99    7.985
    484.63   999.99    8.079
    487.68   999.99    8.212
    490.73   999.99    8.317
    493.78   999.99    8.402
    496.83   999.99    8.491
    499.87   999.99    8.582
    502.92   999.99    8.658
    505.97   999.99    8.724
    509.02   999.99    8.809
    512.07   999.99    8.887
    515.11   999.99    9.003
    518.16   999.99    9.127
    521.21   999.99    9.224
    524.26   999.99    9.360
    527.31   999.99    9.478
    530.35   999.99    9.593
    533.40   999.99    9.683
    536.45   999.99    9.989
    539.50   999.99   10.032
    542.55   999.99   10.169
    545.59   999.99   10.240
