 << U.S. Geological Survey Borehole Temperature Log - Alaska >>
  
 Site:             TUL 
 Log Date:         84AUG03b
 Type of Log:      incremental  
 Type of Sensor:   thermistor network (custom)
 Measuring Device: digital multimeter
 Deconvolved:      N/A
  
  Z   = measured depth (m)
  TVD = true vertical depth (m)
  T   = temperature (C)
  
        Z      TVD       T
     54.86   999.99   -9.312
     56.39   999.99   -9.288
     57.91   999.99   -9.263
     59.44   999.99   -9.221
     60.96   999.99   -9.197
     62.48   999.99   -9.148
     64.01   999.99   -9.117
     65.53   999.99   -9.073
     67.06   999.99   -9.035
     68.58   999.99   -8.996
     70.10   999.99   -8.959
     71.63   999.99   -8.923
     73.15   999.99   -8.889
     74.68   999.99   -8.839
     76.20   999.99   -8.795
     77.72   999.99   -8.751
     79.25   999.99   -8.702
     80.77   999.99   -8.654
     82.30   999.99   -8.613
     83.82   999.99   -8.568
     85.34   999.99   -8.518
     86.87   999.99   -8.468
     88.39   999.99   -8.425
     89.92   999.99   -8.380
     91.44   999.99   -8.332
     92.96   999.99   -8.274
     94.49   999.99   -8.233
     96.01   999.99   -8.183
     97.54   999.99   -8.134
     99.06   999.99   -8.078
    100.58   999.99   -8.032
    102.11   999.99   -7.979
    103.63   999.99   -7.920
    105.16   999.99   -7.867
    106.68   999.99   -7.807
    108.20   999.99   -7.750
    109.73   999.99   -7.687
    111.25   999.99   -7.612
    112.78   999.99   -7.564
    114.30   999.99   -7.500
    115.82   999.99   -7.438
    117.35   999.99   -7.372
    118.87   999.99   -7.311
    120.40   999.99   -7.247
    121.92   999.99   -7.187
    124.97   999.99   -7.062
    126.49   999.99   -6.998
    128.02   999.99   -6.939
    129.54   999.99   -6.873
    131.06   999.99   -6.810
    132.59   999.99   -6.739
    134.11   999.99   -6.664
    135.64   999.99   -6.595
    137.16   999.99   -6.527
    138.68   999.99   -6.448
    140.21   999.99   -6.383
    141.73   999.99   -6.304
    143.26   999.99   -6.218
    144.78   999.99   -6.154
    146.30   999.99   -6.092
    147.83   999.99   -6.009
    149.35   999.99   -5.944
    150.88   999.99   -5.879
    152.40   999.99   -5.767
    153.92   999.99   -5.725
    155.45   999.99   -5.661
    156.97   999.99   -5.598
    158.50   999.99   -5.464
    160.02   999.99   -5.398
    161.54   999.99   -5.335
    163.07   999.99   -5.262
    164.59   999.99   -5.174
    166.12   999.99   -5.105
    167.64   999.99   -5.037
    169.16   999.99   -4.980
    170.69   999.99   -4.904
    172.21   999.99   -4.836
    173.74   999.99   -4.770
    175.26   999.99   -4.703
    176.78   999.99   -4.638
    178.31   999.99   -4.579
    179.83   999.99   -4.516
    181.36   999.99   -4.448
    182.88   999.99   -4.376
    184.40   999.99   -4.267
    185.93   999.99   -4.216
    187.45   999.99   -4.155
    188.98   999.99   -4.091
    190.50   999.99   -4.025
    192.02   999.99   -3.949
    193.55   999.99   -3.888
    195.07   999.99   -3.814
    196.60   999.99   -3.744
    198.12   999.99   -3.689
    199.64   999.99   -3.623
    201.17   999.99   -3.562
    202.69   999.99   -3.268
    204.22   999.99   -3.214
    205.74   999.99   -3.119
    207.26   999.99   -3.054
    208.79   999.99   -3.013
    210.31   999.99   -2.862
    211.84   999.99   -2.815
    213.36   999.99   -2.796
    214.88   999.99   -2.813
    216.41   999.99   -2.739
    217.93   999.99   -2.717
    219.46   999.99   -2.649
    220.98   999.99   -2.605
    222.50   999.99   -2.544
    224.03   999.99   -2.490
    225.55   999.99   -2.398
    227.08   999.99   -2.380
    228.60   999.99   -2.263
    231.65   999.99   -2.230
    233.17   999.99   -2.179
    234.70   999.99   -2.119
    236.22   999.99   -2.066
    237.74   999.99   -2.018
    239.27   999.99   -1.960
    240.79   999.99   -1.910
    242.32   999.99   -1.861
    243.84   999.99   -1.807
    245.36   999.99   -1.722
    246.89   999.99   -1.688
    248.41   999.99   -1.645
    249.94   999.99   -1.598
    251.46   999.99   -1.536
    252.98   999.99   -1.465
    254.51   999.99   -1.437
    256.03   999.99   -1.381
    257.56   999.99   -1.311
    259.08   999.99   -1.256
    260.60   999.99   -1.188
    262.13   999.99   -1.125
    263.65   999.99   -1.060
    265.18   999.99   -1.005
    266.70   999.99    -.956
    268.22   999.99    -.911
    269.75   999.99    -.850
    271.27   999.99    -.809
    272.80   999.99    -.756
    274.32   999.99    -.701
    275.84   999.99    -.611
    277.37   999.99    -.572
    278.89   999.99    -.523
    280.42   999.99    -.474
    281.94   999.99    -.428
    283.46   999.99    -.367
    284.99   999.99    -.304
    286.51   999.99    -.254
    288.04   999.99    -.194
    289.56   999.99    -.145
    291.08   999.99    -.091
    292.61   999.99    -.037
    294.13   999.99     .013
    295.66   999.99     .065
    297.18   999.99     .123
    298.70   999.99     .174
    300.23   999.99     .223
    301.75   999.99     .266
    303.28   999.99     .338
    304.80   999.99     .407
    306.32   999.99     .537
    307.85   999.99     .582
    309.37   999.99     .647
    310.90   999.99     .705
    312.42   999.99     .766
    313.94   999.99     .825
    315.47   999.99     .892
    316.99   999.99     .954
    318.52   999.99    1.024
    320.04   999.99    1.091
    321.56   999.99    1.149
    323.09   999.99    1.214
    324.61   999.99    1.278
    326.14   999.99    1.330
    327.66   999.99    1.391
    329.18   999.99    1.458
    330.71   999.99    1.523
    332.23   999.99    1.601
    333.76   999.99    1.639
    335.28   999.99    1.721
    336.80   999.99    1.787
    338.33   999.99    1.846
    339.85   999.99    1.905
    341.38   999.99    1.967
    342.90   999.99    2.039
    344.42   999.99    2.105
    345.95   999.99    2.152
    347.47   999.99    2.217
    349.00   999.99    2.288
    350.52   999.99    2.338
    352.04   999.99    2.404
    353.57   999.99    2.472
    355.09   999.99    2.542
    356.62   999.99    2.588
    358.14   999.99    2.666
    359.66   999.99    2.740
    361.19   999.99    2.807
    362.71   999.99    2.873
    364.24   999.99    2.933
    365.76   999.99    3.000
    367.28   999.99    3.076
    368.81   999.99    3.242
    370.33   999.99    3.275
    371.86   999.99    3.338
    373.38   999.99    3.379
    374.90   999.99    3.454
    376.43   999.99    3.506
    377.95   999.99    3.600
    379.48   999.99    3.642
    381.00   999.99    3.699
    382.52   999.99    3.740
    384.05   999.99    3.801
    385.57   999.99    3.889
    387.10   999.99    3.948
    388.62   999.99    4.066
    390.14   999.99    4.081
    391.67   999.99    4.166
    393.19   999.99    4.225
    394.72   999.99    4.291
    396.24   999.99    4.334
    397.76   999.99    4.359
    399.29   999.99    4.374
    402.34   999.99    4.602
    403.86   999.99    4.696
    405.38   999.99    4.751
    406.91   999.99    4.805
    408.43   999.99    4.869
    409.96   999.99    4.913
    411.48   999.99    4.960
    413.00   999.99    5.044
    414.53   999.99    5.117
    416.05   999.99    5.161
    417.58   999.99    5.223
    419.10   999.99    5.286
    420.62   999.99    5.326
    422.15   999.99    5.392
    423.67   999.99    5.456
    425.20   999.99    5.512
    426.72   999.99    5.557
    428.24   999.99    5.628
    429.77   999.99    5.680
    431.29   999.99    5.734
    432.82   999.99    5.804
    434.34   999.99    5.866
    435.86   999.99    5.921
    437.39   999.99    5.979
    438.91   999.99    6.040
    440.44   999.99    6.089
    441.96   999.99    6.115
    443.48   999.99    6.390
    445.01   999.99    6.431
    446.53   999.99    6.468
    448.06   999.99    6.505
    449.58   999.99    6.539
    451.10   999.99    6.611
    452.63   999.99    6.649
    454.15   999.99    6.697
    455.68   999.99    6.754
    457.20   999.99    6.839
    460.25   999.99    6.952
    463.30   999.99    7.093
    466.34   999.99    7.227
    469.39   999.99    7.352
    472.44   999.99    7.492
    475.49   999.99    7.616
    478.54   999.99    7.736
    481.58   999.99    7.892
    484.63   999.99    8.003
    487.68   999.99    8.091
    490.73   999.99    8.212
    493.78   999.99    8.354
    496.83   999.99    8.494
    499.87   999.99    8.625
    502.92   999.99    8.775
    505.97   999.99    8.887
    509.02   999.99    9.018
    512.07   999.99    9.127
    515.11   999.99    9.253
    518.16   999.99    9.388
    521.21   999.99    9.501
    524.26   999.99    9.624
    527.31   999.99    9.743
    530.35   999.99    9.860
    533.40   999.99    9.977
    536.45   999.99   10.095
    539.50   999.99   10.230
    542.55   999.99   10.343
    545.59   999.99   10.449
    548.64   999.99   10.578
    551.69   999.99   10.720
    554.74   999.99   10.839
    556.26   999.99   10.914
    557.79   999.99   10.970
    559.31   999.99   11.040
    560.83   999.99   11.092
    562.36   999.99   11.139
    563.88   999.99   11.211
    565.41   999.99   11.254
    566.93   999.99   11.338
    568.45   999.99   11.407
    569.98   999.99   11.484
    571.50   999.99   11.544
    573.03   999.99   11.616
    574.55   999.99   11.674
    576.07   999.99   11.752
    577.60   999.99   11.795
    579.12   999.99   11.860
    580.65   999.99   11.919
    582.17   999.99   11.970
    583.69   999.99   12.042
    585.22   999.99   12.104
    586.74   999.99   12.157
    588.27   999.99   12.231
    589.79   999.99   12.315
    591.31   999.99   12.374
    592.84   999.99   12.439
    594.36   999.99   12.508
    595.89   999.99   12.559
    597.41   999.99   12.613
    598.93   999.99   12.666
    600.46   999.99   12.698
    601.98   999.99   12.732
    603.51   999.99   12.947
    605.03   999.99   13.060
    606.55   999.99   13.189
    608.08   999.99   13.385
    609.60   999.99   13.417
    611.13   999.99   13.451
    612.65   999.99   13.503
    614.17   999.99   13.541
    615.70   999.99   13.740
    617.22   999.99   13.865
    618.75   999.99   13.921
    620.27   999.99   13.973
    621.79   999.99   14.039
    623.32   999.99   14.102
    624.84   999.99   14.169
    626.37   999.99   14.229
    627.89   999.99   14.295
    629.41   999.99   14.363
    630.94   999.99   14.426
    632.46   999.99   14.502
    633.99   999.99   14.578
    635.51   999.99   14.635
    637.03   999.99   14.696
    638.56   999.99   14.767
    640.08   999.99   14.847
    641.61   999.99   14.947
    643.13   999.99   15.016
    644.65   999.99   15.074
    646.18   999.99   15.166
    647.70   999.99   15.217
    649.23   999.99   15.286
    650.75   999.99   15.354
    652.27   999.99   15.427
    653.80   999.99   15.519
    655.32   999.99   15.588
    656.85   999.99   15.667
    658.37   999.99   15.721
    659.89   999.99   15.794
    661.42   999.99   15.865
    662.94   999.99   15.920
    664.47   999.99   15.983
    665.99   999.99   16.056
    667.51   999.99   16.126
    669.04   999.99   16.174
    670.56   999.99   16.244
    672.09   999.99   16.307
    673.61   999.99   16.354
    675.13   999.99   16.435
    676.66   999.99   16.480
    678.18   999.99   16.548
    679.71   999.99   16.606
    681.23   999.99   16.655
    682.75   999.99   16.716
    684.28   999.99   16.789
    685.80   999.99   16.835
    687.33   999.99   16.887
    688.85   999.99   16.959
    690.37   999.99   17.010
    691.90   999.99   17.058
    693.42   999.99   17.110
    694.95   999.99   17.159
    696.47   999.99   17.193
    697.99   999.99   17.226
    699.52   999.99   17.251
    701.04   999.99   17.459
    702.57   999.99   17.579
    704.09   999.99   17.592
    705.61   999.99   17.609
    707.14   999.99   17.632
    708.66   999.99   17.736
    710.19   999.99   17.840
    711.71   999.99   17.887
    713.23   999.99   17.912
    714.76   999.99   17.939
    716.28   999.99   18.023
    717.81   999.99   18.152
    719.33   999.99   18.189
    720.85   999.99   18.211
    722.38   999.99   18.232
    723.90   999.99   18.293
    725.43   999.99   18.335
    726.95   999.99   18.371
    728.47   999.99   18.390
    730.00   999.99   18.420
    731.52   999.99   18.440
