 << U.S. Geological Survey Borehole Temperature Log - Alaska >>
  
 Site:             WK11
 Log Date:         87SEP01 
 Type of Log:      continuous  
 Type of Sensor:   thermistor network (custom)
 Measuring Device: digital multimeter
 Deconvolved:      no 
  
  Z   = measured depth (m)
  TVD = true vertical depth (m)
  T   = temperature (C)
  
        Z      TVD       T
       .30   999.99    1.268
       .61   999.99    1.258
       .91   999.99    1.243
      1.22   999.99    1.220
      1.52   999.99    1.185
      1.83   999.99    1.143
      2.13   999.99    1.104
      2.44   999.99    1.061
      2.74   999.99     .993
      3.05   999.99     .931
      3.35   999.99     .871
      3.66   999.99     .806
      3.96   999.99    -.376
      4.27   999.99   -2.201
      4.57   999.99   -3.518
      4.88   999.99   -4.507
      5.18   999.99   -5.253
      5.49   999.99   -5.867
      5.79   999.99   -6.300
      6.10   999.99   -6.708
      6.40   999.99   -7.035
      6.71   999.99   -7.299
      7.01   999.99   -7.544
      7.32   999.99   -7.790
      7.62   999.99   -7.977
      7.92   999.99   -8.107
      8.23   999.99   -8.210
      8.53   999.99   -8.366
      8.84   999.99   -8.502
      9.14   999.99   -8.656
      9.45   999.99   -8.818
      9.75   999.99   -8.932
     10.06   999.99   -9.034
     10.36   999.99   -9.151
     10.67   999.99   -9.262
     10.97   999.99   -9.333
     11.28   999.99   -9.418
     11.58   999.99   -9.493
     11.89   999.99   -9.550
     12.19   999.99   -9.595
     12.50   999.99   -9.631
     12.80   999.99   -9.662
     13.11   999.99   -9.693
     13.41   999.99   -9.715
     13.72   999.99   -9.734
     14.02   999.99   -9.748
     14.33   999.99   -9.758
     14.63   999.99   -9.770
     14.94   999.99   -9.773
     15.24   999.99   -9.782
     15.54   999.99   -9.787
     15.85   999.99   -9.791
     16.15   999.99   -9.793
     16.46   999.99   -9.796
     16.76   999.99   -9.798
     17.07   999.99   -9.799
     17.37   999.99   -9.799
     17.68   999.99   -9.796
     17.98   999.99   -9.793
     18.29   999.99   -9.791
     18.59   999.99   -9.788
     18.90   999.99   -9.784
     19.20   999.99   -9.780
     19.51   999.99   -9.776
     19.81   999.99   -9.771
     20.12   999.99   -9.767
     20.42   999.99   -9.764
     20.73   999.99   -9.759
     21.03   999.99   -9.754
     21.34   999.99   -9.749
     21.64   999.99   -9.743
     21.95   999.99   -9.739
     22.25   999.99   -9.736
     22.56   999.99   -9.733
     22.86   999.99   -9.730
     23.16   999.99   -9.727
     23.47   999.99   -9.694
     23.77   999.99   -9.672
     24.08   999.99   -9.673
     24.38   999.99   -9.676
     24.69   999.99   -9.679
     24.99   999.99   -9.673
     25.30   999.99   -9.662
     25.60   999.99   -9.652
     25.91   999.99   -9.653
     26.21   999.99   -9.673
     26.52   999.99   -9.666
     26.82   999.99   -9.652
     27.13   999.99   -9.643
     27.43   999.99   -9.636
     27.74   999.99   -9.632
     28.04   999.99   -9.628
     28.35   999.99   -9.625
     28.65   999.99   -9.624
     28.96   999.99   -9.622
     29.26   999.99   -9.618
     29.57   999.99   -9.616
     29.87   999.99   -9.613
     30.18   999.99   -9.609
     30.48   999.99   -9.605
     30.78   999.99   -9.598
     31.09   999.99   -9.592
     31.39   999.99   -9.586
     31.70   999.99   -9.576
     32.00   999.99   -9.569
     32.31   999.99   -9.561
     32.61   999.99   -9.550
     32.92   999.99   -9.542
     33.22   999.99   -9.532
     33.53   999.99   -9.520
     33.83   999.99   -9.510
     34.14   999.99   -9.498
     34.44   999.99   -9.486
     34.75   999.99   -9.477
     35.05   999.99   -9.468
     35.36   999.99   -9.461
     35.66   999.99   -9.448
     35.97   999.99   -9.445
     36.27   999.99   -9.439
     36.58   999.99   -9.432
     36.88   999.99   -9.427
     37.19   999.99   -9.423
     37.49   999.99   -9.419
     37.80   999.99   -9.411
     38.10   999.99   -9.409
     38.40   999.99   -9.401
     38.71   999.99   -9.398
     39.01   999.99   -9.391
     39.32   999.99   -9.384
     39.62   999.99   -9.378
     39.93   999.99   -9.371
     40.23   999.99   -9.363
     40.54   999.99   -9.359
     40.84   999.99   -9.355
     41.15   999.99   -9.352
     41.45   999.99   -9.349
     41.76   999.99   -9.344
     42.06   999.99   -9.340
     42.37   999.99   -9.332
     42.67   999.99   -9.328
     42.98   999.99   -9.325
     43.28   999.99   -9.324
     43.59   999.99   -9.321
     43.89   999.99   -9.314
     44.20   999.99   -9.307
     44.50   999.99   -9.300
     44.81   999.99   -9.298
     45.11   999.99   -9.297
     45.42   999.99   -9.290
     45.72   999.99   -9.283
     46.02   999.99   -9.280
     46.33   999.99   -9.277
     46.63   999.99   -9.271
     46.94   999.99   -9.270
     47.24   999.99   -9.266
     47.55   999.99   -9.262
     47.85   999.99   -9.264
     48.16   999.99   -9.259
     48.46   999.99   -9.253
     48.77   999.99   -9.245
     49.07   999.99   -9.236
     49.38   999.99   -9.233
     49.68   999.99   -9.231
     49.99   999.99   -9.226
     50.29   999.99   -9.221
     50.60   999.99   -9.219
     50.90   999.99   -9.219
     51.21   999.99   -9.215
     51.51   999.99   -9.214
     51.82   999.99   -9.208
     52.12   999.99   -9.202
     52.43   999.99   -9.193
     52.73   999.99   -9.188
     53.04   999.99   -9.183
     53.34   999.99   -9.179
     53.64   999.99   -9.179
     53.95   999.99   -9.175
     54.25   999.99   -9.173
     54.56   999.99   -9.171
     54.86   999.99   -9.163
     55.17   999.99   -9.158
     55.47   999.99   -9.154
     55.78   999.99   -9.153
     56.08   999.99   -9.147
     56.39   999.99   -9.143
     56.69   999.99   -9.140
     57.00   999.99   -9.135
     57.30   999.99   -9.132
     57.61   999.99   -9.130
     57.91   999.99   -9.126
     58.22   999.99   -9.121
     58.52   999.99   -9.120
     58.83   999.99   -9.118
     59.13   999.99   -9.115
     59.44   999.99   -9.108
     59.74   999.99   -9.105
     60.05   999.99   -9.102
     60.35   999.99   -9.104
     60.66   999.99   -9.100
     60.96   999.99   -9.096
     61.26   999.99   -9.092
     61.57   999.99   -9.093
     61.87   999.99   -9.085
     62.18   999.99   -9.078
     62.48   999.99   -9.075
     62.79   999.99   -9.074
     63.09   999.99   -9.075
     63.40   999.99   -9.073
     63.70   999.99   -9.071
     64.01   999.99   -9.063
     64.31   999.99   -9.062
     64.62   999.99   -9.061
     64.92   999.99   -9.055
     65.23   999.99   -9.052
     65.53   999.99   -9.053
     65.84   999.99   -9.046
     66.14   999.99   -9.041
     66.45   999.99   -9.040
     66.75   999.99   -9.040
     67.06   999.99   -9.033
     67.36   999.99   -9.025
     67.67   999.99   -9.022
     67.97   999.99   -9.020
     68.28   999.99   -9.018
     68.58   999.99   -9.010
     68.88   999.99   -9.006
     69.19   999.99   -9.010
     69.49   999.99   -9.010
     69.80   999.99   -9.006
     70.10   999.99   -9.003
     70.41   999.99   -8.999
     70.71   999.99   -8.991
     71.02   999.99   -8.989
     71.32   999.99   -8.985
     71.63   999.99   -8.975
     71.93   999.99   -8.977
     72.24   999.99   -8.978
     72.54   999.99   -8.976
     72.85   999.99   -8.975
     73.15   999.99   -8.972
     73.46   999.99   -8.960
     73.76   999.99   -8.954
     74.07   999.99   -8.954
     74.37   999.99   -8.948
     74.68   999.99   -8.936
     74.98   999.99   -8.935
     75.29   999.99   -8.932
     75.59   999.99   -8.930
     75.90   999.99   -8.929
     76.20   999.99   -8.924
     76.50   999.99   -8.917
     76.81   999.99   -8.915
     77.11   999.99   -8.912
     77.42   999.99   -8.904
     77.72   999.99   -8.894
     78.03   999.99   -8.889
     78.33   999.99   -8.882
     78.64   999.99   -8.879
     78.94   999.99   -8.876
     79.25   999.99   -8.873
     79.55   999.99   -8.863
     79.86   999.99   -8.857
     80.16   999.99   -8.852
     80.47   999.99   -8.846
     80.77   999.99   -8.839
     81.08   999.99   -8.835
     81.38   999.99   -8.834
     81.69   999.99   -8.830
     81.99   999.99   -8.819
     82.30   999.99   -8.815
     82.60   999.99   -8.817
     82.91   999.99   -8.808
     83.21   999.99   -8.802
     83.52   999.99   -8.797
     83.82   999.99   -8.785
     84.12   999.99   -8.780
     84.43   999.99   -8.772
     84.73   999.99   -8.761
     85.04   999.99   -8.756
     85.34   999.99   -8.756
     85.65   999.99   -8.754
     85.95   999.99   -8.745
     86.26   999.99   -8.737
     86.56   999.99   -8.725
     86.87   999.99   -8.723
     87.17   999.99   -8.725
     87.48   999.99   -8.714
     87.78   999.99   -8.709
     88.09   999.99   -8.702
     88.39   999.99   -8.694
     88.70   999.99   -8.688
     89.00   999.99   -8.685
     89.31   999.99   -8.677
     89.61   999.99   -8.674
     89.92   999.99   -8.672
     90.22   999.99   -8.655
     90.53   999.99   -8.644
     90.83   999.99   -8.638
     91.14   999.99   -8.633
     91.44   999.99   -8.629
     91.74   999.99   -8.632
     92.05   999.99   -8.626
     92.35   999.99   -8.616
     92.66   999.99   -8.608
     92.96   999.99   -8.598
     93.27   999.99   -8.592
     93.57   999.99   -8.583
     93.88   999.99   -8.574
     94.18   999.99   -8.566
     94.49   999.99   -8.552
     94.79   999.99   -8.542
     95.10   999.99   -8.542
     95.40   999.99   -8.539
     95.71   999.99   -8.530
     96.01   999.99   -8.528
     96.32   999.99   -8.518
     96.62   999.99   -8.507
     96.93   999.99   -8.508
     97.23   999.99   -8.496
     97.54   999.99   -8.492
     97.84   999.99   -8.480
     98.15   999.99   -8.470
     98.45   999.99   -8.470
     98.76   999.99   -8.468
     99.06   999.99   -8.454
     99.36   999.99   -8.438
     99.67   999.99   -8.437
     99.97   999.99   -8.427
    100.28   999.99   -8.418
    100.58   999.99   -8.416
    100.89   999.99   -8.411
    101.19   999.99   -8.399
    101.50   999.99   -8.397
    101.80   999.99   -8.381
    102.11   999.99   -8.370
    102.41   999.99   -8.369
    102.72   999.99   -8.367
    103.02   999.99   -8.355
    103.33   999.99   -8.353
    103.63   999.99   -8.345
    103.94   999.99   -8.339
    104.24   999.99   -8.329
    104.55   999.99   -8.318
    104.85   999.99   -8.311
    105.16   999.99   -8.306
    105.46   999.99   -8.299
    105.77   999.99   -8.291
    106.07   999.99   -8.290
    106.38   999.99   -8.271
    106.68   999.99   -8.258
    106.99   999.99   -8.248
    107.29   999.99   -8.240
    107.59   999.99   -8.236
    107.90   999.99   -8.236
    108.20   999.99   -8.228
    108.51   999.99   -8.223
    108.81   999.99   -8.221
    109.12   999.99   -8.207
    109.42   999.99   -8.206
    109.73   999.99   -8.192
    110.03   999.99   -8.185
    110.34   999.99   -8.175
    110.64   999.99   -8.168
    110.95   999.99   -8.163
    111.25   999.99   -8.153
    111.56   999.99   -8.143
    111.86   999.99   -8.140
    112.17   999.99   -8.124
    112.47   999.99   -8.116
    112.78   999.99   -8.115
    113.08   999.99   -8.110
    113.39   999.99   -8.112
    113.69   999.99   -8.104
    114.00   999.99   -8.098
    114.30   999.99   -8.086
    114.61   999.99   -8.075
    114.91   999.99   -8.076
    115.21   999.99   -8.069
    115.52   999.99   -8.066
    115.82   999.99   -8.051
    116.13   999.99   -8.046
    116.43   999.99   -8.038
    116.74   999.99   -8.034
    117.04   999.99   -8.030
    117.35   999.99   -8.022
    117.65   999.99   -8.011
    117.96   999.99   -8.005
    118.26   999.99   -8.002
    118.57   999.99   -7.999
    118.87   999.99   -7.989
    119.18   999.99   -7.982
    119.48   999.99   -7.967
    119.79   999.99   -7.958
    120.09   999.99   -7.955
    120.40   999.99   -7.947
    120.70   999.99   -7.946
    121.01   999.99   -7.943
    121.31   999.99   -7.941
    121.62   999.99   -7.930
    121.92   999.99   -7.923
    122.22   999.99   -7.923
    122.53   999.99   -7.924
    122.83   999.99   -7.915
    123.14   999.99   -7.905
    123.44   999.99   -7.901
    123.75   999.99   -7.889
    124.05   999.99   -7.880
    124.36   999.99   -7.879
    124.66   999.99   -7.870
    124.97   999.99   -7.863
    125.27   999.99   -7.861
    125.58   999.99   -7.861
    125.88   999.99   -7.860
    126.19   999.99   -7.849
    126.49   999.99   -7.843
    126.80   999.99   -7.836
    127.10   999.99   -7.835
    127.41   999.99   -7.829
    127.71   999.99   -7.821
    128.02   999.99   -7.818
    128.32   999.99   -7.814
    128.63   999.99   -7.814
    128.93   999.99   -7.805
    129.24   999.99   -7.796
    129.54   999.99   -7.789
    129.85   999.99   -7.782
    130.15   999.99   -7.781
    130.45   999.99   -7.780
    130.76   999.99   -7.779
    131.06   999.99   -7.770
    131.37   999.99   -7.764
    131.67   999.99   -7.761
    131.98   999.99   -7.757
    132.28   999.99   -7.747
    132.59   999.99   -7.741
    132.89   999.99   -7.727
    133.20   999.99   -7.721
    133.50   999.99   -7.719
    133.81   999.99   -7.712
    134.11   999.99   -7.706
    134.42   999.99   -7.700
    134.72   999.99   -7.699
    135.03   999.99   -7.697
    135.33   999.99   -7.698
    135.64   999.99   -7.684
    135.94   999.99   -7.679
    136.25   999.99   -7.668
    136.55   999.99   -7.663
    136.86   999.99   -7.660
    137.16   999.99   -7.656
    137.47   999.99   -7.646
    137.77   999.99   -7.640
    138.07   999.99   -7.631
    138.38   999.99   -7.619
    138.68   999.99   -7.621
    138.99   999.99   -7.623
    139.29   999.99   -7.614
    139.60   999.99   -7.601
    139.90   999.99   -7.597
    140.21   999.99   -7.589
    140.51   999.99   -7.585
    140.82   999.99   -7.582
    141.12   999.99   -7.575
    141.43   999.99   -7.563
    141.73   999.99   -7.547
    142.04   999.99   -7.542
    142.34   999.99   -7.538
    142.65   999.99   -7.540
    142.95   999.99   -7.533
    143.26   999.99   -7.526
    143.56   999.99   -7.514
    143.87   999.99   -7.507
    144.17   999.99   -7.496
    144.48   999.99   -7.496
    144.78   999.99   -7.488
    145.09   999.99   -7.479
    145.39   999.99   -7.464
    145.69   999.99   -7.463
    146.00   999.99   -7.457
    146.30   999.99   -7.450
    146.61   999.99   -7.448
    146.91   999.99   -7.442
    147.22   999.99   -7.432
    147.52   999.99   -7.429
    147.83   999.99   -7.416
    148.13   999.99   -7.409
    148.44   999.99   -7.402
    148.74   999.99   -7.398
    149.05   999.99   -7.392
    149.35   999.99   -7.384
    149.66   999.99   -7.375
    149.96   999.99   -7.369
    150.27   999.99   -7.360
    150.57   999.99   -7.359
    150.88   999.99   -7.352
    151.18   999.99   -7.351
    151.49   999.99   -7.347
    151.79   999.99   -7.338
    152.10   999.99   -7.325
    152.40   999.99   -7.321
    152.71   999.99   -7.313
    153.01   999.99   -7.304
    153.31   999.99   -7.300
    153.62   999.99   -7.291
    153.92   999.99   -7.283
    154.23   999.99   -7.272
    154.53   999.99   -7.271
    154.84   999.99   -7.261
    155.14   999.99   -7.252
    155.45   999.99   -7.255
    155.75   999.99   -7.257
    156.06   999.99   -7.245
    156.36   999.99   -7.232
    156.67   999.99   -7.231
    156.97   999.99   -7.227
    157.28   999.99   -7.217
    157.58   999.99   -7.211
    157.89   999.99   -7.198
    158.19   999.99   -7.185
    158.50   999.99   -7.177
    158.80   999.99   -7.173
    159.11   999.99   -7.167
    159.41   999.99   -7.166
    159.72   999.99   -7.156
    160.02   999.99   -7.142
    160.33   999.99   -7.132
    160.63   999.99   -7.130
    160.93   999.99   -7.128
    161.24   999.99   -7.122
    161.54   999.99   -7.115
    161.85   999.99   -7.109
    162.15   999.99   -7.099
    162.46   999.99   -7.091
    162.76   999.99   -7.086
    163.07   999.99   -7.083
    163.37   999.99   -7.074
    163.68   999.99   -7.066
    163.98   999.99   -7.065
    164.29   999.99   -7.064
    164.59   999.99   -7.053
    164.90   999.99   -7.051
    165.20   999.99   -7.044
    165.51   999.99   -7.032
    165.81   999.99   -7.025
    166.12   999.99   -7.023
    166.42   999.99   -7.019
    166.73   999.99   -7.015
    167.03   999.99   -7.007
    167.34   999.99   -7.004
    167.64   999.99   -6.998
    167.95   999.99   -6.987
    168.25   999.99   -6.981
    168.55   999.99   -6.974
    168.86   999.99   -6.970
    169.16   999.99   -6.964
    169.47   999.99   -6.956
    169.77   999.99   -6.952
    170.08   999.99   -6.954
    170.38   999.99   -6.949
    170.69   999.99   -6.939
    170.99   999.99   -6.941
    171.30   999.99   -6.940
    171.60   999.99   -6.931
    171.91   999.99   -6.920
    172.21   999.99   -6.919
    172.52   999.99   -6.919
    172.82   999.99   -6.909
    173.13   999.99   -6.907
    173.43   999.99   -6.905
    173.74   999.99   -6.895
    174.04   999.99   -6.885
    174.35   999.99   -6.882
    174.65   999.99   -6.883
    174.96   999.99   -6.884
    175.26   999.99   -6.872
    175.57   999.99   -6.866
    175.87   999.99   -6.862
    176.17   999.99   -6.858
    176.48   999.99   -6.856
    176.78   999.99   -6.849
    177.09   999.99   -6.835
    177.39   999.99   -6.832
    177.70   999.99   -6.831
    178.00   999.99   -6.826
    178.31   999.99   -6.817
    178.61   999.99   -6.815
    178.92   999.99   -6.807
    179.22   999.99   -6.808
    179.53   999.99   -6.808
    179.83   999.99   -6.796
    180.14   999.99   -6.788
    180.44   999.99   -6.786
    180.75   999.99   -6.784
    181.05   999.99   -6.779
    181.36   999.99   -6.775
    181.66   999.99   -6.772
    181.97   999.99   -6.764
    182.27   999.99   -6.759
    182.58   999.99   -6.752
    182.88   999.99   -6.751
    183.19   999.99   -6.744
    183.49   999.99   -6.733
    183.79   999.99   -6.733
    184.10   999.99   -6.726
    184.40   999.99   -6.723
    184.71   999.99   -6.725
    185.01   999.99   -6.726
    185.32   999.99   -6.714
    185.62   999.99   -6.707
    185.93   999.99   -6.703
    186.23   999.99   -6.703
    186.54   999.99   -6.694
    186.84   999.99   -6.683
    187.15   999.99   -6.679
    187.45   999.99   -6.672
    187.76   999.99   -6.666
    188.06   999.99   -6.662
    188.37   999.99   -6.658
    188.67   999.99   -6.654
    188.98   999.99   -6.650
    189.28   999.99   -6.650
    189.59   999.99   -6.640
    189.89   999.99   -6.637
    190.20   999.99   -6.626
    190.50   999.99   -6.622
    190.81   999.99   -6.623
    191.11   999.99   -6.623
    191.41   999.99   -6.617
    191.72   999.99   -6.606
    192.02   999.99   -6.594
    192.33   999.99   -6.589
    192.63   999.99   -6.584
    192.94   999.99   -6.580
    193.24   999.99   -6.581
    193.55   999.99   -6.573
    193.85   999.99   -6.569
    194.16   999.99   -6.561
    194.46   999.99   -6.557
    194.77   999.99   -6.547
    195.07   999.99   -6.541
    195.38   999.99   -6.532
    195.68   999.99   -6.530
    195.99   999.99   -6.522
    196.29   999.99   -6.514
    196.60   999.99   -6.514
    196.90   999.99   -6.518
    197.21   999.99   -6.511
    197.51   999.99   -6.507
    197.82   999.99   -6.505
    198.12   999.99   -6.491
    198.43   999.99   -6.482
    198.73   999.99   -6.480
    199.03   999.99   -6.479
    199.34   999.99   -6.472
    199.64   999.99   -6.473
    199.95   999.99   -6.455
    200.25   999.99   -6.444
    200.56   999.99   -6.445
    200.86   999.99   -6.444
    201.17   999.99   -6.446
    201.47   999.99   -6.434
    201.78   999.99   -6.426
    202.08   999.99   -6.426
    202.39   999.99   -6.419
    202.69   999.99   -6.410
    203.00   999.99   -6.404
    203.30   999.99   -6.398
    203.61   999.99   -6.392
    203.91   999.99   -6.393
    204.22   999.99   -6.390
    204.52   999.99   -6.381
    204.83   999.99   -6.369
    205.13   999.99   -6.360
    205.44   999.99   -6.349
    205.74   999.99   -6.346
    206.05   999.99   -6.348
    206.35   999.99   -6.337
    206.65   999.99   -6.327
    206.96   999.99   -6.323
    207.26   999.99   -6.314
    207.57   999.99   -6.309
    207.87   999.99   -6.304
    208.18   999.99   -6.303
    208.48   999.99   -6.294
    208.79   999.99   -6.283
    209.09   999.99   -6.282
    209.40   999.99   -6.280
    209.70   999.99   -6.262
    210.01   999.99   -6.260
    210.31   999.99   -6.256
    210.62   999.99   -6.244
    210.92   999.99   -6.236
    211.23   999.99   -6.233
    211.53   999.99   -6.226
    211.84   999.99   -6.218
    212.14   999.99   -6.214
    212.45   999.99   -6.212
    212.75   999.99   -6.196
    213.06   999.99   -6.191
    213.36   999.99   -6.185
    213.67   999.99   -6.175
    213.97   999.99   -6.166
    214.27   999.99   -6.161
    214.58   999.99   -6.155
    214.88   999.99   -6.149
    215.19   999.99   -6.140
    215.49   999.99   -6.133
    215.80   999.99   -6.119
    216.10   999.99   -6.107
    216.41   999.99   -6.102
    216.71   999.99   -6.097
    217.02   999.99   -6.096
    217.32   999.99   -6.083
    217.63   999.99   -6.066
    217.93   999.99   -6.058
    218.24   999.99   -6.059
    218.54   999.99   -6.051
    218.85   999.99   -6.042
    219.15   999.99   -6.033
    219.46   999.99   -6.022
    219.76   999.99   -6.021
    220.07   999.99   -6.020
    220.37   999.99   -6.011
    220.68   999.99   -6.001
    220.98   999.99   -5.989
    221.29   999.99   -5.971
    221.59   999.99   -5.967
    221.89   999.99   -5.954
    222.20   999.99   -5.947
    222.50   999.99   -5.941
    222.81   999.99   -5.933
    223.11   999.99   -5.924
    223.42   999.99   -5.909
    223.72   999.99   -5.902
    224.03   999.99   -5.894
    224.33   999.99   -5.895
    224.64   999.99   -5.892
    224.94   999.99   -5.886
    225.25   999.99   -5.874
    225.55   999.99   -5.860
    225.86   999.99   -5.839
    226.16   999.99   -5.831
    226.47   999.99   -5.830
    226.77   999.99   -5.830
    227.08   999.99   -5.826
    227.38   999.99   -5.813
    227.69   999.99   -5.790
    227.99   999.99   -5.785
    228.30   999.99   -5.781
    228.60   999.99   -5.771
    228.91   999.99   -5.769
    229.21   999.99   -5.759
    229.51   999.99   -5.747
    229.82   999.99   -5.744
    230.12   999.99   -5.736
    230.43   999.99   -5.728
    230.73   999.99   -5.717
    231.04   999.99   -5.708
    231.34   999.99   -5.708
    231.65   999.99   -5.693
    231.95   999.99   -5.679
    232.26   999.99   -5.675
    232.56   999.99   -5.661
    232.87   999.99   -5.646
    233.17   999.99   -5.635
    233.48   999.99   -5.627
    233.78   999.99   -5.622
    234.09   999.99   -5.616
    234.39   999.99   -5.607
    234.70   999.99   -5.599
    235.00   999.99   -5.591
    235.31   999.99   -5.588
    235.61   999.99   -5.581
    235.92   999.99   -5.575
    236.22   999.99   -5.564
    236.53   999.99   -5.558
    236.83   999.99   -5.549
    237.13   999.99   -5.539
    237.44   999.99   -5.537
    237.74   999.99   -5.521
    238.05   999.99   -5.517
    238.35   999.99   -5.499
    238.66   999.99   -5.490
    238.96   999.99   -5.483
    239.27   999.99   -5.483
    239.57   999.99   -5.475
    239.88   999.99   -5.467
    240.18   999.99   -5.459
    240.49   999.99   -5.450
    240.79   999.99   -5.447
    241.10   999.99   -5.437
    241.40   999.99   -5.431
    241.71   999.99   -5.425
    242.01   999.99   -5.413
    242.32   999.99   -5.408
    242.62   999.99   -5.402
    242.93   999.99   -5.386
    243.23   999.99   -5.375
    243.54   999.99   -5.366
    243.84   999.99   -5.366
    244.15   999.99   -5.368
    244.45   999.99   -5.363
    244.75   999.99   -5.346
    245.06   999.99   -5.336
    245.36   999.99   -5.322
    245.67   999.99   -5.312
    245.97   999.99   -5.306
    246.28   999.99   -5.292
    246.58   999.99   -5.283
    246.89   999.99   -5.282
    247.19   999.99   -5.276
    247.50   999.99   -5.268
    247.80   999.99   -5.251
    248.11   999.99   -5.247
    248.41   999.99   -5.247
    248.72   999.99   -5.231
    249.02   999.99   -5.227
    249.33   999.99   -5.222
    249.63   999.99   -5.208
    249.94   999.99   -5.198
    250.24   999.99   -5.195
    250.55   999.99   -5.191
    250.85   999.99   -5.184
    251.16   999.99   -5.155
    251.46   999.99   -5.143
    251.77   999.99   -5.137
    252.07   999.99   -5.123
    252.37   999.99   -5.119
    252.68   999.99   -5.111
    252.98   999.99   -5.096
    253.29   999.99   -5.086
    253.59   999.99   -5.087
    253.90   999.99   -5.070
    254.20   999.99   -5.053
    254.51   999.99   -5.052
    254.81   999.99   -5.050
    255.12   999.99   -5.035
    255.42   999.99   -5.028
    255.73   999.99   -5.025
    256.03   999.99   -5.017
    256.34   999.99   -4.995
    256.64   999.99   -4.989
    256.95   999.99   -4.976
    257.25   999.99   -4.968
    257.56   999.99   -4.956
    257.86   999.99   -4.945
    258.17   999.99   -4.938
    258.47   999.99   -4.941
    258.78   999.99   -4.931
    259.08   999.99   -4.926
    259.39   999.99   -4.912
    259.69   999.99   -4.897
    259.99   999.99   -4.889
    260.30   999.99   -4.889
    260.60   999.99   -4.874
    260.91   999.99   -4.856
    261.21   999.99   -4.846
    261.52   999.99   -4.847
    261.82   999.99   -4.843
    262.13   999.99   -4.831
    262.43   999.99   -4.824
    262.74   999.99   -4.806
    263.04   999.99   -4.795
    263.35   999.99   -4.787
    263.65   999.99   -4.775
    263.96   999.99   -4.767
    264.26   999.99   -4.756
    264.57   999.99   -4.749
    264.87   999.99   -4.740
    265.18   999.99   -4.726
    265.48   999.99   -4.719
    265.79   999.99   -4.713
    266.09   999.99   -4.699
    266.40   999.99   -4.685
    266.70   999.99   -4.675
    267.01   999.99   -4.672
    267.31   999.99   -4.669
    267.61   999.99   -4.659
    267.92   999.99   -4.653
    268.22   999.99   -4.640
    268.53   999.99   -4.635
    268.83   999.99   -4.630
    269.14   999.99   -4.621
    269.44   999.99   -4.616
    269.75   999.99   -4.598
    270.05   999.99   -4.589
    270.36   999.99   -4.584
    270.66   999.99   -4.570
    270.97   999.99   -4.566
    271.27   999.99   -4.557
    271.58   999.99   -4.553
    271.88   999.99   -4.551
    272.19   999.99   -4.544
    272.49   999.99   -4.530
    272.80   999.99   -4.515
    273.10   999.99   -4.512
    273.41   999.99   -4.501
    273.71   999.99   -4.492
    274.02   999.99   -4.480
    274.32   999.99   -4.472
    274.63   999.99   -4.464
    274.93   999.99   -4.453
    275.23   999.99   -4.444
    275.54   999.99   -4.435
    275.84   999.99   -4.430
    276.15   999.99   -4.422
    276.45   999.99   -4.418
    276.76   999.99   -4.407
    277.06   999.99   -4.398
    277.37   999.99   -4.392
    277.67   999.99   -4.373
    277.98   999.99   -4.366
    278.28   999.99   -4.364
    278.59   999.99   -4.359
    278.89   999.99   -4.352
    279.20   999.99   -4.347
    279.50   999.99   -4.340
    279.81   999.99   -4.328
    280.11   999.99   -4.316
    280.42   999.99   -4.301
    280.72   999.99   -4.290
    281.03   999.99   -4.279
    281.33   999.99   -4.273
    281.64   999.99   -4.264
    281.94   999.99   -4.255
    282.25   999.99   -4.250
    282.55   999.99   -4.242
    282.86   999.99   -4.235
    283.16   999.99   -4.218
    283.46   999.99   -4.204
    283.77   999.99   -4.192
    284.07   999.99   -4.179
    284.38   999.99   -4.171
    284.68   999.99   -4.164
    284.99   999.99   -4.145
    285.29   999.99   -4.126
    285.60   999.99   -4.118
    285.90   999.99   -4.106
    286.21   999.99   -4.095
    286.51   999.99   -4.086
    286.82   999.99   -4.074
    287.12   999.99   -4.065
    287.43   999.99   -4.055
    287.73   999.99   -4.029
    288.04   999.99   -4.013
    288.34   999.99   -4.002
    288.65   999.99   -3.997
    288.95   999.99   -3.981
    289.26   999.99   -3.973
    289.56   999.99   -3.953
    289.87   999.99   -3.933
    290.17   999.99   -3.921
    290.48   999.99   -3.902
    290.78   999.99   -3.873
    291.08   999.99   -3.862
    291.39   999.99   -3.853
    291.69   999.99   -3.843
    292.00   999.99   -3.838
    292.30   999.99   -3.820
    292.61   999.99   -3.812
    292.91   999.99   -3.796
    293.22   999.99   -3.777
    293.52   999.99   -3.773
    293.83   999.99   -3.753
    294.13   999.99   -3.743
    294.44   999.99   -3.737
    294.74   999.99   -3.734
    295.05   999.99   -3.726
    295.35   999.99   -3.710
    295.66   999.99   -3.693
    295.96   999.99   -3.687
    296.27   999.99   -3.680
    296.57   999.99   -3.662
    296.88   999.99   -3.647
    297.18   999.99   -3.637
    297.49   999.99   -3.631
    297.79   999.99   -3.626
    298.10   999.99   -3.617
    298.40   999.99   -3.605
    298.70   999.99   -3.597
    299.01   999.99   -3.598
    299.31   999.99   -3.595
    299.62   999.99   -3.589
    299.92   999.99   -3.572
    300.23   999.99   -3.559
    300.53   999.99   -3.559
    300.84   999.99   -3.550
    301.14   999.99   -3.545
    301.45   999.99   -3.535
    301.75   999.99   -3.531
    302.06   999.99   -3.529
    302.36   999.99   -3.519
    302.67   999.99   -3.508
    302.97   999.99   -3.502
    303.28   999.99   -3.499
    303.58   999.99   -3.490
    303.89   999.99   -3.485
    304.19   999.99   -3.476
    304.50   999.99   -3.468
    304.80   999.99   -3.462
    305.11   999.99   -3.456
    305.41   999.99   -3.448
    305.71   999.99   -3.443
    306.02   999.99   -3.443
    306.32   999.99   -3.438
    306.63   999.99   -3.430
    306.93   999.99   -3.423
    307.24   999.99   -3.421
    307.54   999.99   -3.415
    307.85   999.99   -3.412
    308.15   999.99   -3.401
    308.46   999.99   -3.394
    308.76   999.99   -3.393
    309.07   999.99   -3.387
    309.37   999.99   -3.383
    309.68   999.99   -3.372
    309.98   999.99   -3.362
    310.29   999.99   -3.356
    310.59   999.99   -3.352
    310.90   999.99   -3.346
    311.20   999.99   -3.343
    311.51   999.99   -3.335
    311.81   999.99   -3.334
    312.12   999.99   -3.322
    312.42   999.99   -3.317
    312.73   999.99   -3.311
    313.03   999.99   -3.303
    313.33   999.99   -3.294
    313.64   999.99   -3.292
    313.94   999.99   -3.289
    314.25   999.99   -3.281
    314.55   999.99   -3.275
    314.86   999.99   -3.268
    315.16   999.99   -3.260
    315.47   999.99   -3.256
    315.77   999.99   -3.258
    316.08   999.99   -3.249
    316.38   999.99   -3.240
    316.69   999.99   -3.234
    316.99   999.99   -3.224
    317.30   999.99   -3.215
    317.60   999.99   -3.210
    317.91   999.99   -3.210
    318.21   999.99   -3.199
    318.52   999.99   -3.193
    318.82   999.99   -3.189
    319.13   999.99   -3.184
    319.43   999.99   -3.174
    319.74   999.99   -3.165
    320.04   999.99   -3.162
    320.35   999.99   -3.160
    320.65   999.99   -3.155
    320.95   999.99   -3.150
    321.26   999.99   -3.142
    321.56   999.99   -3.134
    321.87   999.99   -3.118
    322.17   999.99   -3.119
    322.48   999.99   -3.105
    322.78   999.99   -3.098
    323.09   999.99   -3.095
    323.39   999.99   -3.089
    323.70   999.99   -3.073
    324.00   999.99   -3.064
    324.31   999.99   -3.060
    324.61   999.99   -3.055
    324.92   999.99   -3.054
    325.22   999.99   -3.048
    325.53   999.99   -3.037
    325.83   999.99   -3.028
    326.14   999.99   -3.018
    326.44   999.99   -3.014
    326.75   999.99   -3.009
    327.05   999.99   -2.995
    327.36   999.99   -2.984
    327.66   999.99   -2.973
    327.97   999.99   -2.966
    328.27   999.99   -2.963
    328.58   999.99   -2.953
    328.88   999.99   -2.949
    329.18   999.99   -2.940
    329.49   999.99   -2.935
    329.79   999.99   -2.929
    330.10   999.99   -2.927
    330.40   999.99   -2.916
    330.71   999.99   -2.907
    331.01   999.99   -2.905
    331.32   999.99   -2.900
    331.62   999.99   -2.890
    331.93   999.99   -2.886
    332.23   999.99   -2.886
    332.54   999.99   -2.867
    332.84   999.99   -2.855
    333.15   999.99   -2.851
    333.45   999.99   -2.843
    333.76   999.99   -2.836
    334.06   999.99   -2.828
    334.37   999.99   -2.821
    334.67   999.99   -2.815
    334.98   999.99   -2.808
    335.28   999.99   -2.804
    335.59   999.99   -2.803
    335.89   999.99   -2.786
    336.20   999.99   -2.773
    336.50   999.99   -2.765
    336.80   999.99   -2.759
    337.11   999.99   -2.746
    337.41   999.99   -2.743
    337.72   999.99   -2.737
    338.02   999.99   -2.736
    338.33   999.99   -2.732
    338.63   999.99   -2.718
    338.94   999.99   -2.702
    339.24   999.99   -2.689
    339.55   999.99   -2.688
    339.85   999.99   -2.679
    340.16   999.99   -2.672
    340.46   999.99   -2.667
    340.77   999.99   -2.658
    341.07   999.99   -2.657
    341.38   999.99   -2.649
    341.68   999.99   -2.642
    341.99   999.99   -2.633
    342.29   999.99   -2.625
    342.60   999.99   -2.618
    342.90   999.99   -2.604
    343.21   999.99   -2.596
    343.51   999.99   -2.597
    343.82   999.99   -2.592
    344.12   999.99   -2.582
    344.42   999.99   -2.577
    344.73   999.99   -2.566
    345.03   999.99   -2.553
    345.34   999.99   -2.549
    345.64   999.99   -2.548
    345.95   999.99   -2.543
    346.25   999.99   -2.532
    346.56   999.99   -2.529
    346.86   999.99   -2.522
    347.17   999.99   -2.508
    347.47   999.99   -2.501
    347.78   999.99   -2.492
    348.08   999.99   -2.492
    348.39   999.99   -2.484
    348.69   999.99   -2.472
    349.00   999.99   -2.472
    349.30   999.99   -2.467
    349.61   999.99   -2.458
    349.91   999.99   -2.450
    350.22   999.99   -2.444
    350.52   999.99   -2.438
    350.83   999.99   -2.432
    351.13   999.99   -2.428
    351.44   999.99   -2.417
    351.74   999.99   -2.412
    352.04   999.99   -2.410
    352.35   999.99   -2.405
    352.65   999.99   -2.399
    352.96   999.99   -2.392
    353.26   999.99   -2.382
    353.57   999.99   -2.377
    353.87   999.99   -2.376
    354.18   999.99   -2.372
    354.48   999.99   -2.364
    354.79   999.99   -2.359
    355.09   999.99   -2.354
    355.40   999.99   -2.350
    355.70   999.99   -2.339
    356.01   999.99   -2.338
    356.31   999.99   -2.332
    356.62   999.99   -2.320
    356.92   999.99   -2.320
    357.23   999.99   -2.315
    357.53   999.99   -2.301
    357.84   999.99   -2.296
    358.14   999.99   -2.295
    358.45   999.99   -2.290
    358.75   999.99   -2.288
    359.06   999.99   -2.274
    359.36   999.99   -2.268
    359.66   999.99   -2.265
    359.97   999.99   -2.260
    360.27   999.99   -2.260
    360.58   999.99   -2.250
    360.88   999.99   -2.245
    361.19   999.99   -2.242
    361.49   999.99   -2.234
    361.80   999.99   -2.222
    362.10   999.99   -2.217
    362.41   999.99   -2.214
    362.71   999.99   -2.206
    363.02   999.99   -2.200
    363.32   999.99   -2.200
    363.63   999.99   -2.201
    363.93   999.99   -2.193
    364.24   999.99   -2.183
    364.54   999.99   -2.179
    364.85   999.99   -2.176
    365.15   999.99   -2.169
    365.46   999.99   -2.163
    365.76   999.99   -2.160
    366.07   999.99   -2.157
    366.37   999.99   -2.152
    366.68   999.99   -2.142
    366.98   999.99   -2.138
    367.28   999.99   -2.132
    367.59   999.99   -2.128
    367.89   999.99   -2.118
    368.20   999.99   -2.112
    368.50   999.99   -2.109
    368.81   999.99   -2.101
    369.11   999.99   -2.097
    369.42   999.99   -2.094
    369.72   999.99   -2.093
    370.03   999.99   -2.089
    370.33   999.99   -2.080
    370.64   999.99   -2.078
    370.94   999.99   -2.065
    371.25   999.99   -2.055
    371.55   999.99   -2.052
    371.86   999.99   -2.049
    372.16   999.99   -2.043
    372.47   999.99   -2.043
    372.77   999.99   -2.035
    373.08   999.99   -2.029
    373.38   999.99   -2.023
    373.69   999.99   -2.018
    373.99   999.99   -2.010
    374.30   999.99   -2.004
    374.60   999.99   -1.999
    374.90   999.99   -1.999
    375.21   999.99   -1.992
    375.51   999.99   -1.983
    375.82   999.99   -1.976
    376.12   999.99   -1.977
    376.43   999.99   -1.974
    376.73   999.99   -1.967
    377.04   999.99   -1.965
    377.34   999.99   -1.960
    377.65   999.99   -1.953
    377.95   999.99   -1.950
    378.26   999.99   -1.942
    378.56   999.99   -1.937
    378.87   999.99   -1.931
    379.17   999.99   -1.925
    379.48   999.99   -1.917
    379.78   999.99   -1.910
    380.09   999.99   -1.909
    380.39   999.99   -1.909
    380.70   999.99   -1.902
    381.00   999.99   -1.891
    381.31   999.99   -1.882
    381.61   999.99   -1.877
    381.92   999.99   -1.875
    382.22   999.99   -1.872
    382.52   999.99   -1.870
    382.83   999.99   -1.867
    383.13   999.99   -1.858
    383.44   999.99   -1.851
    383.74   999.99   -1.843
    384.05   999.99   -1.843
    384.35   999.99   -1.841
    384.66   999.99   -1.835
    384.96   999.99   -1.823
    385.27   999.99   -1.818
    385.57   999.99   -1.811
    385.88   999.99   -1.806
    386.18   999.99   -1.799
    386.49   999.99   -1.793
    386.79   999.99   -1.786
    387.10   999.99   -1.777
    387.40   999.99   -1.776
    387.71   999.99   -1.773
    388.01   999.99   -1.769
    388.32   999.99   -1.755
    388.62   999.99   -1.750
    388.93   999.99   -1.749
    389.23   999.99   -1.743
    389.54   999.99   -1.734
    389.84   999.99   -1.733
    390.14   999.99   -1.726
    390.45   999.99   -1.720
    390.75   999.99   -1.712
    391.06   999.99   -1.703
    391.36   999.99   -1.698
    391.67   999.99   -1.693
    391.97   999.99   -1.692
    392.28   999.99   -1.688
    392.58   999.99   -1.680
    392.89   999.99   -1.675
    393.19   999.99   -1.661
    393.50   999.99   -1.652
    393.80   999.99   -1.648
    394.11   999.99   -1.646
    394.41   999.99   -1.637
    394.72   999.99   -1.628
    395.02   999.99   -1.627
    395.33   999.99   -1.619
    395.63   999.99   -1.617
    395.94   999.99   -1.612
    396.24   999.99   -1.604
    396.55   999.99   -1.603
    396.85   999.99   -1.596
    397.16   999.99   -1.586
    397.46   999.99   -1.581
    397.76   999.99   -1.576
    398.07   999.99   -1.573
    398.37   999.99   -1.565
    398.68   999.99   -1.552
    398.98   999.99   -1.548
    399.29   999.99   -1.546
    399.59   999.99   -1.534
    399.90   999.99   -1.528
    400.20   999.99   -1.522
    400.51   999.99   -1.518
    400.81   999.99   -1.512
    401.12   999.99   -1.505
    401.42   999.99   -1.498
    401.73   999.99   -1.489
    402.03   999.99   -1.486
    402.34   999.99   -1.479
    402.64   999.99   -1.477
    402.95   999.99   -1.470
    403.25   999.99   -1.465
    403.56   999.99   -1.463
    403.86   999.99   -1.453
    404.17   999.99   -1.449
    404.47   999.99   -1.441
    404.78   999.99   -1.435
    405.08   999.99   -1.432
    405.38   999.99   -1.429
    405.69   999.99   -1.422
    405.99   999.99   -1.416
    406.30   999.99   -1.403
    406.60   999.99   -1.397
    406.91   999.99   -1.392
    407.21   999.99   -1.387
    407.52   999.99   -1.383
    407.82   999.99   -1.382
    408.13   999.99   -1.381
    408.43   999.99   -1.374
    408.74   999.99   -1.366
    409.04   999.99   -1.364
    409.35   999.99   -1.354
    409.65   999.99   -1.354
    409.96   999.99   -1.355
    410.26   999.99   -1.347
    410.57   999.99   -1.338
    410.87   999.99   -1.331
    411.18   999.99   -1.327
    411.48   999.99   -1.318
    411.79   999.99   -1.311
    412.09   999.99   -1.307
    412.40   999.99   -1.305
    412.70   999.99   -1.303
    413.00   999.99   -1.299
    413.31   999.99   -1.295
    413.61   999.99   -1.284
    413.92   999.99   -1.279
    414.22   999.99   -1.277
    414.53   999.99   -1.263
    414.83   999.99   -1.255
    415.14   999.99   -1.245
    415.44   999.99   -1.240
    415.75   999.99   -1.240
    416.05   999.99   -1.236
    416.36   999.99   -1.231
    416.66   999.99   -1.222
    416.97   999.99   -1.217
    417.27   999.99   -1.211
    417.58   999.99   -1.209
    417.88   999.99   -1.200
    418.19   999.99   -1.193
    418.49   999.99   -1.188
    418.80   999.99   -1.185
    419.10   999.99   -1.180
    419.41   999.99   -1.173
    419.71   999.99   -1.169
    420.02   999.99   -1.159
    420.32   999.99   -1.152
    420.62   999.99   -1.149
    420.93   999.99   -1.138
    421.23   999.99   -1.130
    421.54   999.99   -1.129
    421.84   999.99   -1.123
    422.15   999.99   -1.116
    422.45   999.99   -1.107
    422.76   999.99   -1.103
    423.06   999.99   -1.100
    423.37   999.99   -1.093
    423.67   999.99   -1.088
    423.98   999.99   -1.078
    424.28   999.99   -1.075
    424.59   999.99   -1.072
    424.89   999.99   -1.061
    425.20   999.99   -1.052
    425.50   999.99   -1.041
    425.81   999.99   -1.037
    426.11   999.99   -1.035
    426.42   999.99   -1.035
    426.72   999.99   -1.022
    427.03   999.99   -1.017
    427.33   999.99   -1.016
    427.64   999.99   -1.007
    427.94   999.99   -1.003
    428.24   999.99   -1.001
    428.55   999.99    -.991
    428.85   999.99    -.989
    429.16   999.99    -.986
    429.46   999.99    -.978
    429.77   999.99    -.970
    430.07   999.99    -.964
    430.38   999.99    -.964
    430.68   999.99    -.957
    430.99   999.99    -.954
    431.29   999.99    -.952
    434.34   999.99    -.892
    434.65   999.99    -.882
    434.95   999.99    -.883
    435.26   999.99    -.878
    435.56   999.99    -.872
    435.86   999.99    -.872
    436.17   999.99    -.861
    436.47   999.99    -.856
    436.78   999.99    -.853
    437.08   999.99    -.845
    437.39   999.99    -.840
    437.69   999.99    -.839
    438.00   999.99    -.836
    438.30   999.99    -.824
    438.61   999.99    -.820
    438.91   999.99    -.817
    439.22   999.99    -.811
    439.52   999.99    -.800
    439.83   999.99    -.789
    440.13   999.99    -.787
    440.44   999.99    -.782
    440.74   999.99    -.778
    441.05   999.99    -.774
    441.35   999.99    -.768
    441.66   999.99    -.760
    441.96   999.99    -.754
    442.27   999.99    -.751
    442.57   999.99    -.746
    442.88   999.99    -.736
    443.18   999.99    -.733
    443.48   999.99    -.733
    443.79   999.99    -.728
    444.09   999.99    -.720
    444.40   999.99    -.709
    444.70   999.99    -.702
    445.01   999.99    -.694
    445.31   999.99    -.693
    445.62   999.99    -.690
    445.92   999.99    -.688
    446.23   999.99    -.678
    446.53   999.99    -.670
    446.84   999.99    -.665
    447.14   999.99    -.661
    447.45   999.99    -.650
    447.75   999.99    -.642
    448.06   999.99    -.637
    448.36   999.99    -.634
    448.67   999.99    -.632
    448.97   999.99    -.630
    449.28   999.99    -.624
    449.58   999.99    -.613
    449.89   999.99    -.603
    450.19   999.99    -.598
    450.50   999.99    -.594
    450.80   999.99    -.584
    451.10   999.99    -.585
    451.41   999.99    -.583
    451.71   999.99    -.571
    452.02   999.99    -.558
    452.32   999.99    -.559
    452.63   999.99    -.555
    452.93   999.99    -.547
    453.24   999.99    -.544
    453.54   999.99    -.538
    453.85   999.99    -.531
    454.15   999.99    -.520
    454.46   999.99    -.511
    454.76   999.99    -.506
    455.07   999.99    -.500
    455.37   999.99    -.489
    455.68   999.99    -.483
    455.98   999.99    -.471
    456.29   999.99    -.463
    456.59   999.99    -.459
    456.90   999.99    -.455
    457.20   999.99    -.450
    457.51   999.99    -.435
    457.81   999.99    -.433
    458.12   999.99    -.428
    458.42   999.99    -.409
    458.72   999.99    -.402
    459.03   999.99    -.404
    459.33   999.99    -.401
    459.64   999.99    -.391
    459.94   999.99    -.386
    460.25   999.99    -.362
    460.55   999.99    -.355
    460.86   999.99    -.355
    461.16   999.99    -.337
    461.47   999.99    -.334
    461.77   999.99    -.325
    462.08   999.99    -.322
    462.38   999.99    -.316
    462.69   999.99    -.306
    462.99   999.99    -.295
    463.30   999.99    -.286
    463.60   999.99    -.268
    463.91   999.99    -.262
    464.21   999.99    -.237
    464.52   999.99    -.234
    464.82   999.99    -.230
    465.13   999.99    -.219
    465.43   999.99    -.200
    465.74   999.99    -.182
    466.04   999.99    -.171
    466.34   999.99    -.168
    466.65   999.99    -.163
    466.95   999.99    -.150
    467.26   999.99    -.137
    467.56   999.99    -.129
    467.87   999.99    -.117
    468.17   999.99    -.096
    468.48   999.99    -.072
    468.78   999.99    -.056
    469.09   999.99    -.047
    469.39   999.99    -.033
    469.70   999.99    -.016
    470.00   999.99    -.003
    470.31   999.99     .015
    470.61   999.99     .024
    470.92   999.99     .036
    471.22   999.99     .029
    471.53   999.99     .058
    471.83   999.99     .074
    472.14   999.99     .096
    472.44   999.99     .109
    472.75   999.99     .121
    473.05   999.99     .144
    473.36   999.99     .171
    473.66   999.99     .184
    473.96   999.99     .188
    474.27   999.99     .210
    474.57   999.99     .241
    474.88   999.99     .257
    475.18   999.99     .267
    475.49   999.99     .293
    475.79   999.99     .294
    476.10   999.99     .317
    476.40   999.99     .338
    476.71   999.99     .361
    477.01   999.99     .374
    477.32   999.99     .405
    477.62   999.99     .423
    477.93   999.99     .440
    478.23   999.99     .463
    478.54   999.99     .510
    478.84   999.99     .523
    479.15   999.99     .538
    479.45   999.99     .560
    479.76   999.99     .573
    480.06   999.99     .604
    480.37   999.99     .620
    480.67   999.99     .637
    480.98   999.99     .660
    481.28   999.99     .674
    481.58   999.99     .712
    481.89   999.99     .734
    482.19   999.99     .729
    482.50   999.99     .742
    482.80   999.99     .764
    483.11   999.99     .782
    483.41   999.99     .798
    483.72   999.99     .812
    484.02   999.99     .844
    484.33   999.99     .856
    484.63   999.99     .870
    484.94   999.99     .889
    485.24   999.99     .909
    485.55   999.99     .924
    485.85   999.99     .926
    486.16   999.99     .937
    486.46   999.99     .944
    486.77   999.99     .964
    487.07   999.99     .988
    487.38   999.99    1.008
    487.68   999.99    1.018
    487.99   999.99    1.039
    488.29   999.99    1.043
    488.60   999.99    1.058
    488.90   999.99    1.085
    489.20   999.99    1.090
    489.51   999.99    1.091
    489.81   999.99    1.090
    490.12   999.99    1.107
    490.42   999.99    1.136
    490.73   999.99    1.150
    491.03   999.99    1.156
    491.34   999.99    1.164
    491.64   999.99    1.190
    491.95   999.99    1.201
    492.25   999.99    1.221
    492.56   999.99    1.228
    492.86   999.99    1.231
    493.17   999.99    1.246
    496.83   999.99    1.398
    497.13   999.99    1.411
    497.43   999.99    1.412
    497.74   999.99    1.415
    498.04   999.99    1.425
    498.35   999.99    1.440
    498.65   999.99    1.450
    498.96   999.99    1.468
    499.26   999.99    1.472
    499.57   999.99    1.483
    499.87   999.99    1.497
    500.18   999.99    1.512
    500.48   999.99    1.519
    500.79   999.99    1.527
    501.09   999.99    1.534
    501.40   999.99    1.550
    501.70   999.99    1.565
    502.01   999.99    1.572
    502.31   999.99    1.586
    502.62   999.99    1.593
    502.92   999.99    1.603
    503.23   999.99    1.621
    507.49   999.99    1.782
    507.80   999.99    1.795
    508.10   999.99    1.796
    508.41   999.99    1.796
    508.71   999.99    1.802
    509.02   999.99    1.814
    509.32   999.99    1.826
    509.63   999.99    1.832
    509.93   999.99    1.858
    510.24   999.99    1.869
    510.54   999.99    1.884
    510.85   999.99    1.901
    511.15   999.99    1.910
    511.46   999.99    1.920
    511.76   999.99    1.939
    512.07   999.99    1.942
    512.37   999.99    1.955
    512.67   999.99    1.962
    512.98   999.99    1.976
    513.28   999.99    1.987
    513.59   999.99    1.999
    513.89   999.99    2.010
    517.55   999.99    2.148
    517.86   999.99    2.161
    518.16   999.99    2.175
    518.47   999.99    2.190
    518.77   999.99    2.201
    519.08   999.99    2.216
    519.38   999.99    2.230
    519.69   999.99    2.245
    519.99   999.99    2.253
    520.29   999.99    2.261
    520.60   999.99    2.269
    520.90   999.99    2.287
    521.21   999.99    2.296
    521.51   999.99    2.309
    524.56   999.99    2.431
    524.87   999.99    2.436
    525.17   999.99    2.437
    525.48   999.99    2.447
    525.78   999.99    2.448
    526.09   999.99    2.454
    526.39   999.99    2.470
    526.70   999.99    2.482
    527.00   999.99    2.504
    527.31   999.99    2.516
    527.61   999.99    2.535
    527.91   999.99    2.545
    528.22   999.99    2.549
    528.52   999.99    2.557
    528.83   999.99    2.571
    529.13   999.99    2.589
    529.44   999.99    2.605
    529.74   999.99    2.609
    530.05   999.99    2.618
    530.35   999.99    2.641
    530.66   999.99    2.649
    530.96   999.99    2.662
    531.27   999.99    2.676
    531.57   999.99    2.689
    531.88   999.99    2.696
    536.14   999.99    2.845
    536.45   999.99    2.860
    536.75   999.99    2.867
    537.06   999.99    2.878
    537.36   999.99    2.885
    537.67   999.99    2.890
    537.97   999.99    2.901
    538.28   999.99    2.910
    538.58   999.99    2.917
    538.89   999.99    2.923
    539.19   999.99    2.936
    539.50   999.99    2.955
    539.80   999.99    2.964
    540.11   999.99    2.972
    540.41   999.99    2.975
    540.72   999.99    2.986
    541.02   999.99    3.009
    541.33   999.99    3.026
    541.63   999.99    3.036
    541.94   999.99    3.051
    542.24   999.99    3.053
    546.20   999.99    3.182
    546.51   999.99    3.188
    546.81   999.99    3.197
    547.12   999.99    3.200
    547.42   999.99    3.212
    547.73   999.99    3.225
    548.03   999.99    3.244
    548.34   999.99    3.256
    548.64   999.99    3.261
    548.95   999.99    3.265
    549.25   999.99    3.282
    549.56   999.99    3.296
    549.86   999.99    3.308
    550.17   999.99    3.317
    550.47   999.99    3.326
    550.77   999.99    3.343
    551.08   999.99    3.354
    551.38   999.99    3.369
    551.69   999.99    3.373
    551.99   999.99    3.381
    552.30   999.99    3.394
    552.60   999.99    3.410
    556.57   999.99    3.560
    556.87   999.99    3.577
    557.18   999.99    3.584
    557.48   999.99    3.592
    557.79   999.99    3.601
    558.09   999.99    3.612
    558.39   999.99    3.629
    558.70   999.99    3.649
    559.00   999.99    3.660
    559.31   999.99    3.667
    559.61   999.99    3.672
    559.92   999.99    3.682
    560.22   999.99    3.691
    560.53   999.99    3.702
    560.83   999.99    3.712
    561.14   999.99    3.722
    561.44   999.99    3.738
    561.75   999.99    3.748
    562.05   999.99    3.749
    562.36   999.99    3.759
    562.66   999.99    3.773
    562.97   999.99    3.787
    566.93   999.99    3.928
    567.23   999.99    3.938
    567.54   999.99    3.948
    567.84   999.99    3.957
    568.15   999.99    3.965
    568.45   999.99    3.978
    568.76   999.99    3.996
    569.06   999.99    3.996
    569.37   999.99    4.006
    569.67   999.99    4.016
    569.98   999.99    4.032
    570.28   999.99    4.048
    570.59   999.99    4.057
    570.89   999.99    4.065
    571.20   999.99    4.081
    571.50   999.99    4.093
    571.81   999.99    4.105
    572.11   999.99    4.117
    572.42   999.99    4.125
    572.72   999.99    4.141
    573.03   999.99    4.144
    573.33   999.99    4.148
    577.29   999.99    4.307
    577.60   999.99    4.321
    577.90   999.99    4.337
    578.21   999.99    4.345
    578.51   999.99    4.358
    578.82   999.99    4.387
    579.12   999.99    4.399
    579.43   999.99    4.419
    579.73   999.99    4.447
    580.04   999.99    4.451
    580.34   999.99    4.467
    580.65   999.99    4.489
    580.95   999.99    4.503
    581.25   999.99    4.518
    581.56   999.99    4.538
    581.86   999.99    4.554
    582.17   999.99    4.575
    582.47   999.99    4.595
    582.78   999.99    4.612
    583.08   999.99    4.620
    583.39   999.99    4.644
    583.69   999.99    4.652
    587.66   999.99    4.814
    587.96   999.99    4.822
    588.27   999.99    4.830
    588.57   999.99    4.838
    588.87   999.99    4.848
    589.18   999.99    4.858
    589.48   999.99    4.872
    589.79   999.99    4.885
    590.09   999.99    4.896
    590.40   999.99    4.894
    590.70   999.99    4.900
    591.01   999.99    4.910
    591.31   999.99    4.919
    591.62   999.99    4.931
    591.92   999.99    4.940
    592.23   999.99    4.957
    592.53   999.99    4.963
    592.84   999.99    4.968
    593.14   999.99    4.986
    593.45   999.99    4.998
    593.75   999.99    5.013
    594.06   999.99    5.026
    598.02   999.99    5.140
    598.32   999.99    5.149
    598.63   999.99    5.159
    598.93   999.99    5.175
    599.24   999.99    5.193
    599.54   999.99    5.206
    599.85   999.99    5.207
    600.15   999.99    5.213
    600.46   999.99    5.227
    600.76   999.99    5.231
    601.07   999.99    5.237
    601.37   999.99    5.248
    601.68   999.99    5.260
    601.98   999.99    5.268
    602.29   999.99    5.279
    602.59   999.99    5.290
    602.90   999.99    5.299
    603.20   999.99    5.317
    603.51   999.99    5.335
    603.81   999.99    5.343
    604.11   999.99    5.348
    604.42   999.99    5.363
    607.16   999.99    5.492
    607.47   999.99    5.500
    607.77   999.99    5.508
    608.08   999.99    5.521
    608.38   999.99    5.532
    608.69   999.99    5.553
    608.99   999.99    5.564
    609.30   999.99    5.571
    609.60   999.99    5.573
    609.91   999.99    5.583
    610.21   999.99    5.591
    610.52   999.99    5.609
    610.82   999.99    5.623
    611.13   999.99    5.633
    611.43   999.99    5.644
    611.73   999.99    5.660
    612.04   999.99    5.674
    612.34   999.99    5.684
    616.31   999.99    5.822
    616.61   999.99    5.836
    616.92   999.99    5.855
    617.22   999.99    5.867
    617.53   999.99    5.874
    617.83   999.99    5.896
    618.14   999.99    5.900
    618.44   999.99    5.907
    618.75   999.99    5.918
    619.05   999.99    5.937
    619.35   999.99    5.956
    619.66   999.99    5.969
    619.96   999.99    5.971
    620.27   999.99    5.977
    620.57   999.99    5.986
    620.88   999.99    6.000
    621.18   999.99    6.014
    621.49   999.99    6.022
    621.79   999.99    6.025
    622.10   999.99    6.037
    622.40   999.99    6.049
    622.71   999.99    6.055
    623.01   999.99    6.062
    623.32   999.99    6.075
    623.62   999.99    6.091
    623.93   999.99    6.105
    624.23   999.99    6.116
    624.54   999.99    6.129
    624.84   999.99    6.138
    628.80   999.99    6.282
    629.11   999.99    6.292
    629.41   999.99    6.306
    629.72   999.99    6.317
    630.02   999.99    6.328
    630.33   999.99    6.338
    630.63   999.99    6.349
    630.94   999.99    6.361
    631.24   999.99    6.375
    631.55   999.99    6.388
    631.85   999.99    6.403
    632.16   999.99    6.417
    632.46   999.99    6.422
    632.77   999.99    6.424
    633.07   999.99    6.430
    633.38   999.99    6.438
    633.68   999.99    6.451
    633.99   999.99    6.461
    634.29   999.99    6.471
    634.59   999.99    6.483
    634.90   999.99    6.500
    635.20   999.99    6.519
    638.25   999.99    6.611
    638.56   999.99    6.624
    638.86   999.99    6.636
    639.17   999.99    6.646
    639.47   999.99    6.657
    639.78   999.99    6.667
    640.08   999.99    6.682
    640.39   999.99    6.694
    640.69   999.99    6.701
    641.00   999.99    6.711
    641.30   999.99    6.723
    641.61   999.99    6.737
    641.91   999.99    6.749
    642.21   999.99    6.759
    642.52   999.99    6.771
    642.82   999.99    6.779
    643.13   999.99    6.781
    643.43   999.99    6.793
    647.40   999.99    6.921
    647.70   999.99    6.939
    648.01   999.99    6.947
    648.31   999.99    6.956
    648.62   999.99    6.968
    648.92   999.99    6.971
    649.23   999.99    6.983
    649.53   999.99    6.985
    649.83   999.99    6.999
    650.14   999.99    7.006
    650.44   999.99    7.017
    650.75   999.99    7.037
    651.05   999.99    7.042
    651.36   999.99    7.047
    651.66   999.99    7.061
    651.97   999.99    7.067
    652.27   999.99    7.075
    652.58   999.99    7.090
    652.88   999.99    7.105
    653.19   999.99    7.115
    653.49   999.99    7.115
    653.80   999.99    7.128
    656.54   999.99    7.211
    656.85   999.99    7.225
    657.15   999.99    7.235
    657.45   999.99    7.239
    657.76   999.99    7.253
    658.06   999.99    7.262
    658.37   999.99    7.274
    658.67   999.99    7.284
    658.98   999.99    7.298
    659.28   999.99    7.305
    659.59   999.99    7.322
    659.89   999.99    7.335
    660.20   999.99    7.340
    660.50   999.99    7.349
    660.81   999.99    7.361
    661.11   999.99    7.375
    661.42   999.99    7.382
    661.72   999.99    7.391
    662.03   999.99    7.404
    662.33   999.99    7.409
    662.64   999.99    7.420
    662.94   999.99    7.427
    663.25   999.99    7.445
    663.55   999.99    7.455
    663.86   999.99    7.466
    667.82   999.99    7.610
    668.12   999.99    7.624
    668.43   999.99    7.640
    668.73   999.99    7.649
    669.04   999.99    7.654
    669.34   999.99    7.662
    669.65   999.99    7.676
    669.95   999.99    7.685
    670.26   999.99    7.698
    670.56   999.99    7.719
    670.87   999.99    7.732
    671.17   999.99    7.743
    671.48   999.99    7.756
    671.78   999.99    7.764
    672.09   999.99    7.774
    672.39   999.99    7.786
    672.69   999.99    7.802
    673.00   999.99    7.815
    673.30   999.99    7.827
    673.61   999.99    7.837
    673.91   999.99    7.843
    674.22   999.99    7.855
    678.18   999.99    8.021
    678.49   999.99    8.030
    678.79   999.99    8.037
    679.10   999.99    8.044
    679.40   999.99    8.054
    679.71   999.99    8.064
    680.01   999.99    8.080
    680.31   999.99    8.097
    680.62   999.99    8.107
    680.92   999.99    8.113
    681.23   999.99    8.122
    681.53   999.99    8.131
    681.84   999.99    8.149
    682.14   999.99    8.159
    682.45   999.99    8.169
    687.33   999.99    8.342
    687.63   999.99    8.352
    687.93   999.99    8.365
    688.24   999.99    8.376
    688.54   999.99    8.387
    688.85   999.99    8.408
    689.15   999.99    8.421
    689.46   999.99    8.438
    689.76   999.99    8.450
    690.07   999.99    8.462
    690.37   999.99    8.469
    690.68   999.99    8.480
    690.98   999.99    8.498
    691.29   999.99    8.515
    691.59   999.99    8.524
    691.90   999.99    8.537
    692.20   999.99    8.551
    692.51   999.99    8.558
    692.81   999.99    8.562
    693.12   999.99    8.578
    693.42   999.99    8.599
    693.73   999.99    8.606
    694.03   999.99    8.616
    694.34   999.99    8.633
    694.64   999.99    8.643
    694.95   999.99    8.658
    698.60   999.99    8.664
    698.91   999.99    8.806
    699.21   999.99    8.817
    699.52   999.99    8.836
    699.82   999.99    8.850
    700.13   999.99    8.862
    700.43   999.99    8.874
    700.74   999.99    8.892
    701.04   999.99    8.904
    701.35   999.99    8.918
    701.65   999.99    8.930
    701.96   999.99    8.944
    702.26   999.99    8.952
    702.57   999.99    8.957
    702.87   999.99    8.969
    703.17   999.99    8.982
    703.48   999.99    8.997
    703.78   999.99    9.006
    704.09   999.99    9.013
    704.39   999.99    9.029
    704.70   999.99    9.036
    705.00   999.99    9.050
    705.31   999.99    9.059
    711.40   999.99    9.280
    711.71   999.99    9.291
    712.01   999.99    9.305
    712.32   999.99    9.320
    712.62   999.99    9.331
    712.93   999.99    9.338
    713.23   999.99    9.347
    713.54   999.99    9.358
    713.84   999.99    9.366
    714.15   999.99    9.381
    714.45   999.99    9.387
    714.76   999.99    9.397
    715.06   999.99    9.404
    715.37   999.99    9.420
    715.67   999.99    9.433
    719.63   999.99    9.587
    719.94   999.99    9.593
    720.24   999.99    9.603
    720.55   999.99    9.621
    720.85   999.99    9.634
    721.16   999.99    9.642
    721.46   999.99    9.650
    721.77   999.99    9.660
    722.07   999.99    9.680
    722.38   999.99    9.687
    722.68   999.99    9.694
    722.99   999.99    9.700
    723.29   999.99    9.713
    723.60   999.99    9.726
    723.90   999.99    9.744
    724.21   999.99    9.755
    724.51   999.99    9.768
    724.82   999.99    9.785
    725.12   999.99    9.795
    725.43   999.99    9.807
    725.73   999.99    9.823
    726.03   999.99    9.837
    730.00   999.99    9.978
    730.30   999.99    9.985
    730.61   999.99    9.995
    730.91   999.99   10.004
    731.22   999.99   10.020
    731.52   999.99   10.028
    731.83   999.99   10.041
    732.13   999.99   10.054
    732.44   999.99   10.066
    732.74   999.99   10.075
    733.05   999.99   10.080
    733.35   999.99   10.089
    733.66   999.99   10.105
    733.96   999.99   10.122
    734.26   999.99   10.130
    734.57   999.99   10.140
    734.87   999.99   10.153
    735.18   999.99   10.166
    735.48   999.99   10.172
    735.79   999.99   10.186
    736.09   999.99   10.193
    740.36   999.99   10.366
    740.67   999.99   10.367
    740.97   999.99   10.375
    741.28   999.99   10.384
    741.58   999.99   10.388
    741.88   999.99   10.401
    742.19   999.99   10.420
    742.49   999.99   10.433
    742.80   999.99   10.446
    743.10   999.99   10.460
    743.41   999.99   10.469
    743.71   999.99   10.474
    744.02   999.99   10.489
    744.32   999.99   10.503
    748.29   999.99   10.642
    748.59   999.99   10.660
    748.90   999.99   10.677
    749.20   999.99   10.687
    749.50   999.99   10.695
    749.81   999.99   10.706
    750.11   999.99   10.717
    750.42   999.99   10.736
    750.72   999.99   10.752
    751.03   999.99   10.756
    751.33   999.99   10.764
    751.64   999.99   10.784
    751.94   999.99   10.792
    752.25   999.99   10.805
    752.55   999.99   10.818
    752.86   999.99   10.830
    753.16   999.99   10.836
    753.47   999.99   10.850
    753.77   999.99   10.856
    754.08   999.99   10.865
    754.38   999.99   10.876
    754.69   999.99   10.897
    754.08   999.99   10.865
    754.38   999.99   10.876
    754.69   999.99   10.897
    758.65   999.99   11.050
    758.95   999.99   11.058
