 << U.S. Geological Survey Borehole Temperature Log - Alaska >>
  
 Site:             WK16
 Log Date:         87SEP02 
 Type of Log:      continuous  
 Type of Sensor:   thermistor network (custom)
 Measuring Device: digital multimeter
 Deconvolved:      no 
  
  Z   = measured depth (m)
  TVD = true vertical depth (m)
  T   = temperature (C)
  
        Z      TVD       T
      2.74   999.99     .286
      3.05   999.99     .155
      3.35   999.99    -.123
      3.66   999.99    -.350
      3.96   999.99    -.512
      4.27   999.99    -.714
      4.57   999.99   -1.062
      4.88   999.99   -1.481
      5.18   999.99   -1.886
      5.49   999.99   -2.420
      5.79   999.99   -3.404
      6.10   999.99   -4.100
      6.40   999.99   -4.743
      6.71   999.99   -5.380
      7.01   999.99   -5.917
      7.32   999.99   -6.414
      7.62   999.99   -6.848
      7.92   999.99   -7.333
      8.23   999.99   -7.829
      8.53   999.99   -8.235
      8.84   999.99   -8.495
      9.14   999.99   -8.766
      9.45   999.99   -9.024
      9.75   999.99   -9.301
     10.06   999.99   -9.495
     10.36   999.99   -9.639
     10.67   999.99   -9.766
     10.97   999.99   -9.885
     11.28   999.99   -9.981
     11.58   999.99  -10.074
     12.19   999.99  -10.178
     12.50   999.99  -10.205
     12.80   999.99  -10.234
     13.11   999.99  -10.253
     13.41   999.99  -10.267
     13.72   999.99  -10.280
     14.02   999.99  -10.294
     14.33   999.99  -10.303
     14.63   999.99  -10.312
     14.94   999.99  -10.318
     15.24   999.99  -10.322
     15.54   999.99  -10.326
     15.85   999.99  -10.326
     16.15   999.99  -10.324
     16.46   999.99  -10.320
     16.76   999.99  -10.314
     17.07   999.99  -10.308
     17.37   999.99  -10.301
     17.68   999.99  -10.294
     17.98   999.99  -10.287
     18.29   999.99  -10.278
     18.59   999.99  -10.268
     18.90   999.99  -10.259
     19.20   999.99  -10.248
     19.51   999.99  -10.239
     19.81   999.99  -10.225
     20.12   999.99  -10.215
     20.42   999.99  -10.207
     20.73   999.99  -10.199
     21.03   999.99  -10.189
     21.34   999.99  -10.179
     21.64   999.99  -10.169
     21.95   999.99  -10.158
     22.25   999.99  -10.145
     22.56   999.99  -10.135
     22.86   999.99  -10.122
     23.16   999.99  -10.112
     23.47   999.99  -10.103
     23.77   999.99  -10.097
     24.08   999.99  -10.089
     24.38   999.99  -10.079
     24.69   999.99  -10.067
     24.99   999.99  -10.056
     25.30   999.99  -10.045
     25.60   999.99  -10.033
     25.91   999.99  -10.020
     26.21   999.99  -10.009
     26.52   999.99   -9.995
     26.82   999.99   -9.984
     27.13   999.99   -9.975
     27.43   999.99   -9.965
     27.74   999.99   -9.953
     28.04   999.99   -9.942
     28.35   999.99   -9.931
     28.65   999.99   -9.918
     28.96   999.99   -9.909
     29.26   999.99   -9.902
     29.57   999.99   -9.897
     29.87   999.99   -9.888
     30.18   999.99   -9.879
     30.48   999.99   -9.868
     30.78   999.99   -9.858
     31.09   999.99   -9.846
     31.39   999.99   -9.839
     31.70   999.99   -9.832
     32.00   999.99   -9.823
     32.31   999.99   -9.812
     32.61   999.99   -9.803
     32.92   999.99   -9.794
     33.22   999.99   -9.787
     33.53   999.99   -9.779
     33.83   999.99   -9.772
     34.14   999.99   -9.765
     34.44   999.99   -9.755
     34.75   999.99   -9.747
     35.05   999.99   -9.738
     35.36   999.99   -9.730
     35.66   999.99   -9.721
     35.97   999.99   -9.712
     36.27   999.99   -9.703
     36.58   999.99   -9.696
     36.88   999.99   -9.689
     37.19   999.99   -9.680
     37.49   999.99   -9.670
     37.80   999.99   -9.663
     38.10   999.99   -9.656
     38.40   999.99   -9.648
     38.71   999.99   -9.642
     39.01   999.99   -9.638
     39.32   999.99   -9.631
     39.62   999.99   -9.625
     39.93   999.99   -9.617
     40.23   999.99   -9.608
     40.54   999.99   -9.600
     40.84   999.99   -9.593
     41.15   999.99   -9.586
     41.45   999.99   -9.579
     41.76   999.99   -9.573
     42.06   999.99   -9.568
     42.37   999.99   -9.562
     42.67   999.99   -9.557
     42.98   999.99   -9.552
     43.28   999.99   -9.546
     43.59   999.99   -9.540
     43.89   999.99   -9.534
     44.20   999.99   -9.528
     44.50   999.99   -9.523
     44.81   999.99   -9.518
     45.11   999.99   -9.512
     45.42   999.99   -9.506
     45.72   999.99   -9.498
     46.02   999.99   -9.492
     46.33   999.99   -9.486
     46.63   999.99   -9.482
     46.94   999.99   -9.476
     47.24   999.99   -9.471
     47.55   999.99   -9.466
     47.85   999.99   -9.462
     48.16   999.99   -9.458
     48.46   999.99   -9.454
     48.77   999.99   -9.451
     49.07   999.99   -9.446
     49.38   999.99   -9.443
     49.68   999.99   -9.438
     49.99   999.99   -9.434
     50.29   999.99   -9.430
     50.60   999.99   -9.427
     50.90   999.99   -9.424
     51.21   999.99   -9.419
     51.51   999.99   -9.415
     51.82   999.99   -9.411
     52.12   999.99   -9.407
     52.43   999.99   -9.404
     52.73   999.99   -9.402
     53.04   999.99   -9.399
     53.34   999.99   -9.396
     53.64   999.99   -9.394
     53.95   999.99   -9.391
     54.25   999.99   -9.388
     54.56   999.99   -9.385
     54.86   999.99   -9.382
     55.17   999.99   -9.379
     55.47   999.99   -9.375
     55.78   999.99   -9.372
     56.08   999.99   -9.370
     56.39   999.99   -9.367
     56.69   999.99   -9.364
     57.00   999.99   -9.362
     57.30   999.99   -9.359
     57.61   999.99   -9.357
     57.91   999.99   -9.354
     58.22   999.99   -9.352
     58.52   999.99   -9.349
     58.83   999.99   -9.346
     59.13   999.99   -9.344
     59.44   999.99   -9.340
     59.74   999.99   -9.338
     60.05   999.99   -9.335
     60.35   999.99   -9.333
     60.66   999.99   -9.331
     60.96   999.99   -9.329
     61.26   999.99   -9.326
     61.57   999.99   -9.324
     61.87   999.99   -9.322
     62.18   999.99   -9.319
     62.48   999.99   -9.317
     62.79   999.99   -9.315
     63.09   999.99   -9.312
     63.40   999.99   -9.310
     63.70   999.99   -9.307
     64.01   999.99   -9.305
     64.31   999.99   -9.302
     64.62   999.99   -9.301
     64.92   999.99   -9.299
     65.23   999.99   -9.296
     65.53   999.99   -9.294
     65.84   999.99   -9.292
     66.14   999.99   -9.289
     66.45   999.99   -9.287
     66.75   999.99   -9.285
     67.06   999.99   -9.283
     67.36   999.99   -9.281
     67.67   999.99   -9.278
     67.97   999.99   -9.275
     68.28   999.99   -9.273
     68.58   999.99   -9.270
     68.88   999.99   -9.268
     69.19   999.99   -9.266
     69.49   999.99   -9.263
     69.80   999.99   -9.261
     70.10   999.99   -9.258
     70.41   999.99   -9.255
     70.71   999.99   -9.253
     71.02   999.99   -9.251
     71.32   999.99   -9.248
     71.63   999.99   -9.246
     71.93   999.99   -9.244
     72.24   999.99   -9.241
     72.54   999.99   -9.239
     72.85   999.99   -9.236
     73.15   999.99   -9.233
     73.46   999.99   -9.231
     73.76   999.99   -9.229
     74.07   999.99   -9.227
     74.37   999.99   -9.224
     74.68   999.99   -9.221
     74.98   999.99   -9.218
     75.29   999.99   -9.215
     75.59   999.99   -9.213
     75.90   999.99   -9.211
     76.20   999.99   -9.208
     76.50   999.99   -9.206
     76.81   999.99   -9.203
     77.11   999.99   -9.200
     77.42   999.99   -9.197
     77.72   999.99   -9.194
     78.03   999.99   -9.191
     78.33   999.99   -9.189
     78.64   999.99   -9.187
     78.94   999.99   -9.185
     79.25   999.99   -9.182
     79.55   999.99   -9.179
     79.86   999.99   -9.176
     80.16   999.99   -9.173
     80.47   999.99   -9.170
     80.77   999.99   -9.168
     81.08   999.99   -9.165
     81.38   999.99   -9.162
     81.69   999.99   -9.159
     81.99   999.99   -9.156
     82.30   999.99   -9.154
     82.60   999.99   -9.152
     82.91   999.99   -9.149
     83.21   999.99   -9.146
     83.52   999.99   -9.143
     83.82   999.99   -9.141
     84.12   999.99   -9.137
     84.43   999.99   -9.134
     84.73   999.99   -9.132
     85.04   999.99   -9.129
     85.34   999.99   -9.126
     85.65   999.99   -9.123
     85.95   999.99   -9.121
     86.26   999.99   -9.117
     86.56   999.99   -9.114
     86.87   999.99   -9.110
     87.17   999.99   -9.108
     87.48   999.99   -9.105
     87.78   999.99   -9.102
     88.09   999.99   -9.099
     88.39   999.99   -9.096
     88.70   999.99   -9.093
     89.00   999.99   -9.090
     89.31   999.99   -9.086
     89.61   999.99   -9.082
     89.92   999.99   -9.079
     90.22   999.99   -9.075
     90.53   999.99   -9.072
     90.83   999.99   -9.068
     91.14   999.99   -9.066
     91.44   999.99   -9.063
     91.74   999.99   -9.059
     92.05   999.99   -9.056
     92.35   999.99   -9.053
     92.66   999.99   -9.050
     92.96   999.99   -9.047
     93.27   999.99   -9.044
     93.57   999.99   -9.041
     93.88   999.99   -9.038
     94.18   999.99   -9.033
     94.49   999.99   -9.031
     94.79   999.99   -9.028
     95.10   999.99   -9.024
     95.40   999.99   -9.021
     95.71   999.99   -9.018
     96.01   999.99   -9.015
     96.32   999.99   -9.013
     96.62   999.99   -9.009
     96.93   999.99   -9.006
     97.23   999.99   -9.001
     97.54   999.99   -8.998
     97.84   999.99   -8.995
     98.15   999.99   -8.991
     98.45   999.99   -8.989
     98.76   999.99   -8.986
     99.06   999.99   -8.983
     99.36   999.99   -8.981
     99.67   999.99   -8.977
     99.97   999.99   -8.974
    100.28   999.99   -8.971
    100.58   999.99   -8.967
    100.89   999.99   -8.963
    101.19   999.99   -8.959
    101.50   999.99   -8.956
    101.80   999.99   -8.952
    102.11   999.99   -8.948
    102.41   999.99   -8.945
    102.72   999.99   -8.941
    103.02   999.99   -8.937
    103.33   999.99   -8.935
    103.63   999.99   -8.931
    103.94   999.99   -8.928
    104.24   999.99   -8.924
    104.55   999.99   -8.922
    104.85   999.99   -8.918
    105.16   999.99   -8.913
    105.46   999.99   -8.910
    105.77   999.99   -8.906
    106.07   999.99   -8.902
    106.38   999.99   -8.900
    106.68   999.99   -8.897
    106.99   999.99   -8.894
    107.29   999.99   -8.890
    107.59   999.99   -8.887
    107.90   999.99   -8.884
    108.20   999.99   -8.880
    108.51   999.99   -8.876
    108.81   999.99   -8.871
    109.12   999.99   -8.867
    109.42   999.99   -8.864
    109.73   999.99   -8.861
    110.03   999.99   -8.859
    110.34   999.99   -8.855
    110.64   999.99   -8.852
    110.95   999.99   -8.848
    111.25   999.99   -8.844
    111.56   999.99   -8.841
    111.86   999.99   -8.837
    112.17   999.99   -8.833
    112.47   999.99   -8.831
    112.78   999.99   -8.827
    113.08   999.99   -8.825
    113.39   999.99   -8.821
    113.69   999.99   -8.817
    114.00   999.99   -8.814
    114.30   999.99   -8.810
    114.61   999.99   -8.806
    114.91   999.99   -8.804
    115.21   999.99   -8.799
    115.52   999.99   -8.796
    115.82   999.99   -8.791
    116.13   999.99   -8.786
    116.43   999.99   -8.782
    116.74   999.99   -8.777
    117.04   999.99   -8.773
    117.35   999.99   -8.769
    117.65   999.99   -8.765
    117.96   999.99   -8.762
    118.26   999.99   -8.757
    118.57   999.99   -8.754
    118.87   999.99   -8.750
    119.18   999.99   -8.747
    119.48   999.99   -8.743
    119.79   999.99   -8.738
    120.09   999.99   -8.734
    120.40   999.99   -8.728
    120.70   999.99   -8.724
    121.01   999.99   -8.720
    121.31   999.99   -8.715
    121.62   999.99   -8.711
    121.92   999.99   -8.706
    122.22   999.99   -8.702
    122.53   999.99   -8.699
    122.83   999.99   -8.694
    123.14   999.99   -8.690
    123.44   999.99   -8.686
    123.75   999.99   -8.679
    124.05   999.99   -8.674
    124.36   999.99   -8.670
    124.66   999.99   -8.662
    124.97   999.99   -8.656
    125.27   999.99   -8.651
    125.58   999.99   -8.646
    125.88   999.99   -8.642
    126.19   999.99   -8.636
    126.49   999.99   -8.631
    126.80   999.99   -8.625
    127.10   999.99   -8.620
    127.41   999.99   -8.614
    127.71   999.99   -8.610
    128.02   999.99   -8.605
    128.32   999.99   -8.599
    128.63   999.99   -8.594
    128.93   999.99   -8.588
    129.24   999.99   -8.583
    129.54   999.99   -8.577
    129.85   999.99   -8.572
    130.15   999.99   -8.568
    130.45   999.99   -8.562
    130.76   999.99   -8.557
    131.06   999.99   -8.553
    131.37   999.99   -8.548
    131.67   999.99   -8.542
    131.98   999.99   -8.537
    132.28   999.99   -8.532
    132.59   999.99   -8.526
    132.89   999.99   -8.522
    133.20   999.99   -8.519
    133.50   999.99   -8.514
    133.81   999.99   -8.510
    134.11   999.99   -8.506
    134.42   999.99   -8.502
    134.72   999.99   -8.497
    135.03   999.99   -8.492
    135.33   999.99   -8.487
    135.64   999.99   -8.481
    135.94   999.99   -8.477
    136.25   999.99   -8.472
    136.55   999.99   -8.468
    136.86   999.99   -8.461
    137.16   999.99   -8.456
    137.47   999.99   -8.452
    137.77   999.99   -8.447
    138.07   999.99   -8.443
    138.38   999.99   -8.437
    138.68   999.99   -8.432
    138.99   999.99   -8.428
    139.29   999.99   -8.422
    139.60   999.99   -8.417
    139.90   999.99   -8.410
    140.21   999.99   -8.405
    140.51   999.99   -8.399
    140.82   999.99   -8.394
    141.12   999.99   -8.389
    141.43   999.99   -8.384
    141.73   999.99   -8.380
    142.04   999.99   -8.373
    142.34   999.99   -8.369
    142.65   999.99   -8.363
    142.95   999.99   -8.357
    143.26   999.99   -8.352
    143.56   999.99   -8.347
    143.87   999.99   -8.343
    144.17   999.99   -8.337
    144.48   999.99   -8.332
    144.78   999.99   -8.325
    145.09   999.99   -8.319
    145.39   999.99   -8.312
    145.69   999.99   -8.304
    146.00   999.99   -8.298
    146.30   999.99   -8.291
    146.61   999.99   -8.284
    146.91   999.99   -8.277
    147.22   999.99   -8.272
    147.52   999.99   -8.268
    147.83   999.99   -8.260
    148.13   999.99   -8.253
    148.44   999.99   -8.248
    148.74   999.99   -8.243
    149.05   999.99   -8.238
    149.35   999.99   -8.234
    149.66   999.99   -8.229
    149.96   999.99   -8.225
    150.27   999.99   -8.219
    150.57   999.99   -8.215
    150.88   999.99   -8.211
    151.18   999.99   -8.206
    151.49   999.99   -8.200
    151.79   999.99   -8.194
    152.10   999.99   -8.188
    152.40   999.99   -8.181
    152.71   999.99   -8.175
    153.01   999.99   -8.171
    153.31   999.99   -8.165
    153.62   999.99   -8.159
    153.92   999.99   -8.153
    154.23   999.99   -8.147
    154.53   999.99   -8.143
    154.84   999.99   -8.137
    155.14   999.99   -8.133
    155.45   999.99   -8.128
    155.75   999.99   -8.123
    156.06   999.99   -8.119
    156.36   999.99   -8.115
    156.67   999.99   -8.109
    156.97   999.99   -8.105
    157.28   999.99   -8.099
    157.58   999.99   -8.094
    157.89   999.99   -8.087
    158.19   999.99   -8.081
    158.50   999.99   -8.076
    158.80   999.99   -8.071
    159.11   999.99   -8.065
    159.41   999.99   -8.059
    159.72   999.99   -8.053
    160.02   999.99   -8.046
    160.33   999.99   -8.040
    160.63   999.99   -8.033
    160.93   999.99   -8.026
    161.24   999.99   -8.022
    161.54   999.99   -8.017
    161.85   999.99   -8.011
    162.15   999.99   -8.005
    162.46   999.99   -7.999
    162.76   999.99   -7.992
    163.07   999.99   -7.986
    163.37   999.99   -7.981
    163.68   999.99   -7.975
    163.98   999.99   -7.970
    164.29   999.99   -7.964
    164.59   999.99   -7.959
    164.90   999.99   -7.956
    165.20   999.99   -7.950
    165.51   999.99   -7.945
    165.81   999.99   -7.938
    166.12   999.99   -7.931
    166.42   999.99   -7.924
    166.73   999.99   -7.919
    167.03   999.99   -7.913
    167.34   999.99   -7.906
    167.64   999.99   -7.899
    167.95   999.99   -7.894
    168.25   999.99   -7.889
    168.55   999.99   -7.884
    168.86   999.99   -7.877
    169.16   999.99   -7.871
    169.47   999.99   -7.865
    169.77   999.99   -7.859
    170.08   999.99   -7.853
    170.38   999.99   -7.846
    170.69   999.99   -7.840
    170.99   999.99   -7.833
    171.30   999.99   -7.828
    171.60   999.99   -7.821
    171.91   999.99   -7.814
    172.21   999.99   -7.806
    172.52   999.99   -7.799
    172.82   999.99   -7.795
    173.13   999.99   -7.789
    173.43   999.99   -7.784
    173.74   999.99   -7.781
    174.04   999.99   -7.775
    174.35   999.99   -7.769
    174.65   999.99   -7.763
    174.96   999.99   -7.757
    175.26   999.99   -7.751
    175.57   999.99   -7.745
    175.87   999.99   -7.740
    176.17   999.99   -7.735
    176.48   999.99   -7.731
    176.78   999.99   -7.725
    177.09   999.99   -7.719
    177.39   999.99   -7.715
    177.70   999.99   -7.709
    178.00   999.99   -7.703
    178.31   999.99   -7.696
    178.61   999.99   -7.690
    178.92   999.99   -7.684
    179.22   999.99   -7.678
    179.53   999.99   -7.673
    179.83   999.99   -7.666
    180.14   999.99   -7.661
    180.44   999.99   -7.656
    180.75   999.99   -7.652
    181.05   999.99   -7.648
    181.36   999.99   -7.642
    181.66   999.99   -7.635
    181.97   999.99   -7.630
    182.27   999.99   -7.624
    182.58   999.99   -7.619
    182.88   999.99   -7.616
    183.19   999.99   -7.612
    183.49   999.99   -7.609
    183.79   999.99   -7.604
    184.10   999.99   -7.600
    184.40   999.99   -7.595
    184.71   999.99   -7.587
    185.01   999.99   -7.582
    185.32   999.99   -7.578
    185.62   999.99   -7.573
    185.93   999.99   -7.566
    186.23   999.99   -7.561
    186.54   999.99   -7.554
    186.84   999.99   -7.547
    187.15   999.99   -7.543
    187.45   999.99   -7.537
    187.76   999.99   -7.533
    188.06   999.99   -7.529
    188.37   999.99   -7.525
    188.67   999.99   -7.520
    188.98   999.99   -7.516
    189.28   999.99   -7.511
    189.59   999.99   -7.507
    189.89   999.99   -7.502
    190.20   999.99   -7.495
    190.50   999.99   -7.488
    190.81   999.99   -7.483
    191.11   999.99   -7.477
    191.41   999.99   -7.473
    191.72   999.99   -7.468
    192.02   999.99   -7.461
    192.33   999.99   -7.457
    192.63   999.99   -7.450
    192.94   999.99   -7.443
    193.24   999.99   -7.437
    193.55   999.99   -7.432
    193.85   999.99   -7.426
    194.16   999.99   -7.420
    194.46   999.99   -7.415
    194.77   999.99   -7.409
    195.07   999.99   -7.404
    195.38   999.99   -7.397
    195.68   999.99   -7.390
    195.99   999.99   -7.384
    196.29   999.99   -7.377
    196.60   999.99   -7.370
    196.90   999.99   -7.363
    197.21   999.99   -7.358
    197.51   999.99   -7.352
    197.82   999.99   -7.345
    198.12   999.99   -7.339
    198.43   999.99   -7.331
    198.73   999.99   -7.325
    199.03   999.99   -7.319
    199.34   999.99   -7.312
    199.64   999.99   -7.306
    199.95   999.99   -7.300
    200.25   999.99   -7.295
    200.56   999.99   -7.289
    200.86   999.99   -7.281
    201.17   999.99   -7.274
    201.47   999.99   -7.267
    201.78   999.99   -7.261
    202.08   999.99   -7.256
    202.39   999.99   -7.251
    202.69   999.99   -7.245
    203.00   999.99   -7.238
    203.30   999.99   -7.233
    203.61   999.99   -7.228
    203.91   999.99   -7.222
    204.22   999.99   -7.213
    204.52   999.99   -7.204
    204.83   999.99   -7.197
    205.13   999.99   -7.190
    205.44   999.99   -7.180
    205.74   999.99   -7.172
    206.05   999.99   -7.163
    206.35   999.99   -7.155
    206.65   999.99   -7.147
    206.96   999.99   -7.140
    207.26   999.99   -7.131
    207.57   999.99   -7.124
    207.87   999.99   -7.116
    208.18   999.99   -7.108
    208.48   999.99   -7.101
    208.79   999.99   -7.095
    209.09   999.99   -7.088
    209.40   999.99   -7.082
    209.70   999.99   -7.074
    210.01   999.99   -7.063
    210.31   999.99   -7.054
    210.62   999.99   -7.044
    210.92   999.99   -7.036
    211.23   999.99   -7.027
    211.53   999.99   -7.018
    211.84   999.99   -7.010
    212.14   999.99   -7.002
    212.45   999.99   -6.993
    212.75   999.99   -6.983
    213.06   999.99   -6.976
    213.36   999.99   -6.968
    213.67   999.99   -6.958
    213.97   999.99   -6.950
    214.27   999.99   -6.942
    214.58   999.99   -6.933
    214.88   999.99   -6.924
    215.19   999.99   -6.914
    215.49   999.99   -6.907
    215.80   999.99   -6.900
    216.10   999.99   -6.894
    216.41   999.99   -6.887
    216.71   999.99   -6.878
    217.02   999.99   -6.870
    217.32   999.99   -6.861
    217.63   999.99   -6.853
    217.93   999.99   -6.844
    218.24   999.99   -6.835
    218.54   999.99   -6.828
    218.85   999.99   -6.821
    219.15   999.99   -6.814
    219.46   999.99   -6.805
    219.76   999.99   -6.797
    220.07   999.99   -6.790
    220.37   999.99   -6.782
    220.68   999.99   -6.773
    220.98   999.99   -6.765
    221.29   999.99   -6.754
    221.59   999.99   -6.744
    221.89   999.99   -6.732
    222.20   999.99   -6.719
    222.50   999.99   -6.711
    222.81   999.99   -6.703
    223.11   999.99   -6.696
    223.42   999.99   -6.688
    223.72   999.99   -6.678
    224.03   999.99   -6.666
    224.33   999.99   -6.657
    224.64   999.99   -6.646
    224.94   999.99   -6.636
    225.25   999.99   -6.627
    225.55   999.99   -6.619
    225.86   999.99   -6.608
    226.16   999.99   -6.597
    226.47   999.99   -6.586
    226.77   999.99   -6.577
    227.08   999.99   -6.569
    227.38   999.99   -6.561
    227.69   999.99   -6.553
    227.99   999.99   -6.545
    228.30   999.99   -6.538
    228.60   999.99   -6.531
    228.91   999.99   -6.521
    229.21   999.99   -6.511
    229.51   999.99   -6.501
    229.82   999.99   -6.492
    230.12   999.99   -6.485
    230.43   999.99   -6.475
    230.73   999.99   -6.466
    231.04   999.99   -6.456
    231.34   999.99   -6.447
    231.65   999.99   -6.437
    231.95   999.99   -6.429
    232.26   999.99   -6.421
    232.56   999.99   -6.413
    232.87   999.99   -6.403
    233.17   999.99   -6.393
    233.48   999.99   -6.385
    233.78   999.99   -6.378
    234.09   999.99   -6.366
    234.39   999.99   -6.353
    234.70   999.99   -6.342
    235.00   999.99   -6.332
    235.31   999.99   -6.326
    235.61   999.99   -6.318
    235.92   999.99   -6.310
    236.22   999.99   -6.300
    236.53   999.99   -6.288
    236.83   999.99   -6.278
    237.13   999.99   -6.272
    237.44   999.99   -6.262
    237.74   999.99   -6.254
    238.05   999.99   -6.246
    238.35   999.99   -6.237
    238.66   999.99   -6.226
    238.96   999.99   -6.215
    239.27   999.99   -6.204
    239.57   999.99   -6.196
    239.88   999.99   -6.189
    240.18   999.99   -6.182
    240.49   999.99   -6.172
    240.79   999.99   -6.161
    241.10   999.99   -6.153
    241.40   999.99   -6.144
    241.71   999.99   -6.137
    242.01   999.99   -6.129
    242.32   999.99   -6.118
    242.62   999.99   -6.105
    242.93   999.99   -6.096
    243.23   999.99   -6.088
    243.54   999.99   -6.079
    243.84   999.99   -6.069
    244.15   999.99   -6.058
    244.45   999.99   -6.048
    244.75   999.99   -6.040
    245.06   999.99   -6.032
    245.36   999.99   -6.025
    245.67   999.99   -6.016
    245.97   999.99   -6.006
    246.28   999.99   -5.999
    246.58   999.99   -5.991
    246.89   999.99   -5.981
    247.19   999.99   -5.972
    247.50   999.99   -5.962
    247.80   999.99   -5.954
    248.11   999.99   -5.945
    248.41   999.99   -5.938
    248.72   999.99   -5.933
    249.02   999.99   -5.926
    249.33   999.99   -5.918
    249.63   999.99   -5.908
    249.94   999.99   -5.899
    250.24   999.99   -5.893
    250.55   999.99   -5.884
    250.85   999.99   -5.875
    251.16   999.99   -5.867
    251.46   999.99   -5.858
    251.77   999.99   -5.851
    252.07   999.99   -5.841
    252.37   999.99   -5.832
    252.68   999.99   -5.825
    252.98   999.99   -5.819
    253.29   999.99   -5.812
    253.59   999.99   -5.806
    253.90   999.99   -5.799
    254.20   999.99   -5.790
    254.51   999.99   -5.779
    254.81   999.99   -5.771
    255.12   999.99   -5.765
    255.42   999.99   -5.757
    255.73   999.99   -5.752
    256.03   999.99   -5.746
    256.34   999.99   -5.739
    256.64   999.99   -5.732
    256.95   999.99   -5.725
    257.25   999.99   -5.718
    257.56   999.99   -5.711
    257.86   999.99   -5.704
    258.17   999.99   -5.698
    258.47   999.99   -5.690
    258.78   999.99   -5.683
    259.08   999.99   -5.672
    259.39   999.99   -5.664
    259.69   999.99   -5.660
    259.99   999.99   -5.654
    260.30   999.99   -5.646
    260.60   999.99   -5.640
    260.91   999.99   -5.634
    261.21   999.99   -5.628
    261.52   999.99   -5.623
    261.82   999.99   -5.618
    262.13   999.99   -5.611
    262.43   999.99   -5.604
    262.74   999.99   -5.600
    263.04   999.99   -5.595
    263.35   999.99   -5.588
    263.65   999.99   -5.582
    263.96   999.99   -5.576
    264.26   999.99   -5.571
    264.57   999.99   -5.566
    264.87   999.99   -5.561
    265.18   999.99   -5.556
    265.48   999.99   -5.551
    265.79   999.99   -5.546
    266.09   999.99   -5.542
    266.40   999.99   -5.537
    266.70   999.99   -5.532
    267.01   999.99   -5.527
    267.31   999.99   -5.523
    267.61   999.99   -5.518
    267.92   999.99   -5.514
    268.22   999.99   -5.510
    268.53   999.99   -5.506
    268.83   999.99   -5.500
    269.14   999.99   -5.498
    269.44   999.99   -5.492
    269.75   999.99   -5.487
    270.05   999.99   -5.482
    270.36   999.99   -5.476
    270.66   999.99   -5.471
    270.97   999.99   -5.466
    271.27   999.99   -5.462
    271.58   999.99   -5.457
    271.88   999.99   -5.454
    272.19   999.99   -5.450
    272.49   999.99   -5.444
    272.80   999.99   -5.437
    273.10   999.99   -5.432
    273.41   999.99   -5.425
    273.71   999.99   -5.419
    274.02   999.99   -5.415
    274.32   999.99   -5.409
    274.63   999.99   -5.405
    274.93   999.99   -5.402
    275.23   999.99   -5.397
    275.54   999.99   -5.392
    275.84   999.99   -5.388
    276.15   999.99   -5.381
    276.45   999.99   -5.377
    276.76   999.99   -5.372
    277.06   999.99   -5.367
    277.37   999.99   -5.362
    277.67   999.99   -5.355
    277.98   999.99   -5.349
    278.28   999.99   -5.343
    278.59   999.99   -5.337
    278.89   999.99   -5.333
    279.20   999.99   -5.329
    279.50   999.99   -5.323
    279.81   999.99   -5.319
    280.11   999.99   -5.315
    280.42   999.99   -5.310
    280.72   999.99   -5.306
    281.03   999.99   -5.301
    281.33   999.99   -5.296
    281.64   999.99   -5.291
    281.94   999.99   -5.286
    282.25   999.99   -5.280
    282.55   999.99   -5.275
    282.86   999.99   -5.270
    283.16   999.99   -5.265
    283.46   999.99   -5.261
    283.77   999.99   -5.257
    284.07   999.99   -5.251
    284.38   999.99   -5.244
    284.68   999.99   -5.239
    284.99   999.99   -5.233
    285.29   999.99   -5.227
    285.60   999.99   -5.223
    285.90   999.99   -5.217
    286.21   999.99   -5.214
    286.51   999.99   -5.207
    286.82   999.99   -5.201
    287.12   999.99   -5.194
    287.43   999.99   -5.189
    287.73   999.99   -5.184
    288.04   999.99   -5.179
    288.34   999.99   -5.175
    288.65   999.99   -5.169
    288.95   999.99   -5.165
    289.26   999.99   -5.159
    289.56   999.99   -5.154
    289.87   999.99   -5.149
    290.17   999.99   -5.145
    290.48   999.99   -5.140
    290.78   999.99   -5.134
    291.08   999.99   -5.130
    291.39   999.99   -5.124
    291.69   999.99   -5.121
    292.00   999.99   -5.115
    292.30   999.99   -5.109
    292.61   999.99   -5.103
    292.91   999.99   -5.097
    293.22   999.99   -5.092
    293.52   999.99   -5.087
    293.83   999.99   -5.081
    294.13   999.99   -5.075
    294.44   999.99   -5.069
    294.74   999.99   -5.064
    295.05   999.99   -5.058
    295.35   999.99   -5.051
    295.66   999.99   -5.046
    295.96   999.99   -5.040
    296.27   999.99   -5.035
    296.57   999.99   -5.029
    296.88   999.99   -5.022
    297.18   999.99   -5.015
    297.49   999.99   -5.010
    297.79   999.99   -5.005
    298.10   999.99   -4.998
    298.40   999.99   -4.993
    298.70   999.99   -4.987
    299.01   999.99   -4.982
    299.31   999.99   -4.979
    299.62   999.99   -4.972
    299.92   999.99   -4.967
    300.23   999.99   -4.962
    300.53   999.99   -4.957
    300.84   999.99   -4.951
    301.14   999.99   -4.945
    301.45   999.99   -4.938
    301.75   999.99   -4.931
    302.06   999.99   -4.925
    302.36   999.99   -4.919
    302.67   999.99   -4.914
    302.97   999.99   -4.908
    303.28   999.99   -4.901
    303.58   999.99   -4.895
    303.89   999.99   -4.890
    304.19   999.99   -4.884
    304.50   999.99   -4.877
    304.80   999.99   -4.872
    305.11   999.99   -4.867
    305.41   999.99   -4.862
    305.71   999.99   -4.858
    306.02   999.99   -4.853
    306.32   999.99   -4.847
    306.63   999.99   -4.843
    306.93   999.99   -4.838
    307.24   999.99   -4.833
    307.54   999.99   -4.831
    307.85   999.99   -4.827
    308.15   999.99   -4.822
    308.46   999.99   -4.818
    308.76   999.99   -4.812
    309.07   999.99   -4.807
    309.37   999.99   -4.803
    309.68   999.99   -4.798
    309.98   999.99   -4.794
    310.29   999.99   -4.791
    310.59   999.99   -4.788
    310.90   999.99   -4.783
    311.20   999.99   -4.779
    311.51   999.99   -4.775
    311.81   999.99   -4.768
    312.12   999.99   -4.765
    312.42   999.99   -4.761
    312.73   999.99   -4.757
    313.03   999.99   -4.753
    313.33   999.99   -4.750
    313.64   999.99   -4.746
    313.94   999.99   -4.743
    314.25   999.99   -4.739
    314.55   999.99   -4.734
    314.86   999.99   -4.732
    315.16   999.99   -4.728
    315.47   999.99   -4.723
    315.77   999.99   -4.719
    316.08   999.99   -4.714
    316.38   999.99   -4.711
    316.69   999.99   -4.706
    316.99   999.99   -4.701
    317.30   999.99   -4.697
    317.60   999.99   -4.693
    317.91   999.99   -4.689
    318.21   999.99   -4.684
    318.52   999.99   -4.680
    318.82   999.99   -4.677
    319.13   999.99   -4.674
    319.43   999.99   -4.670
    319.74   999.99   -4.666
    320.04   999.99   -4.662
    320.35   999.99   -4.659
    320.65   999.99   -4.654
    320.95   999.99   -4.650
    321.26   999.99   -4.647
    321.56   999.99   -4.643
    321.87   999.99   -4.638
    322.17   999.99   -4.634
    322.48   999.99   -4.630
    322.78   999.99   -4.625
    323.09   999.99   -4.621
    323.39   999.99   -4.616
    323.70   999.99   -4.612
    324.00   999.99   -4.608
    324.31   999.99   -4.604
    324.61   999.99   -4.599
    324.92   999.99   -4.593
    325.22   999.99   -4.589
    325.53   999.99   -4.586
    325.83   999.99   -4.582
    326.14   999.99   -4.578
    326.44   999.99   -4.574
    326.75   999.99   -4.571
    327.05   999.99   -4.566
    327.36   999.99   -4.562
    327.66   999.99   -4.558
    327.97   999.99   -4.554
    328.27   999.99   -4.549
    328.58   999.99   -4.546
    328.88   999.99   -4.542
    329.18   999.99   -4.538
    329.49   999.99   -4.535
    329.79   999.99   -4.532
    330.10   999.99   -4.527
    330.40   999.99   -4.525
    330.71   999.99   -4.520
    331.01   999.99   -4.517
    331.32   999.99   -4.512
    331.62   999.99   -4.508
    331.93   999.99   -4.503
    332.23   999.99   -4.498
    332.54   999.99   -4.491
    332.84   999.99   -4.487
    333.15   999.99   -4.482
    333.45   999.99   -4.478
    333.76   999.99   -4.474
    334.06   999.99   -4.469
    334.37   999.99   -4.465
    334.67   999.99   -4.461
    334.98   999.99   -4.456
    335.28   999.99   -4.450
    335.59   999.99   -4.445
    335.89   999.99   -4.441
    336.20   999.99   -4.436
    336.50   999.99   -4.429
    336.80   999.99   -4.424
    337.11   999.99   -4.419
    337.41   999.99   -4.413
    337.72   999.99   -4.407
    338.02   999.99   -4.402
    338.33   999.99   -4.397
    338.63   999.99   -4.393
    338.94   999.99   -4.388
    339.24   999.99   -4.382
    339.55   999.99   -4.377
    339.85   999.99   -4.373
    340.16   999.99   -4.367
    340.46   999.99   -4.362
    340.77   999.99   -4.357
    341.07   999.99   -4.351
    341.38   999.99   -4.346
    341.68   999.99   -4.339
    341.99   999.99   -4.335
    342.29   999.99   -4.329
    342.60   999.99   -4.325
    342.90   999.99   -4.320
    343.21   999.99   -4.314
    343.51   999.99   -4.309
    343.82   999.99   -4.305
    344.12   999.99   -4.299
    344.42   999.99   -4.295
    344.73   999.99   -4.290
    345.03   999.99   -4.284
    345.34   999.99   -4.280
    345.64   999.99   -4.275
    345.95   999.99   -4.270
    346.25   999.99   -4.266
    346.56   999.99   -4.260
    346.86   999.99   -4.256
    347.17   999.99   -4.251
    347.47   999.99   -4.247
    347.78   999.99   -4.243
    348.08   999.99   -4.237
    348.39   999.99   -4.234
    348.69   999.99   -4.229
    349.00   999.99   -4.223
    349.30   999.99   -4.218
    349.61   999.99   -4.213
    349.91   999.99   -4.208
    350.22   999.99   -4.202
    350.52   999.99   -4.195
    350.83   999.99   -4.190
    351.13   999.99   -4.187
    351.44   999.99   -4.182
    351.74   999.99   -4.176
    352.04   999.99   -4.171
    352.35   999.99   -4.165
    352.65   999.99   -4.160
    352.96   999.99   -4.155
    353.26   999.99   -4.150
    353.57   999.99   -4.143
    353.87   999.99   -4.139
    354.18   999.99   -4.132
    354.48   999.99   -4.129
    354.79   999.99   -4.124
    355.09   999.99   -4.118
    355.40   999.99   -4.112
    355.70   999.99   -4.106
    356.01   999.99   -4.099
    356.31   999.99   -4.094
    356.62   999.99   -4.088
    356.92   999.99   -4.083
    357.23   999.99   -4.077
    357.53   999.99   -4.073
    357.84   999.99   -4.066
    358.14   999.99   -4.060
    358.45   999.99   -4.055
    358.75   999.99   -4.050
    359.06   999.99   -4.042
    359.36   999.99   -4.036
    359.66   999.99   -4.028
    359.97   999.99   -4.023
    360.27   999.99   -4.017
    360.58   999.99   -4.012
    360.88   999.99   -4.007
    361.19   999.99   -3.999
    361.49   999.99   -3.992
    361.80   999.99   -3.988
    362.10   999.99   -3.982
    362.41   999.99   -3.977
    362.71   999.99   -3.972
    363.02   999.99   -3.965
    363.32   999.99   -3.959
    363.63   999.99   -3.953
    363.93   999.99   -3.946
    364.24   999.99   -3.938
    364.54   999.99   -3.931
    364.85   999.99   -3.924
    365.15   999.99   -3.918
    365.46   999.99   -3.913
    365.76   999.99   -3.906
    366.07   999.99   -3.901
    366.37   999.99   -3.894
    366.68   999.99   -3.887
    366.98   999.99   -3.882
    367.28   999.99   -3.876
    367.59   999.99   -3.870
    367.89   999.99   -3.862
    368.20   999.99   -3.853
    368.50   999.99   -3.847
    368.81   999.99   -3.840
    369.11   999.99   -3.835
    369.42   999.99   -3.828
    369.72   999.99   -3.821
    370.03   999.99   -3.816
    370.33   999.99   -3.810
    370.64   999.99   -3.802
    370.94   999.99   -3.796
    371.25   999.99   -3.788
    371.55   999.99   -3.782
    371.86   999.99   -3.775
    372.16   999.99   -3.770
    372.47   999.99   -3.764
    372.77   999.99   -3.757
    373.08   999.99   -3.752
    373.38   999.99   -3.744
    373.69   999.99   -3.738
    373.99   999.99   -3.731
    374.30   999.99   -3.726
    374.60   999.99   -3.720
    374.90   999.99   -3.714
    375.21   999.99   -3.707
    375.51   999.99   -3.702
    375.82   999.99   -3.695
    376.12   999.99   -3.691
    376.43   999.99   -3.687
    376.73   999.99   -3.682
    377.04   999.99   -3.676
    377.34   999.99   -3.671
    377.65   999.99   -3.666
    377.95   999.99   -3.660
    378.26   999.99   -3.655
    378.56   999.99   -3.649
    378.87   999.99   -3.639
    379.17   999.99   -3.634
    379.48   999.99   -3.629
    379.78   999.99   -3.623
    380.09   999.99   -3.617
    380.39   999.99   -3.610
    380.70   999.99   -3.603
    381.00   999.99   -3.596
    381.31   999.99   -3.587
    381.61   999.99   -3.581
    381.92   999.99   -3.575
    382.22   999.99   -3.569
    382.52   999.99   -3.563
    382.83   999.99   -3.557
    383.13   999.99   -3.551
    383.44   999.99   -3.545
    383.74   999.99   -3.542
    384.05   999.99   -3.536
    384.35   999.99   -3.530
    384.66   999.99   -3.524
    384.96   999.99   -3.521
    385.27   999.99   -3.517
    385.57   999.99   -3.512
    385.88   999.99   -3.507
    386.18   999.99   -3.501
    386.49   999.99   -3.495
    386.79   999.99   -3.490
    387.10   999.99   -3.485
    387.40   999.99   -3.479
    387.71   999.99   -3.474
    388.01   999.99   -3.469
    388.32   999.99   -3.464
    388.62   999.99   -3.459
    388.93   999.99   -3.456
    389.23   999.99   -3.450
    389.54   999.99   -3.445
    389.84   999.99   -3.438
    390.14   999.99   -3.432
    390.45   999.99   -3.426
    390.75   999.99   -3.420
    391.06   999.99   -3.412
    391.36   999.99   -3.407
    391.67   999.99   -3.401
    391.97   999.99   -3.396
    392.28   999.99   -3.389
    392.58   999.99   -3.384
    392.89   999.99   -3.378
    393.19   999.99   -3.374
    393.50   999.99   -3.369
    393.80   999.99   -3.363
    394.11   999.99   -3.356
    394.41   999.99   -3.349
    394.72   999.99   -3.344
    395.02   999.99   -3.337
    395.33   999.99   -3.331
    395.63   999.99   -3.324
    395.94   999.99   -3.317
    396.24   999.99   -3.309
    396.55   999.99   -3.305
    396.85   999.99   -3.298
    397.16   999.99   -3.290
    397.46   999.99   -3.282
    397.76   999.99   -3.276
    398.07   999.99   -3.269
    398.37   999.99   -3.262
    398.68   999.99   -3.258
    398.98   999.99   -3.251
    399.29   999.99   -3.245
    399.59   999.99   -3.239
    399.90   999.99   -3.232
    400.20   999.99   -3.228
    400.51   999.99   -3.221
    400.81   999.99   -3.214
    401.12   999.99   -3.205
    401.42   999.99   -3.197
    401.73   999.99   -3.191
    402.03   999.99   -3.183
    402.34   999.99   -3.174
    402.64   999.99   -3.169
    402.95   999.99   -3.164
    403.25   999.99   -3.157
    403.56   999.99   -3.150
    403.86   999.99   -3.145
    404.17   999.99   -3.139
    404.47   999.99   -3.133
    404.78   999.99   -3.126
    405.08   999.99   -3.118
    405.38   999.99   -3.111
    405.69   999.99   -3.106
    405.99   999.99   -3.099
    406.30   999.99   -3.092
    406.60   999.99   -3.086
    406.91   999.99   -3.078
    407.21   999.99   -3.072
    407.52   999.99   -3.064
    407.82   999.99   -3.057
    408.13   999.99   -3.048
    408.43   999.99   -3.041
    408.74   999.99   -3.033
    409.04   999.99   -3.025
    409.35   999.99   -3.016
    409.65   999.99   -3.006
    409.96   999.99   -2.995
    410.26   999.99   -2.988
    410.57   999.99   -2.981
    410.87   999.99   -2.974
    411.18   999.99   -2.968
    411.48   999.99   -2.960
    411.79   999.99   -2.952
    412.09   999.99   -2.943
    412.40   999.99   -2.937
    412.70   999.99   -2.926
    413.00   999.99   -2.917
    413.31   999.99   -2.909
    413.61   999.99   -2.904
    413.92   999.99   -2.897
    414.22   999.99   -2.887
    414.53   999.99   -2.879
    414.83   999.99   -2.872
    415.14   999.99   -2.864
    415.44   999.99   -2.860
    415.75   999.99   -2.854
    416.05   999.99   -2.845
    416.36   999.99   -2.838
    416.66   999.99   -2.830
    416.97   999.99   -2.819
    417.27   999.99   -2.812
    417.58   999.99   -2.804
    417.88   999.99   -2.798
    418.19   999.99   -2.794
    418.49   999.99   -2.787
    418.80   999.99   -2.776
    419.10   999.99   -2.770
    419.41   999.99   -2.764
    419.71   999.99   -2.754
    420.02   999.99   -2.743
    420.32   999.99   -2.735
    420.62   999.99   -2.725
    420.93   999.99   -2.716
    421.23   999.99   -2.705
    421.54   999.99   -2.695
    421.84   999.99   -2.687
    422.15   999.99   -2.677
    422.45   999.99   -2.671
    422.76   999.99   -2.662
    423.06   999.99   -2.654
    423.37   999.99   -2.642
    423.67   999.99   -2.628
    423.98   999.99   -2.616
    424.28   999.99   -2.604
    424.59   999.99   -2.596
    424.89   999.99   -2.583
    425.20   999.99   -2.571
    425.50   999.99   -2.561
    425.81   999.99   -2.550
    426.11   999.99   -2.538
    426.42   999.99   -2.526
    426.72   999.99   -2.509
    427.03   999.99   -2.496
    427.33   999.99   -2.484
    427.64   999.99   -2.473
    427.94   999.99   -2.462
    428.24   999.99   -2.451
    428.55   999.99   -2.439
    428.85   999.99   -2.426
    429.16   999.99   -2.413
    429.46   999.99   -2.403
    429.77   999.99   -2.392
    430.07   999.99   -2.380
    430.38   999.99   -2.365
    430.68   999.99   -2.355
    430.99   999.99   -2.343
    431.29   999.99   -2.329
    431.60   999.99   -2.317
    431.90   999.99   -2.306
    432.21   999.99   -2.295
    432.51   999.99   -2.286
    432.82   999.99   -2.278
    433.12   999.99   -2.269
    433.43   999.99   -2.261
    433.73   999.99   -2.254
    434.04   999.99   -2.246
    434.34   999.99   -2.239
    434.65   999.99   -2.232
    434.95   999.99   -2.223
    435.26   999.99   -2.216
    435.56   999.99   -2.211
    435.86   999.99   -2.203
    436.17   999.99   -2.195
    436.47   999.99   -2.186
    436.78   999.99   -2.177
    437.08   999.99   -2.171
    437.39   999.99   -2.167
    437.69   999.99   -2.150
    438.00   999.99   -2.136
    438.30   999.99   -2.118
    438.61   999.99   -2.101
    438.91   999.99   -2.091
    439.22   999.99   -2.085
    439.52   999.99   -2.078
    439.83   999.99   -2.075
    440.13   999.99   -2.070
    440.44   999.99   -2.063
    440.74   999.99   -2.058
    441.05   999.99   -2.050
    441.35   999.99   -2.046
    441.66   999.99   -2.039
    441.96   999.99   -2.035
    442.27   999.99   -2.028
    442.57   999.99   -2.022
    442.88   999.99   -2.016
    443.18   999.99   -2.011
    443.48   999.99   -2.006
    443.79   999.99   -2.000
    444.09   999.99   -1.995
    444.40   999.99   -1.991
    444.70   999.99   -1.987
    445.01   999.99   -1.982
    445.31   999.99   -1.977
    445.62   999.99   -1.975
    445.92   999.99   -1.971
    446.23   999.99   -1.967
    446.53   999.99   -1.962
    446.84   999.99   -1.958
    447.14   999.99   -1.957
    447.45   999.99   -1.953
    447.75   999.99   -1.958
    448.06   999.99   -1.982
    448.36   999.99   -1.983
    448.67   999.99   -1.961
    448.97   999.99   -1.928
    449.28   999.99   -1.906
    449.58   999.99   -1.888
    449.89   999.99   -1.875
    450.19   999.99   -1.863
    450.50   999.99   -1.853
    450.80   999.99   -1.842
    451.10   999.99   -1.834
    451.41   999.99   -1.827
    451.71   999.99   -1.818
    452.02   999.99   -1.810
    452.32   999.99   -1.800
    452.63   999.99   -1.790
    452.93   999.99   -1.783
    453.24   999.99   -1.779
    453.54   999.99   -1.772
    453.85   999.99   -1.768
    454.15   999.99   -1.763
    454.46   999.99   -1.759
    454.76   999.99   -1.753
    455.07   999.99   -1.746
    455.37   999.99   -1.741
    455.68   999.99   -1.735
    455.98   999.99   -1.730
    456.29   999.99   -1.727
    456.59   999.99   -1.721
    456.90   999.99   -1.719
    457.20   999.99   -1.717
    457.51   999.99   -1.714
    457.81   999.99   -1.714
    458.12   999.99   -1.704
    458.42   999.99   -1.694
    458.72   999.99   -1.687
    459.03   999.99   -1.680
    459.33   999.99   -1.672
    459.64   999.99   -1.665
    459.94   999.99   -1.658
    460.25   999.99   -1.652
    460.55   999.99   -1.648
    460.86   999.99   -1.644
    461.16   999.99   -1.640
    461.47   999.99   -1.634
    461.77   999.99   -1.630
    462.08   999.99   -1.626
    462.38   999.99   -1.622
    462.69   999.99   -1.618
    462.99   999.99   -1.616
    463.30   999.99   -1.612
    463.60   999.99   -1.608
    463.91   999.99   -1.605
    464.21   999.99   -1.603
    464.52   999.99   -1.601
    464.82   999.99   -1.598
    465.13   999.99   -1.596
    465.43   999.99   -1.593
    465.74   999.99   -1.590
    466.04   999.99   -1.586
    466.34   999.99   -1.584
    466.65   999.99   -1.580
    466.95   999.99   -1.576
    467.26   999.99   -1.569
    467.56   999.99   -1.566
    467.87   999.99   -1.564
    468.17   999.99   -1.561
    468.48   999.99   -1.559
    468.78   999.99   -1.557
    469.09   999.99   -1.555
    469.39   999.99   -1.553
    469.70   999.99   -1.552
    470.00   999.99   -1.551
    470.31   999.99   -1.555
    470.61   999.99   -1.560
    470.92   999.99   -1.549
    471.22   999.99   -1.535
    471.53   999.99   -1.526
    471.83   999.99   -1.519
    472.14   999.99   -1.511
    472.44   999.99   -1.503
    472.75   999.99   -1.496
    473.05   999.99   -1.487
    473.36   999.99   -1.481
    473.66   999.99   -1.476
    473.96   999.99   -1.472
    474.27   999.99   -1.467
    474.57   999.99   -1.461
    474.88   999.99   -1.457
    475.18   999.99   -1.454
    475.49   999.99   -1.449
    475.79   999.99   -1.446
    476.10   999.99   -1.442
    476.40   999.99   -1.438
    476.71   999.99   -1.439
